2017-12-14 11:07:49,771: control.pubsub.sub.0000: update.0                        : MainThread     : INFO    : python.interpreter   version: 2.7.12 (default, Nov 20 2017, 18:23:56) [GCC 5.4.0 20160609]
2017-12-14 11:07:49,771: control.pubsub.sub.0000: update.0                        : MainThread     : INFO    :                      pid: 10991
2017-12-14 11:07:49,772: control.pubsub.sub.0000: update.0                        : MainThread     : INFO    :                      tid: MainThread
2017-12-14 11:07:49,772: control.pubsub.sub.0000: update.0                        : MainThread     : INFO    : radical.pilot        version: 0.47.1
2017-12-14 11:07:49,772: control.pubsub.sub.0000: update.0                        : MainThread     : INFO    : create control_pubsub - sub - tcp://172.30.238.6:37625
2017-12-14 11:07:49,772: control.pubsub.sub.0000: update.0                        : MainThread     : DEBUG   : start process
2017-12-14 11:07:49,773: control.pubsub.sub.0000: update.0                        : MainThread     : DEBUG   : ru_initialize_common (NOOP)
2017-12-14 11:07:49,773: control.pubsub.sub.0000: update.0                        : MainThread     : DEBUG   : ru_initialize_parent (NOOP)
2017-12-14 11:07:49,773: control.pubsub.sub.0000: update.0                        : MainThread     : DEBUG   : process class started (no child)
2017-12-14 11:07:53,297: control.pubsub.sub.0000: pmgr.0000.launching.0           : MainThread     : INFO    : python.interpreter   version: 2.7.12 (default, Nov 20 2017, 18:23:56) [GCC 5.4.0 20160609]
2017-12-14 11:07:53,298: control.pubsub.sub.0000: pmgr.0000.launching.0           : MainThread     : INFO    :                      pid: 11075
2017-12-14 11:07:53,298: control.pubsub.sub.0000: pmgr.0000.launching.0           : MainThread     : INFO    :                      tid: MainThread
2017-12-14 11:07:53,298: control.pubsub.sub.0000: pmgr.0000.launching.0           : MainThread     : INFO    : radical.pilot        version: 0.47.1
2017-12-14 11:07:53,298: control.pubsub.sub.0000: pmgr.0000.launching.0           : MainThread     : INFO    : create control_pubsub - sub - tcp://172.30.238.6:37625
2017-12-14 11:07:53,321: control.pubsub.sub.0000: pmgr.0000.launching.0           : MainThread     : DEBUG   : start process
2017-12-14 11:07:53,321: control.pubsub.sub.0000: pmgr.0000.launching.0           : MainThread     : DEBUG   : ru_initialize_common (NOOP)
2017-12-14 11:07:53,322: control.pubsub.sub.0000: pmgr.0000.launching.0           : MainThread     : DEBUG   : ru_initialize_parent (NOOP)
2017-12-14 11:07:53,322: control.pubsub.sub.0000: pmgr.0000.launching.0           : MainThread     : DEBUG   : process class started (no child)
2017-12-14 11:07:53,375: control.pubsub.sub.0000: MainProcess                     : MainThread     : INFO    : python.interpreter   version: 2.7.12 (default, Nov 20 2017, 18:23:56) [GCC 5.4.0 20160609]
2017-12-14 11:07:53,376: control.pubsub.sub.0000: MainProcess                     : MainThread     : INFO    :                      pid: 10874
2017-12-14 11:07:53,376: control.pubsub.sub.0000: MainProcess                     : MainThread     : INFO    :                      tid: MainThread
2017-12-14 11:07:53,376: control.pubsub.sub.0000: MainProcess                     : MainThread     : INFO    : radical.pilot        version: 0.47.1
2017-12-14 11:07:53,376: control.pubsub.sub.0000: MainProcess                     : MainThread     : INFO    : create control_pubsub - sub - tcp://172.30.238.6:37625
2017-12-14 11:07:53,376: control.pubsub.sub.0000: MainProcess                     : MainThread     : DEBUG   : start process
2017-12-14 11:07:53,377: control.pubsub.sub.0000: MainProcess                     : MainThread     : DEBUG   : ru_initialize_common (NOOP)
2017-12-14 11:07:53,377: control.pubsub.sub.0000: MainProcess                     : MainThread     : DEBUG   : ru_initialize_parent (NOOP)
2017-12-14 11:07:53,377: control.pubsub.sub.0000: MainProcess                     : MainThread     : DEBUG   : process class started (no child)
2017-12-14 11:12:58,308: control.pubsub.sub.0000: MainProcess                     : MainThread     : INFO    : parent stops child  10874 -> None [control.pubsub.sub.0000]
2017-12-14 11:12:58,309: control.pubsub.sub.0000: MainProcess                     : MainThread     : DEBUG   : ru_finalize_parent (NOOP)
2017-12-14 11:12:58,604: control.pubsub.sub.0000: update.0                        : MainThread     : INFO    : parent stops child  10991 -> None [control.pubsub.sub.0000]
2017-12-14 11:12:58,604: control.pubsub.sub.0000: update.0                        : MainThread     : DEBUG   : ru_finalize_parent (NOOP)
