2017-12-14 11:07:49,749: log.pubsub.pub.0000 : update.0                        : MainThread     : INFO    : python.interpreter   version: 2.7.12 (default, Nov 20 2017, 18:23:56) [GCC 5.4.0 20160609]
2017-12-14 11:07:49,750: log.pubsub.pub.0000 : update.0                        : MainThread     : INFO    :                      pid: 10991
2017-12-14 11:07:49,750: log.pubsub.pub.0000 : update.0                        : MainThread     : INFO    :                      tid: MainThread
2017-12-14 11:07:49,750: log.pubsub.pub.0000 : update.0                        : MainThread     : INFO    : radical.pilot        version: 0.47.1
2017-12-14 11:07:49,750: log.pubsub.pub.0000 : update.0                        : MainThread     : INFO    : create log_pubsub - pub - tcp://172.30.238.6:46636
2017-12-14 11:07:49,751: log.pubsub.pub.0000 : update.0                        : MainThread     : DEBUG   : start process
2017-12-14 11:07:49,751: log.pubsub.pub.0000 : update.0                        : MainThread     : DEBUG   : ru_initialize_common (NOOP)
2017-12-14 11:07:49,752: log.pubsub.pub.0000 : update.0                        : MainThread     : DEBUG   : ru_initialize_parent (NOOP)
2017-12-14 11:07:49,752: log.pubsub.pub.0000 : update.0                        : MainThread     : DEBUG   : process class started (no child)
2017-12-14 11:07:50,103: log.pubsub.pub.0000 : MainProcess                     : MainThread     : INFO    : python.interpreter   version: 2.7.12 (default, Nov 20 2017, 18:23:56) [GCC 5.4.0 20160609]
2017-12-14 11:07:50,103: log.pubsub.pub.0000 : MainProcess                     : MainThread     : INFO    :                      pid: 10874
2017-12-14 11:07:50,104: log.pubsub.pub.0000 : MainProcess                     : MainThread     : INFO    :                      tid: MainThread
2017-12-14 11:07:50,104: log.pubsub.pub.0000 : MainProcess                     : MainThread     : INFO    : radical.pilot        version: 0.47.1
2017-12-14 11:07:50,104: log.pubsub.pub.0000 : MainProcess                     : MainThread     : INFO    : create log_pubsub - pub - tcp://172.30.238.6:46636
2017-12-14 11:07:50,106: log.pubsub.pub.0000 : MainProcess                     : MainThread     : DEBUG   : start process
2017-12-14 11:07:50,106: log.pubsub.pub.0000 : MainProcess                     : MainThread     : DEBUG   : ru_initialize_common (NOOP)
2017-12-14 11:07:50,106: log.pubsub.pub.0000 : MainProcess                     : MainThread     : DEBUG   : ru_initialize_parent (NOOP)
2017-12-14 11:07:50,107: log.pubsub.pub.0000 : MainProcess                     : MainThread     : DEBUG   : process class started (no child)
2017-12-14 11:12:58,327: log.pubsub.pub.0000 : MainProcess                     : MainThread     : INFO    : parent stops child  10874 -> None [log.pubsub.pub.0000]
2017-12-14 11:12:58,327: log.pubsub.pub.0000 : MainProcess                     : MainThread     : DEBUG   : ru_finalize_parent (NOOP)
2017-12-14 11:12:58,590: log.pubsub.pub.0000 : update.0                        : MainThread     : INFO    : parent stops child  10991 -> None [log.pubsub.pub.0000]
2017-12-14 11:12:58,590: log.pubsub.pub.0000 : update.0                        : MainThread     : DEBUG   : ru_finalize_parent (NOOP)
