2017-12-14 11:07:48,702: update.0.child      : update.0                        : MainThread     : INFO    : python.interpreter   version: 2.7.12 (default, Nov 20 2017, 18:23:56) [GCC 5.4.0 20160609]
2017-12-14 11:07:48,703: update.0.child      : update.0                        : MainThread     : INFO    :                      pid: 10991
2017-12-14 11:07:48,703: update.0.child      : update.0                        : MainThread     : INFO    :                      tid: MainThread
2017-12-14 11:07:48,704: update.0.child      : update.0                        : MainThread     : INFO    : radical.pilot        version: 0.47.1
2017-12-14 11:07:49,744: update.0.child      : update.0                        : MainThread     : INFO    : initialize update.0.child
2017-12-14 11:07:49,747: update.0.child      : update.0                        : MainThread     : INFO    : cfg: {'agents': {},
 u'bridges': {u'control_pubsub': {'addr_in': 'tcp://172.30.238.6:32907',
                                  'addr_out': 'tcp://172.30.238.6:37625',
                                  u'bulk_size': 0,
                                  u'log_level': u'debug',
                                  u'stall_hwm': 1},
              u'log_pubsub': {'addr_in': 'tcp://172.30.238.6:46636',
                              'addr_out': 'tcp://172.30.238.6:38799',
                              u'bulk_size': 0,
                              u'log_level': u'debug',
                              u'stall_hwm': 1},
              u'state_pubsub': {'addr_in': 'tcp://172.30.238.6:40071',
                                'addr_out': 'tcp://172.30.238.6:39027',
                                u'bulk_size': 0,
                                u'log_level': u'debug',
                                u'stall_hwm': 1}},
 'cname': u'UpdateWorker',
 u'components': {},
 u'count': 1,
 'dburl': 'mongodb://entk:entk@ds141406.mlab.com:41406/adap-task-count',
 'debug': 'DEBUG',
 u'default_dburl': u'mongodb://rp:rp@ds015335.mlab.com:15335/rp',
 'logdir': '/home/vivek91/repos/adaptive-bms-experiments/task-count-adap/bin/rp.session.js-17-212.jetstream-cloud.org.vivek91.017514.0294',
 'number': 0,
 'owner': 'rp.session.js-17-212.jetstream-cloud.org.vivek91.017514.0294',
 'session_id': 'rp.session.js-17-212.jetstream-cloud.org.vivek91.017514.0294'}
2017-12-14 11:07:49,748: update.0.child      : update.0                        : MainThread     : DEBUG   : start components: {}
2017-12-14 11:07:49,748: update.0.child      : update.0                        : MainThread     : DEBUG   : alive check in term
2017-12-14 11:07:49,748: update.0.child      : update.0                        : MainThread     : DEBUG   : START: update.0.child register publisher log_pubsub
2017-12-14 11:07:49,748: update.0.child      : update.0                        : MainThread     : DEBUG   : using addr tcp://172.30.238.6:46636 for pubsub log_pubsub
2017-12-14 11:07:49,752: update.0.child      : update.0                        : MainThread     : DEBUG   : registered publisher : log_pubsub : log.pubsub.pub.0000
2017-12-14 11:07:49,752: update.0.child      : update.0                        : MainThread     : DEBUG   : alive check in term
2017-12-14 11:07:49,752: update.0.child      : update.0                        : MainThread     : DEBUG   : START: update.0.child register publisher state_pubsub
2017-12-14 11:07:49,752: update.0.child      : update.0                        : MainThread     : DEBUG   : using addr tcp://172.30.238.6:40071 for pubsub state_pubsub
2017-12-14 11:07:49,755: update.0.child      : update.0                        : MainThread     : DEBUG   : registered publisher : state_pubsub : state.pubsub.pub.0000
2017-12-14 11:07:49,755: update.0.child      : update.0                        : MainThread     : DEBUG   : alive check in term
2017-12-14 11:07:49,755: update.0.child      : update.0                        : MainThread     : DEBUG   : START: update.0.child register publisher control_pubsub
2017-12-14 11:07:49,755: update.0.child      : update.0                        : MainThread     : DEBUG   : using addr tcp://172.30.238.6:32907 for pubsub control_pubsub
2017-12-14 11:07:49,770: update.0.child      : update.0                        : MainThread     : DEBUG   : registered publisher : control_pubsub : control.pubsub.pub.0000
2017-12-14 11:07:49,770: update.0.child      : update.0                        : MainThread     : DEBUG   : alive check in term
2017-12-14 11:07:49,770: update.0.child      : update.0                        : MainThread     : DEBUG   : START: update.0.child register subscriber update.0.child.subscriber._cancel_monitor_cb
2017-12-14 11:07:49,770: update.0.child      : update.0                        : MainThread     : DEBUG   : using addr tcp://172.30.238.6:37625 for pubsub control_pubsub
2017-12-14 11:07:49,773: update.0.child      : update.0                        : MainThread     : DEBUG   : parent name: update.0.child.subscriber._cancel_monitor_cb
2017-12-14 11:07:49,774: update.0.child      : update.0                        : MainThread     : DEBUG   : start thread
2017-12-14 11:07:49,774: update.0.child      : update.0                        : update.0.child.subscriber._cancel_monitor_cb: DEBUG   : child name: update.0.child.subscriber._cancel_monitor_cb.thread
2017-12-14 11:07:49,774: update.0.child      : update.0                        : update.0.child.subscriber._cancel_monitor_cb: INFO    : child (me) initializing
2017-12-14 11:07:49,775: update.0.child      : update.0                        : update.0.child.subscriber._cancel_monitor_cb: DEBUG   : ru_initialize_common (NOOP)
2017-12-14 11:07:49,775: update.0.child      : update.0                        : update.0.child.subscriber._cancel_monitor_cb: DEBUG   : ru_initialize_child (NOOP)
2017-12-14 11:07:49,775: update.0.child      : update.0                        : update.0.child.subscriber._cancel_monitor_cb: INFO    : send alive
2017-12-14 11:07:49,775: update.0.child      : update.0                        : update.0.child.subscriber._cancel_monitor_cb: INFO    : put message: [update.0.child.subscriber._cancel_monitor_cb.thread] alive
2017-12-14 11:07:49,776: update.0.child      : update.0                        : MainThread     : INFO    : get msg: alive
2017-12-14 11:07:49,776: update.0.child      : update.0                        : MainThread     : DEBUG   : ru_initialize_common (NOOP)
2017-12-14 11:07:49,776: update.0.child      : update.0                        : MainThread     : DEBUG   : ru_initialize_parent (NOOP)
2017-12-14 11:07:49,776: update.0.child      : update.0                        : MainThread     : DEBUG   : child thread update.0.child.subscriber._cancel_monitor_cb started
2017-12-14 11:07:49,776: update.0.child      : update.0                        : MainThread     : DEBUG   : update.0.child registered control_pubsub subscriber update.0.child.subscriber._cancel_monitor_cb
2017-12-14 11:07:50,085: update.0.child      : update.0                        : MainThread     : DEBUG   : alive check in term
2017-12-14 11:07:50,085: update.0.child      : update.0                        : MainThread     : DEBUG   : START: update.0.child register subscriber update.0.child.subscriber._state_cb
2017-12-14 11:07:50,085: update.0.child      : update.0                        : MainThread     : DEBUG   : using addr tcp://172.30.238.6:39027 for pubsub state_pubsub
2017-12-14 11:07:50,089: update.0.child      : update.0                        : MainThread     : DEBUG   : parent name: update.0.child.subscriber._state_cb
2017-12-14 11:07:50,089: update.0.child      : update.0                        : MainThread     : DEBUG   : start thread
2017-12-14 11:07:50,089: update.0.child      : update.0                        : update.0.child.subscriber._state_cb: DEBUG   : child name: update.0.child.subscriber._state_cb.thread
2017-12-14 11:07:50,090: update.0.child      : update.0                        : update.0.child.subscriber._state_cb: INFO    : child (me) initializing
2017-12-14 11:07:50,090: update.0.child      : update.0                        : update.0.child.subscriber._state_cb: DEBUG   : ru_initialize_common (NOOP)
2017-12-14 11:07:50,090: update.0.child      : update.0                        : update.0.child.subscriber._state_cb: DEBUG   : ru_initialize_child (NOOP)
2017-12-14 11:07:50,090: update.0.child      : update.0                        : update.0.child.subscriber._state_cb: INFO    : send alive
2017-12-14 11:07:50,090: update.0.child      : update.0                        : update.0.child.subscriber._state_cb: INFO    : put message: [update.0.child.subscriber._state_cb.thread] alive
2017-12-14 11:07:50,091: update.0.child      : update.0                        : MainThread     : INFO    : get msg: alive
2017-12-14 11:07:50,091: update.0.child      : update.0                        : MainThread     : DEBUG   : ru_initialize_common (NOOP)
2017-12-14 11:07:50,091: update.0.child      : update.0                        : MainThread     : DEBUG   : ru_initialize_parent (NOOP)
2017-12-14 11:07:50,092: update.0.child      : update.0                        : MainThread     : DEBUG   : child thread update.0.child.subscriber._state_cb started
2017-12-14 11:07:50,092: update.0.child      : update.0                        : MainThread     : DEBUG   : update.0.child registered state_pubsub subscriber update.0.child.subscriber._state_cb
2017-12-14 11:07:50,092: update.0.child      : update.0                        : MainThread     : DEBUG   : alive check in term
2017-12-14 11:07:50,092: update.0.child      : update.0                        : MainThread     : DEBUG   : START: update.0.child register idler update.0.child.idler._idle_cb
2017-12-14 11:07:50,092: update.0.child      : update.0                        : MainThread     : DEBUG   : parent name: update.0.child.idler._idle_cb
2017-12-14 11:07:50,092: update.0.child      : update.0                        : MainThread     : DEBUG   : start thread
2017-12-14 11:07:50,093: update.0.child      : update.0                        : update.0.child.idler._idle_cb: DEBUG   : child name: update.0.child.idler._idle_cb.thread
2017-12-14 11:07:50,093: update.0.child      : update.0                        : update.0.child.idler._idle_cb: INFO    : child (me) initializing
2017-12-14 11:07:50,093: update.0.child      : update.0                        : update.0.child.idler._idle_cb: DEBUG   : ru_initialize_common (NOOP)
2017-12-14 11:07:50,093: update.0.child      : update.0                        : update.0.child.idler._idle_cb: DEBUG   : ru_initialize_child (NOOP)
2017-12-14 11:07:50,093: update.0.child      : update.0                        : update.0.child.idler._idle_cb: INFO    : send alive
2017-12-14 11:07:50,093: update.0.child      : update.0                        : update.0.child.idler._idle_cb: INFO    : put message: [update.0.child.idler._idle_cb.thread] alive
2017-12-14 11:07:50,094: update.0.child      : update.0                        : MainThread     : INFO    : get msg: alive
2017-12-14 11:07:50,094: update.0.child      : update.0                        : MainThread     : DEBUG   : ru_initialize_common (NOOP)
2017-12-14 11:07:50,094: update.0.child      : update.0                        : MainThread     : DEBUG   : ru_initialize_parent (NOOP)
2017-12-14 11:07:50,094: update.0.child      : update.0                        : MainThread     : DEBUG   : child thread update.0.child.idler._idle_cb started
2017-12-14 11:07:50,095: update.0.child      : update.0                        : MainThread     : DEBUG   : update.0.child registered idler update.0.child.idler._idle_cb
2017-12-14 11:07:50,095: update.0.child      : update.0                        : MainThread     : INFO    : child (me) initializing
2017-12-14 11:07:50,095: update.0.child      : update.0                        : MainThread     : DEBUG   : parent name: update.0.child.watch
2017-12-14 11:07:50,096: update.0.child      : update.0                        : MainThread     : DEBUG   : start thread
2017-12-14 11:07:50,096: update.0.child      : update.0                        : update.0.child.watch: DEBUG   : child name: update.0.child.watch.thread
2017-12-14 11:07:50,096: update.0.child      : update.0                        : update.0.child.watch: INFO    : child (me) initializing
2017-12-14 11:07:50,096: update.0.child      : update.0                        : update.0.child.watch: DEBUG   : ru_initialize_common (NOOP)
2017-12-14 11:07:50,097: update.0.child      : update.0                        : update.0.child.watch: DEBUG   : ru_initialize_child (NOOP)
2017-12-14 11:07:50,097: update.0.child      : update.0                        : update.0.child.watch: INFO    : send alive
2017-12-14 11:07:50,097: update.0.child      : update.0                        : update.0.child.watch: INFO    : put message: [update.0.child.watch.thread] alive
2017-12-14 11:07:50,097: update.0.child      : update.0                        : MainThread     : INFO    : get msg: alive
2017-12-14 11:07:50,098: update.0.child      : update.0                        : MainThread     : DEBUG   : ru_initialize_common (NOOP)
2017-12-14 11:07:50,098: update.0.child      : update.0                        : MainThread     : DEBUG   : ru_initialize_parent (NOOP)
2017-12-14 11:07:50,098: update.0.child      : update.0                        : MainThread     : DEBUG   : child thread update.0.child.watch started
2017-12-14 11:07:50,098: update.0.child      : update.0                        : MainThread     : INFO    : child (me) is alive
2017-12-14 11:07:50,098: update.0.child      : update.0                        : MainThread     : INFO    : send alive
2017-12-14 11:07:50,098: update.0.child      : update.0                        : MainThread     : INFO    : send message: [update.0.child] alive
2017-12-14 11:08:02,904: update.0.child      : update.0                        : update.0.child.subscriber._state_cb: DEBUG   : bulk update result: {'nModified': 1, 'nUpserted': 0, 'nMatched': 1, 'writeErrors': [], 'upserted': [], 'writeConcernErrors': [], 'nRemoved': 0, 'nInserted': 0}
2017-12-14 11:08:02,904: update.0.child      : update.0                        : update.0.child.subscriber._cancel_monitor_cb: DEBUG   : command ignored: pilot_staging_input_request
2017-12-14 11:08:04,174: update.0.child      : update.0                        : update.0.child.idler._idle_cb: DEBUG   : bulk update result: {'nModified': 1, 'nUpserted': 0, 'nMatched': 1, 'writeErrors': [], 'upserted': [], 'writeConcernErrors': [], 'nRemoved': 0, 'nInserted': 0}
2017-12-14 11:08:22,023: update.0.child      : update.0                        : update.0.child.subscriber._state_cb: DEBUG   : bulk update result: {'nModified': 1, 'nUpserted': 0, 'nMatched': 1, 'writeErrors': [], 'upserted': [], 'writeConcernErrors': [], 'nRemoved': 0, 'nInserted': 0}
2017-12-14 11:08:22,024: update.0.child      : update.0                        : update.0.child.subscriber._cancel_monitor_cb: DEBUG   : command ignored: pilot_staging_input_result
2017-12-14 11:09:06,667: update.0.child      : update.0                        : update.0.child.subscriber._state_cb: DEBUG   : bulk update result: {'nModified': 1, 'nUpserted': 0, 'nMatched': 1, 'writeErrors': [], 'upserted': [], 'writeConcernErrors': [], 'nRemoved': 0, 'nInserted': 0}
2017-12-14 11:09:17,603: update.0.child      : update.0                        : update.0.child.subscriber._cancel_monitor_cb: DEBUG   : command ignored: add_pilots
2017-12-14 11:09:17,722: update.0.child      : update.0                        : update.0.child.subscriber._state_cb: DEBUG   : bulk update result: {'nModified': 1, 'nUpserted': 0, 'nMatched': 1, 'writeErrors': [], 'upserted': [], 'writeConcernErrors': [], 'nRemoved': 0, 'nInserted': 0}
2017-12-14 11:09:18,831: update.0.child      : update.0                        : update.0.child.idler._idle_cb: DEBUG   : bulk update result: {'nModified': 4, 'nUpserted': 0, 'nMatched': 4, 'writeErrors': [], 'upserted': [], 'writeConcernErrors': [], 'nRemoved': 0, 'nInserted': 0}
2017-12-14 11:10:23,646: update.0.child      : update.0                        : update.0.child.subscriber._state_cb: DEBUG   : bulk update result: {'nModified': 1, 'nUpserted': 0, 'nMatched': 1, 'writeErrors': [], 'upserted': [], 'writeConcernErrors': [], 'nRemoved': 0, 'nInserted': 0}
2017-12-14 11:10:25,185: update.0.child      : update.0                        : update.0.child.idler._idle_cb: DEBUG   : bulk update result: {'nModified': 7, 'nUpserted': 0, 'nMatched': 7, 'writeErrors': [], 'upserted': [], 'writeConcernErrors': [], 'nRemoved': 0, 'nInserted': 0}
2017-12-14 11:11:28,868: update.0.child      : update.0                        : update.0.child.subscriber._state_cb: DEBUG   : bulk update result: {'nModified': 1, 'nUpserted': 0, 'nMatched': 1, 'writeErrors': [], 'upserted': [], 'writeConcernErrors': [], 'nRemoved': 0, 'nInserted': 0}
2017-12-14 11:11:30,317: update.0.child      : update.0                        : update.0.child.idler._idle_cb: DEBUG   : bulk update result: {'nModified': 7, 'nUpserted': 0, 'nMatched': 7, 'writeErrors': [], 'upserted': [], 'writeConcernErrors': [], 'nRemoved': 0, 'nInserted': 0}
2017-12-14 11:12:34,189: update.0.child      : update.0                        : update.0.child.subscriber._state_cb: DEBUG   : bulk update result: {'nModified': 1, 'nUpserted': 0, 'nMatched': 1, 'writeErrors': [], 'upserted': [], 'writeConcernErrors': [], 'nRemoved': 0, 'nInserted': 0}
2017-12-14 11:12:35,530: update.0.child      : update.0                        : update.0.child.idler._idle_cb: DEBUG   : bulk update result: {'nModified': 2, 'nUpserted': 0, 'nMatched': 2, 'writeErrors': [], 'upserted': [], 'writeConcernErrors': [], 'nRemoved': 0, 'nInserted': 0}
2017-12-14 11:12:50,285: update.0.child      : update.0                        : update.0.child.subscriber._cancel_monitor_cb: DEBUG   : command ignored: cancel_pilots
2017-12-14 11:12:55,928: update.0.child      : update.0                        : update.0.child.subscriber._state_cb: DEBUG   : bulk update result: {'nModified': 1, 'nUpserted': 0, 'nMatched': 1, 'writeErrors': [], 'upserted': [], 'writeConcernErrors': [], 'nRemoved': 0, 'nInserted': 0}
2017-12-14 11:12:55,928: update.0.child      : update.0                        : update.0.child.subscriber._cancel_monitor_cb: DEBUG   : command ignored: cancel_pilots
2017-12-14 11:12:58,403: update.0.child      : update.0                        : update.0.child.watch: INFO    : recv message: STOP
2017-12-14 11:12:58,404: update.0.child      : update.0                        : update.0.child.watch: INFO    : message received: STOP
2017-12-14 11:12:58,404: update.0.child      : update.0                        : update.0.child.watch: INFO    : STOP received: STOP
2017-12-14 11:12:58,404: update.0.child      : update.0                        : update.0.child.watch: INFO    : watcher closes
2017-12-14 11:12:58,404: update.0.child      : update.0                        : update.0.child.watch: INFO    : put message: [update.0.child.watch.thread] work finished
2017-12-14 11:12:58,404: update.0.child      : update.0                        : update.0.child.watch: DEBUG   : ru_finalize_child (NOOP)
2017-12-14 11:12:58,404: update.0.child      : update.0                        : update.0.child.watch: DEBUG   : ru_finalize_common (NOOP)
2017-12-14 11:12:58,404: update.0.child      : update.0                        : update.0.child.watch: INFO    : put message: [update.0.child.watch.thread] terminating
2017-12-14 11:12:58,504: update.0.child      : update.0                        : MainThread     : WARNING : alive check: proc invalid - stop [False - True]
2017-12-14 11:12:58,564: update.0.child      : update.0                        : MainThread     : INFO    : stop update.0.child (10991 : 10991 : MainThread) [radical.pilot.worker.update.Update.stop]
2017-12-14 11:12:58,573: update.0.child      : update.0                        : MainThread     : INFO    : parent stops child  10991 -> 10991 [update.0.child]
2017-12-14 11:12:58,573: update.0.child      : update.0                        : MainThread     : INFO    : send message: [update.0.child] STOP
2017-12-14 11:12:58,574: update.0.child      : update.0                        : MainThread     : WARNING : send failed ([Errno 9] Bad file descriptor) - terminate
2017-12-14 11:12:58,574: update.0.child      : update.0                        : MainThread     : DEBUG   : TERM : update.0.child unregister idler update.0.child.idler._idle_cb
2017-12-14 11:12:58,574: update.0.child      : update.0                        : MainThread     : INFO    : parent stops child
2017-12-14 11:12:58,574: update.0.child      : update.0                        : MainThread     : DEBUG   : ru_finalize_parent (NOOP)
2017-12-14 11:12:58,574: update.0.child      : update.0                        : MainThread     : DEBUG   : ru_finalize_common (NOOP)
2017-12-14 11:12:58,582: update.0.child      : update.0                        : update.0.child.idler._idle_cb: DEBUG   : ru_finalize_child (NOOP)
2017-12-14 11:12:58,582: update.0.child      : update.0                        : update.0.child.idler._idle_cb: DEBUG   : ru_finalize_common (NOOP)
2017-12-14 11:12:58,582: update.0.child      : update.0                        : update.0.child.idler._idle_cb: INFO    : put message: [update.0.child.idler._idle_cb.thread] terminating
2017-12-14 11:12:58,590: update.0.child      : update.0                        : MainThread     : DEBUG   : TERM : update.0.child unregistered idler update.0.child.idler._idle_cb
2017-12-14 11:12:58,590: update.0.child      : update.0                        : MainThread     : DEBUG   : TERM : update.0.child unregister subscriber update.0.child.subscriber._state_cb
2017-12-14 11:12:58,590: update.0.child      : update.0                        : MainThread     : DEBUG   : unregistered subscriber update.0.child.subscriber._state_cb
2017-12-14 11:12:58,590: update.0.child      : update.0                        : MainThread     : DEBUG   : ru_finalize_common()
2017-12-14 11:12:58,590: update.0.child      : update.0                        : MainThread     : DEBUG   : TERM : update.0.child unregister publisher log_pubsub
2017-12-14 11:12:58,591: update.0.child      : update.0                        : MainThread     : DEBUG   : unregistered publisher log_pubsub
2017-12-14 11:12:58,591: update.0.child      : update.0                        : MainThread     : DEBUG   : TERM : update.0.child unregister publisher state_pubsub
2017-12-14 11:12:58,592: update.0.child      : update.0                        : MainThread     : DEBUG   : unregistered publisher state_pubsub
2017-12-14 11:12:58,592: update.0.child      : update.0                        : MainThread     : DEBUG   : TERM : update.0.child unregister publisher control_pubsub
2017-12-14 11:12:58,593: update.0.child      : update.0                        : MainThread     : DEBUG   : unregistered publisher control_pubsub
2017-12-14 11:12:58,593: update.0.child      : update.0                        : MainThread     : DEBUG   : update.0.child close prof
2017-12-14 11:12:58,603: update.0.child      : update.0                        : MainThread     : INFO    : parent stops child
2017-12-14 11:12:58,603: update.0.child      : update.0                        : MainThread     : DEBUG   : ru_finalize_parent (NOOP)
2017-12-14 11:12:58,603: update.0.child      : update.0                        : MainThread     : DEBUG   : ru_finalize_common (NOOP)
2017-12-14 11:12:58,603: update.0.child      : update.0                        : MainThread     : INFO    : parent stops child
2017-12-14 11:12:58,603: update.0.child      : update.0                        : MainThread     : DEBUG   : ru_finalize_parent (NOOP)
2017-12-14 11:12:58,604: update.0.child      : update.0                        : update.0.child.subscriber._cancel_monitor_cb: DEBUG   : ru_finalize_child (NOOP)
2017-12-14 11:12:58,604: update.0.child      : update.0                        : update.0.child.subscriber._cancel_monitor_cb: INFO    : put message: [update.0.child.subscriber._cancel_monitor_cb.thread] terminating
2017-12-14 11:12:58,605: update.0.child      : update.0                        : MainThread     : INFO    : parent stops child
2017-12-14 11:12:58,605: update.0.child      : update.0                        : MainThread     : DEBUG   : ru_finalize_parent (NOOP)
2017-12-14 11:12:58,606: update.0.child      : update.0                        : update.0.child.subscriber._state_cb: DEBUG   : ru_finalize_child (NOOP)
2017-12-14 11:12:58,606: update.0.child      : update.0                        : update.0.child.subscriber._state_cb: INFO    : put message: [update.0.child.subscriber._state_cb.thread] terminating
2017-12-14 11:12:58,607: update.0.child      : update.0                        : MainThread     : INFO    : parent stops child
2017-12-14 11:12:58,607: update.0.child      : update.0                        : MainThread     : WARNING : super update.0.child is invalid
2017-12-14 11:12:58,607: update.0.child      : update.0                        : MainThread     : WARNING : component update.0.child is invalid
2017-12-14 11:12:58,608: update.0.child      : update.0                        : MainThread     : INFO    : stop update.0.child (10991 : 10991 : MainThread) [radical.pilot.worker.update.Update.stop]
2017-12-14 11:12:58,608: update.0.child      : update.0                        : MainThread     : DEBUG   : TERM : update.0.child unregister idler update.0.child.idler._idle_cb
2017-12-14 11:12:58,608: update.0.child      : update.0                        : MainThread     : WARNING : timed cb update.0.child.idler._idle_cb is not registered
2017-12-14 11:12:58,608: update.0.child      : update.0                        : MainThread     : DEBUG   : TERM : update.0.child unregister subscriber update.0.child.subscriber._state_cb
2017-12-14 11:12:58,608: update.0.child      : update.0                        : MainThread     : WARNING : subscriber _state_cb is not registered
2017-12-14 11:12:58,609: update.0.child      : update.0                        : MainThread     : DEBUG   : ru_finalize_common()
2017-12-14 11:12:58,609: update.0.child      : update.0                        : MainThread     : WARNING : publisher log_pubsub is not registered
2017-12-14 11:12:58,609: update.0.child      : update.0                        : MainThread     : WARNING : publisher state_pubsub is not registered
2017-12-14 11:12:58,609: update.0.child      : update.0                        : MainThread     : WARNING : publisher control_pubsub is not registered
2017-12-14 11:12:58,609: update.0.child      : update.0                        : MainThread     : DEBUG   : update.0.child close prof
2017-12-14 11:12:58,609: update.0.child      : update.0                        : MainThread     : INFO    : send message: [update.0.child] terminating
2017-12-14 11:12:58,609: update.0.child      : update.0                        : MainThread     : WARNING : send failed ([Errno 9] Bad file descriptor) - terminate
2017-12-14 11:12:58,609: update.0.child      : update.0                        : MainThread     : INFO    : parent stops child
2017-12-14 11:12:58,609: update.0.child      : update.0                        : MainThread     : INFO    : parent stops child
2017-12-14 11:12:58,609: update.0.child      : update.0                        : MainThread     : INFO    : parent stops child
