2017-12-18 22:25:52,440: control.pubsub.pub.0003: umgr.0000.staging.input.0       : MainThread     : INFO    : python.interpreter   version: 2.7.12 (default, Nov 20 2017, 18:23:56) [GCC 5.4.0 20160609]
2017-12-18 22:25:52,440: control.pubsub.pub.0003: umgr.0000.staging.input.0       : MainThread     : INFO    :                      pid: 7632
2017-12-18 22:25:52,440: control.pubsub.pub.0003: umgr.0000.staging.input.0       : MainThread     : INFO    :                      tid: MainThread
2017-12-18 22:25:52,440: control.pubsub.pub.0003: umgr.0000.staging.input.0       : MainThread     : INFO    : radical.pilot        version: 0.47.1
2017-12-18 22:25:52,440: control.pubsub.pub.0003: umgr.0000.staging.input.0       : MainThread     : INFO    : create control_pubsub - pub - tcp://172.30.238.6:46519
2017-12-18 22:25:52,472: control.pubsub.pub.0003: umgr.0000.staging.input.0       : MainThread     : DEBUG   : start process
2017-12-18 22:25:52,473: control.pubsub.pub.0003: umgr.0000.staging.input.0       : MainThread     : DEBUG   : ru_initialize_common (NOOP)
2017-12-18 22:25:52,473: control.pubsub.pub.0003: umgr.0000.staging.input.0       : MainThread     : DEBUG   : ru_initialize_parent (NOOP)
2017-12-18 22:25:52,473: control.pubsub.pub.0003: umgr.0000.staging.input.0       : MainThread     : DEBUG   : process class started (no child)
2017-12-18 22:25:52,495: control.pubsub.pub.0003: task-manager                    : MainThread     : INFO    : python.interpreter   version: 2.7.12 (default, Nov 20 2017, 18:23:56) [GCC 5.4.0 20160609]
2017-12-18 22:25:52,495: control.pubsub.pub.0003: task-manager                    : MainThread     : INFO    :                      pid: 7545
2017-12-18 22:25:52,495: control.pubsub.pub.0003: task-manager                    : MainThread     : INFO    :                      tid: MainThread
2017-12-18 22:25:52,496: control.pubsub.pub.0003: task-manager                    : MainThread     : INFO    : radical.pilot        version: 0.47.1
2017-12-18 22:25:52,496: control.pubsub.pub.0003: task-manager                    : MainThread     : INFO    : create control_pubsub - pub - tcp://172.30.238.6:46519
2017-12-18 22:25:52,508: control.pubsub.pub.0003: task-manager                    : MainThread     : DEBUG   : start process
2017-12-18 22:25:52,509: control.pubsub.pub.0003: task-manager                    : MainThread     : DEBUG   : ru_initialize_common (NOOP)
2017-12-18 22:25:52,509: control.pubsub.pub.0003: task-manager                    : MainThread     : DEBUG   : ru_initialize_parent (NOOP)
2017-12-18 22:25:52,509: control.pubsub.pub.0003: task-manager                    : MainThread     : DEBUG   : process class started (no child)
2017-12-18 23:01:59,351: control.pubsub.pub.0003: umgr.0000.staging.input.0       : MainThread     : INFO    : parent stops child  7632 -> None [control.pubsub.pub.0003]
2017-12-18 23:01:59,351: control.pubsub.pub.0003: umgr.0000.staging.input.0       : MainThread     : DEBUG   : ru_finalize_parent (NOOP)
