2017-12-18 22:24:37,949: log.pubsub.pub.0000 : update.0                        : MainThread     : INFO    : python.interpreter   version: 2.7.12 (default, Nov 20 2017, 18:23:56) [GCC 5.4.0 20160609]
2017-12-18 22:24:37,949: log.pubsub.pub.0000 : update.0                        : MainThread     : INFO    :                      pid: 6134
2017-12-18 22:24:37,949: log.pubsub.pub.0000 : update.0                        : MainThread     : INFO    :                      tid: MainThread
2017-12-18 22:24:37,950: log.pubsub.pub.0000 : update.0                        : MainThread     : INFO    : radical.pilot        version: 0.47.1
2017-12-18 22:24:37,950: log.pubsub.pub.0000 : update.0                        : MainThread     : INFO    : create log_pubsub - pub - tcp://172.30.238.6:37007
2017-12-18 22:24:37,951: log.pubsub.pub.0000 : update.0                        : MainThread     : DEBUG   : start process
2017-12-18 22:24:37,951: log.pubsub.pub.0000 : update.0                        : MainThread     : DEBUG   : ru_initialize_common (NOOP)
2017-12-18 22:24:37,951: log.pubsub.pub.0000 : update.0                        : MainThread     : DEBUG   : ru_initialize_parent (NOOP)
2017-12-18 22:24:37,951: log.pubsub.pub.0000 : update.0                        : MainThread     : DEBUG   : process class started (no child)
2017-12-18 22:24:38,301: log.pubsub.pub.0000 : MainProcess                     : MainThread     : INFO    : python.interpreter   version: 2.7.12 (default, Nov 20 2017, 18:23:56) [GCC 5.4.0 20160609]
2017-12-18 22:24:38,302: log.pubsub.pub.0000 : MainProcess                     : MainThread     : INFO    :                      pid: 5997
2017-12-18 22:24:38,302: log.pubsub.pub.0000 : MainProcess                     : MainThread     : INFO    :                      tid: MainThread
2017-12-18 22:24:38,302: log.pubsub.pub.0000 : MainProcess                     : MainThread     : INFO    : radical.pilot        version: 0.47.1
2017-12-18 22:24:38,302: log.pubsub.pub.0000 : MainProcess                     : MainThread     : INFO    : create log_pubsub - pub - tcp://172.30.238.6:37007
2017-12-18 22:24:38,303: log.pubsub.pub.0000 : MainProcess                     : MainThread     : DEBUG   : start process
2017-12-18 22:24:38,304: log.pubsub.pub.0000 : MainProcess                     : MainThread     : DEBUG   : ru_initialize_common (NOOP)
2017-12-18 22:24:38,305: log.pubsub.pub.0000 : MainProcess                     : MainThread     : DEBUG   : ru_initialize_parent (NOOP)
2017-12-18 22:24:38,305: log.pubsub.pub.0000 : MainProcess                     : MainThread     : DEBUG   : process class started (no child)
2017-12-18 23:02:08,891: log.pubsub.pub.0000 : MainProcess                     : MainThread     : INFO    : parent stops child  5997 -> None [log.pubsub.pub.0000]
2017-12-18 23:02:08,892: log.pubsub.pub.0000 : MainProcess                     : MainThread     : DEBUG   : ru_finalize_parent (NOOP)
2017-12-18 23:02:09,074: log.pubsub.pub.0000 : update.0                        : MainThread     : INFO    : parent stops child  6134 -> None [log.pubsub.pub.0000]
2017-12-18 23:02:09,074: log.pubsub.pub.0000 : update.0                        : MainThread     : DEBUG   : ru_finalize_parent (NOOP)
