2017-12-18 22:24:33,926: rp.session.js-17-212.jetstream-cloud.org.vivek91.017519.0256: MainProcess                     : MainThread     : INFO    : python.interpreter   version: 2.7.12 (default, Nov 20 2017, 18:23:56) [GCC 5.4.0 20160609]
2017-12-18 22:24:33,926: rp.session.js-17-212.jetstream-cloud.org.vivek91.017519.0256: MainProcess                     : MainThread     : INFO    :                      pid: 5997
2017-12-18 22:24:33,926: rp.session.js-17-212.jetstream-cloud.org.vivek91.017519.0256: MainProcess                     : MainThread     : INFO    :                      tid: MainThread
2017-12-18 22:24:33,926: rp.session.js-17-212.jetstream-cloud.org.vivek91.017519.0256: MainProcess                     : MainThread     : INFO    : radical.pilot        version: 0.47.1
2017-12-18 22:24:33,926: rp.session.js-17-212.jetstream-cloud.org.vivek91.017519.0256: MainProcess                     : MainThread     : INFO    : using database mongodb://entk:entk@ds141406.mlab.com:41406/adap-task-count
2017-12-18 22:24:35,065: rp.session.js-17-212.jetstream-cloud.org.vivek91.017519.0256: MainProcess                     : MainThread     : INFO    : Load resource configurations from /home/vivek91/ves/paper-adap/local/lib/python2.7/site-packages/radical/pilot/configs/resource_ncsa.json
2017-12-18 22:24:35,075: rp.session.js-17-212.jetstream-cloud.org.vivek91.017519.0256: MainProcess                     : MainThread     : INFO    : Load resource configurations for ncsa.bw_orte
2017-12-18 22:24:35,076: rp.session.js-17-212.jetstream-cloud.org.vivek91.017519.0256: MainProcess                     : MainThread     : INFO    : Load resource configurations for ncsa.bw_ccm_ssh
2017-12-18 22:24:35,076: rp.session.js-17-212.jetstream-cloud.org.vivek91.017519.0256: MainProcess                     : MainThread     : INFO    : Load resource configurations for ncsa.bw_ortelib
2017-12-18 22:24:35,077: rp.session.js-17-212.jetstream-cloud.org.vivek91.017519.0256: MainProcess                     : MainThread     : INFO    : Load resource configurations for ncsa.bw_aprun
2017-12-18 22:24:35,077: rp.session.js-17-212.jetstream-cloud.org.vivek91.017519.0256: MainProcess                     : MainThread     : INFO    : Load resource configurations for ncsa.bw_local_orte
2017-12-18 22:24:35,078: rp.session.js-17-212.jetstream-cloud.org.vivek91.017519.0256: MainProcess                     : MainThread     : INFO    : Load resource configurations from /home/vivek91/ves/paper-adap/local/lib/python2.7/site-packages/radical/pilot/configs/resource_iu.json
2017-12-18 22:24:35,082: rp.session.js-17-212.jetstream-cloud.org.vivek91.017519.0256: MainProcess                     : MainThread     : INFO    : Load resource configurations for iu.bigred2_ccm_ssh
2017-12-18 22:24:35,082: rp.session.js-17-212.jetstream-cloud.org.vivek91.017519.0256: MainProcess                     : MainThread     : INFO    : Load resource configurations for iu.bigred2_aprun
2017-12-18 22:24:35,082: rp.session.js-17-212.jetstream-cloud.org.vivek91.017519.0256: MainProcess                     : MainThread     : INFO    : Load resource configurations from /home/vivek91/ves/paper-adap/local/lib/python2.7/site-packages/radical/pilot/configs/resource_osg.json
2017-12-18 22:24:35,086: rp.session.js-17-212.jetstream-cloud.org.vivek91.017519.0256: MainProcess                     : MainThread     : INFO    : Load resource configurations for osg.xsede-virt-clust
2017-12-18 22:24:35,086: rp.session.js-17-212.jetstream-cloud.org.vivek91.017519.0256: MainProcess                     : MainThread     : INFO    : Load resource configurations for osg.connect
2017-12-18 22:24:35,087: rp.session.js-17-212.jetstream-cloud.org.vivek91.017519.0256: MainProcess                     : MainThread     : INFO    : Load resource configurations from /home/vivek91/ves/paper-adap/local/lib/python2.7/site-packages/radical/pilot/configs/resource_yale.json
2017-12-18 22:24:35,088: rp.session.js-17-212.jetstream-cloud.org.vivek91.017519.0256: MainProcess                     : MainThread     : INFO    : Load resource configurations for yale.grace_ssh
2017-12-18 22:24:35,089: rp.session.js-17-212.jetstream-cloud.org.vivek91.017519.0256: MainProcess                     : MainThread     : INFO    : Load resource configurations from /home/vivek91/ves/paper-adap/local/lib/python2.7/site-packages/radical/pilot/configs/resource_lumc.json
2017-12-18 22:24:35,092: rp.session.js-17-212.jetstream-cloud.org.vivek91.017519.0256: MainProcess                     : MainThread     : INFO    : Load resource configurations for lumc.gb-ui_ssh
2017-12-18 22:24:35,093: rp.session.js-17-212.jetstream-cloud.org.vivek91.017519.0256: MainProcess                     : MainThread     : INFO    : Load resource configurations for lumc.shark_ssh
2017-12-18 22:24:35,093: rp.session.js-17-212.jetstream-cloud.org.vivek91.017519.0256: MainProcess                     : MainThread     : INFO    : Load resource configurations from /home/vivek91/ves/paper-adap/local/lib/python2.7/site-packages/radical/pilot/configs/resource_ornl.json
2017-12-18 22:24:35,099: rp.session.js-17-212.jetstream-cloud.org.vivek91.017519.0256: MainProcess                     : MainThread     : INFO    : Load resource configurations for ornl.titan_orte
2017-12-18 22:24:35,099: rp.session.js-17-212.jetstream-cloud.org.vivek91.017519.0256: MainProcess                     : MainThread     : INFO    : Load resource configurations for ornl.titan_aprun
2017-12-18 22:24:35,100: rp.session.js-17-212.jetstream-cloud.org.vivek91.017519.0256: MainProcess                     : MainThread     : INFO    : Load resource configurations for ornl.titan_ortelib
2017-12-18 22:24:35,100: rp.session.js-17-212.jetstream-cloud.org.vivek91.017519.0256: MainProcess                     : MainThread     : INFO    : Load resource configurations from /home/vivek91/ves/paper-adap/local/lib/python2.7/site-packages/radical/pilot/configs/resource_stfc.json
2017-12-18 22:24:35,102: rp.session.js-17-212.jetstream-cloud.org.vivek91.017519.0256: MainProcess                     : MainThread     : INFO    : Load resource configurations for stfc.joule_runjob
2017-12-18 22:24:35,102: rp.session.js-17-212.jetstream-cloud.org.vivek91.017519.0256: MainProcess                     : MainThread     : INFO    : Load resource configurations from /home/vivek91/ves/paper-adap/local/lib/python2.7/site-packages/radical/pilot/configs/resource_radical.json
2017-12-18 22:24:35,107: rp.session.js-17-212.jetstream-cloud.org.vivek91.017519.0256: MainProcess                     : MainThread     : INFO    : Load resource configurations for radical.two
2017-12-18 22:24:35,107: rp.session.js-17-212.jetstream-cloud.org.vivek91.017519.0256: MainProcess                     : MainThread     : INFO    : Load resource configurations for radical.tutorial
2017-12-18 22:24:35,107: rp.session.js-17-212.jetstream-cloud.org.vivek91.017519.0256: MainProcess                     : MainThread     : INFO    : Load resource configurations for radical.one
2017-12-18 22:24:35,108: rp.session.js-17-212.jetstream-cloud.org.vivek91.017519.0256: MainProcess                     : MainThread     : INFO    : Load resource configurations from /home/vivek91/ves/paper-adap/local/lib/python2.7/site-packages/radical/pilot/configs/resource_das4.json
2017-12-18 22:24:35,109: rp.session.js-17-212.jetstream-cloud.org.vivek91.017519.0256: MainProcess                     : MainThread     : INFO    : Load resource configurations for das4.fs2_ssh
2017-12-18 22:24:35,110: rp.session.js-17-212.jetstream-cloud.org.vivek91.017519.0256: MainProcess                     : MainThread     : INFO    : Load resource configurations from /home/vivek91/ves/paper-adap/local/lib/python2.7/site-packages/radical/pilot/configs/resource_nersc.json
2017-12-18 22:24:35,119: rp.session.js-17-212.jetstream-cloud.org.vivek91.017519.0256: MainProcess                     : MainThread     : INFO    : Load resource configurations for nersc.edison_ccm_ssh
2017-12-18 22:24:35,119: rp.session.js-17-212.jetstream-cloud.org.vivek91.017519.0256: MainProcess                     : MainThread     : INFO    : Load resource configurations for nersc.hopper_orte
2017-12-18 22:24:35,119: rp.session.js-17-212.jetstream-cloud.org.vivek91.017519.0256: MainProcess                     : MainThread     : INFO    : Load resource configurations for nersc.hopper_ccm_ssh
2017-12-18 22:24:35,120: rp.session.js-17-212.jetstream-cloud.org.vivek91.017519.0256: MainProcess                     : MainThread     : INFO    : Load resource configurations for nersc.edison_aprun
2017-12-18 22:24:35,120: rp.session.js-17-212.jetstream-cloud.org.vivek91.017519.0256: MainProcess                     : MainThread     : INFO    : Load resource configurations for nersc.hopper_aprun
2017-12-18 22:24:35,121: rp.session.js-17-212.jetstream-cloud.org.vivek91.017519.0256: MainProcess                     : MainThread     : INFO    : Load resource configurations for nersc.edison_orte
2017-12-18 22:24:35,121: rp.session.js-17-212.jetstream-cloud.org.vivek91.017519.0256: MainProcess                     : MainThread     : INFO    : Load resource configurations from /home/vivek91/ves/paper-adap/local/lib/python2.7/site-packages/radical/pilot/configs/resource_xsede.json
2017-12-18 22:24:35,151: rp.session.js-17-212.jetstream-cloud.org.vivek91.017519.0256: MainProcess                     : MainThread     : INFO    : Load resource configurations for xsede.gordon_ssh
2017-12-18 22:24:35,151: rp.session.js-17-212.jetstream-cloud.org.vivek91.017519.0256: MainProcess                     : MainThread     : INFO    : Load resource configurations for xsede.lonestar_ssh
2017-12-18 22:24:35,151: rp.session.js-17-212.jetstream-cloud.org.vivek91.017519.0256: MainProcess                     : MainThread     : INFO    : Load resource configurations for xsede.supermic_spark
2017-12-18 22:24:35,152: rp.session.js-17-212.jetstream-cloud.org.vivek91.017519.0256: MainProcess                     : MainThread     : INFO    : Load resource configurations for xsede.wrangler_yarn
2017-12-18 22:24:35,152: rp.session.js-17-212.jetstream-cloud.org.vivek91.017519.0256: MainProcess                     : MainThread     : INFO    : Load resource configurations for xsede.blacklight_ssh
2017-12-18 22:24:35,152: rp.session.js-17-212.jetstream-cloud.org.vivek91.017519.0256: MainProcess                     : MainThread     : INFO    : Load resource configurations for xsede.stampede_ortelib
2017-12-18 22:24:35,153: rp.session.js-17-212.jetstream-cloud.org.vivek91.017519.0256: MainProcess                     : MainThread     : INFO    : Load resource configurations for xsede.stampede_yarn
2017-12-18 22:24:35,153: rp.session.js-17-212.jetstream-cloud.org.vivek91.017519.0256: MainProcess                     : MainThread     : INFO    : Load resource configurations for xsede.stampede_ssh
2017-12-18 22:24:35,153: rp.session.js-17-212.jetstream-cloud.org.vivek91.017519.0256: MainProcess                     : MainThread     : INFO    : Load resource configurations for xsede.greenfield
2017-12-18 22:24:35,154: rp.session.js-17-212.jetstream-cloud.org.vivek91.017519.0256: MainProcess                     : MainThread     : INFO    : Load resource configurations for xsede.bridges
2017-12-18 22:24:35,154: rp.session.js-17-212.jetstream-cloud.org.vivek91.017519.0256: MainProcess                     : MainThread     : INFO    : Load resource configurations for xsede.trestles_ssh
2017-12-18 22:24:35,154: rp.session.js-17-212.jetstream-cloud.org.vivek91.017519.0256: MainProcess                     : MainThread     : INFO    : Load resource configurations for xsede.supermic_ortelib
2017-12-18 22:24:35,155: rp.session.js-17-212.jetstream-cloud.org.vivek91.017519.0256: MainProcess                     : MainThread     : INFO    : Load resource configurations for xsede.stampede2_ssh
2017-12-18 22:24:35,155: rp.session.js-17-212.jetstream-cloud.org.vivek91.017519.0256: MainProcess                     : MainThread     : INFO    : Load resource configurations for xsede.supermic_ssh
2017-12-18 22:24:35,155: rp.session.js-17-212.jetstream-cloud.org.vivek91.017519.0256: MainProcess                     : MainThread     : INFO    : Load resource configurations for xsede.wrangler_ssh
2017-12-18 22:24:35,156: rp.session.js-17-212.jetstream-cloud.org.vivek91.017519.0256: MainProcess                     : MainThread     : INFO    : Load resource configurations for xsede.supermic_orte
2017-12-18 22:24:35,156: rp.session.js-17-212.jetstream-cloud.org.vivek91.017519.0256: MainProcess                     : MainThread     : INFO    : Load resource configurations for xsede.wrangler_spark
2017-12-18 22:24:35,157: rp.session.js-17-212.jetstream-cloud.org.vivek91.017519.0256: MainProcess                     : MainThread     : INFO    : Load resource configurations for xsede.stampede_orte
2017-12-18 22:24:35,157: rp.session.js-17-212.jetstream-cloud.org.vivek91.017519.0256: MainProcess                     : MainThread     : INFO    : Load resource configurations for xsede.comet_ortelib
2017-12-18 22:24:35,157: rp.session.js-17-212.jetstream-cloud.org.vivek91.017519.0256: MainProcess                     : MainThread     : INFO    : Load resource configurations for xsede.comet_orte
2017-12-18 22:24:35,158: rp.session.js-17-212.jetstream-cloud.org.vivek91.017519.0256: MainProcess                     : MainThread     : INFO    : Load resource configurations for xsede.comet_spark
2017-12-18 22:24:35,158: rp.session.js-17-212.jetstream-cloud.org.vivek91.017519.0256: MainProcess                     : MainThread     : INFO    : Load resource configurations for xsede.comet_ssh
2017-12-18 22:24:35,158: rp.session.js-17-212.jetstream-cloud.org.vivek91.017519.0256: MainProcess                     : MainThread     : INFO    : Load resource configurations for xsede.stampede_spark
2017-12-18 22:24:35,159: rp.session.js-17-212.jetstream-cloud.org.vivek91.017519.0256: MainProcess                     : MainThread     : INFO    : Load resource configurations from /home/vivek91/ves/paper-adap/local/lib/python2.7/site-packages/radical/pilot/configs/resource_chameleon.json
2017-12-18 22:24:35,160: rp.session.js-17-212.jetstream-cloud.org.vivek91.017519.0256: MainProcess                     : MainThread     : INFO    : Load resource configurations for chameleon.cloud_vm_yarn
2017-12-18 22:24:35,160: rp.session.js-17-212.jetstream-cloud.org.vivek91.017519.0256: MainProcess                     : MainThread     : INFO    : Load resource configurations from /home/vivek91/ves/paper-adap/local/lib/python2.7/site-packages/radical/pilot/configs/resource_epsrc.json
2017-12-18 22:24:35,163: rp.session.js-17-212.jetstream-cloud.org.vivek91.017519.0256: MainProcess                     : MainThread     : INFO    : Load resource configurations for epsrc.archer_orte
2017-12-18 22:24:35,163: rp.session.js-17-212.jetstream-cloud.org.vivek91.017519.0256: MainProcess                     : MainThread     : INFO    : Load resource configurations for epsrc.archer_aprun
2017-12-18 22:24:35,164: rp.session.js-17-212.jetstream-cloud.org.vivek91.017519.0256: MainProcess                     : MainThread     : INFO    : Load resource configurations from /home/vivek91/ves/paper-adap/local/lib/python2.7/site-packages/radical/pilot/configs/resource_futuregrid.json
2017-12-18 22:24:35,170: rp.session.js-17-212.jetstream-cloud.org.vivek91.017519.0256: MainProcess                     : MainThread     : INFO    : Load resource configurations for futuregrid.delta_ssh
2017-12-18 22:24:35,170: rp.session.js-17-212.jetstream-cloud.org.vivek91.017519.0256: MainProcess                     : MainThread     : INFO    : Load resource configurations for futuregrid.india_ssh
2017-12-18 22:24:35,171: rp.session.js-17-212.jetstream-cloud.org.vivek91.017519.0256: MainProcess                     : MainThread     : INFO    : Load resource configurations for futuregrid.echo_ssh
2017-12-18 22:24:35,171: rp.session.js-17-212.jetstream-cloud.org.vivek91.017519.0256: MainProcess                     : MainThread     : INFO    : Load resource configurations for futuregrid.xray_ccm
2017-12-18 22:24:35,171: rp.session.js-17-212.jetstream-cloud.org.vivek91.017519.0256: MainProcess                     : MainThread     : INFO    : Load resource configurations for futuregrid.bravo_ssh
2017-12-18 22:24:35,171: rp.session.js-17-212.jetstream-cloud.org.vivek91.017519.0256: MainProcess                     : MainThread     : INFO    : Load resource configurations for futuregrid.xray_aprun
2017-12-18 22:24:35,172: rp.session.js-17-212.jetstream-cloud.org.vivek91.017519.0256: MainProcess                     : MainThread     : INFO    : Load resource configurations from /home/vivek91/ves/paper-adap/local/lib/python2.7/site-packages/radical/pilot/configs/resource_local.json
2017-12-18 22:24:35,179: rp.session.js-17-212.jetstream-cloud.org.vivek91.017519.0256: MainProcess                     : MainThread     : INFO    : Load resource configurations for local.localhost_orte
2017-12-18 22:24:35,179: rp.session.js-17-212.jetstream-cloud.org.vivek91.017519.0256: MainProcess                     : MainThread     : INFO    : Load resource configurations for local.localhost_anaconda
2017-12-18 22:24:35,179: rp.session.js-17-212.jetstream-cloud.org.vivek91.017519.0256: MainProcess                     : MainThread     : INFO    : Load resource configurations for local.localhost_ortelib
2017-12-18 22:24:35,180: rp.session.js-17-212.jetstream-cloud.org.vivek91.017519.0256: MainProcess                     : MainThread     : INFO    : Load resource configurations for local.localhost
2017-12-18 22:24:35,180: rp.session.js-17-212.jetstream-cloud.org.vivek91.017519.0256: MainProcess                     : MainThread     : INFO    : Load resource configurations for local.localhost_spark
2017-12-18 22:24:35,180: rp.session.js-17-212.jetstream-cloud.org.vivek91.017519.0256: MainProcess                     : MainThread     : INFO    : Load resource configurations for local.localhost_spark_anaconda
2017-12-18 22:24:35,180: rp.session.js-17-212.jetstream-cloud.org.vivek91.017519.0256: MainProcess                     : MainThread     : INFO    : Load resource configurations for local.localhost_yarn
2017-12-18 22:24:35,181: rp.session.js-17-212.jetstream-cloud.org.vivek91.017519.0256: MainProcess                     : MainThread     : INFO    : Load resource configurations from /home/vivek91/ves/paper-adap/local/lib/python2.7/site-packages/radical/pilot/configs/resource_aliases.json
2017-12-18 22:24:35,181: rp.session.js-17-212.jetstream-cloud.org.vivek91.017519.0256: MainProcess                     : MainThread     : INFO    : Load resource configurations from /home/vivek91/ves/paper-adap/local/lib/python2.7/site-packages/radical/pilot/configs/resource_lrz.json
2017-12-18 22:24:35,182: rp.session.js-17-212.jetstream-cloud.org.vivek91.017519.0256: MainProcess                     : MainThread     : INFO    : Load resource configurations for lrz.supermuc_ssh
2017-12-18 22:24:35,183: rp.session.js-17-212.jetstream-cloud.org.vivek91.017519.0256: MainProcess                     : MainThread     : INFO    : Load resource configurations from /home/vivek91/ves/paper-adap/local/lib/python2.7/site-packages/radical/pilot/configs/resource_rice.json
2017-12-18 22:24:35,185: rp.session.js-17-212.jetstream-cloud.org.vivek91.017519.0256: MainProcess                     : MainThread     : INFO    : Load resource configurations for rice.davinci_ssh
2017-12-18 22:24:35,185: rp.session.js-17-212.jetstream-cloud.org.vivek91.017519.0256: MainProcess                     : MainThread     : INFO    : Load resource configurations for rice.biou_ssh
2017-12-18 22:24:35,186: rp.session.js-17-212.jetstream-cloud.org.vivek91.017519.0256: MainProcess                     : MainThread     : INFO    : Load resource configurations from /home/vivek91/ves/paper-adap/local/lib/python2.7/site-packages/radical/pilot/configs/resource_ncar.json
2017-12-18 22:24:35,187: rp.session.js-17-212.jetstream-cloud.org.vivek91.017519.0256: MainProcess                     : MainThread     : INFO    : Load resource configurations for ncar.yellowstone_ssh
2017-12-18 22:24:35,187: rp.session.js-17-212.jetstream-cloud.org.vivek91.017519.0256: MainProcess                     : MainThread     : INFO    : Load resource configurations from /home/vivek91/ves/paper-adap/local/lib/python2.7/site-packages/radical/pilot/configs/resource_das5.json
2017-12-18 22:24:35,188: rp.session.js-17-212.jetstream-cloud.org.vivek91.017519.0256: MainProcess                     : MainThread     : INFO    : Load resource configurations for das5.fs1_ssh
2017-12-18 22:24:35,189: rp.session.js-17-212.jetstream-cloud.org.vivek91.017519.0256: MainProcess                     : MainThread     : INFO    : Load resource configurations from /home/vivek91/ves/paper-adap/local/lib/python2.7/site-packages/radical/pilot/configs/resource_fub.json
2017-12-18 22:24:35,190: rp.session.js-17-212.jetstream-cloud.org.vivek91.017519.0256: MainProcess                     : MainThread     : INFO    : Load resource configurations for fub.allegro_rsh
2017-12-18 22:24:35,743: rp.session.js-17-212.jetstream-cloud.org.vivek91.017519.0256: MainProcess                     : MainThread     : INFO    : New Session created: rp.session.js-17-212.jetstream-cloud.org.vivek91.017519.0256.
2017-12-18 22:24:35,744: rp.session.js-17-212.jetstream-cloud.org.vivek91.017519.0256: MainProcess                     : MainThread     : DEBUG   : start bridges   : {u'control_pubsub': {u'bulk_size': 0, u'log_level': u'debug', u'stall_hwm': 1},
 u'log_pubsub': {u'bulk_size': 0, u'log_level': u'debug', u'stall_hwm': 1},
 u'state_pubsub': {u'bulk_size': 0, u'log_level': u'debug', u'stall_hwm': 1}}
2017-12-18 22:24:35,744: rp.session.js-17-212.jetstream-cloud.org.vivek91.017519.0256: MainProcess                     : MainThread     : INFO    : create bridge control_pubsub
2017-12-18 22:24:35,771: rp.session.js-17-212.jetstream-cloud.org.vivek91.017519.0256: MainProcess                     : MainThread     : INFO    : created bridge control_pubsub (control.pubsub.bridge.0000)
2017-12-18 22:24:35,771: rp.session.js-17-212.jetstream-cloud.org.vivek91.017519.0256: MainProcess                     : MainThread     : INFO    : create bridge state_pubsub
2017-12-18 22:24:35,794: rp.session.js-17-212.jetstream-cloud.org.vivek91.017519.0256: MainProcess                     : MainThread     : INFO    : created bridge state_pubsub (state.pubsub.bridge.0000)
2017-12-18 22:24:35,794: rp.session.js-17-212.jetstream-cloud.org.vivek91.017519.0256: MainProcess                     : MainThread     : INFO    : create bridge log_pubsub
2017-12-18 22:24:35,820: rp.session.js-17-212.jetstream-cloud.org.vivek91.017519.0256: MainProcess                     : MainThread     : INFO    : created bridge log_pubsub (log.pubsub.bridge.0000)
2017-12-18 22:24:35,821: rp.session.js-17-212.jetstream-cloud.org.vivek91.017519.0256: MainProcess                     : MainThread     : DEBUG   : start components: {u'UpdateWorker': {u'count': 1}}
2017-12-18 22:24:35,821: rp.session.js-17-212.jetstream-cloud.org.vivek91.017519.0256: MainProcess                     : MainThread     : DEBUG   : start 1 component(s) UpdateWorker
2017-12-18 22:24:38,341: rp.session.js-17-212.jetstream-cloud.org.vivek91.017519.0256: MainProcess                     : MainThread     : INFO    : rp.session.js-17-212.jetstream-cloud.org.vivek91.017519.0256 starts update.0
2017-12-18 22:24:41,702: rp.session.js-17-212.jetstream-cloud.org.vivek91.017519.0256: MainProcess                     : MainThread     : WARNING : using alias 'xsede.supermic_ssh' for deprecated resource key 'xsede.supermic'
2017-12-18 22:24:41,703: rp.session.js-17-212.jetstream-cloud.org.vivek91.017519.0256: MainProcess                     : MainThread     : WARNING : using alias 'xsede.supermic_ssh' for deprecated resource key 'xsede.supermic'
2017-12-18 22:24:41,703: rp.session.js-17-212.jetstream-cloud.org.vivek91.017519.0256: MainProcess                     : MainThread     : DEBUG   : rsup.PTYShell('gsissh://supermic.cct-lsu.xsede.org:2222/')
2017-12-18 22:24:45,153: rp.session.js-17-212.jetstream-cloud.org.vivek91.017519.0256: MainProcess                     : MainThread     : DEBUG   : sandbox base gsissh://supermic.cct-lsu.xsede.org:2222/: '/work/vivek91'
2017-12-18 22:24:45,305: rp.session.js-17-212.jetstream-cloud.org.vivek91.017519.0256: MainProcess                     : MainThread     : DEBUG   : bulk pilot insert result: {'nModified': 0, 'nUpserted': 0, 'nMatched': 0, 'writeErrors': [], 'upserted': [], 'writeConcernErrors': [], 'nRemoved': 0, 'nInserted': 1}
2017-12-18 22:24:45,311: rp.session.js-17-212.jetstream-cloud.org.vivek91.017519.0256: pmgr.0000.launching.0           : MainThread     : WARNING : using alias 'xsede.supermic_ssh' for deprecated resource key 'xsede.supermic'
2017-12-18 22:24:45,316: rp.session.js-17-212.jetstream-cloud.org.vivek91.017519.0256: pmgr.0000.launching.0           : MainThread     : WARNING : using alias 'xsede.supermic_ssh' for deprecated resource key 'xsede.supermic'
2017-12-18 22:24:45,316: rp.session.js-17-212.jetstream-cloud.org.vivek91.017519.0256: pmgr.0000.launching.0           : MainThread     : DEBUG   : rsup.PTYShell('gsissh://supermic.cct-lsu.xsede.org:2222/')
2017-12-18 22:24:46,638: rp.session.js-17-212.jetstream-cloud.org.vivek91.017519.0256: pmgr.0000.launching.0           : MainThread     : DEBUG   : sandbox base gsissh://supermic.cct-lsu.xsede.org:2222/: '/work/vivek91'
2017-12-18 22:25:57,263: rp.session.js-17-212.jetstream-cloud.org.vivek91.017519.0256: task-manager                    : MainThread     : DEBUG   : bulk unit insert result: {'nModified': 0, 'nUpserted': 0, 'nMatched': 0, 'writeErrors': [], 'upserted': [], 'writeConcernErrors': [], 'nRemoved': 0, 'nInserted': 1}
2017-12-18 22:27:02,501: rp.session.js-17-212.jetstream-cloud.org.vivek91.017519.0256: task-manager                    : MainThread     : DEBUG   : bulk unit insert result: {'nModified': 0, 'nUpserted': 0, 'nMatched': 0, 'writeErrors': [], 'upserted': [], 'writeConcernErrors': [], 'nRemoved': 0, 'nInserted': 1}
2017-12-18 22:28:07,787: rp.session.js-17-212.jetstream-cloud.org.vivek91.017519.0256: task-manager                    : MainThread     : DEBUG   : bulk unit insert result: {'nModified': 0, 'nUpserted': 0, 'nMatched': 0, 'writeErrors': [], 'upserted': [], 'writeConcernErrors': [], 'nRemoved': 0, 'nInserted': 1}
2017-12-18 22:29:12,068: rp.session.js-17-212.jetstream-cloud.org.vivek91.017519.0256: task-manager                    : MainThread     : DEBUG   : bulk unit insert result: {'nModified': 0, 'nUpserted': 0, 'nMatched': 0, 'writeErrors': [], 'upserted': [], 'writeConcernErrors': [], 'nRemoved': 0, 'nInserted': 1}
2017-12-18 22:30:17,647: rp.session.js-17-212.jetstream-cloud.org.vivek91.017519.0256: task-manager                    : MainThread     : DEBUG   : bulk unit insert result: {'nModified': 0, 'nUpserted': 0, 'nMatched': 0, 'writeErrors': [], 'upserted': [], 'writeConcernErrors': [], 'nRemoved': 0, 'nInserted': 1}
2017-12-18 22:31:21,944: rp.session.js-17-212.jetstream-cloud.org.vivek91.017519.0256: task-manager                    : MainThread     : DEBUG   : bulk unit insert result: {'nModified': 0, 'nUpserted': 0, 'nMatched': 0, 'writeErrors': [], 'upserted': [], 'writeConcernErrors': [], 'nRemoved': 0, 'nInserted': 1}
2017-12-18 22:32:26,147: rp.session.js-17-212.jetstream-cloud.org.vivek91.017519.0256: task-manager                    : MainThread     : DEBUG   : bulk unit insert result: {'nModified': 0, 'nUpserted': 0, 'nMatched': 0, 'writeErrors': [], 'upserted': [], 'writeConcernErrors': [], 'nRemoved': 0, 'nInserted': 1}
2017-12-18 22:33:32,195: rp.session.js-17-212.jetstream-cloud.org.vivek91.017519.0256: task-manager                    : MainThread     : DEBUG   : bulk unit insert result: {'nModified': 0, 'nUpserted': 0, 'nMatched': 0, 'writeErrors': [], 'upserted': [], 'writeConcernErrors': [], 'nRemoved': 0, 'nInserted': 1}
2017-12-18 22:34:38,334: rp.session.js-17-212.jetstream-cloud.org.vivek91.017519.0256: task-manager                    : MainThread     : DEBUG   : bulk unit insert result: {'nModified': 0, 'nUpserted': 0, 'nMatched': 0, 'writeErrors': [], 'upserted': [], 'writeConcernErrors': [], 'nRemoved': 0, 'nInserted': 1}
2017-12-18 22:35:42,275: rp.session.js-17-212.jetstream-cloud.org.vivek91.017519.0256: task-manager                    : MainThread     : DEBUG   : bulk unit insert result: {'nModified': 0, 'nUpserted': 0, 'nMatched': 0, 'writeErrors': [], 'upserted': [], 'writeConcernErrors': [], 'nRemoved': 0, 'nInserted': 1}
2017-12-18 22:36:47,241: rp.session.js-17-212.jetstream-cloud.org.vivek91.017519.0256: task-manager                    : MainThread     : DEBUG   : bulk unit insert result: {'nModified': 0, 'nUpserted': 0, 'nMatched': 0, 'writeErrors': [], 'upserted': [], 'writeConcernErrors': [], 'nRemoved': 0, 'nInserted': 1}
2017-12-18 22:37:52,186: rp.session.js-17-212.jetstream-cloud.org.vivek91.017519.0256: task-manager                    : MainThread     : DEBUG   : bulk unit insert result: {'nModified': 0, 'nUpserted': 0, 'nMatched': 0, 'writeErrors': [], 'upserted': [], 'writeConcernErrors': [], 'nRemoved': 0, 'nInserted': 1}
2017-12-18 22:38:57,819: rp.session.js-17-212.jetstream-cloud.org.vivek91.017519.0256: task-manager                    : MainThread     : DEBUG   : bulk unit insert result: {'nModified': 0, 'nUpserted': 0, 'nMatched': 0, 'writeErrors': [], 'upserted': [], 'writeConcernErrors': [], 'nRemoved': 0, 'nInserted': 1}
2017-12-18 22:40:03,882: rp.session.js-17-212.jetstream-cloud.org.vivek91.017519.0256: task-manager                    : MainThread     : DEBUG   : bulk unit insert result: {'nModified': 0, 'nUpserted': 0, 'nMatched': 0, 'writeErrors': [], 'upserted': [], 'writeConcernErrors': [], 'nRemoved': 0, 'nInserted': 1}
2017-12-18 22:41:09,418: rp.session.js-17-212.jetstream-cloud.org.vivek91.017519.0256: task-manager                    : MainThread     : DEBUG   : bulk unit insert result: {'nModified': 0, 'nUpserted': 0, 'nMatched': 0, 'writeErrors': [], 'upserted': [], 'writeConcernErrors': [], 'nRemoved': 0, 'nInserted': 1}
2017-12-18 22:42:13,789: rp.session.js-17-212.jetstream-cloud.org.vivek91.017519.0256: task-manager                    : MainThread     : DEBUG   : bulk unit insert result: {'nModified': 0, 'nUpserted': 0, 'nMatched': 0, 'writeErrors': [], 'upserted': [], 'writeConcernErrors': [], 'nRemoved': 0, 'nInserted': 1}
2017-12-18 22:43:18,279: rp.session.js-17-212.jetstream-cloud.org.vivek91.017519.0256: task-manager                    : MainThread     : DEBUG   : bulk unit insert result: {'nModified': 0, 'nUpserted': 0, 'nMatched': 0, 'writeErrors': [], 'upserted': [], 'writeConcernErrors': [], 'nRemoved': 0, 'nInserted': 1}
2017-12-18 22:44:23,893: rp.session.js-17-212.jetstream-cloud.org.vivek91.017519.0256: task-manager                    : MainThread     : DEBUG   : bulk unit insert result: {'nModified': 0, 'nUpserted': 0, 'nMatched': 0, 'writeErrors': [], 'upserted': [], 'writeConcernErrors': [], 'nRemoved': 0, 'nInserted': 1}
2017-12-18 22:45:28,560: rp.session.js-17-212.jetstream-cloud.org.vivek91.017519.0256: task-manager                    : MainThread     : DEBUG   : bulk unit insert result: {'nModified': 0, 'nUpserted': 0, 'nMatched': 0, 'writeErrors': [], 'upserted': [], 'writeConcernErrors': [], 'nRemoved': 0, 'nInserted': 1}
2017-12-18 22:46:31,895: rp.session.js-17-212.jetstream-cloud.org.vivek91.017519.0256: task-manager                    : MainThread     : DEBUG   : bulk unit insert result: {'nModified': 0, 'nUpserted': 0, 'nMatched': 0, 'writeErrors': [], 'upserted': [], 'writeConcernErrors': [], 'nRemoved': 0, 'nInserted': 1}
2017-12-18 22:47:36,044: rp.session.js-17-212.jetstream-cloud.org.vivek91.017519.0256: task-manager                    : MainThread     : DEBUG   : bulk unit insert result: {'nModified': 0, 'nUpserted': 0, 'nMatched': 0, 'writeErrors': [], 'upserted': [], 'writeConcernErrors': [], 'nRemoved': 0, 'nInserted': 1}
2017-12-18 22:48:41,824: rp.session.js-17-212.jetstream-cloud.org.vivek91.017519.0256: task-manager                    : MainThread     : DEBUG   : bulk unit insert result: {'nModified': 0, 'nUpserted': 0, 'nMatched': 0, 'writeErrors': [], 'upserted': [], 'writeConcernErrors': [], 'nRemoved': 0, 'nInserted': 1}
2017-12-18 22:49:47,614: rp.session.js-17-212.jetstream-cloud.org.vivek91.017519.0256: task-manager                    : MainThread     : DEBUG   : bulk unit insert result: {'nModified': 0, 'nUpserted': 0, 'nMatched': 0, 'writeErrors': [], 'upserted': [], 'writeConcernErrors': [], 'nRemoved': 0, 'nInserted': 1}
2017-12-18 22:50:52,406: rp.session.js-17-212.jetstream-cloud.org.vivek91.017519.0256: task-manager                    : MainThread     : DEBUG   : bulk unit insert result: {'nModified': 0, 'nUpserted': 0, 'nMatched': 0, 'writeErrors': [], 'upserted': [], 'writeConcernErrors': [], 'nRemoved': 0, 'nInserted': 1}
2017-12-18 22:51:57,100: rp.session.js-17-212.jetstream-cloud.org.vivek91.017519.0256: task-manager                    : MainThread     : DEBUG   : bulk unit insert result: {'nModified': 0, 'nUpserted': 0, 'nMatched': 0, 'writeErrors': [], 'upserted': [], 'writeConcernErrors': [], 'nRemoved': 0, 'nInserted': 1}
2017-12-18 22:53:01,793: rp.session.js-17-212.jetstream-cloud.org.vivek91.017519.0256: task-manager                    : MainThread     : DEBUG   : bulk unit insert result: {'nModified': 0, 'nUpserted': 0, 'nMatched': 0, 'writeErrors': [], 'upserted': [], 'writeConcernErrors': [], 'nRemoved': 0, 'nInserted': 1}
2017-12-18 22:54:06,674: rp.session.js-17-212.jetstream-cloud.org.vivek91.017519.0256: task-manager                    : MainThread     : DEBUG   : bulk unit insert result: {'nModified': 0, 'nUpserted': 0, 'nMatched': 0, 'writeErrors': [], 'upserted': [], 'writeConcernErrors': [], 'nRemoved': 0, 'nInserted': 1}
2017-12-18 22:55:11,420: rp.session.js-17-212.jetstream-cloud.org.vivek91.017519.0256: task-manager                    : MainThread     : DEBUG   : bulk unit insert result: {'nModified': 0, 'nUpserted': 0, 'nMatched': 0, 'writeErrors': [], 'upserted': [], 'writeConcernErrors': [], 'nRemoved': 0, 'nInserted': 1}
2017-12-18 22:56:16,281: rp.session.js-17-212.jetstream-cloud.org.vivek91.017519.0256: task-manager                    : MainThread     : DEBUG   : bulk unit insert result: {'nModified': 0, 'nUpserted': 0, 'nMatched': 0, 'writeErrors': [], 'upserted': [], 'writeConcernErrors': [], 'nRemoved': 0, 'nInserted': 1}
2017-12-18 22:57:22,196: rp.session.js-17-212.jetstream-cloud.org.vivek91.017519.0256: task-manager                    : MainThread     : DEBUG   : bulk unit insert result: {'nModified': 0, 'nUpserted': 0, 'nMatched': 0, 'writeErrors': [], 'upserted': [], 'writeConcernErrors': [], 'nRemoved': 0, 'nInserted': 1}
2017-12-18 22:58:27,041: rp.session.js-17-212.jetstream-cloud.org.vivek91.017519.0256: task-manager                    : MainThread     : DEBUG   : bulk unit insert result: {'nModified': 0, 'nUpserted': 0, 'nMatched': 0, 'writeErrors': [], 'upserted': [], 'writeConcernErrors': [], 'nRemoved': 0, 'nInserted': 1}
2017-12-18 22:59:32,048: rp.session.js-17-212.jetstream-cloud.org.vivek91.017519.0256: task-manager                    : MainThread     : DEBUG   : bulk unit insert result: {'nModified': 0, 'nUpserted': 0, 'nMatched': 0, 'writeErrors': [], 'upserted': [], 'writeConcernErrors': [], 'nRemoved': 0, 'nInserted': 1}
2017-12-18 23:00:37,148: rp.session.js-17-212.jetstream-cloud.org.vivek91.017519.0256: task-manager                    : MainThread     : DEBUG   : bulk unit insert result: {'nModified': 0, 'nUpserted': 0, 'nMatched': 0, 'writeErrors': [], 'upserted': [], 'writeConcernErrors': [], 'nRemoved': 0, 'nInserted': 1}
2017-12-18 23:02:06,014: rp.session.js-17-212.jetstream-cloud.org.vivek91.017519.0256: MainProcess                     : MainThread     : DEBUG   : session rp.session.js-17-212.jetstream-cloud.org.vivek91.017519.0256 closing
2017-12-18 23:02:06,015: rp.session.js-17-212.jetstream-cloud.org.vivek91.017519.0256: MainProcess                     : MainThread     : DEBUG   : session rp.session.js-17-212.jetstream-cloud.org.vivek91.017519.0256 closes pmgr   pmgr.0000
2017-12-18 23:02:08,874: rp.session.js-17-212.jetstream-cloud.org.vivek91.017519.0256: MainProcess                     : MainThread     : DEBUG   : session rp.session.js-17-212.jetstream-cloud.org.vivek91.017519.0256 closed pmgr   pmgr.0000
2017-12-18 23:02:08,874: rp.session.js-17-212.jetstream-cloud.org.vivek91.017519.0256: MainProcess                     : MainThread     : DEBUG   : session rp.session.js-17-212.jetstream-cloud.org.vivek91.017519.0256 closes comp   update.0
2017-12-18 23:02:08,874: rp.session.js-17-212.jetstream-cloud.org.vivek91.017519.0256: MainProcess                     : MainThread     : DEBUG   :  === update.0 stop called
2017-12-18 23:02:08,964: rp.session.js-17-212.jetstream-cloud.org.vivek91.017519.0256: update.0                        : MainThread     : DEBUG   :  === update.0.child stop called
2017-12-18 23:02:09,095: rp.session.js-17-212.jetstream-cloud.org.vivek91.017519.0256: update.0                        : MainThread     : DEBUG   :  === update.0.child stop called
2017-12-18 23:02:09,139: rp.session.js-17-212.jetstream-cloud.org.vivek91.017519.0256: MainProcess                     : MainThread     : DEBUG   : session rp.session.js-17-212.jetstream-cloud.org.vivek91.017519.0256 closed comp   update.0
2017-12-18 23:02:09,139: rp.session.js-17-212.jetstream-cloud.org.vivek91.017519.0256: MainProcess                     : MainThread     : DEBUG   : session rp.session.js-17-212.jetstream-cloud.org.vivek91.017519.0256 closes bridge control.pubsub.bridge.0000
2017-12-18 23:02:10,121: rp.session.js-17-212.jetstream-cloud.org.vivek91.017519.0256: MainProcess                     : MainThread     : DEBUG   : session rp.session.js-17-212.jetstream-cloud.org.vivek91.017519.0256 closed bridge control.pubsub.bridge.0000
2017-12-18 23:02:10,122: rp.session.js-17-212.jetstream-cloud.org.vivek91.017519.0256: MainProcess                     : MainThread     : DEBUG   : session rp.session.js-17-212.jetstream-cloud.org.vivek91.017519.0256 closes bridge state.pubsub.bridge.0000
2017-12-18 23:02:11,104: rp.session.js-17-212.jetstream-cloud.org.vivek91.017519.0256: MainProcess                     : MainThread     : DEBUG   : session rp.session.js-17-212.jetstream-cloud.org.vivek91.017519.0256 closed bridge state.pubsub.bridge.0000
2017-12-18 23:02:11,104: rp.session.js-17-212.jetstream-cloud.org.vivek91.017519.0256: MainProcess                     : MainThread     : DEBUG   : session rp.session.js-17-212.jetstream-cloud.org.vivek91.017519.0256 closes bridge log.pubsub.bridge.0000
2017-12-18 23:02:11,373: rp.session.js-17-212.jetstream-cloud.org.vivek91.017519.0256: MainProcess                     : MainThread     : DEBUG   : session rp.session.js-17-212.jetstream-cloud.org.vivek91.017519.0256 closed bridge log.pubsub.bridge.0000
2017-12-18 23:02:11,373: rp.session.js-17-212.jetstream-cloud.org.vivek91.017519.0256: MainProcess                     : MainThread     : DEBUG   : session rp.session.js-17-212.jetstream-cloud.org.vivek91.017519.0256 closes db (False)
2017-12-18 23:02:11,373: rp.session.js-17-212.jetstream-cloud.org.vivek91.017519.0256: MainProcess                     : MainThread     : DEBUG   : session rp.session.js-17-212.jetstream-cloud.org.vivek91.017519.0256 closed (delete=False)
2017-12-18 23:02:11,389: rp.session.js-17-212.jetstream-cloud.org.vivek91.017519.0256: MainProcess                     : MainThread     : DEBUG   :  === update.0 stop called
