2018-01-24 11:47:46,446: rp.session.js-169-212.jetstream-cloud.org.vivek91.017555.0044: MainProcess                     : MainThread     : INFO    : python.interpreter   version: 2.7.6 (default, Jun 22 2015, 17:58:13) [GCC 4.8.2]
2018-01-24 11:47:46,446: rp.session.js-169-212.jetstream-cloud.org.vivek91.017555.0044: MainProcess                     : MainThread     : INFO    :                      pid: 13189
2018-01-24 11:47:46,446: rp.session.js-169-212.jetstream-cloud.org.vivek91.017555.0044: MainProcess                     : MainThread     : INFO    :                      tid: MainThread
2018-01-24 11:47:46,446: rp.session.js-169-212.jetstream-cloud.org.vivek91.017555.0044: MainProcess                     : MainThread     : INFO    : radical.pilot        version: 0.47.1
2018-01-24 11:47:46,446: rp.session.js-169-212.jetstream-cloud.org.vivek91.017555.0044: MainProcess                     : MainThread     : INFO    : using database mongodb://entk:entk@ds125126.mlab.com:25126/adbms-1
2018-01-24 11:47:46,543: rp.session.js-169-212.jetstream-cloud.org.vivek91.017555.0044: MainProcess                     : MainThread     : INFO    : Load resource configurations from /home/vivek91/ves/ve-bms/local/lib/python2.7/site-packages/radical/pilot/configs/resource_ncsa.json
2018-01-24 11:47:46,557: rp.session.js-169-212.jetstream-cloud.org.vivek91.017555.0044: MainProcess                     : MainThread     : INFO    : Load resource configurations for ncsa.bw_orte
2018-01-24 11:47:46,558: rp.session.js-169-212.jetstream-cloud.org.vivek91.017555.0044: MainProcess                     : MainThread     : INFO    : Load resource configurations for ncsa.bw_ccm_ssh
2018-01-24 11:47:46,558: rp.session.js-169-212.jetstream-cloud.org.vivek91.017555.0044: MainProcess                     : MainThread     : INFO    : Load resource configurations for ncsa.bw_ortelib
2018-01-24 11:47:46,559: rp.session.js-169-212.jetstream-cloud.org.vivek91.017555.0044: MainProcess                     : MainThread     : INFO    : Load resource configurations for ncsa.bw_aprun
2018-01-24 11:47:46,559: rp.session.js-169-212.jetstream-cloud.org.vivek91.017555.0044: MainProcess                     : MainThread     : INFO    : Load resource configurations for ncsa.bw_local_orte
2018-01-24 11:47:46,560: rp.session.js-169-212.jetstream-cloud.org.vivek91.017555.0044: MainProcess                     : MainThread     : INFO    : Load resource configurations from /home/vivek91/ves/ve-bms/local/lib/python2.7/site-packages/radical/pilot/configs/resource_epsrc.json
2018-01-24 11:47:46,565: rp.session.js-169-212.jetstream-cloud.org.vivek91.017555.0044: MainProcess                     : MainThread     : INFO    : Load resource configurations for epsrc.archer_orte
2018-01-24 11:47:46,565: rp.session.js-169-212.jetstream-cloud.org.vivek91.017555.0044: MainProcess                     : MainThread     : INFO    : Load resource configurations for epsrc.archer_aprun
2018-01-24 11:47:46,566: rp.session.js-169-212.jetstream-cloud.org.vivek91.017555.0044: MainProcess                     : MainThread     : INFO    : Load resource configurations from /home/vivek91/ves/ve-bms/local/lib/python2.7/site-packages/radical/pilot/configs/resource_das5.json
2018-01-24 11:47:46,568: rp.session.js-169-212.jetstream-cloud.org.vivek91.017555.0044: MainProcess                     : MainThread     : INFO    : Load resource configurations for das5.fs1_ssh
2018-01-24 11:47:46,569: rp.session.js-169-212.jetstream-cloud.org.vivek91.017555.0044: MainProcess                     : MainThread     : INFO    : Load resource configurations from /home/vivek91/ves/ve-bms/local/lib/python2.7/site-packages/radical/pilot/configs/resource_das4.json
2018-01-24 11:47:46,571: rp.session.js-169-212.jetstream-cloud.org.vivek91.017555.0044: MainProcess                     : MainThread     : INFO    : Load resource configurations for das4.fs2_ssh
2018-01-24 11:47:46,571: rp.session.js-169-212.jetstream-cloud.org.vivek91.017555.0044: MainProcess                     : MainThread     : INFO    : Load resource configurations from /home/vivek91/ves/ve-bms/local/lib/python2.7/site-packages/radical/pilot/configs/resource_local.json
2018-01-24 11:47:46,583: rp.session.js-169-212.jetstream-cloud.org.vivek91.017555.0044: MainProcess                     : MainThread     : INFO    : Load resource configurations for local.localhost_orte
2018-01-24 11:47:46,584: rp.session.js-169-212.jetstream-cloud.org.vivek91.017555.0044: MainProcess                     : MainThread     : INFO    : Load resource configurations for local.localhost_anaconda
2018-01-24 11:47:46,584: rp.session.js-169-212.jetstream-cloud.org.vivek91.017555.0044: MainProcess                     : MainThread     : INFO    : Load resource configurations for local.localhost_ortelib
2018-01-24 11:47:46,585: rp.session.js-169-212.jetstream-cloud.org.vivek91.017555.0044: MainProcess                     : MainThread     : INFO    : Load resource configurations for local.localhost
2018-01-24 11:47:46,585: rp.session.js-169-212.jetstream-cloud.org.vivek91.017555.0044: MainProcess                     : MainThread     : INFO    : Load resource configurations for local.localhost_spark
2018-01-24 11:47:46,585: rp.session.js-169-212.jetstream-cloud.org.vivek91.017555.0044: MainProcess                     : MainThread     : INFO    : Load resource configurations for local.localhost_spark_anaconda
2018-01-24 11:47:46,586: rp.session.js-169-212.jetstream-cloud.org.vivek91.017555.0044: MainProcess                     : MainThread     : INFO    : Load resource configurations for local.localhost_yarn
2018-01-24 11:47:46,586: rp.session.js-169-212.jetstream-cloud.org.vivek91.017555.0044: MainProcess                     : MainThread     : INFO    : Load resource configurations from /home/vivek91/ves/ve-bms/local/lib/python2.7/site-packages/radical/pilot/configs/resource_ornl.json
2018-01-24 11:47:46,593: rp.session.js-169-212.jetstream-cloud.org.vivek91.017555.0044: MainProcess                     : MainThread     : INFO    : Load resource configurations for ornl.titan_orte
2018-01-24 11:47:46,593: rp.session.js-169-212.jetstream-cloud.org.vivek91.017555.0044: MainProcess                     : MainThread     : INFO    : Load resource configurations for ornl.titan_aprun
2018-01-24 11:47:46,594: rp.session.js-169-212.jetstream-cloud.org.vivek91.017555.0044: MainProcess                     : MainThread     : INFO    : Load resource configurations for ornl.titan_ortelib
2018-01-24 11:47:46,594: rp.session.js-169-212.jetstream-cloud.org.vivek91.017555.0044: MainProcess                     : MainThread     : INFO    : Load resource configurations from /home/vivek91/ves/ve-bms/local/lib/python2.7/site-packages/radical/pilot/configs/resource_stfc.json
2018-01-24 11:47:46,596: rp.session.js-169-212.jetstream-cloud.org.vivek91.017555.0044: MainProcess                     : MainThread     : INFO    : Load resource configurations for stfc.joule_runjob
2018-01-24 11:47:46,597: rp.session.js-169-212.jetstream-cloud.org.vivek91.017555.0044: MainProcess                     : MainThread     : INFO    : Load resource configurations from /home/vivek91/ves/ve-bms/local/lib/python2.7/site-packages/radical/pilot/configs/resource_ncar.json
2018-01-24 11:47:46,599: rp.session.js-169-212.jetstream-cloud.org.vivek91.017555.0044: MainProcess                     : MainThread     : INFO    : Load resource configurations for ncar.yellowstone_ssh
2018-01-24 11:47:46,599: rp.session.js-169-212.jetstream-cloud.org.vivek91.017555.0044: MainProcess                     : MainThread     : INFO    : Load resource configurations from /home/vivek91/ves/ve-bms/local/lib/python2.7/site-packages/radical/pilot/configs/resource_yale.json
2018-01-24 11:47:46,601: rp.session.js-169-212.jetstream-cloud.org.vivek91.017555.0044: MainProcess                     : MainThread     : INFO    : Load resource configurations for yale.grace_ssh
2018-01-24 11:47:46,601: rp.session.js-169-212.jetstream-cloud.org.vivek91.017555.0044: MainProcess                     : MainThread     : INFO    : Load resource configurations from /home/vivek91/ves/ve-bms/local/lib/python2.7/site-packages/radical/pilot/configs/resource_chameleon.json
2018-01-24 11:47:46,603: rp.session.js-169-212.jetstream-cloud.org.vivek91.017555.0044: MainProcess                     : MainThread     : INFO    : Load resource configurations for chameleon.cloud_vm_yarn
2018-01-24 11:47:46,603: rp.session.js-169-212.jetstream-cloud.org.vivek91.017555.0044: MainProcess                     : MainThread     : INFO    : Load resource configurations from /home/vivek91/ves/ve-bms/local/lib/python2.7/site-packages/radical/pilot/configs/resource_osg.json
2018-01-24 11:47:46,607: rp.session.js-169-212.jetstream-cloud.org.vivek91.017555.0044: MainProcess                     : MainThread     : INFO    : Load resource configurations for osg.xsede-virt-clust
2018-01-24 11:47:46,607: rp.session.js-169-212.jetstream-cloud.org.vivek91.017555.0044: MainProcess                     : MainThread     : INFO    : Load resource configurations for osg.connect
2018-01-24 11:47:46,608: rp.session.js-169-212.jetstream-cloud.org.vivek91.017555.0044: MainProcess                     : MainThread     : INFO    : Load resource configurations from /home/vivek91/ves/ve-bms/local/lib/python2.7/site-packages/radical/pilot/configs/resource_futuregrid.json
2018-01-24 11:47:46,616: rp.session.js-169-212.jetstream-cloud.org.vivek91.017555.0044: MainProcess                     : MainThread     : INFO    : Load resource configurations for futuregrid.delta_ssh
2018-01-24 11:47:46,616: rp.session.js-169-212.jetstream-cloud.org.vivek91.017555.0044: MainProcess                     : MainThread     : INFO    : Load resource configurations for futuregrid.india_ssh
2018-01-24 11:47:46,617: rp.session.js-169-212.jetstream-cloud.org.vivek91.017555.0044: MainProcess                     : MainThread     : INFO    : Load resource configurations for futuregrid.echo_ssh
2018-01-24 11:47:46,617: rp.session.js-169-212.jetstream-cloud.org.vivek91.017555.0044: MainProcess                     : MainThread     : INFO    : Load resource configurations for futuregrid.xray_ccm
2018-01-24 11:47:46,617: rp.session.js-169-212.jetstream-cloud.org.vivek91.017555.0044: MainProcess                     : MainThread     : INFO    : Load resource configurations for futuregrid.bravo_ssh
2018-01-24 11:47:46,618: rp.session.js-169-212.jetstream-cloud.org.vivek91.017555.0044: MainProcess                     : MainThread     : INFO    : Load resource configurations for futuregrid.xray_aprun
2018-01-24 11:47:46,618: rp.session.js-169-212.jetstream-cloud.org.vivek91.017555.0044: MainProcess                     : MainThread     : INFO    : Load resource configurations from /home/vivek91/ves/ve-bms/local/lib/python2.7/site-packages/radical/pilot/configs/resource_rice.json
2018-01-24 11:47:46,621: rp.session.js-169-212.jetstream-cloud.org.vivek91.017555.0044: MainProcess                     : MainThread     : INFO    : Load resource configurations for rice.davinci_ssh
2018-01-24 11:47:46,621: rp.session.js-169-212.jetstream-cloud.org.vivek91.017555.0044: MainProcess                     : MainThread     : INFO    : Load resource configurations for rice.biou_ssh
2018-01-24 11:47:46,622: rp.session.js-169-212.jetstream-cloud.org.vivek91.017555.0044: MainProcess                     : MainThread     : INFO    : Load resource configurations from /home/vivek91/ves/ve-bms/local/lib/python2.7/site-packages/radical/pilot/configs/resource_iu.json
2018-01-24 11:47:46,625: rp.session.js-169-212.jetstream-cloud.org.vivek91.017555.0044: MainProcess                     : MainThread     : INFO    : Load resource configurations for iu.bigred2_ccm_ssh
2018-01-24 11:47:46,625: rp.session.js-169-212.jetstream-cloud.org.vivek91.017555.0044: MainProcess                     : MainThread     : INFO    : Load resource configurations for iu.bigred2_aprun
2018-01-24 11:47:46,625: rp.session.js-169-212.jetstream-cloud.org.vivek91.017555.0044: MainProcess                     : MainThread     : INFO    : Load resource configurations from /home/vivek91/ves/ve-bms/local/lib/python2.7/site-packages/radical/pilot/configs/resource_lrz.json
2018-01-24 11:47:46,627: rp.session.js-169-212.jetstream-cloud.org.vivek91.017555.0044: MainProcess                     : MainThread     : INFO    : Load resource configurations for lrz.supermuc_ssh
2018-01-24 11:47:46,627: rp.session.js-169-212.jetstream-cloud.org.vivek91.017555.0044: MainProcess                     : MainThread     : INFO    : Load resource configurations from /home/vivek91/ves/ve-bms/local/lib/python2.7/site-packages/radical/pilot/configs/resource_radical.json
2018-01-24 11:47:46,632: rp.session.js-169-212.jetstream-cloud.org.vivek91.017555.0044: MainProcess                     : MainThread     : INFO    : Load resource configurations for radical.two
2018-01-24 11:47:46,632: rp.session.js-169-212.jetstream-cloud.org.vivek91.017555.0044: MainProcess                     : MainThread     : INFO    : Load resource configurations for radical.tutorial
2018-01-24 11:47:46,632: rp.session.js-169-212.jetstream-cloud.org.vivek91.017555.0044: MainProcess                     : MainThread     : INFO    : Load resource configurations for radical.one
2018-01-24 11:47:46,633: rp.session.js-169-212.jetstream-cloud.org.vivek91.017555.0044: MainProcess                     : MainThread     : INFO    : Load resource configurations from /home/vivek91/ves/ve-bms/local/lib/python2.7/site-packages/radical/pilot/configs/resource_nersc.json
2018-01-24 11:47:46,641: rp.session.js-169-212.jetstream-cloud.org.vivek91.017555.0044: MainProcess                     : MainThread     : INFO    : Load resource configurations for nersc.edison_ccm_ssh
2018-01-24 11:47:46,642: rp.session.js-169-212.jetstream-cloud.org.vivek91.017555.0044: MainProcess                     : MainThread     : INFO    : Load resource configurations for nersc.hopper_orte
2018-01-24 11:47:46,642: rp.session.js-169-212.jetstream-cloud.org.vivek91.017555.0044: MainProcess                     : MainThread     : INFO    : Load resource configurations for nersc.hopper_ccm_ssh
2018-01-24 11:47:46,643: rp.session.js-169-212.jetstream-cloud.org.vivek91.017555.0044: MainProcess                     : MainThread     : INFO    : Load resource configurations for nersc.edison_aprun
2018-01-24 11:47:46,643: rp.session.js-169-212.jetstream-cloud.org.vivek91.017555.0044: MainProcess                     : MainThread     : INFO    : Load resource configurations for nersc.hopper_aprun
2018-01-24 11:47:46,643: rp.session.js-169-212.jetstream-cloud.org.vivek91.017555.0044: MainProcess                     : MainThread     : INFO    : Load resource configurations for nersc.edison_orte
2018-01-24 11:47:46,644: rp.session.js-169-212.jetstream-cloud.org.vivek91.017555.0044: MainProcess                     : MainThread     : INFO    : Load resource configurations from /home/vivek91/ves/ve-bms/local/lib/python2.7/site-packages/radical/pilot/configs/resource_lumc.json
2018-01-24 11:47:46,646: rp.session.js-169-212.jetstream-cloud.org.vivek91.017555.0044: MainProcess                     : MainThread     : INFO    : Load resource configurations for lumc.gb-ui_ssh
2018-01-24 11:47:46,647: rp.session.js-169-212.jetstream-cloud.org.vivek91.017555.0044: MainProcess                     : MainThread     : INFO    : Load resource configurations for lumc.shark_ssh
2018-01-24 11:47:46,647: rp.session.js-169-212.jetstream-cloud.org.vivek91.017555.0044: MainProcess                     : MainThread     : INFO    : Load resource configurations from /home/vivek91/ves/ve-bms/local/lib/python2.7/site-packages/radical/pilot/configs/resource_xsede.json
2018-01-24 11:47:46,676: rp.session.js-169-212.jetstream-cloud.org.vivek91.017555.0044: MainProcess                     : MainThread     : INFO    : Load resource configurations for xsede.gordon_ssh
2018-01-24 11:47:46,677: rp.session.js-169-212.jetstream-cloud.org.vivek91.017555.0044: MainProcess                     : MainThread     : INFO    : Load resource configurations for xsede.lonestar_ssh
2018-01-24 11:47:46,677: rp.session.js-169-212.jetstream-cloud.org.vivek91.017555.0044: MainProcess                     : MainThread     : INFO    : Load resource configurations for xsede.supermic_spark
2018-01-24 11:47:46,677: rp.session.js-169-212.jetstream-cloud.org.vivek91.017555.0044: MainProcess                     : MainThread     : INFO    : Load resource configurations for xsede.wrangler_yarn
2018-01-24 11:47:46,678: rp.session.js-169-212.jetstream-cloud.org.vivek91.017555.0044: MainProcess                     : MainThread     : INFO    : Load resource configurations for xsede.blacklight_ssh
2018-01-24 11:47:46,678: rp.session.js-169-212.jetstream-cloud.org.vivek91.017555.0044: MainProcess                     : MainThread     : INFO    : Load resource configurations for xsede.stampede_ortelib
2018-01-24 11:47:46,678: rp.session.js-169-212.jetstream-cloud.org.vivek91.017555.0044: MainProcess                     : MainThread     : INFO    : Load resource configurations for xsede.stampede_yarn
2018-01-24 11:47:46,679: rp.session.js-169-212.jetstream-cloud.org.vivek91.017555.0044: MainProcess                     : MainThread     : INFO    : Load resource configurations for xsede.stampede_ssh
2018-01-24 11:47:46,679: rp.session.js-169-212.jetstream-cloud.org.vivek91.017555.0044: MainProcess                     : MainThread     : INFO    : Load resource configurations for xsede.greenfield
2018-01-24 11:47:46,679: rp.session.js-169-212.jetstream-cloud.org.vivek91.017555.0044: MainProcess                     : MainThread     : INFO    : Load resource configurations for xsede.bridges
2018-01-24 11:47:46,680: rp.session.js-169-212.jetstream-cloud.org.vivek91.017555.0044: MainProcess                     : MainThread     : INFO    : Load resource configurations for xsede.trestles_ssh
2018-01-24 11:47:46,680: rp.session.js-169-212.jetstream-cloud.org.vivek91.017555.0044: MainProcess                     : MainThread     : INFO    : Load resource configurations for xsede.supermic_ortelib
2018-01-24 11:47:46,680: rp.session.js-169-212.jetstream-cloud.org.vivek91.017555.0044: MainProcess                     : MainThread     : INFO    : Load resource configurations for xsede.stampede2_ssh
2018-01-24 11:47:46,681: rp.session.js-169-212.jetstream-cloud.org.vivek91.017555.0044: MainProcess                     : MainThread     : INFO    : Load resource configurations for xsede.supermic_ssh
2018-01-24 11:47:46,681: rp.session.js-169-212.jetstream-cloud.org.vivek91.017555.0044: MainProcess                     : MainThread     : INFO    : Load resource configurations for xsede.wrangler_ssh
2018-01-24 11:47:46,681: rp.session.js-169-212.jetstream-cloud.org.vivek91.017555.0044: MainProcess                     : MainThread     : INFO    : Load resource configurations for xsede.supermic_orte
2018-01-24 11:47:46,681: rp.session.js-169-212.jetstream-cloud.org.vivek91.017555.0044: MainProcess                     : MainThread     : INFO    : Load resource configurations for xsede.wrangler_spark
2018-01-24 11:47:46,682: rp.session.js-169-212.jetstream-cloud.org.vivek91.017555.0044: MainProcess                     : MainThread     : INFO    : Load resource configurations for xsede.stampede_orte
2018-01-24 11:47:46,682: rp.session.js-169-212.jetstream-cloud.org.vivek91.017555.0044: MainProcess                     : MainThread     : INFO    : Load resource configurations for xsede.comet_ortelib
2018-01-24 11:47:46,682: rp.session.js-169-212.jetstream-cloud.org.vivek91.017555.0044: MainProcess                     : MainThread     : INFO    : Load resource configurations for xsede.comet_orte
2018-01-24 11:47:46,683: rp.session.js-169-212.jetstream-cloud.org.vivek91.017555.0044: MainProcess                     : MainThread     : INFO    : Load resource configurations for xsede.comet_spark
2018-01-24 11:47:46,683: rp.session.js-169-212.jetstream-cloud.org.vivek91.017555.0044: MainProcess                     : MainThread     : INFO    : Load resource configurations for xsede.comet_ssh
2018-01-24 11:47:46,683: rp.session.js-169-212.jetstream-cloud.org.vivek91.017555.0044: MainProcess                     : MainThread     : INFO    : Load resource configurations for xsede.stampede_spark
2018-01-24 11:47:46,683: rp.session.js-169-212.jetstream-cloud.org.vivek91.017555.0044: MainProcess                     : MainThread     : INFO    : Load resource configurations from /home/vivek91/ves/ve-bms/local/lib/python2.7/site-packages/radical/pilot/configs/resource_fub.json
2018-01-24 11:47:46,685: rp.session.js-169-212.jetstream-cloud.org.vivek91.017555.0044: MainProcess                     : MainThread     : INFO    : Load resource configurations for fub.allegro_rsh
2018-01-24 11:47:46,685: rp.session.js-169-212.jetstream-cloud.org.vivek91.017555.0044: MainProcess                     : MainThread     : INFO    : Load resource configurations from /home/vivek91/ves/ve-bms/local/lib/python2.7/site-packages/radical/pilot/configs/resource_aliases.json
2018-01-24 11:47:47,066: rp.session.js-169-212.jetstream-cloud.org.vivek91.017555.0044: MainProcess                     : MainThread     : INFO    : New Session created: rp.session.js-169-212.jetstream-cloud.org.vivek91.017555.0044.
2018-01-24 11:47:47,066: rp.session.js-169-212.jetstream-cloud.org.vivek91.017555.0044: MainProcess                     : MainThread     : DEBUG   : start bridges   : {u'control_pubsub': {u'bulk_size': 0, u'log_level': u'debug', u'stall_hwm': 1},
 u'log_pubsub': {u'bulk_size': 0, u'log_level': u'debug', u'stall_hwm': 1},
 u'state_pubsub': {u'bulk_size': 0, u'log_level': u'debug', u'stall_hwm': 1}}
2018-01-24 11:47:47,067: rp.session.js-169-212.jetstream-cloud.org.vivek91.017555.0044: MainProcess                     : MainThread     : INFO    : create bridge control_pubsub
2018-01-24 11:47:47,090: rp.session.js-169-212.jetstream-cloud.org.vivek91.017555.0044: MainProcess                     : MainThread     : INFO    : created bridge control_pubsub (control.pubsub.bridge.0000)
2018-01-24 11:47:47,090: rp.session.js-169-212.jetstream-cloud.org.vivek91.017555.0044: MainProcess                     : MainThread     : INFO    : create bridge state_pubsub
2018-01-24 11:47:47,110: rp.session.js-169-212.jetstream-cloud.org.vivek91.017555.0044: MainProcess                     : MainThread     : INFO    : created bridge state_pubsub (state.pubsub.bridge.0000)
2018-01-24 11:47:47,110: rp.session.js-169-212.jetstream-cloud.org.vivek91.017555.0044: MainProcess                     : MainThread     : INFO    : create bridge log_pubsub
2018-01-24 11:47:47,128: rp.session.js-169-212.jetstream-cloud.org.vivek91.017555.0044: MainProcess                     : MainThread     : INFO    : created bridge log_pubsub (log.pubsub.bridge.0000)
2018-01-24 11:47:47,128: rp.session.js-169-212.jetstream-cloud.org.vivek91.017555.0044: MainProcess                     : MainThread     : DEBUG   : start components: {u'UpdateWorker': {u'count': 1}}
2018-01-24 11:47:47,129: rp.session.js-169-212.jetstream-cloud.org.vivek91.017555.0044: MainProcess                     : MainThread     : DEBUG   : start 1 component(s) UpdateWorker
2018-01-24 11:47:47,726: rp.session.js-169-212.jetstream-cloud.org.vivek91.017555.0044: MainProcess                     : MainThread     : INFO    : rp.session.js-169-212.jetstream-cloud.org.vivek91.017555.0044 starts update.0
2018-01-24 11:47:48,261: rp.session.js-169-212.jetstream-cloud.org.vivek91.017555.0044: MainProcess                     : MainThread     : WARNING : using alias 'xsede.supermic_ssh' for deprecated resource key 'xsede.supermic'
2018-01-24 11:47:48,261: rp.session.js-169-212.jetstream-cloud.org.vivek91.017555.0044: MainProcess                     : MainThread     : WARNING : using alias 'xsede.supermic_ssh' for deprecated resource key 'xsede.supermic'
2018-01-24 11:47:48,262: rp.session.js-169-212.jetstream-cloud.org.vivek91.017555.0044: MainProcess                     : MainThread     : DEBUG   : rsup.PTYShell('gsissh://supermic.cct-lsu.xsede.org:2222/')
2018-01-24 11:47:52,386: rp.session.js-169-212.jetstream-cloud.org.vivek91.017555.0044: MainProcess                     : MainThread     : DEBUG   : sandbox base gsissh://supermic.cct-lsu.xsede.org:2222/: '/work/vivek91'
2018-01-24 11:47:52,413: rp.session.js-169-212.jetstream-cloud.org.vivek91.017555.0044: MainProcess                     : MainThread     : DEBUG   : bulk pilot insert result: {'nModified': 0, 'nUpserted': 0, 'nMatched': 0, 'writeErrors': [], 'upserted': [], 'writeConcernErrors': [], 'nRemoved': 0, 'nInserted': 1}
2018-01-24 11:47:52,417: rp.session.js-169-212.jetstream-cloud.org.vivek91.017555.0044: pmgr.0000.launching.0           : MainThread     : WARNING : using alias 'xsede.supermic_ssh' for deprecated resource key 'xsede.supermic'
2018-01-24 11:47:52,419: rp.session.js-169-212.jetstream-cloud.org.vivek91.017555.0044: pmgr.0000.launching.0           : MainThread     : WARNING : using alias 'xsede.supermic_ssh' for deprecated resource key 'xsede.supermic'
2018-01-24 11:47:52,419: rp.session.js-169-212.jetstream-cloud.org.vivek91.017555.0044: pmgr.0000.launching.0           : MainThread     : DEBUG   : rsup.PTYShell('gsissh://supermic.cct-lsu.xsede.org:2222/')
2018-01-24 11:47:53,917: rp.session.js-169-212.jetstream-cloud.org.vivek91.017555.0044: pmgr.0000.launching.0           : MainThread     : DEBUG   : sandbox base gsissh://supermic.cct-lsu.xsede.org:2222/: '/work/vivek91'
2018-01-24 11:48:38,050: rp.session.js-169-212.jetstream-cloud.org.vivek91.017555.0044: task-manager                    : MainThread     : DEBUG   : bulk unit insert result: {'nModified': 0, 'nUpserted': 0, 'nMatched': 0, 'writeErrors': [], 'upserted': [], 'writeConcernErrors': [], 'nRemoved': 0, 'nInserted': 1}
2018-01-24 11:53:03,914: rp.session.js-169-212.jetstream-cloud.org.vivek91.017555.0044: MainProcess                     : MainThread     : DEBUG   : session rp.session.js-169-212.jetstream-cloud.org.vivek91.017555.0044 closing
2018-01-24 11:53:03,914: rp.session.js-169-212.jetstream-cloud.org.vivek91.017555.0044: MainProcess                     : MainThread     : DEBUG   : session rp.session.js-169-212.jetstream-cloud.org.vivek91.017555.0044 closes pmgr   pmgr.0000
2018-01-24 11:53:07,098: rp.session.js-169-212.jetstream-cloud.org.vivek91.017555.0044: MainProcess                     : MainThread     : DEBUG   : session rp.session.js-169-212.jetstream-cloud.org.vivek91.017555.0044 closed pmgr   pmgr.0000
2018-01-24 11:53:07,098: rp.session.js-169-212.jetstream-cloud.org.vivek91.017555.0044: MainProcess                     : MainThread     : DEBUG   : session rp.session.js-169-212.jetstream-cloud.org.vivek91.017555.0044 closes comp   update.0
2018-01-24 11:53:07,098: rp.session.js-169-212.jetstream-cloud.org.vivek91.017555.0044: MainProcess                     : MainThread     : DEBUG   :  === update.0 stop called
2018-01-24 11:53:07,167: rp.session.js-169-212.jetstream-cloud.org.vivek91.017555.0044: update.0                        : MainThread     : DEBUG   :  === update.0.child stop called
2018-01-24 11:53:07,350: rp.session.js-169-212.jetstream-cloud.org.vivek91.017555.0044: update.0                        : MainThread     : DEBUG   :  === update.0.child stop called
2018-01-24 11:53:07,375: rp.session.js-169-212.jetstream-cloud.org.vivek91.017555.0044: MainProcess                     : MainThread     : DEBUG   : session rp.session.js-169-212.jetstream-cloud.org.vivek91.017555.0044 closed comp   update.0
2018-01-24 11:53:07,375: rp.session.js-169-212.jetstream-cloud.org.vivek91.017555.0044: MainProcess                     : MainThread     : DEBUG   : session rp.session.js-169-212.jetstream-cloud.org.vivek91.017555.0044 closes bridge control.pubsub.bridge.0000
2018-01-24 11:53:08,357: rp.session.js-169-212.jetstream-cloud.org.vivek91.017555.0044: MainProcess                     : MainThread     : DEBUG   : session rp.session.js-169-212.jetstream-cloud.org.vivek91.017555.0044 closed bridge control.pubsub.bridge.0000
2018-01-24 11:53:08,358: rp.session.js-169-212.jetstream-cloud.org.vivek91.017555.0044: MainProcess                     : MainThread     : DEBUG   : session rp.session.js-169-212.jetstream-cloud.org.vivek91.017555.0044 closes bridge state.pubsub.bridge.0000
2018-01-24 11:53:09,391: rp.session.js-169-212.jetstream-cloud.org.vivek91.017555.0044: MainProcess                     : MainThread     : DEBUG   : session rp.session.js-169-212.jetstream-cloud.org.vivek91.017555.0044 closed bridge state.pubsub.bridge.0000
2018-01-24 11:53:09,391: rp.session.js-169-212.jetstream-cloud.org.vivek91.017555.0044: MainProcess                     : MainThread     : DEBUG   : session rp.session.js-169-212.jetstream-cloud.org.vivek91.017555.0044 closes bridge log.pubsub.bridge.0000
2018-01-24 11:53:09,771: rp.session.js-169-212.jetstream-cloud.org.vivek91.017555.0044: MainProcess                     : MainThread     : DEBUG   : session rp.session.js-169-212.jetstream-cloud.org.vivek91.017555.0044 closed bridge log.pubsub.bridge.0000
2018-01-24 11:53:09,771: rp.session.js-169-212.jetstream-cloud.org.vivek91.017555.0044: MainProcess                     : MainThread     : DEBUG   : session rp.session.js-169-212.jetstream-cloud.org.vivek91.017555.0044 closes db (False)
2018-01-24 11:53:09,772: rp.session.js-169-212.jetstream-cloud.org.vivek91.017555.0044: MainProcess                     : MainThread     : DEBUG   : session rp.session.js-169-212.jetstream-cloud.org.vivek91.017555.0044 closed (delete=False)
2018-01-24 11:53:09,891: rp.session.js-169-212.jetstream-cloud.org.vivek91.017555.0044: MainProcess                     : MainThread     : DEBUG   :  === update.0 stop called
