2018-01-24 11:47:47,438: state.pubsub.pub.0000: update.0                        : MainThread     : INFO    : python.interpreter   version: 2.7.6 (default, Jun 22 2015, 17:58:13) [GCC 4.8.2]
2018-01-24 11:47:47,439: state.pubsub.pub.0000: update.0                        : MainThread     : INFO    :                      pid: 13227
2018-01-24 11:47:47,439: state.pubsub.pub.0000: update.0                        : MainThread     : INFO    :                      tid: MainThread
2018-01-24 11:47:47,439: state.pubsub.pub.0000: update.0                        : MainThread     : INFO    : radical.pilot        version: 0.47.1
2018-01-24 11:47:47,439: state.pubsub.pub.0000: update.0                        : MainThread     : INFO    : create state_pubsub - pub - tcp://172.29.241.4:59453
2018-01-24 11:47:47,440: state.pubsub.pub.0000: update.0                        : MainThread     : DEBUG   : start process
2018-01-24 11:47:47,440: state.pubsub.pub.0000: update.0                        : MainThread     : DEBUG   : ru_initialize_common (NOOP)
2018-01-24 11:47:47,440: state.pubsub.pub.0000: update.0                        : MainThread     : DEBUG   : ru_initialize_parent (NOOP)
2018-01-24 11:47:47,440: state.pubsub.pub.0000: update.0                        : MainThread     : DEBUG   : process class started (no child)
2018-01-24 11:47:47,718: state.pubsub.pub.0000: MainProcess                     : MainThread     : INFO    : python.interpreter   version: 2.7.6 (default, Jun 22 2015, 17:58:13) [GCC 4.8.2]
2018-01-24 11:47:47,719: state.pubsub.pub.0000: MainProcess                     : MainThread     : INFO    :                      pid: 13189
2018-01-24 11:47:47,719: state.pubsub.pub.0000: MainProcess                     : MainThread     : INFO    :                      tid: MainThread
2018-01-24 11:47:47,719: state.pubsub.pub.0000: MainProcess                     : MainThread     : INFO    : radical.pilot        version: 0.47.1
2018-01-24 11:47:47,719: state.pubsub.pub.0000: MainProcess                     : MainThread     : INFO    : create state_pubsub - pub - tcp://172.29.241.4:59453
2018-01-24 11:47:47,720: state.pubsub.pub.0000: MainProcess                     : MainThread     : DEBUG   : start process
2018-01-24 11:47:47,720: state.pubsub.pub.0000: MainProcess                     : MainThread     : DEBUG   : ru_initialize_common (NOOP)
2018-01-24 11:47:47,720: state.pubsub.pub.0000: MainProcess                     : MainThread     : DEBUG   : ru_initialize_parent (NOOP)
2018-01-24 11:47:47,720: state.pubsub.pub.0000: MainProcess                     : MainThread     : DEBUG   : process class started (no child)
2018-01-24 11:53:07,123: state.pubsub.pub.0000: MainProcess                     : MainThread     : INFO    : parent stops child  13189 -> None [state.pubsub.pub.0000]
2018-01-24 11:53:07,123: state.pubsub.pub.0000: MainProcess                     : MainThread     : DEBUG   : ru_finalize_parent (NOOP)
2018-01-24 11:53:07,322: state.pubsub.pub.0000: update.0                        : MainThread     : INFO    : parent stops child  13227 -> None [state.pubsub.pub.0000]
2018-01-24 11:53:07,322: state.pubsub.pub.0000: update.0                        : MainThread     : DEBUG   : ru_finalize_parent (NOOP)
