2018-01-24 11:47:47,189: update.0.child      : update.0                        : MainThread     : INFO    : python.interpreter   version: 2.7.6 (default, Jun 22 2015, 17:58:13) [GCC 4.8.2]
2018-01-24 11:47:47,189: update.0.child      : update.0                        : MainThread     : INFO    :                      pid: 13227
2018-01-24 11:47:47,189: update.0.child      : update.0                        : MainThread     : INFO    :                      tid: MainThread
2018-01-24 11:47:47,190: update.0.child      : update.0                        : MainThread     : INFO    : radical.pilot        version: 0.47.1
2018-01-24 11:47:47,430: update.0.child      : update.0                        : MainThread     : INFO    : initialize update.0.child
2018-01-24 11:47:47,433: update.0.child      : update.0                        : MainThread     : INFO    : cfg: {'agents': {},
 u'bridges': {u'control_pubsub': {'addr_in': 'tcp://172.29.241.4:53365',
                                  'addr_out': 'tcp://172.29.241.4:47535',
                                  u'bulk_size': 0,
                                  u'log_level': u'debug',
                                  u'stall_hwm': 1},
              u'log_pubsub': {'addr_in': 'tcp://172.29.241.4:53271',
                              'addr_out': 'tcp://172.29.241.4:48636',
                              u'bulk_size': 0,
                              u'log_level': u'debug',
                              u'stall_hwm': 1},
              u'state_pubsub': {'addr_in': 'tcp://172.29.241.4:59453',
                                'addr_out': 'tcp://172.29.241.4:40222',
                                u'bulk_size': 0,
                                u'log_level': u'debug',
                                u'stall_hwm': 1}},
 'cname': u'UpdateWorker',
 u'components': {},
 u'count': 1,
 'dburl': 'mongodb://entk:entk@ds125126.mlab.com:25126/adbms-1',
 'debug': 'DEBUG',
 u'default_dburl': u'mongodb://rp:rp@ds015335.mlab.com:15335/rp',
 'logdir': '/home/vivek91/repos/adaptive-bms-experiments/task-count-adap/bin/rp.session.js-169-212.jetstream-cloud.org.vivek91.017555.0044',
 'number': 0,
 'owner': 'rp.session.js-169-212.jetstream-cloud.org.vivek91.017555.0044',
 'session_id': 'rp.session.js-169-212.jetstream-cloud.org.vivek91.017555.0044'}
2018-01-24 11:47:47,433: update.0.child      : update.0                        : MainThread     : DEBUG   : start components: {}
2018-01-24 11:47:47,433: update.0.child      : update.0                        : MainThread     : DEBUG   : alive check in term
2018-01-24 11:47:47,434: update.0.child      : update.0                        : MainThread     : DEBUG   : START: update.0.child register publisher log_pubsub
2018-01-24 11:47:47,434: update.0.child      : update.0                        : MainThread     : DEBUG   : using addr tcp://172.29.241.4:53271 for pubsub log_pubsub
2018-01-24 11:47:47,437: update.0.child      : update.0                        : MainThread     : DEBUG   : registered publisher : log_pubsub : log.pubsub.pub.0000
2018-01-24 11:47:47,437: update.0.child      : update.0                        : MainThread     : DEBUG   : alive check in term
2018-01-24 11:47:47,437: update.0.child      : update.0                        : MainThread     : DEBUG   : START: update.0.child register publisher state_pubsub
2018-01-24 11:47:47,437: update.0.child      : update.0                        : MainThread     : DEBUG   : using addr tcp://172.29.241.4:59453 for pubsub state_pubsub
2018-01-24 11:47:47,440: update.0.child      : update.0                        : MainThread     : DEBUG   : registered publisher : state_pubsub : state.pubsub.pub.0000
2018-01-24 11:47:47,440: update.0.child      : update.0                        : MainThread     : DEBUG   : alive check in term
2018-01-24 11:47:47,440: update.0.child      : update.0                        : MainThread     : DEBUG   : START: update.0.child register publisher control_pubsub
2018-01-24 11:47:47,440: update.0.child      : update.0                        : MainThread     : DEBUG   : using addr tcp://172.29.241.4:53365 for pubsub control_pubsub
2018-01-24 11:47:47,443: update.0.child      : update.0                        : MainThread     : DEBUG   : registered publisher : control_pubsub : control.pubsub.pub.0000
2018-01-24 11:47:47,443: update.0.child      : update.0                        : MainThread     : DEBUG   : alive check in term
2018-01-24 11:47:47,443: update.0.child      : update.0                        : MainThread     : DEBUG   : START: update.0.child register subscriber update.0.child.subscriber._cancel_monitor_cb
2018-01-24 11:47:47,443: update.0.child      : update.0                        : MainThread     : DEBUG   : using addr tcp://172.29.241.4:47535 for pubsub control_pubsub
2018-01-24 11:47:47,446: update.0.child      : update.0                        : MainThread     : DEBUG   : parent name: update.0.child.subscriber._cancel_monitor_cb
2018-01-24 11:47:47,446: update.0.child      : update.0                        : MainThread     : DEBUG   : start thread
2018-01-24 11:47:47,447: update.0.child      : update.0                        : update.0.child.subscriber._cancel_monitor_cb: DEBUG   : child name: update.0.child.subscriber._cancel_monitor_cb.thread
2018-01-24 11:47:47,447: update.0.child      : update.0                        : update.0.child.subscriber._cancel_monitor_cb: INFO    : child (me) initializing
2018-01-24 11:47:47,448: update.0.child      : update.0                        : update.0.child.subscriber._cancel_monitor_cb: DEBUG   : ru_initialize_common (NOOP)
2018-01-24 11:47:47,448: update.0.child      : update.0                        : update.0.child.subscriber._cancel_monitor_cb: DEBUG   : ru_initialize_child (NOOP)
2018-01-24 11:47:47,448: update.0.child      : update.0                        : update.0.child.subscriber._cancel_monitor_cb: INFO    : send alive
2018-01-24 11:47:47,448: update.0.child      : update.0                        : update.0.child.subscriber._cancel_monitor_cb: INFO    : put message: [update.0.child.subscriber._cancel_monitor_cb.thread] alive
2018-01-24 11:47:47,448: update.0.child      : update.0                        : MainThread     : INFO    : get msg: alive
2018-01-24 11:47:47,449: update.0.child      : update.0                        : MainThread     : DEBUG   : ru_initialize_common (NOOP)
2018-01-24 11:47:47,449: update.0.child      : update.0                        : MainThread     : DEBUG   : ru_initialize_parent (NOOP)
2018-01-24 11:47:47,449: update.0.child      : update.0                        : MainThread     : DEBUG   : child thread update.0.child.subscriber._cancel_monitor_cb started
2018-01-24 11:47:47,449: update.0.child      : update.0                        : MainThread     : DEBUG   : update.0.child registered control_pubsub subscriber update.0.child.subscriber._cancel_monitor_cb
2018-01-24 11:47:47,699: update.0.child      : update.0                        : MainThread     : DEBUG   : alive check in term
2018-01-24 11:47:47,699: update.0.child      : update.0                        : MainThread     : DEBUG   : START: update.0.child register subscriber update.0.child.subscriber._state_cb
2018-01-24 11:47:47,699: update.0.child      : update.0                        : MainThread     : DEBUG   : using addr tcp://172.29.241.4:40222 for pubsub state_pubsub
2018-01-24 11:47:47,702: update.0.child      : update.0                        : MainThread     : DEBUG   : parent name: update.0.child.subscriber._state_cb
2018-01-24 11:47:47,703: update.0.child      : update.0                        : MainThread     : DEBUG   : start thread
2018-01-24 11:47:47,703: update.0.child      : update.0                        : update.0.child.subscriber._state_cb: DEBUG   : child name: update.0.child.subscriber._state_cb.thread
2018-01-24 11:47:47,703: update.0.child      : update.0                        : update.0.child.subscriber._state_cb: INFO    : child (me) initializing
2018-01-24 11:47:47,703: update.0.child      : update.0                        : update.0.child.subscriber._state_cb: DEBUG   : ru_initialize_common (NOOP)
2018-01-24 11:47:47,704: update.0.child      : update.0                        : update.0.child.subscriber._state_cb: DEBUG   : ru_initialize_child (NOOP)
2018-01-24 11:47:47,704: update.0.child      : update.0                        : update.0.child.subscriber._state_cb: INFO    : send alive
2018-01-24 11:47:47,704: update.0.child      : update.0                        : update.0.child.subscriber._state_cb: INFO    : put message: [update.0.child.subscriber._state_cb.thread] alive
2018-01-24 11:47:47,705: update.0.child      : update.0                        : MainThread     : INFO    : get msg: alive
2018-01-24 11:47:47,705: update.0.child      : update.0                        : MainThread     : DEBUG   : ru_initialize_common (NOOP)
2018-01-24 11:47:47,705: update.0.child      : update.0                        : MainThread     : DEBUG   : ru_initialize_parent (NOOP)
2018-01-24 11:47:47,705: update.0.child      : update.0                        : MainThread     : DEBUG   : child thread update.0.child.subscriber._state_cb started
2018-01-24 11:47:47,705: update.0.child      : update.0                        : MainThread     : DEBUG   : update.0.child registered state_pubsub subscriber update.0.child.subscriber._state_cb
2018-01-24 11:47:47,705: update.0.child      : update.0                        : MainThread     : DEBUG   : alive check in term
2018-01-24 11:47:47,705: update.0.child      : update.0                        : MainThread     : DEBUG   : START: update.0.child register idler update.0.child.idler._idle_cb
2018-01-24 11:47:47,706: update.0.child      : update.0                        : MainThread     : DEBUG   : parent name: update.0.child.idler._idle_cb
2018-01-24 11:47:47,706: update.0.child      : update.0                        : MainThread     : DEBUG   : start thread
2018-01-24 11:47:47,706: update.0.child      : update.0                        : update.0.child.idler._idle_cb: DEBUG   : child name: update.0.child.idler._idle_cb.thread
2018-01-24 11:47:47,707: update.0.child      : update.0                        : update.0.child.idler._idle_cb: INFO    : child (me) initializing
2018-01-24 11:47:47,707: update.0.child      : update.0                        : update.0.child.idler._idle_cb: DEBUG   : ru_initialize_common (NOOP)
2018-01-24 11:47:47,707: update.0.child      : update.0                        : update.0.child.idler._idle_cb: DEBUG   : ru_initialize_child (NOOP)
2018-01-24 11:47:47,707: update.0.child      : update.0                        : update.0.child.idler._idle_cb: INFO    : send alive
2018-01-24 11:47:47,707: update.0.child      : update.0                        : update.0.child.idler._idle_cb: INFO    : put message: [update.0.child.idler._idle_cb.thread] alive
2018-01-24 11:47:47,708: update.0.child      : update.0                        : MainThread     : INFO    : get msg: alive
2018-01-24 11:47:47,708: update.0.child      : update.0                        : MainThread     : DEBUG   : ru_initialize_common (NOOP)
2018-01-24 11:47:47,708: update.0.child      : update.0                        : MainThread     : DEBUG   : ru_initialize_parent (NOOP)
2018-01-24 11:47:47,708: update.0.child      : update.0                        : MainThread     : DEBUG   : child thread update.0.child.idler._idle_cb started
2018-01-24 11:47:47,708: update.0.child      : update.0                        : MainThread     : DEBUG   : update.0.child registered idler update.0.child.idler._idle_cb
2018-01-24 11:47:47,708: update.0.child      : update.0                        : MainThread     : INFO    : child (me) initializing
2018-01-24 11:47:47,709: update.0.child      : update.0                        : MainThread     : DEBUG   : parent name: update.0.child.watch
2018-01-24 11:47:47,709: update.0.child      : update.0                        : MainThread     : DEBUG   : start thread
2018-01-24 11:47:47,709: update.0.child      : update.0                        : update.0.child.watch: DEBUG   : child name: update.0.child.watch.thread
2018-01-24 11:47:47,710: update.0.child      : update.0                        : update.0.child.watch: INFO    : child (me) initializing
2018-01-24 11:47:47,710: update.0.child      : update.0                        : update.0.child.watch: DEBUG   : ru_initialize_common (NOOP)
2018-01-24 11:47:47,710: update.0.child      : update.0                        : update.0.child.watch: DEBUG   : ru_initialize_child (NOOP)
2018-01-24 11:47:47,710: update.0.child      : update.0                        : update.0.child.watch: INFO    : send alive
2018-01-24 11:47:47,710: update.0.child      : update.0                        : update.0.child.watch: INFO    : put message: [update.0.child.watch.thread] alive
2018-01-24 11:47:47,711: update.0.child      : update.0                        : MainThread     : INFO    : get msg: alive
2018-01-24 11:47:47,711: update.0.child      : update.0                        : MainThread     : DEBUG   : ru_initialize_common (NOOP)
2018-01-24 11:47:47,711: update.0.child      : update.0                        : MainThread     : DEBUG   : ru_initialize_parent (NOOP)
2018-01-24 11:47:47,711: update.0.child      : update.0                        : MainThread     : DEBUG   : child thread update.0.child.watch started
2018-01-24 11:47:47,711: update.0.child      : update.0                        : MainThread     : INFO    : child (me) is alive
2018-01-24 11:47:47,711: update.0.child      : update.0                        : MainThread     : INFO    : send alive
2018-01-24 11:47:47,711: update.0.child      : update.0                        : MainThread     : INFO    : send message: [update.0.child] alive
2018-01-24 11:47:52,671: update.0.child      : update.0                        : update.0.child.subscriber._state_cb: DEBUG   : bulk update result: {'nModified': 1, 'nUpserted': 0, 'nMatched': 1, 'writeErrors': [], 'upserted': [], 'writeConcernErrors': [], 'nRemoved': 0, 'nInserted': 0}
2018-01-24 11:47:52,672: update.0.child      : update.0                        : update.0.child.subscriber._cancel_monitor_cb: DEBUG   : command ignored: pilot_staging_input_request
2018-01-24 11:47:53,748: update.0.child      : update.0                        : update.0.child.idler._idle_cb: DEBUG   : bulk update result: {'nModified': 1, 'nUpserted': 0, 'nMatched': 1, 'writeErrors': [], 'upserted': [], 'writeConcernErrors': [], 'nRemoved': 0, 'nInserted': 0}
2018-01-24 11:48:04,599: update.0.child      : update.0                        : update.0.child.subscriber._state_cb: DEBUG   : bulk update result: {'nModified': 1, 'nUpserted': 0, 'nMatched': 1, 'writeErrors': [], 'upserted': [], 'writeConcernErrors': [], 'nRemoved': 0, 'nInserted': 0}
2018-01-24 11:48:04,600: update.0.child      : update.0                        : update.0.child.subscriber._cancel_monitor_cb: DEBUG   : command ignored: pilot_staging_input_result
2018-01-24 11:48:36,639: update.0.child      : update.0                        : update.0.child.subscriber._state_cb: DEBUG   : bulk update result: {'nModified': 1, 'nUpserted': 0, 'nMatched': 1, 'writeErrors': [], 'upserted': [], 'writeConcernErrors': [], 'nRemoved': 0, 'nInserted': 0}
2018-01-24 11:48:38,006: update.0.child      : update.0                        : update.0.child.subscriber._cancel_monitor_cb: DEBUG   : command ignored: add_pilots
2018-01-24 11:48:38,078: update.0.child      : update.0                        : update.0.child.subscriber._state_cb: DEBUG   : bulk update result: {'nModified': 1, 'nUpserted': 0, 'nMatched': 1, 'writeErrors': [], 'upserted': [], 'writeConcernErrors': [], 'nRemoved': 0, 'nInserted': 0}
2018-01-24 11:48:39,953: update.0.child      : update.0                        : update.0.child.idler._idle_cb: DEBUG   : bulk update result: {'nModified': 4, 'nUpserted': 0, 'nMatched': 4, 'writeErrors': [], 'upserted': [], 'writeConcernErrors': [], 'nRemoved': 0, 'nInserted': 0}
2018-01-24 11:52:43,744: update.0.child      : update.0                        : update.0.child.subscriber._state_cb: DEBUG   : bulk update result: {'nModified': 1, 'nUpserted': 0, 'nMatched': 1, 'writeErrors': [], 'upserted': [], 'writeConcernErrors': [], 'nRemoved': 0, 'nInserted': 0}
2018-01-24 11:52:45,454: update.0.child      : update.0                        : update.0.child.idler._idle_cb: DEBUG   : bulk update result: {'nModified': 2, 'nUpserted': 0, 'nMatched': 2, 'writeErrors': [], 'upserted': [], 'writeConcernErrors': [], 'nRemoved': 0, 'nInserted': 0}
2018-01-24 11:53:00,204: update.0.child      : update.0                        : update.0.child.subscriber._cancel_monitor_cb: DEBUG   : command ignored: cancel_pilots
2018-01-24 11:53:03,877: update.0.child      : update.0                        : update.0.child.subscriber._state_cb: DEBUG   : bulk update result: {'nModified': 1, 'nUpserted': 0, 'nMatched': 1, 'writeErrors': [], 'upserted': [], 'writeConcernErrors': [], 'nRemoved': 0, 'nInserted': 0}
2018-01-24 11:53:03,915: update.0.child      : update.0                        : update.0.child.subscriber._cancel_monitor_cb: DEBUG   : command ignored: cancel_pilots
2018-01-24 11:53:07,122: update.0.child      : update.0                        : update.0.child.watch: INFO    : recv message: STOP
2018-01-24 11:53:07,122: update.0.child      : update.0                        : update.0.child.watch: INFO    : message received: STOP
2018-01-24 11:53:07,122: update.0.child      : update.0                        : update.0.child.watch: INFO    : STOP received: STOP
2018-01-24 11:53:07,122: update.0.child      : update.0                        : update.0.child.watch: INFO    : watcher closes
2018-01-24 11:53:07,123: update.0.child      : update.0                        : update.0.child.watch: INFO    : put message: [update.0.child.watch.thread] work finished
2018-01-24 11:53:07,123: update.0.child      : update.0                        : update.0.child.watch: DEBUG   : ru_finalize_child (NOOP)
2018-01-24 11:53:07,123: update.0.child      : update.0                        : update.0.child.watch: DEBUG   : ru_finalize_common (NOOP)
2018-01-24 11:53:07,123: update.0.child      : update.0                        : update.0.child.watch: INFO    : put message: [update.0.child.watch.thread] terminating
2018-01-24 11:53:07,167: update.0.child      : update.0                        : MainThread     : WARNING : alive check: proc invalid - stop [False - True]
2018-01-24 11:53:07,230: update.0.child      : update.0                        : MainThread     : INFO    : stop update.0.child (13227 : 13227 : MainThread) [radical.pilot.worker.update.Update.stop]
2018-01-24 11:53:07,255: update.0.child      : update.0                        : MainThread     : INFO    : parent stops child  13227 -> 13227 [update.0.child]
2018-01-24 11:53:07,255: update.0.child      : update.0                        : MainThread     : INFO    : send message: [update.0.child] STOP
2018-01-24 11:53:07,255: update.0.child      : update.0                        : MainThread     : WARNING : send failed ([Errno 9] Bad file descriptor) - terminate
2018-01-24 11:53:07,255: update.0.child      : update.0                        : MainThread     : DEBUG   : TERM : update.0.child unregister idler update.0.child.idler._idle_cb
2018-01-24 11:53:07,256: update.0.child      : update.0                        : MainThread     : INFO    : parent stops child
2018-01-24 11:53:07,256: update.0.child      : update.0                        : MainThread     : DEBUG   : ru_finalize_parent (NOOP)
2018-01-24 11:53:07,256: update.0.child      : update.0                        : MainThread     : DEBUG   : ru_finalize_common (NOOP)
2018-01-24 11:53:07,305: update.0.child      : update.0                        : update.0.child.idler._idle_cb: DEBUG   : ru_finalize_child (NOOP)
2018-01-24 11:53:07,305: update.0.child      : update.0                        : update.0.child.idler._idle_cb: DEBUG   : ru_finalize_common (NOOP)
2018-01-24 11:53:07,305: update.0.child      : update.0                        : update.0.child.idler._idle_cb: INFO    : put message: [update.0.child.idler._idle_cb.thread] terminating
2018-01-24 11:53:07,320: update.0.child      : update.0                        : MainThread     : DEBUG   : TERM : update.0.child unregistered idler update.0.child.idler._idle_cb
2018-01-24 11:53:07,320: update.0.child      : update.0                        : MainThread     : DEBUG   : TERM : update.0.child unregister subscriber update.0.child.subscriber._state_cb
2018-01-24 11:53:07,320: update.0.child      : update.0                        : MainThread     : DEBUG   : unregistered subscriber update.0.child.subscriber._state_cb
2018-01-24 11:53:07,320: update.0.child      : update.0                        : MainThread     : DEBUG   : ru_finalize_common()
2018-01-24 11:53:07,320: update.0.child      : update.0                        : MainThread     : DEBUG   : TERM : update.0.child unregister publisher log_pubsub
2018-01-24 11:53:07,321: update.0.child      : update.0                        : MainThread     : DEBUG   : unregistered publisher log_pubsub
2018-01-24 11:53:07,321: update.0.child      : update.0                        : MainThread     : DEBUG   : TERM : update.0.child unregister publisher state_pubsub
2018-01-24 11:53:07,322: update.0.child      : update.0                        : MainThread     : DEBUG   : unregistered publisher state_pubsub
2018-01-24 11:53:07,322: update.0.child      : update.0                        : MainThread     : DEBUG   : TERM : update.0.child unregister publisher control_pubsub
2018-01-24 11:53:07,323: update.0.child      : update.0                        : MainThread     : DEBUG   : unregistered publisher control_pubsub
2018-01-24 11:53:07,323: update.0.child      : update.0                        : MainThread     : DEBUG   : update.0.child close prof
2018-01-24 11:53:07,347: update.0.child      : update.0                        : MainThread     : INFO    : parent stops child
2018-01-24 11:53:07,347: update.0.child      : update.0                        : MainThread     : DEBUG   : ru_finalize_parent (NOOP)
2018-01-24 11:53:07,347: update.0.child      : update.0                        : MainThread     : DEBUG   : ru_finalize_common (NOOP)
2018-01-24 11:53:07,347: update.0.child      : update.0                        : MainThread     : INFO    : parent stops child
2018-01-24 11:53:07,347: update.0.child      : update.0                        : MainThread     : DEBUG   : ru_finalize_parent (NOOP)
2018-01-24 11:53:07,348: update.0.child      : update.0                        : update.0.child.subscriber._cancel_monitor_cb: DEBUG   : ru_finalize_child (NOOP)
2018-01-24 11:53:07,348: update.0.child      : update.0                        : update.0.child.subscriber._cancel_monitor_cb: INFO    : put message: [update.0.child.subscriber._cancel_monitor_cb.thread] terminating
2018-01-24 11:53:07,349: update.0.child      : update.0                        : MainThread     : INFO    : parent stops child
2018-01-24 11:53:07,349: update.0.child      : update.0                        : MainThread     : DEBUG   : ru_finalize_parent (NOOP)
2018-01-24 11:53:07,350: update.0.child      : update.0                        : update.0.child.subscriber._state_cb: DEBUG   : ru_finalize_child (NOOP)
2018-01-24 11:53:07,350: update.0.child      : update.0                        : update.0.child.subscriber._state_cb: INFO    : put message: [update.0.child.subscriber._state_cb.thread] terminating
2018-01-24 11:53:07,350: update.0.child      : update.0                        : MainThread     : INFO    : parent stops child
2018-01-24 11:53:07,350: update.0.child      : update.0                        : MainThread     : WARNING : super update.0.child is invalid
2018-01-24 11:53:07,350: update.0.child      : update.0                        : MainThread     : WARNING : component update.0.child is invalid
2018-01-24 11:53:07,352: update.0.child      : update.0                        : MainThread     : INFO    : stop update.0.child (13227 : 13227 : MainThread) [radical.pilot.worker.update.Update.stop]
2018-01-24 11:53:07,352: update.0.child      : update.0                        : MainThread     : DEBUG   : TERM : update.0.child unregister idler update.0.child.idler._idle_cb
2018-01-24 11:53:07,352: update.0.child      : update.0                        : MainThread     : WARNING : timed cb update.0.child.idler._idle_cb is not registered
2018-01-24 11:53:07,352: update.0.child      : update.0                        : MainThread     : DEBUG   : TERM : update.0.child unregister subscriber update.0.child.subscriber._state_cb
2018-01-24 11:53:07,352: update.0.child      : update.0                        : MainThread     : WARNING : subscriber _state_cb is not registered
2018-01-24 11:53:07,352: update.0.child      : update.0                        : MainThread     : DEBUG   : ru_finalize_common()
2018-01-24 11:53:07,352: update.0.child      : update.0                        : MainThread     : WARNING : publisher log_pubsub is not registered
2018-01-24 11:53:07,353: update.0.child      : update.0                        : MainThread     : WARNING : publisher state_pubsub is not registered
2018-01-24 11:53:07,353: update.0.child      : update.0                        : MainThread     : WARNING : publisher control_pubsub is not registered
2018-01-24 11:53:07,353: update.0.child      : update.0                        : MainThread     : DEBUG   : update.0.child close prof
2018-01-24 11:53:07,353: update.0.child      : update.0                        : MainThread     : INFO    : send message: [update.0.child] terminating
2018-01-24 11:53:07,353: update.0.child      : update.0                        : MainThread     : WARNING : send failed ([Errno 9] Bad file descriptor) - terminate
2018-01-24 11:53:07,353: update.0.child      : update.0                        : MainThread     : INFO    : parent stops child
2018-01-24 11:53:07,353: update.0.child      : update.0                        : MainThread     : INFO    : parent stops child
2018-01-24 11:53:07,353: update.0.child      : update.0                        : MainThread     : INFO    : parent stops child
