2018-03-21 19:01:51,159: control.pubsub.sub.0000: update.0                        : MainThread     : INFO    : python.interpreter   version: 2.7.12 (default, Nov 20 2017, 18:23:56) [GCC 5.4.0 20160609]
2018-03-21 19:01:51,159: control.pubsub.sub.0000: update.0                        : MainThread     : INFO    :                      pid: 2452
2018-03-21 19:01:51,159: control.pubsub.sub.0000: update.0                        : MainThread     : INFO    :                      tid: MainThread
2018-03-21 19:01:51,159: control.pubsub.sub.0000: update.0                        : MainThread     : INFO    : radical.pilot        version: 0.47.1
2018-03-21 19:01:51,160: control.pubsub.sub.0000: update.0                        : MainThread     : INFO    : create control_pubsub - sub - tcp://138.201.86.166:40047
2018-03-21 19:01:51,160: control.pubsub.sub.0000: update.0                        : MainThread     : DEBUG   : start process
2018-03-21 19:01:51,160: control.pubsub.sub.0000: update.0                        : MainThread     : DEBUG   : ru_initialize_common (NOOP)
2018-03-21 19:01:51,160: control.pubsub.sub.0000: update.0                        : MainThread     : DEBUG   : ru_initialize_parent (NOOP)
2018-03-21 19:01:51,160: control.pubsub.sub.0000: update.0                        : MainThread     : DEBUG   : process class started (no child)
2018-03-21 19:01:51,919: control.pubsub.sub.0000: pmgr.0000.launching.0           : MainThread     : INFO    : python.interpreter   version: 2.7.12 (default, Nov 20 2017, 18:23:56) [GCC 5.4.0 20160609]
2018-03-21 19:01:51,919: control.pubsub.sub.0000: pmgr.0000.launching.0           : MainThread     : INFO    :                      pid: 2522
2018-03-21 19:01:51,919: control.pubsub.sub.0000: pmgr.0000.launching.0           : MainThread     : INFO    :                      tid: MainThread
2018-03-21 19:01:51,919: control.pubsub.sub.0000: pmgr.0000.launching.0           : MainThread     : INFO    : radical.pilot        version: 0.47.1
2018-03-21 19:01:51,920: control.pubsub.sub.0000: pmgr.0000.launching.0           : MainThread     : INFO    : create control_pubsub - sub - tcp://138.201.86.166:40047
2018-03-21 19:01:52,030: control.pubsub.sub.0000: pmgr.0000.launching.0           : MainThread     : DEBUG   : start process
2018-03-21 19:01:52,030: control.pubsub.sub.0000: pmgr.0000.launching.0           : MainThread     : DEBUG   : ru_initialize_common (NOOP)
2018-03-21 19:01:52,030: control.pubsub.sub.0000: pmgr.0000.launching.0           : MainThread     : DEBUG   : ru_initialize_parent (NOOP)
2018-03-21 19:01:52,031: control.pubsub.sub.0000: pmgr.0000.launching.0           : MainThread     : DEBUG   : process class started (no child)
2018-03-21 19:01:52,384: control.pubsub.sub.0000: MainProcess                     : MainThread     : INFO    : python.interpreter   version: 2.7.12 (default, Nov 20 2017, 18:23:56) [GCC 5.4.0 20160609]
2018-03-21 19:01:52,385: control.pubsub.sub.0000: MainProcess                     : MainThread     : INFO    :                      pid: 2311
2018-03-21 19:01:52,385: control.pubsub.sub.0000: MainProcess                     : MainThread     : INFO    :                      tid: MainThread
2018-03-21 19:01:52,385: control.pubsub.sub.0000: MainProcess                     : MainThread     : INFO    : radical.pilot        version: 0.47.1
2018-03-21 19:01:52,385: control.pubsub.sub.0000: MainProcess                     : MainThread     : INFO    : create control_pubsub - sub - tcp://138.201.86.166:40047
2018-03-21 19:01:52,385: control.pubsub.sub.0000: MainProcess                     : MainThread     : DEBUG   : start process
2018-03-21 19:01:52,385: control.pubsub.sub.0000: MainProcess                     : MainThread     : DEBUG   : ru_initialize_common (NOOP)
2018-03-21 19:01:52,385: control.pubsub.sub.0000: MainProcess                     : MainThread     : DEBUG   : ru_initialize_parent (NOOP)
2018-03-21 19:01:52,385: control.pubsub.sub.0000: MainProcess                     : MainThread     : DEBUG   : process class started (no child)
2018-03-21 22:12:46,614: control.pubsub.sub.0000: MainProcess                     : MainThread     : INFO    : parent stops child  2311 -> None [control.pubsub.sub.0000]
2018-03-21 22:12:46,614: control.pubsub.sub.0000: MainProcess                     : MainThread     : DEBUG   : ru_finalize_parent (NOOP)
2018-03-21 22:12:46,839: control.pubsub.sub.0000: update.0                        : MainThread     : INFO    : parent stops child  2452 -> None [control.pubsub.sub.0000]
2018-03-21 22:12:46,839: control.pubsub.sub.0000: update.0                        : MainThread     : DEBUG   : ru_finalize_parent (NOOP)
