2018-03-21 19:01:51,918: control.pubsub.pub.0001: pmgr.0000.launching.0           : MainThread     : INFO    : python.interpreter   version: 2.7.12 (default, Nov 20 2017, 18:23:56) [GCC 5.4.0 20160609]
2018-03-21 19:01:51,918: control.pubsub.pub.0001: pmgr.0000.launching.0           : MainThread     : INFO    :                      pid: 2522
2018-03-21 19:01:51,918: control.pubsub.pub.0001: pmgr.0000.launching.0           : MainThread     : INFO    :                      tid: MainThread
2018-03-21 19:01:51,918: control.pubsub.pub.0001: pmgr.0000.launching.0           : MainThread     : INFO    : radical.pilot        version: 0.47.1
2018-03-21 19:01:51,918: control.pubsub.pub.0001: pmgr.0000.launching.0           : MainThread     : INFO    : create control_pubsub - pub - tcp://138.201.86.166:45337
2018-03-21 19:01:51,919: control.pubsub.pub.0001: pmgr.0000.launching.0           : MainThread     : DEBUG   : start process
2018-03-21 19:01:51,919: control.pubsub.pub.0001: pmgr.0000.launching.0           : MainThread     : DEBUG   : ru_initialize_common (NOOP)
2018-03-21 19:01:51,919: control.pubsub.pub.0001: pmgr.0000.launching.0           : MainThread     : DEBUG   : ru_initialize_parent (NOOP)
2018-03-21 19:01:51,919: control.pubsub.pub.0001: pmgr.0000.launching.0           : MainThread     : DEBUG   : process class started (no child)
2018-03-21 19:01:52,126: control.pubsub.pub.0001: MainProcess                     : MainThread     : INFO    : python.interpreter   version: 2.7.12 (default, Nov 20 2017, 18:23:56) [GCC 5.4.0 20160609]
2018-03-21 19:01:52,127: control.pubsub.pub.0001: MainProcess                     : MainThread     : INFO    :                      pid: 2311
2018-03-21 19:01:52,127: control.pubsub.pub.0001: MainProcess                     : MainThread     : INFO    :                      tid: MainThread
2018-03-21 19:01:52,127: control.pubsub.pub.0001: MainProcess                     : MainThread     : INFO    : radical.pilot        version: 0.47.1
2018-03-21 19:01:52,127: control.pubsub.pub.0001: MainProcess                     : MainThread     : INFO    : create control_pubsub - pub - tcp://138.201.86.166:45337
2018-03-21 19:01:52,174: control.pubsub.pub.0001: MainProcess                     : MainThread     : DEBUG   : start process
2018-03-21 19:01:52,175: control.pubsub.pub.0001: MainProcess                     : MainThread     : DEBUG   : ru_initialize_common (NOOP)
2018-03-21 19:01:52,175: control.pubsub.pub.0001: MainProcess                     : MainThread     : DEBUG   : ru_initialize_parent (NOOP)
2018-03-21 19:01:52,175: control.pubsub.pub.0001: MainProcess                     : MainThread     : DEBUG   : process class started (no child)
2018-03-21 22:12:44,088: control.pubsub.pub.0001: MainProcess                     : MainThread     : INFO    : parent stops child  2311 -> None [control.pubsub.pub.0001]
2018-03-21 22:12:44,088: control.pubsub.pub.0001: MainProcess                     : MainThread     : DEBUG   : ru_finalize_parent (NOOP)
