2017-12-18 12:30:48,376: control.pubsub.sub.0002: umgr.0000.staging.input.0       : MainThread     : INFO    : python.interpreter   version: 2.7.12 (default, Nov 20 2017, 18:23:56) [GCC 5.4.0 20160609]
2017-12-18 12:30:48,376: control.pubsub.sub.0002: umgr.0000.staging.input.0       : MainThread     : INFO    :                      pid: 27202
2017-12-18 12:30:48,377: control.pubsub.sub.0002: umgr.0000.staging.input.0       : MainThread     : INFO    :                      tid: MainThread
2017-12-18 12:30:48,377: control.pubsub.sub.0002: umgr.0000.staging.input.0       : MainThread     : INFO    : radical.pilot        version: 0.47.1
2017-12-18 12:30:48,377: control.pubsub.sub.0002: umgr.0000.staging.input.0       : MainThread     : INFO    : create control_pubsub - sub - tcp://172.30.238.6:45620
2017-12-18 12:30:48,377: control.pubsub.sub.0002: umgr.0000.staging.input.0       : MainThread     : DEBUG   : start process
2017-12-18 12:30:48,378: control.pubsub.sub.0002: umgr.0000.staging.input.0       : MainThread     : DEBUG   : ru_initialize_common (NOOP)
2017-12-18 12:30:48,378: control.pubsub.sub.0002: umgr.0000.staging.input.0       : MainThread     : DEBUG   : ru_initialize_parent (NOOP)
2017-12-18 12:30:48,378: control.pubsub.sub.0002: umgr.0000.staging.input.0       : MainThread     : DEBUG   : process class started (no child)
2017-12-18 12:30:52,634: control.pubsub.sub.0002: umgr.0000.scheduling.0          : MainThread     : INFO    : python.interpreter   version: 2.7.12 (default, Nov 20 2017, 18:23:56) [GCC 5.4.0 20160609]
2017-12-18 12:30:52,634: control.pubsub.sub.0002: umgr.0000.scheduling.0          : MainThread     : INFO    :                      pid: 27303
2017-12-18 12:30:52,634: control.pubsub.sub.0002: umgr.0000.scheduling.0          : MainThread     : INFO    :                      tid: MainThread
2017-12-18 12:30:52,634: control.pubsub.sub.0002: umgr.0000.scheduling.0          : MainThread     : INFO    : radical.pilot        version: 0.47.1
2017-12-18 12:30:52,634: control.pubsub.sub.0002: umgr.0000.scheduling.0          : MainThread     : INFO    : create control_pubsub - sub - tcp://172.30.238.6:45620
2017-12-18 12:30:52,635: control.pubsub.sub.0002: umgr.0000.scheduling.0          : MainThread     : DEBUG   : start process
2017-12-18 12:30:52,635: control.pubsub.sub.0002: umgr.0000.scheduling.0          : MainThread     : DEBUG   : ru_initialize_common (NOOP)
2017-12-18 12:30:52,635: control.pubsub.sub.0002: umgr.0000.scheduling.0          : MainThread     : DEBUG   : ru_initialize_parent (NOOP)
2017-12-18 12:30:52,635: control.pubsub.sub.0002: umgr.0000.scheduling.0          : MainThread     : DEBUG   : process class started (no child)
2017-12-18 13:06:30,367: control.pubsub.sub.0002: umgr.0000.scheduling.0          : MainThread     : INFO    : parent stops child  27303 -> None [control.pubsub.sub.0002]
2017-12-18 13:06:30,367: control.pubsub.sub.0002: umgr.0000.scheduling.0          : MainThread     : DEBUG   : ru_finalize_parent (NOOP)
2017-12-18 13:06:30,599: control.pubsub.sub.0002: umgr.0000.staging.input.0       : MainThread     : INFO    : parent stops child  27202 -> None [control.pubsub.sub.0002]
2017-12-18 13:06:30,599: control.pubsub.sub.0002: umgr.0000.staging.input.0       : MainThread     : DEBUG   : ru_finalize_parent (NOOP)
