2017-12-18 12:30:50,491: log.pubsub.pub.0004 : umgr.0000.staging.output.0      : MainThread     : INFO    : python.interpreter   version: 2.7.12 (default, Nov 20 2017, 18:23:56) [GCC 5.4.0 20160609]
2017-12-18 12:30:50,491: log.pubsub.pub.0004 : umgr.0000.staging.output.0      : MainThread     : INFO    :                      pid: 27255
2017-12-18 12:30:50,491: log.pubsub.pub.0004 : umgr.0000.staging.output.0      : MainThread     : INFO    :                      tid: MainThread
2017-12-18 12:30:50,492: log.pubsub.pub.0004 : umgr.0000.staging.output.0      : MainThread     : INFO    : radical.pilot        version: 0.47.1
2017-12-18 12:30:50,492: log.pubsub.pub.0004 : umgr.0000.staging.output.0      : MainThread     : INFO    : create log_pubsub - pub - tcp://172.30.238.6:45815
2017-12-18 12:30:50,493: log.pubsub.pub.0004 : umgr.0000.staging.output.0      : MainThread     : DEBUG   : start process
2017-12-18 12:30:50,493: log.pubsub.pub.0004 : umgr.0000.staging.output.0      : MainThread     : DEBUG   : ru_initialize_common (NOOP)
2017-12-18 12:30:50,493: log.pubsub.pub.0004 : umgr.0000.staging.output.0      : MainThread     : DEBUG   : ru_initialize_parent (NOOP)
2017-12-18 12:30:50,493: log.pubsub.pub.0004 : umgr.0000.staging.output.0      : MainThread     : DEBUG   : process class started (no child)
2017-12-18 12:30:50,519: log.pubsub.pub.0004 : task-manager                    : MainThread     : INFO    : python.interpreter   version: 2.7.12 (default, Nov 20 2017, 18:23:56) [GCC 5.4.0 20160609]
2017-12-18 12:30:50,519: log.pubsub.pub.0004 : task-manager                    : MainThread     : INFO    :                      pid: 27110
2017-12-18 12:30:50,519: log.pubsub.pub.0004 : task-manager                    : MainThread     : INFO    :                      tid: MainThread
2017-12-18 12:30:50,519: log.pubsub.pub.0004 : task-manager                    : MainThread     : INFO    : radical.pilot        version: 0.47.1
2017-12-18 12:30:50,519: log.pubsub.pub.0004 : task-manager                    : MainThread     : INFO    : create log_pubsub - pub - tcp://172.30.238.6:45815
2017-12-18 12:30:50,520: log.pubsub.pub.0004 : task-manager                    : MainThread     : DEBUG   : start process
2017-12-18 12:30:50,520: log.pubsub.pub.0004 : task-manager                    : MainThread     : DEBUG   : ru_initialize_common (NOOP)
2017-12-18 12:30:50,520: log.pubsub.pub.0004 : task-manager                    : MainThread     : DEBUG   : ru_initialize_parent (NOOP)
2017-12-18 12:30:50,521: log.pubsub.pub.0004 : task-manager                    : MainThread     : DEBUG   : process class started (no child)
2017-12-18 13:06:30,878: log.pubsub.pub.0004 : umgr.0000.staging.output.0      : MainThread     : INFO    : parent stops child  27255 -> None [log.pubsub.pub.0004]
2017-12-18 13:06:30,878: log.pubsub.pub.0004 : umgr.0000.staging.output.0      : MainThread     : DEBUG   : ru_finalize_parent (NOOP)
