2017-12-18 12:29:38,090: log.pubsub.bridge.0000: MainProcess                     : MainThread     : INFO    : python.interpreter   version: 2.7.12 (default, Nov 20 2017, 18:23:56) [GCC 5.4.0 20160609]
2017-12-18 12:29:38,091: log.pubsub.bridge.0000: MainProcess                     : MainThread     : INFO    :                      pid: 25892
2017-12-18 12:29:38,091: log.pubsub.bridge.0000: MainProcess                     : MainThread     : INFO    :                      tid: MainThread
2017-12-18 12:29:38,091: log.pubsub.bridge.0000: MainProcess                     : MainThread     : INFO    : radical.pilot        version: 0.47.1
2017-12-18 12:29:38,091: log.pubsub.bridge.0000: MainProcess                     : MainThread     : INFO    : create log_pubsub - bridge - tcp://*:*
2017-12-18 12:29:38,092: log.pubsub.bridge.0000: MainProcess                     : MainThread     : DEBUG   : start process
2017-12-18 12:29:38,098: log.pubsub.bridge.0000: log.pubsub.bridge.0000          : MainThread     : DEBUG   : ru_initialize_common (NOOP)
2017-12-18 12:29:38,103: log.pubsub.bridge.0000: log.pubsub.bridge.0000.child    : MainThread     : INFO    : child (me) initializing
2017-12-18 12:29:38,103: log.pubsub.bridge.0000: log.pubsub.bridge.0000.child    : MainThread     : DEBUG   : parent name: log.pubsub.bridge.0000.child.watch
2017-12-18 12:29:38,104: log.pubsub.bridge.0000: log.pubsub.bridge.0000.child    : MainThread     : DEBUG   : start thread
2017-12-18 12:29:38,104: log.pubsub.bridge.0000: log.pubsub.bridge.0000.child    : log.pubsub.bridge.0000.child.watch: DEBUG   : child name: log.pubsub.bridge.0000.child.watch.thread
2017-12-18 12:29:38,104: log.pubsub.bridge.0000: log.pubsub.bridge.0000.child    : log.pubsub.bridge.0000.child.watch: INFO    : child (me) initializing
2017-12-18 12:29:38,105: log.pubsub.bridge.0000: log.pubsub.bridge.0000.child    : log.pubsub.bridge.0000.child.watch: DEBUG   : ru_initialize_common (NOOP)
2017-12-18 12:29:38,105: log.pubsub.bridge.0000: log.pubsub.bridge.0000.child    : log.pubsub.bridge.0000.child.watch: DEBUG   : ru_initialize_child (NOOP)
2017-12-18 12:29:38,105: log.pubsub.bridge.0000: log.pubsub.bridge.0000.child    : log.pubsub.bridge.0000.child.watch: INFO    : send alive
2017-12-18 12:29:38,105: log.pubsub.bridge.0000: log.pubsub.bridge.0000.child    : log.pubsub.bridge.0000.child.watch: INFO    : put message: [log.pubsub.bridge.0000.child.watch.thread] alive
2017-12-18 12:29:38,106: log.pubsub.bridge.0000: log.pubsub.bridge.0000.child    : MainThread     : INFO    : get msg: alive
2017-12-18 12:29:38,106: log.pubsub.bridge.0000: log.pubsub.bridge.0000.child    : MainThread     : DEBUG   : ru_initialize_common (NOOP)
2017-12-18 12:29:38,106: log.pubsub.bridge.0000: log.pubsub.bridge.0000.child    : MainThread     : DEBUG   : ru_initialize_parent (NOOP)
2017-12-18 12:29:38,106: log.pubsub.bridge.0000: log.pubsub.bridge.0000.child    : MainThread     : DEBUG   : child thread log.pubsub.bridge.0000.child.watch started
2017-12-18 12:29:38,106: log.pubsub.bridge.0000: log.pubsub.bridge.0000.child    : MainThread     : INFO    : child (me) is alive
2017-12-18 12:29:38,106: log.pubsub.bridge.0000: log.pubsub.bridge.0000.child    : MainThread     : INFO    : send alive
2017-12-18 12:29:38,106: log.pubsub.bridge.0000: log.pubsub.bridge.0000.child    : MainThread     : INFO    : send message: [log.pubsub.bridge.0000.child] alive
2017-12-18 12:29:38,107: log.pubsub.bridge.0000: MainProcess                     : MainThread     : INFO    : recv message: alive
2017-12-18 12:29:38,107: log.pubsub.bridge.0000: MainProcess                     : MainThread     : DEBUG   : ru_initialize_common (NOOP)
2017-12-18 12:29:38,107: log.pubsub.bridge.0000: MainProcess                     : MainThread     : DEBUG   : ru_initialize_parent (NOOP)
2017-12-18 12:29:38,108: log.pubsub.bridge.0000: MainProcess                     : MainThread     : DEBUG   : parent name: log.pubsub.bridge.0000.watch
2017-12-18 12:29:38,108: log.pubsub.bridge.0000: MainProcess                     : MainThread     : DEBUG   : start thread
2017-12-18 12:29:38,108: log.pubsub.bridge.0000: MainProcess                     : log.pubsub.bridge.0000.watch: DEBUG   : child name: log.pubsub.bridge.0000.watch.thread
2017-12-18 12:29:38,109: log.pubsub.bridge.0000: MainProcess                     : log.pubsub.bridge.0000.watch: INFO    : child (me) initializing
2017-12-18 12:29:38,109: log.pubsub.bridge.0000: MainProcess                     : log.pubsub.bridge.0000.watch: DEBUG   : ru_initialize_common (NOOP)
2017-12-18 12:29:38,109: log.pubsub.bridge.0000: MainProcess                     : log.pubsub.bridge.0000.watch: DEBUG   : ru_initialize_child (NOOP)
2017-12-18 12:29:38,109: log.pubsub.bridge.0000: MainProcess                     : log.pubsub.bridge.0000.watch: INFO    : send alive
2017-12-18 12:29:38,109: log.pubsub.bridge.0000: MainProcess                     : log.pubsub.bridge.0000.watch: INFO    : put message: [log.pubsub.bridge.0000.watch.thread] alive
2017-12-18 12:29:38,110: log.pubsub.bridge.0000: MainProcess                     : MainThread     : INFO    : get msg: alive
2017-12-18 12:29:38,110: log.pubsub.bridge.0000: MainProcess                     : MainThread     : DEBUG   : ru_initialize_common (NOOP)
2017-12-18 12:29:38,110: log.pubsub.bridge.0000: MainProcess                     : MainThread     : DEBUG   : ru_initialize_parent (NOOP)
2017-12-18 12:29:38,110: log.pubsub.bridge.0000: MainProcess                     : MainThread     : DEBUG   : child thread log.pubsub.bridge.0000.watch started
2017-12-18 12:29:38,110: log.pubsub.bridge.0000: MainProcess                     : MainThread     : INFO    : child is alive
2017-12-18 12:29:38,110: log.pubsub.bridge.0000: MainProcess                     : MainThread     : DEBUG   : process class started child
2017-12-18 13:06:39,572: log.pubsub.bridge.0000: MainProcess                     : MainThread     : INFO    : parent stops child  25892 -> 25990 [log.pubsub.bridge.0000]
2017-12-18 13:06:39,573: log.pubsub.bridge.0000: MainProcess                     : MainThread     : INFO    : send message: [log.pubsub.bridge.0000] STOP
2017-12-18 13:06:39,573: log.pubsub.bridge.0000: MainProcess                     : MainThread     : DEBUG   : ru_finalize_parent (NOOP)
2017-12-18 13:06:39,573: log.pubsub.bridge.0000: log.pubsub.bridge.0000.child    : log.pubsub.bridge.0000.child.watch: INFO    : recv message: STOP
2017-12-18 13:06:39,573: log.pubsub.bridge.0000: MainProcess                     : MainThread     : INFO    : parent stops child
2017-12-18 13:06:39,573: log.pubsub.bridge.0000: log.pubsub.bridge.0000.child    : log.pubsub.bridge.0000.child.watch: INFO    : message received: STOP
2017-12-18 13:06:39,573: log.pubsub.bridge.0000: MainProcess                     : MainThread     : DEBUG   : ru_finalize_parent (NOOP)
2017-12-18 13:06:39,573: log.pubsub.bridge.0000: log.pubsub.bridge.0000.child    : log.pubsub.bridge.0000.child.watch: INFO    : STOP received: STOP
2017-12-18 13:06:39,573: log.pubsub.bridge.0000: log.pubsub.bridge.0000.child    : log.pubsub.bridge.0000.child.watch: INFO    : watcher closes
2017-12-18 13:06:39,573: log.pubsub.bridge.0000: MainProcess                     : MainThread     : DEBUG   : ru_finalize_common (NOOP)
2017-12-18 13:06:39,573: log.pubsub.bridge.0000: log.pubsub.bridge.0000.child    : log.pubsub.bridge.0000.child.watch: INFO    : put message: [log.pubsub.bridge.0000.child.watch.thread] work finished
2017-12-18 13:06:39,573: log.pubsub.bridge.0000: log.pubsub.bridge.0000.child    : log.pubsub.bridge.0000.child.watch: DEBUG   : ru_finalize_child (NOOP)
2017-12-18 13:06:39,573: log.pubsub.bridge.0000: log.pubsub.bridge.0000.child    : log.pubsub.bridge.0000.child.watch: DEBUG   : ru_finalize_common (NOOP)
2017-12-18 13:06:39,573: log.pubsub.bridge.0000: MainProcess                     : log.pubsub.bridge.0000.watch: INFO    : recv message: 
2017-12-18 13:06:39,574: log.pubsub.bridge.0000: log.pubsub.bridge.0000.child    : log.pubsub.bridge.0000.child.watch: INFO    : put message: [log.pubsub.bridge.0000.child.watch.thread] terminating
2017-12-18 13:06:39,574: log.pubsub.bridge.0000: MainProcess                     : log.pubsub.bridge.0000.watch: INFO    : message received: 
2017-12-18 13:06:39,574: log.pubsub.bridge.0000: MainProcess                     : log.pubsub.bridge.0000.watch: WARNING : received empty string, parent closed ep
2017-12-18 13:06:39,574: log.pubsub.bridge.0000: MainProcess                     : log.pubsub.bridge.0000.watch: INFO    : watcher closes
2017-12-18 13:06:39,574: log.pubsub.bridge.0000: MainProcess                     : log.pubsub.bridge.0000.watch: INFO    : put message: [log.pubsub.bridge.0000.watch.thread] work finished
2017-12-18 13:06:39,574: log.pubsub.bridge.0000: MainProcess                     : log.pubsub.bridge.0000.watch: DEBUG   : ru_finalize_child (NOOP)
2017-12-18 13:06:39,574: log.pubsub.bridge.0000: MainProcess                     : log.pubsub.bridge.0000.watch: DEBUG   : ru_finalize_common (NOOP)
2017-12-18 13:06:39,574: log.pubsub.bridge.0000: MainProcess                     : log.pubsub.bridge.0000.watch: INFO    : put message: [log.pubsub.bridge.0000.watch.thread] terminating
2017-12-18 13:06:40,102: log.pubsub.bridge.0000: log.pubsub.bridge.0000.child    : MainThread     : DEBUG   : ru_finalize_child (NOOP)
2017-12-18 13:06:40,102: log.pubsub.bridge.0000: log.pubsub.bridge.0000.child    : MainThread     : INFO    : send message: [log.pubsub.bridge.0000.child] terminating
2017-12-18 13:06:40,103: log.pubsub.bridge.0000: log.pubsub.bridge.0000.child    : MainThread     : WARNING : send failed ([Errno 9] Bad file descriptor) - terminate
