2017-12-18 12:29:40,240: log.pubsub.pub.0000 : update.0                        : MainThread     : INFO    : python.interpreter   version: 2.7.12 (default, Nov 20 2017, 18:23:56) [GCC 5.4.0 20160609]
2017-12-18 12:29:40,240: log.pubsub.pub.0000 : update.0                        : MainThread     : INFO    :                      pid: 26010
2017-12-18 12:29:40,241: log.pubsub.pub.0000 : update.0                        : MainThread     : INFO    :                      tid: MainThread
2017-12-18 12:29:40,241: log.pubsub.pub.0000 : update.0                        : MainThread     : INFO    : radical.pilot        version: 0.47.1
2017-12-18 12:29:40,241: log.pubsub.pub.0000 : update.0                        : MainThread     : INFO    : create log_pubsub - pub - tcp://172.30.238.6:45815
2017-12-18 12:29:40,242: log.pubsub.pub.0000 : update.0                        : MainThread     : DEBUG   : start process
2017-12-18 12:29:40,242: log.pubsub.pub.0000 : update.0                        : MainThread     : DEBUG   : ru_initialize_common (NOOP)
2017-12-18 12:29:40,243: log.pubsub.pub.0000 : update.0                        : MainThread     : DEBUG   : ru_initialize_parent (NOOP)
2017-12-18 12:29:40,243: log.pubsub.pub.0000 : update.0                        : MainThread     : DEBUG   : process class started (no child)
2017-12-18 12:29:40,599: log.pubsub.pub.0000 : MainProcess                     : MainThread     : INFO    : python.interpreter   version: 2.7.12 (default, Nov 20 2017, 18:23:56) [GCC 5.4.0 20160609]
2017-12-18 12:29:40,599: log.pubsub.pub.0000 : MainProcess                     : MainThread     : INFO    :                      pid: 25892
2017-12-18 12:29:40,599: log.pubsub.pub.0000 : MainProcess                     : MainThread     : INFO    :                      tid: MainThread
2017-12-18 12:29:40,599: log.pubsub.pub.0000 : MainProcess                     : MainThread     : INFO    : radical.pilot        version: 0.47.1
2017-12-18 12:29:40,599: log.pubsub.pub.0000 : MainProcess                     : MainThread     : INFO    : create log_pubsub - pub - tcp://172.30.238.6:45815
2017-12-18 12:29:40,601: log.pubsub.pub.0000 : MainProcess                     : MainThread     : DEBUG   : start process
2017-12-18 12:29:40,603: log.pubsub.pub.0000 : MainProcess                     : MainThread     : DEBUG   : ru_initialize_common (NOOP)
2017-12-18 12:29:40,603: log.pubsub.pub.0000 : MainProcess                     : MainThread     : DEBUG   : ru_initialize_parent (NOOP)
2017-12-18 12:29:40,603: log.pubsub.pub.0000 : MainProcess                     : MainThread     : DEBUG   : process class started (no child)
2017-12-18 13:06:37,360: log.pubsub.pub.0000 : MainProcess                     : MainThread     : INFO    : parent stops child  25892 -> None [log.pubsub.pub.0000]
2017-12-18 13:06:37,360: log.pubsub.pub.0000 : MainProcess                     : MainThread     : DEBUG   : ru_finalize_parent (NOOP)
2017-12-18 13:06:37,503: log.pubsub.pub.0000 : update.0                        : MainThread     : INFO    : parent stops child  26010 -> None [log.pubsub.pub.0000]
2017-12-18 13:06:37,503: log.pubsub.pub.0000 : update.0                        : MainThread     : DEBUG   : ru_finalize_parent (NOOP)
