2017-12-18 12:29:43,775: state.pubsub.pub.0001: pmgr.0000.launching.0           : MainThread     : INFO    : python.interpreter   version: 2.7.12 (default, Nov 20 2017, 18:23:56) [GCC 5.4.0 20160609]
2017-12-18 12:29:43,775: state.pubsub.pub.0001: pmgr.0000.launching.0           : MainThread     : INFO    :                      pid: 26092
2017-12-18 12:29:43,775: state.pubsub.pub.0001: pmgr.0000.launching.0           : MainThread     : INFO    :                      tid: MainThread
2017-12-18 12:29:43,776: state.pubsub.pub.0001: pmgr.0000.launching.0           : MainThread     : INFO    : radical.pilot        version: 0.47.1
2017-12-18 12:29:43,776: state.pubsub.pub.0001: pmgr.0000.launching.0           : MainThread     : INFO    : create state_pubsub - pub - tcp://172.30.238.6:39705
2017-12-18 12:29:43,776: state.pubsub.pub.0001: pmgr.0000.launching.0           : MainThread     : DEBUG   : start process
2017-12-18 12:29:43,777: state.pubsub.pub.0001: pmgr.0000.launching.0           : MainThread     : DEBUG   : ru_initialize_common (NOOP)
2017-12-18 12:29:43,777: state.pubsub.pub.0001: pmgr.0000.launching.0           : MainThread     : DEBUG   : ru_initialize_parent (NOOP)
2017-12-18 12:29:43,777: state.pubsub.pub.0001: pmgr.0000.launching.0           : MainThread     : DEBUG   : process class started (no child)
2017-12-18 12:29:43,835: state.pubsub.pub.0001: MainProcess                     : MainThread     : INFO    : python.interpreter   version: 2.7.12 (default, Nov 20 2017, 18:23:56) [GCC 5.4.0 20160609]
2017-12-18 12:29:43,835: state.pubsub.pub.0001: MainProcess                     : MainThread     : INFO    :                      pid: 25892
2017-12-18 12:29:43,835: state.pubsub.pub.0001: MainProcess                     : MainThread     : INFO    :                      tid: MainThread
2017-12-18 12:29:43,836: state.pubsub.pub.0001: MainProcess                     : MainThread     : INFO    : radical.pilot        version: 0.47.1
2017-12-18 12:29:43,836: state.pubsub.pub.0001: MainProcess                     : MainThread     : INFO    : create state_pubsub - pub - tcp://172.30.238.6:39705
2017-12-18 12:29:43,836: state.pubsub.pub.0001: MainProcess                     : MainThread     : DEBUG   : start process
2017-12-18 12:29:43,837: state.pubsub.pub.0001: MainProcess                     : MainThread     : DEBUG   : ru_initialize_common (NOOP)
2017-12-18 12:29:43,837: state.pubsub.pub.0001: MainProcess                     : MainThread     : DEBUG   : ru_initialize_parent (NOOP)
2017-12-18 12:29:43,837: state.pubsub.pub.0001: MainProcess                     : MainThread     : DEBUG   : process class started (no child)
2017-12-18 13:06:34,377: state.pubsub.pub.0001: MainProcess                     : MainThread     : INFO    : parent stops child  25892 -> None [state.pubsub.pub.0001]
2017-12-18 13:06:34,377: state.pubsub.pub.0001: MainProcess                     : MainThread     : DEBUG   : ru_finalize_parent (NOOP)
