2017-12-18 23:18:55,680: log.pubsub.pub.0000 : update.0                        : MainThread     : INFO    : python.interpreter   version: 2.7.12 (default, Nov 20 2017, 18:23:56) [GCC 5.4.0 20160609]
2017-12-18 23:18:55,680: log.pubsub.pub.0000 : update.0                        : MainThread     : INFO    :                      pid: 8035
2017-12-18 23:18:55,680: log.pubsub.pub.0000 : update.0                        : MainThread     : INFO    :                      tid: MainThread
2017-12-18 23:18:55,681: log.pubsub.pub.0000 : update.0                        : MainThread     : INFO    : radical.pilot        version: 0.47.1
2017-12-18 23:18:55,681: log.pubsub.pub.0000 : update.0                        : MainThread     : INFO    : create log_pubsub - pub - tcp://172.30.238.6:37511
2017-12-18 23:18:55,682: log.pubsub.pub.0000 : update.0                        : MainThread     : DEBUG   : start process
2017-12-18 23:18:55,682: log.pubsub.pub.0000 : update.0                        : MainThread     : DEBUG   : ru_initialize_common (NOOP)
2017-12-18 23:18:55,682: log.pubsub.pub.0000 : update.0                        : MainThread     : DEBUG   : ru_initialize_parent (NOOP)
2017-12-18 23:18:55,682: log.pubsub.pub.0000 : update.0                        : MainThread     : DEBUG   : process class started (no child)
2017-12-18 23:18:56,037: log.pubsub.pub.0000 : MainProcess                     : MainThread     : INFO    : python.interpreter   version: 2.7.12 (default, Nov 20 2017, 18:23:56) [GCC 5.4.0 20160609]
2017-12-18 23:18:56,037: log.pubsub.pub.0000 : MainProcess                     : MainThread     : INFO    :                      pid: 7897
2017-12-18 23:18:56,038: log.pubsub.pub.0000 : MainProcess                     : MainThread     : INFO    :                      tid: MainThread
2017-12-18 23:18:56,038: log.pubsub.pub.0000 : MainProcess                     : MainThread     : INFO    : radical.pilot        version: 0.47.1
2017-12-18 23:18:56,038: log.pubsub.pub.0000 : MainProcess                     : MainThread     : INFO    : create log_pubsub - pub - tcp://172.30.238.6:37511
2017-12-18 23:18:56,040: log.pubsub.pub.0000 : MainProcess                     : MainThread     : DEBUG   : start process
2017-12-18 23:18:56,040: log.pubsub.pub.0000 : MainProcess                     : MainThread     : DEBUG   : ru_initialize_common (NOOP)
2017-12-18 23:18:56,040: log.pubsub.pub.0000 : MainProcess                     : MainThread     : DEBUG   : ru_initialize_parent (NOOP)
2017-12-18 23:18:56,041: log.pubsub.pub.0000 : MainProcess                     : MainThread     : DEBUG   : process class started (no child)
2017-12-18 23:24:46,818: log.pubsub.pub.0000 : MainProcess                     : MainThread     : INFO    : parent stops child  7897 -> None [log.pubsub.pub.0000]
2017-12-18 23:24:46,818: log.pubsub.pub.0000 : MainProcess                     : MainThread     : DEBUG   : ru_finalize_parent (NOOP)
2017-12-18 23:24:47,086: log.pubsub.pub.0000 : update.0                        : MainThread     : INFO    : parent stops child  8035 -> None [log.pubsub.pub.0000]
2017-12-18 23:24:47,086: log.pubsub.pub.0000 : update.0                        : MainThread     : DEBUG   : ru_finalize_parent (NOOP)
