2017-12-18 23:18:56,021: state.pubsub.sub.0000: update.0                        : MainThread     : INFO    : python.interpreter   version: 2.7.12 (default, Nov 20 2017, 18:23:56) [GCC 5.4.0 20160609]
2017-12-18 23:18:56,021: state.pubsub.sub.0000: update.0                        : MainThread     : INFO    :                      pid: 8035
2017-12-18 23:18:56,021: state.pubsub.sub.0000: update.0                        : MainThread     : INFO    :                      tid: MainThread
2017-12-18 23:18:56,021: state.pubsub.sub.0000: update.0                        : MainThread     : INFO    : radical.pilot        version: 0.47.1
2017-12-18 23:18:56,021: state.pubsub.sub.0000: update.0                        : MainThread     : INFO    : create state_pubsub - sub - tcp://172.30.238.6:37935
2017-12-18 23:18:56,022: state.pubsub.sub.0000: update.0                        : MainThread     : DEBUG   : start process
2017-12-18 23:18:56,022: state.pubsub.sub.0000: update.0                        : MainThread     : DEBUG   : ru_initialize_common (NOOP)
2017-12-18 23:18:56,022: state.pubsub.sub.0000: update.0                        : MainThread     : DEBUG   : ru_initialize_parent (NOOP)
2017-12-18 23:18:56,022: state.pubsub.sub.0000: update.0                        : MainThread     : DEBUG   : process class started (no child)
2017-12-18 23:18:59,294: state.pubsub.sub.0000: MainProcess                     : MainThread     : INFO    : python.interpreter   version: 2.7.12 (default, Nov 20 2017, 18:23:56) [GCC 5.4.0 20160609]
2017-12-18 23:18:59,294: state.pubsub.sub.0000: MainProcess                     : MainThread     : INFO    :                      pid: 7897
2017-12-18 23:18:59,294: state.pubsub.sub.0000: MainProcess                     : MainThread     : INFO    :                      tid: MainThread
2017-12-18 23:18:59,295: state.pubsub.sub.0000: MainProcess                     : MainThread     : INFO    : radical.pilot        version: 0.47.1
2017-12-18 23:18:59,295: state.pubsub.sub.0000: MainProcess                     : MainThread     : INFO    : create state_pubsub - sub - tcp://172.30.238.6:37935
2017-12-18 23:18:59,295: state.pubsub.sub.0000: MainProcess                     : MainThread     : DEBUG   : start process
2017-12-18 23:18:59,295: state.pubsub.sub.0000: MainProcess                     : MainThread     : DEBUG   : ru_initialize_common (NOOP)
2017-12-18 23:18:59,295: state.pubsub.sub.0000: MainProcess                     : MainThread     : DEBUG   : ru_initialize_parent (NOOP)
2017-12-18 23:18:59,296: state.pubsub.sub.0000: MainProcess                     : MainThread     : DEBUG   : process class started (no child)
2017-12-18 23:24:46,799: state.pubsub.sub.0000: MainProcess                     : MainThread     : INFO    : parent stops child  7897 -> None [state.pubsub.sub.0000]
2017-12-18 23:24:46,799: state.pubsub.sub.0000: MainProcess                     : MainThread     : DEBUG   : ru_finalize_parent (NOOP)
2017-12-18 23:24:47,109: state.pubsub.sub.0000: update.0                        : MainThread     : INFO    : parent stops child  8035 -> None [state.pubsub.sub.0000]
2017-12-18 23:24:47,109: state.pubsub.sub.0000: update.0                        : MainThread     : DEBUG   : ru_finalize_parent (NOOP)
