2017-12-18 23:20:06,778: umgr.0000.staging.input.0.child: umgr.0000.staging.input.0       : MainThread     : INFO    : python.interpreter   version: 2.7.12 (default, Nov 20 2017, 18:23:56) [GCC 5.4.0 20160609]
2017-12-18 23:20:06,778: umgr.0000.staging.input.0.child: umgr.0000.staging.input.0       : MainThread     : INFO    :                      pid: 10392
2017-12-18 23:20:06,778: umgr.0000.staging.input.0.child: umgr.0000.staging.input.0       : MainThread     : INFO    :                      tid: MainThread
2017-12-18 23:20:06,779: umgr.0000.staging.input.0.child: umgr.0000.staging.input.0       : MainThread     : INFO    : radical.pilot        version: 0.47.1
2017-12-18 23:20:07,819: umgr.0000.staging.input.0.child: umgr.0000.staging.input.0       : MainThread     : INFO    : initialize umgr.0000.staging.input.0.child
2017-12-18 23:20:07,824: umgr.0000.staging.input.0.child: umgr.0000.staging.input.0       : MainThread     : INFO    : cfg: {'agents': {},
 u'bridges': {u'control_pubsub': {'addr_in': 'tcp://172.30.238.6:39163',
                                  'addr_out': 'tcp://172.30.238.6:33563',
                                  u'bulk_size': 0,
                                  u'log_level': u'debug',
                                  u'stall_hwm': 1},
              u'log_pubsub': {'addr_in': 'tcp://172.30.238.6:37511',
                              'addr_out': 'tcp://172.30.238.6:35317',
                              u'bulk_size': 0,
                              u'log_level': u'debug',
                              u'stall_hwm': 1},
              u'state_pubsub': {'addr_in': 'tcp://172.30.238.6:40472',
                                'addr_out': 'tcp://172.30.238.6:37935',
                                u'bulk_size': 0,
                                u'log_level': u'debug',
                                u'stall_hwm': 1},
              u'umgr_reschedule_pubsub': {'addr_in': 'tcp://172.30.238.6:45989',
                                          'addr_out': 'tcp://172.30.238.6:43629',
                                          u'bulk_size': 0,
                                          u'log_level': u'debug',
                                          u'stall_hwm': 1},
              u'umgr_scheduling_queue': {'addr_in': 'tcp://172.30.238.6:41700',
                                         'addr_out': 'tcp://172.30.238.6:46179',
                                         u'bulk_size': 0,
                                         u'log_level': u'debug',
                                         u'stall_hwm': 1},
              u'umgr_staging_input_queue': {'addr_in': 'tcp://172.30.238.6:42159',
                                            'addr_out': 'tcp://172.30.238.6:35669',
                                            u'bulk_size': 0,
                                            u'log_level': u'debug',
                                            u'stall_hwm': 1},
              u'umgr_staging_output_queue': {'addr_in': 'tcp://172.30.238.6:46740',
                                             'addr_out': 'tcp://172.30.238.6:36294',
                                             u'bulk_size': 0,
                                             u'log_level': u'debug',
                                             u'stall_hwm': 1},
              u'umgr_unschedule_pubsub': {'addr_in': 'tcp://172.30.238.6:36181',
                                          'addr_out': 'tcp://172.30.238.6:40271',
                                          u'bulk_size': 0,
                                          u'log_level': u'debug',
                                          u'stall_hwm': 1}},
 u'bulk_collection_size': 100,
 u'bulk_collection_time': 1.0,
 'cname': u'UMGRStagingInputComponent',
 u'components': {},
 u'count': 1,
 u'db_poll_sleeptime': 1.0,
 'number': 0,
 'owner': 'umgr.0000',
 u'scheduler': u'round_robin',
 'uid': 'umgr.0000'}
2017-12-18 23:20:07,825: umgr.0000.staging.input.0.child: umgr.0000.staging.input.0       : MainThread     : DEBUG   : start components: {}
2017-12-18 23:20:07,825: umgr.0000.staging.input.0.child: umgr.0000.staging.input.0       : MainThread     : DEBUG   : alive check in term
2017-12-18 23:20:07,825: umgr.0000.staging.input.0.child: umgr.0000.staging.input.0       : MainThread     : DEBUG   : START: umgr.0000.staging.input.0.child register publisher log_pubsub
2017-12-18 23:20:07,825: umgr.0000.staging.input.0.child: umgr.0000.staging.input.0       : MainThread     : DEBUG   : using addr tcp://172.30.238.6:37511 for pubsub log_pubsub
2017-12-18 23:20:07,829: umgr.0000.staging.input.0.child: umgr.0000.staging.input.0       : MainThread     : DEBUG   : registered publisher : log_pubsub : log.pubsub.pub.0003
2017-12-18 23:20:07,829: umgr.0000.staging.input.0.child: umgr.0000.staging.input.0       : MainThread     : DEBUG   : alive check in term
2017-12-18 23:20:07,830: umgr.0000.staging.input.0.child: umgr.0000.staging.input.0       : MainThread     : DEBUG   : START: umgr.0000.staging.input.0.child register publisher state_pubsub
2017-12-18 23:20:07,830: umgr.0000.staging.input.0.child: umgr.0000.staging.input.0       : MainThread     : DEBUG   : using addr tcp://172.30.238.6:40472 for pubsub state_pubsub
2017-12-18 23:20:07,832: umgr.0000.staging.input.0.child: umgr.0000.staging.input.0       : MainThread     : DEBUG   : registered publisher : state_pubsub : state.pubsub.pub.0003
2017-12-18 23:20:07,832: umgr.0000.staging.input.0.child: umgr.0000.staging.input.0       : MainThread     : DEBUG   : alive check in term
2017-12-18 23:20:07,832: umgr.0000.staging.input.0.child: umgr.0000.staging.input.0       : MainThread     : DEBUG   : START: umgr.0000.staging.input.0.child register publisher control_pubsub
2017-12-18 23:20:07,832: umgr.0000.staging.input.0.child: umgr.0000.staging.input.0       : MainThread     : DEBUG   : using addr tcp://172.30.238.6:39163 for pubsub control_pubsub
2017-12-18 23:20:07,854: umgr.0000.staging.input.0.child: umgr.0000.staging.input.0       : MainThread     : DEBUG   : registered publisher : control_pubsub : control.pubsub.pub.0003
2017-12-18 23:20:07,854: umgr.0000.staging.input.0.child: umgr.0000.staging.input.0       : MainThread     : DEBUG   : alive check in term
2017-12-18 23:20:07,855: umgr.0000.staging.input.0.child: umgr.0000.staging.input.0       : MainThread     : DEBUG   : START: umgr.0000.staging.input.0.child register subscriber umgr.0000.staging.input.0.child.subscriber._cancel_monitor_cb
2017-12-18 23:20:07,855: umgr.0000.staging.input.0.child: umgr.0000.staging.input.0       : MainThread     : DEBUG   : using addr tcp://172.30.238.6:33563 for pubsub control_pubsub
2017-12-18 23:20:07,858: umgr.0000.staging.input.0.child: umgr.0000.staging.input.0       : MainThread     : DEBUG   : parent name: umgr.0000.staging.input.0.child.subscriber._cancel_monitor_cb
2017-12-18 23:20:07,858: umgr.0000.staging.input.0.child: umgr.0000.staging.input.0       : MainThread     : DEBUG   : start thread
2017-12-18 23:20:07,858: umgr.0000.staging.input.0.child: umgr.0000.staging.input.0       : umgr.0000.staging.input.0.child.subscriber._cancel_monitor_cb: DEBUG   : child name: umgr.0000.staging.input.0.child.subscriber._cancel_monitor_cb.thread
2017-12-18 23:20:07,858: umgr.0000.staging.input.0.child: umgr.0000.staging.input.0       : umgr.0000.staging.input.0.child.subscriber._cancel_monitor_cb: INFO    : child (me) initializing
2017-12-18 23:20:07,858: umgr.0000.staging.input.0.child: umgr.0000.staging.input.0       : umgr.0000.staging.input.0.child.subscriber._cancel_monitor_cb: DEBUG   : ru_initialize_common (NOOP)
2017-12-18 23:20:07,858: umgr.0000.staging.input.0.child: umgr.0000.staging.input.0       : umgr.0000.staging.input.0.child.subscriber._cancel_monitor_cb: DEBUG   : ru_initialize_child (NOOP)
2017-12-18 23:20:07,859: umgr.0000.staging.input.0.child: umgr.0000.staging.input.0       : umgr.0000.staging.input.0.child.subscriber._cancel_monitor_cb: INFO    : send alive
2017-12-18 23:20:07,859: umgr.0000.staging.input.0.child: umgr.0000.staging.input.0       : umgr.0000.staging.input.0.child.subscriber._cancel_monitor_cb: INFO    : put message: [umgr.0000.staging.input.0.child.subscriber._cancel_monitor_cb.thread] alive
2017-12-18 23:20:07,859: umgr.0000.staging.input.0.child: umgr.0000.staging.input.0       : MainThread     : INFO    : get msg: alive
2017-12-18 23:20:07,860: umgr.0000.staging.input.0.child: umgr.0000.staging.input.0       : MainThread     : DEBUG   : ru_initialize_common (NOOP)
2017-12-18 23:20:07,860: umgr.0000.staging.input.0.child: umgr.0000.staging.input.0       : MainThread     : DEBUG   : ru_initialize_parent (NOOP)
2017-12-18 23:20:07,860: umgr.0000.staging.input.0.child: umgr.0000.staging.input.0       : MainThread     : DEBUG   : child thread umgr.0000.staging.input.0.child.subscriber._cancel_monitor_cb started
2017-12-18 23:20:07,860: umgr.0000.staging.input.0.child: umgr.0000.staging.input.0       : MainThread     : DEBUG   : umgr.0000.staging.input.0.child registered control_pubsub subscriber umgr.0000.staging.input.0.child.subscriber._cancel_monitor_cb
2017-12-18 23:20:07,860: umgr.0000.staging.input.0.child: umgr.0000.staging.input.0       : MainThread     : DEBUG   : alive check in term
2017-12-18 23:20:07,860: umgr.0000.staging.input.0.child: umgr.0000.staging.input.0       : MainThread     : DEBUG   : using addr tcp://172.30.238.6:35669 for input umgr_staging_input_queue
2017-12-18 23:20:07,863: umgr.0000.staging.input.0.child: umgr.0000.staging.input.0       : MainThread     : DEBUG   : registered input umgr.0000.staging.input.0.child.work.UMGR_STAGING_INPUT_PENDING
2017-12-18 23:20:07,863: umgr.0000.staging.input.0.child: umgr.0000.staging.input.0       : MainThread     : DEBUG   : START: umgr.0000.staging.input.0.child register input UMGR_STAGING_INPUT_PENDING: umgr.0000.staging.input.0.child.work.UMGR_STAGING_INPUT_PENDING
2017-12-18 23:20:07,863: umgr.0000.staging.input.0.child: umgr.0000.staging.input.0       : MainThread     : DEBUG   : registered worker work [UMGR_STAGING_INPUT_PENDING]
2017-12-18 23:20:07,863: umgr.0000.staging.input.0.child: umgr.0000.staging.input.0       : MainThread     : DEBUG   : alive check in term
2017-12-18 23:20:07,863: umgr.0000.staging.input.0.child: umgr.0000.staging.input.0       : MainThread     : DEBUG   : START: umgr.0000.staging.input.0.child register output AGENT_STAGING_INPUT_PENDING
2017-12-18 23:20:07,864: umgr.0000.staging.input.0.child: umgr.0000.staging.input.0       : MainThread     : DEBUG   : alive check in term
2017-12-18 23:20:07,864: umgr.0000.staging.input.0.child: umgr.0000.staging.input.0       : MainThread     : DEBUG   : START: umgr.0000.staging.input.0.child register subscriber umgr.0000.staging.input.0.child.subscriber._base_command_cb
2017-12-18 23:20:07,864: umgr.0000.staging.input.0.child: umgr.0000.staging.input.0       : MainThread     : DEBUG   : using addr tcp://172.30.238.6:33563 for pubsub control_pubsub
2017-12-18 23:20:07,866: umgr.0000.staging.input.0.child: umgr.0000.staging.input.0       : MainThread     : DEBUG   : parent name: umgr.0000.staging.input.0.child.subscriber._base_command_cb
2017-12-18 23:20:07,867: umgr.0000.staging.input.0.child: umgr.0000.staging.input.0       : MainThread     : DEBUG   : start thread
2017-12-18 23:20:07,867: umgr.0000.staging.input.0.child: umgr.0000.staging.input.0       : umgr.0000.staging.input.0.child.subscriber._base_command_cb: DEBUG   : child name: umgr.0000.staging.input.0.child.subscriber._base_command_cb.thread
2017-12-18 23:20:07,867: umgr.0000.staging.input.0.child: umgr.0000.staging.input.0       : umgr.0000.staging.input.0.child.subscriber._base_command_cb: INFO    : child (me) initializing
2017-12-18 23:20:07,867: umgr.0000.staging.input.0.child: umgr.0000.staging.input.0       : umgr.0000.staging.input.0.child.subscriber._base_command_cb: DEBUG   : ru_initialize_common (NOOP)
2017-12-18 23:20:07,867: umgr.0000.staging.input.0.child: umgr.0000.staging.input.0       : umgr.0000.staging.input.0.child.subscriber._base_command_cb: DEBUG   : ru_initialize_child (NOOP)
2017-12-18 23:20:07,867: umgr.0000.staging.input.0.child: umgr.0000.staging.input.0       : umgr.0000.staging.input.0.child.subscriber._base_command_cb: INFO    : send alive
2017-12-18 23:20:07,867: umgr.0000.staging.input.0.child: umgr.0000.staging.input.0       : umgr.0000.staging.input.0.child.subscriber._base_command_cb: INFO    : put message: [umgr.0000.staging.input.0.child.subscriber._base_command_cb.thread] alive
2017-12-18 23:20:07,868: umgr.0000.staging.input.0.child: umgr.0000.staging.input.0       : MainThread     : INFO    : get msg: alive
2017-12-18 23:20:07,868: umgr.0000.staging.input.0.child: umgr.0000.staging.input.0       : MainThread     : DEBUG   : ru_initialize_common (NOOP)
2017-12-18 23:20:07,868: umgr.0000.staging.input.0.child: umgr.0000.staging.input.0       : MainThread     : DEBUG   : ru_initialize_parent (NOOP)
2017-12-18 23:20:07,868: umgr.0000.staging.input.0.child: umgr.0000.staging.input.0       : MainThread     : DEBUG   : child thread umgr.0000.staging.input.0.child.subscriber._base_command_cb started
2017-12-18 23:20:07,869: umgr.0000.staging.input.0.child: umgr.0000.staging.input.0       : MainThread     : DEBUG   : umgr.0000.staging.input.0.child registered control_pubsub subscriber umgr.0000.staging.input.0.child.subscriber._base_command_cb
2017-12-18 23:20:07,869: umgr.0000.staging.input.0.child: umgr.0000.staging.input.0       : MainThread     : INFO    : child (me) initializing
2017-12-18 23:20:07,869: umgr.0000.staging.input.0.child: umgr.0000.staging.input.0       : MainThread     : DEBUG   : parent name: umgr.0000.staging.input.0.child.watch
2017-12-18 23:20:07,869: umgr.0000.staging.input.0.child: umgr.0000.staging.input.0       : MainThread     : DEBUG   : start thread
2017-12-18 23:20:07,869: umgr.0000.staging.input.0.child: umgr.0000.staging.input.0       : umgr.0000.staging.input.0.child.watch: DEBUG   : child name: umgr.0000.staging.input.0.child.watch.thread
2017-12-18 23:20:07,869: umgr.0000.staging.input.0.child: umgr.0000.staging.input.0       : umgr.0000.staging.input.0.child.watch: INFO    : child (me) initializing
2017-12-18 23:20:07,869: umgr.0000.staging.input.0.child: umgr.0000.staging.input.0       : umgr.0000.staging.input.0.child.watch: DEBUG   : ru_initialize_common (NOOP)
2017-12-18 23:20:07,870: umgr.0000.staging.input.0.child: umgr.0000.staging.input.0       : umgr.0000.staging.input.0.child.watch: DEBUG   : ru_initialize_child (NOOP)
2017-12-18 23:20:07,870: umgr.0000.staging.input.0.child: umgr.0000.staging.input.0       : umgr.0000.staging.input.0.child.watch: INFO    : send alive
2017-12-18 23:20:07,870: umgr.0000.staging.input.0.child: umgr.0000.staging.input.0       : umgr.0000.staging.input.0.child.watch: INFO    : put message: [umgr.0000.staging.input.0.child.watch.thread] alive
2017-12-18 23:20:07,870: umgr.0000.staging.input.0.child: umgr.0000.staging.input.0       : MainThread     : INFO    : get msg: alive
2017-12-18 23:20:07,871: umgr.0000.staging.input.0.child: umgr.0000.staging.input.0       : MainThread     : DEBUG   : ru_initialize_common (NOOP)
2017-12-18 23:20:07,871: umgr.0000.staging.input.0.child: umgr.0000.staging.input.0       : MainThread     : DEBUG   : ru_initialize_parent (NOOP)
2017-12-18 23:20:07,871: umgr.0000.staging.input.0.child: umgr.0000.staging.input.0       : MainThread     : DEBUG   : child thread umgr.0000.staging.input.0.child.watch started
2017-12-18 23:20:07,871: umgr.0000.staging.input.0.child: umgr.0000.staging.input.0       : MainThread     : INFO    : child (me) is alive
2017-12-18 23:20:07,871: umgr.0000.staging.input.0.child: umgr.0000.staging.input.0       : MainThread     : INFO    : send alive
2017-12-18 23:20:07,871: umgr.0000.staging.input.0.child: umgr.0000.staging.input.0       : MainThread     : INFO    : send message: [umgr.0000.staging.input.0.child] alive
2017-12-18 23:20:12,600: umgr.0000.staging.input.0.child: umgr.0000.staging.input.0       : umgr.0000.staging.input.0.child.subscriber._base_command_cb: DEBUG   :  === add pilot pilot.0000
2017-12-18 23:20:12,600: umgr.0000.staging.input.0.child: umgr.0000.staging.input.0       : umgr.0000.staging.input.0.child.subscriber._cancel_monitor_cb: DEBUG   : command ignored: add_pilots
2017-12-18 23:20:12,677: umgr.0000.staging.input.0.child: umgr.0000.staging.input.0       : MainThread     : DEBUG   : got unit (unit.000000)
2017-12-18 23:20:12,677: umgr.0000.staging.input.0.child: umgr.0000.staging.input.0       : MainThread     : DEBUG   : advance bulk size: 1 [False, True]
2017-12-18 23:20:12,678: umgr.0000.staging.input.0.child: umgr.0000.staging.input.0       : MainThread     : DEBUG   : {'pilot.0000': ['gsisftp://supermic.cct-lsu.xsede.org:2222/work/vivek91/radical.pilot.sandbox/rp.session.js-17-212.jetstream-cloud.org.vivek91.017519.0797/pilot.0000//unit.000000/']}
2017-12-18 23:20:12,678: umgr.0000.staging.input.0.child: umgr.0000.staging.input.0       : MainThread     : DEBUG   :  === pid pilot.0000
2017-12-18 23:20:12,679: umgr.0000.staging.input.0.child: umgr.0000.staging.input.0       : MainThread     : DEBUG   :  ==== sbox: gsisftp://supermic.cct-lsu.xsede.org:2222/work/vivek91/radical.pilot.sandbox/rp.session.js-17-212.jetstream-cloud.org.vivek91.017519.0797 [<class 'saga.url.Url'>]
2017-12-18 23:20:12,679: umgr.0000.staging.input.0.child: umgr.0000.staging.input.0       : MainThread     : DEBUG   :  === 1 >= 128 ?
2017-12-18 23:20:12,679: umgr.0000.staging.input.0.child: umgr.0000.staging.input.0       : MainThread     : DEBUG   : advance bulk size: 1 [True, True]
2017-12-18 23:20:12,679: umgr.0000.staging.input.0.child: umgr.0000.staging.input.0       : MainThread     : DEBUG   : drop  unit.000000 [AGENT_STAGING_INPUT_PENDING]
2017-12-18 23:22:17,991: umgr.0000.staging.input.0.child: umgr.0000.staging.input.0       : MainThread     : DEBUG   : got unit (unit.000001)
2017-12-18 23:22:17,991: umgr.0000.staging.input.0.child: umgr.0000.staging.input.0       : MainThread     : DEBUG   : advance bulk size: 1 [False, True]
2017-12-18 23:22:17,992: umgr.0000.staging.input.0.child: umgr.0000.staging.input.0       : MainThread     : DEBUG   : {'pilot.0000': ['gsisftp://supermic.cct-lsu.xsede.org:2222/work/vivek91/radical.pilot.sandbox/rp.session.js-17-212.jetstream-cloud.org.vivek91.017519.0797/pilot.0000//unit.000001/']}
2017-12-18 23:22:17,993: umgr.0000.staging.input.0.child: umgr.0000.staging.input.0       : MainThread     : DEBUG   :  === pid pilot.0000
2017-12-18 23:22:17,993: umgr.0000.staging.input.0.child: umgr.0000.staging.input.0       : MainThread     : DEBUG   :  ==== sbox: gsisftp://supermic.cct-lsu.xsede.org:2222/work/vivek91/radical.pilot.sandbox/rp.session.js-17-212.jetstream-cloud.org.vivek91.017519.0797 [<class 'saga.url.Url'>]
2017-12-18 23:22:17,993: umgr.0000.staging.input.0.child: umgr.0000.staging.input.0       : MainThread     : DEBUG   :  === 1 >= 128 ?
2017-12-18 23:22:17,993: umgr.0000.staging.input.0.child: umgr.0000.staging.input.0       : MainThread     : DEBUG   : advance bulk size: 1 [True, True]
2017-12-18 23:22:17,993: umgr.0000.staging.input.0.child: umgr.0000.staging.input.0       : MainThread     : DEBUG   : drop  unit.000001 [AGENT_STAGING_INPUT_PENDING]
2017-12-18 23:24:39,208: umgr.0000.staging.input.0.child: umgr.0000.staging.input.0       : umgr.0000.staging.input.0.child.subscriber._cancel_monitor_cb: DEBUG   : command ignored: cancel_pilots
2017-12-18 23:24:39,210: umgr.0000.staging.input.0.child: umgr.0000.staging.input.0       : umgr.0000.staging.input.0.child.subscriber._base_command_cb: DEBUG   :  === skip cmd cancel_pilots
2017-12-18 23:24:39,915: umgr.0000.staging.input.0.child: umgr.0000.staging.input.0       : MainThread     : DEBUG   : TERM : umgr.0000.staging.input.0.child unregister subscriber umgr.0000.staging.input.0.child.subscriber._base_command_cb
2017-12-18 23:24:39,915: umgr.0000.staging.input.0.child: umgr.0000.staging.input.0       : MainThread     : DEBUG   : unregistered subscriber umgr.0000.staging.input.0.child.subscriber._base_command_cb
2017-12-18 23:24:39,915: umgr.0000.staging.input.0.child: umgr.0000.staging.input.0       : MainThread     : DEBUG   : ru_finalize_common()
2017-12-18 23:24:39,915: umgr.0000.staging.input.0.child: umgr.0000.staging.input.0       : MainThread     : DEBUG   : TERM : umgr.0000.staging.input.0.child unregister publisher log_pubsub
2017-12-18 23:24:39,916: umgr.0000.staging.input.0.child: umgr.0000.staging.input.0       : MainThread     : DEBUG   : unregistered publisher log_pubsub
2017-12-18 23:24:39,917: umgr.0000.staging.input.0.child: umgr.0000.staging.input.0       : MainThread     : DEBUG   : TERM : umgr.0000.staging.input.0.child unregister publisher state_pubsub
2017-12-18 23:24:39,917: umgr.0000.staging.input.0.child: umgr.0000.staging.input.0       : MainThread     : DEBUG   : unregistered publisher state_pubsub
2017-12-18 23:24:39,918: umgr.0000.staging.input.0.child: umgr.0000.staging.input.0       : MainThread     : DEBUG   : TERM : umgr.0000.staging.input.0.child unregister publisher control_pubsub
2017-12-18 23:24:39,919: umgr.0000.staging.input.0.child: umgr.0000.staging.input.0       : MainThread     : DEBUG   : unregistered publisher control_pubsub
2017-12-18 23:24:39,919: umgr.0000.staging.input.0.child: umgr.0000.staging.input.0       : MainThread     : DEBUG   : umgr.0000.staging.input.0.child close prof
2017-12-18 23:24:39,937: umgr.0000.staging.input.0.child: umgr.0000.staging.input.0       : MainThread     : INFO    : send message: [umgr.0000.staging.input.0.child] terminating
2017-12-18 23:24:40,120: umgr.0000.staging.input.0.child: umgr.0000.staging.input.0       : umgr.0000.staging.input.0.child.watch: INFO    : watcher closes
2017-12-18 23:24:40,120: umgr.0000.staging.input.0.child: umgr.0000.staging.input.0       : umgr.0000.staging.input.0.child.watch: INFO    : put message: [umgr.0000.staging.input.0.child.watch.thread] work finished
2017-12-18 23:24:40,120: umgr.0000.staging.input.0.child: umgr.0000.staging.input.0       : umgr.0000.staging.input.0.child.watch: DEBUG   : ru_finalize_child (NOOP)
2017-12-18 23:24:40,121: umgr.0000.staging.input.0.child: umgr.0000.staging.input.0       : umgr.0000.staging.input.0.child.watch: DEBUG   : ru_finalize_common (NOOP)
2017-12-18 23:24:40,121: umgr.0000.staging.input.0.child: umgr.0000.staging.input.0       : umgr.0000.staging.input.0.child.watch: INFO    : put message: [umgr.0000.staging.input.0.child.watch.thread] terminating
2017-12-18 23:24:40,151: umgr.0000.staging.input.0.child: umgr.0000.staging.input.0       : MainThread     : INFO    : parent stops child
2017-12-18 23:24:40,152: umgr.0000.staging.input.0.child: umgr.0000.staging.input.0       : MainThread     : DEBUG   : ru_finalize_parent (NOOP)
2017-12-18 23:24:40,152: umgr.0000.staging.input.0.child: umgr.0000.staging.input.0       : umgr.0000.staging.input.0.child.subscriber._base_command_cb: DEBUG   : ru_finalize_child (NOOP)
2017-12-18 23:24:40,153: umgr.0000.staging.input.0.child: umgr.0000.staging.input.0       : umgr.0000.staging.input.0.child.subscriber._base_command_cb: INFO    : put message: [umgr.0000.staging.input.0.child.subscriber._base_command_cb.thread] terminating
2017-12-18 23:24:40,154: umgr.0000.staging.input.0.child: umgr.0000.staging.input.0       : MainThread     : INFO    : parent stops child
2017-12-18 23:24:40,154: umgr.0000.staging.input.0.child: umgr.0000.staging.input.0       : MainThread     : DEBUG   : ru_finalize_parent (NOOP)
2017-12-18 23:24:40,155: umgr.0000.staging.input.0.child: umgr.0000.staging.input.0       : umgr.0000.staging.input.0.child.subscriber._cancel_monitor_cb: DEBUG   : ru_finalize_child (NOOP)
2017-12-18 23:24:40,155: umgr.0000.staging.input.0.child: umgr.0000.staging.input.0       : umgr.0000.staging.input.0.child.subscriber._cancel_monitor_cb: INFO    : put message: [umgr.0000.staging.input.0.child.subscriber._cancel_monitor_cb.thread] terminating
