2018-03-01 17:34:13,327: log.pubsub.pub.0005 : umgr.0000.scheduling.0          : MainThread     : INFO    : python.interpreter   version: 2.7.12 (default, Nov 20 2017, 18:23:56) [GCC 5.4.0 20160609]
2018-03-01 17:34:13,327: log.pubsub.pub.0005 : umgr.0000.scheduling.0          : MainThread     : INFO    :                      pid: 6942
2018-03-01 17:34:13,327: log.pubsub.pub.0005 : umgr.0000.scheduling.0          : MainThread     : INFO    :                      tid: MainThread
2018-03-01 17:34:13,327: log.pubsub.pub.0005 : umgr.0000.scheduling.0          : MainThread     : INFO    : radical.pilot        version: 0.47.1
2018-03-01 17:34:13,328: log.pubsub.pub.0005 : umgr.0000.scheduling.0          : MainThread     : INFO    : create log_pubsub - pub - tcp://138.201.86.166:39039
2018-03-01 17:34:13,328: log.pubsub.pub.0005 : umgr.0000.scheduling.0          : MainThread     : DEBUG   : start process
2018-03-01 17:34:13,328: log.pubsub.pub.0005 : umgr.0000.scheduling.0          : MainThread     : DEBUG   : ru_initialize_common (NOOP)
2018-03-01 17:34:13,328: log.pubsub.pub.0005 : umgr.0000.scheduling.0          : MainThread     : DEBUG   : ru_initialize_parent (NOOP)
2018-03-01 17:34:13,328: log.pubsub.pub.0005 : umgr.0000.scheduling.0          : MainThread     : DEBUG   : process class started (no child)
2018-03-01 17:34:13,377: log.pubsub.pub.0005 : task-manager                    : MainThread     : INFO    : python.interpreter   version: 2.7.12 (default, Nov 20 2017, 18:23:56) [GCC 5.4.0 20160609]
2018-03-01 17:34:13,378: log.pubsub.pub.0005 : task-manager                    : MainThread     : INFO    :                      pid: 6841
2018-03-01 17:34:13,379: log.pubsub.pub.0005 : task-manager                    : MainThread     : INFO    :                      tid: MainThread
2018-03-01 17:34:13,379: log.pubsub.pub.0005 : task-manager                    : MainThread     : INFO    : radical.pilot        version: 0.47.1
2018-03-01 17:34:13,379: log.pubsub.pub.0005 : task-manager                    : MainThread     : INFO    : create log_pubsub - pub - tcp://138.201.86.166:39039
2018-03-01 17:34:13,379: log.pubsub.pub.0005 : task-manager                    : MainThread     : DEBUG   : start process
2018-03-01 17:34:13,380: log.pubsub.pub.0005 : task-manager                    : MainThread     : DEBUG   : ru_initialize_common (NOOP)
2018-03-01 17:34:13,380: log.pubsub.pub.0005 : task-manager                    : MainThread     : DEBUG   : ru_initialize_parent (NOOP)
2018-03-01 17:34:13,380: log.pubsub.pub.0005 : task-manager                    : MainThread     : DEBUG   : process class started (no child)
2018-03-01 17:51:48,812: log.pubsub.pub.0005 : umgr.0000.scheduling.0          : umgr.0000.scheduling.0.child.subscriber._cancel_monitor_cb: INFO    : parent stops child  6942 -> None [log.pubsub.pub.0005]
2018-03-01 17:51:48,812: log.pubsub.pub.0005 : umgr.0000.scheduling.0          : umgr.0000.scheduling.0.child.subscriber._cancel_monitor_cb: DEBUG   : ru_finalize_parent (NOOP)
