2018-01-31 23:48:35,547: log.pubsub.pub.0003 : umgr.0000.staging.input.0       : MainThread     : INFO    : python.interpreter   version: 2.7.6 (default, Jun 22 2015, 17:58:13) [GCC 4.8.2]
2018-01-31 23:48:35,547: log.pubsub.pub.0003 : umgr.0000.staging.input.0       : MainThread     : INFO    :                      pid: 18730
2018-01-31 23:48:35,547: log.pubsub.pub.0003 : umgr.0000.staging.input.0       : MainThread     : INFO    :                      tid: MainThread
2018-01-31 23:48:35,548: log.pubsub.pub.0003 : umgr.0000.staging.input.0       : MainThread     : INFO    : radical.pilot        version: 0.47.1
2018-01-31 23:48:35,548: log.pubsub.pub.0003 : umgr.0000.staging.input.0       : MainThread     : INFO    : create log_pubsub - pub - tcp://172.29.241.4:35222
2018-01-31 23:48:35,548: log.pubsub.pub.0003 : umgr.0000.staging.input.0       : MainThread     : DEBUG   : start process
2018-01-31 23:48:35,548: log.pubsub.pub.0003 : umgr.0000.staging.input.0       : MainThread     : DEBUG   : ru_initialize_common (NOOP)
2018-01-31 23:48:35,548: log.pubsub.pub.0003 : umgr.0000.staging.input.0       : MainThread     : DEBUG   : ru_initialize_parent (NOOP)
2018-01-31 23:48:35,549: log.pubsub.pub.0003 : umgr.0000.staging.input.0       : MainThread     : DEBUG   : process class started (no child)
2018-01-31 23:48:35,570: log.pubsub.pub.0003 : task-manager                    : MainThread     : INFO    : python.interpreter   version: 2.7.6 (default, Jun 22 2015, 17:58:13) [GCC 4.8.2]
2018-01-31 23:48:35,570: log.pubsub.pub.0003 : task-manager                    : MainThread     : INFO    :                      pid: 18696
2018-01-31 23:48:35,570: log.pubsub.pub.0003 : task-manager                    : MainThread     : INFO    :                      tid: MainThread
2018-01-31 23:48:35,570: log.pubsub.pub.0003 : task-manager                    : MainThread     : INFO    : radical.pilot        version: 0.47.1
2018-01-31 23:48:35,570: log.pubsub.pub.0003 : task-manager                    : MainThread     : INFO    : create log_pubsub - pub - tcp://172.29.241.4:35222
2018-01-31 23:48:35,570: log.pubsub.pub.0003 : task-manager                    : MainThread     : DEBUG   : start process
2018-01-31 23:48:35,571: log.pubsub.pub.0003 : task-manager                    : MainThread     : DEBUG   : ru_initialize_common (NOOP)
2018-01-31 23:48:35,571: log.pubsub.pub.0003 : task-manager                    : MainThread     : DEBUG   : ru_initialize_parent (NOOP)
2018-01-31 23:48:35,571: log.pubsub.pub.0003 : task-manager                    : MainThread     : DEBUG   : process class started (no child)
2018-02-01 00:58:00,984: log.pubsub.pub.0003 : umgr.0000.staging.input.0       : MainThread     : INFO    : parent stops child  18730 -> None [log.pubsub.pub.0003]
2018-02-01 00:58:00,984: log.pubsub.pub.0003 : umgr.0000.staging.input.0       : MainThread     : DEBUG   : ru_finalize_parent (NOOP)
