2018-01-31 23:33:38,342: rp.session.js-169-212.jetstream-cloud.org.vivek91.017563.0779: MainProcess                     : MainThread     : INFO    : python.interpreter   version: 2.7.6 (default, Jun 22 2015, 17:58:13) [GCC 4.8.2]
2018-01-31 23:33:38,343: rp.session.js-169-212.jetstream-cloud.org.vivek91.017563.0779: MainProcess                     : MainThread     : INFO    :                      pid: 12806
2018-01-31 23:33:38,343: rp.session.js-169-212.jetstream-cloud.org.vivek91.017563.0779: MainProcess                     : MainThread     : INFO    :                      tid: MainThread
2018-01-31 23:33:38,343: rp.session.js-169-212.jetstream-cloud.org.vivek91.017563.0779: MainProcess                     : MainThread     : INFO    : radical.pilot        version: 0.47.1
2018-01-31 23:33:38,343: rp.session.js-169-212.jetstream-cloud.org.vivek91.017563.0779: MainProcess                     : MainThread     : INFO    : using database mongodb://entk:entk@ds125126.mlab.com:25126/adbms-1
2018-01-31 23:33:38,437: rp.session.js-169-212.jetstream-cloud.org.vivek91.017563.0779: MainProcess                     : MainThread     : INFO    : Load resource configurations from /home/vivek91/ves/ve-bms/local/lib/python2.7/site-packages/radical/pilot/configs/resource_ncsa.json
2018-01-31 23:33:38,449: rp.session.js-169-212.jetstream-cloud.org.vivek91.017563.0779: MainProcess                     : MainThread     : INFO    : Load resource configurations for ncsa.bw_orte
2018-01-31 23:33:38,449: rp.session.js-169-212.jetstream-cloud.org.vivek91.017563.0779: MainProcess                     : MainThread     : INFO    : Load resource configurations for ncsa.bw_ccm_ssh
2018-01-31 23:33:38,450: rp.session.js-169-212.jetstream-cloud.org.vivek91.017563.0779: MainProcess                     : MainThread     : INFO    : Load resource configurations for ncsa.bw_ortelib
2018-01-31 23:33:38,450: rp.session.js-169-212.jetstream-cloud.org.vivek91.017563.0779: MainProcess                     : MainThread     : INFO    : Load resource configurations for ncsa.bw_aprun
2018-01-31 23:33:38,451: rp.session.js-169-212.jetstream-cloud.org.vivek91.017563.0779: MainProcess                     : MainThread     : INFO    : Load resource configurations for ncsa.bw_local_orte
2018-01-31 23:33:38,451: rp.session.js-169-212.jetstream-cloud.org.vivek91.017563.0779: MainProcess                     : MainThread     : INFO    : Load resource configurations from /home/vivek91/ves/ve-bms/local/lib/python2.7/site-packages/radical/pilot/configs/resource_epsrc.json
2018-01-31 23:33:38,455: rp.session.js-169-212.jetstream-cloud.org.vivek91.017563.0779: MainProcess                     : MainThread     : INFO    : Load resource configurations for epsrc.archer_orte
2018-01-31 23:33:38,456: rp.session.js-169-212.jetstream-cloud.org.vivek91.017563.0779: MainProcess                     : MainThread     : INFO    : Load resource configurations for epsrc.archer_aprun
2018-01-31 23:33:38,456: rp.session.js-169-212.jetstream-cloud.org.vivek91.017563.0779: MainProcess                     : MainThread     : INFO    : Load resource configurations from /home/vivek91/ves/ve-bms/local/lib/python2.7/site-packages/radical/pilot/configs/resource_das5.json
2018-01-31 23:33:38,458: rp.session.js-169-212.jetstream-cloud.org.vivek91.017563.0779: MainProcess                     : MainThread     : INFO    : Load resource configurations for das5.fs1_ssh
2018-01-31 23:33:38,459: rp.session.js-169-212.jetstream-cloud.org.vivek91.017563.0779: MainProcess                     : MainThread     : INFO    : Load resource configurations from /home/vivek91/ves/ve-bms/local/lib/python2.7/site-packages/radical/pilot/configs/resource_das4.json
2018-01-31 23:33:38,460: rp.session.js-169-212.jetstream-cloud.org.vivek91.017563.0779: MainProcess                     : MainThread     : INFO    : Load resource configurations for das4.fs2_ssh
2018-01-31 23:33:38,461: rp.session.js-169-212.jetstream-cloud.org.vivek91.017563.0779: MainProcess                     : MainThread     : INFO    : Load resource configurations from /home/vivek91/ves/ve-bms/local/lib/python2.7/site-packages/radical/pilot/configs/resource_local.json
2018-01-31 23:33:38,472: rp.session.js-169-212.jetstream-cloud.org.vivek91.017563.0779: MainProcess                     : MainThread     : INFO    : Load resource configurations for local.localhost_orte
2018-01-31 23:33:38,472: rp.session.js-169-212.jetstream-cloud.org.vivek91.017563.0779: MainProcess                     : MainThread     : INFO    : Load resource configurations for local.localhost_anaconda
2018-01-31 23:33:38,472: rp.session.js-169-212.jetstream-cloud.org.vivek91.017563.0779: MainProcess                     : MainThread     : INFO    : Load resource configurations for local.localhost_ortelib
2018-01-31 23:33:38,473: rp.session.js-169-212.jetstream-cloud.org.vivek91.017563.0779: MainProcess                     : MainThread     : INFO    : Load resource configurations for local.localhost
2018-01-31 23:33:38,473: rp.session.js-169-212.jetstream-cloud.org.vivek91.017563.0779: MainProcess                     : MainThread     : INFO    : Load resource configurations for local.localhost_spark
2018-01-31 23:33:38,474: rp.session.js-169-212.jetstream-cloud.org.vivek91.017563.0779: MainProcess                     : MainThread     : INFO    : Load resource configurations for local.localhost_spark_anaconda
2018-01-31 23:33:38,474: rp.session.js-169-212.jetstream-cloud.org.vivek91.017563.0779: MainProcess                     : MainThread     : INFO    : Load resource configurations for local.localhost_yarn
2018-01-31 23:33:38,475: rp.session.js-169-212.jetstream-cloud.org.vivek91.017563.0779: MainProcess                     : MainThread     : INFO    : Load resource configurations from /home/vivek91/ves/ve-bms/local/lib/python2.7/site-packages/radical/pilot/configs/resource_ornl.json
2018-01-31 23:33:38,481: rp.session.js-169-212.jetstream-cloud.org.vivek91.017563.0779: MainProcess                     : MainThread     : INFO    : Load resource configurations for ornl.titan_orte
2018-01-31 23:33:38,482: rp.session.js-169-212.jetstream-cloud.org.vivek91.017563.0779: MainProcess                     : MainThread     : INFO    : Load resource configurations for ornl.titan_aprun
2018-01-31 23:33:38,482: rp.session.js-169-212.jetstream-cloud.org.vivek91.017563.0779: MainProcess                     : MainThread     : INFO    : Load resource configurations for ornl.titan_ortelib
2018-01-31 23:33:38,483: rp.session.js-169-212.jetstream-cloud.org.vivek91.017563.0779: MainProcess                     : MainThread     : INFO    : Load resource configurations from /home/vivek91/ves/ve-bms/local/lib/python2.7/site-packages/radical/pilot/configs/resource_stfc.json
2018-01-31 23:33:38,485: rp.session.js-169-212.jetstream-cloud.org.vivek91.017563.0779: MainProcess                     : MainThread     : INFO    : Load resource configurations for stfc.joule_runjob
2018-01-31 23:33:38,485: rp.session.js-169-212.jetstream-cloud.org.vivek91.017563.0779: MainProcess                     : MainThread     : INFO    : Load resource configurations from /home/vivek91/ves/ve-bms/local/lib/python2.7/site-packages/radical/pilot/configs/resource_ncar.json
2018-01-31 23:33:38,487: rp.session.js-169-212.jetstream-cloud.org.vivek91.017563.0779: MainProcess                     : MainThread     : INFO    : Load resource configurations for ncar.yellowstone_ssh
2018-01-31 23:33:38,487: rp.session.js-169-212.jetstream-cloud.org.vivek91.017563.0779: MainProcess                     : MainThread     : INFO    : Load resource configurations from /home/vivek91/ves/ve-bms/local/lib/python2.7/site-packages/radical/pilot/configs/resource_yale.json
2018-01-31 23:33:38,489: rp.session.js-169-212.jetstream-cloud.org.vivek91.017563.0779: MainProcess                     : MainThread     : INFO    : Load resource configurations for yale.grace_ssh
2018-01-31 23:33:38,490: rp.session.js-169-212.jetstream-cloud.org.vivek91.017563.0779: MainProcess                     : MainThread     : INFO    : Load resource configurations from /home/vivek91/ves/ve-bms/local/lib/python2.7/site-packages/radical/pilot/configs/resource_chameleon.json
2018-01-31 23:33:38,491: rp.session.js-169-212.jetstream-cloud.org.vivek91.017563.0779: MainProcess                     : MainThread     : INFO    : Load resource configurations for chameleon.cloud_vm_yarn
2018-01-31 23:33:38,492: rp.session.js-169-212.jetstream-cloud.org.vivek91.017563.0779: MainProcess                     : MainThread     : INFO    : Load resource configurations from /home/vivek91/ves/ve-bms/local/lib/python2.7/site-packages/radical/pilot/configs/resource_osg.json
2018-01-31 23:33:38,496: rp.session.js-169-212.jetstream-cloud.org.vivek91.017563.0779: MainProcess                     : MainThread     : INFO    : Load resource configurations for osg.xsede-virt-clust
2018-01-31 23:33:38,496: rp.session.js-169-212.jetstream-cloud.org.vivek91.017563.0779: MainProcess                     : MainThread     : INFO    : Load resource configurations for osg.connect
2018-01-31 23:33:38,497: rp.session.js-169-212.jetstream-cloud.org.vivek91.017563.0779: MainProcess                     : MainThread     : INFO    : Load resource configurations from /home/vivek91/ves/ve-bms/local/lib/python2.7/site-packages/radical/pilot/configs/resource_futuregrid.json
2018-01-31 23:33:38,507: rp.session.js-169-212.jetstream-cloud.org.vivek91.017563.0779: MainProcess                     : MainThread     : INFO    : Load resource configurations for futuregrid.delta_ssh
2018-01-31 23:33:38,507: rp.session.js-169-212.jetstream-cloud.org.vivek91.017563.0779: MainProcess                     : MainThread     : INFO    : Load resource configurations for futuregrid.india_ssh
2018-01-31 23:33:38,508: rp.session.js-169-212.jetstream-cloud.org.vivek91.017563.0779: MainProcess                     : MainThread     : INFO    : Load resource configurations for futuregrid.echo_ssh
2018-01-31 23:33:38,508: rp.session.js-169-212.jetstream-cloud.org.vivek91.017563.0779: MainProcess                     : MainThread     : INFO    : Load resource configurations for futuregrid.xray_ccm
2018-01-31 23:33:38,508: rp.session.js-169-212.jetstream-cloud.org.vivek91.017563.0779: MainProcess                     : MainThread     : INFO    : Load resource configurations for futuregrid.bravo_ssh
2018-01-31 23:33:38,509: rp.session.js-169-212.jetstream-cloud.org.vivek91.017563.0779: MainProcess                     : MainThread     : INFO    : Load resource configurations for futuregrid.xray_aprun
2018-01-31 23:33:38,509: rp.session.js-169-212.jetstream-cloud.org.vivek91.017563.0779: MainProcess                     : MainThread     : INFO    : Load resource configurations from /home/vivek91/ves/ve-bms/local/lib/python2.7/site-packages/radical/pilot/configs/resource_rice.json
2018-01-31 23:33:38,513: rp.session.js-169-212.jetstream-cloud.org.vivek91.017563.0779: MainProcess                     : MainThread     : INFO    : Load resource configurations for rice.davinci_ssh
2018-01-31 23:33:38,513: rp.session.js-169-212.jetstream-cloud.org.vivek91.017563.0779: MainProcess                     : MainThread     : INFO    : Load resource configurations for rice.biou_ssh
2018-01-31 23:33:38,514: rp.session.js-169-212.jetstream-cloud.org.vivek91.017563.0779: MainProcess                     : MainThread     : INFO    : Load resource configurations from /home/vivek91/ves/ve-bms/local/lib/python2.7/site-packages/radical/pilot/configs/resource_iu.json
2018-01-31 23:33:38,517: rp.session.js-169-212.jetstream-cloud.org.vivek91.017563.0779: MainProcess                     : MainThread     : INFO    : Load resource configurations for iu.bigred2_ccm_ssh
2018-01-31 23:33:38,518: rp.session.js-169-212.jetstream-cloud.org.vivek91.017563.0779: MainProcess                     : MainThread     : INFO    : Load resource configurations for iu.bigred2_aprun
2018-01-31 23:33:38,518: rp.session.js-169-212.jetstream-cloud.org.vivek91.017563.0779: MainProcess                     : MainThread     : INFO    : Load resource configurations from /home/vivek91/ves/ve-bms/local/lib/python2.7/site-packages/radical/pilot/configs/resource_lrz.json
2018-01-31 23:33:38,520: rp.session.js-169-212.jetstream-cloud.org.vivek91.017563.0779: MainProcess                     : MainThread     : INFO    : Load resource configurations for lrz.supermuc_ssh
2018-01-31 23:33:38,520: rp.session.js-169-212.jetstream-cloud.org.vivek91.017563.0779: MainProcess                     : MainThread     : INFO    : Load resource configurations from /home/vivek91/ves/ve-bms/local/lib/python2.7/site-packages/radical/pilot/configs/resource_radical.json
2018-01-31 23:33:38,523: rp.session.js-169-212.jetstream-cloud.org.vivek91.017563.0779: MainProcess                     : MainThread     : INFO    : Load resource configurations for radical.two
2018-01-31 23:33:38,523: rp.session.js-169-212.jetstream-cloud.org.vivek91.017563.0779: MainProcess                     : MainThread     : INFO    : Load resource configurations for radical.tutorial
2018-01-31 23:33:38,524: rp.session.js-169-212.jetstream-cloud.org.vivek91.017563.0779: MainProcess                     : MainThread     : INFO    : Load resource configurations for radical.one
2018-01-31 23:33:38,524: rp.session.js-169-212.jetstream-cloud.org.vivek91.017563.0779: MainProcess                     : MainThread     : INFO    : Load resource configurations from /home/vivek91/ves/ve-bms/local/lib/python2.7/site-packages/radical/pilot/configs/resource_nersc.json
2018-01-31 23:33:38,531: rp.session.js-169-212.jetstream-cloud.org.vivek91.017563.0779: MainProcess                     : MainThread     : INFO    : Load resource configurations for nersc.edison_ccm_ssh
2018-01-31 23:33:38,531: rp.session.js-169-212.jetstream-cloud.org.vivek91.017563.0779: MainProcess                     : MainThread     : INFO    : Load resource configurations for nersc.hopper_orte
2018-01-31 23:33:38,531: rp.session.js-169-212.jetstream-cloud.org.vivek91.017563.0779: MainProcess                     : MainThread     : INFO    : Load resource configurations for nersc.hopper_ccm_ssh
2018-01-31 23:33:38,531: rp.session.js-169-212.jetstream-cloud.org.vivek91.017563.0779: MainProcess                     : MainThread     : INFO    : Load resource configurations for nersc.edison_aprun
2018-01-31 23:33:38,532: rp.session.js-169-212.jetstream-cloud.org.vivek91.017563.0779: MainProcess                     : MainThread     : INFO    : Load resource configurations for nersc.hopper_aprun
2018-01-31 23:33:38,532: rp.session.js-169-212.jetstream-cloud.org.vivek91.017563.0779: MainProcess                     : MainThread     : INFO    : Load resource configurations for nersc.edison_orte
2018-01-31 23:33:38,532: rp.session.js-169-212.jetstream-cloud.org.vivek91.017563.0779: MainProcess                     : MainThread     : INFO    : Load resource configurations from /home/vivek91/ves/ve-bms/local/lib/python2.7/site-packages/radical/pilot/configs/resource_lumc.json
2018-01-31 23:33:38,535: rp.session.js-169-212.jetstream-cloud.org.vivek91.017563.0779: MainProcess                     : MainThread     : INFO    : Load resource configurations for lumc.gb-ui_ssh
2018-01-31 23:33:38,535: rp.session.js-169-212.jetstream-cloud.org.vivek91.017563.0779: MainProcess                     : MainThread     : INFO    : Load resource configurations for lumc.shark_ssh
2018-01-31 23:33:38,535: rp.session.js-169-212.jetstream-cloud.org.vivek91.017563.0779: MainProcess                     : MainThread     : INFO    : Load resource configurations from /home/vivek91/ves/ve-bms/local/lib/python2.7/site-packages/radical/pilot/configs/resource_xsede.json
2018-01-31 23:33:38,560: rp.session.js-169-212.jetstream-cloud.org.vivek91.017563.0779: MainProcess                     : MainThread     : INFO    : Load resource configurations for xsede.gordon_ssh
2018-01-31 23:33:38,560: rp.session.js-169-212.jetstream-cloud.org.vivek91.017563.0779: MainProcess                     : MainThread     : INFO    : Load resource configurations for xsede.lonestar_ssh
2018-01-31 23:33:38,561: rp.session.js-169-212.jetstream-cloud.org.vivek91.017563.0779: MainProcess                     : MainThread     : INFO    : Load resource configurations for xsede.supermic_spark
2018-01-31 23:33:38,561: rp.session.js-169-212.jetstream-cloud.org.vivek91.017563.0779: MainProcess                     : MainThread     : INFO    : Load resource configurations for xsede.wrangler_yarn
2018-01-31 23:33:38,561: rp.session.js-169-212.jetstream-cloud.org.vivek91.017563.0779: MainProcess                     : MainThread     : INFO    : Load resource configurations for xsede.blacklight_ssh
2018-01-31 23:33:38,562: rp.session.js-169-212.jetstream-cloud.org.vivek91.017563.0779: MainProcess                     : MainThread     : INFO    : Load resource configurations for xsede.stampede_ortelib
2018-01-31 23:33:38,562: rp.session.js-169-212.jetstream-cloud.org.vivek91.017563.0779: MainProcess                     : MainThread     : INFO    : Load resource configurations for xsede.stampede_yarn
2018-01-31 23:33:38,562: rp.session.js-169-212.jetstream-cloud.org.vivek91.017563.0779: MainProcess                     : MainThread     : INFO    : Load resource configurations for xsede.stampede_ssh
2018-01-31 23:33:38,562: rp.session.js-169-212.jetstream-cloud.org.vivek91.017563.0779: MainProcess                     : MainThread     : INFO    : Load resource configurations for xsede.greenfield
2018-01-31 23:33:38,563: rp.session.js-169-212.jetstream-cloud.org.vivek91.017563.0779: MainProcess                     : MainThread     : INFO    : Load resource configurations for xsede.bridges
2018-01-31 23:33:38,563: rp.session.js-169-212.jetstream-cloud.org.vivek91.017563.0779: MainProcess                     : MainThread     : INFO    : Load resource configurations for xsede.trestles_ssh
2018-01-31 23:33:38,563: rp.session.js-169-212.jetstream-cloud.org.vivek91.017563.0779: MainProcess                     : MainThread     : INFO    : Load resource configurations for xsede.supermic_ortelib
2018-01-31 23:33:38,564: rp.session.js-169-212.jetstream-cloud.org.vivek91.017563.0779: MainProcess                     : MainThread     : INFO    : Load resource configurations for xsede.stampede2_ssh
2018-01-31 23:33:38,564: rp.session.js-169-212.jetstream-cloud.org.vivek91.017563.0779: MainProcess                     : MainThread     : INFO    : Load resource configurations for xsede.supermic_ssh
2018-01-31 23:33:38,564: rp.session.js-169-212.jetstream-cloud.org.vivek91.017563.0779: MainProcess                     : MainThread     : INFO    : Load resource configurations for xsede.wrangler_ssh
2018-01-31 23:33:38,564: rp.session.js-169-212.jetstream-cloud.org.vivek91.017563.0779: MainProcess                     : MainThread     : INFO    : Load resource configurations for xsede.supermic_orte
2018-01-31 23:33:38,565: rp.session.js-169-212.jetstream-cloud.org.vivek91.017563.0779: MainProcess                     : MainThread     : INFO    : Load resource configurations for xsede.wrangler_spark
2018-01-31 23:33:38,565: rp.session.js-169-212.jetstream-cloud.org.vivek91.017563.0779: MainProcess                     : MainThread     : INFO    : Load resource configurations for xsede.stampede_orte
2018-01-31 23:33:38,565: rp.session.js-169-212.jetstream-cloud.org.vivek91.017563.0779: MainProcess                     : MainThread     : INFO    : Load resource configurations for xsede.comet_ortelib
2018-01-31 23:33:38,566: rp.session.js-169-212.jetstream-cloud.org.vivek91.017563.0779: MainProcess                     : MainThread     : INFO    : Load resource configurations for xsede.comet_orte
2018-01-31 23:33:38,566: rp.session.js-169-212.jetstream-cloud.org.vivek91.017563.0779: MainProcess                     : MainThread     : INFO    : Load resource configurations for xsede.comet_spark
2018-01-31 23:33:38,566: rp.session.js-169-212.jetstream-cloud.org.vivek91.017563.0779: MainProcess                     : MainThread     : INFO    : Load resource configurations for xsede.comet_ssh
2018-01-31 23:33:38,566: rp.session.js-169-212.jetstream-cloud.org.vivek91.017563.0779: MainProcess                     : MainThread     : INFO    : Load resource configurations for xsede.stampede_spark
2018-01-31 23:33:38,567: rp.session.js-169-212.jetstream-cloud.org.vivek91.017563.0779: MainProcess                     : MainThread     : INFO    : Load resource configurations from /home/vivek91/ves/ve-bms/local/lib/python2.7/site-packages/radical/pilot/configs/resource_fub.json
2018-01-31 23:33:38,568: rp.session.js-169-212.jetstream-cloud.org.vivek91.017563.0779: MainProcess                     : MainThread     : INFO    : Load resource configurations for fub.allegro_rsh
2018-01-31 23:33:38,568: rp.session.js-169-212.jetstream-cloud.org.vivek91.017563.0779: MainProcess                     : MainThread     : INFO    : Load resource configurations from /home/vivek91/ves/ve-bms/local/lib/python2.7/site-packages/radical/pilot/configs/resource_aliases.json
2018-01-31 23:33:38,951: rp.session.js-169-212.jetstream-cloud.org.vivek91.017563.0779: MainProcess                     : MainThread     : INFO    : New Session created: rp.session.js-169-212.jetstream-cloud.org.vivek91.017563.0779.
2018-01-31 23:33:38,951: rp.session.js-169-212.jetstream-cloud.org.vivek91.017563.0779: MainProcess                     : MainThread     : DEBUG   : start bridges   : {u'control_pubsub': {u'bulk_size': 0, u'log_level': u'debug', u'stall_hwm': 1},
 u'log_pubsub': {u'bulk_size': 0, u'log_level': u'debug', u'stall_hwm': 1},
 u'state_pubsub': {u'bulk_size': 0, u'log_level': u'debug', u'stall_hwm': 1}}
2018-01-31 23:33:38,951: rp.session.js-169-212.jetstream-cloud.org.vivek91.017563.0779: MainProcess                     : MainThread     : INFO    : create bridge control_pubsub
2018-01-31 23:33:38,979: rp.session.js-169-212.jetstream-cloud.org.vivek91.017563.0779: MainProcess                     : MainThread     : INFO    : created bridge control_pubsub (control.pubsub.bridge.0000)
2018-01-31 23:33:38,980: rp.session.js-169-212.jetstream-cloud.org.vivek91.017563.0779: MainProcess                     : MainThread     : INFO    : create bridge state_pubsub
2018-01-31 23:33:39,003: rp.session.js-169-212.jetstream-cloud.org.vivek91.017563.0779: MainProcess                     : MainThread     : INFO    : created bridge state_pubsub (state.pubsub.bridge.0000)
2018-01-31 23:33:39,003: rp.session.js-169-212.jetstream-cloud.org.vivek91.017563.0779: MainProcess                     : MainThread     : INFO    : create bridge log_pubsub
2018-01-31 23:33:39,024: rp.session.js-169-212.jetstream-cloud.org.vivek91.017563.0779: MainProcess                     : MainThread     : INFO    : created bridge log_pubsub (log.pubsub.bridge.0000)
2018-01-31 23:33:39,024: rp.session.js-169-212.jetstream-cloud.org.vivek91.017563.0779: MainProcess                     : MainThread     : DEBUG   : start components: {u'UpdateWorker': {u'count': 1}}
2018-01-31 23:33:39,024: rp.session.js-169-212.jetstream-cloud.org.vivek91.017563.0779: MainProcess                     : MainThread     : DEBUG   : start 1 component(s) UpdateWorker
2018-01-31 23:33:39,610: rp.session.js-169-212.jetstream-cloud.org.vivek91.017563.0779: MainProcess                     : MainThread     : INFO    : rp.session.js-169-212.jetstream-cloud.org.vivek91.017563.0779 starts update.0
2018-01-31 23:33:40,049: rp.session.js-169-212.jetstream-cloud.org.vivek91.017563.0779: MainProcess                     : MainThread     : WARNING : using alias 'xsede.supermic_ssh' for deprecated resource key 'xsede.supermic'
2018-01-31 23:33:40,049: rp.session.js-169-212.jetstream-cloud.org.vivek91.017563.0779: MainProcess                     : MainThread     : WARNING : using alias 'xsede.supermic_ssh' for deprecated resource key 'xsede.supermic'
2018-01-31 23:33:40,049: rp.session.js-169-212.jetstream-cloud.org.vivek91.017563.0779: MainProcess                     : MainThread     : DEBUG   : rsup.PTYShell('gsissh://supermic.cct-lsu.xsede.org:2222/')
2018-01-31 23:33:53,879: rp.session.js-169-212.jetstream-cloud.org.vivek91.017563.0779: MainProcess                     : MainThread     : DEBUG   : sandbox base gsissh://supermic.cct-lsu.xsede.org:2222/: '/work/vivek91'
2018-01-31 23:33:53,907: rp.session.js-169-212.jetstream-cloud.org.vivek91.017563.0779: MainProcess                     : MainThread     : DEBUG   : bulk pilot insert result: {'nModified': 0, 'nUpserted': 0, 'nMatched': 0, 'writeErrors': [], 'upserted': [], 'writeConcernErrors': [], 'nRemoved': 0, 'nInserted': 1}
2018-01-31 23:33:53,910: rp.session.js-169-212.jetstream-cloud.org.vivek91.017563.0779: pmgr.0000.launching.0           : MainThread     : WARNING : using alias 'xsede.supermic_ssh' for deprecated resource key 'xsede.supermic'
2018-01-31 23:33:53,911: rp.session.js-169-212.jetstream-cloud.org.vivek91.017563.0779: pmgr.0000.launching.0           : MainThread     : WARNING : using alias 'xsede.supermic_ssh' for deprecated resource key 'xsede.supermic'
2018-01-31 23:33:53,911: rp.session.js-169-212.jetstream-cloud.org.vivek91.017563.0779: pmgr.0000.launching.0           : MainThread     : DEBUG   : rsup.PTYShell('gsissh://supermic.cct-lsu.xsede.org:2222/')
2018-01-31 23:34:00,521: rp.session.js-169-212.jetstream-cloud.org.vivek91.017563.0779: pmgr.0000.launching.0           : MainThread     : DEBUG   : sandbox base gsissh://supermic.cct-lsu.xsede.org:2222/: '/work/vivek91'
2018-01-31 23:48:36,280: rp.session.js-169-212.jetstream-cloud.org.vivek91.017563.0779: task-manager                    : MainThread     : DEBUG   : bulk unit insert result: {'nModified': 0, 'nUpserted': 0, 'nMatched': 0, 'writeErrors': [], 'upserted': [], 'writeConcernErrors': [], 'nRemoved': 0, 'nInserted': 1}
2018-01-31 23:49:42,189: rp.session.js-169-212.jetstream-cloud.org.vivek91.017563.0779: task-manager                    : MainThread     : DEBUG   : bulk unit insert result: {'nModified': 0, 'nUpserted': 0, 'nMatched': 0, 'writeErrors': [], 'upserted': [], 'writeConcernErrors': [], 'nRemoved': 0, 'nInserted': 1}
2018-01-31 23:50:47,001: rp.session.js-169-212.jetstream-cloud.org.vivek91.017563.0779: task-manager                    : MainThread     : DEBUG   : bulk unit insert result: {'nModified': 0, 'nUpserted': 0, 'nMatched': 0, 'writeErrors': [], 'upserted': [], 'writeConcernErrors': [], 'nRemoved': 0, 'nInserted': 1}
2018-01-31 23:51:51,808: rp.session.js-169-212.jetstream-cloud.org.vivek91.017563.0779: task-manager                    : MainThread     : DEBUG   : bulk unit insert result: {'nModified': 0, 'nUpserted': 0, 'nMatched': 0, 'writeErrors': [], 'upserted': [], 'writeConcernErrors': [], 'nRemoved': 0, 'nInserted': 1}
2018-01-31 23:52:56,677: rp.session.js-169-212.jetstream-cloud.org.vivek91.017563.0779: task-manager                    : MainThread     : DEBUG   : bulk unit insert result: {'nModified': 0, 'nUpserted': 0, 'nMatched': 0, 'writeErrors': [], 'upserted': [], 'writeConcernErrors': [], 'nRemoved': 0, 'nInserted': 1}
2018-01-31 23:54:02,497: rp.session.js-169-212.jetstream-cloud.org.vivek91.017563.0779: task-manager                    : MainThread     : DEBUG   : bulk unit insert result: {'nModified': 0, 'nUpserted': 0, 'nMatched': 0, 'writeErrors': [], 'upserted': [], 'writeConcernErrors': [], 'nRemoved': 0, 'nInserted': 1}
2018-01-31 23:55:07,443: rp.session.js-169-212.jetstream-cloud.org.vivek91.017563.0779: task-manager                    : MainThread     : DEBUG   : bulk unit insert result: {'nModified': 0, 'nUpserted': 0, 'nMatched': 0, 'writeErrors': [], 'upserted': [], 'writeConcernErrors': [], 'nRemoved': 0, 'nInserted': 1}
2018-01-31 23:56:11,647: rp.session.js-169-212.jetstream-cloud.org.vivek91.017563.0779: task-manager                    : MainThread     : DEBUG   : bulk unit insert result: {'nModified': 0, 'nUpserted': 0, 'nMatched': 0, 'writeErrors': [], 'upserted': [], 'writeConcernErrors': [], 'nRemoved': 0, 'nInserted': 1}
2018-01-31 23:57:17,524: rp.session.js-169-212.jetstream-cloud.org.vivek91.017563.0779: task-manager                    : MainThread     : DEBUG   : bulk unit insert result: {'nModified': 0, 'nUpserted': 0, 'nMatched': 0, 'writeErrors': [], 'upserted': [], 'writeConcernErrors': [], 'nRemoved': 0, 'nInserted': 1}
2018-01-31 23:58:21,786: rp.session.js-169-212.jetstream-cloud.org.vivek91.017563.0779: task-manager                    : MainThread     : DEBUG   : bulk unit insert result: {'nModified': 0, 'nUpserted': 0, 'nMatched': 0, 'writeErrors': [], 'upserted': [], 'writeConcernErrors': [], 'nRemoved': 0, 'nInserted': 1}
2018-01-31 23:59:26,114: rp.session.js-169-212.jetstream-cloud.org.vivek91.017563.0779: task-manager                    : MainThread     : DEBUG   : bulk unit insert result: {'nModified': 0, 'nUpserted': 0, 'nMatched': 0, 'writeErrors': [], 'upserted': [], 'writeConcernErrors': [], 'nRemoved': 0, 'nInserted': 1}
2018-02-01 00:00:30,443: rp.session.js-169-212.jetstream-cloud.org.vivek91.017563.0779: task-manager                    : MainThread     : DEBUG   : bulk unit insert result: {'nModified': 0, 'nUpserted': 0, 'nMatched': 0, 'writeErrors': [], 'upserted': [], 'writeConcernErrors': [], 'nRemoved': 0, 'nInserted': 1}
2018-02-01 00:01:35,724: rp.session.js-169-212.jetstream-cloud.org.vivek91.017563.0779: task-manager                    : MainThread     : DEBUG   : bulk unit insert result: {'nModified': 0, 'nUpserted': 0, 'nMatched': 0, 'writeErrors': [], 'upserted': [], 'writeConcernErrors': [], 'nRemoved': 0, 'nInserted': 1}
2018-02-01 00:02:41,273: rp.session.js-169-212.jetstream-cloud.org.vivek91.017563.0779: task-manager                    : MainThread     : DEBUG   : bulk unit insert result: {'nModified': 0, 'nUpserted': 0, 'nMatched': 0, 'writeErrors': [], 'upserted': [], 'writeConcernErrors': [], 'nRemoved': 0, 'nInserted': 1}
2018-02-01 00:03:46,973: rp.session.js-169-212.jetstream-cloud.org.vivek91.017563.0779: task-manager                    : MainThread     : DEBUG   : bulk unit insert result: {'nModified': 0, 'nUpserted': 0, 'nMatched': 0, 'writeErrors': [], 'upserted': [], 'writeConcernErrors': [], 'nRemoved': 0, 'nInserted': 1}
2018-02-01 00:04:51,652: rp.session.js-169-212.jetstream-cloud.org.vivek91.017563.0779: task-manager                    : MainThread     : DEBUG   : bulk unit insert result: {'nModified': 0, 'nUpserted': 0, 'nMatched': 0, 'writeErrors': [], 'upserted': [], 'writeConcernErrors': [], 'nRemoved': 0, 'nInserted': 1}
2018-02-01 00:05:57,374: rp.session.js-169-212.jetstream-cloud.org.vivek91.017563.0779: task-manager                    : MainThread     : DEBUG   : bulk unit insert result: {'nModified': 0, 'nUpserted': 0, 'nMatched': 0, 'writeErrors': [], 'upserted': [], 'writeConcernErrors': [], 'nRemoved': 0, 'nInserted': 1}
2018-02-01 00:07:01,047: rp.session.js-169-212.jetstream-cloud.org.vivek91.017563.0779: task-manager                    : MainThread     : DEBUG   : bulk unit insert result: {'nModified': 0, 'nUpserted': 0, 'nMatched': 0, 'writeErrors': [], 'upserted': [], 'writeConcernErrors': [], 'nRemoved': 0, 'nInserted': 1}
2018-02-01 00:08:05,807: rp.session.js-169-212.jetstream-cloud.org.vivek91.017563.0779: task-manager                    : MainThread     : DEBUG   : bulk unit insert result: {'nModified': 0, 'nUpserted': 0, 'nMatched': 0, 'writeErrors': [], 'upserted': [], 'writeConcernErrors': [], 'nRemoved': 0, 'nInserted': 1}
2018-02-01 00:09:09,468: rp.session.js-169-212.jetstream-cloud.org.vivek91.017563.0779: task-manager                    : MainThread     : DEBUG   : bulk unit insert result: {'nModified': 0, 'nUpserted': 0, 'nMatched': 0, 'writeErrors': [], 'upserted': [], 'writeConcernErrors': [], 'nRemoved': 0, 'nInserted': 1}
2018-02-01 00:10:14,249: rp.session.js-169-212.jetstream-cloud.org.vivek91.017563.0779: task-manager                    : MainThread     : DEBUG   : bulk unit insert result: {'nModified': 0, 'nUpserted': 0, 'nMatched': 0, 'writeErrors': [], 'upserted': [], 'writeConcernErrors': [], 'nRemoved': 0, 'nInserted': 1}
2018-02-01 00:11:18,990: rp.session.js-169-212.jetstream-cloud.org.vivek91.017563.0779: task-manager                    : MainThread     : DEBUG   : bulk unit insert result: {'nModified': 0, 'nUpserted': 0, 'nMatched': 0, 'writeErrors': [], 'upserted': [], 'writeConcernErrors': [], 'nRemoved': 0, 'nInserted': 1}
2018-02-01 00:12:25,141: rp.session.js-169-212.jetstream-cloud.org.vivek91.017563.0779: task-manager                    : MainThread     : DEBUG   : bulk unit insert result: {'nModified': 0, 'nUpserted': 0, 'nMatched': 0, 'writeErrors': [], 'upserted': [], 'writeConcernErrors': [], 'nRemoved': 0, 'nInserted': 1}
2018-02-01 00:13:29,852: rp.session.js-169-212.jetstream-cloud.org.vivek91.017563.0779: task-manager                    : MainThread     : DEBUG   : bulk unit insert result: {'nModified': 0, 'nUpserted': 0, 'nMatched': 0, 'writeErrors': [], 'upserted': [], 'writeConcernErrors': [], 'nRemoved': 0, 'nInserted': 1}
2018-02-01 00:14:35,693: rp.session.js-169-212.jetstream-cloud.org.vivek91.017563.0779: task-manager                    : MainThread     : DEBUG   : bulk unit insert result: {'nModified': 0, 'nUpserted': 0, 'nMatched': 0, 'writeErrors': [], 'upserted': [], 'writeConcernErrors': [], 'nRemoved': 0, 'nInserted': 1}
2018-02-01 00:15:40,496: rp.session.js-169-212.jetstream-cloud.org.vivek91.017563.0779: task-manager                    : MainThread     : DEBUG   : bulk unit insert result: {'nModified': 0, 'nUpserted': 0, 'nMatched': 0, 'writeErrors': [], 'upserted': [], 'writeConcernErrors': [], 'nRemoved': 0, 'nInserted': 1}
2018-02-01 00:16:45,226: rp.session.js-169-212.jetstream-cloud.org.vivek91.017563.0779: task-manager                    : MainThread     : DEBUG   : bulk unit insert result: {'nModified': 0, 'nUpserted': 0, 'nMatched': 0, 'writeErrors': [], 'upserted': [], 'writeConcernErrors': [], 'nRemoved': 0, 'nInserted': 1}
2018-02-01 00:17:51,049: rp.session.js-169-212.jetstream-cloud.org.vivek91.017563.0779: task-manager                    : MainThread     : DEBUG   : bulk unit insert result: {'nModified': 0, 'nUpserted': 0, 'nMatched': 0, 'writeErrors': [], 'upserted': [], 'writeConcernErrors': [], 'nRemoved': 0, 'nInserted': 1}
2018-02-01 00:18:54,718: rp.session.js-169-212.jetstream-cloud.org.vivek91.017563.0779: task-manager                    : MainThread     : DEBUG   : bulk unit insert result: {'nModified': 0, 'nUpserted': 0, 'nMatched': 0, 'writeErrors': [], 'upserted': [], 'writeConcernErrors': [], 'nRemoved': 0, 'nInserted': 1}
2018-02-01 00:19:58,462: rp.session.js-169-212.jetstream-cloud.org.vivek91.017563.0779: task-manager                    : MainThread     : DEBUG   : bulk unit insert result: {'nModified': 0, 'nUpserted': 0, 'nMatched': 0, 'writeErrors': [], 'upserted': [], 'writeConcernErrors': [], 'nRemoved': 0, 'nInserted': 1}
2018-02-01 00:21:02,146: rp.session.js-169-212.jetstream-cloud.org.vivek91.017563.0779: task-manager                    : MainThread     : DEBUG   : bulk unit insert result: {'nModified': 0, 'nUpserted': 0, 'nMatched': 0, 'writeErrors': [], 'upserted': [], 'writeConcernErrors': [], 'nRemoved': 0, 'nInserted': 1}
2018-02-01 00:22:06,594: rp.session.js-169-212.jetstream-cloud.org.vivek91.017563.0779: task-manager                    : MainThread     : DEBUG   : bulk unit insert result: {'nModified': 0, 'nUpserted': 0, 'nMatched': 0, 'writeErrors': [], 'upserted': [], 'writeConcernErrors': [], 'nRemoved': 0, 'nInserted': 1}
2018-02-01 00:23:10,414: rp.session.js-169-212.jetstream-cloud.org.vivek91.017563.0779: task-manager                    : MainThread     : DEBUG   : bulk unit insert result: {'nModified': 0, 'nUpserted': 0, 'nMatched': 0, 'writeErrors': [], 'upserted': [], 'writeConcernErrors': [], 'nRemoved': 0, 'nInserted': 1}
2018-02-01 00:24:15,475: rp.session.js-169-212.jetstream-cloud.org.vivek91.017563.0779: task-manager                    : MainThread     : DEBUG   : bulk unit insert result: {'nModified': 0, 'nUpserted': 0, 'nMatched': 0, 'writeErrors': [], 'upserted': [], 'writeConcernErrors': [], 'nRemoved': 0, 'nInserted': 1}
2018-02-01 00:25:21,935: rp.session.js-169-212.jetstream-cloud.org.vivek91.017563.0779: task-manager                    : MainThread     : DEBUG   : bulk unit insert result: {'nModified': 0, 'nUpserted': 0, 'nMatched': 0, 'writeErrors': [], 'upserted': [], 'writeConcernErrors': [], 'nRemoved': 0, 'nInserted': 1}
2018-02-01 00:26:27,071: rp.session.js-169-212.jetstream-cloud.org.vivek91.017563.0779: task-manager                    : MainThread     : DEBUG   : bulk unit insert result: {'nModified': 0, 'nUpserted': 0, 'nMatched': 0, 'writeErrors': [], 'upserted': [], 'writeConcernErrors': [], 'nRemoved': 0, 'nInserted': 1}
2018-02-01 00:27:32,209: rp.session.js-169-212.jetstream-cloud.org.vivek91.017563.0779: task-manager                    : MainThread     : DEBUG   : bulk unit insert result: {'nModified': 0, 'nUpserted': 0, 'nMatched': 0, 'writeErrors': [], 'upserted': [], 'writeConcernErrors': [], 'nRemoved': 0, 'nInserted': 1}
2018-02-01 00:28:37,376: rp.session.js-169-212.jetstream-cloud.org.vivek91.017563.0779: task-manager                    : MainThread     : DEBUG   : bulk unit insert result: {'nModified': 0, 'nUpserted': 0, 'nMatched': 0, 'writeErrors': [], 'upserted': [], 'writeConcernErrors': [], 'nRemoved': 0, 'nInserted': 1}
2018-02-01 00:29:42,763: rp.session.js-169-212.jetstream-cloud.org.vivek91.017563.0779: task-manager                    : MainThread     : DEBUG   : bulk unit insert result: {'nModified': 0, 'nUpserted': 0, 'nMatched': 0, 'writeErrors': [], 'upserted': [], 'writeConcernErrors': [], 'nRemoved': 0, 'nInserted': 1}
2018-02-01 00:30:46,857: rp.session.js-169-212.jetstream-cloud.org.vivek91.017563.0779: task-manager                    : MainThread     : DEBUG   : bulk unit insert result: {'nModified': 0, 'nUpserted': 0, 'nMatched': 0, 'writeErrors': [], 'upserted': [], 'writeConcernErrors': [], 'nRemoved': 0, 'nInserted': 1}
2018-02-01 00:31:49,813: rp.session.js-169-212.jetstream-cloud.org.vivek91.017563.0779: task-manager                    : MainThread     : DEBUG   : bulk unit insert result: {'nModified': 0, 'nUpserted': 0, 'nMatched': 0, 'writeErrors': [], 'upserted': [], 'writeConcernErrors': [], 'nRemoved': 0, 'nInserted': 1}
2018-02-01 00:32:53,782: rp.session.js-169-212.jetstream-cloud.org.vivek91.017563.0779: task-manager                    : MainThread     : DEBUG   : bulk unit insert result: {'nModified': 0, 'nUpserted': 0, 'nMatched': 0, 'writeErrors': [], 'upserted': [], 'writeConcernErrors': [], 'nRemoved': 0, 'nInserted': 1}
2018-02-01 00:33:57,850: rp.session.js-169-212.jetstream-cloud.org.vivek91.017563.0779: task-manager                    : MainThread     : DEBUG   : bulk unit insert result: {'nModified': 0, 'nUpserted': 0, 'nMatched': 0, 'writeErrors': [], 'upserted': [], 'writeConcernErrors': [], 'nRemoved': 0, 'nInserted': 1}
2018-02-01 00:35:04,272: rp.session.js-169-212.jetstream-cloud.org.vivek91.017563.0779: task-manager                    : MainThread     : DEBUG   : bulk unit insert result: {'nModified': 0, 'nUpserted': 0, 'nMatched': 0, 'writeErrors': [], 'upserted': [], 'writeConcernErrors': [], 'nRemoved': 0, 'nInserted': 1}
2018-02-01 00:36:09,376: rp.session.js-169-212.jetstream-cloud.org.vivek91.017563.0779: task-manager                    : MainThread     : DEBUG   : bulk unit insert result: {'nModified': 0, 'nUpserted': 0, 'nMatched': 0, 'writeErrors': [], 'upserted': [], 'writeConcernErrors': [], 'nRemoved': 0, 'nInserted': 1}
2018-02-01 00:37:13,558: rp.session.js-169-212.jetstream-cloud.org.vivek91.017563.0779: task-manager                    : MainThread     : DEBUG   : bulk unit insert result: {'nModified': 0, 'nUpserted': 0, 'nMatched': 0, 'writeErrors': [], 'upserted': [], 'writeConcernErrors': [], 'nRemoved': 0, 'nInserted': 1}
2018-02-01 00:38:18,596: rp.session.js-169-212.jetstream-cloud.org.vivek91.017563.0779: task-manager                    : MainThread     : DEBUG   : bulk unit insert result: {'nModified': 0, 'nUpserted': 0, 'nMatched': 0, 'writeErrors': [], 'upserted': [], 'writeConcernErrors': [], 'nRemoved': 0, 'nInserted': 1}
2018-02-01 00:39:23,324: rp.session.js-169-212.jetstream-cloud.org.vivek91.017563.0779: task-manager                    : MainThread     : DEBUG   : bulk unit insert result: {'nModified': 0, 'nUpserted': 0, 'nMatched': 0, 'writeErrors': [], 'upserted': [], 'writeConcernErrors': [], 'nRemoved': 0, 'nInserted': 1}
2018-02-01 00:40:29,170: rp.session.js-169-212.jetstream-cloud.org.vivek91.017563.0779: task-manager                    : MainThread     : DEBUG   : bulk unit insert result: {'nModified': 0, 'nUpserted': 0, 'nMatched': 0, 'writeErrors': [], 'upserted': [], 'writeConcernErrors': [], 'nRemoved': 0, 'nInserted': 1}
2018-02-01 00:41:32,186: rp.session.js-169-212.jetstream-cloud.org.vivek91.017563.0779: task-manager                    : MainThread     : DEBUG   : bulk unit insert result: {'nModified': 0, 'nUpserted': 0, 'nMatched': 0, 'writeErrors': [], 'upserted': [], 'writeConcernErrors': [], 'nRemoved': 0, 'nInserted': 1}
2018-02-01 00:42:37,296: rp.session.js-169-212.jetstream-cloud.org.vivek91.017563.0779: task-manager                    : MainThread     : DEBUG   : bulk unit insert result: {'nModified': 0, 'nUpserted': 0, 'nMatched': 0, 'writeErrors': [], 'upserted': [], 'writeConcernErrors': [], 'nRemoved': 0, 'nInserted': 1}
2018-02-01 00:43:42,480: rp.session.js-169-212.jetstream-cloud.org.vivek91.017563.0779: task-manager                    : MainThread     : DEBUG   : bulk unit insert result: {'nModified': 0, 'nUpserted': 0, 'nMatched': 0, 'writeErrors': [], 'upserted': [], 'writeConcernErrors': [], 'nRemoved': 0, 'nInserted': 1}
2018-02-01 00:44:46,618: rp.session.js-169-212.jetstream-cloud.org.vivek91.017563.0779: task-manager                    : MainThread     : DEBUG   : bulk unit insert result: {'nModified': 0, 'nUpserted': 0, 'nMatched': 0, 'writeErrors': [], 'upserted': [], 'writeConcernErrors': [], 'nRemoved': 0, 'nInserted': 1}
2018-02-01 00:45:50,773: rp.session.js-169-212.jetstream-cloud.org.vivek91.017563.0779: task-manager                    : MainThread     : DEBUG   : bulk unit insert result: {'nModified': 0, 'nUpserted': 0, 'nMatched': 0, 'writeErrors': [], 'upserted': [], 'writeConcernErrors': [], 'nRemoved': 0, 'nInserted': 1}
2018-02-01 00:46:54,900: rp.session.js-169-212.jetstream-cloud.org.vivek91.017563.0779: task-manager                    : MainThread     : DEBUG   : bulk unit insert result: {'nModified': 0, 'nUpserted': 0, 'nMatched': 0, 'writeErrors': [], 'upserted': [], 'writeConcernErrors': [], 'nRemoved': 0, 'nInserted': 1}
2018-02-01 00:48:00,184: rp.session.js-169-212.jetstream-cloud.org.vivek91.017563.0779: task-manager                    : MainThread     : DEBUG   : bulk unit insert result: {'nModified': 0, 'nUpserted': 0, 'nMatched': 0, 'writeErrors': [], 'upserted': [], 'writeConcernErrors': [], 'nRemoved': 0, 'nInserted': 1}
2018-02-01 00:49:04,504: rp.session.js-169-212.jetstream-cloud.org.vivek91.017563.0779: task-manager                    : MainThread     : DEBUG   : bulk unit insert result: {'nModified': 0, 'nUpserted': 0, 'nMatched': 0, 'writeErrors': [], 'upserted': [], 'writeConcernErrors': [], 'nRemoved': 0, 'nInserted': 1}
2018-02-01 00:50:10,339: rp.session.js-169-212.jetstream-cloud.org.vivek91.017563.0779: task-manager                    : MainThread     : DEBUG   : bulk unit insert result: {'nModified': 0, 'nUpserted': 0, 'nMatched': 0, 'writeErrors': [], 'upserted': [], 'writeConcernErrors': [], 'nRemoved': 0, 'nInserted': 1}
2018-02-01 00:51:15,758: rp.session.js-169-212.jetstream-cloud.org.vivek91.017563.0779: task-manager                    : MainThread     : DEBUG   : bulk unit insert result: {'nModified': 0, 'nUpserted': 0, 'nMatched': 0, 'writeErrors': [], 'upserted': [], 'writeConcernErrors': [], 'nRemoved': 0, 'nInserted': 1}
2018-02-01 00:52:21,133: rp.session.js-169-212.jetstream-cloud.org.vivek91.017563.0779: task-manager                    : MainThread     : DEBUG   : bulk unit insert result: {'nModified': 0, 'nUpserted': 0, 'nMatched': 0, 'writeErrors': [], 'upserted': [], 'writeConcernErrors': [], 'nRemoved': 0, 'nInserted': 1}
2018-02-01 00:53:26,641: rp.session.js-169-212.jetstream-cloud.org.vivek91.017563.0779: task-manager                    : MainThread     : DEBUG   : bulk unit insert result: {'nModified': 0, 'nUpserted': 0, 'nMatched': 0, 'writeErrors': [], 'upserted': [], 'writeConcernErrors': [], 'nRemoved': 0, 'nInserted': 1}
2018-02-01 00:54:31,036: rp.session.js-169-212.jetstream-cloud.org.vivek91.017563.0779: task-manager                    : MainThread     : DEBUG   : bulk unit insert result: {'nModified': 0, 'nUpserted': 0, 'nMatched': 0, 'writeErrors': [], 'upserted': [], 'writeConcernErrors': [], 'nRemoved': 0, 'nInserted': 1}
2018-02-01 00:55:35,954: rp.session.js-169-212.jetstream-cloud.org.vivek91.017563.0779: task-manager                    : MainThread     : DEBUG   : bulk unit insert result: {'nModified': 0, 'nUpserted': 0, 'nMatched': 0, 'writeErrors': [], 'upserted': [], 'writeConcernErrors': [], 'nRemoved': 0, 'nInserted': 1}
2018-02-01 00:56:40,288: rp.session.js-169-212.jetstream-cloud.org.vivek91.017563.0779: task-manager                    : MainThread     : DEBUG   : bulk unit insert result: {'nModified': 0, 'nUpserted': 0, 'nMatched': 0, 'writeErrors': [], 'upserted': [], 'writeConcernErrors': [], 'nRemoved': 0, 'nInserted': 1}
2018-02-01 00:58:07,786: rp.session.js-169-212.jetstream-cloud.org.vivek91.017563.0779: MainProcess                     : MainThread     : DEBUG   : session rp.session.js-169-212.jetstream-cloud.org.vivek91.017563.0779 closing
2018-02-01 00:58:07,786: rp.session.js-169-212.jetstream-cloud.org.vivek91.017563.0779: MainProcess                     : MainThread     : DEBUG   : session rp.session.js-169-212.jetstream-cloud.org.vivek91.017563.0779 closes pmgr   pmgr.0000
2018-02-01 00:58:10,153: rp.session.js-169-212.jetstream-cloud.org.vivek91.017563.0779: MainProcess                     : MainThread     : DEBUG   : session rp.session.js-169-212.jetstream-cloud.org.vivek91.017563.0779 closed pmgr   pmgr.0000
2018-02-01 00:58:10,153: rp.session.js-169-212.jetstream-cloud.org.vivek91.017563.0779: MainProcess                     : MainThread     : DEBUG   : session rp.session.js-169-212.jetstream-cloud.org.vivek91.017563.0779 closes comp   update.0
2018-02-01 00:58:10,153: rp.session.js-169-212.jetstream-cloud.org.vivek91.017563.0779: MainProcess                     : MainThread     : DEBUG   :  === update.0 stop called
2018-02-01 00:58:10,291: rp.session.js-169-212.jetstream-cloud.org.vivek91.017563.0779: update.0                        : MainThread     : DEBUG   :  === update.0.child stop called
2018-02-01 00:58:10,533: rp.session.js-169-212.jetstream-cloud.org.vivek91.017563.0779: update.0                        : MainThread     : DEBUG   :  === update.0.child stop called
2018-02-01 00:58:10,568: rp.session.js-169-212.jetstream-cloud.org.vivek91.017563.0779: MainProcess                     : MainThread     : DEBUG   : session rp.session.js-169-212.jetstream-cloud.org.vivek91.017563.0779 closed comp   update.0
2018-02-01 00:58:10,568: rp.session.js-169-212.jetstream-cloud.org.vivek91.017563.0779: MainProcess                     : MainThread     : DEBUG   : session rp.session.js-169-212.jetstream-cloud.org.vivek91.017563.0779 closes bridge control.pubsub.bridge.0000
2018-02-01 00:58:11,549: rp.session.js-169-212.jetstream-cloud.org.vivek91.017563.0779: MainProcess                     : MainThread     : DEBUG   : session rp.session.js-169-212.jetstream-cloud.org.vivek91.017563.0779 closed bridge control.pubsub.bridge.0000
2018-02-01 00:58:11,549: rp.session.js-169-212.jetstream-cloud.org.vivek91.017563.0779: MainProcess                     : MainThread     : DEBUG   : session rp.session.js-169-212.jetstream-cloud.org.vivek91.017563.0779 closes bridge state.pubsub.bridge.0000
2018-02-01 00:58:12,547: rp.session.js-169-212.jetstream-cloud.org.vivek91.017563.0779: MainProcess                     : MainThread     : DEBUG   : session rp.session.js-169-212.jetstream-cloud.org.vivek91.017563.0779 closed bridge state.pubsub.bridge.0000
2018-02-01 00:58:12,547: rp.session.js-169-212.jetstream-cloud.org.vivek91.017563.0779: MainProcess                     : MainThread     : DEBUG   : session rp.session.js-169-212.jetstream-cloud.org.vivek91.017563.0779 closes bridge log.pubsub.bridge.0000
2018-02-01 00:58:13,126: rp.session.js-169-212.jetstream-cloud.org.vivek91.017563.0779: MainProcess                     : MainThread     : DEBUG   : session rp.session.js-169-212.jetstream-cloud.org.vivek91.017563.0779 closed bridge log.pubsub.bridge.0000
2018-02-01 00:58:13,126: rp.session.js-169-212.jetstream-cloud.org.vivek91.017563.0779: MainProcess                     : MainThread     : DEBUG   : session rp.session.js-169-212.jetstream-cloud.org.vivek91.017563.0779 closes db (False)
2018-02-01 00:58:13,127: rp.session.js-169-212.jetstream-cloud.org.vivek91.017563.0779: MainProcess                     : MainThread     : DEBUG   : session rp.session.js-169-212.jetstream-cloud.org.vivek91.017563.0779 closed (delete=False)
2018-02-01 00:58:13,139: rp.session.js-169-212.jetstream-cloud.org.vivek91.017563.0779: MainProcess                     : MainThread     : DEBUG   :  === update.0 stop called
