2018-01-31 23:48:35,895: state.pubsub.sub.0001: umgr.0000.scheduling.0          : MainThread     : INFO    : python.interpreter   version: 2.7.6 (default, Jun 22 2015, 17:58:13) [GCC 4.8.2]
2018-01-31 23:48:35,895: state.pubsub.sub.0001: umgr.0000.scheduling.0          : MainThread     : INFO    :                      pid: 18775
2018-01-31 23:48:35,895: state.pubsub.sub.0001: umgr.0000.scheduling.0          : MainThread     : INFO    :                      tid: MainThread
2018-01-31 23:48:35,896: state.pubsub.sub.0001: umgr.0000.scheduling.0          : MainThread     : INFO    : radical.pilot        version: 0.47.1
2018-01-31 23:48:35,896: state.pubsub.sub.0001: umgr.0000.scheduling.0          : MainThread     : INFO    : create state_pubsub - sub - tcp://172.29.241.4:37404
2018-01-31 23:48:35,897: state.pubsub.sub.0001: umgr.0000.scheduling.0          : MainThread     : DEBUG   : start process
2018-01-31 23:48:35,897: state.pubsub.sub.0001: umgr.0000.scheduling.0          : MainThread     : DEBUG   : ru_initialize_common (NOOP)
2018-01-31 23:48:35,897: state.pubsub.sub.0001: umgr.0000.scheduling.0          : MainThread     : DEBUG   : ru_initialize_parent (NOOP)
2018-01-31 23:48:35,897: state.pubsub.sub.0001: umgr.0000.scheduling.0          : MainThread     : DEBUG   : process class started (no child)
2018-01-31 23:48:36,183: state.pubsub.sub.0001: task-manager                    : MainThread     : INFO    : python.interpreter   version: 2.7.6 (default, Jun 22 2015, 17:58:13) [GCC 4.8.2]
2018-01-31 23:48:36,183: state.pubsub.sub.0001: task-manager                    : MainThread     : INFO    :                      pid: 18696
2018-01-31 23:48:36,183: state.pubsub.sub.0001: task-manager                    : MainThread     : INFO    :                      tid: MainThread
2018-01-31 23:48:36,183: state.pubsub.sub.0001: task-manager                    : MainThread     : INFO    : radical.pilot        version: 0.47.1
2018-01-31 23:48:36,184: state.pubsub.sub.0001: task-manager                    : MainThread     : INFO    : create state_pubsub - sub - tcp://172.29.241.4:37404
2018-01-31 23:48:36,186: state.pubsub.sub.0001: task-manager                    : MainThread     : DEBUG   : start process
2018-01-31 23:48:36,186: state.pubsub.sub.0001: task-manager                    : MainThread     : DEBUG   : ru_initialize_common (NOOP)
2018-01-31 23:48:36,186: state.pubsub.sub.0001: task-manager                    : MainThread     : DEBUG   : ru_initialize_parent (NOOP)
2018-01-31 23:48:36,187: state.pubsub.sub.0001: task-manager                    : MainThread     : DEBUG   : process class started (no child)
2018-02-01 00:58:01,194: state.pubsub.sub.0001: umgr.0000.scheduling.0          : MainThread     : INFO    : parent stops child  18775 -> None [state.pubsub.sub.0001]
2018-02-01 00:58:01,194: state.pubsub.sub.0001: umgr.0000.scheduling.0          : MainThread     : DEBUG   : ru_finalize_parent (NOOP)
