2018-01-31 23:48:35,309: umgr.staging.output.queue.bridge.0000.child: umgr.staging.output.queue.bridge.0000.child: MainThread     : INFO    : python.interpreter   version: 2.7.6 (default, Jun 22 2015, 17:58:13) [GCC 4.8.2]
2018-01-31 23:48:35,310: umgr.staging.output.queue.bridge.0000.child: umgr.staging.output.queue.bridge.0000.child: MainThread     : INFO    :                      pid: 18712
2018-01-31 23:48:35,310: umgr.staging.output.queue.bridge.0000.child: umgr.staging.output.queue.bridge.0000.child: MainThread     : INFO    :                      tid: MainThread
2018-01-31 23:48:35,311: umgr.staging.output.queue.bridge.0000.child: umgr.staging.output.queue.bridge.0000.child: MainThread     : INFO    : radical.pilot        version: 0.47.1
2018-01-31 23:48:35,311: umgr.staging.output.queue.bridge.0000.child: umgr.staging.output.queue.bridge.0000.child: MainThread     : INFO    : start bridge umgr.staging.output.queue.bridge.0000.child on tcp://*:*
2018-01-31 23:48:35,330: umgr.staging.output.queue.bridge.0000.child: umgr.staging.output.queue.bridge.0000.child: MainThread     : INFO    : bound bridge umgr.staging.output.queue.bridge.0000.child to tcp://0.0.0.0:48719 : tcp://0.0.0.0:52161
2018-01-31 23:49:42,081: umgr.staging.output.queue.bridge.0000.child: umgr.staging.output.queue.bridge.0000.child: MainThread     : DEBUG   : sent  1 [hwm: 1]
2018-01-31 23:50:46,883: umgr.staging.output.queue.bridge.0000.child: umgr.staging.output.queue.bridge.0000.child: MainThread     : DEBUG   : sent  1 [hwm: 1]
2018-01-31 23:51:51,686: umgr.staging.output.queue.bridge.0000.child: umgr.staging.output.queue.bridge.0000.child: MainThread     : DEBUG   : sent  1 [hwm: 1]
2018-01-31 23:52:56,599: umgr.staging.output.queue.bridge.0000.child: umgr.staging.output.queue.bridge.0000.child: MainThread     : DEBUG   : sent  1 [hwm: 1]
2018-01-31 23:54:02,409: umgr.staging.output.queue.bridge.0000.child: umgr.staging.output.queue.bridge.0000.child: MainThread     : DEBUG   : sent  1 [hwm: 1]
2018-01-31 23:55:07,347: umgr.staging.output.queue.bridge.0000.child: umgr.staging.output.queue.bridge.0000.child: MainThread     : DEBUG   : sent  1 [hwm: 1]
2018-01-31 23:56:11,546: umgr.staging.output.queue.bridge.0000.child: umgr.staging.output.queue.bridge.0000.child: MainThread     : DEBUG   : sent  1 [hwm: 1]
2018-01-31 23:57:17,428: umgr.staging.output.queue.bridge.0000.child: umgr.staging.output.queue.bridge.0000.child: MainThread     : DEBUG   : sent  1 [hwm: 1]
2018-01-31 23:58:21,677: umgr.staging.output.queue.bridge.0000.child: umgr.staging.output.queue.bridge.0000.child: MainThread     : DEBUG   : sent  1 [hwm: 1]
2018-01-31 23:59:26,004: umgr.staging.output.queue.bridge.0000.child: umgr.staging.output.queue.bridge.0000.child: MainThread     : DEBUG   : sent  1 [hwm: 1]
2018-02-01 00:00:30,344: umgr.staging.output.queue.bridge.0000.child: umgr.staging.output.queue.bridge.0000.child: MainThread     : DEBUG   : sent  1 [hwm: 1]
2018-02-01 00:01:35,629: umgr.staging.output.queue.bridge.0000.child: umgr.staging.output.queue.bridge.0000.child: MainThread     : DEBUG   : sent  1 [hwm: 1]
2018-02-01 00:02:41,190: umgr.staging.output.queue.bridge.0000.child: umgr.staging.output.queue.bridge.0000.child: MainThread     : DEBUG   : sent  1 [hwm: 1]
2018-02-01 00:03:46,859: umgr.staging.output.queue.bridge.0000.child: umgr.staging.output.queue.bridge.0000.child: MainThread     : DEBUG   : sent  1 [hwm: 1]
2018-02-01 00:04:51,529: umgr.staging.output.queue.bridge.0000.child: umgr.staging.output.queue.bridge.0000.child: MainThread     : DEBUG   : sent  1 [hwm: 1]
2018-02-01 00:05:57,281: umgr.staging.output.queue.bridge.0000.child: umgr.staging.output.queue.bridge.0000.child: MainThread     : DEBUG   : sent  1 [hwm: 1]
2018-02-01 00:07:00,957: umgr.staging.output.queue.bridge.0000.child: umgr.staging.output.queue.bridge.0000.child: MainThread     : DEBUG   : sent  1 [hwm: 1]
2018-02-01 00:08:05,722: umgr.staging.output.queue.bridge.0000.child: umgr.staging.output.queue.bridge.0000.child: MainThread     : DEBUG   : sent  1 [hwm: 1]
2018-02-01 00:09:09,307: umgr.staging.output.queue.bridge.0000.child: umgr.staging.output.queue.bridge.0000.child: MainThread     : DEBUG   : sent  1 [hwm: 1]
2018-02-01 00:10:14,153: umgr.staging.output.queue.bridge.0000.child: umgr.staging.output.queue.bridge.0000.child: MainThread     : DEBUG   : sent  1 [hwm: 1]
2018-02-01 00:11:18,845: umgr.staging.output.queue.bridge.0000.child: umgr.staging.output.queue.bridge.0000.child: MainThread     : DEBUG   : sent  1 [hwm: 1]
2018-02-01 00:12:25,026: umgr.staging.output.queue.bridge.0000.child: umgr.staging.output.queue.bridge.0000.child: MainThread     : DEBUG   : sent  1 [hwm: 1]
2018-02-01 00:13:29,728: umgr.staging.output.queue.bridge.0000.child: umgr.staging.output.queue.bridge.0000.child: MainThread     : DEBUG   : sent  1 [hwm: 1]
2018-02-01 00:14:35,584: umgr.staging.output.queue.bridge.0000.child: umgr.staging.output.queue.bridge.0000.child: MainThread     : DEBUG   : sent  1 [hwm: 1]
2018-02-01 00:15:40,351: umgr.staging.output.queue.bridge.0000.child: umgr.staging.output.queue.bridge.0000.child: MainThread     : DEBUG   : sent  1 [hwm: 1]
2018-02-01 00:16:45,143: umgr.staging.output.queue.bridge.0000.child: umgr.staging.output.queue.bridge.0000.child: MainThread     : DEBUG   : sent  1 [hwm: 1]
2018-02-01 00:17:50,971: umgr.staging.output.queue.bridge.0000.child: umgr.staging.output.queue.bridge.0000.child: MainThread     : DEBUG   : sent  1 [hwm: 1]
2018-02-01 00:18:54,606: umgr.staging.output.queue.bridge.0000.child: umgr.staging.output.queue.bridge.0000.child: MainThread     : DEBUG   : sent  1 [hwm: 1]
2018-02-01 00:19:58,344: umgr.staging.output.queue.bridge.0000.child: umgr.staging.output.queue.bridge.0000.child: MainThread     : DEBUG   : sent  1 [hwm: 1]
2018-02-01 00:21:02,028: umgr.staging.output.queue.bridge.0000.child: umgr.staging.output.queue.bridge.0000.child: MainThread     : DEBUG   : sent  1 [hwm: 1]
2018-02-01 00:22:06,453: umgr.staging.output.queue.bridge.0000.child: umgr.staging.output.queue.bridge.0000.child: MainThread     : DEBUG   : sent  1 [hwm: 1]
2018-02-01 00:23:10,327: umgr.staging.output.queue.bridge.0000.child: umgr.staging.output.queue.bridge.0000.child: MainThread     : DEBUG   : sent  1 [hwm: 1]
2018-02-01 00:24:15,375: umgr.staging.output.queue.bridge.0000.child: umgr.staging.output.queue.bridge.0000.child: MainThread     : DEBUG   : sent  1 [hwm: 1]
2018-02-01 00:25:21,812: umgr.staging.output.queue.bridge.0000.child: umgr.staging.output.queue.bridge.0000.child: MainThread     : DEBUG   : sent  1 [hwm: 1]
2018-02-01 00:26:26,933: umgr.staging.output.queue.bridge.0000.child: umgr.staging.output.queue.bridge.0000.child: MainThread     : DEBUG   : sent  1 [hwm: 1]
2018-02-01 00:27:32,119: umgr.staging.output.queue.bridge.0000.child: umgr.staging.output.queue.bridge.0000.child: MainThread     : DEBUG   : sent  1 [hwm: 1]
2018-02-01 00:28:37,237: umgr.staging.output.queue.bridge.0000.child: umgr.staging.output.queue.bridge.0000.child: MainThread     : DEBUG   : sent  1 [hwm: 1]
2018-02-01 00:29:42,664: umgr.staging.output.queue.bridge.0000.child: umgr.staging.output.queue.bridge.0000.child: MainThread     : DEBUG   : sent  1 [hwm: 1]
2018-02-01 00:30:46,691: umgr.staging.output.queue.bridge.0000.child: umgr.staging.output.queue.bridge.0000.child: MainThread     : DEBUG   : sent  1 [hwm: 1]
2018-02-01 00:31:49,701: umgr.staging.output.queue.bridge.0000.child: umgr.staging.output.queue.bridge.0000.child: MainThread     : DEBUG   : sent  1 [hwm: 1]
2018-02-01 00:32:53,702: umgr.staging.output.queue.bridge.0000.child: umgr.staging.output.queue.bridge.0000.child: MainThread     : DEBUG   : sent  1 [hwm: 1]
2018-02-01 00:33:57,705: umgr.staging.output.queue.bridge.0000.child: umgr.staging.output.queue.bridge.0000.child: MainThread     : DEBUG   : sent  1 [hwm: 1]
2018-02-01 00:35:04,169: umgr.staging.output.queue.bridge.0000.child: umgr.staging.output.queue.bridge.0000.child: MainThread     : DEBUG   : sent  1 [hwm: 1]
2018-02-01 00:36:09,273: umgr.staging.output.queue.bridge.0000.child: umgr.staging.output.queue.bridge.0000.child: MainThread     : DEBUG   : sent  1 [hwm: 1]
2018-02-01 00:37:13,394: umgr.staging.output.queue.bridge.0000.child: umgr.staging.output.queue.bridge.0000.child: MainThread     : DEBUG   : sent  1 [hwm: 1]
2018-02-01 00:38:18,499: umgr.staging.output.queue.bridge.0000.child: umgr.staging.output.queue.bridge.0000.child: MainThread     : DEBUG   : sent  1 [hwm: 1]
2018-02-01 00:39:23,239: umgr.staging.output.queue.bridge.0000.child: umgr.staging.output.queue.bridge.0000.child: MainThread     : DEBUG   : sent  1 [hwm: 1]
2018-02-01 00:40:29,062: umgr.staging.output.queue.bridge.0000.child: umgr.staging.output.queue.bridge.0000.child: MainThread     : DEBUG   : sent  1 [hwm: 1]
2018-02-01 00:41:32,034: umgr.staging.output.queue.bridge.0000.child: umgr.staging.output.queue.bridge.0000.child: MainThread     : DEBUG   : sent  1 [hwm: 1]
2018-02-01 00:42:37,192: umgr.staging.output.queue.bridge.0000.child: umgr.staging.output.queue.bridge.0000.child: MainThread     : DEBUG   : sent  1 [hwm: 1]
2018-02-01 00:43:42,388: umgr.staging.output.queue.bridge.0000.child: umgr.staging.output.queue.bridge.0000.child: MainThread     : DEBUG   : sent  1 [hwm: 1]
2018-02-01 00:44:46,495: umgr.staging.output.queue.bridge.0000.child: umgr.staging.output.queue.bridge.0000.child: MainThread     : DEBUG   : sent  1 [hwm: 1]
2018-02-01 00:45:50,643: umgr.staging.output.queue.bridge.0000.child: umgr.staging.output.queue.bridge.0000.child: MainThread     : DEBUG   : sent  1 [hwm: 1]
2018-02-01 00:46:54,809: umgr.staging.output.queue.bridge.0000.child: umgr.staging.output.queue.bridge.0000.child: MainThread     : DEBUG   : sent  1 [hwm: 1]
2018-02-01 00:48:00,063: umgr.staging.output.queue.bridge.0000.child: umgr.staging.output.queue.bridge.0000.child: MainThread     : DEBUG   : sent  1 [hwm: 1]
2018-02-01 00:49:04,374: umgr.staging.output.queue.bridge.0000.child: umgr.staging.output.queue.bridge.0000.child: MainThread     : DEBUG   : sent  1 [hwm: 1]
2018-02-01 00:50:10,246: umgr.staging.output.queue.bridge.0000.child: umgr.staging.output.queue.bridge.0000.child: MainThread     : DEBUG   : sent  1 [hwm: 1]
2018-02-01 00:51:15,653: umgr.staging.output.queue.bridge.0000.child: umgr.staging.output.queue.bridge.0000.child: MainThread     : DEBUG   : sent  1 [hwm: 1]
2018-02-01 00:52:21,018: umgr.staging.output.queue.bridge.0000.child: umgr.staging.output.queue.bridge.0000.child: MainThread     : DEBUG   : sent  1 [hwm: 1]
2018-02-01 00:53:26,555: umgr.staging.output.queue.bridge.0000.child: umgr.staging.output.queue.bridge.0000.child: MainThread     : DEBUG   : sent  1 [hwm: 1]
2018-02-01 00:54:30,937: umgr.staging.output.queue.bridge.0000.child: umgr.staging.output.queue.bridge.0000.child: MainThread     : DEBUG   : sent  1 [hwm: 1]
2018-02-01 00:55:35,850: umgr.staging.output.queue.bridge.0000.child: umgr.staging.output.queue.bridge.0000.child: MainThread     : DEBUG   : sent  1 [hwm: 1]
2018-02-01 00:56:40,195: umgr.staging.output.queue.bridge.0000.child: umgr.staging.output.queue.bridge.0000.child: MainThread     : DEBUG   : sent  1 [hwm: 1]
2018-02-01 00:57:43,671: umgr.staging.output.queue.bridge.0000.child: umgr.staging.output.queue.bridge.0000.child: MainThread     : DEBUG   : sent  1 [hwm: 1]
2018-02-01 00:58:02,691: umgr.staging.output.queue.bridge.0000.child: umgr.staging.output.queue.bridge.0000.child: MainThread     : WARNING : not alive anymore?
