2018-01-31 23:48:35,267: umgr.staging.input.queue.bridge.0000.child: umgr.staging.input.queue.bridge.0000.child: MainThread     : INFO    : python.interpreter   version: 2.7.6 (default, Jun 22 2015, 17:58:13) [GCC 4.8.2]
2018-01-31 23:48:35,268: umgr.staging.input.queue.bridge.0000.child: umgr.staging.input.queue.bridge.0000.child: MainThread     : INFO    :                      pid: 18704
2018-01-31 23:48:35,268: umgr.staging.input.queue.bridge.0000.child: umgr.staging.input.queue.bridge.0000.child: MainThread     : INFO    :                      tid: MainThread
2018-01-31 23:48:35,268: umgr.staging.input.queue.bridge.0000.child: umgr.staging.input.queue.bridge.0000.child: MainThread     : INFO    : radical.pilot        version: 0.47.1
2018-01-31 23:48:35,268: umgr.staging.input.queue.bridge.0000.child: umgr.staging.input.queue.bridge.0000.child: MainThread     : INFO    : start bridge umgr.staging.input.queue.bridge.0000.child on tcp://*:*
2018-01-31 23:48:35,270: umgr.staging.input.queue.bridge.0000.child: umgr.staging.input.queue.bridge.0000.child: MainThread     : INFO    : bound bridge umgr.staging.input.queue.bridge.0000.child to tcp://0.0.0.0:47527 : tcp://0.0.0.0:34912
2018-01-31 23:48:36,283: umgr.staging.input.queue.bridge.0000.child: umgr.staging.input.queue.bridge.0000.child: MainThread     : DEBUG   : sent  1 [hwm: 1]
2018-01-31 23:49:42,194: umgr.staging.input.queue.bridge.0000.child: umgr.staging.input.queue.bridge.0000.child: MainThread     : DEBUG   : sent  1 [hwm: 1]
2018-01-31 23:50:47,004: umgr.staging.input.queue.bridge.0000.child: umgr.staging.input.queue.bridge.0000.child: MainThread     : DEBUG   : sent  1 [hwm: 1]
2018-01-31 23:51:51,816: umgr.staging.input.queue.bridge.0000.child: umgr.staging.input.queue.bridge.0000.child: MainThread     : DEBUG   : sent  1 [hwm: 1]
2018-01-31 23:52:56,683: umgr.staging.input.queue.bridge.0000.child: umgr.staging.input.queue.bridge.0000.child: MainThread     : DEBUG   : sent  1 [hwm: 1]
2018-01-31 23:54:02,504: umgr.staging.input.queue.bridge.0000.child: umgr.staging.input.queue.bridge.0000.child: MainThread     : DEBUG   : sent  1 [hwm: 1]
2018-01-31 23:55:07,447: umgr.staging.input.queue.bridge.0000.child: umgr.staging.input.queue.bridge.0000.child: MainThread     : DEBUG   : sent  1 [hwm: 1]
2018-01-31 23:56:11,652: umgr.staging.input.queue.bridge.0000.child: umgr.staging.input.queue.bridge.0000.child: MainThread     : DEBUG   : sent  1 [hwm: 1]
2018-01-31 23:57:17,530: umgr.staging.input.queue.bridge.0000.child: umgr.staging.input.queue.bridge.0000.child: MainThread     : DEBUG   : sent  1 [hwm: 1]
2018-01-31 23:58:21,793: umgr.staging.input.queue.bridge.0000.child: umgr.staging.input.queue.bridge.0000.child: MainThread     : DEBUG   : sent  1 [hwm: 1]
2018-01-31 23:59:26,115: umgr.staging.input.queue.bridge.0000.child: umgr.staging.input.queue.bridge.0000.child: MainThread     : DEBUG   : sent  1 [hwm: 1]
2018-02-01 00:00:30,447: umgr.staging.input.queue.bridge.0000.child: umgr.staging.input.queue.bridge.0000.child: MainThread     : DEBUG   : sent  1 [hwm: 1]
2018-02-01 00:01:35,729: umgr.staging.input.queue.bridge.0000.child: umgr.staging.input.queue.bridge.0000.child: MainThread     : DEBUG   : sent  1 [hwm: 1]
2018-02-01 00:02:41,279: umgr.staging.input.queue.bridge.0000.child: umgr.staging.input.queue.bridge.0000.child: MainThread     : DEBUG   : sent  1 [hwm: 1]
2018-02-01 00:03:46,976: umgr.staging.input.queue.bridge.0000.child: umgr.staging.input.queue.bridge.0000.child: MainThread     : DEBUG   : sent  1 [hwm: 1]
2018-02-01 00:04:51,661: umgr.staging.input.queue.bridge.0000.child: umgr.staging.input.queue.bridge.0000.child: MainThread     : DEBUG   : sent  1 [hwm: 1]
2018-02-01 00:05:57,378: umgr.staging.input.queue.bridge.0000.child: umgr.staging.input.queue.bridge.0000.child: MainThread     : DEBUG   : sent  1 [hwm: 1]
2018-02-01 00:07:01,049: umgr.staging.input.queue.bridge.0000.child: umgr.staging.input.queue.bridge.0000.child: MainThread     : DEBUG   : sent  1 [hwm: 1]
2018-02-01 00:08:05,811: umgr.staging.input.queue.bridge.0000.child: umgr.staging.input.queue.bridge.0000.child: MainThread     : DEBUG   : sent  1 [hwm: 1]
2018-02-01 00:09:09,470: umgr.staging.input.queue.bridge.0000.child: umgr.staging.input.queue.bridge.0000.child: MainThread     : DEBUG   : sent  1 [hwm: 1]
2018-02-01 00:10:14,254: umgr.staging.input.queue.bridge.0000.child: umgr.staging.input.queue.bridge.0000.child: MainThread     : DEBUG   : sent  1 [hwm: 1]
2018-02-01 00:11:18,997: umgr.staging.input.queue.bridge.0000.child: umgr.staging.input.queue.bridge.0000.child: MainThread     : DEBUG   : sent  1 [hwm: 1]
2018-02-01 00:12:25,143: umgr.staging.input.queue.bridge.0000.child: umgr.staging.input.queue.bridge.0000.child: MainThread     : DEBUG   : sent  1 [hwm: 1]
2018-02-01 00:13:29,857: umgr.staging.input.queue.bridge.0000.child: umgr.staging.input.queue.bridge.0000.child: MainThread     : DEBUG   : sent  1 [hwm: 1]
2018-02-01 00:14:35,701: umgr.staging.input.queue.bridge.0000.child: umgr.staging.input.queue.bridge.0000.child: MainThread     : DEBUG   : sent  1 [hwm: 1]
2018-02-01 00:15:40,499: umgr.staging.input.queue.bridge.0000.child: umgr.staging.input.queue.bridge.0000.child: MainThread     : DEBUG   : sent  1 [hwm: 1]
2018-02-01 00:16:45,233: umgr.staging.input.queue.bridge.0000.child: umgr.staging.input.queue.bridge.0000.child: MainThread     : DEBUG   : sent  1 [hwm: 1]
2018-02-01 00:17:51,053: umgr.staging.input.queue.bridge.0000.child: umgr.staging.input.queue.bridge.0000.child: MainThread     : DEBUG   : sent  1 [hwm: 1]
2018-02-01 00:18:54,720: umgr.staging.input.queue.bridge.0000.child: umgr.staging.input.queue.bridge.0000.child: MainThread     : DEBUG   : sent  1 [hwm: 1]
2018-02-01 00:19:58,467: umgr.staging.input.queue.bridge.0000.child: umgr.staging.input.queue.bridge.0000.child: MainThread     : DEBUG   : sent  1 [hwm: 1]
2018-02-01 00:21:02,151: umgr.staging.input.queue.bridge.0000.child: umgr.staging.input.queue.bridge.0000.child: MainThread     : DEBUG   : sent  1 [hwm: 1]
2018-02-01 00:22:06,602: umgr.staging.input.queue.bridge.0000.child: umgr.staging.input.queue.bridge.0000.child: MainThread     : DEBUG   : sent  1 [hwm: 1]
2018-02-01 00:23:10,418: umgr.staging.input.queue.bridge.0000.child: umgr.staging.input.queue.bridge.0000.child: MainThread     : DEBUG   : sent  1 [hwm: 1]
2018-02-01 00:24:15,477: umgr.staging.input.queue.bridge.0000.child: umgr.staging.input.queue.bridge.0000.child: MainThread     : DEBUG   : sent  1 [hwm: 1]
2018-02-01 00:25:21,936: umgr.staging.input.queue.bridge.0000.child: umgr.staging.input.queue.bridge.0000.child: MainThread     : DEBUG   : sent  1 [hwm: 1]
2018-02-01 00:26:27,074: umgr.staging.input.queue.bridge.0000.child: umgr.staging.input.queue.bridge.0000.child: MainThread     : DEBUG   : sent  1 [hwm: 1]
2018-02-01 00:27:32,212: umgr.staging.input.queue.bridge.0000.child: umgr.staging.input.queue.bridge.0000.child: MainThread     : DEBUG   : sent  1 [hwm: 1]
2018-02-01 00:28:37,379: umgr.staging.input.queue.bridge.0000.child: umgr.staging.input.queue.bridge.0000.child: MainThread     : DEBUG   : sent  1 [hwm: 1]
2018-02-01 00:29:42,765: umgr.staging.input.queue.bridge.0000.child: umgr.staging.input.queue.bridge.0000.child: MainThread     : DEBUG   : sent  1 [hwm: 1]
2018-02-01 00:30:46,860: umgr.staging.input.queue.bridge.0000.child: umgr.staging.input.queue.bridge.0000.child: MainThread     : DEBUG   : sent  1 [hwm: 1]
2018-02-01 00:31:49,815: umgr.staging.input.queue.bridge.0000.child: umgr.staging.input.queue.bridge.0000.child: MainThread     : DEBUG   : sent  1 [hwm: 1]
2018-02-01 00:32:53,784: umgr.staging.input.queue.bridge.0000.child: umgr.staging.input.queue.bridge.0000.child: MainThread     : DEBUG   : sent  1 [hwm: 1]
2018-02-01 00:33:57,856: umgr.staging.input.queue.bridge.0000.child: umgr.staging.input.queue.bridge.0000.child: MainThread     : DEBUG   : sent  1 [hwm: 1]
2018-02-01 00:35:04,276: umgr.staging.input.queue.bridge.0000.child: umgr.staging.input.queue.bridge.0000.child: MainThread     : DEBUG   : sent  1 [hwm: 1]
2018-02-01 00:36:09,378: umgr.staging.input.queue.bridge.0000.child: umgr.staging.input.queue.bridge.0000.child: MainThread     : DEBUG   : sent  1 [hwm: 1]
2018-02-01 00:37:13,560: umgr.staging.input.queue.bridge.0000.child: umgr.staging.input.queue.bridge.0000.child: MainThread     : DEBUG   : sent  1 [hwm: 1]
2018-02-01 00:38:18,602: umgr.staging.input.queue.bridge.0000.child: umgr.staging.input.queue.bridge.0000.child: MainThread     : DEBUG   : sent  1 [hwm: 1]
2018-02-01 00:39:23,325: umgr.staging.input.queue.bridge.0000.child: umgr.staging.input.queue.bridge.0000.child: MainThread     : DEBUG   : sent  1 [hwm: 1]
2018-02-01 00:40:29,178: umgr.staging.input.queue.bridge.0000.child: umgr.staging.input.queue.bridge.0000.child: MainThread     : DEBUG   : sent  1 [hwm: 1]
2018-02-01 00:41:32,190: umgr.staging.input.queue.bridge.0000.child: umgr.staging.input.queue.bridge.0000.child: MainThread     : DEBUG   : sent  1 [hwm: 1]
2018-02-01 00:42:37,299: umgr.staging.input.queue.bridge.0000.child: umgr.staging.input.queue.bridge.0000.child: MainThread     : DEBUG   : sent  1 [hwm: 1]
2018-02-01 00:43:42,483: umgr.staging.input.queue.bridge.0000.child: umgr.staging.input.queue.bridge.0000.child: MainThread     : DEBUG   : sent  1 [hwm: 1]
2018-02-01 00:44:46,622: umgr.staging.input.queue.bridge.0000.child: umgr.staging.input.queue.bridge.0000.child: MainThread     : DEBUG   : sent  1 [hwm: 1]
2018-02-01 00:45:50,776: umgr.staging.input.queue.bridge.0000.child: umgr.staging.input.queue.bridge.0000.child: MainThread     : DEBUG   : sent  1 [hwm: 1]
2018-02-01 00:46:54,904: umgr.staging.input.queue.bridge.0000.child: umgr.staging.input.queue.bridge.0000.child: MainThread     : DEBUG   : sent  1 [hwm: 1]
2018-02-01 00:48:00,187: umgr.staging.input.queue.bridge.0000.child: umgr.staging.input.queue.bridge.0000.child: MainThread     : DEBUG   : sent  1 [hwm: 1]
2018-02-01 00:49:04,510: umgr.staging.input.queue.bridge.0000.child: umgr.staging.input.queue.bridge.0000.child: MainThread     : DEBUG   : sent  1 [hwm: 1]
2018-02-01 00:50:10,342: umgr.staging.input.queue.bridge.0000.child: umgr.staging.input.queue.bridge.0000.child: MainThread     : DEBUG   : sent  1 [hwm: 1]
2018-02-01 00:51:15,764: umgr.staging.input.queue.bridge.0000.child: umgr.staging.input.queue.bridge.0000.child: MainThread     : DEBUG   : sent  1 [hwm: 1]
2018-02-01 00:52:21,136: umgr.staging.input.queue.bridge.0000.child: umgr.staging.input.queue.bridge.0000.child: MainThread     : DEBUG   : sent  1 [hwm: 1]
2018-02-01 00:53:26,648: umgr.staging.input.queue.bridge.0000.child: umgr.staging.input.queue.bridge.0000.child: MainThread     : DEBUG   : sent  1 [hwm: 1]
2018-02-01 00:54:31,041: umgr.staging.input.queue.bridge.0000.child: umgr.staging.input.queue.bridge.0000.child: MainThread     : DEBUG   : sent  1 [hwm: 1]
2018-02-01 00:55:35,958: umgr.staging.input.queue.bridge.0000.child: umgr.staging.input.queue.bridge.0000.child: MainThread     : DEBUG   : sent  1 [hwm: 1]
2018-02-01 00:56:40,291: umgr.staging.input.queue.bridge.0000.child: umgr.staging.input.queue.bridge.0000.child: MainThread     : DEBUG   : sent  1 [hwm: 1]
2018-02-01 00:58:02,983: umgr.staging.input.queue.bridge.0000.child: umgr.staging.input.queue.bridge.0000.child: MainThread     : WARNING : not alive anymore?
