2018-01-24 18:52:27,548: control.pubsub.pub.0004: umgr.0000.staging.output.0      : MainThread     : INFO    : python.interpreter   version: 2.7.6 (default, Jun 22 2015, 17:58:13) [GCC 4.8.2]
2018-01-24 18:52:27,548: control.pubsub.pub.0004: umgr.0000.staging.output.0      : MainThread     : INFO    :                      pid: 4212
2018-01-24 18:52:27,548: control.pubsub.pub.0004: umgr.0000.staging.output.0      : MainThread     : INFO    :                      tid: MainThread
2018-01-24 18:52:27,548: control.pubsub.pub.0004: umgr.0000.staging.output.0      : MainThread     : INFO    : radical.pilot        version: 0.47.1
2018-01-24 18:52:27,548: control.pubsub.pub.0004: umgr.0000.staging.output.0      : MainThread     : INFO    : create control_pubsub - pub - tcp://172.29.241.4:51934
2018-01-24 18:52:27,548: control.pubsub.pub.0004: umgr.0000.staging.output.0      : MainThread     : DEBUG   : start process
2018-01-24 18:52:27,548: control.pubsub.pub.0004: umgr.0000.staging.output.0      : MainThread     : DEBUG   : ru_initialize_common (NOOP)
2018-01-24 18:52:27,548: control.pubsub.pub.0004: umgr.0000.staging.output.0      : MainThread     : DEBUG   : ru_initialize_parent (NOOP)
2018-01-24 18:52:27,548: control.pubsub.pub.0004: umgr.0000.staging.output.0      : MainThread     : DEBUG   : process class started (no child)
2018-01-24 18:52:27,561: control.pubsub.pub.0004: task-manager                    : MainThread     : INFO    : python.interpreter   version: 2.7.6 (default, Jun 22 2015, 17:58:13) [GCC 4.8.2]
2018-01-24 18:52:27,561: control.pubsub.pub.0004: task-manager                    : MainThread     : INFO    :                      pid: 4157
2018-01-24 18:52:27,561: control.pubsub.pub.0004: task-manager                    : MainThread     : INFO    :                      tid: MainThread
2018-01-24 18:52:27,561: control.pubsub.pub.0004: task-manager                    : MainThread     : INFO    : radical.pilot        version: 0.47.1
2018-01-24 18:52:27,562: control.pubsub.pub.0004: task-manager                    : MainThread     : INFO    : create control_pubsub - pub - tcp://172.29.241.4:51934
2018-01-24 18:52:27,562: control.pubsub.pub.0004: task-manager                    : MainThread     : DEBUG   : start process
2018-01-24 18:52:27,562: control.pubsub.pub.0004: task-manager                    : MainThread     : DEBUG   : ru_initialize_common (NOOP)
2018-01-24 18:52:27,562: control.pubsub.pub.0004: task-manager                    : MainThread     : DEBUG   : ru_initialize_parent (NOOP)
2018-01-24 18:52:27,562: control.pubsub.pub.0004: task-manager                    : MainThread     : DEBUG   : process class started (no child)
2018-01-24 19:58:04,462: control.pubsub.pub.0004: umgr.0000.staging.output.0      : MainThread     : INFO    : parent stops child  4212 -> None [control.pubsub.pub.0004]
2018-01-24 19:58:04,462: control.pubsub.pub.0004: umgr.0000.staging.output.0      : MainThread     : DEBUG   : ru_finalize_parent (NOOP)
