2018-01-24 18:51:22,390: state.pubsub.sub.0000: update.0                        : MainThread     : INFO    : python.interpreter   version: 2.7.6 (default, Jun 22 2015, 17:58:13) [GCC 4.8.2]
2018-01-24 18:51:22,390: state.pubsub.sub.0000: update.0                        : MainThread     : INFO    :                      pid: 3866
2018-01-24 18:51:22,390: state.pubsub.sub.0000: update.0                        : MainThread     : INFO    :                      tid: MainThread
2018-01-24 18:51:22,391: state.pubsub.sub.0000: update.0                        : MainThread     : INFO    : radical.pilot        version: 0.47.1
2018-01-24 18:51:22,391: state.pubsub.sub.0000: update.0                        : MainThread     : INFO    : create state_pubsub - sub - tcp://172.29.241.4:51167
2018-01-24 18:51:22,391: state.pubsub.sub.0000: update.0                        : MainThread     : DEBUG   : start process
2018-01-24 18:51:22,391: state.pubsub.sub.0000: update.0                        : MainThread     : DEBUG   : ru_initialize_common (NOOP)
2018-01-24 18:51:22,392: state.pubsub.sub.0000: update.0                        : MainThread     : DEBUG   : ru_initialize_parent (NOOP)
2018-01-24 18:51:22,392: state.pubsub.sub.0000: update.0                        : MainThread     : DEBUG   : process class started (no child)
2018-01-24 18:51:22,893: state.pubsub.sub.0000: MainProcess                     : MainThread     : INFO    : python.interpreter   version: 2.7.6 (default, Jun 22 2015, 17:58:13) [GCC 4.8.2]
2018-01-24 18:51:22,893: state.pubsub.sub.0000: MainProcess                     : MainThread     : INFO    :                      pid: 3828
2018-01-24 18:51:22,894: state.pubsub.sub.0000: MainProcess                     : MainThread     : INFO    :                      tid: MainThread
2018-01-24 18:51:22,894: state.pubsub.sub.0000: MainProcess                     : MainThread     : INFO    : radical.pilot        version: 0.47.1
2018-01-24 18:51:22,894: state.pubsub.sub.0000: MainProcess                     : MainThread     : INFO    : create state_pubsub - sub - tcp://172.29.241.4:51167
2018-01-24 18:51:22,894: state.pubsub.sub.0000: MainProcess                     : MainThread     : DEBUG   : start process
2018-01-24 18:51:22,894: state.pubsub.sub.0000: MainProcess                     : MainThread     : DEBUG   : ru_initialize_common (NOOP)
2018-01-24 18:51:22,894: state.pubsub.sub.0000: MainProcess                     : MainThread     : DEBUG   : ru_initialize_parent (NOOP)
2018-01-24 18:51:22,894: state.pubsub.sub.0000: MainProcess                     : MainThread     : DEBUG   : process class started (no child)
2018-01-24 19:58:15,942: state.pubsub.sub.0000: MainProcess                     : MainThread     : INFO    : parent stops child  3828 -> None [state.pubsub.sub.0000]
2018-01-24 19:58:15,942: state.pubsub.sub.0000: MainProcess                     : MainThread     : DEBUG   : ru_finalize_parent (NOOP)
2018-01-24 19:58:16,769: state.pubsub.sub.0000: update.0                        : MainThread     : INFO    : parent stops child  3866 -> None [state.pubsub.sub.0000]
2018-01-24 19:58:16,769: state.pubsub.sub.0000: update.0                        : MainThread     : DEBUG   : ru_finalize_parent (NOOP)
