2018-01-24 18:51:22,826: state.pubsub.pub.0001: pmgr.0000.launching.0           : MainThread     : INFO    : python.interpreter   version: 2.7.6 (default, Jun 22 2015, 17:58:13) [GCC 4.8.2]
2018-01-24 18:51:22,826: state.pubsub.pub.0001: pmgr.0000.launching.0           : MainThread     : INFO    :                      pid: 3896
2018-01-24 18:51:22,827: state.pubsub.pub.0001: pmgr.0000.launching.0           : MainThread     : INFO    :                      tid: MainThread
2018-01-24 18:51:22,827: state.pubsub.pub.0001: pmgr.0000.launching.0           : MainThread     : INFO    : radical.pilot        version: 0.47.1
2018-01-24 18:51:22,827: state.pubsub.pub.0001: pmgr.0000.launching.0           : MainThread     : INFO    : create state_pubsub - pub - tcp://172.29.241.4:46307
2018-01-24 18:51:22,827: state.pubsub.pub.0001: pmgr.0000.launching.0           : MainThread     : DEBUG   : start process
2018-01-24 18:51:22,828: state.pubsub.pub.0001: pmgr.0000.launching.0           : MainThread     : DEBUG   : ru_initialize_common (NOOP)
2018-01-24 18:51:22,828: state.pubsub.pub.0001: pmgr.0000.launching.0           : MainThread     : DEBUG   : ru_initialize_parent (NOOP)
2018-01-24 18:51:22,828: state.pubsub.pub.0001: pmgr.0000.launching.0           : MainThread     : DEBUG   : process class started (no child)
2018-01-24 18:51:22,866: state.pubsub.pub.0001: MainProcess                     : MainThread     : INFO    : python.interpreter   version: 2.7.6 (default, Jun 22 2015, 17:58:13) [GCC 4.8.2]
2018-01-24 18:51:22,866: state.pubsub.pub.0001: MainProcess                     : MainThread     : INFO    :                      pid: 3828
2018-01-24 18:51:22,866: state.pubsub.pub.0001: MainProcess                     : MainThread     : INFO    :                      tid: MainThread
2018-01-24 18:51:22,866: state.pubsub.pub.0001: MainProcess                     : MainThread     : INFO    : radical.pilot        version: 0.47.1
2018-01-24 18:51:22,866: state.pubsub.pub.0001: MainProcess                     : MainThread     : INFO    : create state_pubsub - pub - tcp://172.29.241.4:46307
2018-01-24 18:51:22,867: state.pubsub.pub.0001: MainProcess                     : MainThread     : DEBUG   : start process
2018-01-24 18:51:22,868: state.pubsub.pub.0001: MainProcess                     : MainThread     : DEBUG   : ru_initialize_common (NOOP)
2018-01-24 18:51:22,868: state.pubsub.pub.0001: MainProcess                     : MainThread     : DEBUG   : ru_initialize_parent (NOOP)
2018-01-24 18:51:22,868: state.pubsub.pub.0001: MainProcess                     : MainThread     : DEBUG   : process class started (no child)
2018-01-24 19:58:13,030: state.pubsub.pub.0001: MainProcess                     : MainThread     : INFO    : parent stops child  3828 -> None [state.pubsub.pub.0001]
2018-01-24 19:58:13,030: state.pubsub.pub.0001: MainProcess                     : MainThread     : DEBUG   : ru_finalize_parent (NOOP)
