2018-01-24 18:51:21,962: update.0.child      : update.0                        : MainThread     : INFO    : python.interpreter   version: 2.7.6 (default, Jun 22 2015, 17:58:13) [GCC 4.8.2]
2018-01-24 18:51:21,963: update.0.child      : update.0                        : MainThread     : INFO    :                      pid: 3866
2018-01-24 18:51:21,963: update.0.child      : update.0                        : MainThread     : INFO    :                      tid: MainThread
2018-01-24 18:51:21,964: update.0.child      : update.0                        : MainThread     : INFO    : radical.pilot        version: 0.47.1
2018-01-24 18:51:22,110: update.0.child      : update.0                        : MainThread     : INFO    : initialize update.0.child
2018-01-24 18:51:22,113: update.0.child      : update.0                        : MainThread     : INFO    : cfg: {'agents': {},
 u'bridges': {u'control_pubsub': {'addr_in': 'tcp://172.29.241.4:51934',
                                  'addr_out': 'tcp://172.29.241.4:43289',
                                  u'bulk_size': 0,
                                  u'log_level': u'debug',
                                  u'stall_hwm': 1},
              u'log_pubsub': {'addr_in': 'tcp://172.29.241.4:42617',
                              'addr_out': 'tcp://172.29.241.4:48909',
                              u'bulk_size': 0,
                              u'log_level': u'debug',
                              u'stall_hwm': 1},
              u'state_pubsub': {'addr_in': 'tcp://172.29.241.4:46307',
                                'addr_out': 'tcp://172.29.241.4:51167',
                                u'bulk_size': 0,
                                u'log_level': u'debug',
                                u'stall_hwm': 1}},
 'cname': u'UpdateWorker',
 u'components': {},
 u'count': 1,
 'dburl': 'mongodb://entk:entk@ds125126.mlab.com:25126/adbms-1',
 'debug': 'DEBUG',
 u'default_dburl': u'mongodb://rp:rp@ds015335.mlab.com:15335/rp',
 'logdir': '/home/vivek91/repos/adaptive-bms-experiments/task-count-adap/bin/rp.session.js-169-212.jetstream-cloud.org.vivek91.017555.0300',
 'number': 0,
 'owner': 'rp.session.js-169-212.jetstream-cloud.org.vivek91.017555.0300',
 'session_id': 'rp.session.js-169-212.jetstream-cloud.org.vivek91.017555.0300'}
2018-01-24 18:51:22,113: update.0.child      : update.0                        : MainThread     : DEBUG   : start components: {}
2018-01-24 18:51:22,113: update.0.child      : update.0                        : MainThread     : DEBUG   : alive check in term
2018-01-24 18:51:22,113: update.0.child      : update.0                        : MainThread     : DEBUG   : START: update.0.child register publisher log_pubsub
2018-01-24 18:51:22,114: update.0.child      : update.0                        : MainThread     : DEBUG   : using addr tcp://172.29.241.4:42617 for pubsub log_pubsub
2018-01-24 18:51:22,117: update.0.child      : update.0                        : MainThread     : DEBUG   : registered publisher : log_pubsub : log.pubsub.pub.0000
2018-01-24 18:51:22,117: update.0.child      : update.0                        : MainThread     : DEBUG   : alive check in term
2018-01-24 18:51:22,117: update.0.child      : update.0                        : MainThread     : DEBUG   : START: update.0.child register publisher state_pubsub
2018-01-24 18:51:22,117: update.0.child      : update.0                        : MainThread     : DEBUG   : using addr tcp://172.29.241.4:46307 for pubsub state_pubsub
2018-01-24 18:51:22,120: update.0.child      : update.0                        : MainThread     : DEBUG   : registered publisher : state_pubsub : state.pubsub.pub.0000
2018-01-24 18:51:22,120: update.0.child      : update.0                        : MainThread     : DEBUG   : alive check in term
2018-01-24 18:51:22,120: update.0.child      : update.0                        : MainThread     : DEBUG   : START: update.0.child register publisher control_pubsub
2018-01-24 18:51:22,120: update.0.child      : update.0                        : MainThread     : DEBUG   : using addr tcp://172.29.241.4:51934 for pubsub control_pubsub
2018-01-24 18:51:22,123: update.0.child      : update.0                        : MainThread     : DEBUG   : registered publisher : control_pubsub : control.pubsub.pub.0000
2018-01-24 18:51:22,123: update.0.child      : update.0                        : MainThread     : DEBUG   : alive check in term
2018-01-24 18:51:22,123: update.0.child      : update.0                        : MainThread     : DEBUG   : START: update.0.child register subscriber update.0.child.subscriber._cancel_monitor_cb
2018-01-24 18:51:22,123: update.0.child      : update.0                        : MainThread     : DEBUG   : using addr tcp://172.29.241.4:43289 for pubsub control_pubsub
2018-01-24 18:51:22,126: update.0.child      : update.0                        : MainThread     : DEBUG   : parent name: update.0.child.subscriber._cancel_monitor_cb
2018-01-24 18:51:22,126: update.0.child      : update.0                        : MainThread     : DEBUG   : start thread
2018-01-24 18:51:22,127: update.0.child      : update.0                        : update.0.child.subscriber._cancel_monitor_cb: DEBUG   : child name: update.0.child.subscriber._cancel_monitor_cb.thread
2018-01-24 18:51:22,127: update.0.child      : update.0                        : update.0.child.subscriber._cancel_monitor_cb: INFO    : child (me) initializing
2018-01-24 18:51:22,127: update.0.child      : update.0                        : update.0.child.subscriber._cancel_monitor_cb: DEBUG   : ru_initialize_common (NOOP)
2018-01-24 18:51:22,127: update.0.child      : update.0                        : update.0.child.subscriber._cancel_monitor_cb: DEBUG   : ru_initialize_child (NOOP)
2018-01-24 18:51:22,127: update.0.child      : update.0                        : update.0.child.subscriber._cancel_monitor_cb: INFO    : send alive
2018-01-24 18:51:22,128: update.0.child      : update.0                        : update.0.child.subscriber._cancel_monitor_cb: INFO    : put message: [update.0.child.subscriber._cancel_monitor_cb.thread] alive
2018-01-24 18:51:22,128: update.0.child      : update.0                        : MainThread     : INFO    : get msg: alive
2018-01-24 18:51:22,129: update.0.child      : update.0                        : MainThread     : DEBUG   : ru_initialize_common (NOOP)
2018-01-24 18:51:22,129: update.0.child      : update.0                        : MainThread     : DEBUG   : ru_initialize_parent (NOOP)
2018-01-24 18:51:22,129: update.0.child      : update.0                        : MainThread     : DEBUG   : child thread update.0.child.subscriber._cancel_monitor_cb started
2018-01-24 18:51:22,129: update.0.child      : update.0                        : MainThread     : DEBUG   : update.0.child registered control_pubsub subscriber update.0.child.subscriber._cancel_monitor_cb
2018-01-24 18:51:22,389: update.0.child      : update.0                        : MainThread     : DEBUG   : alive check in term
2018-01-24 18:51:22,389: update.0.child      : update.0                        : MainThread     : DEBUG   : START: update.0.child register subscriber update.0.child.subscriber._state_cb
2018-01-24 18:51:22,389: update.0.child      : update.0                        : MainThread     : DEBUG   : using addr tcp://172.29.241.4:51167 for pubsub state_pubsub
2018-01-24 18:51:22,392: update.0.child      : update.0                        : MainThread     : DEBUG   : parent name: update.0.child.subscriber._state_cb
2018-01-24 18:51:22,392: update.0.child      : update.0                        : MainThread     : DEBUG   : start thread
2018-01-24 18:51:22,392: update.0.child      : update.0                        : update.0.child.subscriber._state_cb: DEBUG   : child name: update.0.child.subscriber._state_cb.thread
2018-01-24 18:51:22,393: update.0.child      : update.0                        : update.0.child.subscriber._state_cb: INFO    : child (me) initializing
2018-01-24 18:51:22,393: update.0.child      : update.0                        : update.0.child.subscriber._state_cb: DEBUG   : ru_initialize_common (NOOP)
2018-01-24 18:51:22,393: update.0.child      : update.0                        : update.0.child.subscriber._state_cb: DEBUG   : ru_initialize_child (NOOP)
2018-01-24 18:51:22,393: update.0.child      : update.0                        : update.0.child.subscriber._state_cb: INFO    : send alive
2018-01-24 18:51:22,393: update.0.child      : update.0                        : update.0.child.subscriber._state_cb: INFO    : put message: [update.0.child.subscriber._state_cb.thread] alive
2018-01-24 18:51:22,394: update.0.child      : update.0                        : MainThread     : INFO    : get msg: alive
2018-01-24 18:51:22,394: update.0.child      : update.0                        : MainThread     : DEBUG   : ru_initialize_common (NOOP)
2018-01-24 18:51:22,394: update.0.child      : update.0                        : MainThread     : DEBUG   : ru_initialize_parent (NOOP)
2018-01-24 18:51:22,394: update.0.child      : update.0                        : MainThread     : DEBUG   : child thread update.0.child.subscriber._state_cb started
2018-01-24 18:51:22,394: update.0.child      : update.0                        : MainThread     : DEBUG   : update.0.child registered state_pubsub subscriber update.0.child.subscriber._state_cb
2018-01-24 18:51:22,394: update.0.child      : update.0                        : MainThread     : DEBUG   : alive check in term
2018-01-24 18:51:22,394: update.0.child      : update.0                        : MainThread     : DEBUG   : START: update.0.child register idler update.0.child.idler._idle_cb
2018-01-24 18:51:22,395: update.0.child      : update.0                        : MainThread     : DEBUG   : parent name: update.0.child.idler._idle_cb
2018-01-24 18:51:22,395: update.0.child      : update.0                        : MainThread     : DEBUG   : start thread
2018-01-24 18:51:22,395: update.0.child      : update.0                        : update.0.child.idler._idle_cb: DEBUG   : child name: update.0.child.idler._idle_cb.thread
2018-01-24 18:51:22,396: update.0.child      : update.0                        : update.0.child.idler._idle_cb: INFO    : child (me) initializing
2018-01-24 18:51:22,396: update.0.child      : update.0                        : update.0.child.idler._idle_cb: DEBUG   : ru_initialize_common (NOOP)
2018-01-24 18:51:22,396: update.0.child      : update.0                        : update.0.child.idler._idle_cb: DEBUG   : ru_initialize_child (NOOP)
2018-01-24 18:51:22,396: update.0.child      : update.0                        : update.0.child.idler._idle_cb: INFO    : send alive
2018-01-24 18:51:22,396: update.0.child      : update.0                        : update.0.child.idler._idle_cb: INFO    : put message: [update.0.child.idler._idle_cb.thread] alive
2018-01-24 18:51:22,397: update.0.child      : update.0                        : MainThread     : INFO    : get msg: alive
2018-01-24 18:51:22,397: update.0.child      : update.0                        : MainThread     : DEBUG   : ru_initialize_common (NOOP)
2018-01-24 18:51:22,397: update.0.child      : update.0                        : MainThread     : DEBUG   : ru_initialize_parent (NOOP)
2018-01-24 18:51:22,397: update.0.child      : update.0                        : MainThread     : DEBUG   : child thread update.0.child.idler._idle_cb started
2018-01-24 18:51:22,397: update.0.child      : update.0                        : MainThread     : DEBUG   : update.0.child registered idler update.0.child.idler._idle_cb
2018-01-24 18:51:22,397: update.0.child      : update.0                        : MainThread     : INFO    : child (me) initializing
2018-01-24 18:51:22,398: update.0.child      : update.0                        : MainThread     : DEBUG   : parent name: update.0.child.watch
2018-01-24 18:51:22,398: update.0.child      : update.0                        : MainThread     : DEBUG   : start thread
2018-01-24 18:51:22,399: update.0.child      : update.0                        : update.0.child.watch: DEBUG   : child name: update.0.child.watch.thread
2018-01-24 18:51:22,399: update.0.child      : update.0                        : update.0.child.watch: INFO    : child (me) initializing
2018-01-24 18:51:22,399: update.0.child      : update.0                        : update.0.child.watch: DEBUG   : ru_initialize_common (NOOP)
2018-01-24 18:51:22,399: update.0.child      : update.0                        : update.0.child.watch: DEBUG   : ru_initialize_child (NOOP)
2018-01-24 18:51:22,399: update.0.child      : update.0                        : update.0.child.watch: INFO    : send alive
2018-01-24 18:51:22,400: update.0.child      : update.0                        : update.0.child.watch: INFO    : put message: [update.0.child.watch.thread] alive
2018-01-24 18:51:22,400: update.0.child      : update.0                        : MainThread     : INFO    : get msg: alive
2018-01-24 18:51:22,400: update.0.child      : update.0                        : MainThread     : DEBUG   : ru_initialize_common (NOOP)
2018-01-24 18:51:22,401: update.0.child      : update.0                        : MainThread     : DEBUG   : ru_initialize_parent (NOOP)
2018-01-24 18:51:22,401: update.0.child      : update.0                        : MainThread     : DEBUG   : child thread update.0.child.watch started
2018-01-24 18:51:22,401: update.0.child      : update.0                        : MainThread     : INFO    : child (me) is alive
2018-01-24 18:51:22,401: update.0.child      : update.0                        : MainThread     : INFO    : send alive
2018-01-24 18:51:22,401: update.0.child      : update.0                        : MainThread     : INFO    : send message: [update.0.child] alive
2018-01-24 18:51:27,564: update.0.child      : update.0                        : update.0.child.subscriber._cancel_monitor_cb: DEBUG   : command ignored: pilot_staging_input_request
2018-01-24 18:51:27,590: update.0.child      : update.0                        : update.0.child.subscriber._state_cb: DEBUG   : bulk update result: {'nModified': 1, 'nUpserted': 0, 'nMatched': 1, 'writeErrors': [], 'upserted': [], 'writeConcernErrors': [], 'nRemoved': 0, 'nInserted': 0}
2018-01-24 18:51:29,438: update.0.child      : update.0                        : update.0.child.idler._idle_cb: DEBUG   : bulk update result: {'nModified': 1, 'nUpserted': 0, 'nMatched': 1, 'writeErrors': [], 'upserted': [], 'writeConcernErrors': [], 'nRemoved': 0, 'nInserted': 0}
2018-01-24 18:51:40,984: update.0.child      : update.0                        : update.0.child.subscriber._state_cb: DEBUG   : bulk update result: {'nModified': 1, 'nUpserted': 0, 'nMatched': 1, 'writeErrors': [], 'upserted': [], 'writeConcernErrors': [], 'nRemoved': 0, 'nInserted': 0}
2018-01-24 18:51:40,984: update.0.child      : update.0                        : update.0.child.subscriber._cancel_monitor_cb: DEBUG   : command ignored: pilot_staging_input_result
2018-01-24 18:52:26,666: update.0.child      : update.0                        : update.0.child.subscriber._state_cb: DEBUG   : bulk update result: {'nModified': 1, 'nUpserted': 0, 'nMatched': 1, 'writeErrors': [], 'upserted': [], 'writeConcernErrors': [], 'nRemoved': 0, 'nInserted': 0}
2018-01-24 18:52:28,119: update.0.child      : update.0                        : update.0.child.subscriber._cancel_monitor_cb: DEBUG   : command ignored: add_pilots
2018-01-24 18:52:28,192: update.0.child      : update.0                        : update.0.child.subscriber._state_cb: DEBUG   : bulk update result: {'nModified': 1, 'nUpserted': 0, 'nMatched': 1, 'writeErrors': [], 'upserted': [], 'writeConcernErrors': [], 'nRemoved': 0, 'nInserted': 0}
2018-01-24 18:52:29,599: update.0.child      : update.0                        : update.0.child.idler._idle_cb: DEBUG   : bulk update result: {'nModified': 4, 'nUpserted': 0, 'nMatched': 4, 'writeErrors': [], 'upserted': [], 'writeConcernErrors': [], 'nRemoved': 0, 'nInserted': 0}
2018-01-24 18:56:33,162: update.0.child      : update.0                        : update.0.child.subscriber._state_cb: DEBUG   : bulk update result: {'nModified': 1, 'nUpserted': 0, 'nMatched': 1, 'writeErrors': [], 'upserted': [], 'writeConcernErrors': [], 'nRemoved': 0, 'nInserted': 0}
2018-01-24 18:56:35,066: update.0.child      : update.0                        : update.0.child.idler._idle_cb: DEBUG   : bulk update result: {'nModified': 7, 'nUpserted': 0, 'nMatched': 7, 'writeErrors': [], 'upserted': [], 'writeConcernErrors': [], 'nRemoved': 0, 'nInserted': 0}
2018-01-24 19:00:38,708: update.0.child      : update.0                        : update.0.child.subscriber._state_cb: DEBUG   : bulk update result: {'nModified': 1, 'nUpserted': 0, 'nMatched': 1, 'writeErrors': [], 'upserted': [], 'writeConcernErrors': [], 'nRemoved': 0, 'nInserted': 0}
2018-01-24 19:00:40,458: update.0.child      : update.0                        : update.0.child.idler._idle_cb: DEBUG   : bulk update result: {'nModified': 7, 'nUpserted': 0, 'nMatched': 7, 'writeErrors': [], 'upserted': [], 'writeConcernErrors': [], 'nRemoved': 0, 'nInserted': 0}
2018-01-24 19:04:43,437: update.0.child      : update.0                        : update.0.child.subscriber._state_cb: DEBUG   : bulk update result: {'nModified': 1, 'nUpserted': 0, 'nMatched': 1, 'writeErrors': [], 'upserted': [], 'writeConcernErrors': [], 'nRemoved': 0, 'nInserted': 0}
2018-01-24 19:04:45,216: update.0.child      : update.0                        : update.0.child.idler._idle_cb: DEBUG   : bulk update result: {'nModified': 7, 'nUpserted': 0, 'nMatched': 7, 'writeErrors': [], 'upserted': [], 'writeConcernErrors': [], 'nRemoved': 0, 'nInserted': 0}
2018-01-24 19:08:48,075: update.0.child      : update.0                        : update.0.child.subscriber._state_cb: DEBUG   : bulk update result: {'nModified': 1, 'nUpserted': 0, 'nMatched': 1, 'writeErrors': [], 'upserted': [], 'writeConcernErrors': [], 'nRemoved': 0, 'nInserted': 0}
2018-01-24 19:08:49,715: update.0.child      : update.0                        : update.0.child.idler._idle_cb: DEBUG   : bulk update result: {'nModified': 7, 'nUpserted': 0, 'nMatched': 7, 'writeErrors': [], 'upserted': [], 'writeConcernErrors': [], 'nRemoved': 0, 'nInserted': 0}
2018-01-24 19:12:52,582: update.0.child      : update.0                        : update.0.child.subscriber._state_cb: DEBUG   : bulk update result: {'nModified': 1, 'nUpserted': 0, 'nMatched': 1, 'writeErrors': [], 'upserted': [], 'writeConcernErrors': [], 'nRemoved': 0, 'nInserted': 0}
2018-01-24 19:12:54,196: update.0.child      : update.0                        : update.0.child.idler._idle_cb: DEBUG   : bulk update result: {'nModified': 7, 'nUpserted': 0, 'nMatched': 7, 'writeErrors': [], 'upserted': [], 'writeConcernErrors': [], 'nRemoved': 0, 'nInserted': 0}
2018-01-24 19:16:57,191: update.0.child      : update.0                        : update.0.child.subscriber._state_cb: DEBUG   : bulk update result: {'nModified': 1, 'nUpserted': 0, 'nMatched': 1, 'writeErrors': [], 'upserted': [], 'writeConcernErrors': [], 'nRemoved': 0, 'nInserted': 0}
2018-01-24 19:16:58,695: update.0.child      : update.0                        : update.0.child.idler._idle_cb: DEBUG   : bulk update result: {'nModified': 7, 'nUpserted': 0, 'nMatched': 7, 'writeErrors': [], 'upserted': [], 'writeConcernErrors': [], 'nRemoved': 0, 'nInserted': 0}
2018-01-24 19:21:02,512: update.0.child      : update.0                        : update.0.child.subscriber._state_cb: DEBUG   : bulk update result: {'nModified': 1, 'nUpserted': 0, 'nMatched': 1, 'writeErrors': [], 'upserted': [], 'writeConcernErrors': [], 'nRemoved': 0, 'nInserted': 0}
2018-01-24 19:21:04,061: update.0.child      : update.0                        : update.0.child.idler._idle_cb: DEBUG   : bulk update result: {'nModified': 7, 'nUpserted': 0, 'nMatched': 7, 'writeErrors': [], 'upserted': [], 'writeConcernErrors': [], 'nRemoved': 0, 'nInserted': 0}
2018-01-24 19:25:06,752: update.0.child      : update.0                        : update.0.child.subscriber._state_cb: DEBUG   : bulk update result: {'nModified': 1, 'nUpserted': 0, 'nMatched': 1, 'writeErrors': [], 'upserted': [], 'writeConcernErrors': [], 'nRemoved': 0, 'nInserted': 0}
2018-01-24 19:25:08,455: update.0.child      : update.0                        : update.0.child.idler._idle_cb: DEBUG   : bulk update result: {'nModified': 7, 'nUpserted': 0, 'nMatched': 7, 'writeErrors': [], 'upserted': [], 'writeConcernErrors': [], 'nRemoved': 0, 'nInserted': 0}
2018-01-24 19:29:10,989: update.0.child      : update.0                        : update.0.child.subscriber._state_cb: DEBUG   : bulk update result: {'nModified': 1, 'nUpserted': 0, 'nMatched': 1, 'writeErrors': [], 'upserted': [], 'writeConcernErrors': [], 'nRemoved': 0, 'nInserted': 0}
2018-01-24 19:29:12,019: update.0.child      : update.0                        : update.0.child.idler._idle_cb: DEBUG   : bulk update result: {'nModified': 7, 'nUpserted': 0, 'nMatched': 7, 'writeErrors': [], 'upserted': [], 'writeConcernErrors': [], 'nRemoved': 0, 'nInserted': 0}
2018-01-24 19:33:15,235: update.0.child      : update.0                        : update.0.child.subscriber._state_cb: DEBUG   : bulk update result: {'nModified': 1, 'nUpserted': 0, 'nMatched': 1, 'writeErrors': [], 'upserted': [], 'writeConcernErrors': [], 'nRemoved': 0, 'nInserted': 0}
2018-01-24 19:33:16,488: update.0.child      : update.0                        : update.0.child.idler._idle_cb: DEBUG   : bulk update result: {'nModified': 7, 'nUpserted': 0, 'nMatched': 7, 'writeErrors': [], 'upserted': [], 'writeConcernErrors': [], 'nRemoved': 0, 'nInserted': 0}
2018-01-24 19:37:20,586: update.0.child      : update.0                        : update.0.child.subscriber._state_cb: DEBUG   : bulk update result: {'nModified': 1, 'nUpserted': 0, 'nMatched': 1, 'writeErrors': [], 'upserted': [], 'writeConcernErrors': [], 'nRemoved': 0, 'nInserted': 0}
2018-01-24 19:37:22,125: update.0.child      : update.0                        : update.0.child.idler._idle_cb: DEBUG   : bulk update result: {'nModified': 7, 'nUpserted': 0, 'nMatched': 7, 'writeErrors': [], 'upserted': [], 'writeConcernErrors': [], 'nRemoved': 0, 'nInserted': 0}
2018-01-24 19:41:25,091: update.0.child      : update.0                        : update.0.child.subscriber._state_cb: DEBUG   : bulk update result: {'nModified': 1, 'nUpserted': 0, 'nMatched': 1, 'writeErrors': [], 'upserted': [], 'writeConcernErrors': [], 'nRemoved': 0, 'nInserted': 0}
2018-01-24 19:41:26,566: update.0.child      : update.0                        : update.0.child.idler._idle_cb: DEBUG   : bulk update result: {'nModified': 7, 'nUpserted': 0, 'nMatched': 7, 'writeErrors': [], 'upserted': [], 'writeConcernErrors': [], 'nRemoved': 0, 'nInserted': 0}
2018-01-24 19:45:30,430: update.0.child      : update.0                        : update.0.child.subscriber._state_cb: DEBUG   : bulk update result: {'nModified': 1, 'nUpserted': 0, 'nMatched': 1, 'writeErrors': [], 'upserted': [], 'writeConcernErrors': [], 'nRemoved': 0, 'nInserted': 0}
2018-01-24 19:45:32,322: update.0.child      : update.0                        : update.0.child.idler._idle_cb: DEBUG   : bulk update result: {'nModified': 7, 'nUpserted': 0, 'nMatched': 7, 'writeErrors': [], 'upserted': [], 'writeConcernErrors': [], 'nRemoved': 0, 'nInserted': 0}
2018-01-24 19:49:35,066: update.0.child      : update.0                        : update.0.child.subscriber._state_cb: DEBUG   : bulk update result: {'nModified': 1, 'nUpserted': 0, 'nMatched': 1, 'writeErrors': [], 'upserted': [], 'writeConcernErrors': [], 'nRemoved': 0, 'nInserted': 0}
2018-01-24 19:49:36,702: update.0.child      : update.0                        : update.0.child.idler._idle_cb: DEBUG   : bulk update result: {'nModified': 7, 'nUpserted': 0, 'nMatched': 7, 'writeErrors': [], 'upserted': [], 'writeConcernErrors': [], 'nRemoved': 0, 'nInserted': 0}
2018-01-24 19:53:40,740: update.0.child      : update.0                        : update.0.child.subscriber._state_cb: DEBUG   : bulk update result: {'nModified': 1, 'nUpserted': 0, 'nMatched': 1, 'writeErrors': [], 'upserted': [], 'writeConcernErrors': [], 'nRemoved': 0, 'nInserted': 0}
2018-01-24 19:53:42,207: update.0.child      : update.0                        : update.0.child.idler._idle_cb: DEBUG   : bulk update result: {'nModified': 7, 'nUpserted': 0, 'nMatched': 7, 'writeErrors': [], 'upserted': [], 'writeConcernErrors': [], 'nRemoved': 0, 'nInserted': 0}
2018-01-24 19:57:45,462: update.0.child      : update.0                        : update.0.child.subscriber._state_cb: DEBUG   : bulk update result: {'nModified': 1, 'nUpserted': 0, 'nMatched': 1, 'writeErrors': [], 'upserted': [], 'writeConcernErrors': [], 'nRemoved': 0, 'nInserted': 0}
2018-01-24 19:57:46,691: update.0.child      : update.0                        : update.0.child.idler._idle_cb: DEBUG   : bulk update result: {'nModified': 2, 'nUpserted': 0, 'nMatched': 2, 'writeErrors': [], 'upserted': [], 'writeConcernErrors': [], 'nRemoved': 0, 'nInserted': 0}
2018-01-24 19:58:06,858: update.0.child      : update.0                        : update.0.child.subscriber._cancel_monitor_cb: DEBUG   : command ignored: cancel_pilots
2018-01-24 19:58:12,729: update.0.child      : update.0                        : update.0.child.subscriber._state_cb: DEBUG   : bulk update result: {'nModified': 1, 'nUpserted': 0, 'nMatched': 1, 'writeErrors': [], 'upserted': [], 'writeConcernErrors': [], 'nRemoved': 0, 'nInserted': 0}
2018-01-24 19:58:12,783: update.0.child      : update.0                        : update.0.child.subscriber._cancel_monitor_cb: DEBUG   : command ignored: cancel_pilots
2018-01-24 19:58:16,179: update.0.child      : update.0                        : update.0.child.watch: INFO    : recv message: STOP
2018-01-24 19:58:16,179: update.0.child      : update.0                        : update.0.child.watch: INFO    : message received: STOP
2018-01-24 19:58:16,179: update.0.child      : update.0                        : update.0.child.watch: INFO    : STOP received: STOP
2018-01-24 19:58:16,179: update.0.child      : update.0                        : update.0.child.watch: INFO    : watcher closes
2018-01-24 19:58:16,180: update.0.child      : update.0                        : update.0.child.watch: INFO    : put message: [update.0.child.watch.thread] work finished
2018-01-24 19:58:16,180: update.0.child      : update.0                        : update.0.child.watch: DEBUG   : ru_finalize_child (NOOP)
2018-01-24 19:58:16,180: update.0.child      : update.0                        : update.0.child.watch: DEBUG   : ru_finalize_common (NOOP)
2018-01-24 19:58:16,180: update.0.child      : update.0                        : update.0.child.watch: INFO    : put message: [update.0.child.watch.thread] terminating
2018-01-24 19:58:16,230: update.0.child      : update.0                        : MainThread     : WARNING : alive check: proc invalid - stop [False - True]
2018-01-24 19:58:16,291: update.0.child      : update.0                        : MainThread     : INFO    : stop update.0.child (3866 : 3866 : MainThread) [radical.pilot.worker.update.Update.stop]
2018-01-24 19:58:16,491: update.0.child      : update.0                        : MainThread     : INFO    : parent stops child  3866 -> 3866 [update.0.child]
2018-01-24 19:58:16,491: update.0.child      : update.0                        : MainThread     : INFO    : send message: [update.0.child] STOP
2018-01-24 19:58:16,491: update.0.child      : update.0                        : MainThread     : WARNING : send failed ([Errno 9] Bad file descriptor) - terminate
2018-01-24 19:58:16,491: update.0.child      : update.0                        : MainThread     : DEBUG   : TERM : update.0.child unregister idler update.0.child.idler._idle_cb
2018-01-24 19:58:16,491: update.0.child      : update.0                        : MainThread     : INFO    : parent stops child
2018-01-24 19:58:16,491: update.0.child      : update.0                        : MainThread     : DEBUG   : ru_finalize_parent (NOOP)
2018-01-24 19:58:16,492: update.0.child      : update.0                        : MainThread     : DEBUG   : ru_finalize_common (NOOP)
2018-01-24 19:58:16,558: update.0.child      : update.0                        : update.0.child.idler._idle_cb: DEBUG   : ru_finalize_child (NOOP)
2018-01-24 19:58:16,558: update.0.child      : update.0                        : update.0.child.idler._idle_cb: DEBUG   : ru_finalize_common (NOOP)
2018-01-24 19:58:16,558: update.0.child      : update.0                        : update.0.child.idler._idle_cb: INFO    : put message: [update.0.child.idler._idle_cb.thread] terminating
2018-01-24 19:58:16,606: update.0.child      : update.0                        : MainThread     : DEBUG   : TERM : update.0.child unregistered idler update.0.child.idler._idle_cb
2018-01-24 19:58:16,606: update.0.child      : update.0                        : MainThread     : DEBUG   : TERM : update.0.child unregister subscriber update.0.child.subscriber._state_cb
2018-01-24 19:58:16,606: update.0.child      : update.0                        : MainThread     : DEBUG   : unregistered subscriber update.0.child.subscriber._state_cb
2018-01-24 19:58:16,606: update.0.child      : update.0                        : MainThread     : DEBUG   : ru_finalize_common()
2018-01-24 19:58:16,606: update.0.child      : update.0                        : MainThread     : DEBUG   : TERM : update.0.child unregister publisher log_pubsub
2018-01-24 19:58:16,607: update.0.child      : update.0                        : MainThread     : DEBUG   : unregistered publisher log_pubsub
2018-01-24 19:58:16,607: update.0.child      : update.0                        : MainThread     : DEBUG   : TERM : update.0.child unregister publisher state_pubsub
2018-01-24 19:58:16,608: update.0.child      : update.0                        : MainThread     : DEBUG   : unregistered publisher state_pubsub
2018-01-24 19:58:16,608: update.0.child      : update.0                        : MainThread     : DEBUG   : TERM : update.0.child unregister publisher control_pubsub
2018-01-24 19:58:16,609: update.0.child      : update.0                        : MainThread     : DEBUG   : unregistered publisher control_pubsub
2018-01-24 19:58:16,609: update.0.child      : update.0                        : MainThread     : DEBUG   : update.0.child close prof
2018-01-24 19:58:16,767: update.0.child      : update.0                        : MainThread     : INFO    : parent stops child
2018-01-24 19:58:16,767: update.0.child      : update.0                        : MainThread     : DEBUG   : ru_finalize_parent (NOOP)
2018-01-24 19:58:16,767: update.0.child      : update.0                        : MainThread     : DEBUG   : ru_finalize_common (NOOP)
2018-01-24 19:58:16,767: update.0.child      : update.0                        : MainThread     : INFO    : parent stops child
2018-01-24 19:58:16,767: update.0.child      : update.0                        : MainThread     : DEBUG   : ru_finalize_parent (NOOP)
2018-01-24 19:58:16,768: update.0.child      : update.0                        : update.0.child.subscriber._cancel_monitor_cb: DEBUG   : ru_finalize_child (NOOP)
2018-01-24 19:58:16,768: update.0.child      : update.0                        : update.0.child.subscriber._cancel_monitor_cb: INFO    : put message: [update.0.child.subscriber._cancel_monitor_cb.thread] terminating
2018-01-24 19:58:16,769: update.0.child      : update.0                        : MainThread     : INFO    : parent stops child
2018-01-24 19:58:16,769: update.0.child      : update.0                        : MainThread     : DEBUG   : ru_finalize_parent (NOOP)
2018-01-24 19:58:16,769: update.0.child      : update.0                        : update.0.child.subscriber._state_cb: DEBUG   : ru_finalize_child (NOOP)
2018-01-24 19:58:16,770: update.0.child      : update.0                        : update.0.child.subscriber._state_cb: INFO    : put message: [update.0.child.subscriber._state_cb.thread] terminating
2018-01-24 19:58:16,770: update.0.child      : update.0                        : MainThread     : INFO    : parent stops child
2018-01-24 19:58:16,770: update.0.child      : update.0                        : MainThread     : WARNING : super update.0.child is invalid
2018-01-24 19:58:16,770: update.0.child      : update.0                        : MainThread     : WARNING : component update.0.child is invalid
2018-01-24 19:58:16,772: update.0.child      : update.0                        : MainThread     : INFO    : stop update.0.child (3866 : 3866 : MainThread) [radical.pilot.worker.update.Update.stop]
2018-01-24 19:58:16,772: update.0.child      : update.0                        : MainThread     : DEBUG   : TERM : update.0.child unregister idler update.0.child.idler._idle_cb
2018-01-24 19:58:16,772: update.0.child      : update.0                        : MainThread     : WARNING : timed cb update.0.child.idler._idle_cb is not registered
2018-01-24 19:58:16,772: update.0.child      : update.0                        : MainThread     : DEBUG   : TERM : update.0.child unregister subscriber update.0.child.subscriber._state_cb
2018-01-24 19:58:16,772: update.0.child      : update.0                        : MainThread     : WARNING : subscriber _state_cb is not registered
2018-01-24 19:58:16,772: update.0.child      : update.0                        : MainThread     : DEBUG   : ru_finalize_common()
2018-01-24 19:58:16,772: update.0.child      : update.0                        : MainThread     : WARNING : publisher log_pubsub is not registered
2018-01-24 19:58:16,772: update.0.child      : update.0                        : MainThread     : WARNING : publisher state_pubsub is not registered
2018-01-24 19:58:16,772: update.0.child      : update.0                        : MainThread     : WARNING : publisher control_pubsub is not registered
2018-01-24 19:58:16,773: update.0.child      : update.0                        : MainThread     : DEBUG   : update.0.child close prof
2018-01-24 19:58:16,773: update.0.child      : update.0                        : MainThread     : INFO    : send message: [update.0.child] terminating
2018-01-24 19:58:16,773: update.0.child      : update.0                        : MainThread     : WARNING : send failed ([Errno 9] Bad file descriptor) - terminate
2018-01-24 19:58:16,773: update.0.child      : update.0                        : MainThread     : INFO    : parent stops child
2018-01-24 19:58:16,773: update.0.child      : update.0                        : MainThread     : INFO    : parent stops child
2018-01-24 19:58:16,773: update.0.child      : update.0                        : MainThread     : INFO    : parent stops child
