2017-12-18 22:14:03,146: control.pubsub.pub.0004: umgr.0000.staging.output.0      : MainThread     : INFO    : python.interpreter   version: 2.7.12 (default, Nov 20 2017, 18:23:56) [GCC 5.4.0 20160609]
2017-12-18 22:14:03,147: control.pubsub.pub.0004: umgr.0000.staging.output.0      : MainThread     : INFO    :                      pid: 25595
2017-12-18 22:14:03,147: control.pubsub.pub.0004: umgr.0000.staging.output.0      : MainThread     : INFO    :                      tid: MainThread
2017-12-18 22:14:03,147: control.pubsub.pub.0004: umgr.0000.staging.output.0      : MainThread     : INFO    : radical.pilot        version: 0.47.1
2017-12-18 22:14:03,147: control.pubsub.pub.0004: umgr.0000.staging.output.0      : MainThread     : INFO    : create control_pubsub - pub - tcp://172.30.238.6:39495
2017-12-18 22:14:03,147: control.pubsub.pub.0004: umgr.0000.staging.output.0      : MainThread     : DEBUG   : start process
2017-12-18 22:14:03,148: control.pubsub.pub.0004: umgr.0000.staging.output.0      : MainThread     : DEBUG   : ru_initialize_common (NOOP)
2017-12-18 22:14:03,148: control.pubsub.pub.0004: umgr.0000.staging.output.0      : MainThread     : DEBUG   : ru_initialize_parent (NOOP)
2017-12-18 22:14:03,148: control.pubsub.pub.0004: umgr.0000.staging.output.0      : MainThread     : DEBUG   : process class started (no child)
2017-12-18 22:14:03,173: control.pubsub.pub.0004: task-manager                    : MainThread     : INFO    : python.interpreter   version: 2.7.12 (default, Nov 20 2017, 18:23:56) [GCC 5.4.0 20160609]
2017-12-18 22:14:03,173: control.pubsub.pub.0004: task-manager                    : MainThread     : INFO    :                      pid: 25438
2017-12-18 22:14:03,173: control.pubsub.pub.0004: task-manager                    : MainThread     : INFO    :                      tid: MainThread
2017-12-18 22:14:03,173: control.pubsub.pub.0004: task-manager                    : MainThread     : INFO    : radical.pilot        version: 0.47.1
2017-12-18 22:14:03,174: control.pubsub.pub.0004: task-manager                    : MainThread     : INFO    : create control_pubsub - pub - tcp://172.30.238.6:39495
2017-12-18 22:14:03,174: control.pubsub.pub.0004: task-manager                    : MainThread     : DEBUG   : start process
2017-12-18 22:14:03,174: control.pubsub.pub.0004: task-manager                    : MainThread     : DEBUG   : ru_initialize_common (NOOP)
2017-12-18 22:14:03,174: control.pubsub.pub.0004: task-manager                    : MainThread     : DEBUG   : ru_initialize_parent (NOOP)
2017-12-18 22:14:03,174: control.pubsub.pub.0004: task-manager                    : MainThread     : DEBUG   : process class started (no child)
2017-12-18 22:24:09,691: control.pubsub.pub.0004: umgr.0000.staging.output.0      : MainThread     : INFO    : parent stops child  25595 -> None [control.pubsub.pub.0004]
2017-12-18 22:24:09,691: control.pubsub.pub.0004: umgr.0000.staging.output.0      : MainThread     : DEBUG   : ru_finalize_parent (NOOP)
