2017-12-18 22:12:43,212: control.pubsub.sub.0000: update.0                        : MainThread     : INFO    : python.interpreter   version: 2.7.12 (default, Nov 20 2017, 18:23:56) [GCC 5.4.0 20160609]
2017-12-18 22:12:43,212: control.pubsub.sub.0000: update.0                        : MainThread     : INFO    :                      pid: 23969
2017-12-18 22:12:43,212: control.pubsub.sub.0000: update.0                        : MainThread     : INFO    :                      tid: MainThread
2017-12-18 22:12:43,212: control.pubsub.sub.0000: update.0                        : MainThread     : INFO    : radical.pilot        version: 0.47.1
2017-12-18 22:12:43,213: control.pubsub.sub.0000: update.0                        : MainThread     : INFO    : create control_pubsub - sub - tcp://172.30.238.6:39559
2017-12-18 22:12:43,213: control.pubsub.sub.0000: update.0                        : MainThread     : DEBUG   : start process
2017-12-18 22:12:43,213: control.pubsub.sub.0000: update.0                        : MainThread     : DEBUG   : ru_initialize_common (NOOP)
2017-12-18 22:12:43,213: control.pubsub.sub.0000: update.0                        : MainThread     : DEBUG   : ru_initialize_parent (NOOP)
2017-12-18 22:12:43,214: control.pubsub.sub.0000: update.0                        : MainThread     : DEBUG   : process class started (no child)
2017-12-18 22:12:46,826: control.pubsub.sub.0000: pmgr.0000.launching.0           : MainThread     : INFO    : python.interpreter   version: 2.7.12 (default, Nov 20 2017, 18:23:56) [GCC 5.4.0 20160609]
2017-12-18 22:12:46,826: control.pubsub.sub.0000: pmgr.0000.launching.0           : MainThread     : INFO    :                      pid: 24059
2017-12-18 22:12:46,826: control.pubsub.sub.0000: pmgr.0000.launching.0           : MainThread     : INFO    :                      tid: MainThread
2017-12-18 22:12:46,827: control.pubsub.sub.0000: pmgr.0000.launching.0           : MainThread     : INFO    : radical.pilot        version: 0.47.1
2017-12-18 22:12:46,827: control.pubsub.sub.0000: pmgr.0000.launching.0           : MainThread     : INFO    : create control_pubsub - sub - tcp://172.30.238.6:39559
2017-12-18 22:12:46,850: control.pubsub.sub.0000: pmgr.0000.launching.0           : MainThread     : DEBUG   : start process
2017-12-18 22:12:46,850: control.pubsub.sub.0000: pmgr.0000.launching.0           : MainThread     : DEBUG   : ru_initialize_common (NOOP)
2017-12-18 22:12:46,850: control.pubsub.sub.0000: pmgr.0000.launching.0           : MainThread     : DEBUG   : ru_initialize_parent (NOOP)
2017-12-18 22:12:46,850: control.pubsub.sub.0000: pmgr.0000.launching.0           : MainThread     : DEBUG   : process class started (no child)
2017-12-18 22:12:46,923: control.pubsub.sub.0000: MainProcess                     : MainThread     : INFO    : python.interpreter   version: 2.7.12 (default, Nov 20 2017, 18:23:56) [GCC 5.4.0 20160609]
2017-12-18 22:12:46,923: control.pubsub.sub.0000: MainProcess                     : MainThread     : INFO    :                      pid: 23832
2017-12-18 22:12:46,923: control.pubsub.sub.0000: MainProcess                     : MainThread     : INFO    :                      tid: MainThread
2017-12-18 22:12:46,923: control.pubsub.sub.0000: MainProcess                     : MainThread     : INFO    : radical.pilot        version: 0.47.1
2017-12-18 22:12:46,923: control.pubsub.sub.0000: MainProcess                     : MainThread     : INFO    : create control_pubsub - sub - tcp://172.30.238.6:39559
2017-12-18 22:12:46,924: control.pubsub.sub.0000: MainProcess                     : MainThread     : DEBUG   : start process
2017-12-18 22:12:46,924: control.pubsub.sub.0000: MainProcess                     : MainThread     : DEBUG   : ru_initialize_common (NOOP)
2017-12-18 22:12:46,924: control.pubsub.sub.0000: MainProcess                     : MainThread     : DEBUG   : ru_initialize_parent (NOOP)
2017-12-18 22:12:46,924: control.pubsub.sub.0000: MainProcess                     : MainThread     : DEBUG   : process class started (no child)
2017-12-18 22:24:15,570: control.pubsub.sub.0000: MainProcess                     : MainThread     : INFO    : parent stops child  23832 -> None [control.pubsub.sub.0000]
2017-12-18 22:24:15,570: control.pubsub.sub.0000: MainProcess                     : MainThread     : DEBUG   : ru_finalize_parent (NOOP)
2017-12-18 22:24:15,868: control.pubsub.sub.0000: update.0                        : MainThread     : INFO    : parent stops child  23969 -> None [control.pubsub.sub.0000]
2017-12-18 22:24:15,868: control.pubsub.sub.0000: update.0                        : MainThread     : DEBUG   : ru_finalize_parent (NOOP)
