2017-12-18 22:12:39,242: rp.session.js-17-212.jetstream-cloud.org.vivek91.017519.0108: MainProcess                     : MainThread     : INFO    : python.interpreter   version: 2.7.12 (default, Nov 20 2017, 18:23:56) [GCC 5.4.0 20160609]
2017-12-18 22:12:39,243: rp.session.js-17-212.jetstream-cloud.org.vivek91.017519.0108: MainProcess                     : MainThread     : INFO    :                      pid: 23832
2017-12-18 22:12:39,243: rp.session.js-17-212.jetstream-cloud.org.vivek91.017519.0108: MainProcess                     : MainThread     : INFO    :                      tid: MainThread
2017-12-18 22:12:39,243: rp.session.js-17-212.jetstream-cloud.org.vivek91.017519.0108: MainProcess                     : MainThread     : INFO    : radical.pilot        version: 0.47.1
2017-12-18 22:12:39,243: rp.session.js-17-212.jetstream-cloud.org.vivek91.017519.0108: MainProcess                     : MainThread     : INFO    : using database mongodb://entk:entk@ds141406.mlab.com:41406/adap-task-count
2017-12-18 22:12:40,285: rp.session.js-17-212.jetstream-cloud.org.vivek91.017519.0108: MainProcess                     : MainThread     : INFO    : Load resource configurations from /home/vivek91/ves/paper-adap/local/lib/python2.7/site-packages/radical/pilot/configs/resource_ncsa.json
2017-12-18 22:12:40,298: rp.session.js-17-212.jetstream-cloud.org.vivek91.017519.0108: MainProcess                     : MainThread     : INFO    : Load resource configurations for ncsa.bw_orte
2017-12-18 22:12:40,298: rp.session.js-17-212.jetstream-cloud.org.vivek91.017519.0108: MainProcess                     : MainThread     : INFO    : Load resource configurations for ncsa.bw_ccm_ssh
2017-12-18 22:12:40,299: rp.session.js-17-212.jetstream-cloud.org.vivek91.017519.0108: MainProcess                     : MainThread     : INFO    : Load resource configurations for ncsa.bw_ortelib
2017-12-18 22:12:40,300: rp.session.js-17-212.jetstream-cloud.org.vivek91.017519.0108: MainProcess                     : MainThread     : INFO    : Load resource configurations for ncsa.bw_aprun
2017-12-18 22:12:40,300: rp.session.js-17-212.jetstream-cloud.org.vivek91.017519.0108: MainProcess                     : MainThread     : INFO    : Load resource configurations for ncsa.bw_local_orte
2017-12-18 22:12:40,301: rp.session.js-17-212.jetstream-cloud.org.vivek91.017519.0108: MainProcess                     : MainThread     : INFO    : Load resource configurations from /home/vivek91/ves/paper-adap/local/lib/python2.7/site-packages/radical/pilot/configs/resource_iu.json
2017-12-18 22:12:40,306: rp.session.js-17-212.jetstream-cloud.org.vivek91.017519.0108: MainProcess                     : MainThread     : INFO    : Load resource configurations for iu.bigred2_ccm_ssh
2017-12-18 22:12:40,306: rp.session.js-17-212.jetstream-cloud.org.vivek91.017519.0108: MainProcess                     : MainThread     : INFO    : Load resource configurations for iu.bigred2_aprun
2017-12-18 22:12:40,307: rp.session.js-17-212.jetstream-cloud.org.vivek91.017519.0108: MainProcess                     : MainThread     : INFO    : Load resource configurations from /home/vivek91/ves/paper-adap/local/lib/python2.7/site-packages/radical/pilot/configs/resource_osg.json
2017-12-18 22:12:40,311: rp.session.js-17-212.jetstream-cloud.org.vivek91.017519.0108: MainProcess                     : MainThread     : INFO    : Load resource configurations for osg.xsede-virt-clust
2017-12-18 22:12:40,312: rp.session.js-17-212.jetstream-cloud.org.vivek91.017519.0108: MainProcess                     : MainThread     : INFO    : Load resource configurations for osg.connect
2017-12-18 22:12:40,313: rp.session.js-17-212.jetstream-cloud.org.vivek91.017519.0108: MainProcess                     : MainThread     : INFO    : Load resource configurations from /home/vivek91/ves/paper-adap/local/lib/python2.7/site-packages/radical/pilot/configs/resource_yale.json
2017-12-18 22:12:40,315: rp.session.js-17-212.jetstream-cloud.org.vivek91.017519.0108: MainProcess                     : MainThread     : INFO    : Load resource configurations for yale.grace_ssh
2017-12-18 22:12:40,315: rp.session.js-17-212.jetstream-cloud.org.vivek91.017519.0108: MainProcess                     : MainThread     : INFO    : Load resource configurations from /home/vivek91/ves/paper-adap/local/lib/python2.7/site-packages/radical/pilot/configs/resource_lumc.json
2017-12-18 22:12:40,319: rp.session.js-17-212.jetstream-cloud.org.vivek91.017519.0108: MainProcess                     : MainThread     : INFO    : Load resource configurations for lumc.gb-ui_ssh
2017-12-18 22:12:40,320: rp.session.js-17-212.jetstream-cloud.org.vivek91.017519.0108: MainProcess                     : MainThread     : INFO    : Load resource configurations for lumc.shark_ssh
2017-12-18 22:12:40,321: rp.session.js-17-212.jetstream-cloud.org.vivek91.017519.0108: MainProcess                     : MainThread     : INFO    : Load resource configurations from /home/vivek91/ves/paper-adap/local/lib/python2.7/site-packages/radical/pilot/configs/resource_ornl.json
2017-12-18 22:12:40,327: rp.session.js-17-212.jetstream-cloud.org.vivek91.017519.0108: MainProcess                     : MainThread     : INFO    : Load resource configurations for ornl.titan_orte
2017-12-18 22:12:40,328: rp.session.js-17-212.jetstream-cloud.org.vivek91.017519.0108: MainProcess                     : MainThread     : INFO    : Load resource configurations for ornl.titan_aprun
2017-12-18 22:12:40,329: rp.session.js-17-212.jetstream-cloud.org.vivek91.017519.0108: MainProcess                     : MainThread     : INFO    : Load resource configurations for ornl.titan_ortelib
2017-12-18 22:12:40,329: rp.session.js-17-212.jetstream-cloud.org.vivek91.017519.0108: MainProcess                     : MainThread     : INFO    : Load resource configurations from /home/vivek91/ves/paper-adap/local/lib/python2.7/site-packages/radical/pilot/configs/resource_stfc.json
2017-12-18 22:12:40,331: rp.session.js-17-212.jetstream-cloud.org.vivek91.017519.0108: MainProcess                     : MainThread     : INFO    : Load resource configurations for stfc.joule_runjob
2017-12-18 22:12:40,332: rp.session.js-17-212.jetstream-cloud.org.vivek91.017519.0108: MainProcess                     : MainThread     : INFO    : Load resource configurations from /home/vivek91/ves/paper-adap/local/lib/python2.7/site-packages/radical/pilot/configs/resource_radical.json
2017-12-18 22:12:40,337: rp.session.js-17-212.jetstream-cloud.org.vivek91.017519.0108: MainProcess                     : MainThread     : INFO    : Load resource configurations for radical.two
2017-12-18 22:12:40,338: rp.session.js-17-212.jetstream-cloud.org.vivek91.017519.0108: MainProcess                     : MainThread     : INFO    : Load resource configurations for radical.tutorial
2017-12-18 22:12:40,338: rp.session.js-17-212.jetstream-cloud.org.vivek91.017519.0108: MainProcess                     : MainThread     : INFO    : Load resource configurations for radical.one
2017-12-18 22:12:40,338: rp.session.js-17-212.jetstream-cloud.org.vivek91.017519.0108: MainProcess                     : MainThread     : INFO    : Load resource configurations from /home/vivek91/ves/paper-adap/local/lib/python2.7/site-packages/radical/pilot/configs/resource_das4.json
2017-12-18 22:12:40,340: rp.session.js-17-212.jetstream-cloud.org.vivek91.017519.0108: MainProcess                     : MainThread     : INFO    : Load resource configurations for das4.fs2_ssh
2017-12-18 22:12:40,341: rp.session.js-17-212.jetstream-cloud.org.vivek91.017519.0108: MainProcess                     : MainThread     : INFO    : Load resource configurations from /home/vivek91/ves/paper-adap/local/lib/python2.7/site-packages/radical/pilot/configs/resource_nersc.json
2017-12-18 22:12:40,351: rp.session.js-17-212.jetstream-cloud.org.vivek91.017519.0108: MainProcess                     : MainThread     : INFO    : Load resource configurations for nersc.edison_ccm_ssh
2017-12-18 22:12:40,352: rp.session.js-17-212.jetstream-cloud.org.vivek91.017519.0108: MainProcess                     : MainThread     : INFO    : Load resource configurations for nersc.hopper_orte
2017-12-18 22:12:40,353: rp.session.js-17-212.jetstream-cloud.org.vivek91.017519.0108: MainProcess                     : MainThread     : INFO    : Load resource configurations for nersc.hopper_ccm_ssh
2017-12-18 22:12:40,353: rp.session.js-17-212.jetstream-cloud.org.vivek91.017519.0108: MainProcess                     : MainThread     : INFO    : Load resource configurations for nersc.edison_aprun
2017-12-18 22:12:40,353: rp.session.js-17-212.jetstream-cloud.org.vivek91.017519.0108: MainProcess                     : MainThread     : INFO    : Load resource configurations for nersc.hopper_aprun
2017-12-18 22:12:40,354: rp.session.js-17-212.jetstream-cloud.org.vivek91.017519.0108: MainProcess                     : MainThread     : INFO    : Load resource configurations for nersc.edison_orte
2017-12-18 22:12:40,354: rp.session.js-17-212.jetstream-cloud.org.vivek91.017519.0108: MainProcess                     : MainThread     : INFO    : Load resource configurations from /home/vivek91/ves/paper-adap/local/lib/python2.7/site-packages/radical/pilot/configs/resource_xsede.json
2017-12-18 22:12:40,390: rp.session.js-17-212.jetstream-cloud.org.vivek91.017519.0108: MainProcess                     : MainThread     : INFO    : Load resource configurations for xsede.gordon_ssh
2017-12-18 22:12:40,390: rp.session.js-17-212.jetstream-cloud.org.vivek91.017519.0108: MainProcess                     : MainThread     : INFO    : Load resource configurations for xsede.lonestar_ssh
2017-12-18 22:12:40,390: rp.session.js-17-212.jetstream-cloud.org.vivek91.017519.0108: MainProcess                     : MainThread     : INFO    : Load resource configurations for xsede.supermic_spark
2017-12-18 22:12:40,391: rp.session.js-17-212.jetstream-cloud.org.vivek91.017519.0108: MainProcess                     : MainThread     : INFO    : Load resource configurations for xsede.wrangler_yarn
2017-12-18 22:12:40,391: rp.session.js-17-212.jetstream-cloud.org.vivek91.017519.0108: MainProcess                     : MainThread     : INFO    : Load resource configurations for xsede.blacklight_ssh
2017-12-18 22:12:40,392: rp.session.js-17-212.jetstream-cloud.org.vivek91.017519.0108: MainProcess                     : MainThread     : INFO    : Load resource configurations for xsede.stampede_ortelib
2017-12-18 22:12:40,392: rp.session.js-17-212.jetstream-cloud.org.vivek91.017519.0108: MainProcess                     : MainThread     : INFO    : Load resource configurations for xsede.stampede_yarn
2017-12-18 22:12:40,392: rp.session.js-17-212.jetstream-cloud.org.vivek91.017519.0108: MainProcess                     : MainThread     : INFO    : Load resource configurations for xsede.stampede_ssh
2017-12-18 22:12:40,393: rp.session.js-17-212.jetstream-cloud.org.vivek91.017519.0108: MainProcess                     : MainThread     : INFO    : Load resource configurations for xsede.greenfield
2017-12-18 22:12:40,393: rp.session.js-17-212.jetstream-cloud.org.vivek91.017519.0108: MainProcess                     : MainThread     : INFO    : Load resource configurations for xsede.bridges
2017-12-18 22:12:40,394: rp.session.js-17-212.jetstream-cloud.org.vivek91.017519.0108: MainProcess                     : MainThread     : INFO    : Load resource configurations for xsede.trestles_ssh
2017-12-18 22:12:40,394: rp.session.js-17-212.jetstream-cloud.org.vivek91.017519.0108: MainProcess                     : MainThread     : INFO    : Load resource configurations for xsede.supermic_ortelib
2017-12-18 22:12:40,394: rp.session.js-17-212.jetstream-cloud.org.vivek91.017519.0108: MainProcess                     : MainThread     : INFO    : Load resource configurations for xsede.stampede2_ssh
2017-12-18 22:12:40,395: rp.session.js-17-212.jetstream-cloud.org.vivek91.017519.0108: MainProcess                     : MainThread     : INFO    : Load resource configurations for xsede.supermic_ssh
2017-12-18 22:12:40,395: rp.session.js-17-212.jetstream-cloud.org.vivek91.017519.0108: MainProcess                     : MainThread     : INFO    : Load resource configurations for xsede.wrangler_ssh
2017-12-18 22:12:40,396: rp.session.js-17-212.jetstream-cloud.org.vivek91.017519.0108: MainProcess                     : MainThread     : INFO    : Load resource configurations for xsede.supermic_orte
2017-12-18 22:12:40,396: rp.session.js-17-212.jetstream-cloud.org.vivek91.017519.0108: MainProcess                     : MainThread     : INFO    : Load resource configurations for xsede.wrangler_spark
2017-12-18 22:12:40,396: rp.session.js-17-212.jetstream-cloud.org.vivek91.017519.0108: MainProcess                     : MainThread     : INFO    : Load resource configurations for xsede.stampede_orte
2017-12-18 22:12:40,397: rp.session.js-17-212.jetstream-cloud.org.vivek91.017519.0108: MainProcess                     : MainThread     : INFO    : Load resource configurations for xsede.comet_ortelib
2017-12-18 22:12:40,397: rp.session.js-17-212.jetstream-cloud.org.vivek91.017519.0108: MainProcess                     : MainThread     : INFO    : Load resource configurations for xsede.comet_orte
2017-12-18 22:12:40,397: rp.session.js-17-212.jetstream-cloud.org.vivek91.017519.0108: MainProcess                     : MainThread     : INFO    : Load resource configurations for xsede.comet_spark
2017-12-18 22:12:40,398: rp.session.js-17-212.jetstream-cloud.org.vivek91.017519.0108: MainProcess                     : MainThread     : INFO    : Load resource configurations for xsede.comet_ssh
2017-12-18 22:12:40,398: rp.session.js-17-212.jetstream-cloud.org.vivek91.017519.0108: MainProcess                     : MainThread     : INFO    : Load resource configurations for xsede.stampede_spark
2017-12-18 22:12:40,399: rp.session.js-17-212.jetstream-cloud.org.vivek91.017519.0108: MainProcess                     : MainThread     : INFO    : Load resource configurations from /home/vivek91/ves/paper-adap/local/lib/python2.7/site-packages/radical/pilot/configs/resource_chameleon.json
2017-12-18 22:12:40,400: rp.session.js-17-212.jetstream-cloud.org.vivek91.017519.0108: MainProcess                     : MainThread     : INFO    : Load resource configurations for chameleon.cloud_vm_yarn
2017-12-18 22:12:40,400: rp.session.js-17-212.jetstream-cloud.org.vivek91.017519.0108: MainProcess                     : MainThread     : INFO    : Load resource configurations from /home/vivek91/ves/paper-adap/local/lib/python2.7/site-packages/radical/pilot/configs/resource_epsrc.json
2017-12-18 22:12:40,403: rp.session.js-17-212.jetstream-cloud.org.vivek91.017519.0108: MainProcess                     : MainThread     : INFO    : Load resource configurations for epsrc.archer_orte
2017-12-18 22:12:40,404: rp.session.js-17-212.jetstream-cloud.org.vivek91.017519.0108: MainProcess                     : MainThread     : INFO    : Load resource configurations for epsrc.archer_aprun
2017-12-18 22:12:40,404: rp.session.js-17-212.jetstream-cloud.org.vivek91.017519.0108: MainProcess                     : MainThread     : INFO    : Load resource configurations from /home/vivek91/ves/paper-adap/local/lib/python2.7/site-packages/radical/pilot/configs/resource_futuregrid.json
2017-12-18 22:12:40,411: rp.session.js-17-212.jetstream-cloud.org.vivek91.017519.0108: MainProcess                     : MainThread     : INFO    : Load resource configurations for futuregrid.delta_ssh
2017-12-18 22:12:40,412: rp.session.js-17-212.jetstream-cloud.org.vivek91.017519.0108: MainProcess                     : MainThread     : INFO    : Load resource configurations for futuregrid.india_ssh
2017-12-18 22:12:40,412: rp.session.js-17-212.jetstream-cloud.org.vivek91.017519.0108: MainProcess                     : MainThread     : INFO    : Load resource configurations for futuregrid.echo_ssh
2017-12-18 22:12:40,412: rp.session.js-17-212.jetstream-cloud.org.vivek91.017519.0108: MainProcess                     : MainThread     : INFO    : Load resource configurations for futuregrid.xray_ccm
2017-12-18 22:12:40,413: rp.session.js-17-212.jetstream-cloud.org.vivek91.017519.0108: MainProcess                     : MainThread     : INFO    : Load resource configurations for futuregrid.bravo_ssh
2017-12-18 22:12:40,413: rp.session.js-17-212.jetstream-cloud.org.vivek91.017519.0108: MainProcess                     : MainThread     : INFO    : Load resource configurations for futuregrid.xray_aprun
2017-12-18 22:12:40,413: rp.session.js-17-212.jetstream-cloud.org.vivek91.017519.0108: MainProcess                     : MainThread     : INFO    : Load resource configurations from /home/vivek91/ves/paper-adap/local/lib/python2.7/site-packages/radical/pilot/configs/resource_local.json
2017-12-18 22:12:40,421: rp.session.js-17-212.jetstream-cloud.org.vivek91.017519.0108: MainProcess                     : MainThread     : INFO    : Load resource configurations for local.localhost_orte
2017-12-18 22:12:40,421: rp.session.js-17-212.jetstream-cloud.org.vivek91.017519.0108: MainProcess                     : MainThread     : INFO    : Load resource configurations for local.localhost_anaconda
2017-12-18 22:12:40,422: rp.session.js-17-212.jetstream-cloud.org.vivek91.017519.0108: MainProcess                     : MainThread     : INFO    : Load resource configurations for local.localhost_ortelib
2017-12-18 22:12:40,422: rp.session.js-17-212.jetstream-cloud.org.vivek91.017519.0108: MainProcess                     : MainThread     : INFO    : Load resource configurations for local.localhost
2017-12-18 22:12:40,422: rp.session.js-17-212.jetstream-cloud.org.vivek91.017519.0108: MainProcess                     : MainThread     : INFO    : Load resource configurations for local.localhost_spark
2017-12-18 22:12:40,423: rp.session.js-17-212.jetstream-cloud.org.vivek91.017519.0108: MainProcess                     : MainThread     : INFO    : Load resource configurations for local.localhost_spark_anaconda
2017-12-18 22:12:40,423: rp.session.js-17-212.jetstream-cloud.org.vivek91.017519.0108: MainProcess                     : MainThread     : INFO    : Load resource configurations for local.localhost_yarn
2017-12-18 22:12:40,423: rp.session.js-17-212.jetstream-cloud.org.vivek91.017519.0108: MainProcess                     : MainThread     : INFO    : Load resource configurations from /home/vivek91/ves/paper-adap/local/lib/python2.7/site-packages/radical/pilot/configs/resource_aliases.json
2017-12-18 22:12:40,424: rp.session.js-17-212.jetstream-cloud.org.vivek91.017519.0108: MainProcess                     : MainThread     : INFO    : Load resource configurations from /home/vivek91/ves/paper-adap/local/lib/python2.7/site-packages/radical/pilot/configs/resource_lrz.json
2017-12-18 22:12:40,425: rp.session.js-17-212.jetstream-cloud.org.vivek91.017519.0108: MainProcess                     : MainThread     : INFO    : Load resource configurations for lrz.supermuc_ssh
2017-12-18 22:12:40,425: rp.session.js-17-212.jetstream-cloud.org.vivek91.017519.0108: MainProcess                     : MainThread     : INFO    : Load resource configurations from /home/vivek91/ves/paper-adap/local/lib/python2.7/site-packages/radical/pilot/configs/resource_rice.json
2017-12-18 22:12:40,427: rp.session.js-17-212.jetstream-cloud.org.vivek91.017519.0108: MainProcess                     : MainThread     : INFO    : Load resource configurations for rice.davinci_ssh
2017-12-18 22:12:40,428: rp.session.js-17-212.jetstream-cloud.org.vivek91.017519.0108: MainProcess                     : MainThread     : INFO    : Load resource configurations for rice.biou_ssh
2017-12-18 22:12:40,428: rp.session.js-17-212.jetstream-cloud.org.vivek91.017519.0108: MainProcess                     : MainThread     : INFO    : Load resource configurations from /home/vivek91/ves/paper-adap/local/lib/python2.7/site-packages/radical/pilot/configs/resource_ncar.json
2017-12-18 22:12:40,429: rp.session.js-17-212.jetstream-cloud.org.vivek91.017519.0108: MainProcess                     : MainThread     : INFO    : Load resource configurations for ncar.yellowstone_ssh
2017-12-18 22:12:40,430: rp.session.js-17-212.jetstream-cloud.org.vivek91.017519.0108: MainProcess                     : MainThread     : INFO    : Load resource configurations from /home/vivek91/ves/paper-adap/local/lib/python2.7/site-packages/radical/pilot/configs/resource_das5.json
2017-12-18 22:12:40,431: rp.session.js-17-212.jetstream-cloud.org.vivek91.017519.0108: MainProcess                     : MainThread     : INFO    : Load resource configurations for das5.fs1_ssh
2017-12-18 22:12:40,431: rp.session.js-17-212.jetstream-cloud.org.vivek91.017519.0108: MainProcess                     : MainThread     : INFO    : Load resource configurations from /home/vivek91/ves/paper-adap/local/lib/python2.7/site-packages/radical/pilot/configs/resource_fub.json
2017-12-18 22:12:40,433: rp.session.js-17-212.jetstream-cloud.org.vivek91.017519.0108: MainProcess                     : MainThread     : INFO    : Load resource configurations for fub.allegro_rsh
2017-12-18 22:12:41,020: rp.session.js-17-212.jetstream-cloud.org.vivek91.017519.0108: MainProcess                     : MainThread     : INFO    : New Session created: rp.session.js-17-212.jetstream-cloud.org.vivek91.017519.0108.
2017-12-18 22:12:41,021: rp.session.js-17-212.jetstream-cloud.org.vivek91.017519.0108: MainProcess                     : MainThread     : DEBUG   : start bridges   : {u'control_pubsub': {u'bulk_size': 0, u'log_level': u'debug', u'stall_hwm': 1},
 u'log_pubsub': {u'bulk_size': 0, u'log_level': u'debug', u'stall_hwm': 1},
 u'state_pubsub': {u'bulk_size': 0, u'log_level': u'debug', u'stall_hwm': 1}}
2017-12-18 22:12:41,021: rp.session.js-17-212.jetstream-cloud.org.vivek91.017519.0108: MainProcess                     : MainThread     : INFO    : create bridge control_pubsub
2017-12-18 22:12:41,047: rp.session.js-17-212.jetstream-cloud.org.vivek91.017519.0108: MainProcess                     : MainThread     : INFO    : created bridge control_pubsub (control.pubsub.bridge.0000)
2017-12-18 22:12:41,048: rp.session.js-17-212.jetstream-cloud.org.vivek91.017519.0108: MainProcess                     : MainThread     : INFO    : create bridge state_pubsub
2017-12-18 22:12:41,070: rp.session.js-17-212.jetstream-cloud.org.vivek91.017519.0108: MainProcess                     : MainThread     : INFO    : created bridge state_pubsub (state.pubsub.bridge.0000)
2017-12-18 22:12:41,070: rp.session.js-17-212.jetstream-cloud.org.vivek91.017519.0108: MainProcess                     : MainThread     : INFO    : create bridge log_pubsub
2017-12-18 22:12:41,092: rp.session.js-17-212.jetstream-cloud.org.vivek91.017519.0108: MainProcess                     : MainThread     : INFO    : created bridge log_pubsub (log.pubsub.bridge.0000)
2017-12-18 22:12:41,093: rp.session.js-17-212.jetstream-cloud.org.vivek91.017519.0108: MainProcess                     : MainThread     : DEBUG   : start components: {u'UpdateWorker': {u'count': 1}}
2017-12-18 22:12:41,093: rp.session.js-17-212.jetstream-cloud.org.vivek91.017519.0108: MainProcess                     : MainThread     : DEBUG   : start 1 component(s) UpdateWorker
2017-12-18 22:12:43,586: rp.session.js-17-212.jetstream-cloud.org.vivek91.017519.0108: MainProcess                     : MainThread     : INFO    : rp.session.js-17-212.jetstream-cloud.org.vivek91.017519.0108 starts update.0
2017-12-18 22:12:47,034: rp.session.js-17-212.jetstream-cloud.org.vivek91.017519.0108: MainProcess                     : MainThread     : WARNING : using alias 'xsede.supermic_ssh' for deprecated resource key 'xsede.supermic'
2017-12-18 22:12:47,035: rp.session.js-17-212.jetstream-cloud.org.vivek91.017519.0108: MainProcess                     : MainThread     : WARNING : using alias 'xsede.supermic_ssh' for deprecated resource key 'xsede.supermic'
2017-12-18 22:12:47,035: rp.session.js-17-212.jetstream-cloud.org.vivek91.017519.0108: MainProcess                     : MainThread     : DEBUG   : rsup.PTYShell('gsissh://supermic.cct-lsu.xsede.org:2222/')
2017-12-18 22:12:50,416: rp.session.js-17-212.jetstream-cloud.org.vivek91.017519.0108: MainProcess                     : MainThread     : DEBUG   : sandbox base gsissh://supermic.cct-lsu.xsede.org:2222/: '/work/vivek91'
2017-12-18 22:12:50,567: rp.session.js-17-212.jetstream-cloud.org.vivek91.017519.0108: MainProcess                     : MainThread     : DEBUG   : bulk pilot insert result: {'nModified': 0, 'nUpserted': 0, 'nMatched': 0, 'writeErrors': [], 'upserted': [], 'writeConcernErrors': [], 'nRemoved': 0, 'nInserted': 1}
2017-12-18 22:12:50,572: rp.session.js-17-212.jetstream-cloud.org.vivek91.017519.0108: pmgr.0000.launching.0           : MainThread     : WARNING : using alias 'xsede.supermic_ssh' for deprecated resource key 'xsede.supermic'
2017-12-18 22:12:50,578: rp.session.js-17-212.jetstream-cloud.org.vivek91.017519.0108: pmgr.0000.launching.0           : MainThread     : WARNING : using alias 'xsede.supermic_ssh' for deprecated resource key 'xsede.supermic'
2017-12-18 22:12:50,578: rp.session.js-17-212.jetstream-cloud.org.vivek91.017519.0108: pmgr.0000.launching.0           : MainThread     : DEBUG   : rsup.PTYShell('gsissh://supermic.cct-lsu.xsede.org:2222/')
2017-12-18 22:12:54,178: rp.session.js-17-212.jetstream-cloud.org.vivek91.017519.0108: pmgr.0000.launching.0           : MainThread     : DEBUG   : sandbox base gsissh://supermic.cct-lsu.xsede.org:2222/: '/work/vivek91'
2017-12-18 22:14:05,795: rp.session.js-17-212.jetstream-cloud.org.vivek91.017519.0108: task-manager                    : MainThread     : DEBUG   : bulk unit insert result: {'nModified': 0, 'nUpserted': 0, 'nMatched': 0, 'writeErrors': [], 'upserted': [], 'writeConcernErrors': [], 'nRemoved': 0, 'nInserted': 1}
2017-12-18 22:15:11,187: rp.session.js-17-212.jetstream-cloud.org.vivek91.017519.0108: task-manager                    : MainThread     : DEBUG   : bulk unit insert result: {'nModified': 0, 'nUpserted': 0, 'nMatched': 0, 'writeErrors': [], 'upserted': [], 'writeConcernErrors': [], 'nRemoved': 0, 'nInserted': 1}
2017-12-18 22:16:16,468: rp.session.js-17-212.jetstream-cloud.org.vivek91.017519.0108: task-manager                    : MainThread     : DEBUG   : bulk unit insert result: {'nModified': 0, 'nUpserted': 0, 'nMatched': 0, 'writeErrors': [], 'upserted': [], 'writeConcernErrors': [], 'nRemoved': 0, 'nInserted': 1}
2017-12-18 22:17:21,961: rp.session.js-17-212.jetstream-cloud.org.vivek91.017519.0108: task-manager                    : MainThread     : DEBUG   : bulk unit insert result: {'nModified': 0, 'nUpserted': 0, 'nMatched': 0, 'writeErrors': [], 'upserted': [], 'writeConcernErrors': [], 'nRemoved': 0, 'nInserted': 1}
2017-12-18 22:18:26,177: rp.session.js-17-212.jetstream-cloud.org.vivek91.017519.0108: task-manager                    : MainThread     : DEBUG   : bulk unit insert result: {'nModified': 0, 'nUpserted': 0, 'nMatched': 0, 'writeErrors': [], 'upserted': [], 'writeConcernErrors': [], 'nRemoved': 0, 'nInserted': 1}
2017-12-18 22:19:31,881: rp.session.js-17-212.jetstream-cloud.org.vivek91.017519.0108: task-manager                    : MainThread     : DEBUG   : bulk unit insert result: {'nModified': 0, 'nUpserted': 0, 'nMatched': 0, 'writeErrors': [], 'upserted': [], 'writeConcernErrors': [], 'nRemoved': 0, 'nInserted': 1}
2017-12-18 22:20:37,649: rp.session.js-17-212.jetstream-cloud.org.vivek91.017519.0108: task-manager                    : MainThread     : DEBUG   : bulk unit insert result: {'nModified': 0, 'nUpserted': 0, 'nMatched': 0, 'writeErrors': [], 'upserted': [], 'writeConcernErrors': [], 'nRemoved': 0, 'nInserted': 1}
2017-12-18 22:21:42,661: rp.session.js-17-212.jetstream-cloud.org.vivek91.017519.0108: task-manager                    : MainThread     : DEBUG   : bulk unit insert result: {'nModified': 0, 'nUpserted': 0, 'nMatched': 0, 'writeErrors': [], 'upserted': [], 'writeConcernErrors': [], 'nRemoved': 0, 'nInserted': 1}
2017-12-18 22:22:47,644: rp.session.js-17-212.jetstream-cloud.org.vivek91.017519.0108: task-manager                    : MainThread     : DEBUG   : bulk unit insert result: {'nModified': 0, 'nUpserted': 0, 'nMatched': 0, 'writeErrors': [], 'upserted': [], 'writeConcernErrors': [], 'nRemoved': 0, 'nInserted': 1}
2017-12-18 22:24:13,321: rp.session.js-17-212.jetstream-cloud.org.vivek91.017519.0108: MainProcess                     : MainThread     : DEBUG   : session rp.session.js-17-212.jetstream-cloud.org.vivek91.017519.0108 closing
2017-12-18 22:24:13,322: rp.session.js-17-212.jetstream-cloud.org.vivek91.017519.0108: MainProcess                     : MainThread     : DEBUG   : session rp.session.js-17-212.jetstream-cloud.org.vivek91.017519.0108 closes pmgr   pmgr.0000
2017-12-18 22:24:15,575: rp.session.js-17-212.jetstream-cloud.org.vivek91.017519.0108: MainProcess                     : MainThread     : DEBUG   : session rp.session.js-17-212.jetstream-cloud.org.vivek91.017519.0108 closed pmgr   pmgr.0000
2017-12-18 22:24:15,575: rp.session.js-17-212.jetstream-cloud.org.vivek91.017519.0108: MainProcess                     : MainThread     : DEBUG   : session rp.session.js-17-212.jetstream-cloud.org.vivek91.017519.0108 closes comp   update.0
2017-12-18 22:24:15,575: rp.session.js-17-212.jetstream-cloud.org.vivek91.017519.0108: MainProcess                     : MainThread     : DEBUG   :  === update.0 stop called
2017-12-18 22:24:15,660: rp.session.js-17-212.jetstream-cloud.org.vivek91.017519.0108: update.0                        : MainThread     : DEBUG   :  === update.0.child stop called
2017-12-18 22:24:15,872: rp.session.js-17-212.jetstream-cloud.org.vivek91.017519.0108: update.0                        : MainThread     : DEBUG   :  === update.0.child stop called
2017-12-18 22:24:15,920: rp.session.js-17-212.jetstream-cloud.org.vivek91.017519.0108: MainProcess                     : MainThread     : DEBUG   : session rp.session.js-17-212.jetstream-cloud.org.vivek91.017519.0108 closed comp   update.0
2017-12-18 22:24:15,921: rp.session.js-17-212.jetstream-cloud.org.vivek91.017519.0108: MainProcess                     : MainThread     : DEBUG   : session rp.session.js-17-212.jetstream-cloud.org.vivek91.017519.0108 closes bridge control.pubsub.bridge.0000
2017-12-18 22:24:16,902: rp.session.js-17-212.jetstream-cloud.org.vivek91.017519.0108: MainProcess                     : MainThread     : DEBUG   : session rp.session.js-17-212.jetstream-cloud.org.vivek91.017519.0108 closed bridge control.pubsub.bridge.0000
2017-12-18 22:24:16,902: rp.session.js-17-212.jetstream-cloud.org.vivek91.017519.0108: MainProcess                     : MainThread     : DEBUG   : session rp.session.js-17-212.jetstream-cloud.org.vivek91.017519.0108 closes bridge state.pubsub.bridge.0000
2017-12-18 22:24:17,924: rp.session.js-17-212.jetstream-cloud.org.vivek91.017519.0108: MainProcess                     : MainThread     : DEBUG   : session rp.session.js-17-212.jetstream-cloud.org.vivek91.017519.0108 closed bridge state.pubsub.bridge.0000
2017-12-18 22:24:17,924: rp.session.js-17-212.jetstream-cloud.org.vivek91.017519.0108: MainProcess                     : MainThread     : DEBUG   : session rp.session.js-17-212.jetstream-cloud.org.vivek91.017519.0108 closes bridge log.pubsub.bridge.0000
2017-12-18 22:24:18,041: rp.session.js-17-212.jetstream-cloud.org.vivek91.017519.0108: MainProcess                     : MainThread     : DEBUG   : session rp.session.js-17-212.jetstream-cloud.org.vivek91.017519.0108 closed bridge log.pubsub.bridge.0000
2017-12-18 22:24:18,041: rp.session.js-17-212.jetstream-cloud.org.vivek91.017519.0108: MainProcess                     : MainThread     : DEBUG   : session rp.session.js-17-212.jetstream-cloud.org.vivek91.017519.0108 closes db (False)
2017-12-18 22:24:18,041: rp.session.js-17-212.jetstream-cloud.org.vivek91.017519.0108: MainProcess                     : MainThread     : DEBUG   : session rp.session.js-17-212.jetstream-cloud.org.vivek91.017519.0108 closed (delete=False)
2017-12-18 22:24:18,056: rp.session.js-17-212.jetstream-cloud.org.vivek91.017519.0108: MainProcess                     : MainThread     : DEBUG   :  === update.0 stop called
