2017-12-18 22:14:00,959: state.pubsub.pub.0003: umgr.0000.staging.input.0       : MainThread     : INFO    : python.interpreter   version: 2.7.12 (default, Nov 20 2017, 18:23:56) [GCC 5.4.0 20160609]
2017-12-18 22:14:00,959: state.pubsub.pub.0003: umgr.0000.staging.input.0       : MainThread     : INFO    :                      pid: 25534
2017-12-18 22:14:00,959: state.pubsub.pub.0003: umgr.0000.staging.input.0       : MainThread     : INFO    :                      tid: MainThread
2017-12-18 22:14:00,959: state.pubsub.pub.0003: umgr.0000.staging.input.0       : MainThread     : INFO    : radical.pilot        version: 0.47.1
2017-12-18 22:14:00,959: state.pubsub.pub.0003: umgr.0000.staging.input.0       : MainThread     : INFO    : create state_pubsub - pub - tcp://172.30.238.6:45055
2017-12-18 22:14:00,960: state.pubsub.pub.0003: umgr.0000.staging.input.0       : MainThread     : DEBUG   : start process
2017-12-18 22:14:00,960: state.pubsub.pub.0003: umgr.0000.staging.input.0       : MainThread     : DEBUG   : ru_initialize_common (NOOP)
2017-12-18 22:14:00,960: state.pubsub.pub.0003: umgr.0000.staging.input.0       : MainThread     : DEBUG   : ru_initialize_parent (NOOP)
2017-12-18 22:14:00,960: state.pubsub.pub.0003: umgr.0000.staging.input.0       : MainThread     : DEBUG   : process class started (no child)
2017-12-18 22:14:01,027: state.pubsub.pub.0003: task-manager                    : MainThread     : INFO    : python.interpreter   version: 2.7.12 (default, Nov 20 2017, 18:23:56) [GCC 5.4.0 20160609]
2017-12-18 22:14:01,027: state.pubsub.pub.0003: task-manager                    : MainThread     : INFO    :                      pid: 25438
2017-12-18 22:14:01,027: state.pubsub.pub.0003: task-manager                    : MainThread     : INFO    :                      tid: MainThread
2017-12-18 22:14:01,028: state.pubsub.pub.0003: task-manager                    : MainThread     : INFO    : radical.pilot        version: 0.47.1
2017-12-18 22:14:01,028: state.pubsub.pub.0003: task-manager                    : MainThread     : INFO    : create state_pubsub - pub - tcp://172.30.238.6:45055
2017-12-18 22:14:01,028: state.pubsub.pub.0003: task-manager                    : MainThread     : DEBUG   : start process
2017-12-18 22:14:01,028: state.pubsub.pub.0003: task-manager                    : MainThread     : DEBUG   : ru_initialize_common (NOOP)
2017-12-18 22:14:01,029: state.pubsub.pub.0003: task-manager                    : MainThread     : DEBUG   : ru_initialize_parent (NOOP)
2017-12-18 22:14:01,029: state.pubsub.pub.0003: task-manager                    : MainThread     : DEBUG   : process class started (no child)
2017-12-18 22:24:09,287: state.pubsub.pub.0003: umgr.0000.staging.input.0       : MainThread     : INFO    : parent stops child  25534 -> None [state.pubsub.pub.0003]
2017-12-18 22:24:09,287: state.pubsub.pub.0003: umgr.0000.staging.input.0       : MainThread     : DEBUG   : ru_finalize_parent (NOOP)
