2017-12-18 22:13:58,795: umgr.staging.output.queue.bridge.0000: task-manager                    : MainThread     : INFO    : python.interpreter   version: 2.7.12 (default, Nov 20 2017, 18:23:56) [GCC 5.4.0 20160609]
2017-12-18 22:13:58,796: umgr.staging.output.queue.bridge.0000: task-manager                    : MainThread     : INFO    :                      pid: 25438
2017-12-18 22:13:58,796: umgr.staging.output.queue.bridge.0000: task-manager                    : MainThread     : INFO    :                      tid: MainThread
2017-12-18 22:13:58,796: umgr.staging.output.queue.bridge.0000: task-manager                    : MainThread     : INFO    : radical.pilot        version: 0.47.1
2017-12-18 22:13:58,796: umgr.staging.output.queue.bridge.0000: task-manager                    : MainThread     : INFO    : create umgr_staging_output_queue - bridge - tcp://*:*
2017-12-18 22:13:58,797: umgr.staging.output.queue.bridge.0000: task-manager                    : MainThread     : DEBUG   : start process
2017-12-18 22:13:58,807: umgr.staging.output.queue.bridge.0000: umgr.staging.output.queue.bridge.0000: MainThread     : DEBUG   : ru_initialize_common (NOOP)
2017-12-18 22:13:58,813: umgr.staging.output.queue.bridge.0000: umgr.staging.output.queue.bridge.0000.child: MainThread     : INFO    : child (me) initializing
2017-12-18 22:13:58,813: umgr.staging.output.queue.bridge.0000: umgr.staging.output.queue.bridge.0000.child: MainThread     : DEBUG   : parent name: umgr.staging.output.queue.bridge.0000.child.watch
2017-12-18 22:13:58,813: umgr.staging.output.queue.bridge.0000: umgr.staging.output.queue.bridge.0000.child: MainThread     : DEBUG   : start thread
2017-12-18 22:13:58,814: umgr.staging.output.queue.bridge.0000: umgr.staging.output.queue.bridge.0000.child: umgr.staging.output.queue.bridge.0000.child.watch: DEBUG   : child name: umgr.staging.output.queue.bridge.0000.child.watch.thread
2017-12-18 22:13:58,814: umgr.staging.output.queue.bridge.0000: umgr.staging.output.queue.bridge.0000.child: umgr.staging.output.queue.bridge.0000.child.watch: INFO    : child (me) initializing
2017-12-18 22:13:58,814: umgr.staging.output.queue.bridge.0000: umgr.staging.output.queue.bridge.0000.child: umgr.staging.output.queue.bridge.0000.child.watch: DEBUG   : ru_initialize_common (NOOP)
2017-12-18 22:13:58,814: umgr.staging.output.queue.bridge.0000: umgr.staging.output.queue.bridge.0000.child: umgr.staging.output.queue.bridge.0000.child.watch: DEBUG   : ru_initialize_child (NOOP)
2017-12-18 22:13:58,815: umgr.staging.output.queue.bridge.0000: umgr.staging.output.queue.bridge.0000.child: umgr.staging.output.queue.bridge.0000.child.watch: INFO    : send alive
2017-12-18 22:13:58,815: umgr.staging.output.queue.bridge.0000: umgr.staging.output.queue.bridge.0000.child: umgr.staging.output.queue.bridge.0000.child.watch: INFO    : put message: [umgr.staging.output.queue.bridge.0000.child.watch.thread] alive
2017-12-18 22:13:58,815: umgr.staging.output.queue.bridge.0000: umgr.staging.output.queue.bridge.0000.child: MainThread     : INFO    : get msg: alive
2017-12-18 22:13:58,816: umgr.staging.output.queue.bridge.0000: umgr.staging.output.queue.bridge.0000.child: MainThread     : DEBUG   : ru_initialize_common (NOOP)
2017-12-18 22:13:58,816: umgr.staging.output.queue.bridge.0000: umgr.staging.output.queue.bridge.0000.child: MainThread     : DEBUG   : ru_initialize_parent (NOOP)
2017-12-18 22:13:58,816: umgr.staging.output.queue.bridge.0000: umgr.staging.output.queue.bridge.0000.child: MainThread     : DEBUG   : child thread umgr.staging.output.queue.bridge.0000.child.watch started
2017-12-18 22:13:58,816: umgr.staging.output.queue.bridge.0000: umgr.staging.output.queue.bridge.0000.child: MainThread     : INFO    : child (me) is alive
2017-12-18 22:13:58,816: umgr.staging.output.queue.bridge.0000: umgr.staging.output.queue.bridge.0000.child: MainThread     : INFO    : send alive
2017-12-18 22:13:58,816: umgr.staging.output.queue.bridge.0000: umgr.staging.output.queue.bridge.0000.child: MainThread     : INFO    : send message: [umgr.staging.output.queue.bridge.0000.child] alive
2017-12-18 22:13:58,817: umgr.staging.output.queue.bridge.0000: task-manager                    : MainThread     : INFO    : recv message: alive
2017-12-18 22:13:58,817: umgr.staging.output.queue.bridge.0000: task-manager                    : MainThread     : DEBUG   : ru_initialize_common (NOOP)
2017-12-18 22:13:58,817: umgr.staging.output.queue.bridge.0000: task-manager                    : MainThread     : DEBUG   : ru_initialize_parent (NOOP)
2017-12-18 22:13:58,817: umgr.staging.output.queue.bridge.0000: task-manager                    : MainThread     : DEBUG   : parent name: umgr.staging.output.queue.bridge.0000.watch
2017-12-18 22:13:58,818: umgr.staging.output.queue.bridge.0000: task-manager                    : MainThread     : DEBUG   : start thread
2017-12-18 22:13:58,818: umgr.staging.output.queue.bridge.0000: task-manager                    : umgr.staging.output.queue.bridge.0000.watch: DEBUG   : child name: umgr.staging.output.queue.bridge.0000.watch.thread
2017-12-18 22:13:58,818: umgr.staging.output.queue.bridge.0000: task-manager                    : umgr.staging.output.queue.bridge.0000.watch: INFO    : child (me) initializing
2017-12-18 22:13:58,818: umgr.staging.output.queue.bridge.0000: task-manager                    : umgr.staging.output.queue.bridge.0000.watch: DEBUG   : ru_initialize_common (NOOP)
2017-12-18 22:13:58,818: umgr.staging.output.queue.bridge.0000: task-manager                    : umgr.staging.output.queue.bridge.0000.watch: DEBUG   : ru_initialize_child (NOOP)
2017-12-18 22:13:58,818: umgr.staging.output.queue.bridge.0000: task-manager                    : umgr.staging.output.queue.bridge.0000.watch: INFO    : send alive
2017-12-18 22:13:58,818: umgr.staging.output.queue.bridge.0000: task-manager                    : umgr.staging.output.queue.bridge.0000.watch: INFO    : put message: [umgr.staging.output.queue.bridge.0000.watch.thread] alive
2017-12-18 22:13:58,819: umgr.staging.output.queue.bridge.0000: task-manager                    : MainThread     : INFO    : get msg: alive
2017-12-18 22:13:58,819: umgr.staging.output.queue.bridge.0000: task-manager                    : MainThread     : DEBUG   : ru_initialize_common (NOOP)
2017-12-18 22:13:58,820: umgr.staging.output.queue.bridge.0000: task-manager                    : MainThread     : DEBUG   : ru_initialize_parent (NOOP)
2017-12-18 22:13:58,820: umgr.staging.output.queue.bridge.0000: task-manager                    : MainThread     : DEBUG   : child thread umgr.staging.output.queue.bridge.0000.watch started
2017-12-18 22:13:58,820: umgr.staging.output.queue.bridge.0000: task-manager                    : MainThread     : INFO    : child is alive
2017-12-18 22:13:58,820: umgr.staging.output.queue.bridge.0000: task-manager                    : MainThread     : DEBUG   : process class started child
2017-12-18 22:24:10,339: umgr.staging.output.queue.bridge.0000: umgr.staging.output.queue.bridge.0000.child: umgr.staging.output.queue.bridge.0000.child.watch: INFO    : recv message: 
2017-12-18 22:24:10,339: umgr.staging.output.queue.bridge.0000: umgr.staging.output.queue.bridge.0000.child: umgr.staging.output.queue.bridge.0000.child.watch: INFO    : message received: 
2017-12-18 22:24:10,339: umgr.staging.output.queue.bridge.0000: umgr.staging.output.queue.bridge.0000.child: umgr.staging.output.queue.bridge.0000.child.watch: WARNING : received empty string, parent closed ep
2017-12-18 22:24:10,340: umgr.staging.output.queue.bridge.0000: umgr.staging.output.queue.bridge.0000.child: umgr.staging.output.queue.bridge.0000.child.watch: INFO    : watcher closes
2017-12-18 22:24:10,340: umgr.staging.output.queue.bridge.0000: umgr.staging.output.queue.bridge.0000.child: umgr.staging.output.queue.bridge.0000.child.watch: INFO    : put message: [umgr.staging.output.queue.bridge.0000.child.watch.thread] work finished
2017-12-18 22:24:10,340: umgr.staging.output.queue.bridge.0000: umgr.staging.output.queue.bridge.0000.child: umgr.staging.output.queue.bridge.0000.child.watch: DEBUG   : ru_finalize_child (NOOP)
2017-12-18 22:24:10,340: umgr.staging.output.queue.bridge.0000: umgr.staging.output.queue.bridge.0000.child: umgr.staging.output.queue.bridge.0000.child.watch: DEBUG   : ru_finalize_common (NOOP)
2017-12-18 22:24:10,340: umgr.staging.output.queue.bridge.0000: umgr.staging.output.queue.bridge.0000.child: umgr.staging.output.queue.bridge.0000.child.watch: INFO    : put message: [umgr.staging.output.queue.bridge.0000.child.watch.thread] terminating
2017-12-18 22:24:10,614: umgr.staging.output.queue.bridge.0000: umgr.staging.output.queue.bridge.0000.child: MainThread     : INFO    : send message: [umgr.staging.output.queue.bridge.0000.child] work finished
2017-12-18 22:24:10,614: umgr.staging.output.queue.bridge.0000: umgr.staging.output.queue.bridge.0000.child: MainThread     : WARNING : send failed ([Errno 9] Bad file descriptor) - terminate
2017-12-18 22:24:10,615: umgr.staging.output.queue.bridge.0000: umgr.staging.output.queue.bridge.0000.child: MainThread     : DEBUG   : ru_finalize_child (NOOP)
2017-12-18 22:24:10,615: umgr.staging.output.queue.bridge.0000: umgr.staging.output.queue.bridge.0000.child: MainThread     : INFO    : send message: [umgr.staging.output.queue.bridge.0000.child] terminating
2017-12-18 22:24:10,615: umgr.staging.output.queue.bridge.0000: umgr.staging.output.queue.bridge.0000.child: MainThread     : WARNING : send failed ([Errno 9] Bad file descriptor) - terminate
