2017-12-18 22:12:42,147: update.0.child      : update.0                        : MainThread     : INFO    : python.interpreter   version: 2.7.12 (default, Nov 20 2017, 18:23:56) [GCC 5.4.0 20160609]
2017-12-18 22:12:42,148: update.0.child      : update.0                        : MainThread     : INFO    :                      pid: 23969
2017-12-18 22:12:42,148: update.0.child      : update.0                        : MainThread     : INFO    :                      tid: MainThread
2017-12-18 22:12:42,148: update.0.child      : update.0                        : MainThread     : INFO    : radical.pilot        version: 0.47.1
2017-12-18 22:12:43,185: update.0.child      : update.0                        : MainThread     : INFO    : initialize update.0.child
2017-12-18 22:12:43,188: update.0.child      : update.0                        : MainThread     : INFO    : cfg: {'agents': {},
 u'bridges': {u'control_pubsub': {'addr_in': 'tcp://172.30.238.6:39495',
                                  'addr_out': 'tcp://172.30.238.6:39559',
                                  u'bulk_size': 0,
                                  u'log_level': u'debug',
                                  u'stall_hwm': 1},
              u'log_pubsub': {'addr_in': 'tcp://172.30.238.6:41414',
                              'addr_out': 'tcp://172.30.238.6:46547',
                              u'bulk_size': 0,
                              u'log_level': u'debug',
                              u'stall_hwm': 1},
              u'state_pubsub': {'addr_in': 'tcp://172.30.238.6:45055',
                                'addr_out': 'tcp://172.30.238.6:43292',
                                u'bulk_size': 0,
                                u'log_level': u'debug',
                                u'stall_hwm': 1}},
 'cname': u'UpdateWorker',
 u'components': {},
 u'count': 1,
 'dburl': 'mongodb://entk:entk@ds141406.mlab.com:41406/adap-task-count',
 'debug': 'DEBUG',
 u'default_dburl': u'mongodb://rp:rp@ds015335.mlab.com:15335/rp',
 'logdir': '/home/vivek91/repos/adaptive-bms-experiments/task-count-adap/bin/rp.session.js-17-212.jetstream-cloud.org.vivek91.017519.0108',
 'number': 0,
 'owner': 'rp.session.js-17-212.jetstream-cloud.org.vivek91.017519.0108',
 'session_id': 'rp.session.js-17-212.jetstream-cloud.org.vivek91.017519.0108'}
2017-12-18 22:12:43,189: update.0.child      : update.0                        : MainThread     : DEBUG   : start components: {}
2017-12-18 22:12:43,189: update.0.child      : update.0                        : MainThread     : DEBUG   : alive check in term
2017-12-18 22:12:43,189: update.0.child      : update.0                        : MainThread     : DEBUG   : START: update.0.child register publisher log_pubsub
2017-12-18 22:12:43,189: update.0.child      : update.0                        : MainThread     : DEBUG   : using addr tcp://172.30.238.6:41414 for pubsub log_pubsub
2017-12-18 22:12:43,193: update.0.child      : update.0                        : MainThread     : DEBUG   : registered publisher : log_pubsub : log.pubsub.pub.0000
2017-12-18 22:12:43,193: update.0.child      : update.0                        : MainThread     : DEBUG   : alive check in term
2017-12-18 22:12:43,193: update.0.child      : update.0                        : MainThread     : DEBUG   : START: update.0.child register publisher state_pubsub
2017-12-18 22:12:43,193: update.0.child      : update.0                        : MainThread     : DEBUG   : using addr tcp://172.30.238.6:45055 for pubsub state_pubsub
2017-12-18 22:12:43,196: update.0.child      : update.0                        : MainThread     : DEBUG   : registered publisher : state_pubsub : state.pubsub.pub.0000
2017-12-18 22:12:43,196: update.0.child      : update.0                        : MainThread     : DEBUG   : alive check in term
2017-12-18 22:12:43,196: update.0.child      : update.0                        : MainThread     : DEBUG   : START: update.0.child register publisher control_pubsub
2017-12-18 22:12:43,196: update.0.child      : update.0                        : MainThread     : DEBUG   : using addr tcp://172.30.238.6:39495 for pubsub control_pubsub
2017-12-18 22:12:43,210: update.0.child      : update.0                        : MainThread     : DEBUG   : registered publisher : control_pubsub : control.pubsub.pub.0000
2017-12-18 22:12:43,211: update.0.child      : update.0                        : MainThread     : DEBUG   : alive check in term
2017-12-18 22:12:43,211: update.0.child      : update.0                        : MainThread     : DEBUG   : START: update.0.child register subscriber update.0.child.subscriber._cancel_monitor_cb
2017-12-18 22:12:43,211: update.0.child      : update.0                        : MainThread     : DEBUG   : using addr tcp://172.30.238.6:39559 for pubsub control_pubsub
2017-12-18 22:12:43,214: update.0.child      : update.0                        : MainThread     : DEBUG   : parent name: update.0.child.subscriber._cancel_monitor_cb
2017-12-18 22:12:43,214: update.0.child      : update.0                        : MainThread     : DEBUG   : start thread
2017-12-18 22:12:43,215: update.0.child      : update.0                        : update.0.child.subscriber._cancel_monitor_cb: DEBUG   : child name: update.0.child.subscriber._cancel_monitor_cb.thread
2017-12-18 22:12:43,215: update.0.child      : update.0                        : update.0.child.subscriber._cancel_monitor_cb: INFO    : child (me) initializing
2017-12-18 22:12:43,215: update.0.child      : update.0                        : update.0.child.subscriber._cancel_monitor_cb: DEBUG   : ru_initialize_common (NOOP)
2017-12-18 22:12:43,216: update.0.child      : update.0                        : update.0.child.subscriber._cancel_monitor_cb: DEBUG   : ru_initialize_child (NOOP)
2017-12-18 22:12:43,216: update.0.child      : update.0                        : update.0.child.subscriber._cancel_monitor_cb: INFO    : send alive
2017-12-18 22:12:43,216: update.0.child      : update.0                        : update.0.child.subscriber._cancel_monitor_cb: INFO    : put message: [update.0.child.subscriber._cancel_monitor_cb.thread] alive
2017-12-18 22:12:43,216: update.0.child      : update.0                        : MainThread     : INFO    : get msg: alive
2017-12-18 22:12:43,217: update.0.child      : update.0                        : MainThread     : DEBUG   : ru_initialize_common (NOOP)
2017-12-18 22:12:43,217: update.0.child      : update.0                        : MainThread     : DEBUG   : ru_initialize_parent (NOOP)
2017-12-18 22:12:43,217: update.0.child      : update.0                        : MainThread     : DEBUG   : child thread update.0.child.subscriber._cancel_monitor_cb started
2017-12-18 22:12:43,217: update.0.child      : update.0                        : MainThread     : DEBUG   : update.0.child registered control_pubsub subscriber update.0.child.subscriber._cancel_monitor_cb
2017-12-18 22:12:43,533: update.0.child      : update.0                        : MainThread     : DEBUG   : alive check in term
2017-12-18 22:12:43,533: update.0.child      : update.0                        : MainThread     : DEBUG   : START: update.0.child register subscriber update.0.child.subscriber._state_cb
2017-12-18 22:12:43,533: update.0.child      : update.0                        : MainThread     : DEBUG   : using addr tcp://172.30.238.6:43292 for pubsub state_pubsub
2017-12-18 22:12:43,536: update.0.child      : update.0                        : MainThread     : DEBUG   : parent name: update.0.child.subscriber._state_cb
2017-12-18 22:12:43,536: update.0.child      : update.0                        : MainThread     : DEBUG   : start thread
2017-12-18 22:12:43,536: update.0.child      : update.0                        : update.0.child.subscriber._state_cb: DEBUG   : child name: update.0.child.subscriber._state_cb.thread
2017-12-18 22:12:43,537: update.0.child      : update.0                        : update.0.child.subscriber._state_cb: INFO    : child (me) initializing
2017-12-18 22:12:43,537: update.0.child      : update.0                        : update.0.child.subscriber._state_cb: DEBUG   : ru_initialize_common (NOOP)
2017-12-18 22:12:43,537: update.0.child      : update.0                        : update.0.child.subscriber._state_cb: DEBUG   : ru_initialize_child (NOOP)
2017-12-18 22:12:43,537: update.0.child      : update.0                        : update.0.child.subscriber._state_cb: INFO    : send alive
2017-12-18 22:12:43,537: update.0.child      : update.0                        : update.0.child.subscriber._state_cb: INFO    : put message: [update.0.child.subscriber._state_cb.thread] alive
2017-12-18 22:12:43,538: update.0.child      : update.0                        : MainThread     : INFO    : get msg: alive
2017-12-18 22:12:43,538: update.0.child      : update.0                        : MainThread     : DEBUG   : ru_initialize_common (NOOP)
2017-12-18 22:12:43,538: update.0.child      : update.0                        : MainThread     : DEBUG   : ru_initialize_parent (NOOP)
2017-12-18 22:12:43,538: update.0.child      : update.0                        : MainThread     : DEBUG   : child thread update.0.child.subscriber._state_cb started
2017-12-18 22:12:43,538: update.0.child      : update.0                        : MainThread     : DEBUG   : update.0.child registered state_pubsub subscriber update.0.child.subscriber._state_cb
2017-12-18 22:12:43,538: update.0.child      : update.0                        : MainThread     : DEBUG   : alive check in term
2017-12-18 22:12:43,538: update.0.child      : update.0                        : MainThread     : DEBUG   : START: update.0.child register idler update.0.child.idler._idle_cb
2017-12-18 22:12:43,539: update.0.child      : update.0                        : MainThread     : DEBUG   : parent name: update.0.child.idler._idle_cb
2017-12-18 22:12:43,539: update.0.child      : update.0                        : MainThread     : DEBUG   : start thread
2017-12-18 22:12:43,539: update.0.child      : update.0                        : update.0.child.idler._idle_cb: DEBUG   : child name: update.0.child.idler._idle_cb.thread
2017-12-18 22:12:43,539: update.0.child      : update.0                        : update.0.child.idler._idle_cb: INFO    : child (me) initializing
2017-12-18 22:12:43,539: update.0.child      : update.0                        : update.0.child.idler._idle_cb: DEBUG   : ru_initialize_common (NOOP)
2017-12-18 22:12:43,540: update.0.child      : update.0                        : update.0.child.idler._idle_cb: DEBUG   : ru_initialize_child (NOOP)
2017-12-18 22:12:43,540: update.0.child      : update.0                        : update.0.child.idler._idle_cb: INFO    : send alive
2017-12-18 22:12:43,540: update.0.child      : update.0                        : update.0.child.idler._idle_cb: INFO    : put message: [update.0.child.idler._idle_cb.thread] alive
2017-12-18 22:12:43,540: update.0.child      : update.0                        : MainThread     : INFO    : get msg: alive
2017-12-18 22:12:43,541: update.0.child      : update.0                        : MainThread     : DEBUG   : ru_initialize_common (NOOP)
2017-12-18 22:12:43,541: update.0.child      : update.0                        : MainThread     : DEBUG   : ru_initialize_parent (NOOP)
2017-12-18 22:12:43,541: update.0.child      : update.0                        : MainThread     : DEBUG   : child thread update.0.child.idler._idle_cb started
2017-12-18 22:12:43,541: update.0.child      : update.0                        : MainThread     : DEBUG   : update.0.child registered idler update.0.child.idler._idle_cb
2017-12-18 22:12:43,541: update.0.child      : update.0                        : MainThread     : INFO    : child (me) initializing
2017-12-18 22:12:43,542: update.0.child      : update.0                        : MainThread     : DEBUG   : parent name: update.0.child.watch
2017-12-18 22:12:43,542: update.0.child      : update.0                        : MainThread     : DEBUG   : start thread
2017-12-18 22:12:43,542: update.0.child      : update.0                        : update.0.child.watch: DEBUG   : child name: update.0.child.watch.thread
2017-12-18 22:12:43,542: update.0.child      : update.0                        : update.0.child.watch: INFO    : child (me) initializing
2017-12-18 22:12:43,543: update.0.child      : update.0                        : update.0.child.watch: DEBUG   : ru_initialize_common (NOOP)
2017-12-18 22:12:43,543: update.0.child      : update.0                        : update.0.child.watch: DEBUG   : ru_initialize_child (NOOP)
2017-12-18 22:12:43,543: update.0.child      : update.0                        : update.0.child.watch: INFO    : send alive
2017-12-18 22:12:43,543: update.0.child      : update.0                        : update.0.child.watch: INFO    : put message: [update.0.child.watch.thread] alive
2017-12-18 22:12:43,543: update.0.child      : update.0                        : MainThread     : INFO    : get msg: alive
2017-12-18 22:12:43,544: update.0.child      : update.0                        : MainThread     : DEBUG   : ru_initialize_common (NOOP)
2017-12-18 22:12:43,544: update.0.child      : update.0                        : MainThread     : DEBUG   : ru_initialize_parent (NOOP)
2017-12-18 22:12:43,544: update.0.child      : update.0                        : MainThread     : DEBUG   : child thread update.0.child.watch started
2017-12-18 22:12:43,544: update.0.child      : update.0                        : MainThread     : INFO    : child (me) is alive
2017-12-18 22:12:43,544: update.0.child      : update.0                        : MainThread     : INFO    : send alive
2017-12-18 22:12:43,544: update.0.child      : update.0                        : MainThread     : INFO    : send message: [update.0.child] alive
2017-12-18 22:12:50,620: update.0.child      : update.0                        : update.0.child.subscriber._state_cb: DEBUG   : bulk update result: {'nModified': 1, 'nUpserted': 0, 'nMatched': 1, 'writeErrors': [], 'upserted': [], 'writeConcernErrors': [], 'nRemoved': 0, 'nInserted': 0}
2017-12-18 22:12:50,621: update.0.child      : update.0                        : update.0.child.subscriber._cancel_monitor_cb: DEBUG   : command ignored: pilot_staging_input_request
2017-12-18 22:12:52,611: update.0.child      : update.0                        : update.0.child.idler._idle_cb: DEBUG   : bulk update result: {'nModified': 1, 'nUpserted': 0, 'nMatched': 1, 'writeErrors': [], 'upserted': [], 'writeConcernErrors': [], 'nRemoved': 0, 'nInserted': 0}
2017-12-18 22:13:06,233: update.0.child      : update.0                        : update.0.child.subscriber._state_cb: DEBUG   : bulk update result: {'nModified': 1, 'nUpserted': 0, 'nMatched': 1, 'writeErrors': [], 'upserted': [], 'writeConcernErrors': [], 'nRemoved': 0, 'nInserted': 0}
2017-12-18 22:13:06,234: update.0.child      : update.0                        : update.0.child.subscriber._cancel_monitor_cb: DEBUG   : command ignored: pilot_staging_input_result
2017-12-18 22:13:54,334: update.0.child      : update.0                        : update.0.child.subscriber._state_cb: DEBUG   : bulk update result: {'nModified': 1, 'nUpserted': 0, 'nMatched': 1, 'writeErrors': [], 'upserted': [], 'writeConcernErrors': [], 'nRemoved': 0, 'nInserted': 0}
2017-12-18 22:14:05,727: update.0.child      : update.0                        : update.0.child.subscriber._cancel_monitor_cb: DEBUG   : command ignored: add_pilots
2017-12-18 22:14:05,846: update.0.child      : update.0                        : update.0.child.subscriber._state_cb: DEBUG   : bulk update result: {'nModified': 1, 'nUpserted': 0, 'nMatched': 1, 'writeErrors': [], 'upserted': [], 'writeConcernErrors': [], 'nRemoved': 0, 'nInserted': 0}
2017-12-18 22:14:07,832: update.0.child      : update.0                        : update.0.child.idler._idle_cb: DEBUG   : bulk update result: {'nModified': 4, 'nUpserted': 0, 'nMatched': 4, 'writeErrors': [], 'upserted': [], 'writeConcernErrors': [], 'nRemoved': 0, 'nInserted': 0}
2017-12-18 22:15:11,142: update.0.child      : update.0                        : update.0.child.subscriber._state_cb: DEBUG   : bulk update result: {'nModified': 1, 'nUpserted': 0, 'nMatched': 1, 'writeErrors': [], 'upserted': [], 'writeConcernErrors': [], 'nRemoved': 0, 'nInserted': 0}
2017-12-18 22:15:13,055: update.0.child      : update.0                        : update.0.child.idler._idle_cb: DEBUG   : bulk update result: {'nModified': 7, 'nUpserted': 0, 'nMatched': 7, 'writeErrors': [], 'upserted': [], 'writeConcernErrors': [], 'nRemoved': 0, 'nInserted': 0}
2017-12-18 22:16:16,415: update.0.child      : update.0                        : update.0.child.subscriber._state_cb: DEBUG   : bulk update result: {'nModified': 1, 'nUpserted': 0, 'nMatched': 1, 'writeErrors': [], 'upserted': [], 'writeConcernErrors': [], 'nRemoved': 0, 'nInserted': 0}
2017-12-18 22:16:18,189: update.0.child      : update.0                        : update.0.child.idler._idle_cb: DEBUG   : bulk update result: {'nModified': 7, 'nUpserted': 0, 'nMatched': 7, 'writeErrors': [], 'upserted': [], 'writeConcernErrors': [], 'nRemoved': 0, 'nInserted': 0}
2017-12-18 22:17:21,901: update.0.child      : update.0                        : update.0.child.subscriber._state_cb: DEBUG   : bulk update result: {'nModified': 1, 'nUpserted': 0, 'nMatched': 1, 'writeErrors': [], 'upserted': [], 'writeConcernErrors': [], 'nRemoved': 0, 'nInserted': 0}
2017-12-18 22:17:23,387: update.0.child      : update.0                        : update.0.child.idler._idle_cb: DEBUG   : bulk update result: {'nModified': 7, 'nUpserted': 0, 'nMatched': 7, 'writeErrors': [], 'upserted': [], 'writeConcernErrors': [], 'nRemoved': 0, 'nInserted': 0}
2017-12-18 22:18:26,120: update.0.child      : update.0                        : update.0.child.subscriber._state_cb: DEBUG   : bulk update result: {'nModified': 1, 'nUpserted': 0, 'nMatched': 1, 'writeErrors': [], 'upserted': [], 'writeConcernErrors': [], 'nRemoved': 0, 'nInserted': 0}
2017-12-18 22:18:27,555: update.0.child      : update.0                        : update.0.child.idler._idle_cb: DEBUG   : bulk update result: {'nModified': 7, 'nUpserted': 0, 'nMatched': 7, 'writeErrors': [], 'upserted': [], 'writeConcernErrors': [], 'nRemoved': 0, 'nInserted': 0}
2017-12-18 22:19:31,824: update.0.child      : update.0                        : update.0.child.subscriber._state_cb: DEBUG   : bulk update result: {'nModified': 1, 'nUpserted': 0, 'nMatched': 1, 'writeErrors': [], 'upserted': [], 'writeConcernErrors': [], 'nRemoved': 0, 'nInserted': 0}
2017-12-18 22:19:33,733: update.0.child      : update.0                        : update.0.child.idler._idle_cb: DEBUG   : bulk update result: {'nModified': 7, 'nUpserted': 0, 'nMatched': 7, 'writeErrors': [], 'upserted': [], 'writeConcernErrors': [], 'nRemoved': 0, 'nInserted': 0}
2017-12-18 22:20:37,576: update.0.child      : update.0                        : update.0.child.subscriber._state_cb: DEBUG   : bulk update result: {'nModified': 1, 'nUpserted': 0, 'nMatched': 1, 'writeErrors': [], 'upserted': [], 'writeConcernErrors': [], 'nRemoved': 0, 'nInserted': 0}
2017-12-18 22:20:38,859: update.0.child      : update.0                        : update.0.child.idler._idle_cb: DEBUG   : bulk update result: {'nModified': 7, 'nUpserted': 0, 'nMatched': 7, 'writeErrors': [], 'upserted': [], 'writeConcernErrors': [], 'nRemoved': 0, 'nInserted': 0}
2017-12-18 22:21:42,625: update.0.child      : update.0                        : update.0.child.subscriber._state_cb: DEBUG   : bulk update result: {'nModified': 1, 'nUpserted': 0, 'nMatched': 1, 'writeErrors': [], 'upserted': [], 'writeConcernErrors': [], 'nRemoved': 0, 'nInserted': 0}
2017-12-18 22:21:44,107: update.0.child      : update.0                        : update.0.child.idler._idle_cb: DEBUG   : bulk update result: {'nModified': 7, 'nUpserted': 0, 'nMatched': 7, 'writeErrors': [], 'upserted': [], 'writeConcernErrors': [], 'nRemoved': 0, 'nInserted': 0}
2017-12-18 22:22:47,588: update.0.child      : update.0                        : update.0.child.subscriber._state_cb: DEBUG   : bulk update result: {'nModified': 1, 'nUpserted': 0, 'nMatched': 1, 'writeErrors': [], 'upserted': [], 'writeConcernErrors': [], 'nRemoved': 0, 'nInserted': 0}
2017-12-18 22:22:49,284: update.0.child      : update.0                        : update.0.child.idler._idle_cb: DEBUG   : bulk update result: {'nModified': 7, 'nUpserted': 0, 'nMatched': 7, 'writeErrors': [], 'upserted': [], 'writeConcernErrors': [], 'nRemoved': 0, 'nInserted': 0}
2017-12-18 22:23:52,640: update.0.child      : update.0                        : update.0.child.subscriber._state_cb: DEBUG   : bulk update result: {'nModified': 1, 'nUpserted': 0, 'nMatched': 1, 'writeErrors': [], 'upserted': [], 'writeConcernErrors': [], 'nRemoved': 0, 'nInserted': 0}
2017-12-18 22:23:54,457: update.0.child      : update.0                        : update.0.child.idler._idle_cb: DEBUG   : bulk update result: {'nModified': 2, 'nUpserted': 0, 'nMatched': 2, 'writeErrors': [], 'upserted': [], 'writeConcernErrors': [], 'nRemoved': 0, 'nInserted': 0}
2017-12-18 22:24:08,708: update.0.child      : update.0                        : update.0.child.subscriber._cancel_monitor_cb: DEBUG   : command ignored: cancel_pilots
2017-12-18 22:24:13,302: update.0.child      : update.0                        : update.0.child.subscriber._state_cb: DEBUG   : bulk update result: {'nModified': 1, 'nUpserted': 0, 'nMatched': 1, 'writeErrors': [], 'upserted': [], 'writeConcernErrors': [], 'nRemoved': 0, 'nInserted': 0}
2017-12-18 22:24:13,323: update.0.child      : update.0                        : update.0.child.subscriber._cancel_monitor_cb: DEBUG   : command ignored: cancel_pilots
2017-12-18 22:24:15,589: update.0.child      : update.0                        : update.0.child.watch: INFO    : recv message: STOP
2017-12-18 22:24:15,589: update.0.child      : update.0                        : update.0.child.watch: INFO    : message received: STOP
2017-12-18 22:24:15,590: update.0.child      : update.0                        : update.0.child.watch: INFO    : STOP received: STOP
2017-12-18 22:24:15,590: update.0.child      : update.0                        : update.0.child.watch: INFO    : watcher closes
2017-12-18 22:24:15,590: update.0.child      : update.0                        : update.0.child.watch: INFO    : put message: [update.0.child.watch.thread] work finished
2017-12-18 22:24:15,590: update.0.child      : update.0                        : update.0.child.watch: DEBUG   : ru_finalize_child (NOOP)
2017-12-18 22:24:15,590: update.0.child      : update.0                        : update.0.child.watch: DEBUG   : ru_finalize_common (NOOP)
2017-12-18 22:24:15,590: update.0.child      : update.0                        : update.0.child.watch: INFO    : put message: [update.0.child.watch.thread] terminating
2017-12-18 22:24:15,660: update.0.child      : update.0                        : MainThread     : WARNING : alive check: proc invalid - stop [False - True]
2017-12-18 22:24:15,720: update.0.child      : update.0                        : MainThread     : INFO    : stop update.0.child (23969 : 23969 : MainThread) [radical.pilot.worker.update.Update.stop]
2017-12-18 22:24:15,735: update.0.child      : update.0                        : MainThread     : INFO    : parent stops child  23969 -> 23969 [update.0.child]
2017-12-18 22:24:15,736: update.0.child      : update.0                        : MainThread     : INFO    : send message: [update.0.child] STOP
2017-12-18 22:24:15,736: update.0.child      : update.0                        : MainThread     : WARNING : send failed ([Errno 9] Bad file descriptor) - terminate
2017-12-18 22:24:15,736: update.0.child      : update.0                        : MainThread     : DEBUG   : TERM : update.0.child unregister idler update.0.child.idler._idle_cb
2017-12-18 22:24:15,736: update.0.child      : update.0                        : MainThread     : INFO    : parent stops child
2017-12-18 22:24:15,736: update.0.child      : update.0                        : MainThread     : DEBUG   : ru_finalize_parent (NOOP)
2017-12-18 22:24:15,736: update.0.child      : update.0                        : MainThread     : DEBUG   : ru_finalize_common (NOOP)
2017-12-18 22:24:15,807: update.0.child      : update.0                        : update.0.child.idler._idle_cb: DEBUG   : ru_finalize_child (NOOP)
2017-12-18 22:24:15,808: update.0.child      : update.0                        : update.0.child.idler._idle_cb: DEBUG   : ru_finalize_common (NOOP)
2017-12-18 22:24:15,808: update.0.child      : update.0                        : update.0.child.idler._idle_cb: INFO    : put message: [update.0.child.idler._idle_cb.thread] terminating
2017-12-18 22:24:15,850: update.0.child      : update.0                        : MainThread     : DEBUG   : TERM : update.0.child unregistered idler update.0.child.idler._idle_cb
2017-12-18 22:24:15,851: update.0.child      : update.0                        : MainThread     : DEBUG   : TERM : update.0.child unregister subscriber update.0.child.subscriber._state_cb
2017-12-18 22:24:15,851: update.0.child      : update.0                        : MainThread     : DEBUG   : unregistered subscriber update.0.child.subscriber._state_cb
2017-12-18 22:24:15,851: update.0.child      : update.0                        : MainThread     : DEBUG   : ru_finalize_common()
2017-12-18 22:24:15,851: update.0.child      : update.0                        : MainThread     : DEBUG   : TERM : update.0.child unregister publisher log_pubsub
2017-12-18 22:24:15,852: update.0.child      : update.0                        : MainThread     : DEBUG   : unregistered publisher log_pubsub
2017-12-18 22:24:15,852: update.0.child      : update.0                        : MainThread     : DEBUG   : TERM : update.0.child unregister publisher state_pubsub
2017-12-18 22:24:15,853: update.0.child      : update.0                        : MainThread     : DEBUG   : unregistered publisher state_pubsub
2017-12-18 22:24:15,853: update.0.child      : update.0                        : MainThread     : DEBUG   : TERM : update.0.child unregister publisher control_pubsub
2017-12-18 22:24:15,854: update.0.child      : update.0                        : MainThread     : DEBUG   : unregistered publisher control_pubsub
2017-12-18 22:24:15,854: update.0.child      : update.0                        : MainThread     : DEBUG   : update.0.child close prof
2017-12-18 22:24:15,867: update.0.child      : update.0                        : MainThread     : INFO    : parent stops child
2017-12-18 22:24:15,868: update.0.child      : update.0                        : MainThread     : DEBUG   : ru_finalize_parent (NOOP)
2017-12-18 22:24:15,868: update.0.child      : update.0                        : MainThread     : DEBUG   : ru_finalize_common (NOOP)
2017-12-18 22:24:15,868: update.0.child      : update.0                        : MainThread     : INFO    : parent stops child
2017-12-18 22:24:15,868: update.0.child      : update.0                        : MainThread     : DEBUG   : ru_finalize_parent (NOOP)
2017-12-18 22:24:15,869: update.0.child      : update.0                        : update.0.child.subscriber._cancel_monitor_cb: DEBUG   : ru_finalize_child (NOOP)
2017-12-18 22:24:15,869: update.0.child      : update.0                        : update.0.child.subscriber._cancel_monitor_cb: INFO    : put message: [update.0.child.subscriber._cancel_monitor_cb.thread] terminating
2017-12-18 22:24:15,870: update.0.child      : update.0                        : MainThread     : INFO    : parent stops child
2017-12-18 22:24:15,870: update.0.child      : update.0                        : MainThread     : DEBUG   : ru_finalize_parent (NOOP)
2017-12-18 22:24:15,871: update.0.child      : update.0                        : update.0.child.subscriber._state_cb: DEBUG   : ru_finalize_child (NOOP)
2017-12-18 22:24:15,871: update.0.child      : update.0                        : update.0.child.subscriber._state_cb: INFO    : put message: [update.0.child.subscriber._state_cb.thread] terminating
2017-12-18 22:24:15,872: update.0.child      : update.0                        : MainThread     : INFO    : parent stops child
2017-12-18 22:24:15,872: update.0.child      : update.0                        : MainThread     : WARNING : super update.0.child is invalid
2017-12-18 22:24:15,872: update.0.child      : update.0                        : MainThread     : WARNING : component update.0.child is invalid
2017-12-18 22:24:15,873: update.0.child      : update.0                        : MainThread     : INFO    : stop update.0.child (23969 : 23969 : MainThread) [radical.pilot.worker.update.Update.stop]
2017-12-18 22:24:15,874: update.0.child      : update.0                        : MainThread     : DEBUG   : TERM : update.0.child unregister idler update.0.child.idler._idle_cb
2017-12-18 22:24:15,874: update.0.child      : update.0                        : MainThread     : WARNING : timed cb update.0.child.idler._idle_cb is not registered
2017-12-18 22:24:15,874: update.0.child      : update.0                        : MainThread     : DEBUG   : TERM : update.0.child unregister subscriber update.0.child.subscriber._state_cb
2017-12-18 22:24:15,874: update.0.child      : update.0                        : MainThread     : WARNING : subscriber _state_cb is not registered
2017-12-18 22:24:15,874: update.0.child      : update.0                        : MainThread     : DEBUG   : ru_finalize_common()
2017-12-18 22:24:15,874: update.0.child      : update.0                        : MainThread     : WARNING : publisher log_pubsub is not registered
2017-12-18 22:24:15,874: update.0.child      : update.0                        : MainThread     : WARNING : publisher state_pubsub is not registered
2017-12-18 22:24:15,874: update.0.child      : update.0                        : MainThread     : WARNING : publisher control_pubsub is not registered
2017-12-18 22:24:15,874: update.0.child      : update.0                        : MainThread     : DEBUG   : update.0.child close prof
2017-12-18 22:24:15,874: update.0.child      : update.0                        : MainThread     : INFO    : send message: [update.0.child] terminating
2017-12-18 22:24:15,875: update.0.child      : update.0                        : MainThread     : WARNING : send failed ([Errno 9] Bad file descriptor) - terminate
2017-12-18 22:24:15,875: update.0.child      : update.0                        : MainThread     : INFO    : parent stops child
2017-12-18 22:24:15,875: update.0.child      : update.0                        : MainThread     : INFO    : parent stops child
2017-12-18 22:24:15,875: update.0.child      : update.0                        : MainThread     : INFO    : parent stops child
