2017-12-15 10:37:55,745: control.pubsub.pub.0003: umgr.0000.staging.input.0       : MainThread     : INFO    : python.interpreter   version: 2.7.12 (default, Nov 20 2017, 18:23:56) [GCC 5.4.0 20160609]
2017-12-15 10:37:55,746: control.pubsub.pub.0003: umgr.0000.staging.input.0       : MainThread     : INFO    :                      pid: 5786
2017-12-15 10:37:55,746: control.pubsub.pub.0003: umgr.0000.staging.input.0       : MainThread     : INFO    :                      tid: MainThread
2017-12-15 10:37:55,746: control.pubsub.pub.0003: umgr.0000.staging.input.0       : MainThread     : INFO    : radical.pilot        version: 0.47.1
2017-12-15 10:37:55,746: control.pubsub.pub.0003: umgr.0000.staging.input.0       : MainThread     : INFO    : create control_pubsub - pub - tcp://172.30.238.6:40693
2017-12-15 10:37:55,769: control.pubsub.pub.0003: umgr.0000.staging.input.0       : MainThread     : DEBUG   : start process
2017-12-15 10:37:55,769: control.pubsub.pub.0003: umgr.0000.staging.input.0       : MainThread     : DEBUG   : ru_initialize_common (NOOP)
2017-12-15 10:37:55,770: control.pubsub.pub.0003: umgr.0000.staging.input.0       : MainThread     : DEBUG   : ru_initialize_parent (NOOP)
2017-12-15 10:37:55,770: control.pubsub.pub.0003: umgr.0000.staging.input.0       : MainThread     : DEBUG   : process class started (no child)
2017-12-15 10:37:55,803: control.pubsub.pub.0003: task-manager                    : MainThread     : INFO    : python.interpreter   version: 2.7.12 (default, Nov 20 2017, 18:23:56) [GCC 5.4.0 20160609]
2017-12-15 10:37:55,803: control.pubsub.pub.0003: task-manager                    : MainThread     : INFO    :                      pid: 5700
2017-12-15 10:37:55,803: control.pubsub.pub.0003: task-manager                    : MainThread     : INFO    :                      tid: MainThread
2017-12-15 10:37:55,804: control.pubsub.pub.0003: task-manager                    : MainThread     : INFO    : radical.pilot        version: 0.47.1
2017-12-15 10:37:55,804: control.pubsub.pub.0003: task-manager                    : MainThread     : INFO    : create control_pubsub - pub - tcp://172.30.238.6:40693
2017-12-15 10:37:55,821: control.pubsub.pub.0003: task-manager                    : MainThread     : DEBUG   : start process
2017-12-15 10:37:55,821: control.pubsub.pub.0003: task-manager                    : MainThread     : DEBUG   : ru_initialize_common (NOOP)
2017-12-15 10:37:55,822: control.pubsub.pub.0003: task-manager                    : MainThread     : DEBUG   : ru_initialize_parent (NOOP)
2017-12-15 10:37:55,822: control.pubsub.pub.0003: task-manager                    : MainThread     : DEBUG   : process class started (no child)
2017-12-15 10:57:01,411: control.pubsub.pub.0003: umgr.0000.staging.input.0       : MainThread     : INFO    : parent stops child  5786 -> None [control.pubsub.pub.0003]
2017-12-15 10:57:01,412: control.pubsub.pub.0003: umgr.0000.staging.input.0       : MainThread     : DEBUG   : ru_finalize_parent (NOOP)
