2017-12-15 10:36:43,708: control.pubsub.pub.0000: update.0                        : MainThread     : INFO    : python.interpreter   version: 2.7.12 (default, Nov 20 2017, 18:23:56) [GCC 5.4.0 20160609]
2017-12-15 10:36:43,709: control.pubsub.pub.0000: update.0                        : MainThread     : INFO    :                      pid: 4535
2017-12-15 10:36:43,709: control.pubsub.pub.0000: update.0                        : MainThread     : INFO    :                      tid: MainThread
2017-12-15 10:36:43,709: control.pubsub.pub.0000: update.0                        : MainThread     : INFO    : radical.pilot        version: 0.47.1
2017-12-15 10:36:43,709: control.pubsub.pub.0000: update.0                        : MainThread     : INFO    : create control_pubsub - pub - tcp://172.30.238.6:40693
2017-12-15 10:36:43,730: control.pubsub.pub.0000: update.0                        : MainThread     : DEBUG   : start process
2017-12-15 10:36:43,730: control.pubsub.pub.0000: update.0                        : MainThread     : DEBUG   : ru_initialize_common (NOOP)
2017-12-15 10:36:43,730: control.pubsub.pub.0000: update.0                        : MainThread     : DEBUG   : ru_initialize_parent (NOOP)
2017-12-15 10:36:43,730: control.pubsub.pub.0000: update.0                        : MainThread     : DEBUG   : process class started (no child)
2017-12-15 10:36:44,049: control.pubsub.pub.0000: MainProcess                     : MainThread     : INFO    : python.interpreter   version: 2.7.12 (default, Nov 20 2017, 18:23:56) [GCC 5.4.0 20160609]
2017-12-15 10:36:44,049: control.pubsub.pub.0000: MainProcess                     : MainThread     : INFO    :                      pid: 4425
2017-12-15 10:36:44,049: control.pubsub.pub.0000: MainProcess                     : MainThread     : INFO    :                      tid: MainThread
2017-12-15 10:36:44,049: control.pubsub.pub.0000: MainProcess                     : MainThread     : INFO    : radical.pilot        version: 0.47.1
2017-12-15 10:36:44,049: control.pubsub.pub.0000: MainProcess                     : MainThread     : INFO    : create control_pubsub - pub - tcp://172.30.238.6:40693
2017-12-15 10:36:44,078: control.pubsub.pub.0000: MainProcess                     : MainThread     : DEBUG   : start process
2017-12-15 10:36:44,078: control.pubsub.pub.0000: MainProcess                     : MainThread     : DEBUG   : ru_initialize_common (NOOP)
2017-12-15 10:36:44,078: control.pubsub.pub.0000: MainProcess                     : MainThread     : DEBUG   : ru_initialize_parent (NOOP)
2017-12-15 10:36:44,078: control.pubsub.pub.0000: MainProcess                     : MainThread     : DEBUG   : process class started (no child)
2017-12-15 10:57:13,483: control.pubsub.pub.0000: MainProcess                     : MainThread     : INFO    : parent stops child  4425 -> None [control.pubsub.pub.0000]
2017-12-15 10:57:13,483: control.pubsub.pub.0000: MainProcess                     : MainThread     : DEBUG   : ru_finalize_parent (NOOP)
2017-12-15 10:57:13,791: control.pubsub.pub.0000: update.0                        : MainThread     : INFO    : parent stops child  4535 -> None [control.pubsub.pub.0000]
2017-12-15 10:57:13,791: control.pubsub.pub.0000: update.0                        : MainThread     : DEBUG   : ru_finalize_parent (NOOP)
