2017-12-15 10:36:44,084: pmgr.0000           : MainProcess                     : MainThread     : INFO    : python.interpreter   version: 2.7.12 (default, Nov 20 2017, 18:23:56) [GCC 5.4.0 20160609]
2017-12-15 10:36:44,084: pmgr.0000           : MainProcess                     : MainThread     : INFO    :                      pid: 4425
2017-12-15 10:36:44,084: pmgr.0000           : MainProcess                     : MainThread     : INFO    :                      tid: MainThread
2017-12-15 10:36:44,084: pmgr.0000           : MainProcess                     : MainThread     : INFO    : radical.pilot        version: 0.47.1
2017-12-15 10:36:45,106: pmgr.0000           : MainProcess                     : MainThread     : DEBUG   : alive check in term
2017-12-15 10:36:45,106: pmgr.0000           : MainProcess                     : MainThread     : DEBUG   : start process
2017-12-15 10:36:45,106: pmgr.0000           : MainProcess                     : MainThread     : INFO    : initialize pmgr.0000
2017-12-15 10:36:45,107: pmgr.0000           : MainProcess                     : MainThread     : INFO    : cfg: {u'bridges': {u'pmgr_launching_queue': {u'bulk_size': 0,
                                        u'log_level': u'debug',
                                        u'stall_hwm': 1}},
 u'components': {u'PMGRLaunchingComponent': {u'count': 1}},
 u'db_poll_sleeptime': 1.0,
 'owner': 'pmgr.0000'}
2017-12-15 10:36:45,107: pmgr.0000           : MainProcess                     : MainThread     : DEBUG   : start bridges   : {u'pmgr_launching_queue': {u'bulk_size': 0,
                           u'log_level': u'debug',
                           u'stall_hwm': 1}}
2017-12-15 10:36:45,107: pmgr.0000           : MainProcess                     : MainThread     : INFO    : create bridge pmgr_launching_queue
2017-12-15 10:36:45,131: pmgr.0000           : MainProcess                     : MainThread     : INFO    : created bridge pmgr_launching_queue (pmgr.launching.queue.bridge.0000)
2017-12-15 10:36:45,132: pmgr.0000           : MainProcess                     : MainThread     : DEBUG   : start components: {u'PMGRLaunchingComponent': {u'count': 1}}
2017-12-15 10:36:45,132: pmgr.0000           : MainProcess                     : MainThread     : DEBUG   : start 1 component(s) PMGRLaunchingComponent
2017-12-15 10:36:47,280: pmgr.0000           : MainProcess                     : MainThread     : INFO    : pmgr.0000                      starts pmgr.0000.launching.0
2017-12-15 10:36:47,280: pmgr.0000           : MainProcess                     : MainThread     : DEBUG   : alive check in term
2017-12-15 10:36:47,280: pmgr.0000           : MainProcess                     : MainThread     : DEBUG   : START: pmgr.0000 register publisher log_pubsub
2017-12-15 10:36:47,280: pmgr.0000           : MainProcess                     : MainThread     : DEBUG   : using addr tcp://172.30.238.6:42932 for pubsub log_pubsub
2017-12-15 10:36:47,283: pmgr.0000           : MainProcess                     : MainThread     : DEBUG   : registered publisher : log_pubsub : log.pubsub.pub.0002
2017-12-15 10:36:47,283: pmgr.0000           : MainProcess                     : MainThread     : DEBUG   : alive check in term
2017-12-15 10:36:47,283: pmgr.0000           : MainProcess                     : MainThread     : DEBUG   : START: pmgr.0000 register publisher state_pubsub
2017-12-15 10:36:47,283: pmgr.0000           : MainProcess                     : MainThread     : DEBUG   : using addr tcp://172.30.238.6:35406 for pubsub state_pubsub
2017-12-15 10:36:47,308: pmgr.0000           : MainProcess                     : MainThread     : DEBUG   : registered publisher : state_pubsub : state.pubsub.pub.0002
2017-12-15 10:36:47,308: pmgr.0000           : MainProcess                     : MainThread     : DEBUG   : alive check in term
2017-12-15 10:36:47,308: pmgr.0000           : MainProcess                     : MainThread     : DEBUG   : START: pmgr.0000 register publisher control_pubsub
2017-12-15 10:36:47,308: pmgr.0000           : MainProcess                     : MainThread     : DEBUG   : using addr tcp://172.30.238.6:40693 for pubsub control_pubsub
2017-12-15 10:36:47,311: pmgr.0000           : MainProcess                     : MainThread     : DEBUG   : registered publisher : control_pubsub : control.pubsub.pub.0002
2017-12-15 10:36:47,311: pmgr.0000           : MainProcess                     : MainThread     : DEBUG   : process class started (no child)
2017-12-15 10:36:47,311: pmgr.0000           : MainProcess                     : MainThread     : DEBUG   : START: pmgr.0000 register output PMGR_LAUNCHING_PENDING
2017-12-15 10:36:47,311: pmgr.0000           : MainProcess                     : MainThread     : DEBUG   : using addr tcp://172.30.238.6:38331 for output pmgr_launching_queue
2017-12-15 10:36:47,314: pmgr.0000           : MainProcess                     : MainThread     : DEBUG   : registered output    : PMGR_LAUNCHING_PENDING : pmgr_launching_queue : pmgr.launching.queue.input.0000
2017-12-15 10:36:47,314: pmgr.0000           : MainProcess                     : MainThread     : DEBUG   : START: pmgr.0000 register subscriber pmgr.0000.subscriber._staging_ack_cb
2017-12-15 10:36:47,314: pmgr.0000           : MainProcess                     : MainThread     : DEBUG   : using addr tcp://172.30.238.6:34524 for pubsub control_pubsub
2017-12-15 10:36:47,316: pmgr.0000           : MainProcess                     : MainThread     : DEBUG   : parent name: pmgr.0000.subscriber._staging_ack_cb
2017-12-15 10:36:47,317: pmgr.0000           : MainProcess                     : MainThread     : DEBUG   : start thread
2017-12-15 10:36:47,317: pmgr.0000           : MainProcess                     : pmgr.0000.subscriber._staging_ack_cb: DEBUG   : child name: pmgr.0000.subscriber._staging_ack_cb.thread
2017-12-15 10:36:47,317: pmgr.0000           : MainProcess                     : pmgr.0000.subscriber._staging_ack_cb: INFO    : child (me) initializing
2017-12-15 10:36:47,317: pmgr.0000           : MainProcess                     : pmgr.0000.subscriber._staging_ack_cb: DEBUG   : ru_initialize_common (NOOP)
2017-12-15 10:36:47,317: pmgr.0000           : MainProcess                     : pmgr.0000.subscriber._staging_ack_cb: DEBUG   : ru_initialize_child (NOOP)
2017-12-15 10:36:47,318: pmgr.0000           : MainProcess                     : pmgr.0000.subscriber._staging_ack_cb: INFO    : send alive
2017-12-15 10:36:47,318: pmgr.0000           : MainProcess                     : pmgr.0000.subscriber._staging_ack_cb: INFO    : put message: [pmgr.0000.subscriber._staging_ack_cb.thread] alive
2017-12-15 10:36:47,318: pmgr.0000           : MainProcess                     : MainThread     : INFO    : get msg: alive
2017-12-15 10:36:47,319: pmgr.0000           : MainProcess                     : MainThread     : DEBUG   : ru_initialize_common (NOOP)
2017-12-15 10:36:47,319: pmgr.0000           : MainProcess                     : MainThread     : DEBUG   : ru_initialize_parent (NOOP)
2017-12-15 10:36:47,319: pmgr.0000           : MainProcess                     : MainThread     : DEBUG   : child thread pmgr.0000.subscriber._staging_ack_cb started
2017-12-15 10:36:47,319: pmgr.0000           : MainProcess                     : MainThread     : DEBUG   : pmgr.0000 registered control_pubsub subscriber pmgr.0000.subscriber._staging_ack_cb
2017-12-15 10:36:47,319: pmgr.0000           : MainProcess                     : MainThread     : DEBUG   : START: pmgr.0000 register idler pmgr.0000.idler._state_pull_cb
2017-12-15 10:36:47,319: pmgr.0000           : MainProcess                     : MainThread     : DEBUG   : parent name: pmgr.0000.idler._state_pull_cb
2017-12-15 10:36:47,319: pmgr.0000           : MainProcess                     : MainThread     : DEBUG   : start thread
2017-12-15 10:36:47,320: pmgr.0000           : MainProcess                     : pmgr.0000.idler._state_pull_cb: DEBUG   : child name: pmgr.0000.idler._state_pull_cb.thread
2017-12-15 10:36:47,320: pmgr.0000           : MainProcess                     : pmgr.0000.idler._state_pull_cb: INFO    : child (me) initializing
2017-12-15 10:36:47,320: pmgr.0000           : MainProcess                     : pmgr.0000.idler._state_pull_cb: DEBUG   : ru_initialize_common (NOOP)
2017-12-15 10:36:47,320: pmgr.0000           : MainProcess                     : pmgr.0000.idler._state_pull_cb: DEBUG   : ru_initialize_child (NOOP)
2017-12-15 10:36:47,320: pmgr.0000           : MainProcess                     : pmgr.0000.idler._state_pull_cb: INFO    : send alive
2017-12-15 10:36:47,320: pmgr.0000           : MainProcess                     : pmgr.0000.idler._state_pull_cb: INFO    : put message: [pmgr.0000.idler._state_pull_cb.thread] alive
2017-12-15 10:36:47,321: pmgr.0000           : MainProcess                     : MainThread     : INFO    : get msg: alive
2017-12-15 10:36:47,321: pmgr.0000           : MainProcess                     : MainThread     : DEBUG   : ru_initialize_common (NOOP)
2017-12-15 10:36:47,321: pmgr.0000           : MainProcess                     : MainThread     : DEBUG   : ru_initialize_parent (NOOP)
2017-12-15 10:36:47,322: pmgr.0000           : MainProcess                     : MainThread     : DEBUG   : child thread pmgr.0000.idler._state_pull_cb started
2017-12-15 10:36:47,322: pmgr.0000           : MainProcess                     : MainThread     : DEBUG   : pmgr.0000 registered idler pmgr.0000.idler._state_pull_cb
2017-12-15 10:36:47,323: pmgr.0000           : MainProcess                     : MainThread     : DEBUG   : START: pmgr.0000 register subscriber pmgr.0000.subscriber._state_sub_cb
2017-12-15 10:36:47,323: pmgr.0000           : MainProcess                     : MainThread     : DEBUG   : using addr tcp://172.30.238.6:33079 for pubsub state_pubsub
2017-12-15 10:36:47,326: pmgr.0000           : MainProcess                     : MainThread     : DEBUG   : parent name: pmgr.0000.subscriber._state_sub_cb
2017-12-15 10:36:47,326: pmgr.0000           : MainProcess                     : MainThread     : DEBUG   : start thread
2017-12-15 10:36:47,327: pmgr.0000           : MainProcess                     : pmgr.0000.subscriber._state_sub_cb: DEBUG   : child name: pmgr.0000.subscriber._state_sub_cb.thread
2017-12-15 10:36:47,327: pmgr.0000           : MainProcess                     : pmgr.0000.subscriber._state_sub_cb: INFO    : child (me) initializing
2017-12-15 10:36:47,327: pmgr.0000           : MainProcess                     : pmgr.0000.subscriber._state_sub_cb: DEBUG   : ru_initialize_common (NOOP)
2017-12-15 10:36:47,327: pmgr.0000           : MainProcess                     : pmgr.0000.subscriber._state_sub_cb: DEBUG   : ru_initialize_child (NOOP)
2017-12-15 10:36:47,327: pmgr.0000           : MainProcess                     : pmgr.0000.subscriber._state_sub_cb: INFO    : send alive
2017-12-15 10:36:47,327: pmgr.0000           : MainProcess                     : pmgr.0000.subscriber._state_sub_cb: INFO    : put message: [pmgr.0000.subscriber._state_sub_cb.thread] alive
2017-12-15 10:36:47,328: pmgr.0000           : MainProcess                     : MainThread     : INFO    : get msg: alive
2017-12-15 10:36:47,328: pmgr.0000           : MainProcess                     : MainThread     : DEBUG   : ru_initialize_common (NOOP)
2017-12-15 10:36:47,328: pmgr.0000           : MainProcess                     : MainThread     : DEBUG   : ru_initialize_parent (NOOP)
2017-12-15 10:36:47,328: pmgr.0000           : MainProcess                     : MainThread     : DEBUG   : child thread pmgr.0000.subscriber._state_sub_cb started
2017-12-15 10:36:47,371: pmgr.0000           : MainProcess                     : MainThread     : DEBUG   : pmgr.0000 registered state_pubsub subscriber pmgr.0000.subscriber._state_sub_cb
2017-12-15 10:36:47,424: pmgr.0000           : MainProcess                     : MainThread     : DEBUG   :  ===== 1:  [<class 'radical.utils.url.Url'>]
2017-12-15 10:36:47,424: pmgr.0000           : MainProcess                     : MainThread     : DEBUG   :  ===== 2:  [<type 'str'>]
2017-12-15 10:36:53,730: pmgr.0000           : MainProcess                     : MainThread     : DEBUG   :  ===== 3: gsisftp://supermic.cct-lsu.xsede.org:2222/work/vivek91/radical.pilot.sandbox/rp.session.js-17-212.jetstream-cloud.org.vivek91.017515.0059/pilot.0000/ [<class 'saga.url.Url'>]
2017-12-15 10:36:53,730: pmgr.0000           : MainProcess                     : MainThread     : DEBUG   : advance bulk size: 1 [False, False]
2017-12-15 10:36:53,780: pmgr.0000           : MainProcess                     : MainThread     : DEBUG   : pilot.0000 calls cb <bound method ComputePilot._default_state_cb of ['pilot.0000', 'xsede.supermic', 'PMGR_LAUNCHING_PENDING']>
2017-12-15 10:36:53,780: pmgr.0000           : MainProcess                     : MainThread     : INFO    : [Callback]: pilot pilot.0000 state: PMGR_LAUNCHING_PENDING.
2017-12-15 10:36:53,780: pmgr.0000           : MainProcess                     : MainThread     : DEBUG   : pmgr calls cb pilot.0000 for <function _pilot_state_cb at 0x7f20fa2e1d70>
2017-12-15 10:36:53,781: pmgr.0000           : MainProcess                     : MainThread     : DEBUG   : advance bulk size: 1 [True, True]
2017-12-15 10:36:53,781: pmgr.0000           : MainProcess                     : MainThread     : DEBUG   : put bulk PMGR_LAUNCHING_PENDING: 1
2017-12-15 10:36:53,783: pmgr.0000           : MainProcess                     : pmgr.0000.subscriber._state_sub_cb: DEBUG   : state event: {'cmd': 'update', 'arg': [{'state': 'PMGR_LAUNCHING_PENDING', 'type': 'pilot', 'uid': 'pilot.0000'}]}
2017-12-15 10:36:53,786: pmgr.0000           : MainProcess                     : pmgr.0000.subscriber._state_sub_cb: DEBUG   : state event: {'cmd': 'update', 'arg': [{'state': 'PMGR_LAUNCHING', 'type': 'pilot', 'uid': 'pilot.0000'}]}
2017-12-15 10:36:53,787: pmgr.0000           : MainProcess                     : pmgr.0000.subscriber._state_sub_cb: DEBUG   : pilot.0000 calls cb <bound method ComputePilot._default_state_cb of ['pilot.0000', 'xsede.supermic', 'PMGR_LAUNCHING']>
2017-12-15 10:36:53,787: pmgr.0000           : MainProcess                     : pmgr.0000.subscriber._state_sub_cb: INFO    : [Callback]: pilot pilot.0000 state: PMGR_LAUNCHING.
2017-12-15 10:36:53,787: pmgr.0000           : MainProcess                     : pmgr.0000.subscriber._state_sub_cb: DEBUG   : pmgr calls cb pilot.0000 for <function _pilot_state_cb at 0x7f20fa2e1d70>
2017-12-15 10:36:53,787: pmgr.0000           : MainProcess                     : pmgr.0000.subscriber._state_sub_cb: DEBUG   : advance bulk size: 1 [False, False]
2017-12-15 10:37:08,010: pmgr.0000           : MainProcess                     : pmgr.0000.subscriber._state_sub_cb: DEBUG   : state event: {'cmd': 'update', 'arg': [{'control': 'pmgr', 'resource_sandbox': 'gsisftp://supermic.cct-lsu.xsede.org:2222/work/vivek91/radical.pilot.sandbox', '_id': 'pilot.0000', 'resource': 'xsede.supermic', 'js_url': 'torque+gsissh://supermic.cct-lsu.xsede.org:2222/', 'pmgr': 'pmgr.0000', 'stdout': None, 'cfg': {'export_to_cu': None, 'spawner': 'POPEN', 'cu_pre_exec': None, 'owner': 'agent_0', 'bridges': {'state_pubsub': {'bulk_size': 0, 'stall_hwm': 1, 'log_level': 'debug'}, 'agent_unschedule_pubsub': {'bulk_size': 0, 'stall_hwm': 1, 'log_level': 'debug'}, 'log_pubsub': {'bulk_size': 0, 'stall_hwm': 1, 'log_level': 'debug'}, 'agent_staging_output_queue': {'bulk_size': 0, 'stall_hwm': 1, 'log_level': 'debug'}, 'agent_scheduling_queue': {'bulk_size': 0, 'stall_hwm': 1, 'log_level': 'debug'}, 'control_pubsub': {'bulk_size': 0, 'stall_hwm': 1, 'log_level': 'debug'}, 'agent_executing_queue': {'bulk_size': 0, 'stall_hwm': 1, 'log_level': 'debug'}, 'agent_reschedule_pubsub': {'bulk_size': 0, 'stall_hwm': 1, 'log_level': 'debug'}, 'agent_staging_input_queue': {'bulk_size': 0, 'stall_hwm': 1, 'log_level': 'debug'}}, 'logdir': '.', 'task_launch_method': 'SSH', 'pilot_sandbox': '/work/vivek91/radical.pilot.sandbox/rp.session.js-17-212.jetstream-cloud.org.vivek91.017515.0059/pilot.0000/', 'cu_tmp': None, 'cu_post_exec': None, 'max_io_loglength': 1024, 'cores_per_node': 20, 'agent_launch_method': 'SSH', 'bulk_collection_time': 1.0, 'mpi_launch_method': 'MPIEXEC', 'scheduler': 'CONTINUOUS', 'session_sandbox': '/work/vivek91/radical.pilot.sandbox/rp.session.js-17-212.jetstream-cloud.org.vivek91.017515.0059', 'lrms': 'TORQUE', 'pilot_id': 'pilot.0000', 'runtime': 22, 'dburl': 'mongodb://entk:entk@ds141406.mlab.com:41406/adap-task-count', 'target': 'local', 'staging_area': 'staging_area', 'bulk_collection_size': 100, 'staging_schema': 'staging', 'resource_sandbox': '/work/vivek91/radical.pilot.sandbox', 'session_id': 'rp.session.js-17-212.jetstream-cloud.org.vivek91.017515.0059', 'mode': 'shared', 'components': {'AgentStagingOutputComponent': {'count': 1}, 'AgentSchedulingComponent': {'count': 1}, 'AgentStagingInputComponent': {'count': 1}, 'UpdateWorker': {'count': 1}, 'AgentExecutingComponent': {'count': 1}}, 'debug': 10, 'cores': 40, 'resource_cfg': {'agent_scheduler': 'CONTINUOUS', 'default_remote_workdir': '/work/$USER', 'rp_version': 'local', 'pre_bootstrap_1': ['module load python/2.7.7-anaconda'], 'python_dist': 'default', 'agent_spawner': 'POPEN', 'job_manager_endpoint': 'torque+gsissh://supermic.cct-lsu.xsede.org:2222/', 'schemas': ['gsissh', 'ssh'], 'filesystem_endpoint': 'gsisftp://supermic.cct-lsu.xsede.org:2222/', 'label': 'xsede.supermic_ssh', 'gsissh': {'filesystem_endpoint': 'gsisftp://supermic.cct-lsu.xsede.org:2222/', 'job_manager_endpoint': 'torque+gsissh://supermic.cct-lsu.xsede.org:2222/'}, 'valid_roots': ['/work'], 'task_launch_method': 'SSH', 'virtenv_mode': 'create', 'description': "SuperMIC (pronounced 'Super Mick') is Louisiana State University's (LSU) newest supercomputer funded by the National Science Foundation's (NSF) Major Research Instrumentation (MRI) award to the Center for Computation & Technology. (https://portal.xsede.org/lsu-supermic)", 'default_queue': 'workq', 'cores_per_node': '20', 'agent_launch_method': 'SSH', 'mpi_launch_method': 'MPIEXEC', 'ssh': {'filesystem_endpoint': 'sftp://supermic.cct-lsu.xsede.org/', 'job_manager_endpoint': 'torque+ssh://supermic.cct-lsu.xsede.org/'}, 'lrms': 'TORQUE', 'notes': 'Partially allocated through XSEDE. Primary access through GSISSH. Allows SSH key authentication too.'}, 'db_poll_sleeptime': 1.0}, 'description': {'queue': None, 'resource': 'xsede.supermic', 'exit_on_error': False, 'candidate_hosts': None, 'project': 'TG-MCB090174', 'sandbox': None, 'cleanup': None, 'access_schema': 'gsissh', 'memory': None, 'cores': 21, 'runtime': 22}, 'cmd': [], 'states': ['NEW'], 'state': 'PMGR_ACTIVE_PENDING', 'session': 'rp.session.js-17-212.jetstream-cloud.org.vivek91.017515.0059', 'log': None, 'stderr': None, 'resource_details': None, 'js_hop': 'torque+gsissh://supermic.cct-lsu.xsede.org:2222/', 'client_sandbox': '/home/vivek91/repos/adaptive-bms-experiments/task-count-adap/bin', 'type': 'pilot', 'pilot_sandbox': 'gsisftp://supermic.cct-lsu.xsede.org:2222/work/vivek91/radical.pilot.sandbox/rp.session.js-17-212.jetstream-cloud.org.vivek91.017515.0059/pilot.0000/', 'uid': 'pilot.0000'}]}
2017-12-15 10:37:08,011: pmgr.0000           : MainProcess                     : pmgr.0000.subscriber._state_sub_cb: DEBUG   : pilot.0000 calls cb <bound method ComputePilot._default_state_cb of ['pilot.0000', 'xsede.supermic', 'PMGR_ACTIVE_PENDING']>
2017-12-15 10:37:08,011: pmgr.0000           : MainProcess                     : pmgr.0000.subscriber._state_sub_cb: INFO    : [Callback]: pilot pilot.0000 state: PMGR_ACTIVE_PENDING.
2017-12-15 10:37:08,012: pmgr.0000           : MainProcess                     : pmgr.0000.subscriber._state_sub_cb: DEBUG   : pmgr calls cb pilot.0000 for <function _pilot_state_cb at 0x7f20fa2e1d70>
2017-12-15 10:37:08,012: pmgr.0000           : MainProcess                     : pmgr.0000.subscriber._state_sub_cb: DEBUG   : advance bulk size: 1 [False, False]
2017-12-15 10:37:49,418: pmgr.0000           : MainProcess                     : pmgr.0000.idler._state_pull_cb: DEBUG   : pilot.0000 calls cb <bound method ComputePilot._default_state_cb of ['pilot.0000', 'xsede.supermic', u'PMGR_ACTIVE']>
2017-12-15 10:37:49,418: pmgr.0000           : MainProcess                     : pmgr.0000.idler._state_pull_cb: INFO    : [Callback]: pilot pilot.0000 state: PMGR_ACTIVE.
2017-12-15 10:37:49,418: pmgr.0000           : MainProcess                     : pmgr.0000.idler._state_pull_cb: DEBUG   : pmgr calls cb pilot.0000 for <function _pilot_state_cb at 0x7f20fa2e1d70>
2017-12-15 10:37:49,419: pmgr.0000           : MainProcess                     : pmgr.0000.idler._state_pull_cb: DEBUG   : advance bulk size: 1 [False, True]
2017-12-15 10:37:49,419: pmgr.0000           : MainProcess                     : pmgr.0000.idler._state_pull_cb: INFO    : pilot pilot.0000 is PMGR_ACTIVE: None [None]
2017-12-15 10:37:49,420: pmgr.0000           : MainProcess                     : pmgr.0000.subscriber._state_sub_cb: DEBUG   : state event: {'cmd': 'update', 'arg': [{'state': 'PMGR_ACTIVE', 'type': 'pilot', 'uid': 'pilot.0000'}]}
2017-12-15 10:38:00,653: pmgr.0000           : MainProcess                     : pmgr.0000.subscriber._state_sub_cb: DEBUG   : state event: {'cmd': 'update', 'arg': [{'state': 'UMGR_SCHEDULING_PENDING', 'type': 'unit', 'uid': 'unit.000000'}]}
2017-12-15 10:38:00,655: pmgr.0000           : MainProcess                     : pmgr.0000.subscriber._state_sub_cb: DEBUG   : state event: {'cmd': 'update', 'arg': [{'state': 'UMGR_SCHEDULING', 'type': 'unit', 'uid': 'unit.000000'}]}
2017-12-15 10:38:00,656: pmgr.0000           : MainProcess                     : pmgr.0000.subscriber._state_sub_cb: DEBUG   : state event: {'cmd': 'update', 'arg': []}
2017-12-15 10:38:00,656: pmgr.0000           : MainProcess                     : pmgr.0000.subscriber._state_sub_cb: DEBUG   : state event: {'cmd': 'update', 'arg': [{'state': 'UMGR_STAGING_INPUT_PENDING', 'type': 'unit', 'uid': 'unit.000000'}]}
2017-12-15 10:38:00,659: pmgr.0000           : MainProcess                     : pmgr.0000.subscriber._state_sub_cb: DEBUG   : state event: {'cmd': 'update', 'arg': [{'state': 'UMGR_STAGING_INPUT', 'type': 'unit', 'uid': 'unit.000000'}]}
2017-12-15 10:38:00,660: pmgr.0000           : MainProcess                     : pmgr.0000.subscriber._state_sub_cb: DEBUG   : state event: {'cmd': 'update', 'arg': [{'resource_sandbox': 'gsisftp://supermic.cct-lsu.xsede.org:2222/work/vivek91/radical.pilot.sandbox', 'control': 'agent_pending', 'client_sandbox': '/home/vivek91/repos/adaptive-bms-experiments/task-count-adap/bin', 'description': {'kernel': None, 'executable': 'stress-ng', 'name': 'radical.entk.task.js-17-212.jetstream-cloud.org.vivek91.017515.0058,radical.entk.stage.js-17-212.jetstream-cloud.org.vivek91.017515.0057,radical.entk.pipeline.js-17-212.jetstream-cloud.org.vivek91.017515.0056', 'restartable': False, 'output_staging': [], 'stdout': None, 'pre_exec': ['export PATH=/home/vivek91/tools/stress-ng-0.09.04:$PATH'], 'mpi': False, 'environment': None, 'cleanup': False, 'arguments': ['-c', '1', '-t', '120'], 'stderr': None, 'cores': 1, 'post_exec': [], 'input_staging': [], 'pilot': None}, 'stdout': None, 'cmd': [], 'exit_code': None, 'states': ['NEW'], 'state': 'AGENT_STAGING_INPUT_PENDING', 'umgr': 'umgr.0000', 'pilot': 'pilot.0000', 'uid': 'unit.000000', 'pilot_sandbox': 'gsisftp://supermic.cct-lsu.xsede.org:2222/work/vivek91/radical.pilot.sandbox/rp.session.js-17-212.jetstream-cloud.org.vivek91.017515.0059/pilot.0000/', '_id': 'unit.000000', 'type': 'unit', 'stderr': None, 'unit_sandbox': 'gsisftp://supermic.cct-lsu.xsede.org:2222/work/vivek91/radical.pilot.sandbox/rp.session.js-17-212.jetstream-cloud.org.vivek91.017515.0059/pilot.0000//unit.000000/', 'name': 'radical.entk.task.js-17-212.jetstream-cloud.org.vivek91.017515.0058,radical.entk.stage.js-17-212.jetstream-cloud.org.vivek91.017515.0057,radical.entk.pipeline.js-17-212.jetstream-cloud.org.vivek91.017515.0056'}]}
2017-12-15 10:40:05,734: pmgr.0000           : MainProcess                     : pmgr.0000.subscriber._state_sub_cb: DEBUG   : state event: {'cmd': 'update', 'arg': [{'state': 'UMGR_STAGING_OUTPUT_PENDING', 'type': 'unit', 'uid': 'unit.000000'}]}
2017-12-15 10:40:05,735: pmgr.0000           : MainProcess                     : pmgr.0000.subscriber._state_sub_cb: DEBUG   : state event: {'cmd': 'update', 'arg': [{'state': 'UMGR_STAGING_OUTPUT', 'type': 'unit', 'uid': 'unit.000000'}]}
2017-12-15 10:40:05,736: pmgr.0000           : MainProcess                     : pmgr.0000.subscriber._state_sub_cb: DEBUG   : state event: {'cmd': 'update', 'arg': [{'control': None, 'uid': 'unit.000000', 'stdout': '', 'states': ['NEW', 'UMGR_SCHEDULING_PENDING', 'UMGR_SCHEDULING', 'UMGR_STAGING_INPUT_PENDING', 'UMGR_STAGING_INPUT', 'AGENT_STAGING_INPUT_PENDING', 'AGENT_STAGING_INPUT', 'AGENT_SCHEDULING_PENDING', 'AGENT_SCHEDULING', 'AGENT_EXECUTING_PENDING', 'AGENT_EXECUTING', 'AGENT_STAGING_OUTPUT_PENDING', 'AGENT_STAGING_OUTPUT', 'UMGR_STAGING_OUTPUT_PENDING'], 'target_state': 'DONE', 'opaque_slots': {'task_slots': ['smic028:0'], 'task_offsets': 0, 'lm_info': {}}, 'umgr': 'umgr.0000', 'exit_code': 0, 'state': 'DONE', 'client_sandbox': '/home/vivek91/repos/adaptive-bms-experiments/task-count-adap/bin', 'type': 'unit', 'pilot_sandbox': 'gsisftp://supermic.cct-lsu.xsede.org:2222/work/vivek91/radical.pilot.sandbox/rp.session.js-17-212.jetstream-cloud.org.vivek91.017515.0059/pilot.0000/', 'resource_sandbox': 'gsisftp://supermic.cct-lsu.xsede.org:2222/work/vivek91/radical.pilot.sandbox', 'description': {'kernel': None, 'executable': 'stress-ng', 'name': 'radical.entk.task.js-17-212.jetstream-cloud.org.vivek91.017515.0058,radical.entk.stage.js-17-212.jetstream-cloud.org.vivek91.017515.0057,radical.entk.pipeline.js-17-212.jetstream-cloud.org.vivek91.017515.0056', 'restartable': False, 'output_staging': [], 'stdout': None, 'pre_exec': ['export PATH=/home/vivek91/tools/stress-ng-0.09.04:$PATH'], 'mpi': False, 'environment': None, 'cleanup': False, 'arguments': ['-c', '1', '-t', '120'], 'stderr': None, 'cores': 1, 'post_exec': [], 'input_staging': [], 'pilot': None}, 'stderr_file': '/worka/work/vivek91/radical.pilot.sandbox/rp.session.js-17-212.jetstream-cloud.org.vivek91.017515.0059/pilot.0000/unit.000000/STDERR', 'stdout_file': '/worka/work/vivek91/radical.pilot.sandbox/rp.session.js-17-212.jetstream-cloud.org.vivek91.017515.0059/pilot.0000/unit.000000/STDOUT', 'pilot': 'pilot.0000', 'name': 'radical.entk.task.js-17-212.jetstream-cloud.org.vivek91.017515.0058,radical.entk.stage.js-17-212.jetstream-cloud.org.vivek91.017515.0057,radical.entk.pipeline.js-17-212.jetstream-cloud.org.vivek91.017515.0056', 'cmd': [], 'stderr': 'stress-ng: info:  [43549] dispatching hogs: 1 cpu\nstress-ng: info:  [43549] successful run completed in 120.02s (2 mins, 0.02 secs)\n', '_id': 'unit.000000', 'unit_sandbox': 'gsisftp://supermic.cct-lsu.xsede.org:2222/work/vivek91/radical.pilot.sandbox/rp.session.js-17-212.jetstream-cloud.org.vivek91.017515.0059/pilot.0000//unit.000000/'}]}
2017-12-15 10:40:05,829: pmgr.0000           : MainProcess                     : pmgr.0000.subscriber._state_sub_cb: DEBUG   : state event: {'cmd': 'update', 'arg': [{'state': 'UMGR_SCHEDULING_PENDING', 'type': 'unit', 'uid': 'unit.000001'}]}
2017-12-15 10:40:05,830: pmgr.0000           : MainProcess                     : pmgr.0000.subscriber._state_sub_cb: DEBUG   : state event: {'cmd': 'update', 'arg': [{'state': 'UMGR_SCHEDULING', 'type': 'unit', 'uid': 'unit.000001'}]}
2017-12-15 10:40:05,831: pmgr.0000           : MainProcess                     : pmgr.0000.subscriber._state_sub_cb: DEBUG   : state event: {'cmd': 'update', 'arg': []}
2017-12-15 10:40:05,831: pmgr.0000           : MainProcess                     : pmgr.0000.subscriber._state_sub_cb: DEBUG   : state event: {'cmd': 'update', 'arg': [{'state': 'UMGR_STAGING_INPUT_PENDING', 'type': 'unit', 'uid': 'unit.000001'}]}
2017-12-15 10:40:05,832: pmgr.0000           : MainProcess                     : pmgr.0000.subscriber._state_sub_cb: DEBUG   : state event: {'cmd': 'update', 'arg': [{'state': 'UMGR_STAGING_INPUT', 'type': 'unit', 'uid': 'unit.000001'}]}
2017-12-15 10:40:05,833: pmgr.0000           : MainProcess                     : pmgr.0000.subscriber._state_sub_cb: DEBUG   : state event: {'cmd': 'update', 'arg': [{'resource_sandbox': 'gsisftp://supermic.cct-lsu.xsede.org:2222/work/vivek91/radical.pilot.sandbox', 'control': 'agent_pending', 'client_sandbox': '/home/vivek91/repos/adaptive-bms-experiments/task-count-adap/bin', 'description': {'kernel': None, 'executable': 'stress-ng', 'name': 'radical.entk.task.js-17-212.jetstream-cloud.org.vivek91.017515.0076,radical.entk.stage.js-17-212.jetstream-cloud.org.vivek91.017515.0075,radical.entk.pipeline.js-17-212.jetstream-cloud.org.vivek91.017515.0056', 'restartable': False, 'output_staging': [], 'stdout': None, 'pre_exec': ['export PATH=/home/vivek91/tools/stress-ng-0.09.04:$PATH'], 'mpi': False, 'environment': None, 'cleanup': False, 'arguments': ['-c', '1', '-t', '120'], 'stderr': None, 'cores': 1, 'post_exec': [], 'input_staging': [], 'pilot': None}, 'stdout': None, 'cmd': [], 'exit_code': None, 'states': ['NEW'], 'state': 'AGENT_STAGING_INPUT_PENDING', 'umgr': 'umgr.0000', 'pilot': 'pilot.0000', 'uid': 'unit.000001', 'pilot_sandbox': 'gsisftp://supermic.cct-lsu.xsede.org:2222/work/vivek91/radical.pilot.sandbox/rp.session.js-17-212.jetstream-cloud.org.vivek91.017515.0059/pilot.0000/', '_id': 'unit.000001', 'type': 'unit', 'stderr': None, 'unit_sandbox': 'gsisftp://supermic.cct-lsu.xsede.org:2222/work/vivek91/radical.pilot.sandbox/rp.session.js-17-212.jetstream-cloud.org.vivek91.017515.0059/pilot.0000//unit.000001/', 'name': 'radical.entk.task.js-17-212.jetstream-cloud.org.vivek91.017515.0076,radical.entk.stage.js-17-212.jetstream-cloud.org.vivek91.017515.0075,radical.entk.pipeline.js-17-212.jetstream-cloud.org.vivek91.017515.0056'}]}
2017-12-15 10:42:10,881: pmgr.0000           : MainProcess                     : pmgr.0000.subscriber._state_sub_cb: DEBUG   : state event: {'cmd': 'update', 'arg': [{'state': 'UMGR_STAGING_OUTPUT_PENDING', 'type': 'unit', 'uid': 'unit.000001'}]}
2017-12-15 10:42:10,882: pmgr.0000           : MainProcess                     : pmgr.0000.subscriber._state_sub_cb: DEBUG   : state event: {'cmd': 'update', 'arg': [{'state': 'UMGR_STAGING_OUTPUT', 'type': 'unit', 'uid': 'unit.000001'}]}
2017-12-15 10:42:10,883: pmgr.0000           : MainProcess                     : pmgr.0000.subscriber._state_sub_cb: DEBUG   : state event: {'cmd': 'update', 'arg': [{'control': None, 'uid': 'unit.000001', 'stdout': '', 'states': ['NEW', 'UMGR_SCHEDULING_PENDING', 'UMGR_SCHEDULING', 'UMGR_STAGING_INPUT_PENDING', 'UMGR_STAGING_INPUT', 'AGENT_STAGING_INPUT_PENDING', 'AGENT_STAGING_INPUT', 'AGENT_SCHEDULING_PENDING', 'AGENT_SCHEDULING', 'AGENT_EXECUTING_PENDING', 'AGENT_EXECUTING', 'AGENT_STAGING_OUTPUT_PENDING', 'AGENT_STAGING_OUTPUT', 'UMGR_STAGING_OUTPUT_PENDING'], 'target_state': 'DONE', 'opaque_slots': {'task_slots': ['smic028:0'], 'task_offsets': 0, 'lm_info': {}}, 'umgr': 'umgr.0000', 'exit_code': 0, 'state': 'DONE', 'client_sandbox': '/home/vivek91/repos/adaptive-bms-experiments/task-count-adap/bin', 'type': 'unit', 'pilot_sandbox': 'gsisftp://supermic.cct-lsu.xsede.org:2222/work/vivek91/radical.pilot.sandbox/rp.session.js-17-212.jetstream-cloud.org.vivek91.017515.0059/pilot.0000/', 'resource_sandbox': 'gsisftp://supermic.cct-lsu.xsede.org:2222/work/vivek91/radical.pilot.sandbox', 'description': {'kernel': None, 'executable': 'stress-ng', 'name': 'radical.entk.task.js-17-212.jetstream-cloud.org.vivek91.017515.0076,radical.entk.stage.js-17-212.jetstream-cloud.org.vivek91.017515.0075,radical.entk.pipeline.js-17-212.jetstream-cloud.org.vivek91.017515.0056', 'restartable': False, 'output_staging': [], 'stdout': None, 'pre_exec': ['export PATH=/home/vivek91/tools/stress-ng-0.09.04:$PATH'], 'mpi': False, 'environment': None, 'cleanup': False, 'arguments': ['-c', '1', '-t', '120'], 'stderr': None, 'cores': 1, 'post_exec': [], 'input_staging': [], 'pilot': None}, 'stderr_file': '/worka/work/vivek91/radical.pilot.sandbox/rp.session.js-17-212.jetstream-cloud.org.vivek91.017515.0059/pilot.0000/unit.000001/STDERR', 'stdout_file': '/worka/work/vivek91/radical.pilot.sandbox/rp.session.js-17-212.jetstream-cloud.org.vivek91.017515.0059/pilot.0000/unit.000001/STDOUT', 'pilot': 'pilot.0000', 'name': 'radical.entk.task.js-17-212.jetstream-cloud.org.vivek91.017515.0076,radical.entk.stage.js-17-212.jetstream-cloud.org.vivek91.017515.0075,radical.entk.pipeline.js-17-212.jetstream-cloud.org.vivek91.017515.0056', 'cmd': [], 'stderr': 'stress-ng: info:  [43674] dispatching hogs: 1 cpu\nstress-ng: info:  [43674] successful run completed in 120.02s (2 mins, 0.02 secs)\n', '_id': 'unit.000001', 'unit_sandbox': 'gsisftp://supermic.cct-lsu.xsede.org:2222/work/vivek91/radical.pilot.sandbox/rp.session.js-17-212.jetstream-cloud.org.vivek91.017515.0059/pilot.0000//unit.000001/'}]}
2017-12-15 10:42:10,981: pmgr.0000           : MainProcess                     : pmgr.0000.subscriber._state_sub_cb: DEBUG   : state event: {'cmd': 'update', 'arg': [{'state': 'UMGR_SCHEDULING_PENDING', 'type': 'unit', 'uid': 'unit.000002'}]}
2017-12-15 10:42:10,984: pmgr.0000           : MainProcess                     : pmgr.0000.subscriber._state_sub_cb: DEBUG   : state event: {'cmd': 'update', 'arg': [{'state': 'UMGR_SCHEDULING', 'type': 'unit', 'uid': 'unit.000002'}]}
2017-12-15 10:42:10,984: pmgr.0000           : MainProcess                     : pmgr.0000.subscriber._state_sub_cb: DEBUG   : state event: {'cmd': 'update', 'arg': []}
2017-12-15 10:42:10,985: pmgr.0000           : MainProcess                     : pmgr.0000.subscriber._state_sub_cb: DEBUG   : state event: {'cmd': 'update', 'arg': [{'state': 'UMGR_STAGING_INPUT_PENDING', 'type': 'unit', 'uid': 'unit.000002'}]}
2017-12-15 10:42:10,986: pmgr.0000           : MainProcess                     : pmgr.0000.subscriber._state_sub_cb: DEBUG   : state event: {'cmd': 'update', 'arg': [{'state': 'UMGR_STAGING_INPUT', 'type': 'unit', 'uid': 'unit.000002'}]}
2017-12-15 10:42:10,989: pmgr.0000           : MainProcess                     : pmgr.0000.subscriber._state_sub_cb: DEBUG   : state event: {'cmd': 'update', 'arg': [{'resource_sandbox': 'gsisftp://supermic.cct-lsu.xsede.org:2222/work/vivek91/radical.pilot.sandbox', 'control': 'agent_pending', 'client_sandbox': '/home/vivek91/repos/adaptive-bms-experiments/task-count-adap/bin', 'description': {'kernel': None, 'executable': 'stress-ng', 'name': 'radical.entk.task.js-17-212.jetstream-cloud.org.vivek91.017515.0092,radical.entk.stage.js-17-212.jetstream-cloud.org.vivek91.017515.0091,radical.entk.pipeline.js-17-212.jetstream-cloud.org.vivek91.017515.0056', 'restartable': False, 'output_staging': [], 'stdout': None, 'pre_exec': ['export PATH=/home/vivek91/tools/stress-ng-0.09.04:$PATH'], 'mpi': False, 'environment': None, 'cleanup': False, 'arguments': ['-c', '1', '-t', '120'], 'stderr': None, 'cores': 1, 'post_exec': [], 'input_staging': [], 'pilot': None}, 'stdout': None, 'cmd': [], 'exit_code': None, 'states': ['NEW'], 'state': 'AGENT_STAGING_INPUT_PENDING', 'umgr': 'umgr.0000', 'pilot': 'pilot.0000', 'uid': 'unit.000002', 'pilot_sandbox': 'gsisftp://supermic.cct-lsu.xsede.org:2222/work/vivek91/radical.pilot.sandbox/rp.session.js-17-212.jetstream-cloud.org.vivek91.017515.0059/pilot.0000/', '_id': 'unit.000002', 'type': 'unit', 'stderr': None, 'unit_sandbox': 'gsisftp://supermic.cct-lsu.xsede.org:2222/work/vivek91/radical.pilot.sandbox/rp.session.js-17-212.jetstream-cloud.org.vivek91.017515.0059/pilot.0000//unit.000002/', 'name': 'radical.entk.task.js-17-212.jetstream-cloud.org.vivek91.017515.0092,radical.entk.stage.js-17-212.jetstream-cloud.org.vivek91.017515.0091,radical.entk.pipeline.js-17-212.jetstream-cloud.org.vivek91.017515.0056'}]}
2017-12-15 10:44:16,054: pmgr.0000           : MainProcess                     : pmgr.0000.subscriber._state_sub_cb: DEBUG   : state event: {'cmd': 'update', 'arg': [{'state': 'UMGR_STAGING_OUTPUT_PENDING', 'type': 'unit', 'uid': 'unit.000002'}]}
2017-12-15 10:44:16,055: pmgr.0000           : MainProcess                     : pmgr.0000.subscriber._state_sub_cb: DEBUG   : state event: {'cmd': 'update', 'arg': [{'state': 'UMGR_STAGING_OUTPUT', 'type': 'unit', 'uid': 'unit.000002'}]}
2017-12-15 10:44:16,055: pmgr.0000           : MainProcess                     : pmgr.0000.subscriber._state_sub_cb: DEBUG   : state event: {'cmd': 'update', 'arg': [{'control': None, 'uid': 'unit.000002', 'stdout': '', 'states': ['NEW', 'UMGR_SCHEDULING_PENDING', 'UMGR_SCHEDULING', 'UMGR_STAGING_INPUT_PENDING', 'UMGR_STAGING_INPUT', 'AGENT_STAGING_INPUT_PENDING', 'AGENT_STAGING_INPUT', 'AGENT_SCHEDULING_PENDING', 'AGENT_SCHEDULING', 'AGENT_EXECUTING_PENDING', 'AGENT_EXECUTING', 'AGENT_STAGING_OUTPUT_PENDING', 'AGENT_STAGING_OUTPUT', 'UMGR_STAGING_OUTPUT_PENDING'], 'target_state': 'DONE', 'opaque_slots': {'task_slots': ['smic028:0'], 'task_offsets': 0, 'lm_info': {}}, 'umgr': 'umgr.0000', 'exit_code': 0, 'state': 'DONE', 'client_sandbox': '/home/vivek91/repos/adaptive-bms-experiments/task-count-adap/bin', 'type': 'unit', 'pilot_sandbox': 'gsisftp://supermic.cct-lsu.xsede.org:2222/work/vivek91/radical.pilot.sandbox/rp.session.js-17-212.jetstream-cloud.org.vivek91.017515.0059/pilot.0000/', 'resource_sandbox': 'gsisftp://supermic.cct-lsu.xsede.org:2222/work/vivek91/radical.pilot.sandbox', 'description': {'kernel': None, 'executable': 'stress-ng', 'name': 'radical.entk.task.js-17-212.jetstream-cloud.org.vivek91.017515.0092,radical.entk.stage.js-17-212.jetstream-cloud.org.vivek91.017515.0091,radical.entk.pipeline.js-17-212.jetstream-cloud.org.vivek91.017515.0056', 'restartable': False, 'output_staging': [], 'stdout': None, 'pre_exec': ['export PATH=/home/vivek91/tools/stress-ng-0.09.04:$PATH'], 'mpi': False, 'environment': None, 'cleanup': False, 'arguments': ['-c', '1', '-t', '120'], 'stderr': None, 'cores': 1, 'post_exec': [], 'input_staging': [], 'pilot': None}, 'stderr_file': '/worka/work/vivek91/radical.pilot.sandbox/rp.session.js-17-212.jetstream-cloud.org.vivek91.017515.0059/pilot.0000/unit.000002/STDERR', 'stdout_file': '/worka/work/vivek91/radical.pilot.sandbox/rp.session.js-17-212.jetstream-cloud.org.vivek91.017515.0059/pilot.0000/unit.000002/STDOUT', 'pilot': 'pilot.0000', 'name': 'radical.entk.task.js-17-212.jetstream-cloud.org.vivek91.017515.0092,radical.entk.stage.js-17-212.jetstream-cloud.org.vivek91.017515.0091,radical.entk.pipeline.js-17-212.jetstream-cloud.org.vivek91.017515.0056', 'cmd': [], 'stderr': 'stress-ng: info:  [43794] dispatching hogs: 1 cpu\nstress-ng: info:  [43794] successful run completed in 120.01s (2 mins, 0.01 secs)\n', '_id': 'unit.000002', 'unit_sandbox': 'gsisftp://supermic.cct-lsu.xsede.org:2222/work/vivek91/radical.pilot.sandbox/rp.session.js-17-212.jetstream-cloud.org.vivek91.017515.0059/pilot.0000//unit.000002/'}]}
2017-12-15 10:44:16,147: pmgr.0000           : MainProcess                     : pmgr.0000.subscriber._state_sub_cb: DEBUG   : state event: {'cmd': 'update', 'arg': [{'state': 'UMGR_SCHEDULING_PENDING', 'type': 'unit', 'uid': 'unit.000003'}]}
2017-12-15 10:44:16,148: pmgr.0000           : MainProcess                     : pmgr.0000.subscriber._state_sub_cb: DEBUG   : state event: {'cmd': 'update', 'arg': [{'state': 'UMGR_SCHEDULING', 'type': 'unit', 'uid': 'unit.000003'}]}
2017-12-15 10:44:16,149: pmgr.0000           : MainProcess                     : pmgr.0000.subscriber._state_sub_cb: DEBUG   : state event: {'cmd': 'update', 'arg': []}
2017-12-15 10:44:16,150: pmgr.0000           : MainProcess                     : pmgr.0000.subscriber._state_sub_cb: DEBUG   : state event: {'cmd': 'update', 'arg': [{'state': 'UMGR_STAGING_INPUT_PENDING', 'type': 'unit', 'uid': 'unit.000003'}]}
2017-12-15 10:44:16,151: pmgr.0000           : MainProcess                     : pmgr.0000.subscriber._state_sub_cb: DEBUG   : state event: {'cmd': 'update', 'arg': [{'state': 'UMGR_STAGING_INPUT', 'type': 'unit', 'uid': 'unit.000003'}]}
2017-12-15 10:44:16,152: pmgr.0000           : MainProcess                     : pmgr.0000.subscriber._state_sub_cb: DEBUG   : state event: {'cmd': 'update', 'arg': [{'resource_sandbox': 'gsisftp://supermic.cct-lsu.xsede.org:2222/work/vivek91/radical.pilot.sandbox', 'control': 'agent_pending', 'client_sandbox': '/home/vivek91/repos/adaptive-bms-experiments/task-count-adap/bin', 'description': {'kernel': None, 'executable': 'stress-ng', 'name': 'radical.entk.task.js-17-212.jetstream-cloud.org.vivek91.017515.0108,radical.entk.stage.js-17-212.jetstream-cloud.org.vivek91.017515.0107,radical.entk.pipeline.js-17-212.jetstream-cloud.org.vivek91.017515.0056', 'restartable': False, 'output_staging': [], 'stdout': None, 'pre_exec': ['export PATH=/home/vivek91/tools/stress-ng-0.09.04:$PATH'], 'mpi': False, 'environment': None, 'cleanup': False, 'arguments': ['-c', '1', '-t', '120'], 'stderr': None, 'cores': 1, 'post_exec': [], 'input_staging': [], 'pilot': None}, 'stdout': None, 'cmd': [], 'exit_code': None, 'states': ['NEW'], 'state': 'AGENT_STAGING_INPUT_PENDING', 'umgr': 'umgr.0000', 'pilot': 'pilot.0000', 'uid': 'unit.000003', 'pilot_sandbox': 'gsisftp://supermic.cct-lsu.xsede.org:2222/work/vivek91/radical.pilot.sandbox/rp.session.js-17-212.jetstream-cloud.org.vivek91.017515.0059/pilot.0000/', '_id': 'unit.000003', 'type': 'unit', 'stderr': None, 'unit_sandbox': 'gsisftp://supermic.cct-lsu.xsede.org:2222/work/vivek91/radical.pilot.sandbox/rp.session.js-17-212.jetstream-cloud.org.vivek91.017515.0059/pilot.0000//unit.000003/', 'name': 'radical.entk.task.js-17-212.jetstream-cloud.org.vivek91.017515.0108,radical.entk.stage.js-17-212.jetstream-cloud.org.vivek91.017515.0107,radical.entk.pipeline.js-17-212.jetstream-cloud.org.vivek91.017515.0056'}]}
2017-12-15 10:46:20,316: pmgr.0000           : MainProcess                     : pmgr.0000.subscriber._state_sub_cb: DEBUG   : state event: {'cmd': 'update', 'arg': [{'state': 'UMGR_STAGING_OUTPUT_PENDING', 'type': 'unit', 'uid': 'unit.000003'}]}
2017-12-15 10:46:20,317: pmgr.0000           : MainProcess                     : pmgr.0000.subscriber._state_sub_cb: DEBUG   : state event: {'cmd': 'update', 'arg': [{'state': 'UMGR_STAGING_OUTPUT', 'type': 'unit', 'uid': 'unit.000003'}]}
2017-12-15 10:46:20,318: pmgr.0000           : MainProcess                     : pmgr.0000.subscriber._state_sub_cb: DEBUG   : state event: {'cmd': 'update', 'arg': [{'control': None, 'uid': 'unit.000003', 'stdout': '', 'states': ['NEW', 'UMGR_SCHEDULING_PENDING', 'UMGR_SCHEDULING', 'UMGR_STAGING_INPUT_PENDING', 'UMGR_STAGING_INPUT', 'AGENT_STAGING_INPUT_PENDING', 'AGENT_STAGING_INPUT', 'AGENT_SCHEDULING_PENDING', 'AGENT_SCHEDULING', 'AGENT_EXECUTING_PENDING', 'AGENT_EXECUTING', 'AGENT_STAGING_OUTPUT_PENDING', 'AGENT_STAGING_OUTPUT', 'UMGR_STAGING_OUTPUT_PENDING'], 'target_state': 'DONE', 'opaque_slots': {'task_slots': ['smic028:0'], 'task_offsets': 0, 'lm_info': {}}, 'umgr': 'umgr.0000', 'exit_code': 0, 'state': 'DONE', 'client_sandbox': '/home/vivek91/repos/adaptive-bms-experiments/task-count-adap/bin', 'type': 'unit', 'pilot_sandbox': 'gsisftp://supermic.cct-lsu.xsede.org:2222/work/vivek91/radical.pilot.sandbox/rp.session.js-17-212.jetstream-cloud.org.vivek91.017515.0059/pilot.0000/', 'resource_sandbox': 'gsisftp://supermic.cct-lsu.xsede.org:2222/work/vivek91/radical.pilot.sandbox', 'description': {'kernel': None, 'executable': 'stress-ng', 'name': 'radical.entk.task.js-17-212.jetstream-cloud.org.vivek91.017515.0108,radical.entk.stage.js-17-212.jetstream-cloud.org.vivek91.017515.0107,radical.entk.pipeline.js-17-212.jetstream-cloud.org.vivek91.017515.0056', 'restartable': False, 'output_staging': [], 'stdout': None, 'pre_exec': ['export PATH=/home/vivek91/tools/stress-ng-0.09.04:$PATH'], 'mpi': False, 'environment': None, 'cleanup': False, 'arguments': ['-c', '1', '-t', '120'], 'stderr': None, 'cores': 1, 'post_exec': [], 'input_staging': [], 'pilot': None}, 'stderr_file': '/worka/work/vivek91/radical.pilot.sandbox/rp.session.js-17-212.jetstream-cloud.org.vivek91.017515.0059/pilot.0000/unit.000003/STDERR', 'stdout_file': '/worka/work/vivek91/radical.pilot.sandbox/rp.session.js-17-212.jetstream-cloud.org.vivek91.017515.0059/pilot.0000/unit.000003/STDOUT', 'pilot': 'pilot.0000', 'name': 'radical.entk.task.js-17-212.jetstream-cloud.org.vivek91.017515.0108,radical.entk.stage.js-17-212.jetstream-cloud.org.vivek91.017515.0107,radical.entk.pipeline.js-17-212.jetstream-cloud.org.vivek91.017515.0056', 'cmd': [], 'stderr': 'stress-ng: info:  [43913] dispatching hogs: 1 cpu\nstress-ng: info:  [43913] successful run completed in 120.03s (2 mins, 0.03 secs)\n', '_id': 'unit.000003', 'unit_sandbox': 'gsisftp://supermic.cct-lsu.xsede.org:2222/work/vivek91/radical.pilot.sandbox/rp.session.js-17-212.jetstream-cloud.org.vivek91.017515.0059/pilot.0000//unit.000003/'}]}
2017-12-15 10:46:20,415: pmgr.0000           : MainProcess                     : pmgr.0000.subscriber._state_sub_cb: DEBUG   : state event: {'cmd': 'update', 'arg': [{'state': 'UMGR_SCHEDULING_PENDING', 'type': 'unit', 'uid': 'unit.000004'}]}
2017-12-15 10:46:20,416: pmgr.0000           : MainProcess                     : pmgr.0000.subscriber._state_sub_cb: DEBUG   : state event: {'cmd': 'update', 'arg': [{'state': 'UMGR_SCHEDULING', 'type': 'unit', 'uid': 'unit.000004'}]}
2017-12-15 10:46:20,417: pmgr.0000           : MainProcess                     : pmgr.0000.subscriber._state_sub_cb: DEBUG   : state event: {'cmd': 'update', 'arg': []}
2017-12-15 10:46:20,418: pmgr.0000           : MainProcess                     : pmgr.0000.subscriber._state_sub_cb: DEBUG   : state event: {'cmd': 'update', 'arg': [{'state': 'UMGR_STAGING_INPUT_PENDING', 'type': 'unit', 'uid': 'unit.000004'}]}
2017-12-15 10:46:20,421: pmgr.0000           : MainProcess                     : pmgr.0000.subscriber._state_sub_cb: DEBUG   : state event: {'cmd': 'update', 'arg': [{'state': 'UMGR_STAGING_INPUT', 'type': 'unit', 'uid': 'unit.000004'}]}
2017-12-15 10:46:20,422: pmgr.0000           : MainProcess                     : pmgr.0000.subscriber._state_sub_cb: DEBUG   : state event: {'cmd': 'update', 'arg': [{'resource_sandbox': 'gsisftp://supermic.cct-lsu.xsede.org:2222/work/vivek91/radical.pilot.sandbox', 'control': 'agent_pending', 'client_sandbox': '/home/vivek91/repos/adaptive-bms-experiments/task-count-adap/bin', 'description': {'kernel': None, 'executable': 'stress-ng', 'name': 'radical.entk.task.js-17-212.jetstream-cloud.org.vivek91.017515.0124,radical.entk.stage.js-17-212.jetstream-cloud.org.vivek91.017515.0123,radical.entk.pipeline.js-17-212.jetstream-cloud.org.vivek91.017515.0056', 'restartable': False, 'output_staging': [], 'stdout': None, 'pre_exec': ['export PATH=/home/vivek91/tools/stress-ng-0.09.04:$PATH'], 'mpi': False, 'environment': None, 'cleanup': False, 'arguments': ['-c', '1', '-t', '120'], 'stderr': None, 'cores': 1, 'post_exec': [], 'input_staging': [], 'pilot': None}, 'stdout': None, 'cmd': [], 'exit_code': None, 'states': ['NEW'], 'state': 'AGENT_STAGING_INPUT_PENDING', 'umgr': 'umgr.0000', 'pilot': 'pilot.0000', 'uid': 'unit.000004', 'pilot_sandbox': 'gsisftp://supermic.cct-lsu.xsede.org:2222/work/vivek91/radical.pilot.sandbox/rp.session.js-17-212.jetstream-cloud.org.vivek91.017515.0059/pilot.0000/', '_id': 'unit.000004', 'type': 'unit', 'stderr': None, 'unit_sandbox': 'gsisftp://supermic.cct-lsu.xsede.org:2222/work/vivek91/radical.pilot.sandbox/rp.session.js-17-212.jetstream-cloud.org.vivek91.017515.0059/pilot.0000//unit.000004/', 'name': 'radical.entk.task.js-17-212.jetstream-cloud.org.vivek91.017515.0124,radical.entk.stage.js-17-212.jetstream-cloud.org.vivek91.017515.0123,radical.entk.pipeline.js-17-212.jetstream-cloud.org.vivek91.017515.0056'}]}
2017-12-15 10:48:24,555: pmgr.0000           : MainProcess                     : pmgr.0000.subscriber._state_sub_cb: DEBUG   : state event: {'cmd': 'update', 'arg': [{'state': 'UMGR_STAGING_OUTPUT_PENDING', 'type': 'unit', 'uid': 'unit.000004'}]}
2017-12-15 10:48:24,557: pmgr.0000           : MainProcess                     : pmgr.0000.subscriber._state_sub_cb: DEBUG   : state event: {'cmd': 'update', 'arg': [{'state': 'UMGR_STAGING_OUTPUT', 'type': 'unit', 'uid': 'unit.000004'}]}
2017-12-15 10:48:24,558: pmgr.0000           : MainProcess                     : pmgr.0000.subscriber._state_sub_cb: DEBUG   : state event: {'cmd': 'update', 'arg': [{'control': None, 'uid': 'unit.000004', 'stdout': '', 'states': ['NEW', 'UMGR_SCHEDULING_PENDING', 'UMGR_SCHEDULING', 'UMGR_STAGING_INPUT_PENDING', 'UMGR_STAGING_INPUT', 'AGENT_STAGING_INPUT_PENDING', 'AGENT_STAGING_INPUT', 'AGENT_SCHEDULING_PENDING', 'AGENT_SCHEDULING', 'AGENT_EXECUTING_PENDING', 'AGENT_EXECUTING', 'AGENT_STAGING_OUTPUT_PENDING', 'AGENT_STAGING_OUTPUT', 'UMGR_STAGING_OUTPUT_PENDING'], 'target_state': 'DONE', 'opaque_slots': {'task_slots': ['smic028:0'], 'task_offsets': 0, 'lm_info': {}}, 'umgr': 'umgr.0000', 'exit_code': 0, 'state': 'DONE', 'client_sandbox': '/home/vivek91/repos/adaptive-bms-experiments/task-count-adap/bin', 'type': 'unit', 'pilot_sandbox': 'gsisftp://supermic.cct-lsu.xsede.org:2222/work/vivek91/radical.pilot.sandbox/rp.session.js-17-212.jetstream-cloud.org.vivek91.017515.0059/pilot.0000/', 'resource_sandbox': 'gsisftp://supermic.cct-lsu.xsede.org:2222/work/vivek91/radical.pilot.sandbox', 'description': {'kernel': None, 'executable': 'stress-ng', 'name': 'radical.entk.task.js-17-212.jetstream-cloud.org.vivek91.017515.0124,radical.entk.stage.js-17-212.jetstream-cloud.org.vivek91.017515.0123,radical.entk.pipeline.js-17-212.jetstream-cloud.org.vivek91.017515.0056', 'restartable': False, 'output_staging': [], 'stdout': None, 'pre_exec': ['export PATH=/home/vivek91/tools/stress-ng-0.09.04:$PATH'], 'mpi': False, 'environment': None, 'cleanup': False, 'arguments': ['-c', '1', '-t', '120'], 'stderr': None, 'cores': 1, 'post_exec': [], 'input_staging': [], 'pilot': None}, 'stderr_file': '/worka/work/vivek91/radical.pilot.sandbox/rp.session.js-17-212.jetstream-cloud.org.vivek91.017515.0059/pilot.0000/unit.000004/STDERR', 'stdout_file': '/worka/work/vivek91/radical.pilot.sandbox/rp.session.js-17-212.jetstream-cloud.org.vivek91.017515.0059/pilot.0000/unit.000004/STDOUT', 'pilot': 'pilot.0000', 'name': 'radical.entk.task.js-17-212.jetstream-cloud.org.vivek91.017515.0124,radical.entk.stage.js-17-212.jetstream-cloud.org.vivek91.017515.0123,radical.entk.pipeline.js-17-212.jetstream-cloud.org.vivek91.017515.0056', 'cmd': [], 'stderr': 'stress-ng: info:  [44034] dispatching hogs: 1 cpu\nstress-ng: info:  [44034] successful run completed in 120.02s (2 mins, 0.02 secs)\n', '_id': 'unit.000004', 'unit_sandbox': 'gsisftp://supermic.cct-lsu.xsede.org:2222/work/vivek91/radical.pilot.sandbox/rp.session.js-17-212.jetstream-cloud.org.vivek91.017515.0059/pilot.0000//unit.000004/'}]}
2017-12-15 10:48:24,668: pmgr.0000           : MainProcess                     : pmgr.0000.subscriber._state_sub_cb: DEBUG   : state event: {'cmd': 'update', 'arg': [{'state': 'UMGR_SCHEDULING_PENDING', 'type': 'unit', 'uid': 'unit.000005'}]}
2017-12-15 10:48:24,670: pmgr.0000           : MainProcess                     : pmgr.0000.subscriber._state_sub_cb: DEBUG   : state event: {'cmd': 'update', 'arg': [{'state': 'UMGR_SCHEDULING', 'type': 'unit', 'uid': 'unit.000005'}]}
2017-12-15 10:48:24,671: pmgr.0000           : MainProcess                     : pmgr.0000.subscriber._state_sub_cb: DEBUG   : state event: {'cmd': 'update', 'arg': []}
2017-12-15 10:48:24,672: pmgr.0000           : MainProcess                     : pmgr.0000.subscriber._state_sub_cb: DEBUG   : state event: {'cmd': 'update', 'arg': [{'state': 'UMGR_STAGING_INPUT_PENDING', 'type': 'unit', 'uid': 'unit.000005'}]}
2017-12-15 10:48:24,675: pmgr.0000           : MainProcess                     : pmgr.0000.subscriber._state_sub_cb: DEBUG   : state event: {'cmd': 'update', 'arg': [{'state': 'UMGR_STAGING_INPUT', 'type': 'unit', 'uid': 'unit.000005'}]}
2017-12-15 10:48:24,675: pmgr.0000           : MainProcess                     : pmgr.0000.subscriber._state_sub_cb: DEBUG   : state event: {'cmd': 'update', 'arg': [{'resource_sandbox': 'gsisftp://supermic.cct-lsu.xsede.org:2222/work/vivek91/radical.pilot.sandbox', 'control': 'agent_pending', 'client_sandbox': '/home/vivek91/repos/adaptive-bms-experiments/task-count-adap/bin', 'description': {'kernel': None, 'executable': 'stress-ng', 'name': 'radical.entk.task.js-17-212.jetstream-cloud.org.vivek91.017515.0140,radical.entk.stage.js-17-212.jetstream-cloud.org.vivek91.017515.0139,radical.entk.pipeline.js-17-212.jetstream-cloud.org.vivek91.017515.0056', 'restartable': False, 'output_staging': [], 'stdout': None, 'pre_exec': ['export PATH=/home/vivek91/tools/stress-ng-0.09.04:$PATH'], 'mpi': False, 'environment': None, 'cleanup': False, 'arguments': ['-c', '1', '-t', '120'], 'stderr': None, 'cores': 1, 'post_exec': [], 'input_staging': [], 'pilot': None}, 'stdout': None, 'cmd': [], 'exit_code': None, 'states': ['NEW'], 'state': 'AGENT_STAGING_INPUT_PENDING', 'umgr': 'umgr.0000', 'pilot': 'pilot.0000', 'uid': 'unit.000005', 'pilot_sandbox': 'gsisftp://supermic.cct-lsu.xsede.org:2222/work/vivek91/radical.pilot.sandbox/rp.session.js-17-212.jetstream-cloud.org.vivek91.017515.0059/pilot.0000/', '_id': 'unit.000005', 'type': 'unit', 'stderr': None, 'unit_sandbox': 'gsisftp://supermic.cct-lsu.xsede.org:2222/work/vivek91/radical.pilot.sandbox/rp.session.js-17-212.jetstream-cloud.org.vivek91.017515.0059/pilot.0000//unit.000005/', 'name': 'radical.entk.task.js-17-212.jetstream-cloud.org.vivek91.017515.0140,radical.entk.stage.js-17-212.jetstream-cloud.org.vivek91.017515.0139,radical.entk.pipeline.js-17-212.jetstream-cloud.org.vivek91.017515.0056'}]}
2017-12-15 10:50:28,609: pmgr.0000           : MainProcess                     : pmgr.0000.subscriber._state_sub_cb: DEBUG   : state event: {'cmd': 'update', 'arg': [{'state': 'UMGR_STAGING_OUTPUT_PENDING', 'type': 'unit', 'uid': 'unit.000005'}]}
2017-12-15 10:50:28,610: pmgr.0000           : MainProcess                     : pmgr.0000.subscriber._state_sub_cb: DEBUG   : state event: {'cmd': 'update', 'arg': [{'state': 'UMGR_STAGING_OUTPUT', 'type': 'unit', 'uid': 'unit.000005'}]}
2017-12-15 10:50:28,610: pmgr.0000           : MainProcess                     : pmgr.0000.subscriber._state_sub_cb: DEBUG   : state event: {'cmd': 'update', 'arg': [{'control': None, 'uid': 'unit.000005', 'stdout': '', 'states': ['NEW', 'UMGR_SCHEDULING_PENDING', 'UMGR_SCHEDULING', 'UMGR_STAGING_INPUT_PENDING', 'UMGR_STAGING_INPUT', 'AGENT_STAGING_INPUT_PENDING', 'AGENT_STAGING_INPUT', 'AGENT_SCHEDULING_PENDING', 'AGENT_SCHEDULING', 'AGENT_EXECUTING_PENDING', 'AGENT_EXECUTING', 'AGENT_STAGING_OUTPUT_PENDING', 'AGENT_STAGING_OUTPUT', 'UMGR_STAGING_OUTPUT_PENDING'], 'target_state': 'DONE', 'opaque_slots': {'task_slots': ['smic028:0'], 'task_offsets': 0, 'lm_info': {}}, 'umgr': 'umgr.0000', 'exit_code': 0, 'state': 'DONE', 'client_sandbox': '/home/vivek91/repos/adaptive-bms-experiments/task-count-adap/bin', 'type': 'unit', 'pilot_sandbox': 'gsisftp://supermic.cct-lsu.xsede.org:2222/work/vivek91/radical.pilot.sandbox/rp.session.js-17-212.jetstream-cloud.org.vivek91.017515.0059/pilot.0000/', 'resource_sandbox': 'gsisftp://supermic.cct-lsu.xsede.org:2222/work/vivek91/radical.pilot.sandbox', 'description': {'kernel': None, 'executable': 'stress-ng', 'name': 'radical.entk.task.js-17-212.jetstream-cloud.org.vivek91.017515.0140,radical.entk.stage.js-17-212.jetstream-cloud.org.vivek91.017515.0139,radical.entk.pipeline.js-17-212.jetstream-cloud.org.vivek91.017515.0056', 'restartable': False, 'output_staging': [], 'stdout': None, 'pre_exec': ['export PATH=/home/vivek91/tools/stress-ng-0.09.04:$PATH'], 'mpi': False, 'environment': None, 'cleanup': False, 'arguments': ['-c', '1', '-t', '120'], 'stderr': None, 'cores': 1, 'post_exec': [], 'input_staging': [], 'pilot': None}, 'stderr_file': '/worka/work/vivek91/radical.pilot.sandbox/rp.session.js-17-212.jetstream-cloud.org.vivek91.017515.0059/pilot.0000/unit.000005/STDERR', 'stdout_file': '/worka/work/vivek91/radical.pilot.sandbox/rp.session.js-17-212.jetstream-cloud.org.vivek91.017515.0059/pilot.0000/unit.000005/STDOUT', 'pilot': 'pilot.0000', 'name': 'radical.entk.task.js-17-212.jetstream-cloud.org.vivek91.017515.0140,radical.entk.stage.js-17-212.jetstream-cloud.org.vivek91.017515.0139,radical.entk.pipeline.js-17-212.jetstream-cloud.org.vivek91.017515.0056', 'cmd': [], 'stderr': 'stress-ng: info:  [44153] dispatching hogs: 1 cpu\nstress-ng: info:  [44153] successful run completed in 120.03s (2 mins, 0.03 secs)\n', '_id': 'unit.000005', 'unit_sandbox': 'gsisftp://supermic.cct-lsu.xsede.org:2222/work/vivek91/radical.pilot.sandbox/rp.session.js-17-212.jetstream-cloud.org.vivek91.017515.0059/pilot.0000//unit.000005/'}]}
2017-12-15 10:50:28,710: pmgr.0000           : MainProcess                     : pmgr.0000.subscriber._state_sub_cb: DEBUG   : state event: {'cmd': 'update', 'arg': [{'state': 'UMGR_SCHEDULING_PENDING', 'type': 'unit', 'uid': 'unit.000006'}]}
2017-12-15 10:50:28,712: pmgr.0000           : MainProcess                     : pmgr.0000.subscriber._state_sub_cb: DEBUG   : state event: {'cmd': 'update', 'arg': [{'state': 'UMGR_SCHEDULING', 'type': 'unit', 'uid': 'unit.000006'}]}
2017-12-15 10:50:28,712: pmgr.0000           : MainProcess                     : pmgr.0000.subscriber._state_sub_cb: DEBUG   : state event: {'cmd': 'update', 'arg': []}
2017-12-15 10:50:28,712: pmgr.0000           : MainProcess                     : pmgr.0000.subscriber._state_sub_cb: DEBUG   : state event: {'cmd': 'update', 'arg': [{'state': 'UMGR_STAGING_INPUT_PENDING', 'type': 'unit', 'uid': 'unit.000006'}]}
2017-12-15 10:50:28,713: pmgr.0000           : MainProcess                     : pmgr.0000.subscriber._state_sub_cb: DEBUG   : state event: {'cmd': 'update', 'arg': [{'state': 'UMGR_STAGING_INPUT', 'type': 'unit', 'uid': 'unit.000006'}]}
2017-12-15 10:50:28,715: pmgr.0000           : MainProcess                     : pmgr.0000.subscriber._state_sub_cb: DEBUG   : state event: {'cmd': 'update', 'arg': [{'resource_sandbox': 'gsisftp://supermic.cct-lsu.xsede.org:2222/work/vivek91/radical.pilot.sandbox', 'control': 'agent_pending', 'client_sandbox': '/home/vivek91/repos/adaptive-bms-experiments/task-count-adap/bin', 'description': {'kernel': None, 'executable': 'stress-ng', 'name': 'radical.entk.task.js-17-212.jetstream-cloud.org.vivek91.017515.0156,radical.entk.stage.js-17-212.jetstream-cloud.org.vivek91.017515.0155,radical.entk.pipeline.js-17-212.jetstream-cloud.org.vivek91.017515.0056', 'restartable': False, 'output_staging': [], 'stdout': None, 'pre_exec': ['export PATH=/home/vivek91/tools/stress-ng-0.09.04:$PATH'], 'mpi': False, 'environment': None, 'cleanup': False, 'arguments': ['-c', '1', '-t', '120'], 'stderr': None, 'cores': 1, 'post_exec': [], 'input_staging': [], 'pilot': None}, 'stdout': None, 'cmd': [], 'exit_code': None, 'states': ['NEW'], 'state': 'AGENT_STAGING_INPUT_PENDING', 'umgr': 'umgr.0000', 'pilot': 'pilot.0000', 'uid': 'unit.000006', 'pilot_sandbox': 'gsisftp://supermic.cct-lsu.xsede.org:2222/work/vivek91/radical.pilot.sandbox/rp.session.js-17-212.jetstream-cloud.org.vivek91.017515.0059/pilot.0000/', '_id': 'unit.000006', 'type': 'unit', 'stderr': None, 'unit_sandbox': 'gsisftp://supermic.cct-lsu.xsede.org:2222/work/vivek91/radical.pilot.sandbox/rp.session.js-17-212.jetstream-cloud.org.vivek91.017515.0059/pilot.0000//unit.000006/', 'name': 'radical.entk.task.js-17-212.jetstream-cloud.org.vivek91.017515.0156,radical.entk.stage.js-17-212.jetstream-cloud.org.vivek91.017515.0155,radical.entk.pipeline.js-17-212.jetstream-cloud.org.vivek91.017515.0056'}]}
2017-12-15 10:52:33,801: pmgr.0000           : MainProcess                     : pmgr.0000.subscriber._state_sub_cb: DEBUG   : state event: {'cmd': 'update', 'arg': [{'state': 'UMGR_STAGING_OUTPUT_PENDING', 'type': 'unit', 'uid': 'unit.000006'}]}
2017-12-15 10:52:33,851: pmgr.0000           : MainProcess                     : pmgr.0000.subscriber._state_sub_cb: DEBUG   : state event: {'cmd': 'update', 'arg': [{'state': 'UMGR_STAGING_OUTPUT', 'type': 'unit', 'uid': 'unit.000006'}]}
2017-12-15 10:52:33,851: pmgr.0000           : MainProcess                     : pmgr.0000.subscriber._state_sub_cb: DEBUG   : state event: {'cmd': 'update', 'arg': [{'control': None, 'uid': 'unit.000006', 'stdout': '', 'states': ['NEW', 'UMGR_SCHEDULING_PENDING', 'UMGR_SCHEDULING', 'UMGR_STAGING_INPUT_PENDING', 'UMGR_STAGING_INPUT', 'AGENT_STAGING_INPUT_PENDING', 'AGENT_STAGING_INPUT', 'AGENT_SCHEDULING_PENDING', 'AGENT_SCHEDULING', 'AGENT_EXECUTING_PENDING', 'AGENT_EXECUTING', 'AGENT_STAGING_OUTPUT_PENDING', 'AGENT_STAGING_OUTPUT', 'UMGR_STAGING_OUTPUT_PENDING'], 'target_state': 'DONE', 'opaque_slots': {'task_slots': ['smic028:0'], 'task_offsets': 0, 'lm_info': {}}, 'umgr': 'umgr.0000', 'exit_code': 0, 'state': 'DONE', 'client_sandbox': '/home/vivek91/repos/adaptive-bms-experiments/task-count-adap/bin', 'type': 'unit', 'pilot_sandbox': 'gsisftp://supermic.cct-lsu.xsede.org:2222/work/vivek91/radical.pilot.sandbox/rp.session.js-17-212.jetstream-cloud.org.vivek91.017515.0059/pilot.0000/', 'resource_sandbox': 'gsisftp://supermic.cct-lsu.xsede.org:2222/work/vivek91/radical.pilot.sandbox', 'description': {'kernel': None, 'executable': 'stress-ng', 'name': 'radical.entk.task.js-17-212.jetstream-cloud.org.vivek91.017515.0156,radical.entk.stage.js-17-212.jetstream-cloud.org.vivek91.017515.0155,radical.entk.pipeline.js-17-212.jetstream-cloud.org.vivek91.017515.0056', 'restartable': False, 'output_staging': [], 'stdout': None, 'pre_exec': ['export PATH=/home/vivek91/tools/stress-ng-0.09.04:$PATH'], 'mpi': False, 'environment': None, 'cleanup': False, 'arguments': ['-c', '1', '-t', '120'], 'stderr': None, 'cores': 1, 'post_exec': [], 'input_staging': [], 'pilot': None}, 'stderr_file': '/worka/work/vivek91/radical.pilot.sandbox/rp.session.js-17-212.jetstream-cloud.org.vivek91.017515.0059/pilot.0000/unit.000006/STDERR', 'stdout_file': '/worka/work/vivek91/radical.pilot.sandbox/rp.session.js-17-212.jetstream-cloud.org.vivek91.017515.0059/pilot.0000/unit.000006/STDOUT', 'pilot': 'pilot.0000', 'name': 'radical.entk.task.js-17-212.jetstream-cloud.org.vivek91.017515.0156,radical.entk.stage.js-17-212.jetstream-cloud.org.vivek91.017515.0155,radical.entk.pipeline.js-17-212.jetstream-cloud.org.vivek91.017515.0056', 'cmd': [], 'stderr': 'stress-ng: info:  [44279] dispatching hogs: 1 cpu\nstress-ng: info:  [44279] successful run completed in 120.04s (2 mins, 0.04 secs)\n', '_id': 'unit.000006', 'unit_sandbox': 'gsisftp://supermic.cct-lsu.xsede.org:2222/work/vivek91/radical.pilot.sandbox/rp.session.js-17-212.jetstream-cloud.org.vivek91.017515.0059/pilot.0000//unit.000006/'}]}
2017-12-15 10:52:33,907: pmgr.0000           : MainProcess                     : pmgr.0000.subscriber._state_sub_cb: DEBUG   : state event: {'cmd': 'update', 'arg': [{'state': 'UMGR_SCHEDULING_PENDING', 'type': 'unit', 'uid': 'unit.000007'}]}
2017-12-15 10:52:33,911: pmgr.0000           : MainProcess                     : pmgr.0000.subscriber._state_sub_cb: DEBUG   : state event: {'cmd': 'update', 'arg': [{'state': 'UMGR_SCHEDULING', 'type': 'unit', 'uid': 'unit.000007'}]}
2017-12-15 10:52:33,911: pmgr.0000           : MainProcess                     : pmgr.0000.subscriber._state_sub_cb: DEBUG   : state event: {'cmd': 'update', 'arg': []}
2017-12-15 10:52:33,911: pmgr.0000           : MainProcess                     : pmgr.0000.subscriber._state_sub_cb: DEBUG   : state event: {'cmd': 'update', 'arg': [{'state': 'UMGR_STAGING_INPUT_PENDING', 'type': 'unit', 'uid': 'unit.000007'}]}
2017-12-15 10:52:33,912: pmgr.0000           : MainProcess                     : pmgr.0000.subscriber._state_sub_cb: DEBUG   : state event: {'cmd': 'update', 'arg': [{'state': 'UMGR_STAGING_INPUT', 'type': 'unit', 'uid': 'unit.000007'}]}
2017-12-15 10:52:33,912: pmgr.0000           : MainProcess                     : pmgr.0000.subscriber._state_sub_cb: DEBUG   : state event: {'cmd': 'update', 'arg': [{'resource_sandbox': 'gsisftp://supermic.cct-lsu.xsede.org:2222/work/vivek91/radical.pilot.sandbox', 'control': 'agent_pending', 'client_sandbox': '/home/vivek91/repos/adaptive-bms-experiments/task-count-adap/bin', 'description': {'kernel': None, 'executable': 'stress-ng', 'name': 'radical.entk.task.js-17-212.jetstream-cloud.org.vivek91.017515.0172,radical.entk.stage.js-17-212.jetstream-cloud.org.vivek91.017515.0171,radical.entk.pipeline.js-17-212.jetstream-cloud.org.vivek91.017515.0056', 'restartable': False, 'output_staging': [], 'stdout': None, 'pre_exec': ['export PATH=/home/vivek91/tools/stress-ng-0.09.04:$PATH'], 'mpi': False, 'environment': None, 'cleanup': False, 'arguments': ['-c', '1', '-t', '120'], 'stderr': None, 'cores': 1, 'post_exec': [], 'input_staging': [], 'pilot': None}, 'stdout': None, 'cmd': [], 'exit_code': None, 'states': ['NEW'], 'state': 'AGENT_STAGING_INPUT_PENDING', 'umgr': 'umgr.0000', 'pilot': 'pilot.0000', 'uid': 'unit.000007', 'pilot_sandbox': 'gsisftp://supermic.cct-lsu.xsede.org:2222/work/vivek91/radical.pilot.sandbox/rp.session.js-17-212.jetstream-cloud.org.vivek91.017515.0059/pilot.0000/', '_id': 'unit.000007', 'type': 'unit', 'stderr': None, 'unit_sandbox': 'gsisftp://supermic.cct-lsu.xsede.org:2222/work/vivek91/radical.pilot.sandbox/rp.session.js-17-212.jetstream-cloud.org.vivek91.017515.0059/pilot.0000//unit.000007/', 'name': 'radical.entk.task.js-17-212.jetstream-cloud.org.vivek91.017515.0172,radical.entk.stage.js-17-212.jetstream-cloud.org.vivek91.017515.0171,radical.entk.pipeline.js-17-212.jetstream-cloud.org.vivek91.017515.0056'}]}
2017-12-15 10:54:40,380: pmgr.0000           : MainProcess                     : pmgr.0000.subscriber._state_sub_cb: DEBUG   : state event: {'cmd': 'update', 'arg': [{'state': 'UMGR_STAGING_OUTPUT_PENDING', 'type': 'unit', 'uid': 'unit.000007'}]}
2017-12-15 10:54:40,382: pmgr.0000           : MainProcess                     : pmgr.0000.subscriber._state_sub_cb: DEBUG   : state event: {'cmd': 'update', 'arg': [{'state': 'UMGR_STAGING_OUTPUT', 'type': 'unit', 'uid': 'unit.000007'}]}
2017-12-15 10:54:40,383: pmgr.0000           : MainProcess                     : pmgr.0000.subscriber._state_sub_cb: DEBUG   : state event: {'cmd': 'update', 'arg': [{'control': None, 'uid': 'unit.000007', 'stdout': '', 'states': ['NEW', 'UMGR_SCHEDULING_PENDING', 'UMGR_SCHEDULING', 'UMGR_STAGING_INPUT_PENDING', 'UMGR_STAGING_INPUT', 'AGENT_STAGING_INPUT_PENDING', 'AGENT_STAGING_INPUT', 'AGENT_SCHEDULING_PENDING', 'AGENT_SCHEDULING', 'AGENT_EXECUTING_PENDING', 'AGENT_EXECUTING', 'AGENT_STAGING_OUTPUT_PENDING', 'AGENT_STAGING_OUTPUT', 'UMGR_STAGING_OUTPUT_PENDING'], 'target_state': 'DONE', 'opaque_slots': {'task_slots': ['smic028:0'], 'task_offsets': 0, 'lm_info': {}}, 'umgr': 'umgr.0000', 'exit_code': 0, 'state': 'DONE', 'client_sandbox': '/home/vivek91/repos/adaptive-bms-experiments/task-count-adap/bin', 'type': 'unit', 'pilot_sandbox': 'gsisftp://supermic.cct-lsu.xsede.org:2222/work/vivek91/radical.pilot.sandbox/rp.session.js-17-212.jetstream-cloud.org.vivek91.017515.0059/pilot.0000/', 'resource_sandbox': 'gsisftp://supermic.cct-lsu.xsede.org:2222/work/vivek91/radical.pilot.sandbox', 'description': {'kernel': None, 'executable': 'stress-ng', 'name': 'radical.entk.task.js-17-212.jetstream-cloud.org.vivek91.017515.0172,radical.entk.stage.js-17-212.jetstream-cloud.org.vivek91.017515.0171,radical.entk.pipeline.js-17-212.jetstream-cloud.org.vivek91.017515.0056', 'restartable': False, 'output_staging': [], 'stdout': None, 'pre_exec': ['export PATH=/home/vivek91/tools/stress-ng-0.09.04:$PATH'], 'mpi': False, 'environment': None, 'cleanup': False, 'arguments': ['-c', '1', '-t', '120'], 'stderr': None, 'cores': 1, 'post_exec': [], 'input_staging': [], 'pilot': None}, 'stderr_file': '/worka/work/vivek91/radical.pilot.sandbox/rp.session.js-17-212.jetstream-cloud.org.vivek91.017515.0059/pilot.0000/unit.000007/STDERR', 'stdout_file': '/worka/work/vivek91/radical.pilot.sandbox/rp.session.js-17-212.jetstream-cloud.org.vivek91.017515.0059/pilot.0000/unit.000007/STDOUT', 'pilot': 'pilot.0000', 'name': 'radical.entk.task.js-17-212.jetstream-cloud.org.vivek91.017515.0172,radical.entk.stage.js-17-212.jetstream-cloud.org.vivek91.017515.0171,radical.entk.pipeline.js-17-212.jetstream-cloud.org.vivek91.017515.0056', 'cmd': [], 'stderr': 'stress-ng: info:  [44400] dispatching hogs: 1 cpu\nstress-ng: info:  [44400] successful run completed in 120.05s (2 mins, 0.05 secs)\n', '_id': 'unit.000007', 'unit_sandbox': 'gsisftp://supermic.cct-lsu.xsede.org:2222/work/vivek91/radical.pilot.sandbox/rp.session.js-17-212.jetstream-cloud.org.vivek91.017515.0059/pilot.0000//unit.000007/'}]}
2017-12-15 10:54:40,479: pmgr.0000           : MainProcess                     : pmgr.0000.subscriber._state_sub_cb: DEBUG   : state event: {'cmd': 'update', 'arg': [{'state': 'UMGR_SCHEDULING_PENDING', 'type': 'unit', 'uid': 'unit.000008'}]}
2017-12-15 10:54:40,481: pmgr.0000           : MainProcess                     : pmgr.0000.subscriber._state_sub_cb: DEBUG   : state event: {'cmd': 'update', 'arg': [{'state': 'UMGR_SCHEDULING', 'type': 'unit', 'uid': 'unit.000008'}]}
2017-12-15 10:54:40,486: pmgr.0000           : MainProcess                     : pmgr.0000.subscriber._state_sub_cb: DEBUG   : state event: {'cmd': 'update', 'arg': []}
2017-12-15 10:54:40,486: pmgr.0000           : MainProcess                     : pmgr.0000.subscriber._state_sub_cb: DEBUG   : state event: {'cmd': 'update', 'arg': [{'state': 'UMGR_STAGING_INPUT_PENDING', 'type': 'unit', 'uid': 'unit.000008'}]}
2017-12-15 10:54:40,487: pmgr.0000           : MainProcess                     : pmgr.0000.subscriber._state_sub_cb: DEBUG   : state event: {'cmd': 'update', 'arg': [{'state': 'UMGR_STAGING_INPUT', 'type': 'unit', 'uid': 'unit.000008'}]}
2017-12-15 10:54:40,487: pmgr.0000           : MainProcess                     : pmgr.0000.subscriber._state_sub_cb: DEBUG   : state event: {'cmd': 'update', 'arg': [{'resource_sandbox': 'gsisftp://supermic.cct-lsu.xsede.org:2222/work/vivek91/radical.pilot.sandbox', 'control': 'agent_pending', 'client_sandbox': '/home/vivek91/repos/adaptive-bms-experiments/task-count-adap/bin', 'description': {'kernel': None, 'executable': 'stress-ng', 'name': 'radical.entk.task.js-17-212.jetstream-cloud.org.vivek91.017515.0188,radical.entk.stage.js-17-212.jetstream-cloud.org.vivek91.017515.0187,radical.entk.pipeline.js-17-212.jetstream-cloud.org.vivek91.017515.0056', 'restartable': False, 'output_staging': [], 'stdout': None, 'pre_exec': ['export PATH=/home/vivek91/tools/stress-ng-0.09.04:$PATH'], 'mpi': False, 'environment': None, 'cleanup': False, 'arguments': ['-c', '1', '-t', '120'], 'stderr': None, 'cores': 1, 'post_exec': [], 'input_staging': [], 'pilot': None}, 'stdout': None, 'cmd': [], 'exit_code': None, 'states': ['NEW'], 'state': 'AGENT_STAGING_INPUT_PENDING', 'umgr': 'umgr.0000', 'pilot': 'pilot.0000', 'uid': 'unit.000008', 'pilot_sandbox': 'gsisftp://supermic.cct-lsu.xsede.org:2222/work/vivek91/radical.pilot.sandbox/rp.session.js-17-212.jetstream-cloud.org.vivek91.017515.0059/pilot.0000/', '_id': 'unit.000008', 'type': 'unit', 'stderr': None, 'unit_sandbox': 'gsisftp://supermic.cct-lsu.xsede.org:2222/work/vivek91/radical.pilot.sandbox/rp.session.js-17-212.jetstream-cloud.org.vivek91.017515.0059/pilot.0000//unit.000008/', 'name': 'radical.entk.task.js-17-212.jetstream-cloud.org.vivek91.017515.0188,radical.entk.stage.js-17-212.jetstream-cloud.org.vivek91.017515.0187,radical.entk.pipeline.js-17-212.jetstream-cloud.org.vivek91.017515.0056'}]}
2017-12-15 10:56:44,699: pmgr.0000           : MainProcess                     : pmgr.0000.subscriber._state_sub_cb: DEBUG   : state event: {'cmd': 'update', 'arg': [{'state': 'UMGR_STAGING_OUTPUT_PENDING', 'type': 'unit', 'uid': 'unit.000008'}]}
2017-12-15 10:56:44,702: pmgr.0000           : MainProcess                     : pmgr.0000.subscriber._state_sub_cb: DEBUG   : state event: {'cmd': 'update', 'arg': [{'state': 'UMGR_STAGING_OUTPUT', 'type': 'unit', 'uid': 'unit.000008'}]}
2017-12-15 10:56:44,704: pmgr.0000           : MainProcess                     : pmgr.0000.subscriber._state_sub_cb: DEBUG   : state event: {'cmd': 'update', 'arg': [{'control': None, 'uid': 'unit.000008', 'stdout': '', 'states': ['NEW', 'UMGR_SCHEDULING_PENDING', 'UMGR_SCHEDULING', 'UMGR_STAGING_INPUT_PENDING', 'UMGR_STAGING_INPUT', 'AGENT_STAGING_INPUT_PENDING', 'AGENT_STAGING_INPUT', 'AGENT_SCHEDULING_PENDING', 'AGENT_SCHEDULING', 'AGENT_EXECUTING_PENDING', 'AGENT_EXECUTING', 'AGENT_STAGING_OUTPUT_PENDING', 'AGENT_STAGING_OUTPUT', 'UMGR_STAGING_OUTPUT_PENDING'], 'target_state': 'DONE', 'opaque_slots': {'task_slots': ['smic028:0'], 'task_offsets': 0, 'lm_info': {}}, 'umgr': 'umgr.0000', 'exit_code': 0, 'state': 'DONE', 'client_sandbox': '/home/vivek91/repos/adaptive-bms-experiments/task-count-adap/bin', 'type': 'unit', 'pilot_sandbox': 'gsisftp://supermic.cct-lsu.xsede.org:2222/work/vivek91/radical.pilot.sandbox/rp.session.js-17-212.jetstream-cloud.org.vivek91.017515.0059/pilot.0000/', 'resource_sandbox': 'gsisftp://supermic.cct-lsu.xsede.org:2222/work/vivek91/radical.pilot.sandbox', 'description': {'kernel': None, 'executable': 'stress-ng', 'name': 'radical.entk.task.js-17-212.jetstream-cloud.org.vivek91.017515.0188,radical.entk.stage.js-17-212.jetstream-cloud.org.vivek91.017515.0187,radical.entk.pipeline.js-17-212.jetstream-cloud.org.vivek91.017515.0056', 'restartable': False, 'output_staging': [], 'stdout': None, 'pre_exec': ['export PATH=/home/vivek91/tools/stress-ng-0.09.04:$PATH'], 'mpi': False, 'environment': None, 'cleanup': False, 'arguments': ['-c', '1', '-t', '120'], 'stderr': None, 'cores': 1, 'post_exec': [], 'input_staging': [], 'pilot': None}, 'stderr_file': '/worka/work/vivek91/radical.pilot.sandbox/rp.session.js-17-212.jetstream-cloud.org.vivek91.017515.0059/pilot.0000/unit.000008/STDERR', 'stdout_file': '/worka/work/vivek91/radical.pilot.sandbox/rp.session.js-17-212.jetstream-cloud.org.vivek91.017515.0059/pilot.0000/unit.000008/STDOUT', 'pilot': 'pilot.0000', 'name': 'radical.entk.task.js-17-212.jetstream-cloud.org.vivek91.017515.0188,radical.entk.stage.js-17-212.jetstream-cloud.org.vivek91.017515.0187,radical.entk.pipeline.js-17-212.jetstream-cloud.org.vivek91.017515.0056', 'cmd': [], 'stderr': 'stress-ng: info:  [44520] dispatching hogs: 1 cpu\nstress-ng: info:  [44520] successful run completed in 120.00s (2 mins, 0.00 secs)\n', '_id': 'unit.000008', 'unit_sandbox': 'gsisftp://supermic.cct-lsu.xsede.org:2222/work/vivek91/radical.pilot.sandbox/rp.session.js-17-212.jetstream-cloud.org.vivek91.017515.0059/pilot.0000//unit.000008/'}]}
2017-12-15 10:57:02,219: pmgr.0000           : MainProcess                     : MainThread     : DEBUG   : in cancel_pilots: ['  File "task_dur.py", line 118, in <module>\n    appman.run()\n', '  File "/home/vivek91/ves/paper-adap/local/lib/python2.7/site-packages/radical/entk/appman/appmanager.py", line 405, in run\n    self._resource_manager._cancel_resource_request()\n', '  File "/home/vivek91/ves/paper-adap/local/lib/python2.7/site-packages/radical/entk/execman/resource_manager.py", line 384, in _cancel_resource_request\n    self._pilot.cancel()\n', '  File "/home/vivek91/ves/paper-adap/local/lib/python2.7/site-packages/radical/pilot/compute_pilot.py", line 538, in cancel\n    self._pmgr.cancel_pilots(self.uid)\n', '  File "/home/vivek91/ves/paper-adap/local/lib/python2.7/site-packages/radical/pilot/pilot_manager.py", line 718, in cancel_pilots\n    self._log.debug(\'in cancel_pilots: %s\', ru.get_stacktrace())\n']
2017-12-15 10:57:10,275: pmgr.0000           : MainProcess                     : pmgr.0000.idler._state_pull_cb: DEBUG   : pilot.0000 calls cb <bound method ComputePilot._default_state_cb of ['pilot.0000', 'xsede.supermic', 'CANCELED']>
2017-12-15 10:57:10,275: pmgr.0000           : MainProcess                     : pmgr.0000.idler._state_pull_cb: INFO    : [Callback]: pilot pilot.0000 state: CANCELED.
2017-12-15 10:57:10,276: pmgr.0000           : MainProcess                     : pmgr.0000.idler._state_pull_cb: DEBUG   : pmgr calls cb pilot.0000 for <function _pilot_state_cb at 0x7f20fa2e1d70>
2017-12-15 10:57:10,276: pmgr.0000           : MainProcess                     : pmgr.0000.idler._state_pull_cb: DEBUG   : advance bulk size: 1 [False, True]
2017-12-15 10:57:10,278: pmgr.0000           : MainProcess                     : pmgr.0000.subscriber._state_sub_cb: DEBUG   : state event: {'cmd': 'update', 'arg': [{'control': 'pmgr', 'uid': 'pilot.0000', 'stdout': None, 'cfg': {'export_to_cu': None, 'spawner': 'POPEN', 'cu_pre_exec': None, 'owner': 'agent_0', 'bridges': {'state_pubsub': {'bulk_size': 0, 'stall_hwm': 1, 'log_level': 'debug'}, 'agent_unschedule_pubsub': {'bulk_size': 0, 'stall_hwm': 1, 'log_level': 'debug'}, 'log_pubsub': {'bulk_size': 0, 'stall_hwm': 1, 'log_level': 'debug'}, 'agent_staging_output_queue': {'bulk_size': 0, 'stall_hwm': 1, 'log_level': 'debug'}, 'agent_scheduling_queue': {'bulk_size': 0, 'stall_hwm': 1, 'log_level': 'debug'}, 'control_pubsub': {'bulk_size': 0, 'stall_hwm': 1, 'log_level': 'debug'}, 'agent_executing_queue': {'bulk_size': 0, 'stall_hwm': 1, 'log_level': 'debug'}, 'agent_reschedule_pubsub': {'bulk_size': 0, 'stall_hwm': 1, 'log_level': 'debug'}, 'agent_staging_input_queue': {'bulk_size': 0, 'stall_hwm': 1, 'log_level': 'debug'}}, 'logdir': '.', 'task_launch_method': 'SSH', 'pilot_sandbox': '/work/vivek91/radical.pilot.sandbox/rp.session.js-17-212.jetstream-cloud.org.vivek91.017515.0059/pilot.0000/', 'cu_tmp': None, 'cu_post_exec': None, 'max_io_loglength': 1024, 'cores_per_node': 20, 'agent_launch_method': 'SSH', 'bulk_collection_time': 1.0, 'mpi_launch_method': 'MPIEXEC', 'scheduler': 'CONTINUOUS', 'session_sandbox': '/work/vivek91/radical.pilot.sandbox/rp.session.js-17-212.jetstream-cloud.org.vivek91.017515.0059', 'lrms': 'TORQUE', 'pilot_id': 'pilot.0000', 'runtime': 22, 'dburl': 'mongodb://entk:entk@ds141406.mlab.com:41406/adap-task-count', 'target': 'local', 'staging_area': 'staging_area', 'bulk_collection_size': 100, 'staging_schema': 'staging', 'resource_sandbox': '/work/vivek91/radical.pilot.sandbox', 'session_id': 'rp.session.js-17-212.jetstream-cloud.org.vivek91.017515.0059', 'mode': 'shared', 'components': {'AgentStagingOutputComponent': {'count': 1}, 'AgentSchedulingComponent': {'count': 1}, 'UpdateWorker': {'count': 1}, 'AgentStagingInputComponent': {'count': 1}, 'AgentExecutingComponent': {'count': 1}}, 'debug': 10, 'cores': 40, 'resource_cfg': {'agent_scheduler': 'CONTINUOUS', 'default_remote_workdir': '/work/$USER', 'rp_version': 'local', 'pre_bootstrap_1': ['module load python/2.7.7-anaconda'], 'python_dist': 'default', 'agent_spawner': 'POPEN', 'job_manager_endpoint': 'torque+gsissh://supermic.cct-lsu.xsede.org:2222/', 'schemas': ['gsissh', 'ssh'], 'filesystem_endpoint': 'gsisftp://supermic.cct-lsu.xsede.org:2222/', 'label': 'xsede.supermic_ssh', 'gsissh': {'filesystem_endpoint': 'gsisftp://supermic.cct-lsu.xsede.org:2222/', 'job_manager_endpoint': 'torque+gsissh://supermic.cct-lsu.xsede.org:2222/'}, 'valid_roots': ['/work'], 'task_launch_method': 'SSH', 'virtenv_mode': 'create', 'description': "SuperMIC (pronounced 'Super Mick') is Louisiana State University's (LSU) newest supercomputer funded by the National Science Foundation's (NSF) Major Research Instrumentation (MRI) award to the Center for Computation & Technology. (https://portal.xsede.org/lsu-supermic)", 'default_queue': 'workq', 'cores_per_node': '20', 'agent_launch_method': 'SSH', 'mpi_launch_method': 'MPIEXEC', 'ssh': {'filesystem_endpoint': 'sftp://supermic.cct-lsu.xsede.org/', 'job_manager_endpoint': 'torque+ssh://supermic.cct-lsu.xsede.org/'}, 'lrms': 'TORQUE', 'notes': 'Partially allocated through XSEDE. Primary access through GSISSH. Allows SSH key authentication too.'}, 'db_poll_sleeptime': 1.0}, 'states': ['NEW', 'PMGR_LAUNCHING_PENDING', 'PMGR_LAUNCHING', 'PMGR_ACTIVE_PENDING', 'PMGR_ACTIVE', 'PMGR_ACTIVE', 'CANCELED'], 'session': 'rp.session.js-17-212.jetstream-cloud.org.vivek91.017515.0059', 'js_url': 'torque+gsissh://supermic.cct-lsu.xsede.org:2222/', 'log': None, 'state': 'CANCELED', 'client_sandbox': '/home/vivek91/repos/adaptive-bms-experiments/task-count-adap/bin', 'type': 'pilot', 'pilot_sandbox': 'gsisftp://supermic.cct-lsu.xsede.org:2222/work/vivek91/radical.pilot.sandbox/rp.session.js-17-212.jetstream-cloud.org.vivek91.017515.0059/pilot.0000/', 'resource_sandbox': 'gsisftp://supermic.cct-lsu.xsede.org:2222/work/vivek91/radical.pilot.sandbox', 'description': {'queue': None, 'resource': 'xsede.supermic', 'exit_on_error': False, 'candidate_hosts': None, 'project': 'TG-MCB090174', 'sandbox': None, 'cleanup': None, 'access_schema': 'gsissh', 'memory': None, 'cores': 21, 'runtime': 22}, 'pmgr': 'pmgr.0000', 'finished': 1513357029.627442, 'resource_details': {'lm_detail': None, 'lm_info': None}, 'resource': 'xsede.supermic', 'cmd': [], 'stderr': None, 'js_hop': 'torque+gsissh://supermic.cct-lsu.xsede.org:2222/', '_id': 'pilot.0000'}]}
2017-12-15 10:57:10,343: pmgr.0000           : MainProcess                     : MainThread     : DEBUG   : in cancel_pilots: ['  File "task_dur.py", line 118, in <module>\n    appman.run()\n', '  File "/home/vivek91/ves/paper-adap/local/lib/python2.7/site-packages/radical/entk/appman/appmanager.py", line 405, in run\n    self._resource_manager._cancel_resource_request()\n', '  File "/home/vivek91/ves/paper-adap/local/lib/python2.7/site-packages/radical/entk/execman/resource_manager.py", line 385, in _cancel_resource_request\n    self._session.close(cleanup=False)\n', '  File "/home/vivek91/ves/paper-adap/local/lib/python2.7/site-packages/radical/pilot/session.py", line 462, in close\n    pmgr.close(terminate=terminate)\n', '  File "/home/vivek91/ves/paper-adap/local/lib/python2.7/site-packages/radical/pilot/pilot_manager.py", line 196, in close\n    self.cancel_pilots(_timeout=10)\n', '  File "/home/vivek91/ves/paper-adap/local/lib/python2.7/site-packages/radical/pilot/pilot_manager.py", line 718, in cancel_pilots\n    self._log.debug(\'in cancel_pilots: %s\', ru.get_stacktrace())\n']
2017-12-15 10:57:10,403: pmgr.0000           : MainProcess                     : MainThread     : INFO    : stop pmgr.0000 (4425 : None : MainThread) [radical.pilot.pilot_manager.PilotManager.close]
2017-12-15 10:57:10,418: pmgr.0000           : MainProcess                     : MainThread     : INFO    : parent stops child  4425 -> None [pmgr.0000]
2017-12-15 10:57:11,279: pmgr.0000           : MainProcess                     : pmgr.0000.idler._state_pull_cb: INFO    : put message: [pmgr.0000.idler._state_pull_cb.thread] work finished
2017-12-15 10:57:11,279: pmgr.0000           : MainProcess                     : pmgr.0000.idler._state_pull_cb: DEBUG   : ru_finalize_child (NOOP)
2017-12-15 10:57:11,279: pmgr.0000           : MainProcess                     : pmgr.0000.idler._state_pull_cb: DEBUG   : ru_finalize_common (NOOP)
2017-12-15 10:57:11,280: pmgr.0000           : MainProcess                     : pmgr.0000.idler._state_pull_cb: INFO    : put message: [pmgr.0000.idler._state_pull_cb.thread] terminating
2017-12-15 10:57:13,438: pmgr.0000           : MainProcess                     : MainThread     : DEBUG   : ru_finalize_common()
2017-12-15 10:57:13,438: pmgr.0000           : MainProcess                     : MainThread     : DEBUG   : TERM : pmgr.0000 unregister publisher log_pubsub
2017-12-15 10:57:13,439: pmgr.0000           : MainProcess                     : MainThread     : DEBUG   : unregistered publisher log_pubsub
2017-12-15 10:57:13,439: pmgr.0000           : MainProcess                     : MainThread     : DEBUG   : TERM : pmgr.0000 unregister publisher state_pubsub
2017-12-15 10:57:13,440: pmgr.0000           : MainProcess                     : MainThread     : DEBUG   : unregistered publisher state_pubsub
2017-12-15 10:57:13,441: pmgr.0000           : MainProcess                     : MainThread     : DEBUG   : TERM : pmgr.0000 unregister publisher control_pubsub
2017-12-15 10:57:13,442: pmgr.0000           : MainProcess                     : MainThread     : DEBUG   : unregistered publisher control_pubsub
2017-12-15 10:57:13,442: pmgr.0000           : MainProcess                     : MainThread     : DEBUG   : pmgr.0000 close prof
2017-12-15 10:57:13,459: pmgr.0000           : MainProcess                     : MainThread     : INFO    : parent stops child
2017-12-15 10:57:13,459: pmgr.0000           : MainProcess                     : MainThread     : DEBUG   : ru_finalize_parent (NOOP)
2017-12-15 10:57:13,460: pmgr.0000           : MainProcess                     : pmgr.0000.subscriber._staging_ack_cb: DEBUG   : ru_finalize_child (NOOP)
2017-12-15 10:57:13,460: pmgr.0000           : MainProcess                     : pmgr.0000.subscriber._staging_ack_cb: INFO    : put message: [pmgr.0000.subscriber._staging_ack_cb.thread] terminating
2017-12-15 10:57:13,462: pmgr.0000           : MainProcess                     : MainThread     : INFO    : parent stops child
2017-12-15 10:57:13,462: pmgr.0000           : MainProcess                     : MainThread     : DEBUG   : ru_finalize_parent (NOOP)
2017-12-15 10:57:13,463: pmgr.0000           : MainProcess                     : pmgr.0000.subscriber._state_sub_cb: DEBUG   : ru_finalize_child (NOOP)
2017-12-15 10:57:13,463: pmgr.0000           : MainProcess                     : pmgr.0000.subscriber._state_sub_cb: INFO    : put message: [pmgr.0000.subscriber._state_sub_cb.thread] terminating
2017-12-15 10:57:13,464: pmgr.0000           : MainProcess                     : MainThread     : INFO    : parent stops child
2017-12-15 10:57:13,464: pmgr.0000           : MainProcess                     : MainThread     : DEBUG   : ru_finalize_parent (NOOP)
2017-12-15 10:57:13,465: pmgr.0000           : MainProcess                     : MainThread     : DEBUG   : ru_finalize_common (NOOP)
2017-12-15 10:57:13,465: pmgr.0000           : MainProcess                     : MainThread     : INFO    : Closed PilotManager pmgr.0000.
2017-12-15 10:57:16,275: pmgr.0000           : MainProcess                     : MainThread     : INFO    : stop pmgr.0000 (4425 : None : MainThread) [radical.pilot.session.Session.close]
2017-12-15 10:57:16,276: pmgr.0000           : MainProcess                     : MainThread     : INFO    : parent stops child
2017-12-15 10:57:16,276: pmgr.0000           : MainProcess                     : MainThread     : INFO    : parent stops child
2017-12-15 10:57:16,276: pmgr.0000           : MainProcess                     : MainThread     : INFO    : parent stops child
