2017-12-15 10:36:39,832: rp.session.js-17-212.jetstream-cloud.org.vivek91.017515.0059: MainProcess                     : MainThread     : INFO    : python.interpreter   version: 2.7.12 (default, Nov 20 2017, 18:23:56) [GCC 5.4.0 20160609]
2017-12-15 10:36:39,832: rp.session.js-17-212.jetstream-cloud.org.vivek91.017515.0059: MainProcess                     : MainThread     : INFO    :                      pid: 4425
2017-12-15 10:36:39,832: rp.session.js-17-212.jetstream-cloud.org.vivek91.017515.0059: MainProcess                     : MainThread     : INFO    :                      tid: MainThread
2017-12-15 10:36:39,832: rp.session.js-17-212.jetstream-cloud.org.vivek91.017515.0059: MainProcess                     : MainThread     : INFO    : radical.pilot        version: 0.47.1
2017-12-15 10:36:39,832: rp.session.js-17-212.jetstream-cloud.org.vivek91.017515.0059: MainProcess                     : MainThread     : INFO    : using database mongodb://entk:entk@ds141406.mlab.com:41406/adap-task-count
2017-12-15 10:36:40,873: rp.session.js-17-212.jetstream-cloud.org.vivek91.017515.0059: MainProcess                     : MainThread     : INFO    : Load resource configurations from /home/vivek91/ves/paper-adap/local/lib/python2.7/site-packages/radical/pilot/configs/resource_ncsa.json
2017-12-15 10:36:40,885: rp.session.js-17-212.jetstream-cloud.org.vivek91.017515.0059: MainProcess                     : MainThread     : INFO    : Load resource configurations for ncsa.bw_orte
2017-12-15 10:36:40,886: rp.session.js-17-212.jetstream-cloud.org.vivek91.017515.0059: MainProcess                     : MainThread     : INFO    : Load resource configurations for ncsa.bw_ccm_ssh
2017-12-15 10:36:40,887: rp.session.js-17-212.jetstream-cloud.org.vivek91.017515.0059: MainProcess                     : MainThread     : INFO    : Load resource configurations for ncsa.bw_ortelib
2017-12-15 10:36:40,887: rp.session.js-17-212.jetstream-cloud.org.vivek91.017515.0059: MainProcess                     : MainThread     : INFO    : Load resource configurations for ncsa.bw_aprun
2017-12-15 10:36:40,888: rp.session.js-17-212.jetstream-cloud.org.vivek91.017515.0059: MainProcess                     : MainThread     : INFO    : Load resource configurations for ncsa.bw_local_orte
2017-12-15 10:36:40,889: rp.session.js-17-212.jetstream-cloud.org.vivek91.017515.0059: MainProcess                     : MainThread     : INFO    : Load resource configurations from /home/vivek91/ves/paper-adap/local/lib/python2.7/site-packages/radical/pilot/configs/resource_iu.json
2017-12-15 10:36:40,893: rp.session.js-17-212.jetstream-cloud.org.vivek91.017515.0059: MainProcess                     : MainThread     : INFO    : Load resource configurations for iu.bigred2_ccm_ssh
2017-12-15 10:36:40,894: rp.session.js-17-212.jetstream-cloud.org.vivek91.017515.0059: MainProcess                     : MainThread     : INFO    : Load resource configurations for iu.bigred2_aprun
2017-12-15 10:36:40,894: rp.session.js-17-212.jetstream-cloud.org.vivek91.017515.0059: MainProcess                     : MainThread     : INFO    : Load resource configurations from /home/vivek91/ves/paper-adap/local/lib/python2.7/site-packages/radical/pilot/configs/resource_osg.json
2017-12-15 10:36:40,899: rp.session.js-17-212.jetstream-cloud.org.vivek91.017515.0059: MainProcess                     : MainThread     : INFO    : Load resource configurations for osg.xsede-virt-clust
2017-12-15 10:36:40,899: rp.session.js-17-212.jetstream-cloud.org.vivek91.017515.0059: MainProcess                     : MainThread     : INFO    : Load resource configurations for osg.connect
2017-12-15 10:36:40,900: rp.session.js-17-212.jetstream-cloud.org.vivek91.017515.0059: MainProcess                     : MainThread     : INFO    : Load resource configurations from /home/vivek91/ves/paper-adap/local/lib/python2.7/site-packages/radical/pilot/configs/resource_yale.json
2017-12-15 10:36:40,902: rp.session.js-17-212.jetstream-cloud.org.vivek91.017515.0059: MainProcess                     : MainThread     : INFO    : Load resource configurations for yale.grace_ssh
2017-12-15 10:36:40,902: rp.session.js-17-212.jetstream-cloud.org.vivek91.017515.0059: MainProcess                     : MainThread     : INFO    : Load resource configurations from /home/vivek91/ves/paper-adap/local/lib/python2.7/site-packages/radical/pilot/configs/resource_lumc.json
2017-12-15 10:36:40,906: rp.session.js-17-212.jetstream-cloud.org.vivek91.017515.0059: MainProcess                     : MainThread     : INFO    : Load resource configurations for lumc.gb-ui_ssh
2017-12-15 10:36:40,907: rp.session.js-17-212.jetstream-cloud.org.vivek91.017515.0059: MainProcess                     : MainThread     : INFO    : Load resource configurations for lumc.shark_ssh
2017-12-15 10:36:40,907: rp.session.js-17-212.jetstream-cloud.org.vivek91.017515.0059: MainProcess                     : MainThread     : INFO    : Load resource configurations from /home/vivek91/ves/paper-adap/local/lib/python2.7/site-packages/radical/pilot/configs/resource_ornl.json
2017-12-15 10:36:40,914: rp.session.js-17-212.jetstream-cloud.org.vivek91.017515.0059: MainProcess                     : MainThread     : INFO    : Load resource configurations for ornl.titan_orte
2017-12-15 10:36:40,914: rp.session.js-17-212.jetstream-cloud.org.vivek91.017515.0059: MainProcess                     : MainThread     : INFO    : Load resource configurations for ornl.titan_aprun
2017-12-15 10:36:40,915: rp.session.js-17-212.jetstream-cloud.org.vivek91.017515.0059: MainProcess                     : MainThread     : INFO    : Load resource configurations for ornl.titan_ortelib
2017-12-15 10:36:40,916: rp.session.js-17-212.jetstream-cloud.org.vivek91.017515.0059: MainProcess                     : MainThread     : INFO    : Load resource configurations from /home/vivek91/ves/paper-adap/local/lib/python2.7/site-packages/radical/pilot/configs/resource_stfc.json
2017-12-15 10:36:40,917: rp.session.js-17-212.jetstream-cloud.org.vivek91.017515.0059: MainProcess                     : MainThread     : INFO    : Load resource configurations for stfc.joule_runjob
2017-12-15 10:36:40,918: rp.session.js-17-212.jetstream-cloud.org.vivek91.017515.0059: MainProcess                     : MainThread     : INFO    : Load resource configurations from /home/vivek91/ves/paper-adap/local/lib/python2.7/site-packages/radical/pilot/configs/resource_radical.json
2017-12-15 10:36:40,923: rp.session.js-17-212.jetstream-cloud.org.vivek91.017515.0059: MainProcess                     : MainThread     : INFO    : Load resource configurations for radical.two
2017-12-15 10:36:40,923: rp.session.js-17-212.jetstream-cloud.org.vivek91.017515.0059: MainProcess                     : MainThread     : INFO    : Load resource configurations for radical.tutorial
2017-12-15 10:36:40,924: rp.session.js-17-212.jetstream-cloud.org.vivek91.017515.0059: MainProcess                     : MainThread     : INFO    : Load resource configurations for radical.one
2017-12-15 10:36:40,924: rp.session.js-17-212.jetstream-cloud.org.vivek91.017515.0059: MainProcess                     : MainThread     : INFO    : Load resource configurations from /home/vivek91/ves/paper-adap/local/lib/python2.7/site-packages/radical/pilot/configs/resource_das4.json
2017-12-15 10:36:40,926: rp.session.js-17-212.jetstream-cloud.org.vivek91.017515.0059: MainProcess                     : MainThread     : INFO    : Load resource configurations for das4.fs2_ssh
2017-12-15 10:36:40,926: rp.session.js-17-212.jetstream-cloud.org.vivek91.017515.0059: MainProcess                     : MainThread     : INFO    : Load resource configurations from /home/vivek91/ves/paper-adap/local/lib/python2.7/site-packages/radical/pilot/configs/resource_nersc.json
2017-12-15 10:36:40,937: rp.session.js-17-212.jetstream-cloud.org.vivek91.017515.0059: MainProcess                     : MainThread     : INFO    : Load resource configurations for nersc.edison_ccm_ssh
2017-12-15 10:36:40,937: rp.session.js-17-212.jetstream-cloud.org.vivek91.017515.0059: MainProcess                     : MainThread     : INFO    : Load resource configurations for nersc.hopper_orte
2017-12-15 10:36:40,938: rp.session.js-17-212.jetstream-cloud.org.vivek91.017515.0059: MainProcess                     : MainThread     : INFO    : Load resource configurations for nersc.hopper_ccm_ssh
2017-12-15 10:36:40,938: rp.session.js-17-212.jetstream-cloud.org.vivek91.017515.0059: MainProcess                     : MainThread     : INFO    : Load resource configurations for nersc.edison_aprun
2017-12-15 10:36:40,939: rp.session.js-17-212.jetstream-cloud.org.vivek91.017515.0059: MainProcess                     : MainThread     : INFO    : Load resource configurations for nersc.hopper_aprun
2017-12-15 10:36:40,939: rp.session.js-17-212.jetstream-cloud.org.vivek91.017515.0059: MainProcess                     : MainThread     : INFO    : Load resource configurations for nersc.edison_orte
2017-12-15 10:36:40,939: rp.session.js-17-212.jetstream-cloud.org.vivek91.017515.0059: MainProcess                     : MainThread     : INFO    : Load resource configurations from /home/vivek91/ves/paper-adap/local/lib/python2.7/site-packages/radical/pilot/configs/resource_xsede.json
2017-12-15 10:36:40,974: rp.session.js-17-212.jetstream-cloud.org.vivek91.017515.0059: MainProcess                     : MainThread     : INFO    : Load resource configurations for xsede.gordon_ssh
2017-12-15 10:36:40,974: rp.session.js-17-212.jetstream-cloud.org.vivek91.017515.0059: MainProcess                     : MainThread     : INFO    : Load resource configurations for xsede.lonestar_ssh
2017-12-15 10:36:40,975: rp.session.js-17-212.jetstream-cloud.org.vivek91.017515.0059: MainProcess                     : MainThread     : INFO    : Load resource configurations for xsede.supermic_spark
2017-12-15 10:36:40,975: rp.session.js-17-212.jetstream-cloud.org.vivek91.017515.0059: MainProcess                     : MainThread     : INFO    : Load resource configurations for xsede.wrangler_yarn
2017-12-15 10:36:40,975: rp.session.js-17-212.jetstream-cloud.org.vivek91.017515.0059: MainProcess                     : MainThread     : INFO    : Load resource configurations for xsede.blacklight_ssh
2017-12-15 10:36:40,976: rp.session.js-17-212.jetstream-cloud.org.vivek91.017515.0059: MainProcess                     : MainThread     : INFO    : Load resource configurations for xsede.stampede_ortelib
2017-12-15 10:36:40,976: rp.session.js-17-212.jetstream-cloud.org.vivek91.017515.0059: MainProcess                     : MainThread     : INFO    : Load resource configurations for xsede.stampede_yarn
2017-12-15 10:36:40,976: rp.session.js-17-212.jetstream-cloud.org.vivek91.017515.0059: MainProcess                     : MainThread     : INFO    : Load resource configurations for xsede.stampede_ssh
2017-12-15 10:36:40,977: rp.session.js-17-212.jetstream-cloud.org.vivek91.017515.0059: MainProcess                     : MainThread     : INFO    : Load resource configurations for xsede.greenfield
2017-12-15 10:36:40,977: rp.session.js-17-212.jetstream-cloud.org.vivek91.017515.0059: MainProcess                     : MainThread     : INFO    : Load resource configurations for xsede.bridges
2017-12-15 10:36:40,977: rp.session.js-17-212.jetstream-cloud.org.vivek91.017515.0059: MainProcess                     : MainThread     : INFO    : Load resource configurations for xsede.trestles_ssh
2017-12-15 10:36:40,978: rp.session.js-17-212.jetstream-cloud.org.vivek91.017515.0059: MainProcess                     : MainThread     : INFO    : Load resource configurations for xsede.supermic_ortelib
2017-12-15 10:36:40,978: rp.session.js-17-212.jetstream-cloud.org.vivek91.017515.0059: MainProcess                     : MainThread     : INFO    : Load resource configurations for xsede.stampede2_ssh
2017-12-15 10:36:40,978: rp.session.js-17-212.jetstream-cloud.org.vivek91.017515.0059: MainProcess                     : MainThread     : INFO    : Load resource configurations for xsede.supermic_ssh
2017-12-15 10:36:40,979: rp.session.js-17-212.jetstream-cloud.org.vivek91.017515.0059: MainProcess                     : MainThread     : INFO    : Load resource configurations for xsede.wrangler_ssh
2017-12-15 10:36:40,979: rp.session.js-17-212.jetstream-cloud.org.vivek91.017515.0059: MainProcess                     : MainThread     : INFO    : Load resource configurations for xsede.supermic_orte
2017-12-15 10:36:40,980: rp.session.js-17-212.jetstream-cloud.org.vivek91.017515.0059: MainProcess                     : MainThread     : INFO    : Load resource configurations for xsede.wrangler_spark
2017-12-15 10:36:40,980: rp.session.js-17-212.jetstream-cloud.org.vivek91.017515.0059: MainProcess                     : MainThread     : INFO    : Load resource configurations for xsede.stampede_orte
2017-12-15 10:36:40,980: rp.session.js-17-212.jetstream-cloud.org.vivek91.017515.0059: MainProcess                     : MainThread     : INFO    : Load resource configurations for xsede.comet_ortelib
2017-12-15 10:36:40,981: rp.session.js-17-212.jetstream-cloud.org.vivek91.017515.0059: MainProcess                     : MainThread     : INFO    : Load resource configurations for xsede.comet_orte
2017-12-15 10:36:40,981: rp.session.js-17-212.jetstream-cloud.org.vivek91.017515.0059: MainProcess                     : MainThread     : INFO    : Load resource configurations for xsede.comet_spark
2017-12-15 10:36:40,981: rp.session.js-17-212.jetstream-cloud.org.vivek91.017515.0059: MainProcess                     : MainThread     : INFO    : Load resource configurations for xsede.comet_ssh
2017-12-15 10:36:40,982: rp.session.js-17-212.jetstream-cloud.org.vivek91.017515.0059: MainProcess                     : MainThread     : INFO    : Load resource configurations for xsede.stampede_spark
2017-12-15 10:36:40,982: rp.session.js-17-212.jetstream-cloud.org.vivek91.017515.0059: MainProcess                     : MainThread     : INFO    : Load resource configurations from /home/vivek91/ves/paper-adap/local/lib/python2.7/site-packages/radical/pilot/configs/resource_chameleon.json
2017-12-15 10:36:40,984: rp.session.js-17-212.jetstream-cloud.org.vivek91.017515.0059: MainProcess                     : MainThread     : INFO    : Load resource configurations for chameleon.cloud_vm_yarn
2017-12-15 10:36:40,984: rp.session.js-17-212.jetstream-cloud.org.vivek91.017515.0059: MainProcess                     : MainThread     : INFO    : Load resource configurations from /home/vivek91/ves/paper-adap/local/lib/python2.7/site-packages/radical/pilot/configs/resource_epsrc.json
2017-12-15 10:36:40,987: rp.session.js-17-212.jetstream-cloud.org.vivek91.017515.0059: MainProcess                     : MainThread     : INFO    : Load resource configurations for epsrc.archer_orte
2017-12-15 10:36:40,987: rp.session.js-17-212.jetstream-cloud.org.vivek91.017515.0059: MainProcess                     : MainThread     : INFO    : Load resource configurations for epsrc.archer_aprun
2017-12-15 10:36:40,988: rp.session.js-17-212.jetstream-cloud.org.vivek91.017515.0059: MainProcess                     : MainThread     : INFO    : Load resource configurations from /home/vivek91/ves/paper-adap/local/lib/python2.7/site-packages/radical/pilot/configs/resource_futuregrid.json
2017-12-15 10:36:40,994: rp.session.js-17-212.jetstream-cloud.org.vivek91.017515.0059: MainProcess                     : MainThread     : INFO    : Load resource configurations for futuregrid.delta_ssh
2017-12-15 10:36:40,995: rp.session.js-17-212.jetstream-cloud.org.vivek91.017515.0059: MainProcess                     : MainThread     : INFO    : Load resource configurations for futuregrid.india_ssh
2017-12-15 10:36:40,995: rp.session.js-17-212.jetstream-cloud.org.vivek91.017515.0059: MainProcess                     : MainThread     : INFO    : Load resource configurations for futuregrid.echo_ssh
2017-12-15 10:36:40,995: rp.session.js-17-212.jetstream-cloud.org.vivek91.017515.0059: MainProcess                     : MainThread     : INFO    : Load resource configurations for futuregrid.xray_ccm
2017-12-15 10:36:40,996: rp.session.js-17-212.jetstream-cloud.org.vivek91.017515.0059: MainProcess                     : MainThread     : INFO    : Load resource configurations for futuregrid.bravo_ssh
2017-12-15 10:36:40,996: rp.session.js-17-212.jetstream-cloud.org.vivek91.017515.0059: MainProcess                     : MainThread     : INFO    : Load resource configurations for futuregrid.xray_aprun
2017-12-15 10:36:40,996: rp.session.js-17-212.jetstream-cloud.org.vivek91.017515.0059: MainProcess                     : MainThread     : INFO    : Load resource configurations from /home/vivek91/ves/paper-adap/local/lib/python2.7/site-packages/radical/pilot/configs/resource_local.json
2017-12-15 10:36:41,004: rp.session.js-17-212.jetstream-cloud.org.vivek91.017515.0059: MainProcess                     : MainThread     : INFO    : Load resource configurations for local.localhost_orte
2017-12-15 10:36:41,004: rp.session.js-17-212.jetstream-cloud.org.vivek91.017515.0059: MainProcess                     : MainThread     : INFO    : Load resource configurations for local.localhost_anaconda
2017-12-15 10:36:41,004: rp.session.js-17-212.jetstream-cloud.org.vivek91.017515.0059: MainProcess                     : MainThread     : INFO    : Load resource configurations for local.localhost_ortelib
2017-12-15 10:36:41,004: rp.session.js-17-212.jetstream-cloud.org.vivek91.017515.0059: MainProcess                     : MainThread     : INFO    : Load resource configurations for local.localhost
2017-12-15 10:36:41,005: rp.session.js-17-212.jetstream-cloud.org.vivek91.017515.0059: MainProcess                     : MainThread     : INFO    : Load resource configurations for local.localhost_spark
2017-12-15 10:36:41,005: rp.session.js-17-212.jetstream-cloud.org.vivek91.017515.0059: MainProcess                     : MainThread     : INFO    : Load resource configurations for local.localhost_spark_anaconda
2017-12-15 10:36:41,005: rp.session.js-17-212.jetstream-cloud.org.vivek91.017515.0059: MainProcess                     : MainThread     : INFO    : Load resource configurations for local.localhost_yarn
2017-12-15 10:36:41,006: rp.session.js-17-212.jetstream-cloud.org.vivek91.017515.0059: MainProcess                     : MainThread     : INFO    : Load resource configurations from /home/vivek91/ves/paper-adap/local/lib/python2.7/site-packages/radical/pilot/configs/resource_aliases.json
2017-12-15 10:36:41,006: rp.session.js-17-212.jetstream-cloud.org.vivek91.017515.0059: MainProcess                     : MainThread     : INFO    : Load resource configurations from /home/vivek91/ves/paper-adap/local/lib/python2.7/site-packages/radical/pilot/configs/resource_lrz.json
2017-12-15 10:36:41,007: rp.session.js-17-212.jetstream-cloud.org.vivek91.017515.0059: MainProcess                     : MainThread     : INFO    : Load resource configurations for lrz.supermuc_ssh
2017-12-15 10:36:41,007: rp.session.js-17-212.jetstream-cloud.org.vivek91.017515.0059: MainProcess                     : MainThread     : INFO    : Load resource configurations from /home/vivek91/ves/paper-adap/local/lib/python2.7/site-packages/radical/pilot/configs/resource_rice.json
2017-12-15 10:36:41,009: rp.session.js-17-212.jetstream-cloud.org.vivek91.017515.0059: MainProcess                     : MainThread     : INFO    : Load resource configurations for rice.davinci_ssh
2017-12-15 10:36:41,009: rp.session.js-17-212.jetstream-cloud.org.vivek91.017515.0059: MainProcess                     : MainThread     : INFO    : Load resource configurations for rice.biou_ssh
2017-12-15 10:36:41,010: rp.session.js-17-212.jetstream-cloud.org.vivek91.017515.0059: MainProcess                     : MainThread     : INFO    : Load resource configurations from /home/vivek91/ves/paper-adap/local/lib/python2.7/site-packages/radical/pilot/configs/resource_ncar.json
2017-12-15 10:36:41,011: rp.session.js-17-212.jetstream-cloud.org.vivek91.017515.0059: MainProcess                     : MainThread     : INFO    : Load resource configurations for ncar.yellowstone_ssh
2017-12-15 10:36:41,011: rp.session.js-17-212.jetstream-cloud.org.vivek91.017515.0059: MainProcess                     : MainThread     : INFO    : Load resource configurations from /home/vivek91/ves/paper-adap/local/lib/python2.7/site-packages/radical/pilot/configs/resource_das5.json
2017-12-15 10:36:41,012: rp.session.js-17-212.jetstream-cloud.org.vivek91.017515.0059: MainProcess                     : MainThread     : INFO    : Load resource configurations for das5.fs1_ssh
2017-12-15 10:36:41,012: rp.session.js-17-212.jetstream-cloud.org.vivek91.017515.0059: MainProcess                     : MainThread     : INFO    : Load resource configurations from /home/vivek91/ves/paper-adap/local/lib/python2.7/site-packages/radical/pilot/configs/resource_fub.json
2017-12-15 10:36:41,013: rp.session.js-17-212.jetstream-cloud.org.vivek91.017515.0059: MainProcess                     : MainThread     : INFO    : Load resource configurations for fub.allegro_rsh
2017-12-15 10:36:41,562: rp.session.js-17-212.jetstream-cloud.org.vivek91.017515.0059: MainProcess                     : MainThread     : INFO    : New Session created: rp.session.js-17-212.jetstream-cloud.org.vivek91.017515.0059.
2017-12-15 10:36:41,562: rp.session.js-17-212.jetstream-cloud.org.vivek91.017515.0059: MainProcess                     : MainThread     : DEBUG   : start bridges   : {u'control_pubsub': {u'bulk_size': 0, u'log_level': u'debug', u'stall_hwm': 1},
 u'log_pubsub': {u'bulk_size': 0, u'log_level': u'debug', u'stall_hwm': 1},
 u'state_pubsub': {u'bulk_size': 0, u'log_level': u'debug', u'stall_hwm': 1}}
2017-12-15 10:36:41,562: rp.session.js-17-212.jetstream-cloud.org.vivek91.017515.0059: MainProcess                     : MainThread     : INFO    : create bridge control_pubsub
2017-12-15 10:36:41,588: rp.session.js-17-212.jetstream-cloud.org.vivek91.017515.0059: MainProcess                     : MainThread     : INFO    : created bridge control_pubsub (control.pubsub.bridge.0000)
2017-12-15 10:36:41,588: rp.session.js-17-212.jetstream-cloud.org.vivek91.017515.0059: MainProcess                     : MainThread     : INFO    : create bridge state_pubsub
2017-12-15 10:36:41,607: rp.session.js-17-212.jetstream-cloud.org.vivek91.017515.0059: MainProcess                     : MainThread     : INFO    : created bridge state_pubsub (state.pubsub.bridge.0000)
2017-12-15 10:36:41,607: rp.session.js-17-212.jetstream-cloud.org.vivek91.017515.0059: MainProcess                     : MainThread     : INFO    : create bridge log_pubsub
2017-12-15 10:36:41,626: rp.session.js-17-212.jetstream-cloud.org.vivek91.017515.0059: MainProcess                     : MainThread     : INFO    : created bridge log_pubsub (log.pubsub.bridge.0000)
2017-12-15 10:36:41,627: rp.session.js-17-212.jetstream-cloud.org.vivek91.017515.0059: MainProcess                     : MainThread     : DEBUG   : start components: {u'UpdateWorker': {u'count': 1}}
2017-12-15 10:36:41,627: rp.session.js-17-212.jetstream-cloud.org.vivek91.017515.0059: MainProcess                     : MainThread     : DEBUG   : start 1 component(s) UpdateWorker
2017-12-15 10:36:44,082: rp.session.js-17-212.jetstream-cloud.org.vivek91.017515.0059: MainProcess                     : MainThread     : INFO    : rp.session.js-17-212.jetstream-cloud.org.vivek91.017515.0059 starts update.0
2017-12-15 10:36:47,424: rp.session.js-17-212.jetstream-cloud.org.vivek91.017515.0059: MainProcess                     : MainThread     : WARNING : using alias 'xsede.supermic_ssh' for deprecated resource key 'xsede.supermic'
2017-12-15 10:36:47,425: rp.session.js-17-212.jetstream-cloud.org.vivek91.017515.0059: MainProcess                     : MainThread     : WARNING : using alias 'xsede.supermic_ssh' for deprecated resource key 'xsede.supermic'
2017-12-15 10:36:47,425: rp.session.js-17-212.jetstream-cloud.org.vivek91.017515.0059: MainProcess                     : MainThread     : DEBUG   : rsup.PTYShell('gsissh://supermic.cct-lsu.xsede.org:2222/')
2017-12-15 10:36:53,628: rp.session.js-17-212.jetstream-cloud.org.vivek91.017515.0059: MainProcess                     : MainThread     : DEBUG   : sandbox base gsissh://supermic.cct-lsu.xsede.org:2222/: '/work/vivek91'
2017-12-15 10:36:53,779: rp.session.js-17-212.jetstream-cloud.org.vivek91.017515.0059: MainProcess                     : MainThread     : DEBUG   : bulk pilot insert result: {'nModified': 0, 'nUpserted': 0, 'nMatched': 0, 'writeErrors': [], 'upserted': [], 'writeConcernErrors': [], 'nRemoved': 0, 'nInserted': 1}
2017-12-15 10:36:53,786: rp.session.js-17-212.jetstream-cloud.org.vivek91.017515.0059: pmgr.0000.launching.0           : MainThread     : WARNING : using alias 'xsede.supermic_ssh' for deprecated resource key 'xsede.supermic'
2017-12-15 10:36:53,791: rp.session.js-17-212.jetstream-cloud.org.vivek91.017515.0059: pmgr.0000.launching.0           : MainThread     : WARNING : using alias 'xsede.supermic_ssh' for deprecated resource key 'xsede.supermic'
2017-12-15 10:36:53,791: rp.session.js-17-212.jetstream-cloud.org.vivek91.017515.0059: pmgr.0000.launching.0           : MainThread     : DEBUG   : rsup.PTYShell('gsissh://supermic.cct-lsu.xsede.org:2222/')
2017-12-15 10:36:55,142: rp.session.js-17-212.jetstream-cloud.org.vivek91.017515.0059: pmgr.0000.launching.0           : MainThread     : DEBUG   : sandbox base gsissh://supermic.cct-lsu.xsede.org:2222/: '/work/vivek91'
2017-12-15 10:38:00,652: rp.session.js-17-212.jetstream-cloud.org.vivek91.017515.0059: task-manager                    : MainThread     : DEBUG   : bulk unit insert result: {'nModified': 0, 'nUpserted': 0, 'nMatched': 0, 'writeErrors': [], 'upserted': [], 'writeConcernErrors': [], 'nRemoved': 0, 'nInserted': 1}
2017-12-15 10:40:05,828: rp.session.js-17-212.jetstream-cloud.org.vivek91.017515.0059: task-manager                    : MainThread     : DEBUG   : bulk unit insert result: {'nModified': 0, 'nUpserted': 0, 'nMatched': 0, 'writeErrors': [], 'upserted': [], 'writeConcernErrors': [], 'nRemoved': 0, 'nInserted': 1}
2017-12-15 10:42:10,980: rp.session.js-17-212.jetstream-cloud.org.vivek91.017515.0059: task-manager                    : MainThread     : DEBUG   : bulk unit insert result: {'nModified': 0, 'nUpserted': 0, 'nMatched': 0, 'writeErrors': [], 'upserted': [], 'writeConcernErrors': [], 'nRemoved': 0, 'nInserted': 1}
2017-12-15 10:44:16,146: rp.session.js-17-212.jetstream-cloud.org.vivek91.017515.0059: task-manager                    : MainThread     : DEBUG   : bulk unit insert result: {'nModified': 0, 'nUpserted': 0, 'nMatched': 0, 'writeErrors': [], 'upserted': [], 'writeConcernErrors': [], 'nRemoved': 0, 'nInserted': 1}
2017-12-15 10:46:20,413: rp.session.js-17-212.jetstream-cloud.org.vivek91.017515.0059: task-manager                    : MainThread     : DEBUG   : bulk unit insert result: {'nModified': 0, 'nUpserted': 0, 'nMatched': 0, 'writeErrors': [], 'upserted': [], 'writeConcernErrors': [], 'nRemoved': 0, 'nInserted': 1}
2017-12-15 10:48:24,667: rp.session.js-17-212.jetstream-cloud.org.vivek91.017515.0059: task-manager                    : MainThread     : DEBUG   : bulk unit insert result: {'nModified': 0, 'nUpserted': 0, 'nMatched': 0, 'writeErrors': [], 'upserted': [], 'writeConcernErrors': [], 'nRemoved': 0, 'nInserted': 1}
2017-12-15 10:50:28,708: rp.session.js-17-212.jetstream-cloud.org.vivek91.017515.0059: task-manager                    : MainThread     : DEBUG   : bulk unit insert result: {'nModified': 0, 'nUpserted': 0, 'nMatched': 0, 'writeErrors': [], 'upserted': [], 'writeConcernErrors': [], 'nRemoved': 0, 'nInserted': 1}
2017-12-15 10:52:33,904: rp.session.js-17-212.jetstream-cloud.org.vivek91.017515.0059: task-manager                    : MainThread     : DEBUG   : bulk unit insert result: {'nModified': 0, 'nUpserted': 0, 'nMatched': 0, 'writeErrors': [], 'upserted': [], 'writeConcernErrors': [], 'nRemoved': 0, 'nInserted': 1}
2017-12-15 10:54:40,478: rp.session.js-17-212.jetstream-cloud.org.vivek91.017515.0059: task-manager                    : MainThread     : DEBUG   : bulk unit insert result: {'nModified': 0, 'nUpserted': 0, 'nMatched': 0, 'writeErrors': [], 'upserted': [], 'writeConcernErrors': [], 'nRemoved': 0, 'nInserted': 1}
2017-12-15 10:57:10,342: rp.session.js-17-212.jetstream-cloud.org.vivek91.017515.0059: MainProcess                     : MainThread     : DEBUG   : session rp.session.js-17-212.jetstream-cloud.org.vivek91.017515.0059 closing
2017-12-15 10:57:10,342: rp.session.js-17-212.jetstream-cloud.org.vivek91.017515.0059: MainProcess                     : MainThread     : DEBUG   : session rp.session.js-17-212.jetstream-cloud.org.vivek91.017515.0059 closes pmgr   pmgr.0000
2017-12-15 10:57:13,465: rp.session.js-17-212.jetstream-cloud.org.vivek91.017515.0059: MainProcess                     : MainThread     : DEBUG   : session rp.session.js-17-212.jetstream-cloud.org.vivek91.017515.0059 closed pmgr   pmgr.0000
2017-12-15 10:57:13,465: rp.session.js-17-212.jetstream-cloud.org.vivek91.017515.0059: MainProcess                     : MainThread     : DEBUG   : session rp.session.js-17-212.jetstream-cloud.org.vivek91.017515.0059 closes comp   update.0
2017-12-15 10:57:13,465: rp.session.js-17-212.jetstream-cloud.org.vivek91.017515.0059: MainProcess                     : MainThread     : DEBUG   :  === update.0 stop called
2017-12-15 10:57:13,600: rp.session.js-17-212.jetstream-cloud.org.vivek91.017515.0059: update.0                        : MainThread     : DEBUG   :  === update.0.child stop called
2017-12-15 10:57:13,808: rp.session.js-17-212.jetstream-cloud.org.vivek91.017515.0059: update.0                        : MainThread     : DEBUG   :  === update.0.child stop called
2017-12-15 10:57:13,825: rp.session.js-17-212.jetstream-cloud.org.vivek91.017515.0059: MainProcess                     : MainThread     : DEBUG   : session rp.session.js-17-212.jetstream-cloud.org.vivek91.017515.0059 closed comp   update.0
2017-12-15 10:57:13,826: rp.session.js-17-212.jetstream-cloud.org.vivek91.017515.0059: MainProcess                     : MainThread     : DEBUG   : session rp.session.js-17-212.jetstream-cloud.org.vivek91.017515.0059 closes bridge control.pubsub.bridge.0000
2017-12-15 10:57:14,810: rp.session.js-17-212.jetstream-cloud.org.vivek91.017515.0059: MainProcess                     : MainThread     : DEBUG   : session rp.session.js-17-212.jetstream-cloud.org.vivek91.017515.0059 closed bridge control.pubsub.bridge.0000
2017-12-15 10:57:14,810: rp.session.js-17-212.jetstream-cloud.org.vivek91.017515.0059: MainProcess                     : MainThread     : DEBUG   : session rp.session.js-17-212.jetstream-cloud.org.vivek91.017515.0059 closes bridge state.pubsub.bridge.0000
2017-12-15 10:57:15,842: rp.session.js-17-212.jetstream-cloud.org.vivek91.017515.0059: MainProcess                     : MainThread     : DEBUG   : session rp.session.js-17-212.jetstream-cloud.org.vivek91.017515.0059 closed bridge state.pubsub.bridge.0000
2017-12-15 10:57:15,842: rp.session.js-17-212.jetstream-cloud.org.vivek91.017515.0059: MainProcess                     : MainThread     : DEBUG   : session rp.session.js-17-212.jetstream-cloud.org.vivek91.017515.0059 closes bridge log.pubsub.bridge.0000
2017-12-15 10:57:16,211: rp.session.js-17-212.jetstream-cloud.org.vivek91.017515.0059: MainProcess                     : MainThread     : DEBUG   : session rp.session.js-17-212.jetstream-cloud.org.vivek91.017515.0059 closed bridge log.pubsub.bridge.0000
2017-12-15 10:57:16,211: rp.session.js-17-212.jetstream-cloud.org.vivek91.017515.0059: MainProcess                     : MainThread     : DEBUG   : session rp.session.js-17-212.jetstream-cloud.org.vivek91.017515.0059 closes db (False)
2017-12-15 10:57:16,211: rp.session.js-17-212.jetstream-cloud.org.vivek91.017515.0059: MainProcess                     : MainThread     : DEBUG   : session rp.session.js-17-212.jetstream-cloud.org.vivek91.017515.0059 closed (delete=False)
2017-12-15 10:57:16,274: rp.session.js-17-212.jetstream-cloud.org.vivek91.017515.0059: MainProcess                     : MainThread     : DEBUG   :  === update.0 stop called
