2018-01-29 11:33:26,900: control.pubsub.pub.0000: update.0                        : MainThread     : INFO    : python.interpreter   version: 2.7.6 (default, Jun 22 2015, 17:58:13) [GCC 4.8.2]
2018-01-29 11:33:26,900: control.pubsub.pub.0000: update.0                        : MainThread     : INFO    :                      pid: 8732
2018-01-29 11:33:26,900: control.pubsub.pub.0000: update.0                        : MainThread     : INFO    :                      tid: MainThread
2018-01-29 11:33:26,900: control.pubsub.pub.0000: update.0                        : MainThread     : INFO    : radical.pilot        version: 0.47.1
2018-01-29 11:33:26,900: control.pubsub.pub.0000: update.0                        : MainThread     : INFO    : create control_pubsub - pub - tcp://172.29.241.4:47569
2018-01-29 11:33:26,904: control.pubsub.pub.0000: update.0                        : MainThread     : DEBUG   : start process
2018-01-29 11:33:26,904: control.pubsub.pub.0000: update.0                        : MainThread     : DEBUG   : ru_initialize_common (NOOP)
2018-01-29 11:33:26,904: control.pubsub.pub.0000: update.0                        : MainThread     : DEBUG   : ru_initialize_parent (NOOP)
2018-01-29 11:33:26,904: control.pubsub.pub.0000: update.0                        : MainThread     : DEBUG   : process class started (no child)
2018-01-29 11:33:27,141: control.pubsub.pub.0000: MainProcess                     : MainThread     : INFO    : python.interpreter   version: 2.7.6 (default, Jun 22 2015, 17:58:13) [GCC 4.8.2]
2018-01-29 11:33:27,141: control.pubsub.pub.0000: MainProcess                     : MainThread     : INFO    :                      pid: 8684
2018-01-29 11:33:27,141: control.pubsub.pub.0000: MainProcess                     : MainThread     : INFO    :                      tid: MainThread
2018-01-29 11:33:27,141: control.pubsub.pub.0000: MainProcess                     : MainThread     : INFO    : radical.pilot        version: 0.47.1
2018-01-29 11:33:27,141: control.pubsub.pub.0000: MainProcess                     : MainThread     : INFO    : create control_pubsub - pub - tcp://172.29.241.4:47569
2018-01-29 11:33:27,142: control.pubsub.pub.0000: MainProcess                     : MainThread     : DEBUG   : start process
2018-01-29 11:33:27,142: control.pubsub.pub.0000: MainProcess                     : MainThread     : DEBUG   : ru_initialize_common (NOOP)
2018-01-29 11:33:27,142: control.pubsub.pub.0000: MainProcess                     : MainThread     : DEBUG   : ru_initialize_parent (NOOP)
2018-01-29 11:33:27,142: control.pubsub.pub.0000: MainProcess                     : MainThread     : DEBUG   : process class started (no child)
2018-01-29 13:55:24,986: control.pubsub.pub.0000: MainProcess                     : MainThread     : INFO    : parent stops child  8684 -> None [control.pubsub.pub.0000]
2018-01-29 13:55:24,986: control.pubsub.pub.0000: MainProcess                     : MainThread     : DEBUG   : ru_finalize_parent (NOOP)
2018-01-29 13:55:25,243: control.pubsub.pub.0000: update.0                        : MainThread     : INFO    : parent stops child  8732 -> None [control.pubsub.pub.0000]
2018-01-29 13:55:25,243: control.pubsub.pub.0000: update.0                        : MainThread     : DEBUG   : ru_finalize_parent (NOOP)
