2018-01-29 11:33:26,646: control.pubsub.bridge.0000: MainProcess                     : MainThread     : INFO    : python.interpreter   version: 2.7.6 (default, Jun 22 2015, 17:58:13) [GCC 4.8.2]
2018-01-29 11:33:26,646: control.pubsub.bridge.0000: MainProcess                     : MainThread     : INFO    :                      pid: 8684
2018-01-29 11:33:26,646: control.pubsub.bridge.0000: MainProcess                     : MainThread     : INFO    :                      tid: MainThread
2018-01-29 11:33:26,646: control.pubsub.bridge.0000: MainProcess                     : MainThread     : INFO    : radical.pilot        version: 0.47.1
2018-01-29 11:33:26,646: control.pubsub.bridge.0000: MainProcess                     : MainThread     : INFO    : create control_pubsub - bridge - tcp://*:*
2018-01-29 11:33:26,649: control.pubsub.bridge.0000: MainProcess                     : MainThread     : DEBUG   : start process
2018-01-29 11:33:26,652: control.pubsub.bridge.0000: control.pubsub.bridge.0000      : MainThread     : DEBUG   : ru_initialize_common (NOOP)
2018-01-29 11:33:26,656: control.pubsub.bridge.0000: control.pubsub.bridge.0000.child: MainThread     : INFO    : child (me) initializing
2018-01-29 11:33:26,657: control.pubsub.bridge.0000: control.pubsub.bridge.0000.child: MainThread     : DEBUG   : parent name: control.pubsub.bridge.0000.child.watch
2018-01-29 11:33:26,657: control.pubsub.bridge.0000: control.pubsub.bridge.0000.child: MainThread     : DEBUG   : start thread
2018-01-29 11:33:26,657: control.pubsub.bridge.0000: control.pubsub.bridge.0000.child: control.pubsub.bridge.0000.child.watch: DEBUG   : child name: control.pubsub.bridge.0000.child.watch.thread
2018-01-29 11:33:26,658: control.pubsub.bridge.0000: control.pubsub.bridge.0000.child: control.pubsub.bridge.0000.child.watch: INFO    : child (me) initializing
2018-01-29 11:33:26,658: control.pubsub.bridge.0000: control.pubsub.bridge.0000.child: control.pubsub.bridge.0000.child.watch: DEBUG   : ru_initialize_common (NOOP)
2018-01-29 11:33:26,658: control.pubsub.bridge.0000: control.pubsub.bridge.0000.child: control.pubsub.bridge.0000.child.watch: DEBUG   : ru_initialize_child (NOOP)
2018-01-29 11:33:26,658: control.pubsub.bridge.0000: control.pubsub.bridge.0000.child: control.pubsub.bridge.0000.child.watch: INFO    : send alive
2018-01-29 11:33:26,658: control.pubsub.bridge.0000: control.pubsub.bridge.0000.child: control.pubsub.bridge.0000.child.watch: INFO    : put message: [control.pubsub.bridge.0000.child.watch.thread] alive
2018-01-29 11:33:26,659: control.pubsub.bridge.0000: control.pubsub.bridge.0000.child: MainThread     : INFO    : get msg: alive
2018-01-29 11:33:26,659: control.pubsub.bridge.0000: control.pubsub.bridge.0000.child: MainThread     : DEBUG   : ru_initialize_common (NOOP)
2018-01-29 11:33:26,659: control.pubsub.bridge.0000: control.pubsub.bridge.0000.child: MainThread     : DEBUG   : ru_initialize_parent (NOOP)
2018-01-29 11:33:26,659: control.pubsub.bridge.0000: control.pubsub.bridge.0000.child: MainThread     : DEBUG   : child thread control.pubsub.bridge.0000.child.watch started
2018-01-29 11:33:26,659: control.pubsub.bridge.0000: control.pubsub.bridge.0000.child: MainThread     : INFO    : child (me) is alive
2018-01-29 11:33:26,660: control.pubsub.bridge.0000: control.pubsub.bridge.0000.child: MainThread     : INFO    : send alive
2018-01-29 11:33:26,660: control.pubsub.bridge.0000: control.pubsub.bridge.0000.child: MainThread     : INFO    : send message: [control.pubsub.bridge.0000.child] alive
2018-01-29 11:33:26,660: control.pubsub.bridge.0000: MainProcess                     : MainThread     : INFO    : recv message: alive
2018-01-29 11:33:26,660: control.pubsub.bridge.0000: MainProcess                     : MainThread     : DEBUG   : ru_initialize_common (NOOP)
2018-01-29 11:33:26,660: control.pubsub.bridge.0000: MainProcess                     : MainThread     : DEBUG   : ru_initialize_parent (NOOP)
2018-01-29 11:33:26,661: control.pubsub.bridge.0000: MainProcess                     : MainThread     : DEBUG   : parent name: control.pubsub.bridge.0000.watch
2018-01-29 11:33:26,661: control.pubsub.bridge.0000: MainProcess                     : MainThread     : DEBUG   : start thread
2018-01-29 11:33:26,662: control.pubsub.bridge.0000: MainProcess                     : control.pubsub.bridge.0000.watch: DEBUG   : child name: control.pubsub.bridge.0000.watch.thread
2018-01-29 11:33:26,662: control.pubsub.bridge.0000: MainProcess                     : control.pubsub.bridge.0000.watch: INFO    : child (me) initializing
2018-01-29 11:33:26,662: control.pubsub.bridge.0000: MainProcess                     : control.pubsub.bridge.0000.watch: DEBUG   : ru_initialize_common (NOOP)
2018-01-29 11:33:26,662: control.pubsub.bridge.0000: MainProcess                     : control.pubsub.bridge.0000.watch: DEBUG   : ru_initialize_child (NOOP)
2018-01-29 11:33:26,662: control.pubsub.bridge.0000: MainProcess                     : control.pubsub.bridge.0000.watch: INFO    : send alive
2018-01-29 11:33:26,663: control.pubsub.bridge.0000: MainProcess                     : control.pubsub.bridge.0000.watch: INFO    : put message: [control.pubsub.bridge.0000.watch.thread] alive
2018-01-29 11:33:26,663: control.pubsub.bridge.0000: MainProcess                     : MainThread     : INFO    : get msg: alive
2018-01-29 11:33:26,663: control.pubsub.bridge.0000: MainProcess                     : MainThread     : DEBUG   : ru_initialize_common (NOOP)
2018-01-29 11:33:26,664: control.pubsub.bridge.0000: MainProcess                     : MainThread     : DEBUG   : ru_initialize_parent (NOOP)
2018-01-29 11:33:26,664: control.pubsub.bridge.0000: MainProcess                     : MainThread     : DEBUG   : child thread control.pubsub.bridge.0000.watch started
2018-01-29 11:33:26,664: control.pubsub.bridge.0000: MainProcess                     : MainThread     : INFO    : child is alive
2018-01-29 11:33:26,664: control.pubsub.bridge.0000: MainProcess                     : MainThread     : DEBUG   : process class started child
2018-01-29 13:55:25,508: control.pubsub.bridge.0000: MainProcess                     : MainThread     : INFO    : parent stops child  8684 -> 8712 [control.pubsub.bridge.0000]
2018-01-29 13:55:25,508: control.pubsub.bridge.0000: MainProcess                     : MainThread     : INFO    : send message: [control.pubsub.bridge.0000] STOP
2018-01-29 13:55:25,508: control.pubsub.bridge.0000: MainProcess                     : MainThread     : DEBUG   : ru_finalize_parent (NOOP)
2018-01-29 13:55:25,508: control.pubsub.bridge.0000: MainProcess                     : MainThread     : INFO    : parent stops child
2018-01-29 13:55:25,508: control.pubsub.bridge.0000: MainProcess                     : MainThread     : DEBUG   : ru_finalize_parent (NOOP)
2018-01-29 13:55:25,509: control.pubsub.bridge.0000: MainProcess                     : MainThread     : DEBUG   : ru_finalize_common (NOOP)
2018-01-29 13:55:25,509: control.pubsub.bridge.0000: control.pubsub.bridge.0000.child: control.pubsub.bridge.0000.child.watch: INFO    : recv message: STOP
2018-01-29 13:55:25,509: control.pubsub.bridge.0000: control.pubsub.bridge.0000.child: control.pubsub.bridge.0000.child.watch: INFO    : message received: STOP
2018-01-29 13:55:25,509: control.pubsub.bridge.0000: control.pubsub.bridge.0000.child: control.pubsub.bridge.0000.child.watch: INFO    : STOP received: STOP
2018-01-29 13:55:25,509: control.pubsub.bridge.0000: control.pubsub.bridge.0000.child: control.pubsub.bridge.0000.child.watch: INFO    : watcher closes
2018-01-29 13:55:25,510: control.pubsub.bridge.0000: control.pubsub.bridge.0000.child: control.pubsub.bridge.0000.child.watch: INFO    : put message: [control.pubsub.bridge.0000.child.watch.thread] work finished
2018-01-29 13:55:25,510: control.pubsub.bridge.0000: MainProcess                     : control.pubsub.bridge.0000.watch: INFO    : recv message: 
2018-01-29 13:55:25,510: control.pubsub.bridge.0000: MainProcess                     : control.pubsub.bridge.0000.watch: INFO    : message received: 
2018-01-29 13:55:25,510: control.pubsub.bridge.0000: control.pubsub.bridge.0000.child: control.pubsub.bridge.0000.child.watch: DEBUG   : ru_finalize_child (NOOP)
2018-01-29 13:55:25,510: control.pubsub.bridge.0000: MainProcess                     : control.pubsub.bridge.0000.watch: WARNING : received empty string, parent closed ep
2018-01-29 13:55:25,510: control.pubsub.bridge.0000: control.pubsub.bridge.0000.child: control.pubsub.bridge.0000.child.watch: DEBUG   : ru_finalize_common (NOOP)
2018-01-29 13:55:25,510: control.pubsub.bridge.0000: MainProcess                     : control.pubsub.bridge.0000.watch: INFO    : watcher closes
2018-01-29 13:55:25,510: control.pubsub.bridge.0000: control.pubsub.bridge.0000.child: control.pubsub.bridge.0000.child.watch: INFO    : put message: [control.pubsub.bridge.0000.child.watch.thread] terminating
2018-01-29 13:55:25,510: control.pubsub.bridge.0000: MainProcess                     : control.pubsub.bridge.0000.watch: INFO    : put message: [control.pubsub.bridge.0000.watch.thread] work finished
2018-01-29 13:55:25,510: control.pubsub.bridge.0000: MainProcess                     : control.pubsub.bridge.0000.watch: DEBUG   : ru_finalize_child (NOOP)
2018-01-29 13:55:25,510: control.pubsub.bridge.0000: MainProcess                     : control.pubsub.bridge.0000.watch: DEBUG   : ru_finalize_common (NOOP)
2018-01-29 13:55:25,510: control.pubsub.bridge.0000: MainProcess                     : control.pubsub.bridge.0000.watch: INFO    : put message: [control.pubsub.bridge.0000.watch.thread] terminating
2018-01-29 13:55:26,280: control.pubsub.bridge.0000: control.pubsub.bridge.0000.child: MainThread     : DEBUG   : ru_finalize_child (NOOP)
2018-01-29 13:55:26,280: control.pubsub.bridge.0000: control.pubsub.bridge.0000.child: MainThread     : INFO    : send message: [control.pubsub.bridge.0000.child] terminating
2018-01-29 13:55:26,280: control.pubsub.bridge.0000: control.pubsub.bridge.0000.child: MainThread     : WARNING : send failed ([Errno 9] Bad file descriptor) - terminate
