2018-01-29 11:36:42,293: umgr.unschedule.pubsub.bridge.0000: task-manager                    : MainThread     : INFO    : python.interpreter   version: 2.7.6 (default, Jun 22 2015, 17:58:13) [GCC 4.8.2]
2018-01-29 11:36:42,293: umgr.unschedule.pubsub.bridge.0000: task-manager                    : MainThread     : INFO    :                      pid: 10198
2018-01-29 11:36:42,294: umgr.unschedule.pubsub.bridge.0000: task-manager                    : MainThread     : INFO    :                      tid: MainThread
2018-01-29 11:36:42,294: umgr.unschedule.pubsub.bridge.0000: task-manager                    : MainThread     : INFO    : radical.pilot        version: 0.47.1
2018-01-29 11:36:42,294: umgr.unschedule.pubsub.bridge.0000: task-manager                    : MainThread     : INFO    : create umgr_unschedule_pubsub - bridge - tcp://*:*
2018-01-29 11:36:42,294: umgr.unschedule.pubsub.bridge.0000: task-manager                    : MainThread     : DEBUG   : start process
2018-01-29 11:36:42,314: umgr.unschedule.pubsub.bridge.0000: umgr.unschedule.pubsub.bridge.0000: MainThread     : DEBUG   : ru_initialize_common (NOOP)
2018-01-29 11:36:42,317: umgr.unschedule.pubsub.bridge.0000: umgr.unschedule.pubsub.bridge.0000.child: MainThread     : INFO    : child (me) initializing
2018-01-29 11:36:42,317: umgr.unschedule.pubsub.bridge.0000: umgr.unschedule.pubsub.bridge.0000.child: MainThread     : DEBUG   : parent name: umgr.unschedule.pubsub.bridge.0000.child.watch
2018-01-29 11:36:42,318: umgr.unschedule.pubsub.bridge.0000: umgr.unschedule.pubsub.bridge.0000.child: MainThread     : DEBUG   : start thread
2018-01-29 11:36:42,318: umgr.unschedule.pubsub.bridge.0000: umgr.unschedule.pubsub.bridge.0000.child: umgr.unschedule.pubsub.bridge.0000.child.watch: DEBUG   : child name: umgr.unschedule.pubsub.bridge.0000.child.watch.thread
2018-01-29 11:36:42,318: umgr.unschedule.pubsub.bridge.0000: umgr.unschedule.pubsub.bridge.0000.child: umgr.unschedule.pubsub.bridge.0000.child.watch: INFO    : child (me) initializing
2018-01-29 11:36:42,318: umgr.unschedule.pubsub.bridge.0000: umgr.unschedule.pubsub.bridge.0000.child: umgr.unschedule.pubsub.bridge.0000.child.watch: DEBUG   : ru_initialize_common (NOOP)
2018-01-29 11:36:42,319: umgr.unschedule.pubsub.bridge.0000: umgr.unschedule.pubsub.bridge.0000.child: umgr.unschedule.pubsub.bridge.0000.child.watch: DEBUG   : ru_initialize_child (NOOP)
2018-01-29 11:36:42,319: umgr.unschedule.pubsub.bridge.0000: umgr.unschedule.pubsub.bridge.0000.child: umgr.unschedule.pubsub.bridge.0000.child.watch: INFO    : send alive
2018-01-29 11:36:42,320: umgr.unschedule.pubsub.bridge.0000: umgr.unschedule.pubsub.bridge.0000.child: umgr.unschedule.pubsub.bridge.0000.child.watch: INFO    : put message: [umgr.unschedule.pubsub.bridge.0000.child.watch.thread] alive
2018-01-29 11:36:42,322: umgr.unschedule.pubsub.bridge.0000: umgr.unschedule.pubsub.bridge.0000.child: MainThread     : INFO    : get msg: alive
2018-01-29 11:36:42,322: umgr.unschedule.pubsub.bridge.0000: umgr.unschedule.pubsub.bridge.0000.child: MainThread     : DEBUG   : ru_initialize_common (NOOP)
2018-01-29 11:36:42,322: umgr.unschedule.pubsub.bridge.0000: umgr.unschedule.pubsub.bridge.0000.child: MainThread     : DEBUG   : ru_initialize_parent (NOOP)
2018-01-29 11:36:42,322: umgr.unschedule.pubsub.bridge.0000: umgr.unschedule.pubsub.bridge.0000.child: MainThread     : DEBUG   : child thread umgr.unschedule.pubsub.bridge.0000.child.watch started
2018-01-29 11:36:42,322: umgr.unschedule.pubsub.bridge.0000: umgr.unschedule.pubsub.bridge.0000.child: MainThread     : INFO    : child (me) is alive
2018-01-29 11:36:42,322: umgr.unschedule.pubsub.bridge.0000: umgr.unschedule.pubsub.bridge.0000.child: MainThread     : INFO    : send alive
2018-01-29 11:36:42,322: umgr.unschedule.pubsub.bridge.0000: umgr.unschedule.pubsub.bridge.0000.child: MainThread     : INFO    : send message: [umgr.unschedule.pubsub.bridge.0000.child] alive
2018-01-29 11:36:42,322: umgr.unschedule.pubsub.bridge.0000: task-manager                    : MainThread     : INFO    : recv message: alive
2018-01-29 11:36:42,322: umgr.unschedule.pubsub.bridge.0000: task-manager                    : MainThread     : DEBUG   : ru_initialize_common (NOOP)
2018-01-29 11:36:42,322: umgr.unschedule.pubsub.bridge.0000: task-manager                    : MainThread     : DEBUG   : ru_initialize_parent (NOOP)
2018-01-29 11:36:42,323: umgr.unschedule.pubsub.bridge.0000: task-manager                    : MainThread     : DEBUG   : parent name: umgr.unschedule.pubsub.bridge.0000.watch
2018-01-29 11:36:42,323: umgr.unschedule.pubsub.bridge.0000: task-manager                    : MainThread     : DEBUG   : start thread
2018-01-29 11:36:42,323: umgr.unschedule.pubsub.bridge.0000: task-manager                    : umgr.unschedule.pubsub.bridge.0000.watch: DEBUG   : child name: umgr.unschedule.pubsub.bridge.0000.watch.thread
2018-01-29 11:36:42,323: umgr.unschedule.pubsub.bridge.0000: task-manager                    : umgr.unschedule.pubsub.bridge.0000.watch: INFO    : child (me) initializing
2018-01-29 11:36:42,323: umgr.unschedule.pubsub.bridge.0000: task-manager                    : umgr.unschedule.pubsub.bridge.0000.watch: DEBUG   : ru_initialize_common (NOOP)
2018-01-29 11:36:42,323: umgr.unschedule.pubsub.bridge.0000: task-manager                    : umgr.unschedule.pubsub.bridge.0000.watch: DEBUG   : ru_initialize_child (NOOP)
2018-01-29 11:36:42,323: umgr.unschedule.pubsub.bridge.0000: task-manager                    : umgr.unschedule.pubsub.bridge.0000.watch: INFO    : send alive
2018-01-29 11:36:42,323: umgr.unschedule.pubsub.bridge.0000: task-manager                    : umgr.unschedule.pubsub.bridge.0000.watch: INFO    : put message: [umgr.unschedule.pubsub.bridge.0000.watch.thread] alive
2018-01-29 11:36:42,325: umgr.unschedule.pubsub.bridge.0000: task-manager                    : MainThread     : INFO    : get msg: alive
2018-01-29 11:36:42,325: umgr.unschedule.pubsub.bridge.0000: task-manager                    : MainThread     : DEBUG   : ru_initialize_common (NOOP)
2018-01-29 11:36:42,325: umgr.unschedule.pubsub.bridge.0000: task-manager                    : MainThread     : DEBUG   : ru_initialize_parent (NOOP)
2018-01-29 11:36:42,325: umgr.unschedule.pubsub.bridge.0000: task-manager                    : MainThread     : DEBUG   : child thread umgr.unschedule.pubsub.bridge.0000.watch started
2018-01-29 11:36:42,325: umgr.unschedule.pubsub.bridge.0000: task-manager                    : MainThread     : INFO    : child is alive
2018-01-29 11:36:42,325: umgr.unschedule.pubsub.bridge.0000: task-manager                    : MainThread     : DEBUG   : process class started child
2018-01-29 13:55:17,905: umgr.unschedule.pubsub.bridge.0000: umgr.unschedule.pubsub.bridge.0000.child: MainThread     : DEBUG   : ru_finalize_child (NOOP)
2018-01-29 13:55:17,907: umgr.unschedule.pubsub.bridge.0000: umgr.unschedule.pubsub.bridge.0000.child: MainThread     : INFO    : send message: [umgr.unschedule.pubsub.bridge.0000.child] terminating
2018-01-29 13:55:17,945: umgr.unschedule.pubsub.bridge.0000: umgr.unschedule.pubsub.bridge.0000.child: umgr.unschedule.pubsub.bridge.0000.child.watch: INFO    : watcher closes
2018-01-29 13:55:17,945: umgr.unschedule.pubsub.bridge.0000: umgr.unschedule.pubsub.bridge.0000.child: umgr.unschedule.pubsub.bridge.0000.child.watch: INFO    : put message: [umgr.unschedule.pubsub.bridge.0000.child.watch.thread] work finished
2018-01-29 13:55:17,945: umgr.unschedule.pubsub.bridge.0000: umgr.unschedule.pubsub.bridge.0000.child: umgr.unschedule.pubsub.bridge.0000.child.watch: DEBUG   : ru_finalize_child (NOOP)
2018-01-29 13:55:17,945: umgr.unschedule.pubsub.bridge.0000: umgr.unschedule.pubsub.bridge.0000.child: umgr.unschedule.pubsub.bridge.0000.child.watch: DEBUG   : ru_finalize_common (NOOP)
2018-01-29 13:55:17,946: umgr.unschedule.pubsub.bridge.0000: umgr.unschedule.pubsub.bridge.0000.child: umgr.unschedule.pubsub.bridge.0000.child.watch: INFO    : put message: [umgr.unschedule.pubsub.bridge.0000.child.watch.thread] terminating
