2018-03-21 14:50:52,747: rp.session.two.vivek.017611.3529: MainProcess                     : MainThread     : INFO    : python.interpreter   version: 2.7.12 (default, Nov 20 2017, 18:23:56) [GCC 5.4.0 20160609]
2018-03-21 14:50:52,747: rp.session.two.vivek.017611.3529: MainProcess                     : MainThread     : INFO    :                      pid: 27972
2018-03-21 14:50:52,747: rp.session.two.vivek.017611.3529: MainProcess                     : MainThread     : INFO    :                      tid: MainThread
2018-03-21 14:50:52,747: rp.session.two.vivek.017611.3529: MainProcess                     : MainThread     : INFO    : radical.pilot        version: 0.47.1
2018-03-21 14:50:52,747: rp.session.two.vivek.017611.3529: MainProcess                     : MainThread     : INFO    : using database mongodb://entk:entk@ds125126.mlab.com:25126/adbms-1
2018-03-21 14:50:52,764: rp.session.two.vivek.017611.3529: MainProcess                     : MainThread     : INFO    : Load resource configurations from /home/vivek/ves/ve-adbms/local/lib/python2.7/site-packages/radical/pilot/configs/resource_fub.json
2018-03-21 14:50:52,765: rp.session.two.vivek.017611.3529: MainProcess                     : MainThread     : INFO    : Load resource configurations for fub.allegro_rsh
2018-03-21 14:50:52,765: rp.session.two.vivek.017611.3529: MainProcess                     : MainThread     : INFO    : Load resource configurations from /home/vivek/ves/ve-adbms/local/lib/python2.7/site-packages/radical/pilot/configs/resource_yale.json
2018-03-21 14:50:52,766: rp.session.two.vivek.017611.3529: MainProcess                     : MainThread     : INFO    : Load resource configurations for yale.grace_ssh
2018-03-21 14:50:52,767: rp.session.two.vivek.017611.3529: MainProcess                     : MainThread     : INFO    : Load resource configurations from /home/vivek/ves/ve-adbms/local/lib/python2.7/site-packages/radical/pilot/configs/resource_stfc.json
2018-03-21 14:50:52,768: rp.session.two.vivek.017611.3529: MainProcess                     : MainThread     : INFO    : Load resource configurations for stfc.joule_runjob
2018-03-21 14:50:52,768: rp.session.two.vivek.017611.3529: MainProcess                     : MainThread     : INFO    : Load resource configurations from /home/vivek/ves/ve-adbms/local/lib/python2.7/site-packages/radical/pilot/configs/resource_osg.json
2018-03-21 14:50:52,770: rp.session.two.vivek.017611.3529: MainProcess                     : MainThread     : INFO    : Load resource configurations for osg.xsede-virt-clust
2018-03-21 14:50:52,771: rp.session.two.vivek.017611.3529: MainProcess                     : MainThread     : INFO    : Load resource configurations for osg.connect
2018-03-21 14:50:52,771: rp.session.two.vivek.017611.3529: MainProcess                     : MainThread     : INFO    : Load resource configurations from /home/vivek/ves/ve-adbms/local/lib/python2.7/site-packages/radical/pilot/configs/resource_xsede.json
2018-03-21 14:50:52,794: rp.session.two.vivek.017611.3529: MainProcess                     : MainThread     : INFO    : Load resource configurations for xsede.gordon_ssh
2018-03-21 14:50:52,794: rp.session.two.vivek.017611.3529: MainProcess                     : MainThread     : INFO    : Load resource configurations for xsede.lonestar_ssh
2018-03-21 14:50:52,795: rp.session.two.vivek.017611.3529: MainProcess                     : MainThread     : INFO    : Load resource configurations for xsede.supermic_spark
2018-03-21 14:50:52,795: rp.session.two.vivek.017611.3529: MainProcess                     : MainThread     : INFO    : Load resource configurations for xsede.wrangler_yarn
2018-03-21 14:50:52,795: rp.session.two.vivek.017611.3529: MainProcess                     : MainThread     : INFO    : Load resource configurations for xsede.blacklight_ssh
2018-03-21 14:50:52,795: rp.session.two.vivek.017611.3529: MainProcess                     : MainThread     : INFO    : Load resource configurations for xsede.stampede_ortelib
2018-03-21 14:50:52,796: rp.session.two.vivek.017611.3529: MainProcess                     : MainThread     : INFO    : Load resource configurations for xsede.stampede_yarn
2018-03-21 14:50:52,796: rp.session.two.vivek.017611.3529: MainProcess                     : MainThread     : INFO    : Load resource configurations for xsede.stampede_ssh
2018-03-21 14:50:52,796: rp.session.two.vivek.017611.3529: MainProcess                     : MainThread     : INFO    : Load resource configurations for xsede.greenfield
2018-03-21 14:50:52,796: rp.session.two.vivek.017611.3529: MainProcess                     : MainThread     : INFO    : Load resource configurations for xsede.bridges
2018-03-21 14:50:52,797: rp.session.two.vivek.017611.3529: MainProcess                     : MainThread     : INFO    : Load resource configurations for xsede.trestles_ssh
2018-03-21 14:50:52,797: rp.session.two.vivek.017611.3529: MainProcess                     : MainThread     : INFO    : Load resource configurations for xsede.supermic_ortelib
2018-03-21 14:50:52,797: rp.session.two.vivek.017611.3529: MainProcess                     : MainThread     : INFO    : Load resource configurations for xsede.stampede2_ssh
2018-03-21 14:50:52,797: rp.session.two.vivek.017611.3529: MainProcess                     : MainThread     : INFO    : Load resource configurations for xsede.supermic_ssh
2018-03-21 14:50:52,798: rp.session.two.vivek.017611.3529: MainProcess                     : MainThread     : INFO    : Load resource configurations for xsede.wrangler_ssh
2018-03-21 14:50:52,798: rp.session.two.vivek.017611.3529: MainProcess                     : MainThread     : INFO    : Load resource configurations for xsede.supermic_orte
2018-03-21 14:50:52,798: rp.session.two.vivek.017611.3529: MainProcess                     : MainThread     : INFO    : Load resource configurations for xsede.wrangler_spark
2018-03-21 14:50:52,798: rp.session.two.vivek.017611.3529: MainProcess                     : MainThread     : INFO    : Load resource configurations for xsede.stampede_orte
2018-03-21 14:50:52,799: rp.session.two.vivek.017611.3529: MainProcess                     : MainThread     : INFO    : Load resource configurations for xsede.comet_ortelib
2018-03-21 14:50:52,799: rp.session.two.vivek.017611.3529: MainProcess                     : MainThread     : INFO    : Load resource configurations for xsede.comet_orte
2018-03-21 14:50:52,799: rp.session.two.vivek.017611.3529: MainProcess                     : MainThread     : INFO    : Load resource configurations for xsede.comet_spark
2018-03-21 14:50:52,799: rp.session.two.vivek.017611.3529: MainProcess                     : MainThread     : INFO    : Load resource configurations for xsede.comet_ssh
2018-03-21 14:50:52,800: rp.session.two.vivek.017611.3529: MainProcess                     : MainThread     : INFO    : Load resource configurations for xsede.stampede_spark
2018-03-21 14:50:52,800: rp.session.two.vivek.017611.3529: MainProcess                     : MainThread     : INFO    : Load resource configurations from /home/vivek/ves/ve-adbms/local/lib/python2.7/site-packages/radical/pilot/configs/resource_nersc.json
2018-03-21 14:50:52,806: rp.session.two.vivek.017611.3529: MainProcess                     : MainThread     : INFO    : Load resource configurations for nersc.edison_ccm_ssh
2018-03-21 14:50:52,806: rp.session.two.vivek.017611.3529: MainProcess                     : MainThread     : INFO    : Load resource configurations for nersc.hopper_orte
2018-03-21 14:50:52,807: rp.session.two.vivek.017611.3529: MainProcess                     : MainThread     : INFO    : Load resource configurations for nersc.hopper_ccm_ssh
2018-03-21 14:50:52,807: rp.session.two.vivek.017611.3529: MainProcess                     : MainThread     : INFO    : Load resource configurations for nersc.edison_aprun
2018-03-21 14:50:52,807: rp.session.two.vivek.017611.3529: MainProcess                     : MainThread     : INFO    : Load resource configurations for nersc.hopper_aprun
2018-03-21 14:50:52,808: rp.session.two.vivek.017611.3529: MainProcess                     : MainThread     : INFO    : Load resource configurations for nersc.edison_orte
2018-03-21 14:50:52,808: rp.session.two.vivek.017611.3529: MainProcess                     : MainThread     : INFO    : Load resource configurations from /home/vivek/ves/ve-adbms/local/lib/python2.7/site-packages/radical/pilot/configs/resource_lrz.json
2018-03-21 14:50:52,809: rp.session.two.vivek.017611.3529: MainProcess                     : MainThread     : INFO    : Load resource configurations for lrz.supermuc_ssh
2018-03-21 14:50:52,809: rp.session.two.vivek.017611.3529: MainProcess                     : MainThread     : INFO    : Load resource configurations from /home/vivek/ves/ve-adbms/local/lib/python2.7/site-packages/radical/pilot/configs/resource_epsrc.json
2018-03-21 14:50:52,811: rp.session.two.vivek.017611.3529: MainProcess                     : MainThread     : INFO    : Load resource configurations for epsrc.archer_orte
2018-03-21 14:50:52,812: rp.session.two.vivek.017611.3529: MainProcess                     : MainThread     : INFO    : Load resource configurations for epsrc.archer_aprun
2018-03-21 14:50:52,812: rp.session.two.vivek.017611.3529: MainProcess                     : MainThread     : INFO    : Load resource configurations from /home/vivek/ves/ve-adbms/local/lib/python2.7/site-packages/radical/pilot/configs/resource_ncsa.json
2018-03-21 14:50:52,817: rp.session.two.vivek.017611.3529: MainProcess                     : MainThread     : INFO    : Load resource configurations for ncsa.bw_orte
2018-03-21 14:50:52,817: rp.session.two.vivek.017611.3529: MainProcess                     : MainThread     : INFO    : Load resource configurations for ncsa.bw_ccm_ssh
2018-03-21 14:50:52,817: rp.session.two.vivek.017611.3529: MainProcess                     : MainThread     : INFO    : Load resource configurations for ncsa.bw_ortelib
2018-03-21 14:50:52,817: rp.session.two.vivek.017611.3529: MainProcess                     : MainThread     : INFO    : Load resource configurations for ncsa.bw_aprun
2018-03-21 14:50:52,818: rp.session.two.vivek.017611.3529: MainProcess                     : MainThread     : INFO    : Load resource configurations for ncsa.bw_local_orte
2018-03-21 14:50:52,818: rp.session.two.vivek.017611.3529: MainProcess                     : MainThread     : INFO    : Load resource configurations from /home/vivek/ves/ve-adbms/local/lib/python2.7/site-packages/radical/pilot/configs/resource_lumc.json
2018-03-21 14:50:52,820: rp.session.two.vivek.017611.3529: MainProcess                     : MainThread     : INFO    : Load resource configurations for lumc.gb-ui_ssh
2018-03-21 14:50:52,820: rp.session.two.vivek.017611.3529: MainProcess                     : MainThread     : INFO    : Load resource configurations for lumc.shark_ssh
2018-03-21 14:50:52,820: rp.session.two.vivek.017611.3529: MainProcess                     : MainThread     : INFO    : Load resource configurations from /home/vivek/ves/ve-adbms/local/lib/python2.7/site-packages/radical/pilot/configs/resource_das4.json
2018-03-21 14:50:52,821: rp.session.two.vivek.017611.3529: MainProcess                     : MainThread     : INFO    : Load resource configurations for das4.fs2_ssh
2018-03-21 14:50:52,822: rp.session.two.vivek.017611.3529: MainProcess                     : MainThread     : INFO    : Load resource configurations from /home/vivek/ves/ve-adbms/local/lib/python2.7/site-packages/radical/pilot/configs/resource_aliases.json
2018-03-21 14:50:52,822: rp.session.two.vivek.017611.3529: MainProcess                     : MainThread     : INFO    : Load resource configurations from /home/vivek/ves/ve-adbms/local/lib/python2.7/site-packages/radical/pilot/configs/resource_futuregrid.json
2018-03-21 14:50:52,827: rp.session.two.vivek.017611.3529: MainProcess                     : MainThread     : INFO    : Load resource configurations for futuregrid.delta_ssh
2018-03-21 14:50:52,827: rp.session.two.vivek.017611.3529: MainProcess                     : MainThread     : INFO    : Load resource configurations for futuregrid.india_ssh
2018-03-21 14:50:52,827: rp.session.two.vivek.017611.3529: MainProcess                     : MainThread     : INFO    : Load resource configurations for futuregrid.echo_ssh
2018-03-21 14:50:52,827: rp.session.two.vivek.017611.3529: MainProcess                     : MainThread     : INFO    : Load resource configurations for futuregrid.xray_ccm
2018-03-21 14:50:52,827: rp.session.two.vivek.017611.3529: MainProcess                     : MainThread     : INFO    : Load resource configurations for futuregrid.bravo_ssh
2018-03-21 14:50:52,828: rp.session.two.vivek.017611.3529: MainProcess                     : MainThread     : INFO    : Load resource configurations for futuregrid.xray_aprun
2018-03-21 14:50:52,828: rp.session.two.vivek.017611.3529: MainProcess                     : MainThread     : INFO    : Load resource configurations from /home/vivek/ves/ve-adbms/local/lib/python2.7/site-packages/radical/pilot/configs/resource_ornl.json
2018-03-21 14:50:52,831: rp.session.two.vivek.017611.3529: MainProcess                     : MainThread     : INFO    : Load resource configurations for ornl.titan_orte
2018-03-21 14:50:52,831: rp.session.two.vivek.017611.3529: MainProcess                     : MainThread     : INFO    : Load resource configurations for ornl.titan_aprun
2018-03-21 14:50:52,831: rp.session.two.vivek.017611.3529: MainProcess                     : MainThread     : INFO    : Load resource configurations for ornl.titan_ortelib
2018-03-21 14:50:52,832: rp.session.two.vivek.017611.3529: MainProcess                     : MainThread     : INFO    : Load resource configurations from /home/vivek/ves/ve-adbms/local/lib/python2.7/site-packages/radical/pilot/configs/resource_chameleon.json
2018-03-21 14:50:52,833: rp.session.two.vivek.017611.3529: MainProcess                     : MainThread     : INFO    : Load resource configurations for chameleon.cloud_vm_yarn
2018-03-21 14:50:52,833: rp.session.two.vivek.017611.3529: MainProcess                     : MainThread     : INFO    : Load resource configurations from /home/vivek/ves/ve-adbms/local/lib/python2.7/site-packages/radical/pilot/configs/resource_iu.json
2018-03-21 14:50:52,834: rp.session.two.vivek.017611.3529: MainProcess                     : MainThread     : INFO    : Load resource configurations for iu.bigred2_ccm_ssh
2018-03-21 14:50:52,835: rp.session.two.vivek.017611.3529: MainProcess                     : MainThread     : INFO    : Load resource configurations for iu.bigred2_aprun
2018-03-21 14:50:52,835: rp.session.two.vivek.017611.3529: MainProcess                     : MainThread     : INFO    : Load resource configurations from /home/vivek/ves/ve-adbms/local/lib/python2.7/site-packages/radical/pilot/configs/resource_local.json
2018-03-21 14:50:52,840: rp.session.two.vivek.017611.3529: MainProcess                     : MainThread     : INFO    : Load resource configurations for local.localhost_orte
2018-03-21 14:50:52,840: rp.session.two.vivek.017611.3529: MainProcess                     : MainThread     : INFO    : Load resource configurations for local.localhost_anaconda
2018-03-21 14:50:52,841: rp.session.two.vivek.017611.3529: MainProcess                     : MainThread     : INFO    : Load resource configurations for local.localhost_ortelib
2018-03-21 14:50:52,841: rp.session.two.vivek.017611.3529: MainProcess                     : MainThread     : INFO    : Load resource configurations for local.localhost
2018-03-21 14:50:52,841: rp.session.two.vivek.017611.3529: MainProcess                     : MainThread     : INFO    : Load resource configurations for local.localhost_spark
2018-03-21 14:50:52,841: rp.session.two.vivek.017611.3529: MainProcess                     : MainThread     : INFO    : Load resource configurations for local.localhost_spark_anaconda
2018-03-21 14:50:52,842: rp.session.two.vivek.017611.3529: MainProcess                     : MainThread     : INFO    : Load resource configurations for local.localhost_yarn
2018-03-21 14:50:52,842: rp.session.two.vivek.017611.3529: MainProcess                     : MainThread     : INFO    : Load resource configurations from /home/vivek/ves/ve-adbms/local/lib/python2.7/site-packages/radical/pilot/configs/resource_radical.json
2018-03-21 14:50:52,844: rp.session.two.vivek.017611.3529: MainProcess                     : MainThread     : INFO    : Load resource configurations for radical.two
2018-03-21 14:50:52,845: rp.session.two.vivek.017611.3529: MainProcess                     : MainThread     : INFO    : Load resource configurations for radical.tutorial
2018-03-21 14:50:52,845: rp.session.two.vivek.017611.3529: MainProcess                     : MainThread     : INFO    : Load resource configurations for radical.one
2018-03-21 14:50:52,845: rp.session.two.vivek.017611.3529: MainProcess                     : MainThread     : INFO    : Load resource configurations from /home/vivek/ves/ve-adbms/local/lib/python2.7/site-packages/radical/pilot/configs/resource_ncar.json
2018-03-21 14:50:52,846: rp.session.two.vivek.017611.3529: MainProcess                     : MainThread     : INFO    : Load resource configurations for ncar.yellowstone_ssh
2018-03-21 14:50:52,846: rp.session.two.vivek.017611.3529: MainProcess                     : MainThread     : INFO    : Load resource configurations from /home/vivek/ves/ve-adbms/local/lib/python2.7/site-packages/radical/pilot/configs/resource_rice.json
2018-03-21 14:50:52,848: rp.session.two.vivek.017611.3529: MainProcess                     : MainThread     : INFO    : Load resource configurations for rice.davinci_ssh
2018-03-21 14:50:52,848: rp.session.two.vivek.017611.3529: MainProcess                     : MainThread     : INFO    : Load resource configurations for rice.biou_ssh
2018-03-21 14:50:52,848: rp.session.two.vivek.017611.3529: MainProcess                     : MainThread     : INFO    : Load resource configurations from /home/vivek/ves/ve-adbms/local/lib/python2.7/site-packages/radical/pilot/configs/resource_das5.json
2018-03-21 14:50:52,849: rp.session.two.vivek.017611.3529: MainProcess                     : MainThread     : INFO    : Load resource configurations for das5.fs1_ssh
2018-03-21 14:50:53,932: rp.session.two.vivek.017611.3529: MainProcess                     : MainThread     : INFO    : New Session created: rp.session.two.vivek.017611.3529.
2018-03-21 14:50:53,933: rp.session.two.vivek.017611.3529: MainProcess                     : MainThread     : DEBUG   : start bridges   : {u'control_pubsub': {u'bulk_size': 0, u'log_level': u'debug', u'stall_hwm': 1},
 u'log_pubsub': {u'bulk_size': 0, u'log_level': u'debug', u'stall_hwm': 1},
 u'state_pubsub': {u'bulk_size': 0, u'log_level': u'debug', u'stall_hwm': 1}}
2018-03-21 14:50:53,933: rp.session.two.vivek.017611.3529: MainProcess                     : MainThread     : INFO    : create bridge control_pubsub
2018-03-21 14:50:53,950: rp.session.two.vivek.017611.3529: MainProcess                     : MainThread     : INFO    : created bridge control_pubsub (control.pubsub.bridge.0000)
2018-03-21 14:50:53,950: rp.session.two.vivek.017611.3529: MainProcess                     : MainThread     : INFO    : create bridge state_pubsub
2018-03-21 14:50:53,964: rp.session.two.vivek.017611.3529: MainProcess                     : MainThread     : INFO    : created bridge state_pubsub (state.pubsub.bridge.0000)
2018-03-21 14:50:53,964: rp.session.two.vivek.017611.3529: MainProcess                     : MainThread     : INFO    : create bridge log_pubsub
2018-03-21 14:50:53,976: rp.session.two.vivek.017611.3529: MainProcess                     : MainThread     : INFO    : created bridge log_pubsub (log.pubsub.bridge.0000)
2018-03-21 14:50:53,976: rp.session.two.vivek.017611.3529: MainProcess                     : MainThread     : DEBUG   : start components: {u'UpdateWorker': {u'count': 1}}
2018-03-21 14:50:53,976: rp.session.two.vivek.017611.3529: MainProcess                     : MainThread     : DEBUG   : start 1 component(s) UpdateWorker
2018-03-21 14:50:54,768: rp.session.two.vivek.017611.3529: MainProcess                     : MainThread     : INFO    : rp.session.two.vivek.017611.3529 starts update.0
2018-03-21 14:50:55,254: rp.session.two.vivek.017611.3529: MainProcess                     : MainThread     : WARNING : using alias 'xsede.supermic_ssh' for deprecated resource key 'xsede.supermic'
2018-03-21 14:50:55,254: rp.session.two.vivek.017611.3529: MainProcess                     : MainThread     : WARNING : using alias 'xsede.supermic_ssh' for deprecated resource key 'xsede.supermic'
2018-03-21 14:50:55,254: rp.session.two.vivek.017611.3529: MainProcess                     : MainThread     : DEBUG   : rsup.PTYShell('gsissh://supermic.cct-lsu.xsede.org:2222/')
2018-03-21 14:51:00,129: rp.session.two.vivek.017611.3529: MainProcess                     : MainThread     : DEBUG   : sandbox base gsissh://supermic.cct-lsu.xsede.org:2222/: '/work/vivek91'
2018-03-21 14:51:00,335: rp.session.two.vivek.017611.3529: MainProcess                     : MainThread     : DEBUG   : bulk pilot insert result: {'nModified': 0, 'nUpserted': 0, 'nMatched': 0, 'writeErrors': [], 'upserted': [], 'writeConcernErrors': [], 'nRemoved': 0, 'nInserted': 1}
2018-03-21 14:51:00,336: rp.session.two.vivek.017611.3529: pmgr.0000.launching.0           : MainThread     : WARNING : using alias 'xsede.supermic_ssh' for deprecated resource key 'xsede.supermic'
2018-03-21 14:51:00,338: rp.session.two.vivek.017611.3529: pmgr.0000.launching.0           : MainThread     : WARNING : using alias 'xsede.supermic_ssh' for deprecated resource key 'xsede.supermic'
2018-03-21 14:51:00,339: rp.session.two.vivek.017611.3529: pmgr.0000.launching.0           : MainThread     : DEBUG   : rsup.PTYShell('gsissh://supermic.cct-lsu.xsede.org:2222/')
2018-03-21 14:51:02,277: rp.session.two.vivek.017611.3529: pmgr.0000.launching.0           : MainThread     : DEBUG   : sandbox base gsissh://supermic.cct-lsu.xsede.org:2222/: '/work/vivek91'
2018-03-21 14:52:34,064: rp.session.two.vivek.017611.3529: task-manager                    : MainThread     : DEBUG   : bulk unit insert result: {'nModified': 0, 'nUpserted': 0, 'nMatched': 0, 'writeErrors': [], 'upserted': [], 'writeConcernErrors': [], 'nRemoved': 0, 'nInserted': 1}
2018-03-21 14:52:34,200: rp.session.two.vivek.017611.3529: task-manager                    : MainThread     : DEBUG   : bulk unit insert result: {'nModified': 0, 'nUpserted': 0, 'nMatched': 0, 'writeErrors': [], 'upserted': [], 'writeConcernErrors': [], 'nRemoved': 0, 'nInserted': 1}
2018-03-21 14:52:34,344: rp.session.two.vivek.017611.3529: task-manager                    : MainThread     : DEBUG   : bulk unit insert result: {'nModified': 0, 'nUpserted': 0, 'nMatched': 0, 'writeErrors': [], 'upserted': [], 'writeConcernErrors': [], 'nRemoved': 0, 'nInserted': 1}
2018-03-21 14:52:34,462: rp.session.two.vivek.017611.3529: task-manager                    : MainThread     : DEBUG   : bulk unit insert result: {'nModified': 0, 'nUpserted': 0, 'nMatched': 0, 'writeErrors': [], 'upserted': [], 'writeConcernErrors': [], 'nRemoved': 0, 'nInserted': 1}
2018-03-21 14:52:34,599: rp.session.two.vivek.017611.3529: task-manager                    : MainThread     : DEBUG   : bulk unit insert result: {'nModified': 0, 'nUpserted': 0, 'nMatched': 0, 'writeErrors': [], 'upserted': [], 'writeConcernErrors': [], 'nRemoved': 0, 'nInserted': 1}
2018-03-21 14:52:34,737: rp.session.two.vivek.017611.3529: task-manager                    : MainThread     : DEBUG   : bulk unit insert result: {'nModified': 0, 'nUpserted': 0, 'nMatched': 0, 'writeErrors': [], 'upserted': [], 'writeConcernErrors': [], 'nRemoved': 0, 'nInserted': 1}
2018-03-21 14:52:34,851: rp.session.two.vivek.017611.3529: task-manager                    : MainThread     : DEBUG   : bulk unit insert result: {'nModified': 0, 'nUpserted': 0, 'nMatched': 0, 'writeErrors': [], 'upserted': [], 'writeConcernErrors': [], 'nRemoved': 0, 'nInserted': 1}
2018-03-21 14:52:34,977: rp.session.two.vivek.017611.3529: task-manager                    : MainThread     : DEBUG   : bulk unit insert result: {'nModified': 0, 'nUpserted': 0, 'nMatched': 0, 'writeErrors': [], 'upserted': [], 'writeConcernErrors': [], 'nRemoved': 0, 'nInserted': 1}
2018-03-21 14:52:35,092: rp.session.two.vivek.017611.3529: task-manager                    : MainThread     : DEBUG   : bulk unit insert result: {'nModified': 0, 'nUpserted': 0, 'nMatched': 0, 'writeErrors': [], 'upserted': [], 'writeConcernErrors': [], 'nRemoved': 0, 'nInserted': 1}
2018-03-21 14:52:35,207: rp.session.two.vivek.017611.3529: task-manager                    : MainThread     : DEBUG   : bulk unit insert result: {'nModified': 0, 'nUpserted': 0, 'nMatched': 0, 'writeErrors': [], 'upserted': [], 'writeConcernErrors': [], 'nRemoved': 0, 'nInserted': 1}
2018-03-21 14:52:35,321: rp.session.two.vivek.017611.3529: task-manager                    : MainThread     : DEBUG   : bulk unit insert result: {'nModified': 0, 'nUpserted': 0, 'nMatched': 0, 'writeErrors': [], 'upserted': [], 'writeConcernErrors': [], 'nRemoved': 0, 'nInserted': 1}
2018-03-21 14:52:35,436: rp.session.two.vivek.017611.3529: task-manager                    : MainThread     : DEBUG   : bulk unit insert result: {'nModified': 0, 'nUpserted': 0, 'nMatched': 0, 'writeErrors': [], 'upserted': [], 'writeConcernErrors': [], 'nRemoved': 0, 'nInserted': 1}
2018-03-21 14:52:35,557: rp.session.two.vivek.017611.3529: task-manager                    : MainThread     : DEBUG   : bulk unit insert result: {'nModified': 0, 'nUpserted': 0, 'nMatched': 0, 'writeErrors': [], 'upserted': [], 'writeConcernErrors': [], 'nRemoved': 0, 'nInserted': 1}
2018-03-21 14:52:35,673: rp.session.two.vivek.017611.3529: task-manager                    : MainThread     : DEBUG   : bulk unit insert result: {'nModified': 0, 'nUpserted': 0, 'nMatched': 0, 'writeErrors': [], 'upserted': [], 'writeConcernErrors': [], 'nRemoved': 0, 'nInserted': 1}
2018-03-21 14:52:35,823: rp.session.two.vivek.017611.3529: task-manager                    : MainThread     : DEBUG   : bulk unit insert result: {'nModified': 0, 'nUpserted': 0, 'nMatched': 0, 'writeErrors': [], 'upserted': [], 'writeConcernErrors': [], 'nRemoved': 0, 'nInserted': 1}
2018-03-21 14:52:35,945: rp.session.two.vivek.017611.3529: task-manager                    : MainThread     : DEBUG   : bulk unit insert result: {'nModified': 0, 'nUpserted': 0, 'nMatched': 0, 'writeErrors': [], 'upserted': [], 'writeConcernErrors': [], 'nRemoved': 0, 'nInserted': 1}
2018-03-21 14:53:41,694: rp.session.two.vivek.017611.3529: task-manager                    : MainThread     : DEBUG   : bulk unit insert result: {'nModified': 0, 'nUpserted': 0, 'nMatched': 0, 'writeErrors': [], 'upserted': [], 'writeConcernErrors': [], 'nRemoved': 0, 'nInserted': 1}
2018-03-21 14:53:41,815: rp.session.two.vivek.017611.3529: task-manager                    : MainThread     : DEBUG   : bulk unit insert result: {'nModified': 0, 'nUpserted': 0, 'nMatched': 0, 'writeErrors': [], 'upserted': [], 'writeConcernErrors': [], 'nRemoved': 0, 'nInserted': 1}
2018-03-21 14:53:41,932: rp.session.two.vivek.017611.3529: task-manager                    : MainThread     : DEBUG   : bulk unit insert result: {'nModified': 0, 'nUpserted': 0, 'nMatched': 0, 'writeErrors': [], 'upserted': [], 'writeConcernErrors': [], 'nRemoved': 0, 'nInserted': 1}
2018-03-21 14:53:42,077: rp.session.two.vivek.017611.3529: task-manager                    : MainThread     : DEBUG   : bulk unit insert result: {'nModified': 0, 'nUpserted': 0, 'nMatched': 0, 'writeErrors': [], 'upserted': [], 'writeConcernErrors': [], 'nRemoved': 0, 'nInserted': 1}
2018-03-21 14:53:42,202: rp.session.two.vivek.017611.3529: task-manager                    : MainThread     : DEBUG   : bulk unit insert result: {'nModified': 0, 'nUpserted': 0, 'nMatched': 0, 'writeErrors': [], 'upserted': [], 'writeConcernErrors': [], 'nRemoved': 0, 'nInserted': 1}
2018-03-21 14:53:42,317: rp.session.two.vivek.017611.3529: task-manager                    : MainThread     : DEBUG   : bulk unit insert result: {'nModified': 0, 'nUpserted': 0, 'nMatched': 0, 'writeErrors': [], 'upserted': [], 'writeConcernErrors': [], 'nRemoved': 0, 'nInserted': 1}
2018-03-21 14:53:42,446: rp.session.two.vivek.017611.3529: task-manager                    : MainThread     : DEBUG   : bulk unit insert result: {'nModified': 0, 'nUpserted': 0, 'nMatched': 0, 'writeErrors': [], 'upserted': [], 'writeConcernErrors': [], 'nRemoved': 0, 'nInserted': 1}
2018-03-21 14:53:42,569: rp.session.two.vivek.017611.3529: task-manager                    : MainThread     : DEBUG   : bulk unit insert result: {'nModified': 0, 'nUpserted': 0, 'nMatched': 0, 'writeErrors': [], 'upserted': [], 'writeConcernErrors': [], 'nRemoved': 0, 'nInserted': 1}
2018-03-21 14:53:42,712: rp.session.two.vivek.017611.3529: task-manager                    : MainThread     : DEBUG   : bulk unit insert result: {'nModified': 0, 'nUpserted': 0, 'nMatched': 0, 'writeErrors': [], 'upserted': [], 'writeConcernErrors': [], 'nRemoved': 0, 'nInserted': 1}
2018-03-21 14:53:42,838: rp.session.two.vivek.017611.3529: task-manager                    : MainThread     : DEBUG   : bulk unit insert result: {'nModified': 0, 'nUpserted': 0, 'nMatched': 0, 'writeErrors': [], 'upserted': [], 'writeConcernErrors': [], 'nRemoved': 0, 'nInserted': 1}
2018-03-21 14:53:42,959: rp.session.two.vivek.017611.3529: task-manager                    : MainThread     : DEBUG   : bulk unit insert result: {'nModified': 0, 'nUpserted': 0, 'nMatched': 0, 'writeErrors': [], 'upserted': [], 'writeConcernErrors': [], 'nRemoved': 0, 'nInserted': 1}
2018-03-21 14:53:43,089: rp.session.two.vivek.017611.3529: task-manager                    : MainThread     : DEBUG   : bulk unit insert result: {'nModified': 0, 'nUpserted': 0, 'nMatched': 0, 'writeErrors': [], 'upserted': [], 'writeConcernErrors': [], 'nRemoved': 0, 'nInserted': 1}
2018-03-21 14:53:43,206: rp.session.two.vivek.017611.3529: task-manager                    : MainThread     : DEBUG   : bulk unit insert result: {'nModified': 0, 'nUpserted': 0, 'nMatched': 0, 'writeErrors': [], 'upserted': [], 'writeConcernErrors': [], 'nRemoved': 0, 'nInserted': 1}
2018-03-21 14:53:43,327: rp.session.two.vivek.017611.3529: task-manager                    : MainThread     : DEBUG   : bulk unit insert result: {'nModified': 0, 'nUpserted': 0, 'nMatched': 0, 'writeErrors': [], 'upserted': [], 'writeConcernErrors': [], 'nRemoved': 0, 'nInserted': 1}
2018-03-21 14:53:43,442: rp.session.two.vivek.017611.3529: task-manager                    : MainThread     : DEBUG   : bulk unit insert result: {'nModified': 0, 'nUpserted': 0, 'nMatched': 0, 'writeErrors': [], 'upserted': [], 'writeConcernErrors': [], 'nRemoved': 0, 'nInserted': 1}
2018-03-21 14:53:43,568: rp.session.two.vivek.017611.3529: task-manager                    : MainThread     : DEBUG   : bulk unit insert result: {'nModified': 0, 'nUpserted': 0, 'nMatched': 0, 'writeErrors': [], 'upserted': [], 'writeConcernErrors': [], 'nRemoved': 0, 'nInserted': 1}
2018-03-21 14:54:49,216: rp.session.two.vivek.017611.3529: task-manager                    : MainThread     : DEBUG   : bulk unit insert result: {'nModified': 0, 'nUpserted': 0, 'nMatched': 0, 'writeErrors': [], 'upserted': [], 'writeConcernErrors': [], 'nRemoved': 0, 'nInserted': 1}
2018-03-21 14:54:49,335: rp.session.two.vivek.017611.3529: task-manager                    : MainThread     : DEBUG   : bulk unit insert result: {'nModified': 0, 'nUpserted': 0, 'nMatched': 0, 'writeErrors': [], 'upserted': [], 'writeConcernErrors': [], 'nRemoved': 0, 'nInserted': 1}
2018-03-21 14:54:49,454: rp.session.two.vivek.017611.3529: task-manager                    : MainThread     : DEBUG   : bulk unit insert result: {'nModified': 0, 'nUpserted': 0, 'nMatched': 0, 'writeErrors': [], 'upserted': [], 'writeConcernErrors': [], 'nRemoved': 0, 'nInserted': 1}
2018-03-21 14:54:49,597: rp.session.two.vivek.017611.3529: task-manager                    : MainThread     : DEBUG   : bulk unit insert result: {'nModified': 0, 'nUpserted': 0, 'nMatched': 0, 'writeErrors': [], 'upserted': [], 'writeConcernErrors': [], 'nRemoved': 0, 'nInserted': 1}
2018-03-21 14:54:49,723: rp.session.two.vivek.017611.3529: task-manager                    : MainThread     : DEBUG   : bulk unit insert result: {'nModified': 0, 'nUpserted': 0, 'nMatched': 0, 'writeErrors': [], 'upserted': [], 'writeConcernErrors': [], 'nRemoved': 0, 'nInserted': 1}
2018-03-21 14:54:49,838: rp.session.two.vivek.017611.3529: task-manager                    : MainThread     : DEBUG   : bulk unit insert result: {'nModified': 0, 'nUpserted': 0, 'nMatched': 0, 'writeErrors': [], 'upserted': [], 'writeConcernErrors': [], 'nRemoved': 0, 'nInserted': 1}
2018-03-21 14:54:49,963: rp.session.two.vivek.017611.3529: task-manager                    : MainThread     : DEBUG   : bulk unit insert result: {'nModified': 0, 'nUpserted': 0, 'nMatched': 0, 'writeErrors': [], 'upserted': [], 'writeConcernErrors': [], 'nRemoved': 0, 'nInserted': 1}
2018-03-21 14:54:50,094: rp.session.two.vivek.017611.3529: task-manager                    : MainThread     : DEBUG   : bulk unit insert result: {'nModified': 0, 'nUpserted': 0, 'nMatched': 0, 'writeErrors': [], 'upserted': [], 'writeConcernErrors': [], 'nRemoved': 0, 'nInserted': 1}
2018-03-21 14:54:50,218: rp.session.two.vivek.017611.3529: task-manager                    : MainThread     : DEBUG   : bulk unit insert result: {'nModified': 0, 'nUpserted': 0, 'nMatched': 0, 'writeErrors': [], 'upserted': [], 'writeConcernErrors': [], 'nRemoved': 0, 'nInserted': 1}
2018-03-21 14:54:50,356: rp.session.two.vivek.017611.3529: task-manager                    : MainThread     : DEBUG   : bulk unit insert result: {'nModified': 0, 'nUpserted': 0, 'nMatched': 0, 'writeErrors': [], 'upserted': [], 'writeConcernErrors': [], 'nRemoved': 0, 'nInserted': 1}
2018-03-21 14:54:50,490: rp.session.two.vivek.017611.3529: task-manager                    : MainThread     : DEBUG   : bulk unit insert result: {'nModified': 0, 'nUpserted': 0, 'nMatched': 0, 'writeErrors': [], 'upserted': [], 'writeConcernErrors': [], 'nRemoved': 0, 'nInserted': 1}
2018-03-21 14:54:50,626: rp.session.two.vivek.017611.3529: task-manager                    : MainThread     : DEBUG   : bulk unit insert result: {'nModified': 0, 'nUpserted': 0, 'nMatched': 0, 'writeErrors': [], 'upserted': [], 'writeConcernErrors': [], 'nRemoved': 0, 'nInserted': 1}
2018-03-21 14:54:50,788: rp.session.two.vivek.017611.3529: task-manager                    : MainThread     : DEBUG   : bulk unit insert result: {'nModified': 0, 'nUpserted': 0, 'nMatched': 0, 'writeErrors': [], 'upserted': [], 'writeConcernErrors': [], 'nRemoved': 0, 'nInserted': 1}
2018-03-21 14:54:50,918: rp.session.two.vivek.017611.3529: task-manager                    : MainThread     : DEBUG   : bulk unit insert result: {'nModified': 0, 'nUpserted': 0, 'nMatched': 0, 'writeErrors': [], 'upserted': [], 'writeConcernErrors': [], 'nRemoved': 0, 'nInserted': 1}
2018-03-21 14:54:51,059: rp.session.two.vivek.017611.3529: task-manager                    : MainThread     : DEBUG   : bulk unit insert result: {'nModified': 0, 'nUpserted': 0, 'nMatched': 0, 'writeErrors': [], 'upserted': [], 'writeConcernErrors': [], 'nRemoved': 0, 'nInserted': 1}
2018-03-21 14:54:51,191: rp.session.two.vivek.017611.3529: task-manager                    : MainThread     : DEBUG   : bulk unit insert result: {'nModified': 0, 'nUpserted': 0, 'nMatched': 0, 'writeErrors': [], 'upserted': [], 'writeConcernErrors': [], 'nRemoved': 0, 'nInserted': 1}
2018-03-21 14:55:58,194: rp.session.two.vivek.017611.3529: task-manager                    : MainThread     : DEBUG   : bulk unit insert result: {'nModified': 0, 'nUpserted': 0, 'nMatched': 0, 'writeErrors': [], 'upserted': [], 'writeConcernErrors': [], 'nRemoved': 0, 'nInserted': 1}
2018-03-21 14:55:58,329: rp.session.two.vivek.017611.3529: task-manager                    : MainThread     : DEBUG   : bulk unit insert result: {'nModified': 0, 'nUpserted': 0, 'nMatched': 0, 'writeErrors': [], 'upserted': [], 'writeConcernErrors': [], 'nRemoved': 0, 'nInserted': 1}
2018-03-21 14:55:58,485: rp.session.two.vivek.017611.3529: task-manager                    : MainThread     : DEBUG   : bulk unit insert result: {'nModified': 0, 'nUpserted': 0, 'nMatched': 0, 'writeErrors': [], 'upserted': [], 'writeConcernErrors': [], 'nRemoved': 0, 'nInserted': 1}
2018-03-21 14:55:58,607: rp.session.two.vivek.017611.3529: task-manager                    : MainThread     : DEBUG   : bulk unit insert result: {'nModified': 0, 'nUpserted': 0, 'nMatched': 0, 'writeErrors': [], 'upserted': [], 'writeConcernErrors': [], 'nRemoved': 0, 'nInserted': 1}
2018-03-21 14:55:58,750: rp.session.two.vivek.017611.3529: task-manager                    : MainThread     : DEBUG   : bulk unit insert result: {'nModified': 0, 'nUpserted': 0, 'nMatched': 0, 'writeErrors': [], 'upserted': [], 'writeConcernErrors': [], 'nRemoved': 0, 'nInserted': 1}
2018-03-21 14:55:58,867: rp.session.two.vivek.017611.3529: task-manager                    : MainThread     : DEBUG   : bulk unit insert result: {'nModified': 0, 'nUpserted': 0, 'nMatched': 0, 'writeErrors': [], 'upserted': [], 'writeConcernErrors': [], 'nRemoved': 0, 'nInserted': 1}
2018-03-21 14:55:58,990: rp.session.two.vivek.017611.3529: task-manager                    : MainThread     : DEBUG   : bulk unit insert result: {'nModified': 0, 'nUpserted': 0, 'nMatched': 0, 'writeErrors': [], 'upserted': [], 'writeConcernErrors': [], 'nRemoved': 0, 'nInserted': 1}
2018-03-21 14:55:59,107: rp.session.two.vivek.017611.3529: task-manager                    : MainThread     : DEBUG   : bulk unit insert result: {'nModified': 0, 'nUpserted': 0, 'nMatched': 0, 'writeErrors': [], 'upserted': [], 'writeConcernErrors': [], 'nRemoved': 0, 'nInserted': 1}
2018-03-21 14:55:59,228: rp.session.two.vivek.017611.3529: task-manager                    : MainThread     : DEBUG   : bulk unit insert result: {'nModified': 0, 'nUpserted': 0, 'nMatched': 0, 'writeErrors': [], 'upserted': [], 'writeConcernErrors': [], 'nRemoved': 0, 'nInserted': 1}
2018-03-21 14:55:59,363: rp.session.two.vivek.017611.3529: task-manager                    : MainThread     : DEBUG   : bulk unit insert result: {'nModified': 0, 'nUpserted': 0, 'nMatched': 0, 'writeErrors': [], 'upserted': [], 'writeConcernErrors': [], 'nRemoved': 0, 'nInserted': 1}
2018-03-21 14:55:59,507: rp.session.two.vivek.017611.3529: task-manager                    : MainThread     : DEBUG   : bulk unit insert result: {'nModified': 0, 'nUpserted': 0, 'nMatched': 0, 'writeErrors': [], 'upserted': [], 'writeConcernErrors': [], 'nRemoved': 0, 'nInserted': 1}
2018-03-21 14:55:59,628: rp.session.two.vivek.017611.3529: task-manager                    : MainThread     : DEBUG   : bulk unit insert result: {'nModified': 0, 'nUpserted': 0, 'nMatched': 0, 'writeErrors': [], 'upserted': [], 'writeConcernErrors': [], 'nRemoved': 0, 'nInserted': 1}
2018-03-21 14:55:59,774: rp.session.two.vivek.017611.3529: task-manager                    : MainThread     : DEBUG   : bulk unit insert result: {'nModified': 0, 'nUpserted': 0, 'nMatched': 0, 'writeErrors': [], 'upserted': [], 'writeConcernErrors': [], 'nRemoved': 0, 'nInserted': 1}
2018-03-21 14:55:59,904: rp.session.two.vivek.017611.3529: task-manager                    : MainThread     : DEBUG   : bulk unit insert result: {'nModified': 0, 'nUpserted': 0, 'nMatched': 0, 'writeErrors': [], 'upserted': [], 'writeConcernErrors': [], 'nRemoved': 0, 'nInserted': 1}
2018-03-21 14:56:00,028: rp.session.two.vivek.017611.3529: task-manager                    : MainThread     : DEBUG   : bulk unit insert result: {'nModified': 0, 'nUpserted': 0, 'nMatched': 0, 'writeErrors': [], 'upserted': [], 'writeConcernErrors': [], 'nRemoved': 0, 'nInserted': 1}
2018-03-21 14:56:00,164: rp.session.two.vivek.017611.3529: task-manager                    : MainThread     : DEBUG   : bulk unit insert result: {'nModified': 0, 'nUpserted': 0, 'nMatched': 0, 'writeErrors': [], 'upserted': [], 'writeConcernErrors': [], 'nRemoved': 0, 'nInserted': 1}
2018-03-21 14:57:07,061: rp.session.two.vivek.017611.3529: task-manager                    : MainThread     : DEBUG   : bulk unit insert result: {'nModified': 0, 'nUpserted': 0, 'nMatched': 0, 'writeErrors': [], 'upserted': [], 'writeConcernErrors': [], 'nRemoved': 0, 'nInserted': 1}
2018-03-21 14:57:07,193: rp.session.two.vivek.017611.3529: task-manager                    : MainThread     : DEBUG   : bulk unit insert result: {'nModified': 0, 'nUpserted': 0, 'nMatched': 0, 'writeErrors': [], 'upserted': [], 'writeConcernErrors': [], 'nRemoved': 0, 'nInserted': 1}
2018-03-21 14:57:07,329: rp.session.two.vivek.017611.3529: task-manager                    : MainThread     : DEBUG   : bulk unit insert result: {'nModified': 0, 'nUpserted': 0, 'nMatched': 0, 'writeErrors': [], 'upserted': [], 'writeConcernErrors': [], 'nRemoved': 0, 'nInserted': 1}
2018-03-21 14:57:07,450: rp.session.two.vivek.017611.3529: task-manager                    : MainThread     : DEBUG   : bulk unit insert result: {'nModified': 0, 'nUpserted': 0, 'nMatched': 0, 'writeErrors': [], 'upserted': [], 'writeConcernErrors': [], 'nRemoved': 0, 'nInserted': 1}
2018-03-21 14:57:07,570: rp.session.two.vivek.017611.3529: task-manager                    : MainThread     : DEBUG   : bulk unit insert result: {'nModified': 0, 'nUpserted': 0, 'nMatched': 0, 'writeErrors': [], 'upserted': [], 'writeConcernErrors': [], 'nRemoved': 0, 'nInserted': 1}
2018-03-21 14:57:07,682: rp.session.two.vivek.017611.3529: task-manager                    : MainThread     : DEBUG   : bulk unit insert result: {'nModified': 0, 'nUpserted': 0, 'nMatched': 0, 'writeErrors': [], 'upserted': [], 'writeConcernErrors': [], 'nRemoved': 0, 'nInserted': 1}
2018-03-21 14:57:07,797: rp.session.two.vivek.017611.3529: task-manager                    : MainThread     : DEBUG   : bulk unit insert result: {'nModified': 0, 'nUpserted': 0, 'nMatched': 0, 'writeErrors': [], 'upserted': [], 'writeConcernErrors': [], 'nRemoved': 0, 'nInserted': 1}
2018-03-21 14:57:07,910: rp.session.two.vivek.017611.3529: task-manager                    : MainThread     : DEBUG   : bulk unit insert result: {'nModified': 0, 'nUpserted': 0, 'nMatched': 0, 'writeErrors': [], 'upserted': [], 'writeConcernErrors': [], 'nRemoved': 0, 'nInserted': 1}
2018-03-21 14:57:08,023: rp.session.two.vivek.017611.3529: task-manager                    : MainThread     : DEBUG   : bulk unit insert result: {'nModified': 0, 'nUpserted': 0, 'nMatched': 0, 'writeErrors': [], 'upserted': [], 'writeConcernErrors': [], 'nRemoved': 0, 'nInserted': 1}
2018-03-21 14:57:08,137: rp.session.two.vivek.017611.3529: task-manager                    : MainThread     : DEBUG   : bulk unit insert result: {'nModified': 0, 'nUpserted': 0, 'nMatched': 0, 'writeErrors': [], 'upserted': [], 'writeConcernErrors': [], 'nRemoved': 0, 'nInserted': 1}
2018-03-21 14:57:08,255: rp.session.two.vivek.017611.3529: task-manager                    : MainThread     : DEBUG   : bulk unit insert result: {'nModified': 0, 'nUpserted': 0, 'nMatched': 0, 'writeErrors': [], 'upserted': [], 'writeConcernErrors': [], 'nRemoved': 0, 'nInserted': 1}
2018-03-21 14:57:08,377: rp.session.two.vivek.017611.3529: task-manager                    : MainThread     : DEBUG   : bulk unit insert result: {'nModified': 0, 'nUpserted': 0, 'nMatched': 0, 'writeErrors': [], 'upserted': [], 'writeConcernErrors': [], 'nRemoved': 0, 'nInserted': 1}
2018-03-21 14:57:08,494: rp.session.two.vivek.017611.3529: task-manager                    : MainThread     : DEBUG   : bulk unit insert result: {'nModified': 0, 'nUpserted': 0, 'nMatched': 0, 'writeErrors': [], 'upserted': [], 'writeConcernErrors': [], 'nRemoved': 0, 'nInserted': 1}
2018-03-21 14:57:08,624: rp.session.two.vivek.017611.3529: task-manager                    : MainThread     : DEBUG   : bulk unit insert result: {'nModified': 0, 'nUpserted': 0, 'nMatched': 0, 'writeErrors': [], 'upserted': [], 'writeConcernErrors': [], 'nRemoved': 0, 'nInserted': 1}
2018-03-21 14:57:08,749: rp.session.two.vivek.017611.3529: task-manager                    : MainThread     : DEBUG   : bulk unit insert result: {'nModified': 0, 'nUpserted': 0, 'nMatched': 0, 'writeErrors': [], 'upserted': [], 'writeConcernErrors': [], 'nRemoved': 0, 'nInserted': 1}
2018-03-21 14:57:08,875: rp.session.two.vivek.017611.3529: task-manager                    : MainThread     : DEBUG   : bulk unit insert result: {'nModified': 0, 'nUpserted': 0, 'nMatched': 0, 'writeErrors': [], 'upserted': [], 'writeConcernErrors': [], 'nRemoved': 0, 'nInserted': 1}
2018-03-21 14:58:15,092: rp.session.two.vivek.017611.3529: task-manager                    : MainThread     : DEBUG   : bulk unit insert result: {'nModified': 0, 'nUpserted': 0, 'nMatched': 0, 'writeErrors': [], 'upserted': [], 'writeConcernErrors': [], 'nRemoved': 0, 'nInserted': 1}
2018-03-21 14:58:15,219: rp.session.two.vivek.017611.3529: task-manager                    : MainThread     : DEBUG   : bulk unit insert result: {'nModified': 0, 'nUpserted': 0, 'nMatched': 0, 'writeErrors': [], 'upserted': [], 'writeConcernErrors': [], 'nRemoved': 0, 'nInserted': 1}
2018-03-21 14:58:15,334: rp.session.two.vivek.017611.3529: task-manager                    : MainThread     : DEBUG   : bulk unit insert result: {'nModified': 0, 'nUpserted': 0, 'nMatched': 0, 'writeErrors': [], 'upserted': [], 'writeConcernErrors': [], 'nRemoved': 0, 'nInserted': 1}
2018-03-21 14:58:15,451: rp.session.two.vivek.017611.3529: task-manager                    : MainThread     : DEBUG   : bulk unit insert result: {'nModified': 0, 'nUpserted': 0, 'nMatched': 0, 'writeErrors': [], 'upserted': [], 'writeConcernErrors': [], 'nRemoved': 0, 'nInserted': 1}
2018-03-21 14:58:15,590: rp.session.two.vivek.017611.3529: task-manager                    : MainThread     : DEBUG   : bulk unit insert result: {'nModified': 0, 'nUpserted': 0, 'nMatched': 0, 'writeErrors': [], 'upserted': [], 'writeConcernErrors': [], 'nRemoved': 0, 'nInserted': 1}
2018-03-21 14:58:15,709: rp.session.two.vivek.017611.3529: task-manager                    : MainThread     : DEBUG   : bulk unit insert result: {'nModified': 0, 'nUpserted': 0, 'nMatched': 0, 'writeErrors': [], 'upserted': [], 'writeConcernErrors': [], 'nRemoved': 0, 'nInserted': 1}
2018-03-21 14:58:15,835: rp.session.two.vivek.017611.3529: task-manager                    : MainThread     : DEBUG   : bulk unit insert result: {'nModified': 0, 'nUpserted': 0, 'nMatched': 0, 'writeErrors': [], 'upserted': [], 'writeConcernErrors': [], 'nRemoved': 0, 'nInserted': 1}
2018-03-21 14:58:15,951: rp.session.two.vivek.017611.3529: task-manager                    : MainThread     : DEBUG   : bulk unit insert result: {'nModified': 0, 'nUpserted': 0, 'nMatched': 0, 'writeErrors': [], 'upserted': [], 'writeConcernErrors': [], 'nRemoved': 0, 'nInserted': 1}
2018-03-21 14:58:16,074: rp.session.two.vivek.017611.3529: task-manager                    : MainThread     : DEBUG   : bulk unit insert result: {'nModified': 0, 'nUpserted': 0, 'nMatched': 0, 'writeErrors': [], 'upserted': [], 'writeConcernErrors': [], 'nRemoved': 0, 'nInserted': 1}
2018-03-21 14:58:16,205: rp.session.two.vivek.017611.3529: task-manager                    : MainThread     : DEBUG   : bulk unit insert result: {'nModified': 0, 'nUpserted': 0, 'nMatched': 0, 'writeErrors': [], 'upserted': [], 'writeConcernErrors': [], 'nRemoved': 0, 'nInserted': 1}
2018-03-21 14:58:16,331: rp.session.two.vivek.017611.3529: task-manager                    : MainThread     : DEBUG   : bulk unit insert result: {'nModified': 0, 'nUpserted': 0, 'nMatched': 0, 'writeErrors': [], 'upserted': [], 'writeConcernErrors': [], 'nRemoved': 0, 'nInserted': 1}
2018-03-21 14:58:16,457: rp.session.two.vivek.017611.3529: task-manager                    : MainThread     : DEBUG   : bulk unit insert result: {'nModified': 0, 'nUpserted': 0, 'nMatched': 0, 'writeErrors': [], 'upserted': [], 'writeConcernErrors': [], 'nRemoved': 0, 'nInserted': 1}
2018-03-21 14:58:16,587: rp.session.two.vivek.017611.3529: task-manager                    : MainThread     : DEBUG   : bulk unit insert result: {'nModified': 0, 'nUpserted': 0, 'nMatched': 0, 'writeErrors': [], 'upserted': [], 'writeConcernErrors': [], 'nRemoved': 0, 'nInserted': 1}
2018-03-21 14:58:16,711: rp.session.two.vivek.017611.3529: task-manager                    : MainThread     : DEBUG   : bulk unit insert result: {'nModified': 0, 'nUpserted': 0, 'nMatched': 0, 'writeErrors': [], 'upserted': [], 'writeConcernErrors': [], 'nRemoved': 0, 'nInserted': 1}
2018-03-21 14:58:16,828: rp.session.two.vivek.017611.3529: task-manager                    : MainThread     : DEBUG   : bulk unit insert result: {'nModified': 0, 'nUpserted': 0, 'nMatched': 0, 'writeErrors': [], 'upserted': [], 'writeConcernErrors': [], 'nRemoved': 0, 'nInserted': 1}
2018-03-21 14:58:16,945: rp.session.two.vivek.017611.3529: task-manager                    : MainThread     : DEBUG   : bulk unit insert result: {'nModified': 0, 'nUpserted': 0, 'nMatched': 0, 'writeErrors': [], 'upserted': [], 'writeConcernErrors': [], 'nRemoved': 0, 'nInserted': 1}
2018-03-21 14:59:22,487: rp.session.two.vivek.017611.3529: task-manager                    : MainThread     : DEBUG   : bulk unit insert result: {'nModified': 0, 'nUpserted': 0, 'nMatched': 0, 'writeErrors': [], 'upserted': [], 'writeConcernErrors': [], 'nRemoved': 0, 'nInserted': 1}
2018-03-21 14:59:22,604: rp.session.two.vivek.017611.3529: task-manager                    : MainThread     : DEBUG   : bulk unit insert result: {'nModified': 0, 'nUpserted': 0, 'nMatched': 0, 'writeErrors': [], 'upserted': [], 'writeConcernErrors': [], 'nRemoved': 0, 'nInserted': 1}
2018-03-21 14:59:22,736: rp.session.two.vivek.017611.3529: task-manager                    : MainThread     : DEBUG   : bulk unit insert result: {'nModified': 0, 'nUpserted': 0, 'nMatched': 0, 'writeErrors': [], 'upserted': [], 'writeConcernErrors': [], 'nRemoved': 0, 'nInserted': 1}
2018-03-21 14:59:22,854: rp.session.two.vivek.017611.3529: task-manager                    : MainThread     : DEBUG   : bulk unit insert result: {'nModified': 0, 'nUpserted': 0, 'nMatched': 0, 'writeErrors': [], 'upserted': [], 'writeConcernErrors': [], 'nRemoved': 0, 'nInserted': 1}
2018-03-21 14:59:22,971: rp.session.two.vivek.017611.3529: task-manager                    : MainThread     : DEBUG   : bulk unit insert result: {'nModified': 0, 'nUpserted': 0, 'nMatched': 0, 'writeErrors': [], 'upserted': [], 'writeConcernErrors': [], 'nRemoved': 0, 'nInserted': 1}
2018-03-21 14:59:23,095: rp.session.two.vivek.017611.3529: task-manager                    : MainThread     : DEBUG   : bulk unit insert result: {'nModified': 0, 'nUpserted': 0, 'nMatched': 0, 'writeErrors': [], 'upserted': [], 'writeConcernErrors': [], 'nRemoved': 0, 'nInserted': 1}
2018-03-21 14:59:23,225: rp.session.two.vivek.017611.3529: task-manager                    : MainThread     : DEBUG   : bulk unit insert result: {'nModified': 0, 'nUpserted': 0, 'nMatched': 0, 'writeErrors': [], 'upserted': [], 'writeConcernErrors': [], 'nRemoved': 0, 'nInserted': 1}
2018-03-21 14:59:23,347: rp.session.two.vivek.017611.3529: task-manager                    : MainThread     : DEBUG   : bulk unit insert result: {'nModified': 0, 'nUpserted': 0, 'nMatched': 0, 'writeErrors': [], 'upserted': [], 'writeConcernErrors': [], 'nRemoved': 0, 'nInserted': 1}
2018-03-21 14:59:23,462: rp.session.two.vivek.017611.3529: task-manager                    : MainThread     : DEBUG   : bulk unit insert result: {'nModified': 0, 'nUpserted': 0, 'nMatched': 0, 'writeErrors': [], 'upserted': [], 'writeConcernErrors': [], 'nRemoved': 0, 'nInserted': 1}
2018-03-21 14:59:23,576: rp.session.two.vivek.017611.3529: task-manager                    : MainThread     : DEBUG   : bulk unit insert result: {'nModified': 0, 'nUpserted': 0, 'nMatched': 0, 'writeErrors': [], 'upserted': [], 'writeConcernErrors': [], 'nRemoved': 0, 'nInserted': 1}
2018-03-21 14:59:23,696: rp.session.two.vivek.017611.3529: task-manager                    : MainThread     : DEBUG   : bulk unit insert result: {'nModified': 0, 'nUpserted': 0, 'nMatched': 0, 'writeErrors': [], 'upserted': [], 'writeConcernErrors': [], 'nRemoved': 0, 'nInserted': 1}
2018-03-21 14:59:23,830: rp.session.two.vivek.017611.3529: task-manager                    : MainThread     : DEBUG   : bulk unit insert result: {'nModified': 0, 'nUpserted': 0, 'nMatched': 0, 'writeErrors': [], 'upserted': [], 'writeConcernErrors': [], 'nRemoved': 0, 'nInserted': 1}
2018-03-21 14:59:23,971: rp.session.two.vivek.017611.3529: task-manager                    : MainThread     : DEBUG   : bulk unit insert result: {'nModified': 0, 'nUpserted': 0, 'nMatched': 0, 'writeErrors': [], 'upserted': [], 'writeConcernErrors': [], 'nRemoved': 0, 'nInserted': 1}
2018-03-21 14:59:24,095: rp.session.two.vivek.017611.3529: task-manager                    : MainThread     : DEBUG   : bulk unit insert result: {'nModified': 0, 'nUpserted': 0, 'nMatched': 0, 'writeErrors': [], 'upserted': [], 'writeConcernErrors': [], 'nRemoved': 0, 'nInserted': 1}
2018-03-21 14:59:24,219: rp.session.two.vivek.017611.3529: task-manager                    : MainThread     : DEBUG   : bulk unit insert result: {'nModified': 0, 'nUpserted': 0, 'nMatched': 0, 'writeErrors': [], 'upserted': [], 'writeConcernErrors': [], 'nRemoved': 0, 'nInserted': 1}
2018-03-21 14:59:24,342: rp.session.two.vivek.017611.3529: task-manager                    : MainThread     : DEBUG   : bulk unit insert result: {'nModified': 0, 'nUpserted': 0, 'nMatched': 0, 'writeErrors': [], 'upserted': [], 'writeConcernErrors': [], 'nRemoved': 0, 'nInserted': 1}
2018-03-21 15:00:29,898: rp.session.two.vivek.017611.3529: task-manager                    : MainThread     : DEBUG   : bulk unit insert result: {'nModified': 0, 'nUpserted': 0, 'nMatched': 0, 'writeErrors': [], 'upserted': [], 'writeConcernErrors': [], 'nRemoved': 0, 'nInserted': 1}
2018-03-21 15:00:30,046: rp.session.two.vivek.017611.3529: task-manager                    : MainThread     : DEBUG   : bulk unit insert result: {'nModified': 0, 'nUpserted': 0, 'nMatched': 0, 'writeErrors': [], 'upserted': [], 'writeConcernErrors': [], 'nRemoved': 0, 'nInserted': 1}
2018-03-21 15:00:30,189: rp.session.two.vivek.017611.3529: task-manager                    : MainThread     : DEBUG   : bulk unit insert result: {'nModified': 0, 'nUpserted': 0, 'nMatched': 0, 'writeErrors': [], 'upserted': [], 'writeConcernErrors': [], 'nRemoved': 0, 'nInserted': 1}
2018-03-21 15:00:30,309: rp.session.two.vivek.017611.3529: task-manager                    : MainThread     : DEBUG   : bulk unit insert result: {'nModified': 0, 'nUpserted': 0, 'nMatched': 0, 'writeErrors': [], 'upserted': [], 'writeConcernErrors': [], 'nRemoved': 0, 'nInserted': 1}
2018-03-21 15:00:30,437: rp.session.two.vivek.017611.3529: task-manager                    : MainThread     : DEBUG   : bulk unit insert result: {'nModified': 0, 'nUpserted': 0, 'nMatched': 0, 'writeErrors': [], 'upserted': [], 'writeConcernErrors': [], 'nRemoved': 0, 'nInserted': 1}
2018-03-21 15:00:30,561: rp.session.two.vivek.017611.3529: task-manager                    : MainThread     : DEBUG   : bulk unit insert result: {'nModified': 0, 'nUpserted': 0, 'nMatched': 0, 'writeErrors': [], 'upserted': [], 'writeConcernErrors': [], 'nRemoved': 0, 'nInserted': 1}
2018-03-21 15:00:30,716: rp.session.two.vivek.017611.3529: task-manager                    : MainThread     : DEBUG   : bulk unit insert result: {'nModified': 0, 'nUpserted': 0, 'nMatched': 0, 'writeErrors': [], 'upserted': [], 'writeConcernErrors': [], 'nRemoved': 0, 'nInserted': 1}
2018-03-21 15:00:30,893: rp.session.two.vivek.017611.3529: task-manager                    : MainThread     : DEBUG   : bulk unit insert result: {'nModified': 0, 'nUpserted': 0, 'nMatched': 0, 'writeErrors': [], 'upserted': [], 'writeConcernErrors': [], 'nRemoved': 0, 'nInserted': 1}
2018-03-21 15:00:31,015: rp.session.two.vivek.017611.3529: task-manager                    : MainThread     : DEBUG   : bulk unit insert result: {'nModified': 0, 'nUpserted': 0, 'nMatched': 0, 'writeErrors': [], 'upserted': [], 'writeConcernErrors': [], 'nRemoved': 0, 'nInserted': 1}
2018-03-21 15:00:31,140: rp.session.two.vivek.017611.3529: task-manager                    : MainThread     : DEBUG   : bulk unit insert result: {'nModified': 0, 'nUpserted': 0, 'nMatched': 0, 'writeErrors': [], 'upserted': [], 'writeConcernErrors': [], 'nRemoved': 0, 'nInserted': 1}
2018-03-21 15:00:31,288: rp.session.two.vivek.017611.3529: task-manager                    : MainThread     : DEBUG   : bulk unit insert result: {'nModified': 0, 'nUpserted': 0, 'nMatched': 0, 'writeErrors': [], 'upserted': [], 'writeConcernErrors': [], 'nRemoved': 0, 'nInserted': 1}
2018-03-21 15:00:31,467: rp.session.two.vivek.017611.3529: task-manager                    : MainThread     : DEBUG   : bulk unit insert result: {'nModified': 0, 'nUpserted': 0, 'nMatched': 0, 'writeErrors': [], 'upserted': [], 'writeConcernErrors': [], 'nRemoved': 0, 'nInserted': 1}
2018-03-21 15:00:31,605: rp.session.two.vivek.017611.3529: task-manager                    : MainThread     : DEBUG   : bulk unit insert result: {'nModified': 0, 'nUpserted': 0, 'nMatched': 0, 'writeErrors': [], 'upserted': [], 'writeConcernErrors': [], 'nRemoved': 0, 'nInserted': 1}
2018-03-21 15:00:31,730: rp.session.two.vivek.017611.3529: task-manager                    : MainThread     : DEBUG   : bulk unit insert result: {'nModified': 0, 'nUpserted': 0, 'nMatched': 0, 'writeErrors': [], 'upserted': [], 'writeConcernErrors': [], 'nRemoved': 0, 'nInserted': 1}
2018-03-21 15:00:31,863: rp.session.two.vivek.017611.3529: task-manager                    : MainThread     : DEBUG   : bulk unit insert result: {'nModified': 0, 'nUpserted': 0, 'nMatched': 0, 'writeErrors': [], 'upserted': [], 'writeConcernErrors': [], 'nRemoved': 0, 'nInserted': 1}
2018-03-21 15:00:31,991: rp.session.two.vivek.017611.3529: task-manager                    : MainThread     : DEBUG   : bulk unit insert result: {'nModified': 0, 'nUpserted': 0, 'nMatched': 0, 'writeErrors': [], 'upserted': [], 'writeConcernErrors': [], 'nRemoved': 0, 'nInserted': 1}
2018-03-21 15:01:39,218: rp.session.two.vivek.017611.3529: task-manager                    : MainThread     : DEBUG   : bulk unit insert result: {'nModified': 0, 'nUpserted': 0, 'nMatched': 0, 'writeErrors': [], 'upserted': [], 'writeConcernErrors': [], 'nRemoved': 0, 'nInserted': 1}
2018-03-21 15:01:39,351: rp.session.two.vivek.017611.3529: task-manager                    : MainThread     : DEBUG   : bulk unit insert result: {'nModified': 0, 'nUpserted': 0, 'nMatched': 0, 'writeErrors': [], 'upserted': [], 'writeConcernErrors': [], 'nRemoved': 0, 'nInserted': 1}
2018-03-21 15:01:39,491: rp.session.two.vivek.017611.3529: task-manager                    : MainThread     : DEBUG   : bulk unit insert result: {'nModified': 0, 'nUpserted': 0, 'nMatched': 0, 'writeErrors': [], 'upserted': [], 'writeConcernErrors': [], 'nRemoved': 0, 'nInserted': 1}
2018-03-21 15:01:39,639: rp.session.two.vivek.017611.3529: task-manager                    : MainThread     : DEBUG   : bulk unit insert result: {'nModified': 0, 'nUpserted': 0, 'nMatched': 0, 'writeErrors': [], 'upserted': [], 'writeConcernErrors': [], 'nRemoved': 0, 'nInserted': 1}
2018-03-21 15:01:39,755: rp.session.two.vivek.017611.3529: task-manager                    : MainThread     : DEBUG   : bulk unit insert result: {'nModified': 0, 'nUpserted': 0, 'nMatched': 0, 'writeErrors': [], 'upserted': [], 'writeConcernErrors': [], 'nRemoved': 0, 'nInserted': 1}
2018-03-21 15:01:39,877: rp.session.two.vivek.017611.3529: task-manager                    : MainThread     : DEBUG   : bulk unit insert result: {'nModified': 0, 'nUpserted': 0, 'nMatched': 0, 'writeErrors': [], 'upserted': [], 'writeConcernErrors': [], 'nRemoved': 0, 'nInserted': 1}
2018-03-21 15:01:40,004: rp.session.two.vivek.017611.3529: task-manager                    : MainThread     : DEBUG   : bulk unit insert result: {'nModified': 0, 'nUpserted': 0, 'nMatched': 0, 'writeErrors': [], 'upserted': [], 'writeConcernErrors': [], 'nRemoved': 0, 'nInserted': 1}
2018-03-21 15:01:40,126: rp.session.two.vivek.017611.3529: task-manager                    : MainThread     : DEBUG   : bulk unit insert result: {'nModified': 0, 'nUpserted': 0, 'nMatched': 0, 'writeErrors': [], 'upserted': [], 'writeConcernErrors': [], 'nRemoved': 0, 'nInserted': 1}
2018-03-21 15:01:40,252: rp.session.two.vivek.017611.3529: task-manager                    : MainThread     : DEBUG   : bulk unit insert result: {'nModified': 0, 'nUpserted': 0, 'nMatched': 0, 'writeErrors': [], 'upserted': [], 'writeConcernErrors': [], 'nRemoved': 0, 'nInserted': 1}
2018-03-21 15:01:40,376: rp.session.two.vivek.017611.3529: task-manager                    : MainThread     : DEBUG   : bulk unit insert result: {'nModified': 0, 'nUpserted': 0, 'nMatched': 0, 'writeErrors': [], 'upserted': [], 'writeConcernErrors': [], 'nRemoved': 0, 'nInserted': 1}
2018-03-21 15:01:40,492: rp.session.two.vivek.017611.3529: task-manager                    : MainThread     : DEBUG   : bulk unit insert result: {'nModified': 0, 'nUpserted': 0, 'nMatched': 0, 'writeErrors': [], 'upserted': [], 'writeConcernErrors': [], 'nRemoved': 0, 'nInserted': 1}
2018-03-21 15:01:40,612: rp.session.two.vivek.017611.3529: task-manager                    : MainThread     : DEBUG   : bulk unit insert result: {'nModified': 0, 'nUpserted': 0, 'nMatched': 0, 'writeErrors': [], 'upserted': [], 'writeConcernErrors': [], 'nRemoved': 0, 'nInserted': 1}
2018-03-21 15:01:40,739: rp.session.two.vivek.017611.3529: task-manager                    : MainThread     : DEBUG   : bulk unit insert result: {'nModified': 0, 'nUpserted': 0, 'nMatched': 0, 'writeErrors': [], 'upserted': [], 'writeConcernErrors': [], 'nRemoved': 0, 'nInserted': 1}
2018-03-21 15:01:40,889: rp.session.two.vivek.017611.3529: task-manager                    : MainThread     : DEBUG   : bulk unit insert result: {'nModified': 0, 'nUpserted': 0, 'nMatched': 0, 'writeErrors': [], 'upserted': [], 'writeConcernErrors': [], 'nRemoved': 0, 'nInserted': 1}
2018-03-21 15:01:41,033: rp.session.two.vivek.017611.3529: task-manager                    : MainThread     : DEBUG   : bulk unit insert result: {'nModified': 0, 'nUpserted': 0, 'nMatched': 0, 'writeErrors': [], 'upserted': [], 'writeConcernErrors': [], 'nRemoved': 0, 'nInserted': 1}
2018-03-21 15:01:41,156: rp.session.two.vivek.017611.3529: task-manager                    : MainThread     : DEBUG   : bulk unit insert result: {'nModified': 0, 'nUpserted': 0, 'nMatched': 0, 'writeErrors': [], 'upserted': [], 'writeConcernErrors': [], 'nRemoved': 0, 'nInserted': 1}
2018-03-21 15:02:48,747: rp.session.two.vivek.017611.3529: task-manager                    : MainThread     : DEBUG   : bulk unit insert result: {'nModified': 0, 'nUpserted': 0, 'nMatched': 0, 'writeErrors': [], 'upserted': [], 'writeConcernErrors': [], 'nRemoved': 0, 'nInserted': 1}
2018-03-21 15:02:48,905: rp.session.two.vivek.017611.3529: task-manager                    : MainThread     : DEBUG   : bulk unit insert result: {'nModified': 0, 'nUpserted': 0, 'nMatched': 0, 'writeErrors': [], 'upserted': [], 'writeConcernErrors': [], 'nRemoved': 0, 'nInserted': 1}
2018-03-21 15:02:49,047: rp.session.two.vivek.017611.3529: task-manager                    : MainThread     : DEBUG   : bulk unit insert result: {'nModified': 0, 'nUpserted': 0, 'nMatched': 0, 'writeErrors': [], 'upserted': [], 'writeConcernErrors': [], 'nRemoved': 0, 'nInserted': 1}
2018-03-21 15:02:49,179: rp.session.two.vivek.017611.3529: task-manager                    : MainThread     : DEBUG   : bulk unit insert result: {'nModified': 0, 'nUpserted': 0, 'nMatched': 0, 'writeErrors': [], 'upserted': [], 'writeConcernErrors': [], 'nRemoved': 0, 'nInserted': 1}
2018-03-21 15:02:49,302: rp.session.two.vivek.017611.3529: task-manager                    : MainThread     : DEBUG   : bulk unit insert result: {'nModified': 0, 'nUpserted': 0, 'nMatched': 0, 'writeErrors': [], 'upserted': [], 'writeConcernErrors': [], 'nRemoved': 0, 'nInserted': 1}
2018-03-21 15:02:49,416: rp.session.two.vivek.017611.3529: task-manager                    : MainThread     : DEBUG   : bulk unit insert result: {'nModified': 0, 'nUpserted': 0, 'nMatched': 0, 'writeErrors': [], 'upserted': [], 'writeConcernErrors': [], 'nRemoved': 0, 'nInserted': 1}
2018-03-21 15:02:49,540: rp.session.two.vivek.017611.3529: task-manager                    : MainThread     : DEBUG   : bulk unit insert result: {'nModified': 0, 'nUpserted': 0, 'nMatched': 0, 'writeErrors': [], 'upserted': [], 'writeConcernErrors': [], 'nRemoved': 0, 'nInserted': 1}
2018-03-21 15:02:49,659: rp.session.two.vivek.017611.3529: task-manager                    : MainThread     : DEBUG   : bulk unit insert result: {'nModified': 0, 'nUpserted': 0, 'nMatched': 0, 'writeErrors': [], 'upserted': [], 'writeConcernErrors': [], 'nRemoved': 0, 'nInserted': 1}
2018-03-21 15:02:49,781: rp.session.two.vivek.017611.3529: task-manager                    : MainThread     : DEBUG   : bulk unit insert result: {'nModified': 0, 'nUpserted': 0, 'nMatched': 0, 'writeErrors': [], 'upserted': [], 'writeConcernErrors': [], 'nRemoved': 0, 'nInserted': 1}
2018-03-21 15:02:49,900: rp.session.two.vivek.017611.3529: task-manager                    : MainThread     : DEBUG   : bulk unit insert result: {'nModified': 0, 'nUpserted': 0, 'nMatched': 0, 'writeErrors': [], 'upserted': [], 'writeConcernErrors': [], 'nRemoved': 0, 'nInserted': 1}
2018-03-21 15:02:50,014: rp.session.two.vivek.017611.3529: task-manager                    : MainThread     : DEBUG   : bulk unit insert result: {'nModified': 0, 'nUpserted': 0, 'nMatched': 0, 'writeErrors': [], 'upserted': [], 'writeConcernErrors': [], 'nRemoved': 0, 'nInserted': 1}
2018-03-21 15:02:50,139: rp.session.two.vivek.017611.3529: task-manager                    : MainThread     : DEBUG   : bulk unit insert result: {'nModified': 0, 'nUpserted': 0, 'nMatched': 0, 'writeErrors': [], 'upserted': [], 'writeConcernErrors': [], 'nRemoved': 0, 'nInserted': 1}
2018-03-21 15:02:50,277: rp.session.two.vivek.017611.3529: task-manager                    : MainThread     : DEBUG   : bulk unit insert result: {'nModified': 0, 'nUpserted': 0, 'nMatched': 0, 'writeErrors': [], 'upserted': [], 'writeConcernErrors': [], 'nRemoved': 0, 'nInserted': 1}
2018-03-21 15:02:50,398: rp.session.two.vivek.017611.3529: task-manager                    : MainThread     : DEBUG   : bulk unit insert result: {'nModified': 0, 'nUpserted': 0, 'nMatched': 0, 'writeErrors': [], 'upserted': [], 'writeConcernErrors': [], 'nRemoved': 0, 'nInserted': 1}
2018-03-21 15:02:50,523: rp.session.two.vivek.017611.3529: task-manager                    : MainThread     : DEBUG   : bulk unit insert result: {'nModified': 0, 'nUpserted': 0, 'nMatched': 0, 'writeErrors': [], 'upserted': [], 'writeConcernErrors': [], 'nRemoved': 0, 'nInserted': 1}
2018-03-21 15:02:50,650: rp.session.two.vivek.017611.3529: task-manager                    : MainThread     : DEBUG   : bulk unit insert result: {'nModified': 0, 'nUpserted': 0, 'nMatched': 0, 'writeErrors': [], 'upserted': [], 'writeConcernErrors': [], 'nRemoved': 0, 'nInserted': 1}
2018-03-21 15:03:56,783: rp.session.two.vivek.017611.3529: task-manager                    : MainThread     : DEBUG   : bulk unit insert result: {'nModified': 0, 'nUpserted': 0, 'nMatched': 0, 'writeErrors': [], 'upserted': [], 'writeConcernErrors': [], 'nRemoved': 0, 'nInserted': 1}
2018-03-21 15:03:56,906: rp.session.two.vivek.017611.3529: task-manager                    : MainThread     : DEBUG   : bulk unit insert result: {'nModified': 0, 'nUpserted': 0, 'nMatched': 0, 'writeErrors': [], 'upserted': [], 'writeConcernErrors': [], 'nRemoved': 0, 'nInserted': 1}
2018-03-21 15:03:57,029: rp.session.two.vivek.017611.3529: task-manager                    : MainThread     : DEBUG   : bulk unit insert result: {'nModified': 0, 'nUpserted': 0, 'nMatched': 0, 'writeErrors': [], 'upserted': [], 'writeConcernErrors': [], 'nRemoved': 0, 'nInserted': 1}
2018-03-21 15:03:57,146: rp.session.two.vivek.017611.3529: task-manager                    : MainThread     : DEBUG   : bulk unit insert result: {'nModified': 0, 'nUpserted': 0, 'nMatched': 0, 'writeErrors': [], 'upserted': [], 'writeConcernErrors': [], 'nRemoved': 0, 'nInserted': 1}
2018-03-21 15:03:57,264: rp.session.two.vivek.017611.3529: task-manager                    : MainThread     : DEBUG   : bulk unit insert result: {'nModified': 0, 'nUpserted': 0, 'nMatched': 0, 'writeErrors': [], 'upserted': [], 'writeConcernErrors': [], 'nRemoved': 0, 'nInserted': 1}
2018-03-21 15:03:57,388: rp.session.two.vivek.017611.3529: task-manager                    : MainThread     : DEBUG   : bulk unit insert result: {'nModified': 0, 'nUpserted': 0, 'nMatched': 0, 'writeErrors': [], 'upserted': [], 'writeConcernErrors': [], 'nRemoved': 0, 'nInserted': 1}
2018-03-21 15:03:57,505: rp.session.two.vivek.017611.3529: task-manager                    : MainThread     : DEBUG   : bulk unit insert result: {'nModified': 0, 'nUpserted': 0, 'nMatched': 0, 'writeErrors': [], 'upserted': [], 'writeConcernErrors': [], 'nRemoved': 0, 'nInserted': 1}
2018-03-21 15:03:57,623: rp.session.two.vivek.017611.3529: task-manager                    : MainThread     : DEBUG   : bulk unit insert result: {'nModified': 0, 'nUpserted': 0, 'nMatched': 0, 'writeErrors': [], 'upserted': [], 'writeConcernErrors': [], 'nRemoved': 0, 'nInserted': 1}
2018-03-21 15:03:57,742: rp.session.two.vivek.017611.3529: task-manager                    : MainThread     : DEBUG   : bulk unit insert result: {'nModified': 0, 'nUpserted': 0, 'nMatched': 0, 'writeErrors': [], 'upserted': [], 'writeConcernErrors': [], 'nRemoved': 0, 'nInserted': 1}
2018-03-21 15:03:57,883: rp.session.two.vivek.017611.3529: task-manager                    : MainThread     : DEBUG   : bulk unit insert result: {'nModified': 0, 'nUpserted': 0, 'nMatched': 0, 'writeErrors': [], 'upserted': [], 'writeConcernErrors': [], 'nRemoved': 0, 'nInserted': 1}
2018-03-21 15:03:58,005: rp.session.two.vivek.017611.3529: task-manager                    : MainThread     : DEBUG   : bulk unit insert result: {'nModified': 0, 'nUpserted': 0, 'nMatched': 0, 'writeErrors': [], 'upserted': [], 'writeConcernErrors': [], 'nRemoved': 0, 'nInserted': 1}
2018-03-21 15:03:58,124: rp.session.two.vivek.017611.3529: task-manager                    : MainThread     : DEBUG   : bulk unit insert result: {'nModified': 0, 'nUpserted': 0, 'nMatched': 0, 'writeErrors': [], 'upserted': [], 'writeConcernErrors': [], 'nRemoved': 0, 'nInserted': 1}
2018-03-21 15:03:58,261: rp.session.two.vivek.017611.3529: task-manager                    : MainThread     : DEBUG   : bulk unit insert result: {'nModified': 0, 'nUpserted': 0, 'nMatched': 0, 'writeErrors': [], 'upserted': [], 'writeConcernErrors': [], 'nRemoved': 0, 'nInserted': 1}
2018-03-21 15:03:58,388: rp.session.two.vivek.017611.3529: task-manager                    : MainThread     : DEBUG   : bulk unit insert result: {'nModified': 0, 'nUpserted': 0, 'nMatched': 0, 'writeErrors': [], 'upserted': [], 'writeConcernErrors': [], 'nRemoved': 0, 'nInserted': 1}
2018-03-21 15:03:58,523: rp.session.two.vivek.017611.3529: task-manager                    : MainThread     : DEBUG   : bulk unit insert result: {'nModified': 0, 'nUpserted': 0, 'nMatched': 0, 'writeErrors': [], 'upserted': [], 'writeConcernErrors': [], 'nRemoved': 0, 'nInserted': 1}
2018-03-21 15:03:58,656: rp.session.two.vivek.017611.3529: task-manager                    : MainThread     : DEBUG   : bulk unit insert result: {'nModified': 0, 'nUpserted': 0, 'nMatched': 0, 'writeErrors': [], 'upserted': [], 'writeConcernErrors': [], 'nRemoved': 0, 'nInserted': 1}
2018-03-21 15:05:05,098: rp.session.two.vivek.017611.3529: task-manager                    : MainThread     : DEBUG   : bulk unit insert result: {'nModified': 0, 'nUpserted': 0, 'nMatched': 0, 'writeErrors': [], 'upserted': [], 'writeConcernErrors': [], 'nRemoved': 0, 'nInserted': 1}
2018-03-21 15:05:05,217: rp.session.two.vivek.017611.3529: task-manager                    : MainThread     : DEBUG   : bulk unit insert result: {'nModified': 0, 'nUpserted': 0, 'nMatched': 0, 'writeErrors': [], 'upserted': [], 'writeConcernErrors': [], 'nRemoved': 0, 'nInserted': 1}
2018-03-21 15:05:05,352: rp.session.two.vivek.017611.3529: task-manager                    : MainThread     : DEBUG   : bulk unit insert result: {'nModified': 0, 'nUpserted': 0, 'nMatched': 0, 'writeErrors': [], 'upserted': [], 'writeConcernErrors': [], 'nRemoved': 0, 'nInserted': 1}
2018-03-21 15:05:05,478: rp.session.two.vivek.017611.3529: task-manager                    : MainThread     : DEBUG   : bulk unit insert result: {'nModified': 0, 'nUpserted': 0, 'nMatched': 0, 'writeErrors': [], 'upserted': [], 'writeConcernErrors': [], 'nRemoved': 0, 'nInserted': 1}
2018-03-21 15:05:05,594: rp.session.two.vivek.017611.3529: task-manager                    : MainThread     : DEBUG   : bulk unit insert result: {'nModified': 0, 'nUpserted': 0, 'nMatched': 0, 'writeErrors': [], 'upserted': [], 'writeConcernErrors': [], 'nRemoved': 0, 'nInserted': 1}
2018-03-21 15:05:05,712: rp.session.two.vivek.017611.3529: task-manager                    : MainThread     : DEBUG   : bulk unit insert result: {'nModified': 0, 'nUpserted': 0, 'nMatched': 0, 'writeErrors': [], 'upserted': [], 'writeConcernErrors': [], 'nRemoved': 0, 'nInserted': 1}
2018-03-21 15:05:05,833: rp.session.two.vivek.017611.3529: task-manager                    : MainThread     : DEBUG   : bulk unit insert result: {'nModified': 0, 'nUpserted': 0, 'nMatched': 0, 'writeErrors': [], 'upserted': [], 'writeConcernErrors': [], 'nRemoved': 0, 'nInserted': 1}
2018-03-21 15:05:05,952: rp.session.two.vivek.017611.3529: task-manager                    : MainThread     : DEBUG   : bulk unit insert result: {'nModified': 0, 'nUpserted': 0, 'nMatched': 0, 'writeErrors': [], 'upserted': [], 'writeConcernErrors': [], 'nRemoved': 0, 'nInserted': 1}
2018-03-21 15:05:06,074: rp.session.two.vivek.017611.3529: task-manager                    : MainThread     : DEBUG   : bulk unit insert result: {'nModified': 0, 'nUpserted': 0, 'nMatched': 0, 'writeErrors': [], 'upserted': [], 'writeConcernErrors': [], 'nRemoved': 0, 'nInserted': 1}
2018-03-21 15:05:06,192: rp.session.two.vivek.017611.3529: task-manager                    : MainThread     : DEBUG   : bulk unit insert result: {'nModified': 0, 'nUpserted': 0, 'nMatched': 0, 'writeErrors': [], 'upserted': [], 'writeConcernErrors': [], 'nRemoved': 0, 'nInserted': 1}
2018-03-21 15:05:06,309: rp.session.two.vivek.017611.3529: task-manager                    : MainThread     : DEBUG   : bulk unit insert result: {'nModified': 0, 'nUpserted': 0, 'nMatched': 0, 'writeErrors': [], 'upserted': [], 'writeConcernErrors': [], 'nRemoved': 0, 'nInserted': 1}
2018-03-21 15:05:06,430: rp.session.two.vivek.017611.3529: task-manager                    : MainThread     : DEBUG   : bulk unit insert result: {'nModified': 0, 'nUpserted': 0, 'nMatched': 0, 'writeErrors': [], 'upserted': [], 'writeConcernErrors': [], 'nRemoved': 0, 'nInserted': 1}
2018-03-21 15:05:06,550: rp.session.two.vivek.017611.3529: task-manager                    : MainThread     : DEBUG   : bulk unit insert result: {'nModified': 0, 'nUpserted': 0, 'nMatched': 0, 'writeErrors': [], 'upserted': [], 'writeConcernErrors': [], 'nRemoved': 0, 'nInserted': 1}
2018-03-21 15:05:06,668: rp.session.two.vivek.017611.3529: task-manager                    : MainThread     : DEBUG   : bulk unit insert result: {'nModified': 0, 'nUpserted': 0, 'nMatched': 0, 'writeErrors': [], 'upserted': [], 'writeConcernErrors': [], 'nRemoved': 0, 'nInserted': 1}
2018-03-21 15:05:06,791: rp.session.two.vivek.017611.3529: task-manager                    : MainThread     : DEBUG   : bulk unit insert result: {'nModified': 0, 'nUpserted': 0, 'nMatched': 0, 'writeErrors': [], 'upserted': [], 'writeConcernErrors': [], 'nRemoved': 0, 'nInserted': 1}
2018-03-21 15:05:06,922: rp.session.two.vivek.017611.3529: task-manager                    : MainThread     : DEBUG   : bulk unit insert result: {'nModified': 0, 'nUpserted': 0, 'nMatched': 0, 'writeErrors': [], 'upserted': [], 'writeConcernErrors': [], 'nRemoved': 0, 'nInserted': 1}
2018-03-21 15:06:14,867: rp.session.two.vivek.017611.3529: task-manager                    : MainThread     : DEBUG   : bulk unit insert result: {'nModified': 0, 'nUpserted': 0, 'nMatched': 0, 'writeErrors': [], 'upserted': [], 'writeConcernErrors': [], 'nRemoved': 0, 'nInserted': 1}
2018-03-21 15:06:15,014: rp.session.two.vivek.017611.3529: task-manager                    : MainThread     : DEBUG   : bulk unit insert result: {'nModified': 0, 'nUpserted': 0, 'nMatched': 0, 'writeErrors': [], 'upserted': [], 'writeConcernErrors': [], 'nRemoved': 0, 'nInserted': 1}
2018-03-21 15:06:15,166: rp.session.two.vivek.017611.3529: task-manager                    : MainThread     : DEBUG   : bulk unit insert result: {'nModified': 0, 'nUpserted': 0, 'nMatched': 0, 'writeErrors': [], 'upserted': [], 'writeConcernErrors': [], 'nRemoved': 0, 'nInserted': 1}
2018-03-21 15:06:15,306: rp.session.two.vivek.017611.3529: task-manager                    : MainThread     : DEBUG   : bulk unit insert result: {'nModified': 0, 'nUpserted': 0, 'nMatched': 0, 'writeErrors': [], 'upserted': [], 'writeConcernErrors': [], 'nRemoved': 0, 'nInserted': 1}
2018-03-21 15:06:15,437: rp.session.two.vivek.017611.3529: task-manager                    : MainThread     : DEBUG   : bulk unit insert result: {'nModified': 0, 'nUpserted': 0, 'nMatched': 0, 'writeErrors': [], 'upserted': [], 'writeConcernErrors': [], 'nRemoved': 0, 'nInserted': 1}
2018-03-21 15:06:15,568: rp.session.two.vivek.017611.3529: task-manager                    : MainThread     : DEBUG   : bulk unit insert result: {'nModified': 0, 'nUpserted': 0, 'nMatched': 0, 'writeErrors': [], 'upserted': [], 'writeConcernErrors': [], 'nRemoved': 0, 'nInserted': 1}
2018-03-21 15:06:15,687: rp.session.two.vivek.017611.3529: task-manager                    : MainThread     : DEBUG   : bulk unit insert result: {'nModified': 0, 'nUpserted': 0, 'nMatched': 0, 'writeErrors': [], 'upserted': [], 'writeConcernErrors': [], 'nRemoved': 0, 'nInserted': 1}
2018-03-21 15:06:15,825: rp.session.two.vivek.017611.3529: task-manager                    : MainThread     : DEBUG   : bulk unit insert result: {'nModified': 0, 'nUpserted': 0, 'nMatched': 0, 'writeErrors': [], 'upserted': [], 'writeConcernErrors': [], 'nRemoved': 0, 'nInserted': 1}
2018-03-21 15:06:15,945: rp.session.two.vivek.017611.3529: task-manager                    : MainThread     : DEBUG   : bulk unit insert result: {'nModified': 0, 'nUpserted': 0, 'nMatched': 0, 'writeErrors': [], 'upserted': [], 'writeConcernErrors': [], 'nRemoved': 0, 'nInserted': 1}
2018-03-21 15:06:16,085: rp.session.two.vivek.017611.3529: task-manager                    : MainThread     : DEBUG   : bulk unit insert result: {'nModified': 0, 'nUpserted': 0, 'nMatched': 0, 'writeErrors': [], 'upserted': [], 'writeConcernErrors': [], 'nRemoved': 0, 'nInserted': 1}
2018-03-21 15:06:16,229: rp.session.two.vivek.017611.3529: task-manager                    : MainThread     : DEBUG   : bulk unit insert result: {'nModified': 0, 'nUpserted': 0, 'nMatched': 0, 'writeErrors': [], 'upserted': [], 'writeConcernErrors': [], 'nRemoved': 0, 'nInserted': 1}
2018-03-21 15:06:16,354: rp.session.two.vivek.017611.3529: task-manager                    : MainThread     : DEBUG   : bulk unit insert result: {'nModified': 0, 'nUpserted': 0, 'nMatched': 0, 'writeErrors': [], 'upserted': [], 'writeConcernErrors': [], 'nRemoved': 0, 'nInserted': 1}
2018-03-21 15:06:16,492: rp.session.two.vivek.017611.3529: task-manager                    : MainThread     : DEBUG   : bulk unit insert result: {'nModified': 0, 'nUpserted': 0, 'nMatched': 0, 'writeErrors': [], 'upserted': [], 'writeConcernErrors': [], 'nRemoved': 0, 'nInserted': 1}
2018-03-21 15:06:16,632: rp.session.two.vivek.017611.3529: task-manager                    : MainThread     : DEBUG   : bulk unit insert result: {'nModified': 0, 'nUpserted': 0, 'nMatched': 0, 'writeErrors': [], 'upserted': [], 'writeConcernErrors': [], 'nRemoved': 0, 'nInserted': 1}
2018-03-21 15:06:16,761: rp.session.two.vivek.017611.3529: task-manager                    : MainThread     : DEBUG   : bulk unit insert result: {'nModified': 0, 'nUpserted': 0, 'nMatched': 0, 'writeErrors': [], 'upserted': [], 'writeConcernErrors': [], 'nRemoved': 0, 'nInserted': 1}
2018-03-21 15:06:16,911: rp.session.two.vivek.017611.3529: task-manager                    : MainThread     : DEBUG   : bulk unit insert result: {'nModified': 0, 'nUpserted': 0, 'nMatched': 0, 'writeErrors': [], 'upserted': [], 'writeConcernErrors': [], 'nRemoved': 0, 'nInserted': 1}
2018-03-21 15:07:23,335: rp.session.two.vivek.017611.3529: task-manager                    : MainThread     : DEBUG   : bulk unit insert result: {'nModified': 0, 'nUpserted': 0, 'nMatched': 0, 'writeErrors': [], 'upserted': [], 'writeConcernErrors': [], 'nRemoved': 0, 'nInserted': 1}
2018-03-21 15:07:23,452: rp.session.two.vivek.017611.3529: task-manager                    : MainThread     : DEBUG   : bulk unit insert result: {'nModified': 0, 'nUpserted': 0, 'nMatched': 0, 'writeErrors': [], 'upserted': [], 'writeConcernErrors': [], 'nRemoved': 0, 'nInserted': 1}
2018-03-21 15:07:23,569: rp.session.two.vivek.017611.3529: task-manager                    : MainThread     : DEBUG   : bulk unit insert result: {'nModified': 0, 'nUpserted': 0, 'nMatched': 0, 'writeErrors': [], 'upserted': [], 'writeConcernErrors': [], 'nRemoved': 0, 'nInserted': 1}
2018-03-21 15:07:23,684: rp.session.two.vivek.017611.3529: task-manager                    : MainThread     : DEBUG   : bulk unit insert result: {'nModified': 0, 'nUpserted': 0, 'nMatched': 0, 'writeErrors': [], 'upserted': [], 'writeConcernErrors': [], 'nRemoved': 0, 'nInserted': 1}
2018-03-21 15:07:23,835: rp.session.two.vivek.017611.3529: task-manager                    : MainThread     : DEBUG   : bulk unit insert result: {'nModified': 0, 'nUpserted': 0, 'nMatched': 0, 'writeErrors': [], 'upserted': [], 'writeConcernErrors': [], 'nRemoved': 0, 'nInserted': 1}
2018-03-21 15:07:23,950: rp.session.two.vivek.017611.3529: task-manager                    : MainThread     : DEBUG   : bulk unit insert result: {'nModified': 0, 'nUpserted': 0, 'nMatched': 0, 'writeErrors': [], 'upserted': [], 'writeConcernErrors': [], 'nRemoved': 0, 'nInserted': 1}
2018-03-21 15:07:24,069: rp.session.two.vivek.017611.3529: task-manager                    : MainThread     : DEBUG   : bulk unit insert result: {'nModified': 0, 'nUpserted': 0, 'nMatched': 0, 'writeErrors': [], 'upserted': [], 'writeConcernErrors': [], 'nRemoved': 0, 'nInserted': 1}
2018-03-21 15:07:24,188: rp.session.two.vivek.017611.3529: task-manager                    : MainThread     : DEBUG   : bulk unit insert result: {'nModified': 0, 'nUpserted': 0, 'nMatched': 0, 'writeErrors': [], 'upserted': [], 'writeConcernErrors': [], 'nRemoved': 0, 'nInserted': 1}
2018-03-21 15:07:24,307: rp.session.two.vivek.017611.3529: task-manager                    : MainThread     : DEBUG   : bulk unit insert result: {'nModified': 0, 'nUpserted': 0, 'nMatched': 0, 'writeErrors': [], 'upserted': [], 'writeConcernErrors': [], 'nRemoved': 0, 'nInserted': 1}
2018-03-21 15:07:24,426: rp.session.two.vivek.017611.3529: task-manager                    : MainThread     : DEBUG   : bulk unit insert result: {'nModified': 0, 'nUpserted': 0, 'nMatched': 0, 'writeErrors': [], 'upserted': [], 'writeConcernErrors': [], 'nRemoved': 0, 'nInserted': 1}
2018-03-21 15:07:24,556: rp.session.two.vivek.017611.3529: task-manager                    : MainThread     : DEBUG   : bulk unit insert result: {'nModified': 0, 'nUpserted': 0, 'nMatched': 0, 'writeErrors': [], 'upserted': [], 'writeConcernErrors': [], 'nRemoved': 0, 'nInserted': 1}
2018-03-21 15:07:24,688: rp.session.two.vivek.017611.3529: task-manager                    : MainThread     : DEBUG   : bulk unit insert result: {'nModified': 0, 'nUpserted': 0, 'nMatched': 0, 'writeErrors': [], 'upserted': [], 'writeConcernErrors': [], 'nRemoved': 0, 'nInserted': 1}
2018-03-21 15:07:24,817: rp.session.two.vivek.017611.3529: task-manager                    : MainThread     : DEBUG   : bulk unit insert result: {'nModified': 0, 'nUpserted': 0, 'nMatched': 0, 'writeErrors': [], 'upserted': [], 'writeConcernErrors': [], 'nRemoved': 0, 'nInserted': 1}
2018-03-21 15:07:24,956: rp.session.two.vivek.017611.3529: task-manager                    : MainThread     : DEBUG   : bulk unit insert result: {'nModified': 0, 'nUpserted': 0, 'nMatched': 0, 'writeErrors': [], 'upserted': [], 'writeConcernErrors': [], 'nRemoved': 0, 'nInserted': 1}
2018-03-21 15:07:25,084: rp.session.two.vivek.017611.3529: task-manager                    : MainThread     : DEBUG   : bulk unit insert result: {'nModified': 0, 'nUpserted': 0, 'nMatched': 0, 'writeErrors': [], 'upserted': [], 'writeConcernErrors': [], 'nRemoved': 0, 'nInserted': 1}
2018-03-21 15:07:25,206: rp.session.two.vivek.017611.3529: task-manager                    : MainThread     : DEBUG   : bulk unit insert result: {'nModified': 0, 'nUpserted': 0, 'nMatched': 0, 'writeErrors': [], 'upserted': [], 'writeConcernErrors': [], 'nRemoved': 0, 'nInserted': 1}
2018-03-21 15:08:31,156: rp.session.two.vivek.017611.3529: task-manager                    : MainThread     : DEBUG   : bulk unit insert result: {'nModified': 0, 'nUpserted': 0, 'nMatched': 0, 'writeErrors': [], 'upserted': [], 'writeConcernErrors': [], 'nRemoved': 0, 'nInserted': 1}
2018-03-21 15:08:31,279: rp.session.two.vivek.017611.3529: task-manager                    : MainThread     : DEBUG   : bulk unit insert result: {'nModified': 0, 'nUpserted': 0, 'nMatched': 0, 'writeErrors': [], 'upserted': [], 'writeConcernErrors': [], 'nRemoved': 0, 'nInserted': 1}
2018-03-21 15:08:31,406: rp.session.two.vivek.017611.3529: task-manager                    : MainThread     : DEBUG   : bulk unit insert result: {'nModified': 0, 'nUpserted': 0, 'nMatched': 0, 'writeErrors': [], 'upserted': [], 'writeConcernErrors': [], 'nRemoved': 0, 'nInserted': 1}
2018-03-21 15:08:31,521: rp.session.two.vivek.017611.3529: task-manager                    : MainThread     : DEBUG   : bulk unit insert result: {'nModified': 0, 'nUpserted': 0, 'nMatched': 0, 'writeErrors': [], 'upserted': [], 'writeConcernErrors': [], 'nRemoved': 0, 'nInserted': 1}
2018-03-21 15:08:31,635: rp.session.two.vivek.017611.3529: task-manager                    : MainThread     : DEBUG   : bulk unit insert result: {'nModified': 0, 'nUpserted': 0, 'nMatched': 0, 'writeErrors': [], 'upserted': [], 'writeConcernErrors': [], 'nRemoved': 0, 'nInserted': 1}
2018-03-21 15:08:31,752: rp.session.two.vivek.017611.3529: task-manager                    : MainThread     : DEBUG   : bulk unit insert result: {'nModified': 0, 'nUpserted': 0, 'nMatched': 0, 'writeErrors': [], 'upserted': [], 'writeConcernErrors': [], 'nRemoved': 0, 'nInserted': 1}
2018-03-21 15:08:31,872: rp.session.two.vivek.017611.3529: task-manager                    : MainThread     : DEBUG   : bulk unit insert result: {'nModified': 0, 'nUpserted': 0, 'nMatched': 0, 'writeErrors': [], 'upserted': [], 'writeConcernErrors': [], 'nRemoved': 0, 'nInserted': 1}
2018-03-21 15:08:32,018: rp.session.two.vivek.017611.3529: task-manager                    : MainThread     : DEBUG   : bulk unit insert result: {'nModified': 0, 'nUpserted': 0, 'nMatched': 0, 'writeErrors': [], 'upserted': [], 'writeConcernErrors': [], 'nRemoved': 0, 'nInserted': 1}
2018-03-21 15:08:32,133: rp.session.two.vivek.017611.3529: task-manager                    : MainThread     : DEBUG   : bulk unit insert result: {'nModified': 0, 'nUpserted': 0, 'nMatched': 0, 'writeErrors': [], 'upserted': [], 'writeConcernErrors': [], 'nRemoved': 0, 'nInserted': 1}
2018-03-21 15:08:32,248: rp.session.two.vivek.017611.3529: task-manager                    : MainThread     : DEBUG   : bulk unit insert result: {'nModified': 0, 'nUpserted': 0, 'nMatched': 0, 'writeErrors': [], 'upserted': [], 'writeConcernErrors': [], 'nRemoved': 0, 'nInserted': 1}
2018-03-21 15:08:32,367: rp.session.two.vivek.017611.3529: task-manager                    : MainThread     : DEBUG   : bulk unit insert result: {'nModified': 0, 'nUpserted': 0, 'nMatched': 0, 'writeErrors': [], 'upserted': [], 'writeConcernErrors': [], 'nRemoved': 0, 'nInserted': 1}
2018-03-21 15:08:32,484: rp.session.two.vivek.017611.3529: task-manager                    : MainThread     : DEBUG   : bulk unit insert result: {'nModified': 0, 'nUpserted': 0, 'nMatched': 0, 'writeErrors': [], 'upserted': [], 'writeConcernErrors': [], 'nRemoved': 0, 'nInserted': 1}
2018-03-21 15:08:32,601: rp.session.two.vivek.017611.3529: task-manager                    : MainThread     : DEBUG   : bulk unit insert result: {'nModified': 0, 'nUpserted': 0, 'nMatched': 0, 'writeErrors': [], 'upserted': [], 'writeConcernErrors': [], 'nRemoved': 0, 'nInserted': 1}
2018-03-21 15:08:32,726: rp.session.two.vivek.017611.3529: task-manager                    : MainThread     : DEBUG   : bulk unit insert result: {'nModified': 0, 'nUpserted': 0, 'nMatched': 0, 'writeErrors': [], 'upserted': [], 'writeConcernErrors': [], 'nRemoved': 0, 'nInserted': 1}
2018-03-21 15:08:32,842: rp.session.two.vivek.017611.3529: task-manager                    : MainThread     : DEBUG   : bulk unit insert result: {'nModified': 0, 'nUpserted': 0, 'nMatched': 0, 'writeErrors': [], 'upserted': [], 'writeConcernErrors': [], 'nRemoved': 0, 'nInserted': 1}
2018-03-21 15:08:32,968: rp.session.two.vivek.017611.3529: task-manager                    : MainThread     : DEBUG   : bulk unit insert result: {'nModified': 0, 'nUpserted': 0, 'nMatched': 0, 'writeErrors': [], 'upserted': [], 'writeConcernErrors': [], 'nRemoved': 0, 'nInserted': 1}
2018-03-21 15:09:41,470: rp.session.two.vivek.017611.3529: task-manager                    : MainThread     : DEBUG   : bulk unit insert result: {'nModified': 0, 'nUpserted': 0, 'nMatched': 0, 'writeErrors': [], 'upserted': [], 'writeConcernErrors': [], 'nRemoved': 0, 'nInserted': 1}
2018-03-21 15:09:41,613: rp.session.two.vivek.017611.3529: task-manager                    : MainThread     : DEBUG   : bulk unit insert result: {'nModified': 0, 'nUpserted': 0, 'nMatched': 0, 'writeErrors': [], 'upserted': [], 'writeConcernErrors': [], 'nRemoved': 0, 'nInserted': 1}
2018-03-21 15:09:41,735: rp.session.two.vivek.017611.3529: task-manager                    : MainThread     : DEBUG   : bulk unit insert result: {'nModified': 0, 'nUpserted': 0, 'nMatched': 0, 'writeErrors': [], 'upserted': [], 'writeConcernErrors': [], 'nRemoved': 0, 'nInserted': 1}
2018-03-21 15:09:41,866: rp.session.two.vivek.017611.3529: task-manager                    : MainThread     : DEBUG   : bulk unit insert result: {'nModified': 0, 'nUpserted': 0, 'nMatched': 0, 'writeErrors': [], 'upserted': [], 'writeConcernErrors': [], 'nRemoved': 0, 'nInserted': 1}
2018-03-21 15:09:41,983: rp.session.two.vivek.017611.3529: task-manager                    : MainThread     : DEBUG   : bulk unit insert result: {'nModified': 0, 'nUpserted': 0, 'nMatched': 0, 'writeErrors': [], 'upserted': [], 'writeConcernErrors': [], 'nRemoved': 0, 'nInserted': 1}
2018-03-21 15:09:42,098: rp.session.two.vivek.017611.3529: task-manager                    : MainThread     : DEBUG   : bulk unit insert result: {'nModified': 0, 'nUpserted': 0, 'nMatched': 0, 'writeErrors': [], 'upserted': [], 'writeConcernErrors': [], 'nRemoved': 0, 'nInserted': 1}
2018-03-21 15:09:42,213: rp.session.two.vivek.017611.3529: task-manager                    : MainThread     : DEBUG   : bulk unit insert result: {'nModified': 0, 'nUpserted': 0, 'nMatched': 0, 'writeErrors': [], 'upserted': [], 'writeConcernErrors': [], 'nRemoved': 0, 'nInserted': 1}
2018-03-21 15:09:42,327: rp.session.two.vivek.017611.3529: task-manager                    : MainThread     : DEBUG   : bulk unit insert result: {'nModified': 0, 'nUpserted': 0, 'nMatched': 0, 'writeErrors': [], 'upserted': [], 'writeConcernErrors': [], 'nRemoved': 0, 'nInserted': 1}
2018-03-21 15:09:42,445: rp.session.two.vivek.017611.3529: task-manager                    : MainThread     : DEBUG   : bulk unit insert result: {'nModified': 0, 'nUpserted': 0, 'nMatched': 0, 'writeErrors': [], 'upserted': [], 'writeConcernErrors': [], 'nRemoved': 0, 'nInserted': 1}
2018-03-21 15:09:42,560: rp.session.two.vivek.017611.3529: task-manager                    : MainThread     : DEBUG   : bulk unit insert result: {'nModified': 0, 'nUpserted': 0, 'nMatched': 0, 'writeErrors': [], 'upserted': [], 'writeConcernErrors': [], 'nRemoved': 0, 'nInserted': 1}
2018-03-21 15:09:42,674: rp.session.two.vivek.017611.3529: task-manager                    : MainThread     : DEBUG   : bulk unit insert result: {'nModified': 0, 'nUpserted': 0, 'nMatched': 0, 'writeErrors': [], 'upserted': [], 'writeConcernErrors': [], 'nRemoved': 0, 'nInserted': 1}
2018-03-21 15:09:42,788: rp.session.two.vivek.017611.3529: task-manager                    : MainThread     : DEBUG   : bulk unit insert result: {'nModified': 0, 'nUpserted': 0, 'nMatched': 0, 'writeErrors': [], 'upserted': [], 'writeConcernErrors': [], 'nRemoved': 0, 'nInserted': 1}
2018-03-21 15:09:42,904: rp.session.two.vivek.017611.3529: task-manager                    : MainThread     : DEBUG   : bulk unit insert result: {'nModified': 0, 'nUpserted': 0, 'nMatched': 0, 'writeErrors': [], 'upserted': [], 'writeConcernErrors': [], 'nRemoved': 0, 'nInserted': 1}
2018-03-21 15:09:43,031: rp.session.two.vivek.017611.3529: task-manager                    : MainThread     : DEBUG   : bulk unit insert result: {'nModified': 0, 'nUpserted': 0, 'nMatched': 0, 'writeErrors': [], 'upserted': [], 'writeConcernErrors': [], 'nRemoved': 0, 'nInserted': 1}
2018-03-21 15:09:43,159: rp.session.two.vivek.017611.3529: task-manager                    : MainThread     : DEBUG   : bulk unit insert result: {'nModified': 0, 'nUpserted': 0, 'nMatched': 0, 'writeErrors': [], 'upserted': [], 'writeConcernErrors': [], 'nRemoved': 0, 'nInserted': 1}
2018-03-21 15:09:43,276: rp.session.two.vivek.017611.3529: task-manager                    : MainThread     : DEBUG   : bulk unit insert result: {'nModified': 0, 'nUpserted': 0, 'nMatched': 0, 'writeErrors': [], 'upserted': [], 'writeConcernErrors': [], 'nRemoved': 0, 'nInserted': 1}
2018-03-21 15:11:12,760: rp.session.two.vivek.017611.3529: MainProcess                     : MainThread     : DEBUG   : session rp.session.two.vivek.017611.3529 closing
2018-03-21 15:11:12,760: rp.session.two.vivek.017611.3529: MainProcess                     : MainThread     : DEBUG   : session rp.session.two.vivek.017611.3529 closes pmgr   pmgr.0000
2018-03-21 15:11:15,466: rp.session.two.vivek.017611.3529: MainProcess                     : MainThread     : DEBUG   : session rp.session.two.vivek.017611.3529 closed pmgr   pmgr.0000
2018-03-21 15:11:15,466: rp.session.two.vivek.017611.3529: MainProcess                     : MainThread     : DEBUG   : session rp.session.two.vivek.017611.3529 closes comp   update.0
2018-03-21 15:11:15,466: rp.session.two.vivek.017611.3529: MainProcess                     : MainThread     : DEBUG   :  === update.0 stop called
2018-03-21 15:11:15,574: rp.session.two.vivek.017611.3529: update.0                        : MainThread     : DEBUG   :  === update.0.child stop called
2018-03-21 15:11:15,781: rp.session.two.vivek.017611.3529: update.0                        : MainThread     : DEBUG   :  === update.0.child stop called
2018-03-21 15:11:15,816: rp.session.two.vivek.017611.3529: MainProcess                     : MainThread     : DEBUG   : session rp.session.two.vivek.017611.3529 closed comp   update.0
2018-03-21 15:11:15,816: rp.session.two.vivek.017611.3529: MainProcess                     : MainThread     : DEBUG   : session rp.session.two.vivek.017611.3529 closes bridge control.pubsub.bridge.0000
2018-03-21 15:11:16,813: rp.session.two.vivek.017611.3529: MainProcess                     : MainThread     : DEBUG   : session rp.session.two.vivek.017611.3529 closed bridge control.pubsub.bridge.0000
2018-03-21 15:11:16,814: rp.session.two.vivek.017611.3529: MainProcess                     : MainThread     : DEBUG   : session rp.session.two.vivek.017611.3529 closes bridge state.pubsub.bridge.0000
2018-03-21 15:11:17,811: rp.session.two.vivek.017611.3529: MainProcess                     : MainThread     : DEBUG   : session rp.session.two.vivek.017611.3529 closed bridge state.pubsub.bridge.0000
2018-03-21 15:11:17,811: rp.session.two.vivek.017611.3529: MainProcess                     : MainThread     : DEBUG   : session rp.session.two.vivek.017611.3529 closes bridge log.pubsub.bridge.0000
2018-03-21 15:11:18,027: rp.session.two.vivek.017611.3529: MainProcess                     : MainThread     : DEBUG   : session rp.session.two.vivek.017611.3529 closed bridge log.pubsub.bridge.0000
2018-03-21 15:11:18,027: rp.session.two.vivek.017611.3529: MainProcess                     : MainThread     : DEBUG   : session rp.session.two.vivek.017611.3529 closes db (False)
2018-03-21 15:11:18,027: rp.session.two.vivek.017611.3529: MainProcess                     : MainThread     : DEBUG   : session rp.session.two.vivek.017611.3529 closed (delete=False)
2018-03-21 15:11:18,119: rp.session.two.vivek.017611.3529: MainProcess                     : MainThread     : DEBUG   :  === update.0 stop called
