2018-03-21 14:52:33,131: state.pubsub.pub.0005: umgr.0000.scheduling.0          : MainThread     : INFO    : python.interpreter   version: 2.7.12 (default, Nov 20 2017, 18:23:56) [GCC 5.4.0 20160609]
2018-03-21 14:52:33,131: state.pubsub.pub.0005: umgr.0000.scheduling.0          : MainThread     : INFO    :                      pid: 346
2018-03-21 14:52:33,131: state.pubsub.pub.0005: umgr.0000.scheduling.0          : MainThread     : INFO    :                      tid: MainThread
2018-03-21 14:52:33,131: state.pubsub.pub.0005: umgr.0000.scheduling.0          : MainThread     : INFO    : radical.pilot        version: 0.47.1
2018-03-21 14:52:33,131: state.pubsub.pub.0005: umgr.0000.scheduling.0          : MainThread     : INFO    : create state_pubsub - pub - tcp://138.201.86.166:42652
2018-03-21 14:52:33,132: state.pubsub.pub.0005: umgr.0000.scheduling.0          : MainThread     : DEBUG   : start process
2018-03-21 14:52:33,132: state.pubsub.pub.0005: umgr.0000.scheduling.0          : MainThread     : DEBUG   : ru_initialize_common (NOOP)
2018-03-21 14:52:33,132: state.pubsub.pub.0005: umgr.0000.scheduling.0          : MainThread     : DEBUG   : ru_initialize_parent (NOOP)
2018-03-21 14:52:33,132: state.pubsub.pub.0005: umgr.0000.scheduling.0          : MainThread     : DEBUG   : process class started (no child)
2018-03-21 14:52:33,154: state.pubsub.pub.0005: task-manager                    : MainThread     : INFO    : python.interpreter   version: 2.7.12 (default, Nov 20 2017, 18:23:56) [GCC 5.4.0 20160609]
2018-03-21 14:52:33,154: state.pubsub.pub.0005: task-manager                    : MainThread     : INFO    :                      pid: 32557
2018-03-21 14:52:33,154: state.pubsub.pub.0005: task-manager                    : MainThread     : INFO    :                      tid: MainThread
2018-03-21 14:52:33,154: state.pubsub.pub.0005: task-manager                    : MainThread     : INFO    : radical.pilot        version: 0.47.1
2018-03-21 14:52:33,154: state.pubsub.pub.0005: task-manager                    : MainThread     : INFO    : create state_pubsub - pub - tcp://138.201.86.166:42652
2018-03-21 14:52:33,155: state.pubsub.pub.0005: task-manager                    : MainThread     : DEBUG   : start process
2018-03-21 14:52:33,155: state.pubsub.pub.0005: task-manager                    : MainThread     : DEBUG   : ru_initialize_common (NOOP)
2018-03-21 14:52:33,155: state.pubsub.pub.0005: task-manager                    : MainThread     : DEBUG   : ru_initialize_parent (NOOP)
2018-03-21 14:52:33,155: state.pubsub.pub.0005: task-manager                    : MainThread     : DEBUG   : process class started (no child)
2018-03-21 15:11:06,356: state.pubsub.pub.0005: umgr.0000.scheduling.0          : MainThread     : INFO    : parent stops child  346 -> None [state.pubsub.pub.0005]
2018-03-21 15:11:06,356: state.pubsub.pub.0005: umgr.0000.scheduling.0          : MainThread     : DEBUG   : ru_finalize_parent (NOOP)
