2018-03-21 18:24:26,196: control.pubsub.sub.0002: umgr.0000.staging.input.0       : MainThread     : INFO    : python.interpreter   version: 2.7.12 (default, Nov 20 2017, 18:23:56) [GCC 5.4.0 20160609]
2018-03-21 18:24:26,196: control.pubsub.sub.0002: umgr.0000.staging.input.0       : MainThread     : INFO    :                      pid: 15016
2018-03-21 18:24:26,196: control.pubsub.sub.0002: umgr.0000.staging.input.0       : MainThread     : INFO    :                      tid: MainThread
2018-03-21 18:24:26,197: control.pubsub.sub.0002: umgr.0000.staging.input.0       : MainThread     : INFO    : radical.pilot        version: 0.47.1
2018-03-21 18:24:26,197: control.pubsub.sub.0002: umgr.0000.staging.input.0       : MainThread     : INFO    : create control_pubsub - sub - tcp://138.201.86.166:33287
2018-03-21 18:24:26,197: control.pubsub.sub.0002: umgr.0000.staging.input.0       : MainThread     : DEBUG   : start process
2018-03-21 18:24:26,197: control.pubsub.sub.0002: umgr.0000.staging.input.0       : MainThread     : DEBUG   : ru_initialize_common (NOOP)
2018-03-21 18:24:26,197: control.pubsub.sub.0002: umgr.0000.staging.input.0       : MainThread     : DEBUG   : ru_initialize_parent (NOOP)
2018-03-21 18:24:26,197: control.pubsub.sub.0002: umgr.0000.staging.input.0       : MainThread     : DEBUG   : process class started (no child)
2018-03-21 18:24:26,525: control.pubsub.sub.0002: umgr.0000.scheduling.0          : MainThread     : INFO    : python.interpreter   version: 2.7.12 (default, Nov 20 2017, 18:23:56) [GCC 5.4.0 20160609]
2018-03-21 18:24:26,525: control.pubsub.sub.0002: umgr.0000.scheduling.0          : MainThread     : INFO    :                      pid: 15073
2018-03-21 18:24:26,525: control.pubsub.sub.0002: umgr.0000.scheduling.0          : MainThread     : INFO    :                      tid: MainThread
2018-03-21 18:24:26,525: control.pubsub.sub.0002: umgr.0000.scheduling.0          : MainThread     : INFO    : radical.pilot        version: 0.47.1
2018-03-21 18:24:26,525: control.pubsub.sub.0002: umgr.0000.scheduling.0          : MainThread     : INFO    : create control_pubsub - sub - tcp://138.201.86.166:33287
2018-03-21 18:24:26,526: control.pubsub.sub.0002: umgr.0000.scheduling.0          : MainThread     : DEBUG   : start process
2018-03-21 18:24:26,526: control.pubsub.sub.0002: umgr.0000.scheduling.0          : MainThread     : DEBUG   : ru_initialize_common (NOOP)
2018-03-21 18:24:26,526: control.pubsub.sub.0002: umgr.0000.scheduling.0          : MainThread     : DEBUG   : ru_initialize_parent (NOOP)
2018-03-21 18:24:26,526: control.pubsub.sub.0002: umgr.0000.scheduling.0          : MainThread     : DEBUG   : process class started (no child)
2018-03-21 19:01:39,108: control.pubsub.sub.0002: umgr.0000.scheduling.0          : umgr.0000.scheduling.0.child.subscriber._base_command_cb: INFO    : parent stops child  15073 -> None [control.pubsub.sub.0002]
2018-03-21 19:01:39,108: control.pubsub.sub.0002: umgr.0000.scheduling.0          : umgr.0000.scheduling.0.child.subscriber._base_command_cb: DEBUG   : ru_finalize_parent (NOOP)
2018-03-21 19:01:39,412: control.pubsub.sub.0002: umgr.0000.staging.input.0       : MainThread     : INFO    : parent stops child  15016 -> None [control.pubsub.sub.0002]
2018-03-21 19:01:39,412: control.pubsub.sub.0002: umgr.0000.staging.input.0       : MainThread     : DEBUG   : ru_finalize_parent (NOOP)
