2018-03-21 18:24:26,153: control.pubsub.pub.0003: umgr.0000.staging.input.0       : MainThread     : INFO    : python.interpreter   version: 2.7.12 (default, Nov 20 2017, 18:23:56) [GCC 5.4.0 20160609]
2018-03-21 18:24:26,153: control.pubsub.pub.0003: umgr.0000.staging.input.0       : MainThread     : INFO    :                      pid: 15016
2018-03-21 18:24:26,153: control.pubsub.pub.0003: umgr.0000.staging.input.0       : MainThread     : INFO    :                      tid: MainThread
2018-03-21 18:24:26,153: control.pubsub.pub.0003: umgr.0000.staging.input.0       : MainThread     : INFO    : radical.pilot        version: 0.47.1
2018-03-21 18:24:26,154: control.pubsub.pub.0003: umgr.0000.staging.input.0       : MainThread     : INFO    : create control_pubsub - pub - tcp://138.201.86.166:45493
2018-03-21 18:24:26,179: control.pubsub.pub.0003: umgr.0000.staging.input.0       : MainThread     : DEBUG   : start process
2018-03-21 18:24:26,179: control.pubsub.pub.0003: umgr.0000.staging.input.0       : MainThread     : DEBUG   : ru_initialize_common (NOOP)
2018-03-21 18:24:26,179: control.pubsub.pub.0003: umgr.0000.staging.input.0       : MainThread     : DEBUG   : ru_initialize_parent (NOOP)
2018-03-21 18:24:26,179: control.pubsub.pub.0003: umgr.0000.staging.input.0       : MainThread     : DEBUG   : process class started (no child)
2018-03-21 18:24:26,217: control.pubsub.pub.0003: task-manager                    : MainThread     : INFO    : python.interpreter   version: 2.7.12 (default, Nov 20 2017, 18:23:56) [GCC 5.4.0 20160609]
2018-03-21 18:24:26,217: control.pubsub.pub.0003: task-manager                    : MainThread     : INFO    :                      pid: 14969
2018-03-21 18:24:26,217: control.pubsub.pub.0003: task-manager                    : MainThread     : INFO    :                      tid: MainThread
2018-03-21 18:24:26,218: control.pubsub.pub.0003: task-manager                    : MainThread     : INFO    : radical.pilot        version: 0.47.1
2018-03-21 18:24:26,218: control.pubsub.pub.0003: task-manager                    : MainThread     : INFO    : create control_pubsub - pub - tcp://138.201.86.166:45493
2018-03-21 18:24:26,274: control.pubsub.pub.0003: task-manager                    : MainThread     : DEBUG   : start process
2018-03-21 18:24:26,275: control.pubsub.pub.0003: task-manager                    : MainThread     : DEBUG   : ru_initialize_common (NOOP)
2018-03-21 18:24:26,275: control.pubsub.pub.0003: task-manager                    : MainThread     : DEBUG   : ru_initialize_parent (NOOP)
2018-03-21 18:24:26,275: control.pubsub.pub.0003: task-manager                    : MainThread     : DEBUG   : process class started (no child)
2018-03-21 19:01:39,323: control.pubsub.pub.0003: umgr.0000.staging.input.0       : MainThread     : INFO    : parent stops child  15016 -> None [control.pubsub.pub.0003]
2018-03-21 19:01:39,323: control.pubsub.pub.0003: umgr.0000.staging.input.0       : MainThread     : DEBUG   : ru_finalize_parent (NOOP)
