2018-03-21 18:24:26,388: log.pubsub.pub.0004 : umgr.0000.staging.output.0      : MainThread     : INFO    : python.interpreter   version: 2.7.12 (default, Nov 20 2017, 18:23:56) [GCC 5.4.0 20160609]
2018-03-21 18:24:26,389: log.pubsub.pub.0004 : umgr.0000.staging.output.0      : MainThread     : INFO    :                      pid: 15053
2018-03-21 18:24:26,389: log.pubsub.pub.0004 : umgr.0000.staging.output.0      : MainThread     : INFO    :                      tid: MainThread
2018-03-21 18:24:26,390: log.pubsub.pub.0004 : umgr.0000.staging.output.0      : MainThread     : INFO    : radical.pilot        version: 0.47.1
2018-03-21 18:24:26,390: log.pubsub.pub.0004 : umgr.0000.staging.output.0      : MainThread     : INFO    : create log_pubsub - pub - tcp://138.201.86.166:45233
2018-03-21 18:24:26,391: log.pubsub.pub.0004 : umgr.0000.staging.output.0      : MainThread     : DEBUG   : start process
2018-03-21 18:24:26,392: log.pubsub.pub.0004 : umgr.0000.staging.output.0      : MainThread     : DEBUG   : ru_initialize_common (NOOP)
2018-03-21 18:24:26,392: log.pubsub.pub.0004 : umgr.0000.staging.output.0      : MainThread     : DEBUG   : ru_initialize_parent (NOOP)
2018-03-21 18:24:26,392: log.pubsub.pub.0004 : umgr.0000.staging.output.0      : MainThread     : DEBUG   : process class started (no child)
2018-03-21 18:24:26,417: log.pubsub.pub.0004 : task-manager                    : MainThread     : INFO    : python.interpreter   version: 2.7.12 (default, Nov 20 2017, 18:23:56) [GCC 5.4.0 20160609]
2018-03-21 18:24:26,417: log.pubsub.pub.0004 : task-manager                    : MainThread     : INFO    :                      pid: 14969
2018-03-21 18:24:26,417: log.pubsub.pub.0004 : task-manager                    : MainThread     : INFO    :                      tid: MainThread
2018-03-21 18:24:26,417: log.pubsub.pub.0004 : task-manager                    : MainThread     : INFO    : radical.pilot        version: 0.47.1
2018-03-21 18:24:26,418: log.pubsub.pub.0004 : task-manager                    : MainThread     : INFO    : create log_pubsub - pub - tcp://138.201.86.166:45233
2018-03-21 18:24:26,418: log.pubsub.pub.0004 : task-manager                    : MainThread     : DEBUG   : start process
2018-03-21 18:24:26,418: log.pubsub.pub.0004 : task-manager                    : MainThread     : DEBUG   : ru_initialize_common (NOOP)
2018-03-21 18:24:26,418: log.pubsub.pub.0004 : task-manager                    : MainThread     : DEBUG   : ru_initialize_parent (NOOP)
2018-03-21 18:24:26,418: log.pubsub.pub.0004 : task-manager                    : MainThread     : DEBUG   : process class started (no child)
2018-03-21 19:01:39,214: log.pubsub.pub.0004 : umgr.0000.staging.output.0      : MainThread     : INFO    : parent stops child  15053 -> None [log.pubsub.pub.0004]
2018-03-21 19:01:39,214: log.pubsub.pub.0004 : umgr.0000.staging.output.0      : MainThread     : DEBUG   : ru_finalize_parent (NOOP)
