2018-03-21 18:19:18,191: state.pubsub.pub.0000: update.0                        : MainThread     : INFO    : python.interpreter   version: 2.7.12 (default, Nov 20 2017, 18:23:56) [GCC 5.4.0 20160609]
2018-03-21 18:19:18,191: state.pubsub.pub.0000: update.0                        : MainThread     : INFO    :                      pid: 31321
2018-03-21 18:19:18,191: state.pubsub.pub.0000: update.0                        : MainThread     : INFO    :                      tid: MainThread
2018-03-21 18:19:18,192: state.pubsub.pub.0000: update.0                        : MainThread     : INFO    : radical.pilot        version: 0.47.1
2018-03-21 18:19:18,192: state.pubsub.pub.0000: update.0                        : MainThread     : INFO    : create state_pubsub - pub - tcp://138.201.86.166:37291
2018-03-21 18:19:18,192: state.pubsub.pub.0000: update.0                        : MainThread     : DEBUG   : start process
2018-03-21 18:19:18,192: state.pubsub.pub.0000: update.0                        : MainThread     : DEBUG   : ru_initialize_common (NOOP)
2018-03-21 18:19:18,192: state.pubsub.pub.0000: update.0                        : MainThread     : DEBUG   : ru_initialize_parent (NOOP)
2018-03-21 18:19:18,192: state.pubsub.pub.0000: update.0                        : MainThread     : DEBUG   : process class started (no child)
2018-03-21 18:19:18,835: state.pubsub.pub.0000: MainProcess                     : MainThread     : INFO    : python.interpreter   version: 2.7.12 (default, Nov 20 2017, 18:23:56) [GCC 5.4.0 20160609]
2018-03-21 18:19:18,835: state.pubsub.pub.0000: MainProcess                     : MainThread     : INFO    :                      pid: 31202
2018-03-21 18:19:18,835: state.pubsub.pub.0000: MainProcess                     : MainThread     : INFO    :                      tid: MainThread
2018-03-21 18:19:18,836: state.pubsub.pub.0000: MainProcess                     : MainThread     : INFO    : radical.pilot        version: 0.47.1
2018-03-21 18:19:18,836: state.pubsub.pub.0000: MainProcess                     : MainThread     : INFO    : create state_pubsub - pub - tcp://138.201.86.166:37291
2018-03-21 18:19:18,836: state.pubsub.pub.0000: MainProcess                     : MainThread     : DEBUG   : start process
2018-03-21 18:19:18,836: state.pubsub.pub.0000: MainProcess                     : MainThread     : DEBUG   : ru_initialize_common (NOOP)
2018-03-21 18:19:18,836: state.pubsub.pub.0000: MainProcess                     : MainThread     : DEBUG   : ru_initialize_parent (NOOP)
2018-03-21 18:19:18,836: state.pubsub.pub.0000: MainProcess                     : MainThread     : DEBUG   : process class started (no child)
2018-03-21 19:01:46,303: state.pubsub.pub.0000: MainProcess                     : MainThread     : INFO    : parent stops child  31202 -> None [state.pubsub.pub.0000]
2018-03-21 19:01:46,303: state.pubsub.pub.0000: MainProcess                     : MainThread     : DEBUG   : ru_finalize_parent (NOOP)
2018-03-21 19:01:46,609: state.pubsub.pub.0000: update.0                        : MainThread     : INFO    : parent stops child  31321 -> None [state.pubsub.pub.0000]
2018-03-21 19:01:46,609: state.pubsub.pub.0000: update.0                        : MainThread     : DEBUG   : ru_finalize_parent (NOOP)
