2018-03-21 18:19:18,091: update.0            : MainProcess                     : MainThread     : INFO    : python.interpreter   version: 2.7.12 (default, Nov 20 2017, 18:23:56) [GCC 5.4.0 20160609]
2018-03-21 18:19:18,091: update.0            : MainProcess                     : MainThread     : INFO    :                      pid: 31202
2018-03-21 18:19:18,092: update.0            : MainProcess                     : MainThread     : INFO    :                      tid: MainThread
2018-03-21 18:19:18,092: update.0            : MainProcess                     : MainThread     : INFO    : radical.pilot        version: 0.47.1
2018-03-21 18:19:18,108: update.0            : MainProcess                     : MainThread     : DEBUG   : alive check in term
2018-03-21 18:19:18,108: update.0            : MainProcess                     : MainThread     : DEBUG   : start process
2018-03-21 18:19:18,831: update.0            : MainProcess                     : MainThread     : INFO    : recv message: alive
2018-03-21 18:19:18,832: update.0            : MainProcess                     : MainThread     : INFO    : initialize update.0
2018-03-21 18:19:18,833: update.0            : MainProcess                     : MainThread     : INFO    : cfg: {'agents': {},
 u'bridges': {u'control_pubsub': {'addr_in': 'tcp://138.201.86.166:45493',
                                  'addr_out': 'tcp://138.201.86.166:33287',
                                  u'bulk_size': 0,
                                  u'log_level': u'debug',
                                  u'stall_hwm': 1},
              u'log_pubsub': {'addr_in': 'tcp://138.201.86.166:45233',
                              'addr_out': 'tcp://138.201.86.166:43965',
                              u'bulk_size': 0,
                              u'log_level': u'debug',
                              u'stall_hwm': 1},
              u'state_pubsub': {'addr_in': 'tcp://138.201.86.166:37291',
                                'addr_out': 'tcp://138.201.86.166:35166',
                                u'bulk_size': 0,
                                u'log_level': u'debug',
                                u'stall_hwm': 1}},
 'cname': u'UpdateWorker',
 u'components': {},
 u'count': 1,
 'dburl': 'mongodb://entk:entk@ds125126.mlab.com:25126/adbms-1',
 'debug': 'DEBUG',
 u'default_dburl': u'mongodb://rp:rp@ds015335.mlab.com:15335/rp',
 'logdir': '/home/vivek/repos/adaptive-bms-experiments/task-order-adap/bin/rp.session.two.vivek.017611.22178',
 'number': 0,
 'owner': 'rp.session.two.vivek.017611.22178',
 'session_id': 'rp.session.two.vivek.017611.22178'}
2018-03-21 18:19:18,833: update.0            : MainProcess                     : MainThread     : DEBUG   : alive check in term
2018-03-21 18:19:18,833: update.0            : MainProcess                     : MainThread     : DEBUG   : START: update.0 register publisher log_pubsub
2018-03-21 18:19:18,833: update.0            : MainProcess                     : MainThread     : DEBUG   : using addr tcp://138.201.86.166:45233 for pubsub log_pubsub
2018-03-21 18:19:18,835: update.0            : MainProcess                     : MainThread     : DEBUG   : registered publisher : log_pubsub : log.pubsub.pub.0000
2018-03-21 18:19:18,835: update.0            : MainProcess                     : MainThread     : DEBUG   : alive check in term
2018-03-21 18:19:18,835: update.0            : MainProcess                     : MainThread     : DEBUG   : START: update.0 register publisher state_pubsub
2018-03-21 18:19:18,835: update.0            : MainProcess                     : MainThread     : DEBUG   : using addr tcp://138.201.86.166:37291 for pubsub state_pubsub
2018-03-21 18:19:18,836: update.0            : MainProcess                     : MainThread     : DEBUG   : registered publisher : state_pubsub : state.pubsub.pub.0000
2018-03-21 18:19:18,836: update.0            : MainProcess                     : MainThread     : DEBUG   : alive check in term
2018-03-21 18:19:18,836: update.0            : MainProcess                     : MainThread     : DEBUG   : START: update.0 register publisher control_pubsub
2018-03-21 18:19:18,836: update.0            : MainProcess                     : MainThread     : DEBUG   : using addr tcp://138.201.86.166:45493 for pubsub control_pubsub
2018-03-21 18:19:18,843: update.0            : MainProcess                     : MainThread     : DEBUG   : registered publisher : control_pubsub : control.pubsub.pub.0000
2018-03-21 18:19:18,843: update.0            : MainProcess                     : MainThread     : DEBUG   : parent name: update.0.watch
2018-03-21 18:19:18,843: update.0            : MainProcess                     : MainThread     : DEBUG   : start thread
2018-03-21 18:19:18,843: update.0            : MainProcess                     : update.0.watch : DEBUG   : child name: update.0.watch.thread
2018-03-21 18:19:18,844: update.0            : MainProcess                     : update.0.watch : INFO    : child (me) initializing
2018-03-21 18:19:18,844: update.0            : MainProcess                     : update.0.watch : DEBUG   : ru_initialize_common (NOOP)
2018-03-21 18:19:18,844: update.0            : MainProcess                     : update.0.watch : DEBUG   : ru_initialize_child (NOOP)
2018-03-21 18:19:18,844: update.0            : MainProcess                     : update.0.watch : INFO    : send alive
2018-03-21 18:19:18,844: update.0            : MainProcess                     : update.0.watch : INFO    : put message: [update.0.watch.thread] alive
2018-03-21 18:19:18,845: update.0            : MainProcess                     : MainThread     : INFO    : get msg: alive
2018-03-21 18:19:18,845: update.0            : MainProcess                     : MainThread     : DEBUG   : ru_initialize_common (NOOP)
2018-03-21 18:19:18,845: update.0            : MainProcess                     : MainThread     : DEBUG   : ru_initialize_parent (NOOP)
2018-03-21 18:19:18,845: update.0            : MainProcess                     : MainThread     : DEBUG   : child thread update.0.watch started
2018-03-21 18:19:18,845: update.0            : MainProcess                     : MainThread     : INFO    : child is alive
2018-03-21 18:19:18,845: update.0            : MainProcess                     : MainThread     : DEBUG   : process class started child
2018-03-21 19:01:46,282: update.0            : MainProcess                     : MainThread     : INFO    : stop update.0 (31202 : 31321 : MainThread) [radical.pilot.worker.update.Update.stop]
2018-03-21 19:01:46,302: update.0            : MainProcess                     : MainThread     : INFO    : parent stops child  31202 -> 31321 [update.0]
2018-03-21 19:01:46,302: update.0            : MainProcess                     : MainThread     : INFO    : send message: [update.0] STOP
2018-03-21 19:01:46,302: update.0            : MainProcess                     : MainThread     : DEBUG   : ru_finalize_common()
2018-03-21 19:01:46,302: update.0            : MainProcess                     : MainThread     : DEBUG   : TERM : update.0 unregister publisher log_pubsub
2018-03-21 19:01:46,303: update.0            : MainProcess                     : MainThread     : DEBUG   : unregistered publisher log_pubsub
2018-03-21 19:01:46,303: update.0            : MainProcess                     : MainThread     : DEBUG   : TERM : update.0 unregister publisher state_pubsub
2018-03-21 19:01:46,303: update.0            : MainProcess                     : MainThread     : DEBUG   : unregistered publisher state_pubsub
2018-03-21 19:01:46,303: update.0            : MainProcess                     : MainThread     : DEBUG   : TERM : update.0 unregister publisher control_pubsub
2018-03-21 19:01:46,304: update.0            : MainProcess                     : MainThread     : DEBUG   : unregistered publisher control_pubsub
2018-03-21 19:01:46,304: update.0            : MainProcess                     : MainThread     : DEBUG   : update.0 close prof
2018-03-21 19:01:46,327: update.0            : MainProcess                     : MainThread     : INFO    : parent stops child
2018-03-21 19:01:46,328: update.0            : MainProcess                     : MainThread     : DEBUG   : ru_finalize_parent (NOOP)
2018-03-21 19:01:46,328: update.0            : MainProcess                     : MainThread     : DEBUG   : ru_finalize_common (NOOP)
2018-03-21 19:01:46,391: update.0            : MainProcess                     : update.0.watch : INFO    : recv message: 
2018-03-21 19:01:46,392: update.0            : MainProcess                     : update.0.watch : INFO    : message received: 
2018-03-21 19:01:46,392: update.0            : MainProcess                     : update.0.watch : WARNING : received empty string, parent closed ep
2018-03-21 19:01:46,392: update.0            : MainProcess                     : update.0.watch : INFO    : watcher closes
2018-03-21 19:01:46,392: update.0            : MainProcess                     : update.0.watch : INFO    : put message: [update.0.watch.thread] work finished
2018-03-21 19:01:46,392: update.0            : MainProcess                     : update.0.watch : DEBUG   : ru_finalize_child (NOOP)
2018-03-21 19:01:46,392: update.0            : MainProcess                     : update.0.watch : DEBUG   : ru_finalize_common (NOOP)
2018-03-21 19:01:46,392: update.0            : MainProcess                     : update.0.watch : INFO    : put message: [update.0.watch.thread] terminating
2018-03-21 19:01:49,188: update.0            : MainProcess                     : MainThread     : INFO    : stop update.0 (31202 : 31321 : MainThread) [radical.pilot.worker.update.Update.stop]
