2018-03-21 19:05:11,342: log.pubsub.bridge.0000: MainProcess                     : MainThread     : INFO    : python.interpreter   version: 2.7.12 (default, Nov 20 2017, 18:23:56) [GCC 5.4.0 20160609]
2018-03-21 19:05:11,342: log.pubsub.bridge.0000: MainProcess                     : MainThread     : INFO    :                      pid: 12994
2018-03-21 19:05:11,342: log.pubsub.bridge.0000: MainProcess                     : MainThread     : INFO    :                      tid: MainThread
2018-03-21 19:05:11,342: log.pubsub.bridge.0000: MainProcess                     : MainThread     : INFO    : radical.pilot        version: 0.47.1
2018-03-21 19:05:11,343: log.pubsub.bridge.0000: MainProcess                     : MainThread     : INFO    : create log_pubsub - bridge - tcp://*:*
2018-03-21 19:05:11,343: log.pubsub.bridge.0000: MainProcess                     : MainThread     : DEBUG   : start process
2018-03-21 19:05:11,345: log.pubsub.bridge.0000: log.pubsub.bridge.0000          : MainThread     : DEBUG   : ru_initialize_common (NOOP)
2018-03-21 19:05:11,347: log.pubsub.bridge.0000: log.pubsub.bridge.0000.child    : MainThread     : INFO    : child (me) initializing
2018-03-21 19:05:11,347: log.pubsub.bridge.0000: log.pubsub.bridge.0000.child    : MainThread     : DEBUG   : parent name: log.pubsub.bridge.0000.child.watch
2018-03-21 19:05:11,347: log.pubsub.bridge.0000: log.pubsub.bridge.0000.child    : MainThread     : DEBUG   : start thread
2018-03-21 19:05:11,348: log.pubsub.bridge.0000: log.pubsub.bridge.0000.child    : log.pubsub.bridge.0000.child.watch: DEBUG   : child name: log.pubsub.bridge.0000.child.watch.thread
2018-03-21 19:05:11,348: log.pubsub.bridge.0000: log.pubsub.bridge.0000.child    : log.pubsub.bridge.0000.child.watch: INFO    : child (me) initializing
2018-03-21 19:05:11,348: log.pubsub.bridge.0000: log.pubsub.bridge.0000.child    : log.pubsub.bridge.0000.child.watch: DEBUG   : ru_initialize_common (NOOP)
2018-03-21 19:05:11,348: log.pubsub.bridge.0000: log.pubsub.bridge.0000.child    : log.pubsub.bridge.0000.child.watch: DEBUG   : ru_initialize_child (NOOP)
2018-03-21 19:05:11,348: log.pubsub.bridge.0000: log.pubsub.bridge.0000.child    : log.pubsub.bridge.0000.child.watch: INFO    : send alive
2018-03-21 19:05:11,348: log.pubsub.bridge.0000: log.pubsub.bridge.0000.child    : log.pubsub.bridge.0000.child.watch: INFO    : put message: [log.pubsub.bridge.0000.child.watch.thread] alive
2018-03-21 19:05:11,349: log.pubsub.bridge.0000: log.pubsub.bridge.0000.child    : MainThread     : INFO    : get msg: alive
2018-03-21 19:05:11,349: log.pubsub.bridge.0000: log.pubsub.bridge.0000.child    : MainThread     : DEBUG   : ru_initialize_common (NOOP)
2018-03-21 19:05:11,349: log.pubsub.bridge.0000: log.pubsub.bridge.0000.child    : MainThread     : DEBUG   : ru_initialize_parent (NOOP)
2018-03-21 19:05:11,349: log.pubsub.bridge.0000: log.pubsub.bridge.0000.child    : MainThread     : DEBUG   : child thread log.pubsub.bridge.0000.child.watch started
2018-03-21 19:05:11,349: log.pubsub.bridge.0000: log.pubsub.bridge.0000.child    : MainThread     : INFO    : child (me) is alive
2018-03-21 19:05:11,349: log.pubsub.bridge.0000: log.pubsub.bridge.0000.child    : MainThread     : INFO    : send alive
2018-03-21 19:05:11,349: log.pubsub.bridge.0000: log.pubsub.bridge.0000.child    : MainThread     : INFO    : send message: [log.pubsub.bridge.0000.child] alive
2018-03-21 19:05:11,349: log.pubsub.bridge.0000: MainProcess                     : MainThread     : INFO    : recv message: alive
2018-03-21 19:05:11,349: log.pubsub.bridge.0000: MainProcess                     : MainThread     : DEBUG   : ru_initialize_common (NOOP)
2018-03-21 19:05:11,350: log.pubsub.bridge.0000: MainProcess                     : MainThread     : DEBUG   : ru_initialize_parent (NOOP)
2018-03-21 19:05:11,350: log.pubsub.bridge.0000: MainProcess                     : MainThread     : DEBUG   : parent name: log.pubsub.bridge.0000.watch
2018-03-21 19:05:11,350: log.pubsub.bridge.0000: MainProcess                     : MainThread     : DEBUG   : start thread
2018-03-21 19:05:11,350: log.pubsub.bridge.0000: MainProcess                     : log.pubsub.bridge.0000.watch: DEBUG   : child name: log.pubsub.bridge.0000.watch.thread
2018-03-21 19:05:11,350: log.pubsub.bridge.0000: MainProcess                     : log.pubsub.bridge.0000.watch: INFO    : child (me) initializing
2018-03-21 19:05:11,350: log.pubsub.bridge.0000: MainProcess                     : log.pubsub.bridge.0000.watch: DEBUG   : ru_initialize_common (NOOP)
2018-03-21 19:05:11,350: log.pubsub.bridge.0000: MainProcess                     : log.pubsub.bridge.0000.watch: DEBUG   : ru_initialize_child (NOOP)
2018-03-21 19:05:11,350: log.pubsub.bridge.0000: MainProcess                     : log.pubsub.bridge.0000.watch: INFO    : send alive
2018-03-21 19:05:11,350: log.pubsub.bridge.0000: MainProcess                     : log.pubsub.bridge.0000.watch: INFO    : put message: [log.pubsub.bridge.0000.watch.thread] alive
2018-03-21 19:05:11,351: log.pubsub.bridge.0000: MainProcess                     : MainThread     : INFO    : get msg: alive
2018-03-21 19:05:11,351: log.pubsub.bridge.0000: MainProcess                     : MainThread     : DEBUG   : ru_initialize_common (NOOP)
2018-03-21 19:05:11,351: log.pubsub.bridge.0000: MainProcess                     : MainThread     : DEBUG   : ru_initialize_parent (NOOP)
2018-03-21 19:05:11,351: log.pubsub.bridge.0000: MainProcess                     : MainThread     : DEBUG   : child thread log.pubsub.bridge.0000.watch started
2018-03-21 19:05:11,352: log.pubsub.bridge.0000: MainProcess                     : MainThread     : INFO    : child is alive
2018-03-21 19:05:11,352: log.pubsub.bridge.0000: MainProcess                     : MainThread     : DEBUG   : process class started child
2018-03-21 20:51:57,674: log.pubsub.bridge.0000: MainProcess                     : MainThread     : INFO    : parent stops child  12994 -> 13104 [log.pubsub.bridge.0000]
2018-03-21 20:51:57,674: log.pubsub.bridge.0000: MainProcess                     : MainThread     : INFO    : send message: [log.pubsub.bridge.0000] STOP
2018-03-21 20:51:57,674: log.pubsub.bridge.0000: MainProcess                     : MainThread     : DEBUG   : ru_finalize_parent (NOOP)
2018-03-21 20:51:57,674: log.pubsub.bridge.0000: MainProcess                     : MainThread     : INFO    : parent stops child
2018-03-21 20:51:57,674: log.pubsub.bridge.0000: MainProcess                     : MainThread     : DEBUG   : ru_finalize_parent (NOOP)
2018-03-21 20:51:57,675: log.pubsub.bridge.0000: MainProcess                     : MainThread     : DEBUG   : ru_finalize_common (NOOP)
2018-03-21 20:51:57,677: log.pubsub.bridge.0000: MainProcess                     : log.pubsub.bridge.0000.watch: INFO    : watcher closes
2018-03-21 20:51:57,678: log.pubsub.bridge.0000: MainProcess                     : log.pubsub.bridge.0000.watch: INFO    : put message: [log.pubsub.bridge.0000.watch.thread] work finished
2018-03-21 20:51:57,678: log.pubsub.bridge.0000: MainProcess                     : log.pubsub.bridge.0000.watch: DEBUG   : ru_finalize_child (NOOP)
2018-03-21 20:51:57,678: log.pubsub.bridge.0000: MainProcess                     : log.pubsub.bridge.0000.watch: DEBUG   : ru_finalize_common (NOOP)
2018-03-21 20:51:57,678: log.pubsub.bridge.0000: MainProcess                     : log.pubsub.bridge.0000.watch: INFO    : put message: [log.pubsub.bridge.0000.watch.thread] terminating
2018-03-21 20:51:57,729: log.pubsub.bridge.0000: log.pubsub.bridge.0000.child    : log.pubsub.bridge.0000.child.watch: INFO    : recv message: STOP
2018-03-21 20:51:57,729: log.pubsub.bridge.0000: log.pubsub.bridge.0000.child    : log.pubsub.bridge.0000.child.watch: INFO    : message received: STOP
2018-03-21 20:51:57,730: log.pubsub.bridge.0000: log.pubsub.bridge.0000.child    : log.pubsub.bridge.0000.child.watch: INFO    : STOP received: STOP
2018-03-21 20:51:57,730: log.pubsub.bridge.0000: log.pubsub.bridge.0000.child    : log.pubsub.bridge.0000.child.watch: INFO    : watcher closes
2018-03-21 20:51:57,730: log.pubsub.bridge.0000: log.pubsub.bridge.0000.child    : log.pubsub.bridge.0000.child.watch: INFO    : put message: [log.pubsub.bridge.0000.child.watch.thread] work finished
2018-03-21 20:51:57,730: log.pubsub.bridge.0000: log.pubsub.bridge.0000.child    : log.pubsub.bridge.0000.child.watch: DEBUG   : ru_finalize_child (NOOP)
2018-03-21 20:51:57,730: log.pubsub.bridge.0000: log.pubsub.bridge.0000.child    : log.pubsub.bridge.0000.child.watch: DEBUG   : ru_finalize_common (NOOP)
2018-03-21 20:51:57,730: log.pubsub.bridge.0000: log.pubsub.bridge.0000.child    : log.pubsub.bridge.0000.child.watch: INFO    : put message: [log.pubsub.bridge.0000.child.watch.thread] terminating
2018-03-21 20:51:58,625: log.pubsub.bridge.0000: log.pubsub.bridge.0000.child    : MainThread     : DEBUG   : ru_finalize_child (NOOP)
2018-03-21 20:51:58,625: log.pubsub.bridge.0000: log.pubsub.bridge.0000.child    : MainThread     : INFO    : send message: [log.pubsub.bridge.0000.child] terminating
2018-03-21 20:51:58,626: log.pubsub.bridge.0000: log.pubsub.bridge.0000.child    : MainThread     : WARNING : send failed ([Errno 9] Bad file descriptor) - terminate
