2018-03-21 19:05:12,260: state.pubsub.sub.0000: update.0                        : MainThread     : INFO    : python.interpreter   version: 2.7.12 (default, Nov 20 2017, 18:23:56) [GCC 5.4.0 20160609]
2018-03-21 19:05:12,260: state.pubsub.sub.0000: update.0                        : MainThread     : INFO    :                      pid: 13110
2018-03-21 19:05:12,260: state.pubsub.sub.0000: update.0                        : MainThread     : INFO    :                      tid: MainThread
2018-03-21 19:05:12,261: state.pubsub.sub.0000: update.0                        : MainThread     : INFO    : radical.pilot        version: 0.47.1
2018-03-21 19:05:12,261: state.pubsub.sub.0000: update.0                        : MainThread     : INFO    : create state_pubsub - sub - tcp://138.201.86.166:34098
2018-03-21 19:05:12,261: state.pubsub.sub.0000: update.0                        : MainThread     : DEBUG   : start process
2018-03-21 19:05:12,261: state.pubsub.sub.0000: update.0                        : MainThread     : DEBUG   : ru_initialize_common (NOOP)
2018-03-21 19:05:12,261: state.pubsub.sub.0000: update.0                        : MainThread     : DEBUG   : ru_initialize_parent (NOOP)
2018-03-21 19:05:12,261: state.pubsub.sub.0000: update.0                        : MainThread     : DEBUG   : process class started (no child)
2018-03-21 19:05:12,899: state.pubsub.sub.0000: MainProcess                     : MainThread     : INFO    : python.interpreter   version: 2.7.12 (default, Nov 20 2017, 18:23:56) [GCC 5.4.0 20160609]
2018-03-21 19:05:12,900: state.pubsub.sub.0000: MainProcess                     : MainThread     : INFO    :                      pid: 12994
2018-03-21 19:05:12,900: state.pubsub.sub.0000: MainProcess                     : MainThread     : INFO    :                      tid: MainThread
2018-03-21 19:05:12,900: state.pubsub.sub.0000: MainProcess                     : MainThread     : INFO    : radical.pilot        version: 0.47.1
2018-03-21 19:05:12,900: state.pubsub.sub.0000: MainProcess                     : MainThread     : INFO    : create state_pubsub - sub - tcp://138.201.86.166:34098
2018-03-21 19:05:12,900: state.pubsub.sub.0000: MainProcess                     : MainThread     : DEBUG   : start process
2018-03-21 19:05:12,900: state.pubsub.sub.0000: MainProcess                     : MainThread     : DEBUG   : ru_initialize_common (NOOP)
2018-03-21 19:05:12,900: state.pubsub.sub.0000: MainProcess                     : MainThread     : DEBUG   : ru_initialize_parent (NOOP)
2018-03-21 19:05:12,900: state.pubsub.sub.0000: MainProcess                     : MainThread     : DEBUG   : process class started (no child)
2018-03-21 20:51:55,395: state.pubsub.sub.0000: MainProcess                     : MainThread     : INFO    : parent stops child  12994 -> None [state.pubsub.sub.0000]
2018-03-21 20:51:55,395: state.pubsub.sub.0000: MainProcess                     : MainThread     : DEBUG   : ru_finalize_parent (NOOP)
2018-03-21 20:51:55,667: state.pubsub.sub.0000: update.0                        : MainThread     : INFO    : parent stops child  13110 -> None [state.pubsub.sub.0000]
2018-03-21 20:51:55,667: state.pubsub.sub.0000: update.0                        : MainThread     : DEBUG   : ru_finalize_parent (NOOP)
