2018-01-31 20:56:49,694: umgr.staging.input.queue.bridge.0000: task-manager                    : MainThread     : INFO    : python.interpreter   version: 2.7.6 (default, Jun 22 2015, 17:58:13) [GCC 4.8.2]
2018-01-31 20:56:49,694: umgr.staging.input.queue.bridge.0000: task-manager                    : MainThread     : INFO    :                      pid: 15495
2018-01-31 20:56:49,694: umgr.staging.input.queue.bridge.0000: task-manager                    : MainThread     : INFO    :                      tid: MainThread
2018-01-31 20:56:49,694: umgr.staging.input.queue.bridge.0000: task-manager                    : MainThread     : INFO    : radical.pilot        version: 0.47.1
2018-01-31 20:56:49,694: umgr.staging.input.queue.bridge.0000: task-manager                    : MainThread     : INFO    : create umgr_staging_input_queue - bridge - tcp://*:*
2018-01-31 20:56:49,695: umgr.staging.input.queue.bridge.0000: task-manager                    : MainThread     : DEBUG   : start process
2018-01-31 20:56:49,708: umgr.staging.input.queue.bridge.0000: umgr.staging.input.queue.bridge.0000: MainThread     : DEBUG   : ru_initialize_common (NOOP)
2018-01-31 20:56:49,712: umgr.staging.input.queue.bridge.0000: umgr.staging.input.queue.bridge.0000.child: MainThread     : INFO    : child (me) initializing
2018-01-31 20:56:49,712: umgr.staging.input.queue.bridge.0000: umgr.staging.input.queue.bridge.0000.child: MainThread     : DEBUG   : parent name: umgr.staging.input.queue.bridge.0000.child.watch
2018-01-31 20:56:49,712: umgr.staging.input.queue.bridge.0000: umgr.staging.input.queue.bridge.0000.child: MainThread     : DEBUG   : start thread
2018-01-31 20:56:49,712: umgr.staging.input.queue.bridge.0000: umgr.staging.input.queue.bridge.0000.child: umgr.staging.input.queue.bridge.0000.child.watch: DEBUG   : child name: umgr.staging.input.queue.bridge.0000.child.watch.thread
2018-01-31 20:56:49,713: umgr.staging.input.queue.bridge.0000: umgr.staging.input.queue.bridge.0000.child: umgr.staging.input.queue.bridge.0000.child.watch: INFO    : child (me) initializing
2018-01-31 20:56:49,713: umgr.staging.input.queue.bridge.0000: umgr.staging.input.queue.bridge.0000.child: umgr.staging.input.queue.bridge.0000.child.watch: DEBUG   : ru_initialize_common (NOOP)
2018-01-31 20:56:49,713: umgr.staging.input.queue.bridge.0000: umgr.staging.input.queue.bridge.0000.child: umgr.staging.input.queue.bridge.0000.child.watch: DEBUG   : ru_initialize_child (NOOP)
2018-01-31 20:56:49,714: umgr.staging.input.queue.bridge.0000: umgr.staging.input.queue.bridge.0000.child: umgr.staging.input.queue.bridge.0000.child.watch: INFO    : send alive
2018-01-31 20:56:49,714: umgr.staging.input.queue.bridge.0000: umgr.staging.input.queue.bridge.0000.child: umgr.staging.input.queue.bridge.0000.child.watch: INFO    : put message: [umgr.staging.input.queue.bridge.0000.child.watch.thread] alive
2018-01-31 20:56:49,716: umgr.staging.input.queue.bridge.0000: umgr.staging.input.queue.bridge.0000.child: MainThread     : INFO    : get msg: alive
2018-01-31 20:56:49,716: umgr.staging.input.queue.bridge.0000: umgr.staging.input.queue.bridge.0000.child: MainThread     : DEBUG   : ru_initialize_common (NOOP)
2018-01-31 20:56:49,716: umgr.staging.input.queue.bridge.0000: umgr.staging.input.queue.bridge.0000.child: MainThread     : DEBUG   : ru_initialize_parent (NOOP)
2018-01-31 20:56:49,716: umgr.staging.input.queue.bridge.0000: umgr.staging.input.queue.bridge.0000.child: MainThread     : DEBUG   : child thread umgr.staging.input.queue.bridge.0000.child.watch started
2018-01-31 20:56:49,716: umgr.staging.input.queue.bridge.0000: umgr.staging.input.queue.bridge.0000.child: MainThread     : INFO    : child (me) is alive
2018-01-31 20:56:49,716: umgr.staging.input.queue.bridge.0000: umgr.staging.input.queue.bridge.0000.child: MainThread     : INFO    : send alive
2018-01-31 20:56:49,716: umgr.staging.input.queue.bridge.0000: umgr.staging.input.queue.bridge.0000.child: MainThread     : INFO    : send message: [umgr.staging.input.queue.bridge.0000.child] alive
2018-01-31 20:56:49,717: umgr.staging.input.queue.bridge.0000: task-manager                    : MainThread     : INFO    : recv message: alive
2018-01-31 20:56:49,717: umgr.staging.input.queue.bridge.0000: task-manager                    : MainThread     : DEBUG   : ru_initialize_common (NOOP)
2018-01-31 20:56:49,717: umgr.staging.input.queue.bridge.0000: task-manager                    : MainThread     : DEBUG   : ru_initialize_parent (NOOP)
2018-01-31 20:56:49,717: umgr.staging.input.queue.bridge.0000: task-manager                    : MainThread     : DEBUG   : parent name: umgr.staging.input.queue.bridge.0000.watch
2018-01-31 20:56:49,717: umgr.staging.input.queue.bridge.0000: task-manager                    : MainThread     : DEBUG   : start thread
2018-01-31 20:56:49,717: umgr.staging.input.queue.bridge.0000: task-manager                    : umgr.staging.input.queue.bridge.0000.watch: DEBUG   : child name: umgr.staging.input.queue.bridge.0000.watch.thread
2018-01-31 20:56:49,717: umgr.staging.input.queue.bridge.0000: task-manager                    : umgr.staging.input.queue.bridge.0000.watch: INFO    : child (me) initializing
2018-01-31 20:56:49,717: umgr.staging.input.queue.bridge.0000: task-manager                    : umgr.staging.input.queue.bridge.0000.watch: DEBUG   : ru_initialize_common (NOOP)
2018-01-31 20:56:49,718: umgr.staging.input.queue.bridge.0000: task-manager                    : umgr.staging.input.queue.bridge.0000.watch: DEBUG   : ru_initialize_child (NOOP)
2018-01-31 20:56:49,718: umgr.staging.input.queue.bridge.0000: task-manager                    : umgr.staging.input.queue.bridge.0000.watch: INFO    : send alive
2018-01-31 20:56:49,718: umgr.staging.input.queue.bridge.0000: task-manager                    : umgr.staging.input.queue.bridge.0000.watch: INFO    : put message: [umgr.staging.input.queue.bridge.0000.watch.thread] alive
2018-01-31 20:56:49,719: umgr.staging.input.queue.bridge.0000: task-manager                    : MainThread     : INFO    : get msg: alive
2018-01-31 20:56:49,719: umgr.staging.input.queue.bridge.0000: task-manager                    : MainThread     : DEBUG   : ru_initialize_common (NOOP)
2018-01-31 20:56:49,719: umgr.staging.input.queue.bridge.0000: task-manager                    : MainThread     : DEBUG   : ru_initialize_parent (NOOP)
2018-01-31 20:56:49,719: umgr.staging.input.queue.bridge.0000: task-manager                    : MainThread     : DEBUG   : child thread umgr.staging.input.queue.bridge.0000.watch started
2018-01-31 20:56:49,719: umgr.staging.input.queue.bridge.0000: task-manager                    : MainThread     : INFO    : child is alive
2018-01-31 20:56:49,719: umgr.staging.input.queue.bridge.0000: task-manager                    : MainThread     : DEBUG   : process class started child
2018-01-31 21:14:30,245: umgr.staging.input.queue.bridge.0000: umgr.staging.input.queue.bridge.0000.child: umgr.staging.input.queue.bridge.0000.child.watch: INFO    : recv message: 
2018-01-31 21:14:30,246: umgr.staging.input.queue.bridge.0000: umgr.staging.input.queue.bridge.0000.child: umgr.staging.input.queue.bridge.0000.child.watch: INFO    : message received: 
2018-01-31 21:14:30,246: umgr.staging.input.queue.bridge.0000: umgr.staging.input.queue.bridge.0000.child: umgr.staging.input.queue.bridge.0000.child.watch: WARNING : received empty string, parent closed ep
2018-01-31 21:14:30,246: umgr.staging.input.queue.bridge.0000: umgr.staging.input.queue.bridge.0000.child: umgr.staging.input.queue.bridge.0000.child.watch: INFO    : watcher closes
2018-01-31 21:14:30,246: umgr.staging.input.queue.bridge.0000: umgr.staging.input.queue.bridge.0000.child: umgr.staging.input.queue.bridge.0000.child.watch: INFO    : put message: [umgr.staging.input.queue.bridge.0000.child.watch.thread] work finished
2018-01-31 21:14:30,246: umgr.staging.input.queue.bridge.0000: umgr.staging.input.queue.bridge.0000.child: umgr.staging.input.queue.bridge.0000.child.watch: DEBUG   : ru_finalize_child (NOOP)
2018-01-31 21:14:30,246: umgr.staging.input.queue.bridge.0000: umgr.staging.input.queue.bridge.0000.child: umgr.staging.input.queue.bridge.0000.child.watch: DEBUG   : ru_finalize_common (NOOP)
2018-01-31 21:14:30,246: umgr.staging.input.queue.bridge.0000: umgr.staging.input.queue.bridge.0000.child: umgr.staging.input.queue.bridge.0000.child.watch: INFO    : put message: [umgr.staging.input.queue.bridge.0000.child.watch.thread] terminating
2018-01-31 21:14:31,134: umgr.staging.input.queue.bridge.0000: umgr.staging.input.queue.bridge.0000.child: MainThread     : INFO    : send message: [umgr.staging.input.queue.bridge.0000.child] work finished
2018-01-31 21:14:31,134: umgr.staging.input.queue.bridge.0000: umgr.staging.input.queue.bridge.0000.child: MainThread     : WARNING : send failed ([Errno 9] Bad file descriptor) - terminate
2018-01-31 21:14:31,134: umgr.staging.input.queue.bridge.0000: umgr.staging.input.queue.bridge.0000.child: MainThread     : DEBUG   : ru_finalize_child (NOOP)
2018-01-31 21:14:31,134: umgr.staging.input.queue.bridge.0000: umgr.staging.input.queue.bridge.0000.child: MainThread     : INFO    : send message: [umgr.staging.input.queue.bridge.0000.child] terminating
2018-01-31 21:14:31,134: umgr.staging.input.queue.bridge.0000: umgr.staging.input.queue.bridge.0000.child: MainThread     : WARNING : send failed ([Errno 9] Bad file descriptor) - terminate
