2018-01-31 20:56:02,754: update.0.child      : update.0                        : MainThread     : INFO    : python.interpreter   version: 2.7.6 (default, Jun 22 2015, 17:58:13) [GCC 4.8.2]
2018-01-31 20:56:02,754: update.0.child      : update.0                        : MainThread     : INFO    :                      pid: 15084
2018-01-31 20:56:02,754: update.0.child      : update.0                        : MainThread     : INFO    :                      tid: MainThread
2018-01-31 20:56:02,755: update.0.child      : update.0                        : MainThread     : INFO    : radical.pilot        version: 0.47.1
2018-01-31 20:56:03,250: update.0.child      : update.0                        : MainThread     : INFO    : initialize update.0.child
2018-01-31 20:56:03,253: update.0.child      : update.0                        : MainThread     : INFO    : cfg: {'agents': {},
 u'bridges': {u'control_pubsub': {'addr_in': 'tcp://172.29.241.4:38858',
                                  'addr_out': 'tcp://172.29.241.4:60850',
                                  u'bulk_size': 0,
                                  u'log_level': u'debug',
                                  u'stall_hwm': 1},
              u'log_pubsub': {'addr_in': 'tcp://172.29.241.4:57094',
                              'addr_out': 'tcp://172.29.241.4:46916',
                              u'bulk_size': 0,
                              u'log_level': u'debug',
                              u'stall_hwm': 1},
              u'state_pubsub': {'addr_in': 'tcp://172.29.241.4:45209',
                                'addr_out': 'tcp://172.29.241.4:43938',
                                u'bulk_size': 0,
                                u'log_level': u'debug',
                                u'stall_hwm': 1}},
 'cname': u'UpdateWorker',
 u'components': {},
 u'count': 1,
 'dburl': 'mongodb://entk:entk@ds125126.mlab.com:25126/adbms-1',
 'debug': 'DEBUG',
 u'default_dburl': u'mongodb://rp:rp@ds015335.mlab.com:15335/rp',
 'logdir': '/home/vivek91/repos/adaptive-bms-experiments/task-count-adap/bin/rp.session.js-169-212.jetstream-cloud.org.vivek91.017563.0003',
 'number': 0,
 'owner': 'rp.session.js-169-212.jetstream-cloud.org.vivek91.017563.0003',
 'session_id': 'rp.session.js-169-212.jetstream-cloud.org.vivek91.017563.0003'}
2018-01-31 20:56:03,253: update.0.child      : update.0                        : MainThread     : DEBUG   : start components: {}
2018-01-31 20:56:03,253: update.0.child      : update.0                        : MainThread     : DEBUG   : alive check in term
2018-01-31 20:56:03,253: update.0.child      : update.0                        : MainThread     : DEBUG   : START: update.0.child register publisher log_pubsub
2018-01-31 20:56:03,253: update.0.child      : update.0                        : MainThread     : DEBUG   : using addr tcp://172.29.241.4:57094 for pubsub log_pubsub
2018-01-31 20:56:03,258: update.0.child      : update.0                        : MainThread     : DEBUG   : registered publisher : log_pubsub : log.pubsub.pub.0000
2018-01-31 20:56:03,258: update.0.child      : update.0                        : MainThread     : DEBUG   : alive check in term
2018-01-31 20:56:03,258: update.0.child      : update.0                        : MainThread     : DEBUG   : START: update.0.child register publisher state_pubsub
2018-01-31 20:56:03,258: update.0.child      : update.0                        : MainThread     : DEBUG   : using addr tcp://172.29.241.4:45209 for pubsub state_pubsub
2018-01-31 20:56:03,261: update.0.child      : update.0                        : MainThread     : DEBUG   : registered publisher : state_pubsub : state.pubsub.pub.0000
2018-01-31 20:56:03,261: update.0.child      : update.0                        : MainThread     : DEBUG   : alive check in term
2018-01-31 20:56:03,261: update.0.child      : update.0                        : MainThread     : DEBUG   : START: update.0.child register publisher control_pubsub
2018-01-31 20:56:03,262: update.0.child      : update.0                        : MainThread     : DEBUG   : using addr tcp://172.29.241.4:38858 for pubsub control_pubsub
2018-01-31 20:56:03,264: update.0.child      : update.0                        : MainThread     : DEBUG   : registered publisher : control_pubsub : control.pubsub.pub.0000
2018-01-31 20:56:03,265: update.0.child      : update.0                        : MainThread     : DEBUG   : alive check in term
2018-01-31 20:56:03,265: update.0.child      : update.0                        : MainThread     : DEBUG   : START: update.0.child register subscriber update.0.child.subscriber._cancel_monitor_cb
2018-01-31 20:56:03,265: update.0.child      : update.0                        : MainThread     : DEBUG   : using addr tcp://172.29.241.4:60850 for pubsub control_pubsub
2018-01-31 20:56:03,273: update.0.child      : update.0                        : MainThread     : DEBUG   : parent name: update.0.child.subscriber._cancel_monitor_cb
2018-01-31 20:56:03,274: update.0.child      : update.0                        : MainThread     : DEBUG   : start thread
2018-01-31 20:56:03,274: update.0.child      : update.0                        : update.0.child.subscriber._cancel_monitor_cb: DEBUG   : child name: update.0.child.subscriber._cancel_monitor_cb.thread
2018-01-31 20:56:03,274: update.0.child      : update.0                        : update.0.child.subscriber._cancel_monitor_cb: INFO    : child (me) initializing
2018-01-31 20:56:03,274: update.0.child      : update.0                        : update.0.child.subscriber._cancel_monitor_cb: DEBUG   : ru_initialize_common (NOOP)
2018-01-31 20:56:03,274: update.0.child      : update.0                        : update.0.child.subscriber._cancel_monitor_cb: DEBUG   : ru_initialize_child (NOOP)
2018-01-31 20:56:03,274: update.0.child      : update.0                        : update.0.child.subscriber._cancel_monitor_cb: INFO    : send alive
2018-01-31 20:56:03,274: update.0.child      : update.0                        : update.0.child.subscriber._cancel_monitor_cb: INFO    : put message: [update.0.child.subscriber._cancel_monitor_cb.thread] alive
2018-01-31 20:56:03,275: update.0.child      : update.0                        : MainThread     : INFO    : get msg: alive
2018-01-31 20:56:03,276: update.0.child      : update.0                        : MainThread     : DEBUG   : ru_initialize_common (NOOP)
2018-01-31 20:56:03,276: update.0.child      : update.0                        : MainThread     : DEBUG   : ru_initialize_parent (NOOP)
2018-01-31 20:56:03,276: update.0.child      : update.0                        : MainThread     : DEBUG   : child thread update.0.child.subscriber._cancel_monitor_cb started
2018-01-31 20:56:03,276: update.0.child      : update.0                        : MainThread     : DEBUG   : update.0.child registered control_pubsub subscriber update.0.child.subscriber._cancel_monitor_cb
2018-01-31 20:56:03,527: update.0.child      : update.0                        : MainThread     : DEBUG   : alive check in term
2018-01-31 20:56:03,528: update.0.child      : update.0                        : MainThread     : DEBUG   : START: update.0.child register subscriber update.0.child.subscriber._state_cb
2018-01-31 20:56:03,528: update.0.child      : update.0                        : MainThread     : DEBUG   : using addr tcp://172.29.241.4:43938 for pubsub state_pubsub
2018-01-31 20:56:03,529: update.0.child      : update.0                        : MainThread     : DEBUG   : parent name: update.0.child.subscriber._state_cb
2018-01-31 20:56:03,529: update.0.child      : update.0                        : MainThread     : DEBUG   : start thread
2018-01-31 20:56:03,530: update.0.child      : update.0                        : update.0.child.subscriber._state_cb: DEBUG   : child name: update.0.child.subscriber._state_cb.thread
2018-01-31 20:56:03,530: update.0.child      : update.0                        : update.0.child.subscriber._state_cb: INFO    : child (me) initializing
2018-01-31 20:56:03,530: update.0.child      : update.0                        : update.0.child.subscriber._state_cb: DEBUG   : ru_initialize_common (NOOP)
2018-01-31 20:56:03,530: update.0.child      : update.0                        : update.0.child.subscriber._state_cb: DEBUG   : ru_initialize_child (NOOP)
2018-01-31 20:56:03,530: update.0.child      : update.0                        : update.0.child.subscriber._state_cb: INFO    : send alive
2018-01-31 20:56:03,530: update.0.child      : update.0                        : update.0.child.subscriber._state_cb: INFO    : put message: [update.0.child.subscriber._state_cb.thread] alive
2018-01-31 20:56:03,531: update.0.child      : update.0                        : MainThread     : INFO    : get msg: alive
2018-01-31 20:56:03,531: update.0.child      : update.0                        : MainThread     : DEBUG   : ru_initialize_common (NOOP)
2018-01-31 20:56:03,531: update.0.child      : update.0                        : MainThread     : DEBUG   : ru_initialize_parent (NOOP)
2018-01-31 20:56:03,531: update.0.child      : update.0                        : MainThread     : DEBUG   : child thread update.0.child.subscriber._state_cb started
2018-01-31 20:56:03,531: update.0.child      : update.0                        : MainThread     : DEBUG   : update.0.child registered state_pubsub subscriber update.0.child.subscriber._state_cb
2018-01-31 20:56:03,531: update.0.child      : update.0                        : MainThread     : DEBUG   : alive check in term
2018-01-31 20:56:03,532: update.0.child      : update.0                        : MainThread     : DEBUG   : START: update.0.child register idler update.0.child.idler._idle_cb
2018-01-31 20:56:03,532: update.0.child      : update.0                        : MainThread     : DEBUG   : parent name: update.0.child.idler._idle_cb
2018-01-31 20:56:03,532: update.0.child      : update.0                        : MainThread     : DEBUG   : start thread
2018-01-31 20:56:03,532: update.0.child      : update.0                        : update.0.child.idler._idle_cb: DEBUG   : child name: update.0.child.idler._idle_cb.thread
2018-01-31 20:56:03,532: update.0.child      : update.0                        : update.0.child.idler._idle_cb: INFO    : child (me) initializing
2018-01-31 20:56:03,532: update.0.child      : update.0                        : update.0.child.idler._idle_cb: DEBUG   : ru_initialize_common (NOOP)
2018-01-31 20:56:03,532: update.0.child      : update.0                        : update.0.child.idler._idle_cb: DEBUG   : ru_initialize_child (NOOP)
2018-01-31 20:56:03,532: update.0.child      : update.0                        : update.0.child.idler._idle_cb: INFO    : send alive
2018-01-31 20:56:03,532: update.0.child      : update.0                        : update.0.child.idler._idle_cb: INFO    : put message: [update.0.child.idler._idle_cb.thread] alive
2018-01-31 20:56:03,533: update.0.child      : update.0                        : MainThread     : INFO    : get msg: alive
2018-01-31 20:56:03,534: update.0.child      : update.0                        : MainThread     : DEBUG   : ru_initialize_common (NOOP)
2018-01-31 20:56:03,534: update.0.child      : update.0                        : MainThread     : DEBUG   : ru_initialize_parent (NOOP)
2018-01-31 20:56:03,534: update.0.child      : update.0                        : MainThread     : DEBUG   : child thread update.0.child.idler._idle_cb started
2018-01-31 20:56:03,534: update.0.child      : update.0                        : MainThread     : DEBUG   : update.0.child registered idler update.0.child.idler._idle_cb
2018-01-31 20:56:03,534: update.0.child      : update.0                        : MainThread     : INFO    : child (me) initializing
2018-01-31 20:56:03,534: update.0.child      : update.0                        : MainThread     : DEBUG   : parent name: update.0.child.watch
2018-01-31 20:56:03,534: update.0.child      : update.0                        : MainThread     : DEBUG   : start thread
2018-01-31 20:56:03,535: update.0.child      : update.0                        : update.0.child.watch: DEBUG   : child name: update.0.child.watch.thread
2018-01-31 20:56:03,535: update.0.child      : update.0                        : update.0.child.watch: INFO    : child (me) initializing
2018-01-31 20:56:03,535: update.0.child      : update.0                        : update.0.child.watch: DEBUG   : ru_initialize_common (NOOP)
2018-01-31 20:56:03,535: update.0.child      : update.0                        : update.0.child.watch: DEBUG   : ru_initialize_child (NOOP)
2018-01-31 20:56:03,535: update.0.child      : update.0                        : update.0.child.watch: INFO    : send alive
2018-01-31 20:56:03,535: update.0.child      : update.0                        : update.0.child.watch: INFO    : put message: [update.0.child.watch.thread] alive
2018-01-31 20:56:03,536: update.0.child      : update.0                        : MainThread     : INFO    : get msg: alive
2018-01-31 20:56:03,536: update.0.child      : update.0                        : MainThread     : DEBUG   : ru_initialize_common (NOOP)
2018-01-31 20:56:03,536: update.0.child      : update.0                        : MainThread     : DEBUG   : ru_initialize_parent (NOOP)
2018-01-31 20:56:03,536: update.0.child      : update.0                        : MainThread     : DEBUG   : child thread update.0.child.watch started
2018-01-31 20:56:03,536: update.0.child      : update.0                        : MainThread     : INFO    : child (me) is alive
2018-01-31 20:56:03,536: update.0.child      : update.0                        : MainThread     : INFO    : send alive
2018-01-31 20:56:03,537: update.0.child      : update.0                        : MainThread     : INFO    : send message: [update.0.child] alive
2018-01-31 20:56:08,931: update.0.child      : update.0                        : update.0.child.subscriber._state_cb: DEBUG   : bulk update result: {'nModified': 1, 'nUpserted': 0, 'nMatched': 1, 'writeErrors': [], 'upserted': [], 'writeConcernErrors': [], 'nRemoved': 0, 'nInserted': 0}
2018-01-31 20:56:08,931: update.0.child      : update.0                        : update.0.child.subscriber._cancel_monitor_cb: DEBUG   : command ignored: pilot_staging_input_request
2018-01-31 20:56:10,571: update.0.child      : update.0                        : update.0.child.idler._idle_cb: DEBUG   : bulk update result: {'nModified': 1, 'nUpserted': 0, 'nMatched': 1, 'writeErrors': [], 'upserted': [], 'writeConcernErrors': [], 'nRemoved': 0, 'nInserted': 0}
2018-01-31 20:56:20,916: update.0.child      : update.0                        : update.0.child.subscriber._state_cb: DEBUG   : bulk update result: {'nModified': 1, 'nUpserted': 0, 'nMatched': 1, 'writeErrors': [], 'upserted': [], 'writeConcernErrors': [], 'nRemoved': 0, 'nInserted': 0}
2018-01-31 20:56:20,916: update.0.child      : update.0                        : update.0.child.subscriber._cancel_monitor_cb: DEBUG   : command ignored: pilot_staging_input_result
2018-01-31 20:56:49,266: update.0.child      : update.0                        : update.0.child.subscriber._state_cb: DEBUG   : bulk update result: {'nModified': 1, 'nUpserted': 0, 'nMatched': 1, 'writeErrors': [], 'upserted': [], 'writeConcernErrors': [], 'nRemoved': 0, 'nInserted': 0}
2018-01-31 20:56:52,820: update.0.child      : update.0                        : update.0.child.subscriber._cancel_monitor_cb: DEBUG   : command ignored: add_pilots
2018-01-31 20:56:52,888: update.0.child      : update.0                        : update.0.child.subscriber._state_cb: DEBUG   : bulk update result: {'nModified': 1, 'nUpserted': 0, 'nMatched': 1, 'writeErrors': [], 'upserted': [], 'writeConcernErrors': [], 'nRemoved': 0, 'nInserted': 0}
2018-01-31 20:56:54,727: update.0.child      : update.0                        : update.0.child.idler._idle_cb: DEBUG   : bulk update result: {'nModified': 4, 'nUpserted': 0, 'nMatched': 4, 'writeErrors': [], 'upserted': [], 'writeConcernErrors': [], 'nRemoved': 0, 'nInserted': 0}
2018-01-31 20:57:58,646: update.0.child      : update.0                        : update.0.child.subscriber._state_cb: DEBUG   : bulk update result: {'nModified': 1, 'nUpserted': 0, 'nMatched': 1, 'writeErrors': [], 'upserted': [], 'writeConcernErrors': [], 'nRemoved': 0, 'nInserted': 0}
2018-01-31 20:57:59,854: update.0.child      : update.0                        : update.0.child.idler._idle_cb: DEBUG   : bulk update result: {'nModified': 7, 'nUpserted': 0, 'nMatched': 7, 'writeErrors': [], 'upserted': [], 'writeConcernErrors': [], 'nRemoved': 0, 'nInserted': 0}
2018-01-31 20:59:03,544: update.0.child      : update.0                        : update.0.child.subscriber._state_cb: DEBUG   : bulk update result: {'nModified': 1, 'nUpserted': 0, 'nMatched': 1, 'writeErrors': [], 'upserted': [], 'writeConcernErrors': [], 'nRemoved': 0, 'nInserted': 0}
2018-01-31 20:59:05,083: update.0.child      : update.0                        : update.0.child.idler._idle_cb: DEBUG   : bulk update result: {'nModified': 7, 'nUpserted': 0, 'nMatched': 7, 'writeErrors': [], 'upserted': [], 'writeConcernErrors': [], 'nRemoved': 0, 'nInserted': 0}
2018-01-31 21:00:08,318: update.0.child      : update.0                        : update.0.child.subscriber._state_cb: DEBUG   : bulk update result: {'nModified': 1, 'nUpserted': 0, 'nMatched': 1, 'writeErrors': [], 'upserted': [], 'writeConcernErrors': [], 'nRemoved': 0, 'nInserted': 0}
2018-01-31 21:00:10,192: update.0.child      : update.0                        : update.0.child.idler._idle_cb: DEBUG   : bulk update result: {'nModified': 7, 'nUpserted': 0, 'nMatched': 7, 'writeErrors': [], 'upserted': [], 'writeConcernErrors': [], 'nRemoved': 0, 'nInserted': 0}
2018-01-31 21:01:14,625: update.0.child      : update.0                        : update.0.child.subscriber._state_cb: DEBUG   : bulk update result: {'nModified': 1, 'nUpserted': 0, 'nMatched': 1, 'writeErrors': [], 'upserted': [], 'writeConcernErrors': [], 'nRemoved': 0, 'nInserted': 0}
2018-01-31 21:01:15,703: update.0.child      : update.0                        : update.0.child.idler._idle_cb: DEBUG   : bulk update result: {'nModified': 7, 'nUpserted': 0, 'nMatched': 7, 'writeErrors': [], 'upserted': [], 'writeConcernErrors': [], 'nRemoved': 0, 'nInserted': 0}
2018-01-31 21:02:18,397: update.0.child      : update.0                        : update.0.child.subscriber._state_cb: DEBUG   : bulk update result: {'nModified': 1, 'nUpserted': 0, 'nMatched': 1, 'writeErrors': [], 'upserted': [], 'writeConcernErrors': [], 'nRemoved': 0, 'nInserted': 0}
2018-01-31 21:02:19,813: update.0.child      : update.0                        : update.0.child.idler._idle_cb: DEBUG   : bulk update result: {'nModified': 7, 'nUpserted': 0, 'nMatched': 7, 'writeErrors': [], 'upserted': [], 'writeConcernErrors': [], 'nRemoved': 0, 'nInserted': 0}
2018-01-31 21:03:23,229: update.0.child      : update.0                        : update.0.child.subscriber._state_cb: DEBUG   : bulk update result: {'nModified': 1, 'nUpserted': 0, 'nMatched': 1, 'writeErrors': [], 'upserted': [], 'writeConcernErrors': [], 'nRemoved': 0, 'nInserted': 0}
2018-01-31 21:03:24,938: update.0.child      : update.0                        : update.0.child.idler._idle_cb: DEBUG   : bulk update result: {'nModified': 7, 'nUpserted': 0, 'nMatched': 7, 'writeErrors': [], 'upserted': [], 'writeConcernErrors': [], 'nRemoved': 0, 'nInserted': 0}
2018-01-31 21:04:28,522: update.0.child      : update.0                        : update.0.child.subscriber._state_cb: DEBUG   : bulk update result: {'nModified': 1, 'nUpserted': 0, 'nMatched': 1, 'writeErrors': [], 'upserted': [], 'writeConcernErrors': [], 'nRemoved': 0, 'nInserted': 0}
2018-01-31 21:04:30,049: update.0.child      : update.0                        : update.0.child.idler._idle_cb: DEBUG   : bulk update result: {'nModified': 7, 'nUpserted': 0, 'nMatched': 7, 'writeErrors': [], 'upserted': [], 'writeConcernErrors': [], 'nRemoved': 0, 'nInserted': 0}
2018-01-31 21:05:32,795: update.0.child      : update.0                        : update.0.child.subscriber._state_cb: DEBUG   : bulk update result: {'nModified': 1, 'nUpserted': 0, 'nMatched': 1, 'writeErrors': [], 'upserted': [], 'writeConcernErrors': [], 'nRemoved': 0, 'nInserted': 0}
2018-01-31 21:05:34,165: update.0.child      : update.0                        : update.0.child.idler._idle_cb: DEBUG   : bulk update result: {'nModified': 7, 'nUpserted': 0, 'nMatched': 7, 'writeErrors': [], 'upserted': [], 'writeConcernErrors': [], 'nRemoved': 0, 'nInserted': 0}
2018-01-31 21:06:38,100: update.0.child      : update.0                        : update.0.child.subscriber._state_cb: DEBUG   : bulk update result: {'nModified': 1, 'nUpserted': 0, 'nMatched': 1, 'writeErrors': [], 'upserted': [], 'writeConcernErrors': [], 'nRemoved': 0, 'nInserted': 0}
2018-01-31 21:06:39,274: update.0.child      : update.0                        : update.0.child.idler._idle_cb: DEBUG   : bulk update result: {'nModified': 7, 'nUpserted': 0, 'nMatched': 7, 'writeErrors': [], 'upserted': [], 'writeConcernErrors': [], 'nRemoved': 0, 'nInserted': 0}
2018-01-31 21:07:43,420: update.0.child      : update.0                        : update.0.child.subscriber._state_cb: DEBUG   : bulk update result: {'nModified': 1, 'nUpserted': 0, 'nMatched': 1, 'writeErrors': [], 'upserted': [], 'writeConcernErrors': [], 'nRemoved': 0, 'nInserted': 0}
2018-01-31 21:07:45,398: update.0.child      : update.0                        : update.0.child.idler._idle_cb: DEBUG   : bulk update result: {'nModified': 7, 'nUpserted': 0, 'nMatched': 7, 'writeErrors': [], 'upserted': [], 'writeConcernErrors': [], 'nRemoved': 0, 'nInserted': 0}
2018-01-31 21:08:49,866: update.0.child      : update.0                        : update.0.child.subscriber._state_cb: DEBUG   : bulk update result: {'nModified': 1, 'nUpserted': 0, 'nMatched': 1, 'writeErrors': [], 'upserted': [], 'writeConcernErrors': [], 'nRemoved': 0, 'nInserted': 0}
2018-01-31 21:08:51,610: update.0.child      : update.0                        : update.0.child.idler._idle_cb: DEBUG   : bulk update result: {'nModified': 7, 'nUpserted': 0, 'nMatched': 7, 'writeErrors': [], 'upserted': [], 'writeConcernErrors': [], 'nRemoved': 0, 'nInserted': 0}
2018-01-31 21:09:55,174: update.0.child      : update.0                        : update.0.child.subscriber._state_cb: DEBUG   : bulk update result: {'nModified': 1, 'nUpserted': 0, 'nMatched': 1, 'writeErrors': [], 'upserted': [], 'writeConcernErrors': [], 'nRemoved': 0, 'nInserted': 0}
2018-01-31 21:09:56,726: update.0.child      : update.0                        : update.0.child.idler._idle_cb: DEBUG   : bulk update result: {'nModified': 7, 'nUpserted': 0, 'nMatched': 7, 'writeErrors': [], 'upserted': [], 'writeConcernErrors': [], 'nRemoved': 0, 'nInserted': 0}
2018-01-31 21:10:59,467: update.0.child      : update.0                        : update.0.child.subscriber._state_cb: DEBUG   : bulk update result: {'nModified': 1, 'nUpserted': 0, 'nMatched': 1, 'writeErrors': [], 'upserted': [], 'writeConcernErrors': [], 'nRemoved': 0, 'nInserted': 0}
2018-01-31 21:11:00,858: update.0.child      : update.0                        : update.0.child.idler._idle_cb: DEBUG   : bulk update result: {'nModified': 7, 'nUpserted': 0, 'nMatched': 7, 'writeErrors': [], 'upserted': [], 'writeConcernErrors': [], 'nRemoved': 0, 'nInserted': 0}
2018-01-31 21:12:03,717: update.0.child      : update.0                        : update.0.child.subscriber._state_cb: DEBUG   : bulk update result: {'nModified': 1, 'nUpserted': 0, 'nMatched': 1, 'writeErrors': [], 'upserted': [], 'writeConcernErrors': [], 'nRemoved': 0, 'nInserted': 0}
2018-01-31 21:12:04,975: update.0.child      : update.0                        : update.0.child.idler._idle_cb: DEBUG   : bulk update result: {'nModified': 7, 'nUpserted': 0, 'nMatched': 7, 'writeErrors': [], 'upserted': [], 'writeConcernErrors': [], 'nRemoved': 0, 'nInserted': 0}
2018-01-31 21:13:07,963: update.0.child      : update.0                        : update.0.child.subscriber._state_cb: DEBUG   : bulk update result: {'nModified': 1, 'nUpserted': 0, 'nMatched': 1, 'writeErrors': [], 'upserted': [], 'writeConcernErrors': [], 'nRemoved': 0, 'nInserted': 0}
2018-01-31 21:13:09,083: update.0.child      : update.0                        : update.0.child.idler._idle_cb: DEBUG   : bulk update result: {'nModified': 7, 'nUpserted': 0, 'nMatched': 7, 'writeErrors': [], 'upserted': [], 'writeConcernErrors': [], 'nRemoved': 0, 'nInserted': 0}
2018-01-31 21:14:12,248: update.0.child      : update.0                        : update.0.child.subscriber._state_cb: DEBUG   : bulk update result: {'nModified': 1, 'nUpserted': 0, 'nMatched': 1, 'writeErrors': [], 'upserted': [], 'writeConcernErrors': [], 'nRemoved': 0, 'nInserted': 0}
2018-01-31 21:14:14,210: update.0.child      : update.0                        : update.0.child.idler._idle_cb: DEBUG   : bulk update result: {'nModified': 2, 'nUpserted': 0, 'nMatched': 2, 'writeErrors': [], 'upserted': [], 'writeConcernErrors': [], 'nRemoved': 0, 'nInserted': 0}
2018-01-31 21:14:30,867: update.0.child      : update.0                        : update.0.child.subscriber._cancel_monitor_cb: DEBUG   : command ignored: cancel_pilots
2018-01-31 21:14:36,030: update.0.child      : update.0                        : update.0.child.subscriber._state_cb: DEBUG   : bulk update result: {'nModified': 1, 'nUpserted': 0, 'nMatched': 1, 'writeErrors': [], 'upserted': [], 'writeConcernErrors': [], 'nRemoved': 0, 'nInserted': 0}
2018-01-31 21:14:36,082: update.0.child      : update.0                        : update.0.child.subscriber._cancel_monitor_cb: DEBUG   : command ignored: cancel_pilots
2018-01-31 21:14:39,562: update.0.child      : update.0                        : update.0.child.watch: INFO    : recv message: STOP
2018-01-31 21:14:39,562: update.0.child      : update.0                        : update.0.child.watch: INFO    : message received: STOP
2018-01-31 21:14:39,562: update.0.child      : update.0                        : update.0.child.watch: INFO    : STOP received: STOP
2018-01-31 21:14:39,562: update.0.child      : update.0                        : update.0.child.watch: INFO    : watcher closes
2018-01-31 21:14:39,563: update.0.child      : update.0                        : update.0.child.watch: INFO    : put message: [update.0.child.watch.thread] work finished
2018-01-31 21:14:39,563: update.0.child      : update.0                        : update.0.child.watch: DEBUG   : ru_finalize_child (NOOP)
2018-01-31 21:14:39,563: update.0.child      : update.0                        : update.0.child.watch: DEBUG   : ru_finalize_common (NOOP)
2018-01-31 21:14:39,563: update.0.child      : update.0                        : update.0.child.watch: INFO    : put message: [update.0.child.watch.thread] terminating
2018-01-31 21:14:39,645: update.0.child      : update.0                        : MainThread     : WARNING : alive check: proc invalid - stop [False - True]
2018-01-31 21:14:39,700: update.0.child      : update.0                        : MainThread     : INFO    : stop update.0.child (15084 : 15084 : MainThread) [radical.pilot.worker.update.Update.stop]
2018-01-31 21:14:39,770: update.0.child      : update.0                        : MainThread     : INFO    : parent stops child  15084 -> 15084 [update.0.child]
2018-01-31 21:14:39,770: update.0.child      : update.0                        : MainThread     : INFO    : send message: [update.0.child] STOP
2018-01-31 21:14:39,770: update.0.child      : update.0                        : MainThread     : WARNING : send failed ([Errno 9] Bad file descriptor) - terminate
2018-01-31 21:14:39,770: update.0.child      : update.0                        : MainThread     : DEBUG   : TERM : update.0.child unregister idler update.0.child.idler._idle_cb
2018-01-31 21:14:39,771: update.0.child      : update.0                        : MainThread     : INFO    : parent stops child
2018-01-31 21:14:39,771: update.0.child      : update.0                        : MainThread     : DEBUG   : ru_finalize_parent (NOOP)
2018-01-31 21:14:39,771: update.0.child      : update.0                        : MainThread     : DEBUG   : ru_finalize_common (NOOP)
2018-01-31 21:14:39,858: update.0.child      : update.0                        : update.0.child.idler._idle_cb: DEBUG   : ru_finalize_child (NOOP)
2018-01-31 21:14:39,858: update.0.child      : update.0                        : update.0.child.idler._idle_cb: DEBUG   : ru_finalize_common (NOOP)
2018-01-31 21:14:39,858: update.0.child      : update.0                        : update.0.child.idler._idle_cb: INFO    : put message: [update.0.child.idler._idle_cb.thread] terminating
2018-01-31 21:14:39,885: update.0.child      : update.0                        : MainThread     : DEBUG   : TERM : update.0.child unregistered idler update.0.child.idler._idle_cb
2018-01-31 21:14:39,885: update.0.child      : update.0                        : MainThread     : DEBUG   : TERM : update.0.child unregister subscriber update.0.child.subscriber._state_cb
2018-01-31 21:14:39,885: update.0.child      : update.0                        : MainThread     : DEBUG   : unregistered subscriber update.0.child.subscriber._state_cb
2018-01-31 21:14:39,885: update.0.child      : update.0                        : MainThread     : DEBUG   : ru_finalize_common()
2018-01-31 21:14:39,885: update.0.child      : update.0                        : MainThread     : DEBUG   : TERM : update.0.child unregister publisher log_pubsub
2018-01-31 21:14:39,886: update.0.child      : update.0                        : MainThread     : DEBUG   : unregistered publisher log_pubsub
2018-01-31 21:14:39,886: update.0.child      : update.0                        : MainThread     : DEBUG   : TERM : update.0.child unregister publisher state_pubsub
2018-01-31 21:14:39,887: update.0.child      : update.0                        : MainThread     : DEBUG   : unregistered publisher state_pubsub
2018-01-31 21:14:39,887: update.0.child      : update.0                        : MainThread     : DEBUG   : TERM : update.0.child unregister publisher control_pubsub
2018-01-31 21:14:39,888: update.0.child      : update.0                        : MainThread     : DEBUG   : unregistered publisher control_pubsub
2018-01-31 21:14:39,888: update.0.child      : update.0                        : MainThread     : DEBUG   : update.0.child close prof
2018-01-31 21:14:40,071: update.0.child      : update.0                        : MainThread     : INFO    : parent stops child
2018-01-31 21:14:40,071: update.0.child      : update.0                        : MainThread     : DEBUG   : ru_finalize_parent (NOOP)
2018-01-31 21:14:40,071: update.0.child      : update.0                        : MainThread     : DEBUG   : ru_finalize_common (NOOP)
2018-01-31 21:14:40,071: update.0.child      : update.0                        : MainThread     : INFO    : parent stops child
2018-01-31 21:14:40,071: update.0.child      : update.0                        : MainThread     : DEBUG   : ru_finalize_parent (NOOP)
2018-01-31 21:14:40,072: update.0.child      : update.0                        : update.0.child.subscriber._cancel_monitor_cb: DEBUG   : ru_finalize_child (NOOP)
2018-01-31 21:14:40,072: update.0.child      : update.0                        : update.0.child.subscriber._cancel_monitor_cb: INFO    : put message: [update.0.child.subscriber._cancel_monitor_cb.thread] terminating
2018-01-31 21:14:40,073: update.0.child      : update.0                        : MainThread     : INFO    : parent stops child
2018-01-31 21:14:40,073: update.0.child      : update.0                        : MainThread     : DEBUG   : ru_finalize_parent (NOOP)
2018-01-31 21:14:40,073: update.0.child      : update.0                        : update.0.child.subscriber._state_cb: DEBUG   : ru_finalize_child (NOOP)
2018-01-31 21:14:40,073: update.0.child      : update.0                        : update.0.child.subscriber._state_cb: INFO    : put message: [update.0.child.subscriber._state_cb.thread] terminating
2018-01-31 21:14:40,074: update.0.child      : update.0                        : MainThread     : INFO    : parent stops child
2018-01-31 21:14:40,074: update.0.child      : update.0                        : MainThread     : WARNING : super update.0.child is invalid
2018-01-31 21:14:40,074: update.0.child      : update.0                        : MainThread     : WARNING : component update.0.child is invalid
2018-01-31 21:14:40,075: update.0.child      : update.0                        : MainThread     : INFO    : stop update.0.child (15084 : 15084 : MainThread) [radical.pilot.worker.update.Update.stop]
2018-01-31 21:14:40,075: update.0.child      : update.0                        : MainThread     : DEBUG   : TERM : update.0.child unregister idler update.0.child.idler._idle_cb
2018-01-31 21:14:40,075: update.0.child      : update.0                        : MainThread     : WARNING : timed cb update.0.child.idler._idle_cb is not registered
2018-01-31 21:14:40,076: update.0.child      : update.0                        : MainThread     : DEBUG   : TERM : update.0.child unregister subscriber update.0.child.subscriber._state_cb
2018-01-31 21:14:40,076: update.0.child      : update.0                        : MainThread     : WARNING : subscriber _state_cb is not registered
2018-01-31 21:14:40,076: update.0.child      : update.0                        : MainThread     : DEBUG   : ru_finalize_common()
2018-01-31 21:14:40,076: update.0.child      : update.0                        : MainThread     : WARNING : publisher log_pubsub is not registered
2018-01-31 21:14:40,076: update.0.child      : update.0                        : MainThread     : WARNING : publisher state_pubsub is not registered
2018-01-31 21:14:40,076: update.0.child      : update.0                        : MainThread     : WARNING : publisher control_pubsub is not registered
2018-01-31 21:14:40,076: update.0.child      : update.0                        : MainThread     : DEBUG   : update.0.child close prof
2018-01-31 21:14:40,076: update.0.child      : update.0                        : MainThread     : INFO    : send message: [update.0.child] terminating
2018-01-31 21:14:40,076: update.0.child      : update.0                        : MainThread     : WARNING : send failed ([Errno 9] Bad file descriptor) - terminate
2018-01-31 21:14:40,076: update.0.child      : update.0                        : MainThread     : INFO    : parent stops child
2018-01-31 21:14:40,076: update.0.child      : update.0                        : MainThread     : INFO    : parent stops child
2018-01-31 21:14:40,076: update.0.child      : update.0                        : MainThread     : INFO    : parent stops child
