2017-12-14 12:19:33,047: control.pubsub.sub.0002: umgr.0000.staging.input.0       : MainThread     : INFO    : python.interpreter   version: 2.7.12 (default, Nov 20 2017, 18:23:56) [GCC 5.4.0 20160609]
2017-12-14 12:19:33,047: control.pubsub.sub.0002: umgr.0000.staging.input.0       : MainThread     : INFO    :                      pid: 19372
2017-12-14 12:19:33,047: control.pubsub.sub.0002: umgr.0000.staging.input.0       : MainThread     : INFO    :                      tid: MainThread
2017-12-14 12:19:33,048: control.pubsub.sub.0002: umgr.0000.staging.input.0       : MainThread     : INFO    : radical.pilot        version: 0.47.1
2017-12-14 12:19:33,048: control.pubsub.sub.0002: umgr.0000.staging.input.0       : MainThread     : INFO    : create control_pubsub - sub - tcp://172.30.238.6:34158
2017-12-14 12:19:33,048: control.pubsub.sub.0002: umgr.0000.staging.input.0       : MainThread     : DEBUG   : start process
2017-12-14 12:19:33,048: control.pubsub.sub.0002: umgr.0000.staging.input.0       : MainThread     : DEBUG   : ru_initialize_common (NOOP)
2017-12-14 12:19:33,048: control.pubsub.sub.0002: umgr.0000.staging.input.0       : MainThread     : DEBUG   : ru_initialize_parent (NOOP)
2017-12-14 12:19:33,048: control.pubsub.sub.0002: umgr.0000.staging.input.0       : MainThread     : DEBUG   : process class started (no child)
2017-12-14 12:19:37,322: control.pubsub.sub.0002: umgr.0000.scheduling.0          : MainThread     : INFO    : python.interpreter   version: 2.7.12 (default, Nov 20 2017, 18:23:56) [GCC 5.4.0 20160609]
2017-12-14 12:19:37,322: control.pubsub.sub.0002: umgr.0000.scheduling.0          : MainThread     : INFO    :                      pid: 19475
2017-12-14 12:19:37,322: control.pubsub.sub.0002: umgr.0000.scheduling.0          : MainThread     : INFO    :                      tid: MainThread
2017-12-14 12:19:37,322: control.pubsub.sub.0002: umgr.0000.scheduling.0          : MainThread     : INFO    : radical.pilot        version: 0.47.1
2017-12-14 12:19:37,322: control.pubsub.sub.0002: umgr.0000.scheduling.0          : MainThread     : INFO    : create control_pubsub - sub - tcp://172.30.238.6:34158
2017-12-14 12:19:37,323: control.pubsub.sub.0002: umgr.0000.scheduling.0          : MainThread     : DEBUG   : start process
2017-12-14 12:19:37,323: control.pubsub.sub.0002: umgr.0000.scheduling.0          : MainThread     : DEBUG   : ru_initialize_common (NOOP)
2017-12-14 12:19:37,323: control.pubsub.sub.0002: umgr.0000.scheduling.0          : MainThread     : DEBUG   : ru_initialize_parent (NOOP)
2017-12-14 12:19:37,323: control.pubsub.sub.0002: umgr.0000.scheduling.0          : MainThread     : DEBUG   : process class started (no child)
2017-12-14 12:38:17,386: control.pubsub.sub.0002: umgr.0000.scheduling.0          : MainThread     : INFO    : parent stops child  19475 -> None [control.pubsub.sub.0002]
2017-12-14 12:38:17,386: control.pubsub.sub.0002: umgr.0000.scheduling.0          : MainThread     : DEBUG   : ru_finalize_parent (NOOP)
2017-12-14 12:38:17,467: control.pubsub.sub.0002: umgr.0000.staging.input.0       : MainThread     : INFO    : parent stops child  19372 -> None [control.pubsub.sub.0002]
2017-12-14 12:38:17,467: control.pubsub.sub.0002: umgr.0000.staging.input.0       : MainThread     : DEBUG   : ru_finalize_parent (NOOP)
