2017-12-14 12:19:30,881: umgr.staging.output.queue.bridge.0000.child: umgr.staging.output.queue.bridge.0000.child: MainThread     : INFO    : python.interpreter   version: 2.7.12 (default, Nov 20 2017, 18:23:56) [GCC 5.4.0 20160609]
2017-12-14 12:19:30,881: umgr.staging.output.queue.bridge.0000.child: umgr.staging.output.queue.bridge.0000.child: MainThread     : INFO    :                      pid: 19332
2017-12-14 12:19:30,882: umgr.staging.output.queue.bridge.0000.child: umgr.staging.output.queue.bridge.0000.child: MainThread     : INFO    :                      tid: MainThread
2017-12-14 12:19:30,882: umgr.staging.output.queue.bridge.0000.child: umgr.staging.output.queue.bridge.0000.child: MainThread     : INFO    : radical.pilot        version: 0.47.1
2017-12-14 12:19:30,882: umgr.staging.output.queue.bridge.0000.child: umgr.staging.output.queue.bridge.0000.child: MainThread     : INFO    : start bridge umgr.staging.output.queue.bridge.0000.child on tcp://*:*
2017-12-14 12:19:30,884: umgr.staging.output.queue.bridge.0000.child: umgr.staging.output.queue.bridge.0000.child: MainThread     : INFO    : bound bridge umgr.staging.output.queue.bridge.0000.child to tcp://0.0.0.0:42297 : tcp://0.0.0.0:42491
2017-12-14 12:20:43,020: umgr.staging.output.queue.bridge.0000.child: umgr.staging.output.queue.bridge.0000.child: MainThread     : DEBUG   : sent  1 [hwm: 1]
2017-12-14 12:21:48,336: umgr.staging.output.queue.bridge.0000.child: umgr.staging.output.queue.bridge.0000.child: MainThread     : DEBUG   : sent  1 [hwm: 1]
2017-12-14 12:22:52,008: umgr.staging.output.queue.bridge.0000.child: umgr.staging.output.queue.bridge.0000.child: MainThread     : DEBUG   : sent  1 [hwm: 1]
2017-12-14 12:23:56,202: umgr.staging.output.queue.bridge.0000.child: umgr.staging.output.queue.bridge.0000.child: MainThread     : DEBUG   : sent  1 [hwm: 1]
2017-12-14 12:25:01,495: umgr.staging.output.queue.bridge.0000.child: umgr.staging.output.queue.bridge.0000.child: MainThread     : DEBUG   : sent  1 [hwm: 1]
2017-12-14 12:26:06,747: umgr.staging.output.queue.bridge.0000.child: umgr.staging.output.queue.bridge.0000.child: MainThread     : DEBUG   : sent  1 [hwm: 1]
2017-12-14 12:27:11,128: umgr.staging.output.queue.bridge.0000.child: umgr.staging.output.queue.bridge.0000.child: MainThread     : DEBUG   : sent  1 [hwm: 1]
2017-12-14 12:28:16,031: umgr.staging.output.queue.bridge.0000.child: umgr.staging.output.queue.bridge.0000.child: MainThread     : DEBUG   : sent  1 [hwm: 1]
2017-12-14 12:29:22,409: umgr.staging.output.queue.bridge.0000.child: umgr.staging.output.queue.bridge.0000.child: MainThread     : DEBUG   : sent  1 [hwm: 1]
2017-12-14 12:30:28,382: umgr.staging.output.queue.bridge.0000.child: umgr.staging.output.queue.bridge.0000.child: MainThread     : DEBUG   : sent  1 [hwm: 1]
2017-12-14 12:31:33,251: umgr.staging.output.queue.bridge.0000.child: umgr.staging.output.queue.bridge.0000.child: MainThread     : DEBUG   : sent  1 [hwm: 1]
2017-12-14 12:32:38,125: umgr.staging.output.queue.bridge.0000.child: umgr.staging.output.queue.bridge.0000.child: MainThread     : DEBUG   : sent  1 [hwm: 1]
2017-12-14 12:33:43,020: umgr.staging.output.queue.bridge.0000.child: umgr.staging.output.queue.bridge.0000.child: MainThread     : DEBUG   : sent  1 [hwm: 1]
2017-12-14 12:34:47,982: umgr.staging.output.queue.bridge.0000.child: umgr.staging.output.queue.bridge.0000.child: MainThread     : DEBUG   : sent  1 [hwm: 1]
2017-12-14 12:35:51,780: umgr.staging.output.queue.bridge.0000.child: umgr.staging.output.queue.bridge.0000.child: MainThread     : DEBUG   : sent  1 [hwm: 1]
2017-12-14 12:36:57,093: umgr.staging.output.queue.bridge.0000.child: umgr.staging.output.queue.bridge.0000.child: MainThread     : DEBUG   : sent  1 [hwm: 1]
2017-12-14 12:38:00,873: umgr.staging.output.queue.bridge.0000.child: umgr.staging.output.queue.bridge.0000.child: MainThread     : DEBUG   : sent  1 [hwm: 1]
2017-12-14 12:38:18,892: umgr.staging.output.queue.bridge.0000.child: umgr.staging.output.queue.bridge.0000.child: MainThread     : WARNING : not alive anymore?
