2018-01-24 16:25:52,956: rp.session.js-169-212.jetstream-cloud.org.vivek91.017555.0168: MainProcess                     : MainThread     : INFO    : python.interpreter   version: 2.7.6 (default, Jun 22 2015, 17:58:13) [GCC 4.8.2]
2018-01-24 16:25:52,956: rp.session.js-169-212.jetstream-cloud.org.vivek91.017555.0168: MainProcess                     : MainThread     : INFO    :                      pid: 5594
2018-01-24 16:25:52,956: rp.session.js-169-212.jetstream-cloud.org.vivek91.017555.0168: MainProcess                     : MainThread     : INFO    :                      tid: MainThread
2018-01-24 16:25:52,956: rp.session.js-169-212.jetstream-cloud.org.vivek91.017555.0168: MainProcess                     : MainThread     : INFO    : radical.pilot        version: 0.47.1
2018-01-24 16:25:52,956: rp.session.js-169-212.jetstream-cloud.org.vivek91.017555.0168: MainProcess                     : MainThread     : INFO    : using database mongodb://entk:entk@ds125126.mlab.com:25126/adbms-1
2018-01-24 16:25:54,040: rp.session.js-169-212.jetstream-cloud.org.vivek91.017555.0168: MainProcess                     : MainThread     : INFO    : Load resource configurations from /home/vivek91/ves/ve-bms/local/lib/python2.7/site-packages/radical/pilot/configs/resource_ncsa.json
2018-01-24 16:25:54,054: rp.session.js-169-212.jetstream-cloud.org.vivek91.017555.0168: MainProcess                     : MainThread     : INFO    : Load resource configurations for ncsa.bw_orte
2018-01-24 16:25:54,054: rp.session.js-169-212.jetstream-cloud.org.vivek91.017555.0168: MainProcess                     : MainThread     : INFO    : Load resource configurations for ncsa.bw_ccm_ssh
2018-01-24 16:25:54,055: rp.session.js-169-212.jetstream-cloud.org.vivek91.017555.0168: MainProcess                     : MainThread     : INFO    : Load resource configurations for ncsa.bw_ortelib
2018-01-24 16:25:54,055: rp.session.js-169-212.jetstream-cloud.org.vivek91.017555.0168: MainProcess                     : MainThread     : INFO    : Load resource configurations for ncsa.bw_aprun
2018-01-24 16:25:54,056: rp.session.js-169-212.jetstream-cloud.org.vivek91.017555.0168: MainProcess                     : MainThread     : INFO    : Load resource configurations for ncsa.bw_local_orte
2018-01-24 16:25:54,056: rp.session.js-169-212.jetstream-cloud.org.vivek91.017555.0168: MainProcess                     : MainThread     : INFO    : Load resource configurations from /home/vivek91/ves/ve-bms/local/lib/python2.7/site-packages/radical/pilot/configs/resource_epsrc.json
2018-01-24 16:25:54,061: rp.session.js-169-212.jetstream-cloud.org.vivek91.017555.0168: MainProcess                     : MainThread     : INFO    : Load resource configurations for epsrc.archer_orte
2018-01-24 16:25:54,061: rp.session.js-169-212.jetstream-cloud.org.vivek91.017555.0168: MainProcess                     : MainThread     : INFO    : Load resource configurations for epsrc.archer_aprun
2018-01-24 16:25:54,062: rp.session.js-169-212.jetstream-cloud.org.vivek91.017555.0168: MainProcess                     : MainThread     : INFO    : Load resource configurations from /home/vivek91/ves/ve-bms/local/lib/python2.7/site-packages/radical/pilot/configs/resource_das5.json
2018-01-24 16:25:54,064: rp.session.js-169-212.jetstream-cloud.org.vivek91.017555.0168: MainProcess                     : MainThread     : INFO    : Load resource configurations for das5.fs1_ssh
2018-01-24 16:25:54,064: rp.session.js-169-212.jetstream-cloud.org.vivek91.017555.0168: MainProcess                     : MainThread     : INFO    : Load resource configurations from /home/vivek91/ves/ve-bms/local/lib/python2.7/site-packages/radical/pilot/configs/resource_das4.json
2018-01-24 16:25:54,066: rp.session.js-169-212.jetstream-cloud.org.vivek91.017555.0168: MainProcess                     : MainThread     : INFO    : Load resource configurations for das4.fs2_ssh
2018-01-24 16:25:54,067: rp.session.js-169-212.jetstream-cloud.org.vivek91.017555.0168: MainProcess                     : MainThread     : INFO    : Load resource configurations from /home/vivek91/ves/ve-bms/local/lib/python2.7/site-packages/radical/pilot/configs/resource_local.json
2018-01-24 16:25:54,079: rp.session.js-169-212.jetstream-cloud.org.vivek91.017555.0168: MainProcess                     : MainThread     : INFO    : Load resource configurations for local.localhost_orte
2018-01-24 16:25:54,079: rp.session.js-169-212.jetstream-cloud.org.vivek91.017555.0168: MainProcess                     : MainThread     : INFO    : Load resource configurations for local.localhost_anaconda
2018-01-24 16:25:54,080: rp.session.js-169-212.jetstream-cloud.org.vivek91.017555.0168: MainProcess                     : MainThread     : INFO    : Load resource configurations for local.localhost_ortelib
2018-01-24 16:25:54,080: rp.session.js-169-212.jetstream-cloud.org.vivek91.017555.0168: MainProcess                     : MainThread     : INFO    : Load resource configurations for local.localhost
2018-01-24 16:25:54,080: rp.session.js-169-212.jetstream-cloud.org.vivek91.017555.0168: MainProcess                     : MainThread     : INFO    : Load resource configurations for local.localhost_spark
2018-01-24 16:25:54,081: rp.session.js-169-212.jetstream-cloud.org.vivek91.017555.0168: MainProcess                     : MainThread     : INFO    : Load resource configurations for local.localhost_spark_anaconda
2018-01-24 16:25:54,081: rp.session.js-169-212.jetstream-cloud.org.vivek91.017555.0168: MainProcess                     : MainThread     : INFO    : Load resource configurations for local.localhost_yarn
2018-01-24 16:25:54,082: rp.session.js-169-212.jetstream-cloud.org.vivek91.017555.0168: MainProcess                     : MainThread     : INFO    : Load resource configurations from /home/vivek91/ves/ve-bms/local/lib/python2.7/site-packages/radical/pilot/configs/resource_ornl.json
2018-01-24 16:25:54,088: rp.session.js-169-212.jetstream-cloud.org.vivek91.017555.0168: MainProcess                     : MainThread     : INFO    : Load resource configurations for ornl.titan_orte
2018-01-24 16:25:54,089: rp.session.js-169-212.jetstream-cloud.org.vivek91.017555.0168: MainProcess                     : MainThread     : INFO    : Load resource configurations for ornl.titan_aprun
2018-01-24 16:25:54,089: rp.session.js-169-212.jetstream-cloud.org.vivek91.017555.0168: MainProcess                     : MainThread     : INFO    : Load resource configurations for ornl.titan_ortelib
2018-01-24 16:25:54,090: rp.session.js-169-212.jetstream-cloud.org.vivek91.017555.0168: MainProcess                     : MainThread     : INFO    : Load resource configurations from /home/vivek91/ves/ve-bms/local/lib/python2.7/site-packages/radical/pilot/configs/resource_stfc.json
2018-01-24 16:25:54,092: rp.session.js-169-212.jetstream-cloud.org.vivek91.017555.0168: MainProcess                     : MainThread     : INFO    : Load resource configurations for stfc.joule_runjob
2018-01-24 16:25:54,092: rp.session.js-169-212.jetstream-cloud.org.vivek91.017555.0168: MainProcess                     : MainThread     : INFO    : Load resource configurations from /home/vivek91/ves/ve-bms/local/lib/python2.7/site-packages/radical/pilot/configs/resource_ncar.json
2018-01-24 16:25:54,094: rp.session.js-169-212.jetstream-cloud.org.vivek91.017555.0168: MainProcess                     : MainThread     : INFO    : Load resource configurations for ncar.yellowstone_ssh
2018-01-24 16:25:54,094: rp.session.js-169-212.jetstream-cloud.org.vivek91.017555.0168: MainProcess                     : MainThread     : INFO    : Load resource configurations from /home/vivek91/ves/ve-bms/local/lib/python2.7/site-packages/radical/pilot/configs/resource_yale.json
2018-01-24 16:25:54,096: rp.session.js-169-212.jetstream-cloud.org.vivek91.017555.0168: MainProcess                     : MainThread     : INFO    : Load resource configurations for yale.grace_ssh
2018-01-24 16:25:54,096: rp.session.js-169-212.jetstream-cloud.org.vivek91.017555.0168: MainProcess                     : MainThread     : INFO    : Load resource configurations from /home/vivek91/ves/ve-bms/local/lib/python2.7/site-packages/radical/pilot/configs/resource_chameleon.json
2018-01-24 16:25:54,098: rp.session.js-169-212.jetstream-cloud.org.vivek91.017555.0168: MainProcess                     : MainThread     : INFO    : Load resource configurations for chameleon.cloud_vm_yarn
2018-01-24 16:25:54,098: rp.session.js-169-212.jetstream-cloud.org.vivek91.017555.0168: MainProcess                     : MainThread     : INFO    : Load resource configurations from /home/vivek91/ves/ve-bms/local/lib/python2.7/site-packages/radical/pilot/configs/resource_osg.json
2018-01-24 16:25:54,102: rp.session.js-169-212.jetstream-cloud.org.vivek91.017555.0168: MainProcess                     : MainThread     : INFO    : Load resource configurations for osg.xsede-virt-clust
2018-01-24 16:25:54,102: rp.session.js-169-212.jetstream-cloud.org.vivek91.017555.0168: MainProcess                     : MainThread     : INFO    : Load resource configurations for osg.connect
2018-01-24 16:25:54,103: rp.session.js-169-212.jetstream-cloud.org.vivek91.017555.0168: MainProcess                     : MainThread     : INFO    : Load resource configurations from /home/vivek91/ves/ve-bms/local/lib/python2.7/site-packages/radical/pilot/configs/resource_futuregrid.json
2018-01-24 16:25:54,111: rp.session.js-169-212.jetstream-cloud.org.vivek91.017555.0168: MainProcess                     : MainThread     : INFO    : Load resource configurations for futuregrid.delta_ssh
2018-01-24 16:25:54,112: rp.session.js-169-212.jetstream-cloud.org.vivek91.017555.0168: MainProcess                     : MainThread     : INFO    : Load resource configurations for futuregrid.india_ssh
2018-01-24 16:25:54,112: rp.session.js-169-212.jetstream-cloud.org.vivek91.017555.0168: MainProcess                     : MainThread     : INFO    : Load resource configurations for futuregrid.echo_ssh
2018-01-24 16:25:54,112: rp.session.js-169-212.jetstream-cloud.org.vivek91.017555.0168: MainProcess                     : MainThread     : INFO    : Load resource configurations for futuregrid.xray_ccm
2018-01-24 16:25:54,113: rp.session.js-169-212.jetstream-cloud.org.vivek91.017555.0168: MainProcess                     : MainThread     : INFO    : Load resource configurations for futuregrid.bravo_ssh
2018-01-24 16:25:54,113: rp.session.js-169-212.jetstream-cloud.org.vivek91.017555.0168: MainProcess                     : MainThread     : INFO    : Load resource configurations for futuregrid.xray_aprun
2018-01-24 16:25:54,113: rp.session.js-169-212.jetstream-cloud.org.vivek91.017555.0168: MainProcess                     : MainThread     : INFO    : Load resource configurations from /home/vivek91/ves/ve-bms/local/lib/python2.7/site-packages/radical/pilot/configs/resource_rice.json
2018-01-24 16:25:54,116: rp.session.js-169-212.jetstream-cloud.org.vivek91.017555.0168: MainProcess                     : MainThread     : INFO    : Load resource configurations for rice.davinci_ssh
2018-01-24 16:25:54,117: rp.session.js-169-212.jetstream-cloud.org.vivek91.017555.0168: MainProcess                     : MainThread     : INFO    : Load resource configurations for rice.biou_ssh
2018-01-24 16:25:54,117: rp.session.js-169-212.jetstream-cloud.org.vivek91.017555.0168: MainProcess                     : MainThread     : INFO    : Load resource configurations from /home/vivek91/ves/ve-bms/local/lib/python2.7/site-packages/radical/pilot/configs/resource_iu.json
2018-01-24 16:25:54,120: rp.session.js-169-212.jetstream-cloud.org.vivek91.017555.0168: MainProcess                     : MainThread     : INFO    : Load resource configurations for iu.bigred2_ccm_ssh
2018-01-24 16:25:54,120: rp.session.js-169-212.jetstream-cloud.org.vivek91.017555.0168: MainProcess                     : MainThread     : INFO    : Load resource configurations for iu.bigred2_aprun
2018-01-24 16:25:54,121: rp.session.js-169-212.jetstream-cloud.org.vivek91.017555.0168: MainProcess                     : MainThread     : INFO    : Load resource configurations from /home/vivek91/ves/ve-bms/local/lib/python2.7/site-packages/radical/pilot/configs/resource_lrz.json
2018-01-24 16:25:54,122: rp.session.js-169-212.jetstream-cloud.org.vivek91.017555.0168: MainProcess                     : MainThread     : INFO    : Load resource configurations for lrz.supermuc_ssh
2018-01-24 16:25:54,123: rp.session.js-169-212.jetstream-cloud.org.vivek91.017555.0168: MainProcess                     : MainThread     : INFO    : Load resource configurations from /home/vivek91/ves/ve-bms/local/lib/python2.7/site-packages/radical/pilot/configs/resource_radical.json
2018-01-24 16:25:54,127: rp.session.js-169-212.jetstream-cloud.org.vivek91.017555.0168: MainProcess                     : MainThread     : INFO    : Load resource configurations for radical.two
2018-01-24 16:25:54,127: rp.session.js-169-212.jetstream-cloud.org.vivek91.017555.0168: MainProcess                     : MainThread     : INFO    : Load resource configurations for radical.tutorial
2018-01-24 16:25:54,127: rp.session.js-169-212.jetstream-cloud.org.vivek91.017555.0168: MainProcess                     : MainThread     : INFO    : Load resource configurations for radical.one
2018-01-24 16:25:54,128: rp.session.js-169-212.jetstream-cloud.org.vivek91.017555.0168: MainProcess                     : MainThread     : INFO    : Load resource configurations from /home/vivek91/ves/ve-bms/local/lib/python2.7/site-packages/radical/pilot/configs/resource_nersc.json
2018-01-24 16:25:54,136: rp.session.js-169-212.jetstream-cloud.org.vivek91.017555.0168: MainProcess                     : MainThread     : INFO    : Load resource configurations for nersc.edison_ccm_ssh
2018-01-24 16:25:54,137: rp.session.js-169-212.jetstream-cloud.org.vivek91.017555.0168: MainProcess                     : MainThread     : INFO    : Load resource configurations for nersc.hopper_orte
2018-01-24 16:25:54,137: rp.session.js-169-212.jetstream-cloud.org.vivek91.017555.0168: MainProcess                     : MainThread     : INFO    : Load resource configurations for nersc.hopper_ccm_ssh
2018-01-24 16:25:54,138: rp.session.js-169-212.jetstream-cloud.org.vivek91.017555.0168: MainProcess                     : MainThread     : INFO    : Load resource configurations for nersc.edison_aprun
2018-01-24 16:25:54,138: rp.session.js-169-212.jetstream-cloud.org.vivek91.017555.0168: MainProcess                     : MainThread     : INFO    : Load resource configurations for nersc.hopper_aprun
2018-01-24 16:25:54,138: rp.session.js-169-212.jetstream-cloud.org.vivek91.017555.0168: MainProcess                     : MainThread     : INFO    : Load resource configurations for nersc.edison_orte
2018-01-24 16:25:54,139: rp.session.js-169-212.jetstream-cloud.org.vivek91.017555.0168: MainProcess                     : MainThread     : INFO    : Load resource configurations from /home/vivek91/ves/ve-bms/local/lib/python2.7/site-packages/radical/pilot/configs/resource_lumc.json
2018-01-24 16:25:54,142: rp.session.js-169-212.jetstream-cloud.org.vivek91.017555.0168: MainProcess                     : MainThread     : INFO    : Load resource configurations for lumc.gb-ui_ssh
2018-01-24 16:25:54,142: rp.session.js-169-212.jetstream-cloud.org.vivek91.017555.0168: MainProcess                     : MainThread     : INFO    : Load resource configurations for lumc.shark_ssh
2018-01-24 16:25:54,142: rp.session.js-169-212.jetstream-cloud.org.vivek91.017555.0168: MainProcess                     : MainThread     : INFO    : Load resource configurations from /home/vivek91/ves/ve-bms/local/lib/python2.7/site-packages/radical/pilot/configs/resource_xsede.json
2018-01-24 16:25:54,171: rp.session.js-169-212.jetstream-cloud.org.vivek91.017555.0168: MainProcess                     : MainThread     : INFO    : Load resource configurations for xsede.gordon_ssh
2018-01-24 16:25:54,171: rp.session.js-169-212.jetstream-cloud.org.vivek91.017555.0168: MainProcess                     : MainThread     : INFO    : Load resource configurations for xsede.lonestar_ssh
2018-01-24 16:25:54,172: rp.session.js-169-212.jetstream-cloud.org.vivek91.017555.0168: MainProcess                     : MainThread     : INFO    : Load resource configurations for xsede.supermic_spark
2018-01-24 16:25:54,172: rp.session.js-169-212.jetstream-cloud.org.vivek91.017555.0168: MainProcess                     : MainThread     : INFO    : Load resource configurations for xsede.wrangler_yarn
2018-01-24 16:25:54,172: rp.session.js-169-212.jetstream-cloud.org.vivek91.017555.0168: MainProcess                     : MainThread     : INFO    : Load resource configurations for xsede.blacklight_ssh
2018-01-24 16:25:54,173: rp.session.js-169-212.jetstream-cloud.org.vivek91.017555.0168: MainProcess                     : MainThread     : INFO    : Load resource configurations for xsede.stampede_ortelib
2018-01-24 16:25:54,173: rp.session.js-169-212.jetstream-cloud.org.vivek91.017555.0168: MainProcess                     : MainThread     : INFO    : Load resource configurations for xsede.stampede_yarn
2018-01-24 16:25:54,173: rp.session.js-169-212.jetstream-cloud.org.vivek91.017555.0168: MainProcess                     : MainThread     : INFO    : Load resource configurations for xsede.stampede_ssh
2018-01-24 16:25:54,174: rp.session.js-169-212.jetstream-cloud.org.vivek91.017555.0168: MainProcess                     : MainThread     : INFO    : Load resource configurations for xsede.greenfield
2018-01-24 16:25:54,174: rp.session.js-169-212.jetstream-cloud.org.vivek91.017555.0168: MainProcess                     : MainThread     : INFO    : Load resource configurations for xsede.bridges
2018-01-24 16:25:54,174: rp.session.js-169-212.jetstream-cloud.org.vivek91.017555.0168: MainProcess                     : MainThread     : INFO    : Load resource configurations for xsede.trestles_ssh
2018-01-24 16:25:54,175: rp.session.js-169-212.jetstream-cloud.org.vivek91.017555.0168: MainProcess                     : MainThread     : INFO    : Load resource configurations for xsede.supermic_ortelib
2018-01-24 16:25:54,175: rp.session.js-169-212.jetstream-cloud.org.vivek91.017555.0168: MainProcess                     : MainThread     : INFO    : Load resource configurations for xsede.stampede2_ssh
2018-01-24 16:25:54,175: rp.session.js-169-212.jetstream-cloud.org.vivek91.017555.0168: MainProcess                     : MainThread     : INFO    : Load resource configurations for xsede.supermic_ssh
2018-01-24 16:25:54,175: rp.session.js-169-212.jetstream-cloud.org.vivek91.017555.0168: MainProcess                     : MainThread     : INFO    : Load resource configurations for xsede.wrangler_ssh
2018-01-24 16:25:54,176: rp.session.js-169-212.jetstream-cloud.org.vivek91.017555.0168: MainProcess                     : MainThread     : INFO    : Load resource configurations for xsede.supermic_orte
2018-01-24 16:25:54,176: rp.session.js-169-212.jetstream-cloud.org.vivek91.017555.0168: MainProcess                     : MainThread     : INFO    : Load resource configurations for xsede.wrangler_spark
2018-01-24 16:25:54,176: rp.session.js-169-212.jetstream-cloud.org.vivek91.017555.0168: MainProcess                     : MainThread     : INFO    : Load resource configurations for xsede.stampede_orte
2018-01-24 16:25:54,177: rp.session.js-169-212.jetstream-cloud.org.vivek91.017555.0168: MainProcess                     : MainThread     : INFO    : Load resource configurations for xsede.comet_ortelib
2018-01-24 16:25:54,177: rp.session.js-169-212.jetstream-cloud.org.vivek91.017555.0168: MainProcess                     : MainThread     : INFO    : Load resource configurations for xsede.comet_orte
2018-01-24 16:25:54,177: rp.session.js-169-212.jetstream-cloud.org.vivek91.017555.0168: MainProcess                     : MainThread     : INFO    : Load resource configurations for xsede.comet_spark
2018-01-24 16:25:54,178: rp.session.js-169-212.jetstream-cloud.org.vivek91.017555.0168: MainProcess                     : MainThread     : INFO    : Load resource configurations for xsede.comet_ssh
2018-01-24 16:25:54,178: rp.session.js-169-212.jetstream-cloud.org.vivek91.017555.0168: MainProcess                     : MainThread     : INFO    : Load resource configurations for xsede.stampede_spark
2018-01-24 16:25:54,178: rp.session.js-169-212.jetstream-cloud.org.vivek91.017555.0168: MainProcess                     : MainThread     : INFO    : Load resource configurations from /home/vivek91/ves/ve-bms/local/lib/python2.7/site-packages/radical/pilot/configs/resource_fub.json
2018-01-24 16:25:54,180: rp.session.js-169-212.jetstream-cloud.org.vivek91.017555.0168: MainProcess                     : MainThread     : INFO    : Load resource configurations for fub.allegro_rsh
2018-01-24 16:25:54,180: rp.session.js-169-212.jetstream-cloud.org.vivek91.017555.0168: MainProcess                     : MainThread     : INFO    : Load resource configurations from /home/vivek91/ves/ve-bms/local/lib/python2.7/site-packages/radical/pilot/configs/resource_aliases.json
2018-01-24 16:25:54,563: rp.session.js-169-212.jetstream-cloud.org.vivek91.017555.0168: MainProcess                     : MainThread     : INFO    : New Session created: rp.session.js-169-212.jetstream-cloud.org.vivek91.017555.0168.
2018-01-24 16:25:54,563: rp.session.js-169-212.jetstream-cloud.org.vivek91.017555.0168: MainProcess                     : MainThread     : DEBUG   : start bridges   : {u'control_pubsub': {u'bulk_size': 0, u'log_level': u'debug', u'stall_hwm': 1},
 u'log_pubsub': {u'bulk_size': 0, u'log_level': u'debug', u'stall_hwm': 1},
 u'state_pubsub': {u'bulk_size': 0, u'log_level': u'debug', u'stall_hwm': 1}}
2018-01-24 16:25:54,563: rp.session.js-169-212.jetstream-cloud.org.vivek91.017555.0168: MainProcess                     : MainThread     : INFO    : create bridge control_pubsub
2018-01-24 16:25:54,585: rp.session.js-169-212.jetstream-cloud.org.vivek91.017555.0168: MainProcess                     : MainThread     : INFO    : created bridge control_pubsub (control.pubsub.bridge.0000)
2018-01-24 16:25:54,585: rp.session.js-169-212.jetstream-cloud.org.vivek91.017555.0168: MainProcess                     : MainThread     : INFO    : create bridge state_pubsub
2018-01-24 16:25:54,602: rp.session.js-169-212.jetstream-cloud.org.vivek91.017555.0168: MainProcess                     : MainThread     : INFO    : created bridge state_pubsub (state.pubsub.bridge.0000)
2018-01-24 16:25:54,602: rp.session.js-169-212.jetstream-cloud.org.vivek91.017555.0168: MainProcess                     : MainThread     : INFO    : create bridge log_pubsub
2018-01-24 16:25:54,619: rp.session.js-169-212.jetstream-cloud.org.vivek91.017555.0168: MainProcess                     : MainThread     : INFO    : created bridge log_pubsub (log.pubsub.bridge.0000)
2018-01-24 16:25:54,619: rp.session.js-169-212.jetstream-cloud.org.vivek91.017555.0168: MainProcess                     : MainThread     : DEBUG   : start components: {u'UpdateWorker': {u'count': 1}}
2018-01-24 16:25:54,619: rp.session.js-169-212.jetstream-cloud.org.vivek91.017555.0168: MainProcess                     : MainThread     : DEBUG   : start 1 component(s) UpdateWorker
2018-01-24 16:25:55,219: rp.session.js-169-212.jetstream-cloud.org.vivek91.017555.0168: MainProcess                     : MainThread     : INFO    : rp.session.js-169-212.jetstream-cloud.org.vivek91.017555.0168 starts update.0
2018-01-24 16:25:55,718: rp.session.js-169-212.jetstream-cloud.org.vivek91.017555.0168: MainProcess                     : MainThread     : WARNING : using alias 'xsede.supermic_ssh' for deprecated resource key 'xsede.supermic'
2018-01-24 16:25:55,718: rp.session.js-169-212.jetstream-cloud.org.vivek91.017555.0168: MainProcess                     : MainThread     : WARNING : using alias 'xsede.supermic_ssh' for deprecated resource key 'xsede.supermic'
2018-01-24 16:25:55,719: rp.session.js-169-212.jetstream-cloud.org.vivek91.017555.0168: MainProcess                     : MainThread     : DEBUG   : rsup.PTYShell('gsissh://supermic.cct-lsu.xsede.org:2222/')
2018-01-24 16:25:59,762: rp.session.js-169-212.jetstream-cloud.org.vivek91.017555.0168: MainProcess                     : MainThread     : DEBUG   : sandbox base gsissh://supermic.cct-lsu.xsede.org:2222/: '/work/vivek91'
2018-01-24 16:25:59,790: rp.session.js-169-212.jetstream-cloud.org.vivek91.017555.0168: MainProcess                     : MainThread     : DEBUG   : bulk pilot insert result: {'nModified': 0, 'nUpserted': 0, 'nMatched': 0, 'writeErrors': [], 'upserted': [], 'writeConcernErrors': [], 'nRemoved': 0, 'nInserted': 1}
2018-01-24 16:25:59,794: rp.session.js-169-212.jetstream-cloud.org.vivek91.017555.0168: pmgr.0000.launching.0           : MainThread     : WARNING : using alias 'xsede.supermic_ssh' for deprecated resource key 'xsede.supermic'
2018-01-24 16:25:59,795: rp.session.js-169-212.jetstream-cloud.org.vivek91.017555.0168: pmgr.0000.launching.0           : MainThread     : WARNING : using alias 'xsede.supermic_ssh' for deprecated resource key 'xsede.supermic'
2018-01-24 16:25:59,795: rp.session.js-169-212.jetstream-cloud.org.vivek91.017555.0168: pmgr.0000.launching.0           : MainThread     : DEBUG   : rsup.PTYShell('gsissh://supermic.cct-lsu.xsede.org:2222/')
2018-01-24 16:26:01,283: rp.session.js-169-212.jetstream-cloud.org.vivek91.017555.0168: pmgr.0000.launching.0           : MainThread     : DEBUG   : sandbox base gsissh://supermic.cct-lsu.xsede.org:2222/: '/work/vivek91'
2018-01-24 17:53:46,707: rp.session.js-169-212.jetstream-cloud.org.vivek91.017555.0168: task-manager                    : MainThread     : DEBUG   : bulk unit insert result: {'nModified': 0, 'nUpserted': 0, 'nMatched': 0, 'writeErrors': [], 'upserted': [], 'writeConcernErrors': [], 'nRemoved': 0, 'nInserted': 1}
2018-01-24 17:57:51,332: rp.session.js-169-212.jetstream-cloud.org.vivek91.017555.0168: task-manager                    : MainThread     : DEBUG   : bulk unit insert result: {'nModified': 0, 'nUpserted': 0, 'nMatched': 0, 'writeErrors': [], 'upserted': [], 'writeConcernErrors': [], 'nRemoved': 0, 'nInserted': 1}
2018-01-24 18:01:54,867: rp.session.js-169-212.jetstream-cloud.org.vivek91.017555.0168: task-manager                    : MainThread     : DEBUG   : bulk unit insert result: {'nModified': 0, 'nUpserted': 0, 'nMatched': 0, 'writeErrors': [], 'upserted': [], 'writeConcernErrors': [], 'nRemoved': 0, 'nInserted': 1}
2018-01-24 18:05:58,580: rp.session.js-169-212.jetstream-cloud.org.vivek91.017555.0168: task-manager                    : MainThread     : DEBUG   : bulk unit insert result: {'nModified': 0, 'nUpserted': 0, 'nMatched': 0, 'writeErrors': [], 'upserted': [], 'writeConcernErrors': [], 'nRemoved': 0, 'nInserted': 1}
2018-01-24 18:10:03,125: rp.session.js-169-212.jetstream-cloud.org.vivek91.017555.0168: task-manager                    : MainThread     : DEBUG   : bulk unit insert result: {'nModified': 0, 'nUpserted': 0, 'nMatched': 0, 'writeErrors': [], 'upserted': [], 'writeConcernErrors': [], 'nRemoved': 0, 'nInserted': 1}
2018-01-24 18:14:07,691: rp.session.js-169-212.jetstream-cloud.org.vivek91.017555.0168: task-manager                    : MainThread     : DEBUG   : bulk unit insert result: {'nModified': 0, 'nUpserted': 0, 'nMatched': 0, 'writeErrors': [], 'upserted': [], 'writeConcernErrors': [], 'nRemoved': 0, 'nInserted': 1}
2018-01-24 18:18:12,276: rp.session.js-169-212.jetstream-cloud.org.vivek91.017555.0168: task-manager                    : MainThread     : DEBUG   : bulk unit insert result: {'nModified': 0, 'nUpserted': 0, 'nMatched': 0, 'writeErrors': [], 'upserted': [], 'writeConcernErrors': [], 'nRemoved': 0, 'nInserted': 1}
2018-01-24 18:22:16,825: rp.session.js-169-212.jetstream-cloud.org.vivek91.017555.0168: task-manager                    : MainThread     : DEBUG   : bulk unit insert result: {'nModified': 0, 'nUpserted': 0, 'nMatched': 0, 'writeErrors': [], 'upserted': [], 'writeConcernErrors': [], 'nRemoved': 0, 'nInserted': 1}
2018-01-24 18:26:44,346: rp.session.js-169-212.jetstream-cloud.org.vivek91.017555.0168: MainProcess                     : MainThread     : DEBUG   : session rp.session.js-169-212.jetstream-cloud.org.vivek91.017555.0168 closing
2018-01-24 18:26:44,346: rp.session.js-169-212.jetstream-cloud.org.vivek91.017555.0168: MainProcess                     : MainThread     : DEBUG   : session rp.session.js-169-212.jetstream-cloud.org.vivek91.017555.0168 closes pmgr   pmgr.0000
2018-01-24 18:26:54,251: rp.session.js-169-212.jetstream-cloud.org.vivek91.017555.0168: MainProcess                     : MainThread     : DEBUG   : session rp.session.js-169-212.jetstream-cloud.org.vivek91.017555.0168 closed pmgr   pmgr.0000
2018-01-24 18:26:54,251: rp.session.js-169-212.jetstream-cloud.org.vivek91.017555.0168: MainProcess                     : MainThread     : DEBUG   : session rp.session.js-169-212.jetstream-cloud.org.vivek91.017555.0168 closes comp   update.0
2018-01-24 18:26:54,251: rp.session.js-169-212.jetstream-cloud.org.vivek91.017555.0168: MainProcess                     : MainThread     : DEBUG   :  === update.0 stop called
2018-01-24 18:26:54,373: rp.session.js-169-212.jetstream-cloud.org.vivek91.017555.0168: update.0                        : MainThread     : DEBUG   :  === update.0.child stop called
2018-01-24 18:26:54,493: rp.session.js-169-212.jetstream-cloud.org.vivek91.017555.0168: update.0                        : MainThread     : DEBUG   :  === update.0.child stop called
2018-01-24 18:26:54,547: rp.session.js-169-212.jetstream-cloud.org.vivek91.017555.0168: MainProcess                     : MainThread     : DEBUG   : session rp.session.js-169-212.jetstream-cloud.org.vivek91.017555.0168 closed comp   update.0
2018-01-24 18:26:54,547: rp.session.js-169-212.jetstream-cloud.org.vivek91.017555.0168: MainProcess                     : MainThread     : DEBUG   : session rp.session.js-169-212.jetstream-cloud.org.vivek91.017555.0168 closes bridge control.pubsub.bridge.0000
2018-01-24 18:26:55,517: rp.session.js-169-212.jetstream-cloud.org.vivek91.017555.0168: MainProcess                     : MainThread     : DEBUG   : session rp.session.js-169-212.jetstream-cloud.org.vivek91.017555.0168 closed bridge control.pubsub.bridge.0000
2018-01-24 18:26:55,517: rp.session.js-169-212.jetstream-cloud.org.vivek91.017555.0168: MainProcess                     : MainThread     : DEBUG   : session rp.session.js-169-212.jetstream-cloud.org.vivek91.017555.0168 closes bridge state.pubsub.bridge.0000
2018-01-24 18:26:56,499: rp.session.js-169-212.jetstream-cloud.org.vivek91.017555.0168: MainProcess                     : MainThread     : DEBUG   : session rp.session.js-169-212.jetstream-cloud.org.vivek91.017555.0168 closed bridge state.pubsub.bridge.0000
2018-01-24 18:26:56,500: rp.session.js-169-212.jetstream-cloud.org.vivek91.017555.0168: MainProcess                     : MainThread     : DEBUG   : session rp.session.js-169-212.jetstream-cloud.org.vivek91.017555.0168 closes bridge log.pubsub.bridge.0000
2018-01-24 18:26:56,968: rp.session.js-169-212.jetstream-cloud.org.vivek91.017555.0168: MainProcess                     : MainThread     : DEBUG   : session rp.session.js-169-212.jetstream-cloud.org.vivek91.017555.0168 closed bridge log.pubsub.bridge.0000
2018-01-24 18:26:56,968: rp.session.js-169-212.jetstream-cloud.org.vivek91.017555.0168: MainProcess                     : MainThread     : DEBUG   : session rp.session.js-169-212.jetstream-cloud.org.vivek91.017555.0168 closes db (False)
2018-01-24 18:26:56,968: rp.session.js-169-212.jetstream-cloud.org.vivek91.017555.0168: MainProcess                     : MainThread     : DEBUG   : session rp.session.js-169-212.jetstream-cloud.org.vivek91.017555.0168 closed (delete=False)
2018-01-24 18:26:56,983: rp.session.js-169-212.jetstream-cloud.org.vivek91.017555.0168: MainProcess                     : MainThread     : DEBUG   :  === update.0 stop called
