2018-01-24 16:25:55,599: state.pubsub.pub.0001: pmgr.0000.launching.0           : MainThread     : INFO    : python.interpreter   version: 2.7.6 (default, Jun 22 2015, 17:58:13) [GCC 4.8.2]
2018-01-24 16:25:55,600: state.pubsub.pub.0001: pmgr.0000.launching.0           : MainThread     : INFO    :                      pid: 5664
2018-01-24 16:25:55,600: state.pubsub.pub.0001: pmgr.0000.launching.0           : MainThread     : INFO    :                      tid: MainThread
2018-01-24 16:25:55,600: state.pubsub.pub.0001: pmgr.0000.launching.0           : MainThread     : INFO    : radical.pilot        version: 0.47.1
2018-01-24 16:25:55,600: state.pubsub.pub.0001: pmgr.0000.launching.0           : MainThread     : INFO    : create state_pubsub - pub - tcp://172.29.241.4:48985
2018-01-24 16:25:55,600: state.pubsub.pub.0001: pmgr.0000.launching.0           : MainThread     : DEBUG   : start process
2018-01-24 16:25:55,601: state.pubsub.pub.0001: pmgr.0000.launching.0           : MainThread     : DEBUG   : ru_initialize_common (NOOP)
2018-01-24 16:25:55,601: state.pubsub.pub.0001: pmgr.0000.launching.0           : MainThread     : DEBUG   : ru_initialize_parent (NOOP)
2018-01-24 16:25:55,601: state.pubsub.pub.0001: pmgr.0000.launching.0           : MainThread     : DEBUG   : process class started (no child)
2018-01-24 16:25:55,635: state.pubsub.pub.0001: MainProcess                     : MainThread     : INFO    : python.interpreter   version: 2.7.6 (default, Jun 22 2015, 17:58:13) [GCC 4.8.2]
2018-01-24 16:25:55,636: state.pubsub.pub.0001: MainProcess                     : MainThread     : INFO    :                      pid: 5594
2018-01-24 16:25:55,636: state.pubsub.pub.0001: MainProcess                     : MainThread     : INFO    :                      tid: MainThread
2018-01-24 16:25:55,636: state.pubsub.pub.0001: MainProcess                     : MainThread     : INFO    : radical.pilot        version: 0.47.1
2018-01-24 16:25:55,636: state.pubsub.pub.0001: MainProcess                     : MainThread     : INFO    : create state_pubsub - pub - tcp://172.29.241.4:48985
2018-01-24 16:25:55,637: state.pubsub.pub.0001: MainProcess                     : MainThread     : DEBUG   : start process
2018-01-24 16:25:55,637: state.pubsub.pub.0001: MainProcess                     : MainThread     : DEBUG   : ru_initialize_common (NOOP)
2018-01-24 16:25:55,637: state.pubsub.pub.0001: MainProcess                     : MainThread     : DEBUG   : ru_initialize_parent (NOOP)
2018-01-24 16:25:55,637: state.pubsub.pub.0001: MainProcess                     : MainThread     : DEBUG   : process class started (no child)
2018-01-24 18:26:48,623: state.pubsub.pub.0001: MainProcess                     : MainThread     : INFO    : parent stops child  5594 -> None [state.pubsub.pub.0001]
2018-01-24 18:26:48,623: state.pubsub.pub.0001: MainProcess                     : MainThread     : DEBUG   : ru_finalize_parent (NOOP)
