2018-01-24 17:53:38,258: umgr.scheduling.queue.bridge.0000: task-manager                    : MainThread     : INFO    : python.interpreter   version: 2.7.6 (default, Jun 22 2015, 17:58:13) [GCC 4.8.2]
2018-01-24 17:53:38,258: umgr.scheduling.queue.bridge.0000: task-manager                    : MainThread     : INFO    :                      pid: 24169
2018-01-24 17:53:38,258: umgr.scheduling.queue.bridge.0000: task-manager                    : MainThread     : INFO    :                      tid: MainThread
2018-01-24 17:53:38,259: umgr.scheduling.queue.bridge.0000: task-manager                    : MainThread     : INFO    : radical.pilot        version: 0.47.1
2018-01-24 17:53:38,259: umgr.scheduling.queue.bridge.0000: task-manager                    : MainThread     : INFO    : create umgr_scheduling_queue - bridge - tcp://*:*
2018-01-24 17:53:38,259: umgr.scheduling.queue.bridge.0000: task-manager                    : MainThread     : DEBUG   : start process
2018-01-24 17:53:38,269: umgr.scheduling.queue.bridge.0000: umgr.scheduling.queue.bridge.0000: MainThread     : DEBUG   : ru_initialize_common (NOOP)
2018-01-24 17:53:38,274: umgr.scheduling.queue.bridge.0000: umgr.scheduling.queue.bridge.0000.child: MainThread     : INFO    : child (me) initializing
2018-01-24 17:53:38,274: umgr.scheduling.queue.bridge.0000: umgr.scheduling.queue.bridge.0000.child: MainThread     : DEBUG   : parent name: umgr.scheduling.queue.bridge.0000.child.watch
2018-01-24 17:53:38,274: umgr.scheduling.queue.bridge.0000: umgr.scheduling.queue.bridge.0000.child: MainThread     : DEBUG   : start thread
2018-01-24 17:53:38,275: umgr.scheduling.queue.bridge.0000: umgr.scheduling.queue.bridge.0000.child: umgr.scheduling.queue.bridge.0000.child.watch: DEBUG   : child name: umgr.scheduling.queue.bridge.0000.child.watch.thread
2018-01-24 17:53:38,275: umgr.scheduling.queue.bridge.0000: umgr.scheduling.queue.bridge.0000.child: umgr.scheduling.queue.bridge.0000.child.watch: INFO    : child (me) initializing
2018-01-24 17:53:38,275: umgr.scheduling.queue.bridge.0000: umgr.scheduling.queue.bridge.0000.child: umgr.scheduling.queue.bridge.0000.child.watch: DEBUG   : ru_initialize_common (NOOP)
2018-01-24 17:53:38,276: umgr.scheduling.queue.bridge.0000: umgr.scheduling.queue.bridge.0000.child: umgr.scheduling.queue.bridge.0000.child.watch: DEBUG   : ru_initialize_child (NOOP)
2018-01-24 17:53:38,276: umgr.scheduling.queue.bridge.0000: umgr.scheduling.queue.bridge.0000.child: umgr.scheduling.queue.bridge.0000.child.watch: INFO    : send alive
2018-01-24 17:53:38,276: umgr.scheduling.queue.bridge.0000: umgr.scheduling.queue.bridge.0000.child: umgr.scheduling.queue.bridge.0000.child.watch: INFO    : put message: [umgr.scheduling.queue.bridge.0000.child.watch.thread] alive
2018-01-24 17:53:38,278: umgr.scheduling.queue.bridge.0000: umgr.scheduling.queue.bridge.0000.child: MainThread     : INFO    : get msg: alive
2018-01-24 17:53:38,278: umgr.scheduling.queue.bridge.0000: umgr.scheduling.queue.bridge.0000.child: MainThread     : DEBUG   : ru_initialize_common (NOOP)
2018-01-24 17:53:38,279: umgr.scheduling.queue.bridge.0000: umgr.scheduling.queue.bridge.0000.child: MainThread     : DEBUG   : ru_initialize_parent (NOOP)
2018-01-24 17:53:38,279: umgr.scheduling.queue.bridge.0000: umgr.scheduling.queue.bridge.0000.child: MainThread     : DEBUG   : child thread umgr.scheduling.queue.bridge.0000.child.watch started
2018-01-24 17:53:38,279: umgr.scheduling.queue.bridge.0000: umgr.scheduling.queue.bridge.0000.child: MainThread     : INFO    : child (me) is alive
2018-01-24 17:53:38,279: umgr.scheduling.queue.bridge.0000: umgr.scheduling.queue.bridge.0000.child: MainThread     : INFO    : send alive
2018-01-24 17:53:38,279: umgr.scheduling.queue.bridge.0000: umgr.scheduling.queue.bridge.0000.child: MainThread     : INFO    : send message: [umgr.scheduling.queue.bridge.0000.child] alive
2018-01-24 17:53:38,279: umgr.scheduling.queue.bridge.0000: task-manager                    : MainThread     : INFO    : recv message: alive
2018-01-24 17:53:38,279: umgr.scheduling.queue.bridge.0000: task-manager                    : MainThread     : DEBUG   : ru_initialize_common (NOOP)
2018-01-24 17:53:38,279: umgr.scheduling.queue.bridge.0000: task-manager                    : MainThread     : DEBUG   : ru_initialize_parent (NOOP)
2018-01-24 17:53:38,280: umgr.scheduling.queue.bridge.0000: task-manager                    : MainThread     : DEBUG   : parent name: umgr.scheduling.queue.bridge.0000.watch
2018-01-24 17:53:38,280: umgr.scheduling.queue.bridge.0000: task-manager                    : MainThread     : DEBUG   : start thread
2018-01-24 17:53:38,280: umgr.scheduling.queue.bridge.0000: task-manager                    : umgr.scheduling.queue.bridge.0000.watch: DEBUG   : child name: umgr.scheduling.queue.bridge.0000.watch.thread
2018-01-24 17:53:38,280: umgr.scheduling.queue.bridge.0000: task-manager                    : umgr.scheduling.queue.bridge.0000.watch: INFO    : child (me) initializing
2018-01-24 17:53:38,280: umgr.scheduling.queue.bridge.0000: task-manager                    : umgr.scheduling.queue.bridge.0000.watch: DEBUG   : ru_initialize_common (NOOP)
2018-01-24 17:53:38,280: umgr.scheduling.queue.bridge.0000: task-manager                    : umgr.scheduling.queue.bridge.0000.watch: DEBUG   : ru_initialize_child (NOOP)
2018-01-24 17:53:38,281: umgr.scheduling.queue.bridge.0000: task-manager                    : umgr.scheduling.queue.bridge.0000.watch: INFO    : send alive
2018-01-24 17:53:38,281: umgr.scheduling.queue.bridge.0000: task-manager                    : umgr.scheduling.queue.bridge.0000.watch: INFO    : put message: [umgr.scheduling.queue.bridge.0000.watch.thread] alive
2018-01-24 17:53:38,281: umgr.scheduling.queue.bridge.0000: task-manager                    : MainThread     : INFO    : get msg: alive
2018-01-24 17:53:38,281: umgr.scheduling.queue.bridge.0000: task-manager                    : MainThread     : DEBUG   : ru_initialize_common (NOOP)
2018-01-24 17:53:38,281: umgr.scheduling.queue.bridge.0000: task-manager                    : MainThread     : DEBUG   : ru_initialize_parent (NOOP)
2018-01-24 17:53:38,281: umgr.scheduling.queue.bridge.0000: task-manager                    : MainThread     : DEBUG   : child thread umgr.scheduling.queue.bridge.0000.watch started
2018-01-24 17:53:38,281: umgr.scheduling.queue.bridge.0000: task-manager                    : MainThread     : INFO    : child is alive
2018-01-24 17:53:38,281: umgr.scheduling.queue.bridge.0000: task-manager                    : MainThread     : DEBUG   : process class started child
2018-01-24 18:26:38,078: umgr.scheduling.queue.bridge.0000: umgr.scheduling.queue.bridge.0000.child: umgr.scheduling.queue.bridge.0000.child.watch: INFO    : recv message: 
2018-01-24 18:26:38,078: umgr.scheduling.queue.bridge.0000: umgr.scheduling.queue.bridge.0000.child: umgr.scheduling.queue.bridge.0000.child.watch: INFO    : message received: 
2018-01-24 18:26:38,078: umgr.scheduling.queue.bridge.0000: umgr.scheduling.queue.bridge.0000.child: umgr.scheduling.queue.bridge.0000.child.watch: WARNING : received empty string, parent closed ep
2018-01-24 18:26:38,078: umgr.scheduling.queue.bridge.0000: umgr.scheduling.queue.bridge.0000.child: umgr.scheduling.queue.bridge.0000.child.watch: INFO    : watcher closes
2018-01-24 18:26:38,079: umgr.scheduling.queue.bridge.0000: umgr.scheduling.queue.bridge.0000.child: umgr.scheduling.queue.bridge.0000.child.watch: INFO    : put message: [umgr.scheduling.queue.bridge.0000.child.watch.thread] work finished
2018-01-24 18:26:38,079: umgr.scheduling.queue.bridge.0000: umgr.scheduling.queue.bridge.0000.child: umgr.scheduling.queue.bridge.0000.child.watch: DEBUG   : ru_finalize_child (NOOP)
2018-01-24 18:26:38,079: umgr.scheduling.queue.bridge.0000: umgr.scheduling.queue.bridge.0000.child: umgr.scheduling.queue.bridge.0000.child.watch: DEBUG   : ru_finalize_common (NOOP)
2018-01-24 18:26:38,079: umgr.scheduling.queue.bridge.0000: umgr.scheduling.queue.bridge.0000.child: umgr.scheduling.queue.bridge.0000.child.watch: INFO    : put message: [umgr.scheduling.queue.bridge.0000.child.watch.thread] terminating
2018-01-24 18:26:38,729: umgr.scheduling.queue.bridge.0000: umgr.scheduling.queue.bridge.0000.child: MainThread     : INFO    : send message: [umgr.scheduling.queue.bridge.0000.child] work finished
2018-01-24 18:26:38,729: umgr.scheduling.queue.bridge.0000: umgr.scheduling.queue.bridge.0000.child: MainThread     : WARNING : send failed ([Errno 9] Bad file descriptor) - terminate
2018-01-24 18:26:38,729: umgr.scheduling.queue.bridge.0000: umgr.scheduling.queue.bridge.0000.child: MainThread     : DEBUG   : ru_finalize_child (NOOP)
2018-01-24 18:26:38,736: umgr.scheduling.queue.bridge.0000: umgr.scheduling.queue.bridge.0000.child: MainThread     : INFO    : send message: [umgr.scheduling.queue.bridge.0000.child] terminating
2018-01-24 18:26:38,737: umgr.scheduling.queue.bridge.0000: umgr.scheduling.queue.bridge.0000.child: MainThread     : WARNING : send failed ([Errno 9] Bad file descriptor) - terminate
