2018-01-24 16:25:54,620: update.0            : MainProcess                     : MainThread     : INFO    : python.interpreter   version: 2.7.6 (default, Jun 22 2015, 17:58:13) [GCC 4.8.2]
2018-01-24 16:25:54,621: update.0            : MainProcess                     : MainThread     : INFO    :                      pid: 5594
2018-01-24 16:25:54,621: update.0            : MainProcess                     : MainThread     : INFO    :                      tid: MainThread
2018-01-24 16:25:54,621: update.0            : MainProcess                     : MainThread     : INFO    : radical.pilot        version: 0.47.1
2018-01-24 16:25:54,766: update.0            : MainProcess                     : MainThread     : DEBUG   : alive check in term
2018-01-24 16:25:54,766: update.0            : MainProcess                     : MainThread     : DEBUG   : start process
2018-01-24 16:25:55,204: update.0            : MainProcess                     : MainThread     : INFO    : recv message: alive
2018-01-24 16:25:55,205: update.0            : MainProcess                     : MainThread     : INFO    : initialize update.0
2018-01-24 16:25:55,207: update.0            : MainProcess                     : MainThread     : INFO    : cfg: {'agents': {},
 u'bridges': {u'control_pubsub': {'addr_in': 'tcp://172.29.241.4:56388',
                                  'addr_out': 'tcp://172.29.241.4:59394',
                                  u'bulk_size': 0,
                                  u'log_level': u'debug',
                                  u'stall_hwm': 1},
              u'log_pubsub': {'addr_in': 'tcp://172.29.241.4:47935',
                              'addr_out': 'tcp://172.29.241.4:55068',
                              u'bulk_size': 0,
                              u'log_level': u'debug',
                              u'stall_hwm': 1},
              u'state_pubsub': {'addr_in': 'tcp://172.29.241.4:48985',
                                'addr_out': 'tcp://172.29.241.4:37842',
                                u'bulk_size': 0,
                                u'log_level': u'debug',
                                u'stall_hwm': 1}},
 'cname': u'UpdateWorker',
 u'components': {},
 u'count': 1,
 'dburl': 'mongodb://entk:entk@ds125126.mlab.com:25126/adbms-1',
 'debug': 'DEBUG',
 u'default_dburl': u'mongodb://rp:rp@ds015335.mlab.com:15335/rp',
 'logdir': '/home/vivek91/repos/adaptive-bms-experiments/task-count-adap/bin/rp.session.js-169-212.jetstream-cloud.org.vivek91.017555.0168',
 'number': 0,
 'owner': 'rp.session.js-169-212.jetstream-cloud.org.vivek91.017555.0168',
 'session_id': 'rp.session.js-169-212.jetstream-cloud.org.vivek91.017555.0168'}
2018-01-24 16:25:55,207: update.0            : MainProcess                     : MainThread     : DEBUG   : alive check in term
2018-01-24 16:25:55,207: update.0            : MainProcess                     : MainThread     : DEBUG   : START: update.0 register publisher log_pubsub
2018-01-24 16:25:55,207: update.0            : MainProcess                     : MainThread     : DEBUG   : using addr tcp://172.29.241.4:47935 for pubsub log_pubsub
2018-01-24 16:25:55,211: update.0            : MainProcess                     : MainThread     : DEBUG   : registered publisher : log_pubsub : log.pubsub.pub.0000
2018-01-24 16:25:55,211: update.0            : MainProcess                     : MainThread     : DEBUG   : alive check in term
2018-01-24 16:25:55,211: update.0            : MainProcess                     : MainThread     : DEBUG   : START: update.0 register publisher state_pubsub
2018-01-24 16:25:55,211: update.0            : MainProcess                     : MainThread     : DEBUG   : using addr tcp://172.29.241.4:48985 for pubsub state_pubsub
2018-01-24 16:25:55,214: update.0            : MainProcess                     : MainThread     : DEBUG   : registered publisher : state_pubsub : state.pubsub.pub.0000
2018-01-24 16:25:55,214: update.0            : MainProcess                     : MainThread     : DEBUG   : alive check in term
2018-01-24 16:25:55,214: update.0            : MainProcess                     : MainThread     : DEBUG   : START: update.0 register publisher control_pubsub
2018-01-24 16:25:55,214: update.0            : MainProcess                     : MainThread     : DEBUG   : using addr tcp://172.29.241.4:56388 for pubsub control_pubsub
2018-01-24 16:25:55,216: update.0            : MainProcess                     : MainThread     : DEBUG   : registered publisher : control_pubsub : control.pubsub.pub.0000
2018-01-24 16:25:55,216: update.0            : MainProcess                     : MainThread     : DEBUG   : parent name: update.0.watch
2018-01-24 16:25:55,216: update.0            : MainProcess                     : MainThread     : DEBUG   : start thread
2018-01-24 16:25:55,217: update.0            : MainProcess                     : update.0.watch : DEBUG   : child name: update.0.watch.thread
2018-01-24 16:25:55,217: update.0            : MainProcess                     : update.0.watch : INFO    : child (me) initializing
2018-01-24 16:25:55,217: update.0            : MainProcess                     : update.0.watch : DEBUG   : ru_initialize_common (NOOP)
2018-01-24 16:25:55,217: update.0            : MainProcess                     : update.0.watch : DEBUG   : ru_initialize_child (NOOP)
2018-01-24 16:25:55,217: update.0            : MainProcess                     : update.0.watch : INFO    : send alive
2018-01-24 16:25:55,217: update.0            : MainProcess                     : update.0.watch : INFO    : put message: [update.0.watch.thread] alive
2018-01-24 16:25:55,218: update.0            : MainProcess                     : MainThread     : INFO    : get msg: alive
2018-01-24 16:25:55,218: update.0            : MainProcess                     : MainThread     : DEBUG   : ru_initialize_common (NOOP)
2018-01-24 16:25:55,218: update.0            : MainProcess                     : MainThread     : DEBUG   : ru_initialize_parent (NOOP)
2018-01-24 16:25:55,219: update.0            : MainProcess                     : MainThread     : DEBUG   : child thread update.0.watch started
2018-01-24 16:25:55,219: update.0            : MainProcess                     : MainThread     : INFO    : child is alive
2018-01-24 16:25:55,219: update.0            : MainProcess                     : MainThread     : DEBUG   : process class started child
2018-01-24 18:26:54,252: update.0            : MainProcess                     : MainThread     : INFO    : stop update.0 (5594 : 5636 : MainThread) [radical.pilot.worker.update.Update.stop]
2018-01-24 18:26:54,289: update.0            : MainProcess                     : MainThread     : INFO    : parent stops child  5594 -> 5636 [update.0]
2018-01-24 18:26:54,289: update.0            : MainProcess                     : MainThread     : INFO    : send message: [update.0] STOP
2018-01-24 18:26:54,289: update.0            : MainProcess                     : MainThread     : DEBUG   : ru_finalize_common()
2018-01-24 18:26:54,289: update.0            : MainProcess                     : MainThread     : DEBUG   : TERM : update.0 unregister publisher log_pubsub
2018-01-24 18:26:54,290: update.0            : MainProcess                     : MainThread     : DEBUG   : unregistered publisher log_pubsub
2018-01-24 18:26:54,291: update.0            : MainProcess                     : MainThread     : DEBUG   : TERM : update.0 unregister publisher state_pubsub
2018-01-24 18:26:54,291: update.0            : MainProcess                     : MainThread     : DEBUG   : unregistered publisher state_pubsub
2018-01-24 18:26:54,291: update.0            : MainProcess                     : MainThread     : DEBUG   : TERM : update.0 unregister publisher control_pubsub
2018-01-24 18:26:54,292: update.0            : MainProcess                     : MainThread     : DEBUG   : unregistered publisher control_pubsub
2018-01-24 18:26:54,292: update.0            : MainProcess                     : MainThread     : DEBUG   : update.0 close prof
2018-01-24 18:26:54,314: update.0            : MainProcess                     : MainThread     : INFO    : parent stops child
2018-01-24 18:26:54,314: update.0            : MainProcess                     : MainThread     : DEBUG   : ru_finalize_parent (NOOP)
2018-01-24 18:26:54,314: update.0            : MainProcess                     : MainThread     : DEBUG   : ru_finalize_common (NOOP)
2018-01-24 18:26:54,348: update.0            : MainProcess                     : update.0.watch : INFO    : watcher closes
2018-01-24 18:26:54,348: update.0            : MainProcess                     : update.0.watch : INFO    : put message: [update.0.watch.thread] work finished
2018-01-24 18:26:54,349: update.0            : MainProcess                     : update.0.watch : DEBUG   : ru_finalize_child (NOOP)
2018-01-24 18:26:54,349: update.0            : MainProcess                     : update.0.watch : DEBUG   : ru_finalize_common (NOOP)
2018-01-24 18:26:54,349: update.0            : MainProcess                     : update.0.watch : INFO    : put message: [update.0.watch.thread] terminating
2018-01-24 18:26:56,984: update.0            : MainProcess                     : MainThread     : INFO    : stop update.0 (5594 : 5636 : MainThread) [radical.pilot.worker.update.Update.stop]
