2018-03-21 18:59:24,111: control.pubsub.sub.0000: update.0                        : MainThread     : INFO    : python.interpreter   version: 2.7.12 (default, Nov 20 2017, 18:23:56) [GCC 5.4.0 20160609]
2018-03-21 18:59:24,111: control.pubsub.sub.0000: update.0                        : MainThread     : INFO    :                      pid: 26923
2018-03-21 18:59:24,111: control.pubsub.sub.0000: update.0                        : MainThread     : INFO    :                      tid: MainThread
2018-03-21 18:59:24,112: control.pubsub.sub.0000: update.0                        : MainThread     : INFO    : radical.pilot        version: 0.47.1
2018-03-21 18:59:24,112: control.pubsub.sub.0000: update.0                        : MainThread     : INFO    : create control_pubsub - sub - tcp://138.201.86.166:41851
2018-03-21 18:59:24,114: control.pubsub.sub.0000: update.0                        : MainThread     : DEBUG   : start process
2018-03-21 18:59:24,115: control.pubsub.sub.0000: update.0                        : MainThread     : DEBUG   : ru_initialize_common (NOOP)
2018-03-21 18:59:24,115: control.pubsub.sub.0000: update.0                        : MainThread     : DEBUG   : ru_initialize_parent (NOOP)
2018-03-21 18:59:24,115: control.pubsub.sub.0000: update.0                        : MainThread     : DEBUG   : process class started (no child)
2018-03-21 18:59:24,980: control.pubsub.sub.0000: pmgr.0000.launching.0           : MainThread     : INFO    : python.interpreter   version: 2.7.12 (default, Nov 20 2017, 18:23:56) [GCC 5.4.0 20160609]
2018-03-21 18:59:24,980: control.pubsub.sub.0000: pmgr.0000.launching.0           : MainThread     : INFO    :                      pid: 26998
2018-03-21 18:59:24,980: control.pubsub.sub.0000: pmgr.0000.launching.0           : MainThread     : INFO    :                      tid: MainThread
2018-03-21 18:59:24,980: control.pubsub.sub.0000: pmgr.0000.launching.0           : MainThread     : INFO    : radical.pilot        version: 0.47.1
2018-03-21 18:59:24,980: control.pubsub.sub.0000: pmgr.0000.launching.0           : MainThread     : INFO    : create control_pubsub - sub - tcp://138.201.86.166:41851
2018-03-21 18:59:25,110: control.pubsub.sub.0000: pmgr.0000.launching.0           : MainThread     : DEBUG   : start process
2018-03-21 18:59:25,110: control.pubsub.sub.0000: pmgr.0000.launching.0           : MainThread     : DEBUG   : ru_initialize_common (NOOP)
2018-03-21 18:59:25,111: control.pubsub.sub.0000: pmgr.0000.launching.0           : MainThread     : DEBUG   : ru_initialize_parent (NOOP)
2018-03-21 18:59:25,111: control.pubsub.sub.0000: pmgr.0000.launching.0           : MainThread     : DEBUG   : process class started (no child)
2018-03-21 18:59:25,283: control.pubsub.sub.0000: MainProcess                     : MainThread     : INFO    : python.interpreter   version: 2.7.12 (default, Nov 20 2017, 18:23:56) [GCC 5.4.0 20160609]
2018-03-21 18:59:25,283: control.pubsub.sub.0000: MainProcess                     : MainThread     : INFO    :                      pid: 26823
2018-03-21 18:59:25,283: control.pubsub.sub.0000: MainProcess                     : MainThread     : INFO    :                      tid: MainThread
2018-03-21 18:59:25,283: control.pubsub.sub.0000: MainProcess                     : MainThread     : INFO    : radical.pilot        version: 0.47.1
2018-03-21 18:59:25,283: control.pubsub.sub.0000: MainProcess                     : MainThread     : INFO    : create control_pubsub - sub - tcp://138.201.86.166:41851
2018-03-21 18:59:25,288: control.pubsub.sub.0000: MainProcess                     : MainThread     : DEBUG   : start process
2018-03-21 18:59:25,289: control.pubsub.sub.0000: MainProcess                     : MainThread     : DEBUG   : ru_initialize_common (NOOP)
2018-03-21 18:59:25,289: control.pubsub.sub.0000: MainProcess                     : MainThread     : DEBUG   : ru_initialize_parent (NOOP)
2018-03-21 18:59:25,289: control.pubsub.sub.0000: MainProcess                     : MainThread     : DEBUG   : process class started (no child)
2018-03-21 20:26:12,322: control.pubsub.sub.0000: MainProcess                     : MainThread     : INFO    : parent stops child  26823 -> None [control.pubsub.sub.0000]
2018-03-21 20:26:12,322: control.pubsub.sub.0000: MainProcess                     : MainThread     : DEBUG   : ru_finalize_parent (NOOP)
2018-03-21 20:26:12,606: control.pubsub.sub.0000: update.0                        : MainThread     : INFO    : parent stops child  26923 -> None [control.pubsub.sub.0000]
2018-03-21 20:26:12,606: control.pubsub.sub.0000: update.0                        : MainThread     : DEBUG   : ru_finalize_parent (NOOP)
