2017-12-14 13:18:42,412: control.pubsub.sub.0001: pmgr.0000.launching.0           : MainThread     : INFO    : python.interpreter   version: 2.7.12 (default, Nov 20 2017, 18:23:56) [GCC 5.4.0 20160609]
2017-12-14 13:18:42,412: control.pubsub.sub.0001: pmgr.0000.launching.0           : MainThread     : INFO    :                      pid: 14795
2017-12-14 13:18:42,412: control.pubsub.sub.0001: pmgr.0000.launching.0           : MainThread     : INFO    :                      tid: MainThread
2017-12-14 13:18:42,412: control.pubsub.sub.0001: pmgr.0000.launching.0           : MainThread     : INFO    : radical.pilot        version: 0.47.1
2017-12-14 13:18:42,413: control.pubsub.sub.0001: pmgr.0000.launching.0           : MainThread     : INFO    : create control_pubsub - sub - tcp://172.30.238.6:38796
2017-12-14 13:18:42,413: control.pubsub.sub.0001: pmgr.0000.launching.0           : MainThread     : DEBUG   : start process
2017-12-14 13:18:42,414: control.pubsub.sub.0001: pmgr.0000.launching.0           : MainThread     : DEBUG   : ru_initialize_common (NOOP)
2017-12-14 13:18:42,414: control.pubsub.sub.0001: pmgr.0000.launching.0           : MainThread     : DEBUG   : ru_initialize_parent (NOOP)
2017-12-14 13:18:42,414: control.pubsub.sub.0001: pmgr.0000.launching.0           : MainThread     : DEBUG   : process class started (no child)
2017-12-14 13:19:59,746: control.pubsub.sub.0001: umgr.0000.staging.input.0       : MainThread     : INFO    : python.interpreter   version: 2.7.12 (default, Nov 20 2017, 18:23:56) [GCC 5.4.0 20160609]
2017-12-14 13:19:59,747: control.pubsub.sub.0001: umgr.0000.staging.input.0       : MainThread     : INFO    :                      pid: 16084
2017-12-14 13:19:59,747: control.pubsub.sub.0001: umgr.0000.staging.input.0       : MainThread     : INFO    :                      tid: MainThread
2017-12-14 13:19:59,747: control.pubsub.sub.0001: umgr.0000.staging.input.0       : MainThread     : INFO    : radical.pilot        version: 0.47.1
2017-12-14 13:19:59,747: control.pubsub.sub.0001: umgr.0000.staging.input.0       : MainThread     : INFO    : create control_pubsub - sub - tcp://172.30.238.6:38796
2017-12-14 13:19:59,747: control.pubsub.sub.0001: umgr.0000.staging.input.0       : MainThread     : DEBUG   : start process
2017-12-14 13:19:59,747: control.pubsub.sub.0001: umgr.0000.staging.input.0       : MainThread     : DEBUG   : ru_initialize_common (NOOP)
2017-12-14 13:19:59,747: control.pubsub.sub.0001: umgr.0000.staging.input.0       : MainThread     : DEBUG   : ru_initialize_parent (NOOP)
2017-12-14 13:19:59,747: control.pubsub.sub.0001: umgr.0000.staging.input.0       : MainThread     : DEBUG   : process class started (no child)
2017-12-14 13:20:01,860: control.pubsub.sub.0001: umgr.0000.staging.output.0      : MainThread     : INFO    : python.interpreter   version: 2.7.12 (default, Nov 20 2017, 18:23:56) [GCC 5.4.0 20160609]
2017-12-14 13:20:01,860: control.pubsub.sub.0001: umgr.0000.staging.output.0      : MainThread     : INFO    :                      pid: 16141
2017-12-14 13:20:01,860: control.pubsub.sub.0001: umgr.0000.staging.output.0      : MainThread     : INFO    :                      tid: MainThread
2017-12-14 13:20:01,860: control.pubsub.sub.0001: umgr.0000.staging.output.0      : MainThread     : INFO    : radical.pilot        version: 0.47.1
2017-12-14 13:20:01,861: control.pubsub.sub.0001: umgr.0000.staging.output.0      : MainThread     : INFO    : create control_pubsub - sub - tcp://172.30.238.6:38796
2017-12-14 13:20:01,861: control.pubsub.sub.0001: umgr.0000.staging.output.0      : MainThread     : DEBUG   : start process
2017-12-14 13:20:01,861: control.pubsub.sub.0001: umgr.0000.staging.output.0      : MainThread     : DEBUG   : ru_initialize_common (NOOP)
2017-12-14 13:20:01,861: control.pubsub.sub.0001: umgr.0000.staging.output.0      : MainThread     : DEBUG   : ru_initialize_parent (NOOP)
2017-12-14 13:20:01,861: control.pubsub.sub.0001: umgr.0000.staging.output.0      : MainThread     : DEBUG   : process class started (no child)
2017-12-14 13:20:03,975: control.pubsub.sub.0001: umgr.0000.scheduling.0          : MainThread     : INFO    : python.interpreter   version: 2.7.12 (default, Nov 20 2017, 18:23:56) [GCC 5.4.0 20160609]
2017-12-14 13:20:03,975: control.pubsub.sub.0001: umgr.0000.scheduling.0          : MainThread     : INFO    :                      pid: 16193
2017-12-14 13:20:03,975: control.pubsub.sub.0001: umgr.0000.scheduling.0          : MainThread     : INFO    :                      tid: MainThread
2017-12-14 13:20:03,975: control.pubsub.sub.0001: umgr.0000.scheduling.0          : MainThread     : INFO    : radical.pilot        version: 0.47.1
2017-12-14 13:20:03,975: control.pubsub.sub.0001: umgr.0000.scheduling.0          : MainThread     : INFO    : create control_pubsub - sub - tcp://172.30.238.6:38796
2017-12-14 13:20:03,976: control.pubsub.sub.0001: umgr.0000.scheduling.0          : MainThread     : DEBUG   : start process
2017-12-14 13:20:03,976: control.pubsub.sub.0001: umgr.0000.scheduling.0          : MainThread     : DEBUG   : ru_initialize_common (NOOP)
2017-12-14 13:20:03,976: control.pubsub.sub.0001: umgr.0000.scheduling.0          : MainThread     : DEBUG   : ru_initialize_parent (NOOP)
2017-12-14 13:20:03,976: control.pubsub.sub.0001: umgr.0000.scheduling.0          : MainThread     : DEBUG   : process class started (no child)
2017-12-14 14:30:38,342: control.pubsub.sub.0001: umgr.0000.scheduling.0          : umgr.0000.scheduling.0.child.subscriber._cancel_monitor_cb: INFO    : parent stops child  16193 -> None [control.pubsub.sub.0001]
2017-12-14 14:30:38,343: control.pubsub.sub.0001: umgr.0000.scheduling.0          : umgr.0000.scheduling.0.child.subscriber._cancel_monitor_cb: DEBUG   : ru_finalize_parent (NOOP)
2017-12-14 14:30:38,839: control.pubsub.sub.0001: umgr.0000.staging.input.0       : MainThread     : INFO    : parent stops child  16084 -> None [control.pubsub.sub.0001]
2017-12-14 14:30:38,839: control.pubsub.sub.0001: umgr.0000.staging.input.0       : MainThread     : DEBUG   : ru_finalize_parent (NOOP)
2017-12-14 14:30:39,289: control.pubsub.sub.0001: umgr.0000.staging.output.0      : MainThread     : INFO    : parent stops child  16141 -> None [control.pubsub.sub.0001]
2017-12-14 14:30:39,289: control.pubsub.sub.0001: umgr.0000.staging.output.0      : MainThread     : DEBUG   : ru_finalize_parent (NOOP)
