2017-12-14 13:18:34,839: rp.session.js-17-212.jetstream-cloud.org.vivek91.017514.1530: MainProcess                     : MainThread     : INFO    : python.interpreter   version: 2.7.12 (default, Nov 20 2017, 18:23:56) [GCC 5.4.0 20160609]
2017-12-14 13:18:34,839: rp.session.js-17-212.jetstream-cloud.org.vivek91.017514.1530: MainProcess                     : MainThread     : INFO    :                      pid: 14601
2017-12-14 13:18:34,839: rp.session.js-17-212.jetstream-cloud.org.vivek91.017514.1530: MainProcess                     : MainThread     : INFO    :                      tid: MainThread
2017-12-14 13:18:34,839: rp.session.js-17-212.jetstream-cloud.org.vivek91.017514.1530: MainProcess                     : MainThread     : INFO    : radical.pilot        version: 0.47.1
2017-12-14 13:18:34,839: rp.session.js-17-212.jetstream-cloud.org.vivek91.017514.1530: MainProcess                     : MainThread     : INFO    : using database mongodb://entk:entk@ds141406.mlab.com:41406/adap-task-count
2017-12-14 13:18:35,886: rp.session.js-17-212.jetstream-cloud.org.vivek91.017514.1530: MainProcess                     : MainThread     : INFO    : Load resource configurations from /home/vivek91/ves/paper-adap/local/lib/python2.7/site-packages/radical/pilot/configs/resource_ncsa.json
2017-12-14 13:18:35,899: rp.session.js-17-212.jetstream-cloud.org.vivek91.017514.1530: MainProcess                     : MainThread     : INFO    : Load resource configurations for ncsa.bw_orte
2017-12-14 13:18:35,900: rp.session.js-17-212.jetstream-cloud.org.vivek91.017514.1530: MainProcess                     : MainThread     : INFO    : Load resource configurations for ncsa.bw_ccm_ssh
2017-12-14 13:18:35,901: rp.session.js-17-212.jetstream-cloud.org.vivek91.017514.1530: MainProcess                     : MainThread     : INFO    : Load resource configurations for ncsa.bw_ortelib
2017-12-14 13:18:35,901: rp.session.js-17-212.jetstream-cloud.org.vivek91.017514.1530: MainProcess                     : MainThread     : INFO    : Load resource configurations for ncsa.bw_aprun
2017-12-14 13:18:35,902: rp.session.js-17-212.jetstream-cloud.org.vivek91.017514.1530: MainProcess                     : MainThread     : INFO    : Load resource configurations for ncsa.bw_local_orte
2017-12-14 13:18:35,903: rp.session.js-17-212.jetstream-cloud.org.vivek91.017514.1530: MainProcess                     : MainThread     : INFO    : Load resource configurations from /home/vivek91/ves/paper-adap/local/lib/python2.7/site-packages/radical/pilot/configs/resource_iu.json
2017-12-14 13:18:35,907: rp.session.js-17-212.jetstream-cloud.org.vivek91.017514.1530: MainProcess                     : MainThread     : INFO    : Load resource configurations for iu.bigred2_ccm_ssh
2017-12-14 13:18:35,908: rp.session.js-17-212.jetstream-cloud.org.vivek91.017514.1530: MainProcess                     : MainThread     : INFO    : Load resource configurations for iu.bigred2_aprun
2017-12-14 13:18:35,908: rp.session.js-17-212.jetstream-cloud.org.vivek91.017514.1530: MainProcess                     : MainThread     : INFO    : Load resource configurations from /home/vivek91/ves/paper-adap/local/lib/python2.7/site-packages/radical/pilot/configs/resource_osg.json
2017-12-14 13:18:35,913: rp.session.js-17-212.jetstream-cloud.org.vivek91.017514.1530: MainProcess                     : MainThread     : INFO    : Load resource configurations for osg.xsede-virt-clust
2017-12-14 13:18:35,914: rp.session.js-17-212.jetstream-cloud.org.vivek91.017514.1530: MainProcess                     : MainThread     : INFO    : Load resource configurations for osg.connect
2017-12-14 13:18:35,914: rp.session.js-17-212.jetstream-cloud.org.vivek91.017514.1530: MainProcess                     : MainThread     : INFO    : Load resource configurations from /home/vivek91/ves/paper-adap/local/lib/python2.7/site-packages/radical/pilot/configs/resource_yale.json
2017-12-14 13:18:35,916: rp.session.js-17-212.jetstream-cloud.org.vivek91.017514.1530: MainProcess                     : MainThread     : INFO    : Load resource configurations for yale.grace_ssh
2017-12-14 13:18:35,917: rp.session.js-17-212.jetstream-cloud.org.vivek91.017514.1530: MainProcess                     : MainThread     : INFO    : Load resource configurations from /home/vivek91/ves/paper-adap/local/lib/python2.7/site-packages/radical/pilot/configs/resource_lumc.json
2017-12-14 13:18:35,921: rp.session.js-17-212.jetstream-cloud.org.vivek91.017514.1530: MainProcess                     : MainThread     : INFO    : Load resource configurations for lumc.gb-ui_ssh
2017-12-14 13:18:35,922: rp.session.js-17-212.jetstream-cloud.org.vivek91.017514.1530: MainProcess                     : MainThread     : INFO    : Load resource configurations for lumc.shark_ssh
2017-12-14 13:18:35,922: rp.session.js-17-212.jetstream-cloud.org.vivek91.017514.1530: MainProcess                     : MainThread     : INFO    : Load resource configurations from /home/vivek91/ves/paper-adap/local/lib/python2.7/site-packages/radical/pilot/configs/resource_ornl.json
2017-12-14 13:18:35,929: rp.session.js-17-212.jetstream-cloud.org.vivek91.017514.1530: MainProcess                     : MainThread     : INFO    : Load resource configurations for ornl.titan_orte
2017-12-14 13:18:35,930: rp.session.js-17-212.jetstream-cloud.org.vivek91.017514.1530: MainProcess                     : MainThread     : INFO    : Load resource configurations for ornl.titan_aprun
2017-12-14 13:18:35,930: rp.session.js-17-212.jetstream-cloud.org.vivek91.017514.1530: MainProcess                     : MainThread     : INFO    : Load resource configurations for ornl.titan_ortelib
2017-12-14 13:18:35,931: rp.session.js-17-212.jetstream-cloud.org.vivek91.017514.1530: MainProcess                     : MainThread     : INFO    : Load resource configurations from /home/vivek91/ves/paper-adap/local/lib/python2.7/site-packages/radical/pilot/configs/resource_stfc.json
2017-12-14 13:18:35,933: rp.session.js-17-212.jetstream-cloud.org.vivek91.017514.1530: MainProcess                     : MainThread     : INFO    : Load resource configurations for stfc.joule_runjob
2017-12-14 13:18:35,933: rp.session.js-17-212.jetstream-cloud.org.vivek91.017514.1530: MainProcess                     : MainThread     : INFO    : Load resource configurations from /home/vivek91/ves/paper-adap/local/lib/python2.7/site-packages/radical/pilot/configs/resource_radical.json
2017-12-14 13:18:35,939: rp.session.js-17-212.jetstream-cloud.org.vivek91.017514.1530: MainProcess                     : MainThread     : INFO    : Load resource configurations for radical.two
2017-12-14 13:18:35,939: rp.session.js-17-212.jetstream-cloud.org.vivek91.017514.1530: MainProcess                     : MainThread     : INFO    : Load resource configurations for radical.tutorial
2017-12-14 13:18:35,939: rp.session.js-17-212.jetstream-cloud.org.vivek91.017514.1530: MainProcess                     : MainThread     : INFO    : Load resource configurations for radical.one
2017-12-14 13:18:35,940: rp.session.js-17-212.jetstream-cloud.org.vivek91.017514.1530: MainProcess                     : MainThread     : INFO    : Load resource configurations from /home/vivek91/ves/paper-adap/local/lib/python2.7/site-packages/radical/pilot/configs/resource_das4.json
2017-12-14 13:18:35,942: rp.session.js-17-212.jetstream-cloud.org.vivek91.017514.1530: MainProcess                     : MainThread     : INFO    : Load resource configurations for das4.fs2_ssh
2017-12-14 13:18:35,942: rp.session.js-17-212.jetstream-cloud.org.vivek91.017514.1530: MainProcess                     : MainThread     : INFO    : Load resource configurations from /home/vivek91/ves/paper-adap/local/lib/python2.7/site-packages/radical/pilot/configs/resource_nersc.json
2017-12-14 13:18:35,953: rp.session.js-17-212.jetstream-cloud.org.vivek91.017514.1530: MainProcess                     : MainThread     : INFO    : Load resource configurations for nersc.edison_ccm_ssh
2017-12-14 13:18:35,953: rp.session.js-17-212.jetstream-cloud.org.vivek91.017514.1530: MainProcess                     : MainThread     : INFO    : Load resource configurations for nersc.hopper_orte
2017-12-14 13:18:35,954: rp.session.js-17-212.jetstream-cloud.org.vivek91.017514.1530: MainProcess                     : MainThread     : INFO    : Load resource configurations for nersc.hopper_ccm_ssh
2017-12-14 13:18:35,955: rp.session.js-17-212.jetstream-cloud.org.vivek91.017514.1530: MainProcess                     : MainThread     : INFO    : Load resource configurations for nersc.edison_aprun
2017-12-14 13:18:35,955: rp.session.js-17-212.jetstream-cloud.org.vivek91.017514.1530: MainProcess                     : MainThread     : INFO    : Load resource configurations for nersc.hopper_aprun
2017-12-14 13:18:35,955: rp.session.js-17-212.jetstream-cloud.org.vivek91.017514.1530: MainProcess                     : MainThread     : INFO    : Load resource configurations for nersc.edison_orte
2017-12-14 13:18:35,956: rp.session.js-17-212.jetstream-cloud.org.vivek91.017514.1530: MainProcess                     : MainThread     : INFO    : Load resource configurations from /home/vivek91/ves/paper-adap/local/lib/python2.7/site-packages/radical/pilot/configs/resource_xsede.json
2017-12-14 13:18:35,991: rp.session.js-17-212.jetstream-cloud.org.vivek91.017514.1530: MainProcess                     : MainThread     : INFO    : Load resource configurations for xsede.gordon_ssh
2017-12-14 13:18:35,991: rp.session.js-17-212.jetstream-cloud.org.vivek91.017514.1530: MainProcess                     : MainThread     : INFO    : Load resource configurations for xsede.lonestar_ssh
2017-12-14 13:18:35,992: rp.session.js-17-212.jetstream-cloud.org.vivek91.017514.1530: MainProcess                     : MainThread     : INFO    : Load resource configurations for xsede.supermic_spark
2017-12-14 13:18:35,992: rp.session.js-17-212.jetstream-cloud.org.vivek91.017514.1530: MainProcess                     : MainThread     : INFO    : Load resource configurations for xsede.wrangler_yarn
2017-12-14 13:18:35,992: rp.session.js-17-212.jetstream-cloud.org.vivek91.017514.1530: MainProcess                     : MainThread     : INFO    : Load resource configurations for xsede.blacklight_ssh
2017-12-14 13:18:35,993: rp.session.js-17-212.jetstream-cloud.org.vivek91.017514.1530: MainProcess                     : MainThread     : INFO    : Load resource configurations for xsede.stampede_ortelib
2017-12-14 13:18:35,993: rp.session.js-17-212.jetstream-cloud.org.vivek91.017514.1530: MainProcess                     : MainThread     : INFO    : Load resource configurations for xsede.stampede_yarn
2017-12-14 13:18:35,993: rp.session.js-17-212.jetstream-cloud.org.vivek91.017514.1530: MainProcess                     : MainThread     : INFO    : Load resource configurations for xsede.stampede_ssh
2017-12-14 13:18:35,994: rp.session.js-17-212.jetstream-cloud.org.vivek91.017514.1530: MainProcess                     : MainThread     : INFO    : Load resource configurations for xsede.greenfield
2017-12-14 13:18:35,994: rp.session.js-17-212.jetstream-cloud.org.vivek91.017514.1530: MainProcess                     : MainThread     : INFO    : Load resource configurations for xsede.bridges
2017-12-14 13:18:35,995: rp.session.js-17-212.jetstream-cloud.org.vivek91.017514.1530: MainProcess                     : MainThread     : INFO    : Load resource configurations for xsede.trestles_ssh
2017-12-14 13:18:35,995: rp.session.js-17-212.jetstream-cloud.org.vivek91.017514.1530: MainProcess                     : MainThread     : INFO    : Load resource configurations for xsede.supermic_ortelib
2017-12-14 13:18:35,995: rp.session.js-17-212.jetstream-cloud.org.vivek91.017514.1530: MainProcess                     : MainThread     : INFO    : Load resource configurations for xsede.stampede2_ssh
2017-12-14 13:18:35,996: rp.session.js-17-212.jetstream-cloud.org.vivek91.017514.1530: MainProcess                     : MainThread     : INFO    : Load resource configurations for xsede.supermic_ssh
2017-12-14 13:18:35,996: rp.session.js-17-212.jetstream-cloud.org.vivek91.017514.1530: MainProcess                     : MainThread     : INFO    : Load resource configurations for xsede.wrangler_ssh
2017-12-14 13:18:35,996: rp.session.js-17-212.jetstream-cloud.org.vivek91.017514.1530: MainProcess                     : MainThread     : INFO    : Load resource configurations for xsede.supermic_orte
2017-12-14 13:18:35,997: rp.session.js-17-212.jetstream-cloud.org.vivek91.017514.1530: MainProcess                     : MainThread     : INFO    : Load resource configurations for xsede.wrangler_spark
2017-12-14 13:18:35,997: rp.session.js-17-212.jetstream-cloud.org.vivek91.017514.1530: MainProcess                     : MainThread     : INFO    : Load resource configurations for xsede.stampede_orte
2017-12-14 13:18:35,998: rp.session.js-17-212.jetstream-cloud.org.vivek91.017514.1530: MainProcess                     : MainThread     : INFO    : Load resource configurations for xsede.comet_ortelib
2017-12-14 13:18:35,998: rp.session.js-17-212.jetstream-cloud.org.vivek91.017514.1530: MainProcess                     : MainThread     : INFO    : Load resource configurations for xsede.comet_orte
2017-12-14 13:18:35,998: rp.session.js-17-212.jetstream-cloud.org.vivek91.017514.1530: MainProcess                     : MainThread     : INFO    : Load resource configurations for xsede.comet_spark
2017-12-14 13:18:35,999: rp.session.js-17-212.jetstream-cloud.org.vivek91.017514.1530: MainProcess                     : MainThread     : INFO    : Load resource configurations for xsede.comet_ssh
2017-12-14 13:18:35,999: rp.session.js-17-212.jetstream-cloud.org.vivek91.017514.1530: MainProcess                     : MainThread     : INFO    : Load resource configurations for xsede.stampede_spark
2017-12-14 13:18:35,999: rp.session.js-17-212.jetstream-cloud.org.vivek91.017514.1530: MainProcess                     : MainThread     : INFO    : Load resource configurations from /home/vivek91/ves/paper-adap/local/lib/python2.7/site-packages/radical/pilot/configs/resource_chameleon.json
2017-12-14 13:18:36,001: rp.session.js-17-212.jetstream-cloud.org.vivek91.017514.1530: MainProcess                     : MainThread     : INFO    : Load resource configurations for chameleon.cloud_vm_yarn
2017-12-14 13:18:36,001: rp.session.js-17-212.jetstream-cloud.org.vivek91.017514.1530: MainProcess                     : MainThread     : INFO    : Load resource configurations from /home/vivek91/ves/paper-adap/local/lib/python2.7/site-packages/radical/pilot/configs/resource_epsrc.json
2017-12-14 13:18:36,004: rp.session.js-17-212.jetstream-cloud.org.vivek91.017514.1530: MainProcess                     : MainThread     : INFO    : Load resource configurations for epsrc.archer_orte
2017-12-14 13:18:36,004: rp.session.js-17-212.jetstream-cloud.org.vivek91.017514.1530: MainProcess                     : MainThread     : INFO    : Load resource configurations for epsrc.archer_aprun
2017-12-14 13:18:36,005: rp.session.js-17-212.jetstream-cloud.org.vivek91.017514.1530: MainProcess                     : MainThread     : INFO    : Load resource configurations from /home/vivek91/ves/paper-adap/local/lib/python2.7/site-packages/radical/pilot/configs/resource_futuregrid.json
2017-12-14 13:18:36,012: rp.session.js-17-212.jetstream-cloud.org.vivek91.017514.1530: MainProcess                     : MainThread     : INFO    : Load resource configurations for futuregrid.delta_ssh
2017-12-14 13:18:36,012: rp.session.js-17-212.jetstream-cloud.org.vivek91.017514.1530: MainProcess                     : MainThread     : INFO    : Load resource configurations for futuregrid.india_ssh
2017-12-14 13:18:36,012: rp.session.js-17-212.jetstream-cloud.org.vivek91.017514.1530: MainProcess                     : MainThread     : INFO    : Load resource configurations for futuregrid.echo_ssh
2017-12-14 13:18:36,012: rp.session.js-17-212.jetstream-cloud.org.vivek91.017514.1530: MainProcess                     : MainThread     : INFO    : Load resource configurations for futuregrid.xray_ccm
2017-12-14 13:18:36,013: rp.session.js-17-212.jetstream-cloud.org.vivek91.017514.1530: MainProcess                     : MainThread     : INFO    : Load resource configurations for futuregrid.bravo_ssh
2017-12-14 13:18:36,013: rp.session.js-17-212.jetstream-cloud.org.vivek91.017514.1530: MainProcess                     : MainThread     : INFO    : Load resource configurations for futuregrid.xray_aprun
2017-12-14 13:18:36,013: rp.session.js-17-212.jetstream-cloud.org.vivek91.017514.1530: MainProcess                     : MainThread     : INFO    : Load resource configurations from /home/vivek91/ves/paper-adap/local/lib/python2.7/site-packages/radical/pilot/configs/resource_local.json
2017-12-14 13:18:36,021: rp.session.js-17-212.jetstream-cloud.org.vivek91.017514.1530: MainProcess                     : MainThread     : INFO    : Load resource configurations for local.localhost_orte
2017-12-14 13:18:36,021: rp.session.js-17-212.jetstream-cloud.org.vivek91.017514.1530: MainProcess                     : MainThread     : INFO    : Load resource configurations for local.localhost_anaconda
2017-12-14 13:18:36,021: rp.session.js-17-212.jetstream-cloud.org.vivek91.017514.1530: MainProcess                     : MainThread     : INFO    : Load resource configurations for local.localhost_ortelib
2017-12-14 13:18:36,022: rp.session.js-17-212.jetstream-cloud.org.vivek91.017514.1530: MainProcess                     : MainThread     : INFO    : Load resource configurations for local.localhost
2017-12-14 13:18:36,022: rp.session.js-17-212.jetstream-cloud.org.vivek91.017514.1530: MainProcess                     : MainThread     : INFO    : Load resource configurations for local.localhost_spark
2017-12-14 13:18:36,022: rp.session.js-17-212.jetstream-cloud.org.vivek91.017514.1530: MainProcess                     : MainThread     : INFO    : Load resource configurations for local.localhost_spark_anaconda
2017-12-14 13:18:36,023: rp.session.js-17-212.jetstream-cloud.org.vivek91.017514.1530: MainProcess                     : MainThread     : INFO    : Load resource configurations for local.localhost_yarn
2017-12-14 13:18:36,023: rp.session.js-17-212.jetstream-cloud.org.vivek91.017514.1530: MainProcess                     : MainThread     : INFO    : Load resource configurations from /home/vivek91/ves/paper-adap/local/lib/python2.7/site-packages/radical/pilot/configs/resource_aliases.json
2017-12-14 13:18:36,023: rp.session.js-17-212.jetstream-cloud.org.vivek91.017514.1530: MainProcess                     : MainThread     : INFO    : Load resource configurations from /home/vivek91/ves/paper-adap/local/lib/python2.7/site-packages/radical/pilot/configs/resource_lrz.json
2017-12-14 13:18:36,025: rp.session.js-17-212.jetstream-cloud.org.vivek91.017514.1530: MainProcess                     : MainThread     : INFO    : Load resource configurations for lrz.supermuc_ssh
2017-12-14 13:18:36,025: rp.session.js-17-212.jetstream-cloud.org.vivek91.017514.1530: MainProcess                     : MainThread     : INFO    : Load resource configurations from /home/vivek91/ves/paper-adap/local/lib/python2.7/site-packages/radical/pilot/configs/resource_rice.json
2017-12-14 13:18:36,027: rp.session.js-17-212.jetstream-cloud.org.vivek91.017514.1530: MainProcess                     : MainThread     : INFO    : Load resource configurations for rice.davinci_ssh
2017-12-14 13:18:36,027: rp.session.js-17-212.jetstream-cloud.org.vivek91.017514.1530: MainProcess                     : MainThread     : INFO    : Load resource configurations for rice.biou_ssh
2017-12-14 13:18:36,027: rp.session.js-17-212.jetstream-cloud.org.vivek91.017514.1530: MainProcess                     : MainThread     : INFO    : Load resource configurations from /home/vivek91/ves/paper-adap/local/lib/python2.7/site-packages/radical/pilot/configs/resource_ncar.json
2017-12-14 13:18:36,029: rp.session.js-17-212.jetstream-cloud.org.vivek91.017514.1530: MainProcess                     : MainThread     : INFO    : Load resource configurations for ncar.yellowstone_ssh
2017-12-14 13:18:36,029: rp.session.js-17-212.jetstream-cloud.org.vivek91.017514.1530: MainProcess                     : MainThread     : INFO    : Load resource configurations from /home/vivek91/ves/paper-adap/local/lib/python2.7/site-packages/radical/pilot/configs/resource_das5.json
2017-12-14 13:18:36,030: rp.session.js-17-212.jetstream-cloud.org.vivek91.017514.1530: MainProcess                     : MainThread     : INFO    : Load resource configurations for das5.fs1_ssh
2017-12-14 13:18:36,030: rp.session.js-17-212.jetstream-cloud.org.vivek91.017514.1530: MainProcess                     : MainThread     : INFO    : Load resource configurations from /home/vivek91/ves/paper-adap/local/lib/python2.7/site-packages/radical/pilot/configs/resource_fub.json
2017-12-14 13:18:36,031: rp.session.js-17-212.jetstream-cloud.org.vivek91.017514.1530: MainProcess                     : MainThread     : INFO    : Load resource configurations for fub.allegro_rsh
2017-12-14 13:18:36,577: rp.session.js-17-212.jetstream-cloud.org.vivek91.017514.1530: MainProcess                     : MainThread     : INFO    : New Session created: rp.session.js-17-212.jetstream-cloud.org.vivek91.017514.1530.
2017-12-14 13:18:36,578: rp.session.js-17-212.jetstream-cloud.org.vivek91.017514.1530: MainProcess                     : MainThread     : DEBUG   : start bridges   : {u'control_pubsub': {u'bulk_size': 0, u'log_level': u'debug', u'stall_hwm': 1},
 u'log_pubsub': {u'bulk_size': 0, u'log_level': u'debug', u'stall_hwm': 1},
 u'state_pubsub': {u'bulk_size': 0, u'log_level': u'debug', u'stall_hwm': 1}}
2017-12-14 13:18:36,578: rp.session.js-17-212.jetstream-cloud.org.vivek91.017514.1530: MainProcess                     : MainThread     : INFO    : create bridge control_pubsub
2017-12-14 13:18:36,604: rp.session.js-17-212.jetstream-cloud.org.vivek91.017514.1530: MainProcess                     : MainThread     : INFO    : created bridge control_pubsub (control.pubsub.bridge.0000)
2017-12-14 13:18:36,604: rp.session.js-17-212.jetstream-cloud.org.vivek91.017514.1530: MainProcess                     : MainThread     : INFO    : create bridge state_pubsub
2017-12-14 13:18:36,626: rp.session.js-17-212.jetstream-cloud.org.vivek91.017514.1530: MainProcess                     : MainThread     : INFO    : created bridge state_pubsub (state.pubsub.bridge.0000)
2017-12-14 13:18:36,626: rp.session.js-17-212.jetstream-cloud.org.vivek91.017514.1530: MainProcess                     : MainThread     : INFO    : create bridge log_pubsub
2017-12-14 13:18:36,646: rp.session.js-17-212.jetstream-cloud.org.vivek91.017514.1530: MainProcess                     : MainThread     : INFO    : created bridge log_pubsub (log.pubsub.bridge.0000)
2017-12-14 13:18:36,647: rp.session.js-17-212.jetstream-cloud.org.vivek91.017514.1530: MainProcess                     : MainThread     : DEBUG   : start components: {u'UpdateWorker': {u'count': 1}}
2017-12-14 13:18:36,647: rp.session.js-17-212.jetstream-cloud.org.vivek91.017514.1530: MainProcess                     : MainThread     : DEBUG   : start 1 component(s) UpdateWorker
2017-12-14 13:18:39,171: rp.session.js-17-212.jetstream-cloud.org.vivek91.017514.1530: MainProcess                     : MainThread     : INFO    : rp.session.js-17-212.jetstream-cloud.org.vivek91.017514.1530 starts update.0
2017-12-14 13:18:42,593: rp.session.js-17-212.jetstream-cloud.org.vivek91.017514.1530: MainProcess                     : MainThread     : WARNING : using alias 'xsede.supermic_ssh' for deprecated resource key 'xsede.supermic'
2017-12-14 13:18:42,594: rp.session.js-17-212.jetstream-cloud.org.vivek91.017514.1530: MainProcess                     : MainThread     : WARNING : using alias 'xsede.supermic_ssh' for deprecated resource key 'xsede.supermic'
2017-12-14 13:18:42,594: rp.session.js-17-212.jetstream-cloud.org.vivek91.017514.1530: MainProcess                     : MainThread     : DEBUG   : rsup.PTYShell('gsissh://supermic.cct-lsu.xsede.org:2222/')
2017-12-14 13:18:44,810: rp.session.js-17-212.jetstream-cloud.org.vivek91.017514.1530: MainProcess                     : MainThread     : DEBUG   : sandbox base gsissh://supermic.cct-lsu.xsede.org:2222/: '/work/vivek91'
2017-12-14 13:18:44,961: rp.session.js-17-212.jetstream-cloud.org.vivek91.017514.1530: MainProcess                     : MainThread     : DEBUG   : bulk pilot insert result: {'nModified': 0, 'nUpserted': 0, 'nMatched': 0, 'writeErrors': [], 'upserted': [], 'writeConcernErrors': [], 'nRemoved': 0, 'nInserted': 1}
2017-12-14 13:18:44,967: rp.session.js-17-212.jetstream-cloud.org.vivek91.017514.1530: pmgr.0000.launching.0           : MainThread     : WARNING : using alias 'xsede.supermic_ssh' for deprecated resource key 'xsede.supermic'
2017-12-14 13:18:44,972: rp.session.js-17-212.jetstream-cloud.org.vivek91.017514.1530: pmgr.0000.launching.0           : MainThread     : WARNING : using alias 'xsede.supermic_ssh' for deprecated resource key 'xsede.supermic'
2017-12-14 13:18:44,972: rp.session.js-17-212.jetstream-cloud.org.vivek91.017514.1530: pmgr.0000.launching.0           : MainThread     : DEBUG   : rsup.PTYShell('gsissh://supermic.cct-lsu.xsede.org:2222/')
2017-12-14 13:18:46,300: rp.session.js-17-212.jetstream-cloud.org.vivek91.017514.1530: pmgr.0000.launching.0           : MainThread     : DEBUG   : sandbox base gsissh://supermic.cct-lsu.xsede.org:2222/: '/work/vivek91'
2017-12-14 13:20:04,486: rp.session.js-17-212.jetstream-cloud.org.vivek91.017514.1530: task-manager                    : MainThread     : DEBUG   : bulk unit insert result: {'nModified': 0, 'nUpserted': 0, 'nMatched': 0, 'writeErrors': [], 'upserted': [], 'writeConcernErrors': [], 'nRemoved': 0, 'nInserted': 1}
2017-12-14 13:21:09,793: rp.session.js-17-212.jetstream-cloud.org.vivek91.017514.1530: task-manager                    : MainThread     : DEBUG   : bulk unit insert result: {'nModified': 0, 'nUpserted': 0, 'nMatched': 0, 'writeErrors': [], 'upserted': [], 'writeConcernErrors': [], 'nRemoved': 0, 'nInserted': 1}
2017-12-14 13:22:15,002: rp.session.js-17-212.jetstream-cloud.org.vivek91.017514.1530: task-manager                    : MainThread     : DEBUG   : bulk unit insert result: {'nModified': 0, 'nUpserted': 0, 'nMatched': 0, 'writeErrors': [], 'upserted': [], 'writeConcernErrors': [], 'nRemoved': 0, 'nInserted': 1}
2017-12-14 13:23:20,271: rp.session.js-17-212.jetstream-cloud.org.vivek91.017514.1530: task-manager                    : MainThread     : DEBUG   : bulk unit insert result: {'nModified': 0, 'nUpserted': 0, 'nMatched': 0, 'writeErrors': [], 'upserted': [], 'writeConcernErrors': [], 'nRemoved': 0, 'nInserted': 1}
2017-12-14 13:24:24,437: rp.session.js-17-212.jetstream-cloud.org.vivek91.017514.1530: task-manager                    : MainThread     : DEBUG   : bulk unit insert result: {'nModified': 0, 'nUpserted': 0, 'nMatched': 0, 'writeErrors': [], 'upserted': [], 'writeConcernErrors': [], 'nRemoved': 0, 'nInserted': 1}
2017-12-14 13:25:28,611: rp.session.js-17-212.jetstream-cloud.org.vivek91.017514.1530: task-manager                    : MainThread     : DEBUG   : bulk unit insert result: {'nModified': 0, 'nUpserted': 0, 'nMatched': 0, 'writeErrors': [], 'upserted': [], 'writeConcernErrors': [], 'nRemoved': 0, 'nInserted': 1}
2017-12-14 13:26:33,852: rp.session.js-17-212.jetstream-cloud.org.vivek91.017514.1530: task-manager                    : MainThread     : DEBUG   : bulk unit insert result: {'nModified': 0, 'nUpserted': 0, 'nMatched': 0, 'writeErrors': [], 'upserted': [], 'writeConcernErrors': [], 'nRemoved': 0, 'nInserted': 1}
2017-12-14 13:27:39,394: rp.session.js-17-212.jetstream-cloud.org.vivek91.017514.1530: task-manager                    : MainThread     : DEBUG   : bulk unit insert result: {'nModified': 0, 'nUpserted': 0, 'nMatched': 0, 'writeErrors': [], 'upserted': [], 'writeConcernErrors': [], 'nRemoved': 0, 'nInserted': 1}
2017-12-14 13:28:44,354: rp.session.js-17-212.jetstream-cloud.org.vivek91.017514.1530: task-manager                    : MainThread     : DEBUG   : bulk unit insert result: {'nModified': 0, 'nUpserted': 0, 'nMatched': 0, 'writeErrors': [], 'upserted': [], 'writeConcernErrors': [], 'nRemoved': 0, 'nInserted': 1}
2017-12-14 13:29:49,300: rp.session.js-17-212.jetstream-cloud.org.vivek91.017514.1530: task-manager                    : MainThread     : DEBUG   : bulk unit insert result: {'nModified': 0, 'nUpserted': 0, 'nMatched': 0, 'writeErrors': [], 'upserted': [], 'writeConcernErrors': [], 'nRemoved': 0, 'nInserted': 1}
2017-12-14 13:30:53,169: rp.session.js-17-212.jetstream-cloud.org.vivek91.017514.1530: task-manager                    : MainThread     : DEBUG   : bulk unit insert result: {'nModified': 0, 'nUpserted': 0, 'nMatched': 0, 'writeErrors': [], 'upserted': [], 'writeConcernErrors': [], 'nRemoved': 0, 'nInserted': 1}
2017-12-14 13:31:58,137: rp.session.js-17-212.jetstream-cloud.org.vivek91.017514.1530: task-manager                    : MainThread     : DEBUG   : bulk unit insert result: {'nModified': 0, 'nUpserted': 0, 'nMatched': 0, 'writeErrors': [], 'upserted': [], 'writeConcernErrors': [], 'nRemoved': 0, 'nInserted': 1}
2017-12-14 13:33:03,061: rp.session.js-17-212.jetstream-cloud.org.vivek91.017514.1530: task-manager                    : MainThread     : DEBUG   : bulk unit insert result: {'nModified': 0, 'nUpserted': 0, 'nMatched': 0, 'writeErrors': [], 'upserted': [], 'writeConcernErrors': [], 'nRemoved': 0, 'nInserted': 1}
2017-12-14 13:34:07,011: rp.session.js-17-212.jetstream-cloud.org.vivek91.017514.1530: task-manager                    : MainThread     : DEBUG   : bulk unit insert result: {'nModified': 0, 'nUpserted': 0, 'nMatched': 0, 'writeErrors': [], 'upserted': [], 'writeConcernErrors': [], 'nRemoved': 0, 'nInserted': 1}
2017-12-14 13:35:11,950: rp.session.js-17-212.jetstream-cloud.org.vivek91.017514.1530: task-manager                    : MainThread     : DEBUG   : bulk unit insert result: {'nModified': 0, 'nUpserted': 0, 'nMatched': 0, 'writeErrors': [], 'upserted': [], 'writeConcernErrors': [], 'nRemoved': 0, 'nInserted': 1}
2017-12-14 13:36:15,887: rp.session.js-17-212.jetstream-cloud.org.vivek91.017514.1530: task-manager                    : MainThread     : DEBUG   : bulk unit insert result: {'nModified': 0, 'nUpserted': 0, 'nMatched': 0, 'writeErrors': [], 'upserted': [], 'writeConcernErrors': [], 'nRemoved': 0, 'nInserted': 1}
2017-12-14 13:37:20,815: rp.session.js-17-212.jetstream-cloud.org.vivek91.017514.1530: task-manager                    : MainThread     : DEBUG   : bulk unit insert result: {'nModified': 0, 'nUpserted': 0, 'nMatched': 0, 'writeErrors': [], 'upserted': [], 'writeConcernErrors': [], 'nRemoved': 0, 'nInserted': 1}
2017-12-14 13:38:27,279: rp.session.js-17-212.jetstream-cloud.org.vivek91.017514.1530: task-manager                    : MainThread     : DEBUG   : bulk unit insert result: {'nModified': 0, 'nUpserted': 0, 'nMatched': 0, 'writeErrors': [], 'upserted': [], 'writeConcernErrors': [], 'nRemoved': 0, 'nInserted': 1}
2017-12-14 13:39:33,829: rp.session.js-17-212.jetstream-cloud.org.vivek91.017514.1530: task-manager                    : MainThread     : DEBUG   : bulk unit insert result: {'nModified': 0, 'nUpserted': 0, 'nMatched': 0, 'writeErrors': [], 'upserted': [], 'writeConcernErrors': [], 'nRemoved': 0, 'nInserted': 1}
2017-12-14 13:40:37,187: rp.session.js-17-212.jetstream-cloud.org.vivek91.017514.1530: task-manager                    : MainThread     : DEBUG   : bulk unit insert result: {'nModified': 0, 'nUpserted': 0, 'nMatched': 0, 'writeErrors': [], 'upserted': [], 'writeConcernErrors': [], 'nRemoved': 0, 'nInserted': 1}
2017-12-14 13:41:41,441: rp.session.js-17-212.jetstream-cloud.org.vivek91.017514.1530: task-manager                    : MainThread     : DEBUG   : bulk unit insert result: {'nModified': 0, 'nUpserted': 0, 'nMatched': 0, 'writeErrors': [], 'upserted': [], 'writeConcernErrors': [], 'nRemoved': 0, 'nInserted': 1}
2017-12-14 13:42:45,848: rp.session.js-17-212.jetstream-cloud.org.vivek91.017514.1530: task-manager                    : MainThread     : DEBUG   : bulk unit insert result: {'nModified': 0, 'nUpserted': 0, 'nMatched': 0, 'writeErrors': [], 'upserted': [], 'writeConcernErrors': [], 'nRemoved': 0, 'nInserted': 1}
2017-12-14 13:43:50,229: rp.session.js-17-212.jetstream-cloud.org.vivek91.017514.1530: task-manager                    : MainThread     : DEBUG   : bulk unit insert result: {'nModified': 0, 'nUpserted': 0, 'nMatched': 0, 'writeErrors': [], 'upserted': [], 'writeConcernErrors': [], 'nRemoved': 0, 'nInserted': 1}
2017-12-14 13:44:55,768: rp.session.js-17-212.jetstream-cloud.org.vivek91.017514.1530: task-manager                    : MainThread     : DEBUG   : bulk unit insert result: {'nModified': 0, 'nUpserted': 0, 'nMatched': 0, 'writeErrors': [], 'upserted': [], 'writeConcernErrors': [], 'nRemoved': 0, 'nInserted': 1}
2017-12-14 13:46:00,127: rp.session.js-17-212.jetstream-cloud.org.vivek91.017514.1530: task-manager                    : MainThread     : DEBUG   : bulk unit insert result: {'nModified': 0, 'nUpserted': 0, 'nMatched': 0, 'writeErrors': [], 'upserted': [], 'writeConcernErrors': [], 'nRemoved': 0, 'nInserted': 1}
2017-12-14 13:47:03,381: rp.session.js-17-212.jetstream-cloud.org.vivek91.017514.1530: task-manager                    : MainThread     : DEBUG   : bulk unit insert result: {'nModified': 0, 'nUpserted': 0, 'nMatched': 0, 'writeErrors': [], 'upserted': [], 'writeConcernErrors': [], 'nRemoved': 0, 'nInserted': 1}
2017-12-14 13:48:09,986: rp.session.js-17-212.jetstream-cloud.org.vivek91.017514.1530: task-manager                    : MainThread     : DEBUG   : bulk unit insert result: {'nModified': 0, 'nUpserted': 0, 'nMatched': 0, 'writeErrors': [], 'upserted': [], 'writeConcernErrors': [], 'nRemoved': 0, 'nInserted': 1}
2017-12-14 13:49:14,264: rp.session.js-17-212.jetstream-cloud.org.vivek91.017514.1530: task-manager                    : MainThread     : DEBUG   : bulk unit insert result: {'nModified': 0, 'nUpserted': 0, 'nMatched': 0, 'writeErrors': [], 'upserted': [], 'writeConcernErrors': [], 'nRemoved': 0, 'nInserted': 1}
2017-12-14 13:50:18,666: rp.session.js-17-212.jetstream-cloud.org.vivek91.017514.1530: task-manager                    : MainThread     : DEBUG   : bulk unit insert result: {'nModified': 0, 'nUpserted': 0, 'nMatched': 0, 'writeErrors': [], 'upserted': [], 'writeConcernErrors': [], 'nRemoved': 0, 'nInserted': 1}
2017-12-14 13:51:24,159: rp.session.js-17-212.jetstream-cloud.org.vivek91.017514.1530: task-manager                    : MainThread     : DEBUG   : bulk unit insert result: {'nModified': 0, 'nUpserted': 0, 'nMatched': 0, 'writeErrors': [], 'upserted': [], 'writeConcernErrors': [], 'nRemoved': 0, 'nInserted': 1}
2017-12-14 13:52:29,703: rp.session.js-17-212.jetstream-cloud.org.vivek91.017514.1530: task-manager                    : MainThread     : DEBUG   : bulk unit insert result: {'nModified': 0, 'nUpserted': 0, 'nMatched': 0, 'writeErrors': [], 'upserted': [], 'writeConcernErrors': [], 'nRemoved': 0, 'nInserted': 1}
2017-12-14 13:53:34,080: rp.session.js-17-212.jetstream-cloud.org.vivek91.017514.1530: task-manager                    : MainThread     : DEBUG   : bulk unit insert result: {'nModified': 0, 'nUpserted': 0, 'nMatched': 0, 'writeErrors': [], 'upserted': [], 'writeConcernErrors': [], 'nRemoved': 0, 'nInserted': 1}
2017-12-14 13:54:38,707: rp.session.js-17-212.jetstream-cloud.org.vivek91.017514.1530: task-manager                    : MainThread     : DEBUG   : bulk unit insert result: {'nModified': 0, 'nUpserted': 0, 'nMatched': 0, 'writeErrors': [], 'upserted': [], 'writeConcernErrors': [], 'nRemoved': 0, 'nInserted': 1}
2017-12-14 13:55:43,134: rp.session.js-17-212.jetstream-cloud.org.vivek91.017514.1530: task-manager                    : MainThread     : DEBUG   : bulk unit insert result: {'nModified': 0, 'nUpserted': 0, 'nMatched': 0, 'writeErrors': [], 'upserted': [], 'writeConcernErrors': [], 'nRemoved': 0, 'nInserted': 1}
2017-12-14 13:56:49,187: rp.session.js-17-212.jetstream-cloud.org.vivek91.017514.1530: task-manager                    : MainThread     : DEBUG   : bulk unit insert result: {'nModified': 0, 'nUpserted': 0, 'nMatched': 0, 'writeErrors': [], 'upserted': [], 'writeConcernErrors': [], 'nRemoved': 0, 'nInserted': 1}
2017-12-14 13:57:53,607: rp.session.js-17-212.jetstream-cloud.org.vivek91.017514.1530: task-manager                    : MainThread     : DEBUG   : bulk unit insert result: {'nModified': 0, 'nUpserted': 0, 'nMatched': 0, 'writeErrors': [], 'upserted': [], 'writeConcernErrors': [], 'nRemoved': 0, 'nInserted': 1}
2017-12-14 13:58:58,027: rp.session.js-17-212.jetstream-cloud.org.vivek91.017514.1530: task-manager                    : MainThread     : DEBUG   : bulk unit insert result: {'nModified': 0, 'nUpserted': 0, 'nMatched': 0, 'writeErrors': [], 'upserted': [], 'writeConcernErrors': [], 'nRemoved': 0, 'nInserted': 1}
2017-12-14 14:00:02,481: rp.session.js-17-212.jetstream-cloud.org.vivek91.017514.1530: task-manager                    : MainThread     : DEBUG   : bulk unit insert result: {'nModified': 0, 'nUpserted': 0, 'nMatched': 0, 'writeErrors': [], 'upserted': [], 'writeConcernErrors': [], 'nRemoved': 0, 'nInserted': 1}
2017-12-14 14:01:07,990: rp.session.js-17-212.jetstream-cloud.org.vivek91.017514.1530: task-manager                    : MainThread     : DEBUG   : bulk unit insert result: {'nModified': 0, 'nUpserted': 0, 'nMatched': 0, 'writeErrors': [], 'upserted': [], 'writeConcernErrors': [], 'nRemoved': 0, 'nInserted': 1}
2017-12-14 14:02:12,477: rp.session.js-17-212.jetstream-cloud.org.vivek91.017514.1530: task-manager                    : MainThread     : DEBUG   : bulk unit insert result: {'nModified': 0, 'nUpserted': 0, 'nMatched': 0, 'writeErrors': [], 'upserted': [], 'writeConcernErrors': [], 'nRemoved': 0, 'nInserted': 1}
2017-12-14 14:03:16,803: rp.session.js-17-212.jetstream-cloud.org.vivek91.017514.1530: task-manager                    : MainThread     : DEBUG   : bulk unit insert result: {'nModified': 0, 'nUpserted': 0, 'nMatched': 0, 'writeErrors': [], 'upserted': [], 'writeConcernErrors': [], 'nRemoved': 0, 'nInserted': 1}
2017-12-14 14:04:21,005: rp.session.js-17-212.jetstream-cloud.org.vivek91.017514.1530: task-manager                    : MainThread     : DEBUG   : bulk unit insert result: {'nModified': 0, 'nUpserted': 0, 'nMatched': 0, 'writeErrors': [], 'upserted': [], 'writeConcernErrors': [], 'nRemoved': 0, 'nInserted': 1}
2017-12-14 14:05:26,788: rp.session.js-17-212.jetstream-cloud.org.vivek91.017514.1530: task-manager                    : MainThread     : DEBUG   : bulk unit insert result: {'nModified': 0, 'nUpserted': 0, 'nMatched': 0, 'writeErrors': [], 'upserted': [], 'writeConcernErrors': [], 'nRemoved': 0, 'nInserted': 1}
2017-12-14 14:06:32,404: rp.session.js-17-212.jetstream-cloud.org.vivek91.017514.1530: task-manager                    : MainThread     : DEBUG   : bulk unit insert result: {'nModified': 0, 'nUpserted': 0, 'nMatched': 0, 'writeErrors': [], 'upserted': [], 'writeConcernErrors': [], 'nRemoved': 0, 'nInserted': 1}
2017-12-14 14:07:37,821: rp.session.js-17-212.jetstream-cloud.org.vivek91.017514.1530: task-manager                    : MainThread     : DEBUG   : bulk unit insert result: {'nModified': 0, 'nUpserted': 0, 'nMatched': 0, 'writeErrors': [], 'upserted': [], 'writeConcernErrors': [], 'nRemoved': 0, 'nInserted': 1}
2017-12-14 14:08:42,643: rp.session.js-17-212.jetstream-cloud.org.vivek91.017514.1530: task-manager                    : MainThread     : DEBUG   : bulk unit insert result: {'nModified': 0, 'nUpserted': 0, 'nMatched': 0, 'writeErrors': [], 'upserted': [], 'writeConcernErrors': [], 'nRemoved': 0, 'nInserted': 1}
2017-12-14 14:09:48,305: rp.session.js-17-212.jetstream-cloud.org.vivek91.017514.1530: task-manager                    : MainThread     : DEBUG   : bulk unit insert result: {'nModified': 0, 'nUpserted': 0, 'nMatched': 0, 'writeErrors': [], 'upserted': [], 'writeConcernErrors': [], 'nRemoved': 0, 'nInserted': 1}
2017-12-14 14:10:51,829: rp.session.js-17-212.jetstream-cloud.org.vivek91.017514.1530: task-manager                    : MainThread     : DEBUG   : bulk unit insert result: {'nModified': 0, 'nUpserted': 0, 'nMatched': 0, 'writeErrors': [], 'upserted': [], 'writeConcernErrors': [], 'nRemoved': 0, 'nInserted': 1}
2017-12-14 14:11:56,466: rp.session.js-17-212.jetstream-cloud.org.vivek91.017514.1530: task-manager                    : MainThread     : DEBUG   : bulk unit insert result: {'nModified': 0, 'nUpserted': 0, 'nMatched': 0, 'writeErrors': [], 'upserted': [], 'writeConcernErrors': [], 'nRemoved': 0, 'nInserted': 1}
2017-12-14 14:13:01,416: rp.session.js-17-212.jetstream-cloud.org.vivek91.017514.1530: task-manager                    : MainThread     : DEBUG   : bulk unit insert result: {'nModified': 0, 'nUpserted': 0, 'nMatched': 0, 'writeErrors': [], 'upserted': [], 'writeConcernErrors': [], 'nRemoved': 0, 'nInserted': 1}
2017-12-14 14:14:06,166: rp.session.js-17-212.jetstream-cloud.org.vivek91.017514.1530: task-manager                    : MainThread     : DEBUG   : bulk unit insert result: {'nModified': 0, 'nUpserted': 0, 'nMatched': 0, 'writeErrors': [], 'upserted': [], 'writeConcernErrors': [], 'nRemoved': 0, 'nInserted': 1}
2017-12-14 14:15:10,973: rp.session.js-17-212.jetstream-cloud.org.vivek91.017514.1530: task-manager                    : MainThread     : DEBUG   : bulk unit insert result: {'nModified': 0, 'nUpserted': 0, 'nMatched': 0, 'writeErrors': [], 'upserted': [], 'writeConcernErrors': [], 'nRemoved': 0, 'nInserted': 1}
2017-12-14 14:16:16,886: rp.session.js-17-212.jetstream-cloud.org.vivek91.017514.1530: task-manager                    : MainThread     : DEBUG   : bulk unit insert result: {'nModified': 0, 'nUpserted': 0, 'nMatched': 0, 'writeErrors': [], 'upserted': [], 'writeConcernErrors': [], 'nRemoved': 0, 'nInserted': 1}
2017-12-14 14:17:23,244: rp.session.js-17-212.jetstream-cloud.org.vivek91.017514.1530: task-manager                    : MainThread     : DEBUG   : bulk unit insert result: {'nModified': 0, 'nUpserted': 0, 'nMatched': 0, 'writeErrors': [], 'upserted': [], 'writeConcernErrors': [], 'nRemoved': 0, 'nInserted': 1}
2017-12-14 14:18:29,092: rp.session.js-17-212.jetstream-cloud.org.vivek91.017514.1530: task-manager                    : MainThread     : DEBUG   : bulk unit insert result: {'nModified': 0, 'nUpserted': 0, 'nMatched': 0, 'writeErrors': [], 'upserted': [], 'writeConcernErrors': [], 'nRemoved': 0, 'nInserted': 1}
2017-12-14 14:19:33,930: rp.session.js-17-212.jetstream-cloud.org.vivek91.017514.1530: task-manager                    : MainThread     : DEBUG   : bulk unit insert result: {'nModified': 0, 'nUpserted': 0, 'nMatched': 0, 'writeErrors': [], 'upserted': [], 'writeConcernErrors': [], 'nRemoved': 0, 'nInserted': 1}
2017-12-14 14:20:38,207: rp.session.js-17-212.jetstream-cloud.org.vivek91.017514.1530: task-manager                    : MainThread     : DEBUG   : bulk unit insert result: {'nModified': 0, 'nUpserted': 0, 'nMatched': 0, 'writeErrors': [], 'upserted': [], 'writeConcernErrors': [], 'nRemoved': 0, 'nInserted': 1}
2017-12-14 14:21:42,492: rp.session.js-17-212.jetstream-cloud.org.vivek91.017514.1530: task-manager                    : MainThread     : DEBUG   : bulk unit insert result: {'nModified': 0, 'nUpserted': 0, 'nMatched': 0, 'writeErrors': [], 'upserted': [], 'writeConcernErrors': [], 'nRemoved': 0, 'nInserted': 1}
2017-12-14 14:22:47,151: rp.session.js-17-212.jetstream-cloud.org.vivek91.017514.1530: task-manager                    : MainThread     : DEBUG   : bulk unit insert result: {'nModified': 0, 'nUpserted': 0, 'nMatched': 0, 'writeErrors': [], 'upserted': [], 'writeConcernErrors': [], 'nRemoved': 0, 'nInserted': 1}
2017-12-14 14:23:53,072: rp.session.js-17-212.jetstream-cloud.org.vivek91.017514.1530: task-manager                    : MainThread     : DEBUG   : bulk unit insert result: {'nModified': 0, 'nUpserted': 0, 'nMatched': 0, 'writeErrors': [], 'upserted': [], 'writeConcernErrors': [], 'nRemoved': 0, 'nInserted': 1}
2017-12-14 14:24:58,958: rp.session.js-17-212.jetstream-cloud.org.vivek91.017514.1530: task-manager                    : MainThread     : DEBUG   : bulk unit insert result: {'nModified': 0, 'nUpserted': 0, 'nMatched': 0, 'writeErrors': [], 'upserted': [], 'writeConcernErrors': [], 'nRemoved': 0, 'nInserted': 1}
2017-12-14 14:26:04,876: rp.session.js-17-212.jetstream-cloud.org.vivek91.017514.1530: task-manager                    : MainThread     : DEBUG   : bulk unit insert result: {'nModified': 0, 'nUpserted': 0, 'nMatched': 0, 'writeErrors': [], 'upserted': [], 'writeConcernErrors': [], 'nRemoved': 0, 'nInserted': 1}
2017-12-14 14:27:09,589: rp.session.js-17-212.jetstream-cloud.org.vivek91.017514.1530: task-manager                    : MainThread     : DEBUG   : bulk unit insert result: {'nModified': 0, 'nUpserted': 0, 'nMatched': 0, 'writeErrors': [], 'upserted': [], 'writeConcernErrors': [], 'nRemoved': 0, 'nInserted': 1}
2017-12-14 14:28:14,339: rp.session.js-17-212.jetstream-cloud.org.vivek91.017514.1530: task-manager                    : MainThread     : DEBUG   : bulk unit insert result: {'nModified': 0, 'nUpserted': 0, 'nMatched': 0, 'writeErrors': [], 'upserted': [], 'writeConcernErrors': [], 'nRemoved': 0, 'nInserted': 1}
2017-12-14 14:29:17,563: rp.session.js-17-212.jetstream-cloud.org.vivek91.017514.1530: task-manager                    : MainThread     : DEBUG   : bulk unit insert result: {'nModified': 0, 'nUpserted': 0, 'nMatched': 0, 'writeErrors': [], 'upserted': [], 'writeConcernErrors': [], 'nRemoved': 0, 'nInserted': 1}
2017-12-14 14:30:43,988: rp.session.js-17-212.jetstream-cloud.org.vivek91.017514.1530: MainProcess                     : MainThread     : DEBUG   : session rp.session.js-17-212.jetstream-cloud.org.vivek91.017514.1530 closing
2017-12-14 14:30:43,988: rp.session.js-17-212.jetstream-cloud.org.vivek91.017514.1530: MainProcess                     : MainThread     : DEBUG   : session rp.session.js-17-212.jetstream-cloud.org.vivek91.017514.1530 closes pmgr   pmgr.0000
2017-12-14 14:30:46,424: rp.session.js-17-212.jetstream-cloud.org.vivek91.017514.1530: MainProcess                     : MainThread     : DEBUG   : session rp.session.js-17-212.jetstream-cloud.org.vivek91.017514.1530 closed pmgr   pmgr.0000
2017-12-14 14:30:46,424: rp.session.js-17-212.jetstream-cloud.org.vivek91.017514.1530: MainProcess                     : MainThread     : DEBUG   : session rp.session.js-17-212.jetstream-cloud.org.vivek91.017514.1530 closes comp   update.0
2017-12-14 14:30:46,424: rp.session.js-17-212.jetstream-cloud.org.vivek91.017514.1530: MainProcess                     : MainThread     : DEBUG   :  === update.0 stop called
2017-12-14 14:30:46,496: rp.session.js-17-212.jetstream-cloud.org.vivek91.017514.1530: update.0                        : MainThread     : DEBUG   :  === update.0.child stop called
2017-12-14 14:30:46,664: rp.session.js-17-212.jetstream-cloud.org.vivek91.017514.1530: update.0                        : MainThread     : DEBUG   :  === update.0.child stop called
2017-12-14 14:30:46,718: rp.session.js-17-212.jetstream-cloud.org.vivek91.017514.1530: MainProcess                     : MainThread     : DEBUG   : session rp.session.js-17-212.jetstream-cloud.org.vivek91.017514.1530 closed comp   update.0
2017-12-14 14:30:46,719: rp.session.js-17-212.jetstream-cloud.org.vivek91.017514.1530: MainProcess                     : MainThread     : DEBUG   : session rp.session.js-17-212.jetstream-cloud.org.vivek91.017514.1530 closes bridge control.pubsub.bridge.0000
2017-12-14 14:30:47,702: rp.session.js-17-212.jetstream-cloud.org.vivek91.017514.1530: MainProcess                     : MainThread     : DEBUG   : session rp.session.js-17-212.jetstream-cloud.org.vivek91.017514.1530 closed bridge control.pubsub.bridge.0000
2017-12-14 14:30:47,702: rp.session.js-17-212.jetstream-cloud.org.vivek91.017514.1530: MainProcess                     : MainThread     : DEBUG   : session rp.session.js-17-212.jetstream-cloud.org.vivek91.017514.1530 closes bridge state.pubsub.bridge.0000
2017-12-14 14:30:48,686: rp.session.js-17-212.jetstream-cloud.org.vivek91.017514.1530: MainProcess                     : MainThread     : DEBUG   : session rp.session.js-17-212.jetstream-cloud.org.vivek91.017514.1530 closed bridge state.pubsub.bridge.0000
2017-12-14 14:30:48,686: rp.session.js-17-212.jetstream-cloud.org.vivek91.017514.1530: MainProcess                     : MainThread     : DEBUG   : session rp.session.js-17-212.jetstream-cloud.org.vivek91.017514.1530 closes bridge log.pubsub.bridge.0000
2017-12-14 14:30:49,267: rp.session.js-17-212.jetstream-cloud.org.vivek91.017514.1530: MainProcess                     : MainThread     : DEBUG   : session rp.session.js-17-212.jetstream-cloud.org.vivek91.017514.1530 closed bridge log.pubsub.bridge.0000
2017-12-14 14:30:49,267: rp.session.js-17-212.jetstream-cloud.org.vivek91.017514.1530: MainProcess                     : MainThread     : DEBUG   : session rp.session.js-17-212.jetstream-cloud.org.vivek91.017514.1530 closes db (False)
2017-12-14 14:30:49,267: rp.session.js-17-212.jetstream-cloud.org.vivek91.017514.1530: MainProcess                     : MainThread     : DEBUG   : session rp.session.js-17-212.jetstream-cloud.org.vivek91.017514.1530 closed (delete=False)
2017-12-14 14:30:49,280: rp.session.js-17-212.jetstream-cloud.org.vivek91.017514.1530: MainProcess                     : MainThread     : DEBUG   :  === update.0 stop called
