2017-12-14 13:19:57,598: umgr.scheduling.queue.bridge.0000: task-manager                    : MainThread     : INFO    : python.interpreter   version: 2.7.12 (default, Nov 20 2017, 18:23:56) [GCC 5.4.0 20160609]
2017-12-14 13:19:57,598: umgr.scheduling.queue.bridge.0000: task-manager                    : MainThread     : INFO    :                      pid: 16007
2017-12-14 13:19:57,598: umgr.scheduling.queue.bridge.0000: task-manager                    : MainThread     : INFO    :                      tid: MainThread
2017-12-14 13:19:57,598: umgr.scheduling.queue.bridge.0000: task-manager                    : MainThread     : INFO    : radical.pilot        version: 0.47.1
2017-12-14 13:19:57,598: umgr.scheduling.queue.bridge.0000: task-manager                    : MainThread     : INFO    : create umgr_scheduling_queue - bridge - tcp://*:*
2017-12-14 13:19:57,599: umgr.scheduling.queue.bridge.0000: task-manager                    : MainThread     : DEBUG   : start process
2017-12-14 13:19:57,614: umgr.scheduling.queue.bridge.0000: umgr.scheduling.queue.bridge.0000: MainThread     : DEBUG   : ru_initialize_common (NOOP)
2017-12-14 13:19:57,622: umgr.scheduling.queue.bridge.0000: umgr.scheduling.queue.bridge.0000.child: MainThread     : INFO    : child (me) initializing
2017-12-14 13:19:57,622: umgr.scheduling.queue.bridge.0000: umgr.scheduling.queue.bridge.0000.child: MainThread     : DEBUG   : parent name: umgr.scheduling.queue.bridge.0000.child.watch
2017-12-14 13:19:57,622: umgr.scheduling.queue.bridge.0000: umgr.scheduling.queue.bridge.0000.child: MainThread     : DEBUG   : start thread
2017-12-14 13:19:57,623: umgr.scheduling.queue.bridge.0000: umgr.scheduling.queue.bridge.0000.child: umgr.scheduling.queue.bridge.0000.child.watch: DEBUG   : child name: umgr.scheduling.queue.bridge.0000.child.watch.thread
2017-12-14 13:19:57,623: umgr.scheduling.queue.bridge.0000: umgr.scheduling.queue.bridge.0000.child: umgr.scheduling.queue.bridge.0000.child.watch: INFO    : child (me) initializing
2017-12-14 13:19:57,623: umgr.scheduling.queue.bridge.0000: umgr.scheduling.queue.bridge.0000.child: umgr.scheduling.queue.bridge.0000.child.watch: DEBUG   : ru_initialize_common (NOOP)
2017-12-14 13:19:57,623: umgr.scheduling.queue.bridge.0000: umgr.scheduling.queue.bridge.0000.child: umgr.scheduling.queue.bridge.0000.child.watch: DEBUG   : ru_initialize_child (NOOP)
2017-12-14 13:19:57,623: umgr.scheduling.queue.bridge.0000: umgr.scheduling.queue.bridge.0000.child: umgr.scheduling.queue.bridge.0000.child.watch: INFO    : send alive
2017-12-14 13:19:57,623: umgr.scheduling.queue.bridge.0000: umgr.scheduling.queue.bridge.0000.child: umgr.scheduling.queue.bridge.0000.child.watch: INFO    : put message: [umgr.scheduling.queue.bridge.0000.child.watch.thread] alive
2017-12-14 13:19:57,624: umgr.scheduling.queue.bridge.0000: umgr.scheduling.queue.bridge.0000.child: MainThread     : INFO    : get msg: alive
2017-12-14 13:19:57,625: umgr.scheduling.queue.bridge.0000: umgr.scheduling.queue.bridge.0000.child: MainThread     : DEBUG   : ru_initialize_common (NOOP)
2017-12-14 13:19:57,625: umgr.scheduling.queue.bridge.0000: umgr.scheduling.queue.bridge.0000.child: MainThread     : DEBUG   : ru_initialize_parent (NOOP)
2017-12-14 13:19:57,625: umgr.scheduling.queue.bridge.0000: umgr.scheduling.queue.bridge.0000.child: MainThread     : DEBUG   : child thread umgr.scheduling.queue.bridge.0000.child.watch started
2017-12-14 13:19:57,626: umgr.scheduling.queue.bridge.0000: umgr.scheduling.queue.bridge.0000.child: MainThread     : INFO    : child (me) is alive
2017-12-14 13:19:57,626: umgr.scheduling.queue.bridge.0000: umgr.scheduling.queue.bridge.0000.child: MainThread     : INFO    : send alive
2017-12-14 13:19:57,626: umgr.scheduling.queue.bridge.0000: umgr.scheduling.queue.bridge.0000.child: MainThread     : INFO    : send message: [umgr.scheduling.queue.bridge.0000.child] alive
2017-12-14 13:19:57,626: umgr.scheduling.queue.bridge.0000: task-manager                    : MainThread     : INFO    : recv message: alive
2017-12-14 13:19:57,627: umgr.scheduling.queue.bridge.0000: task-manager                    : MainThread     : DEBUG   : ru_initialize_common (NOOP)
2017-12-14 13:19:57,627: umgr.scheduling.queue.bridge.0000: task-manager                    : MainThread     : DEBUG   : ru_initialize_parent (NOOP)
2017-12-14 13:19:57,627: umgr.scheduling.queue.bridge.0000: task-manager                    : MainThread     : DEBUG   : parent name: umgr.scheduling.queue.bridge.0000.watch
2017-12-14 13:19:57,627: umgr.scheduling.queue.bridge.0000: task-manager                    : MainThread     : DEBUG   : start thread
2017-12-14 13:19:57,628: umgr.scheduling.queue.bridge.0000: task-manager                    : umgr.scheduling.queue.bridge.0000.watch: DEBUG   : child name: umgr.scheduling.queue.bridge.0000.watch.thread
2017-12-14 13:19:57,628: umgr.scheduling.queue.bridge.0000: task-manager                    : umgr.scheduling.queue.bridge.0000.watch: INFO    : child (me) initializing
2017-12-14 13:19:57,628: umgr.scheduling.queue.bridge.0000: task-manager                    : umgr.scheduling.queue.bridge.0000.watch: DEBUG   : ru_initialize_common (NOOP)
2017-12-14 13:19:57,629: umgr.scheduling.queue.bridge.0000: task-manager                    : umgr.scheduling.queue.bridge.0000.watch: DEBUG   : ru_initialize_child (NOOP)
2017-12-14 13:19:57,629: umgr.scheduling.queue.bridge.0000: task-manager                    : umgr.scheduling.queue.bridge.0000.watch: INFO    : send alive
2017-12-14 13:19:57,629: umgr.scheduling.queue.bridge.0000: task-manager                    : umgr.scheduling.queue.bridge.0000.watch: INFO    : put message: [umgr.scheduling.queue.bridge.0000.watch.thread] alive
2017-12-14 13:19:57,631: umgr.scheduling.queue.bridge.0000: task-manager                    : MainThread     : INFO    : get msg: alive
2017-12-14 13:19:57,631: umgr.scheduling.queue.bridge.0000: task-manager                    : MainThread     : DEBUG   : ru_initialize_common (NOOP)
2017-12-14 13:19:57,632: umgr.scheduling.queue.bridge.0000: task-manager                    : MainThread     : DEBUG   : ru_initialize_parent (NOOP)
2017-12-14 13:19:57,632: umgr.scheduling.queue.bridge.0000: task-manager                    : MainThread     : DEBUG   : child thread umgr.scheduling.queue.bridge.0000.watch started
2017-12-14 13:19:57,632: umgr.scheduling.queue.bridge.0000: task-manager                    : MainThread     : INFO    : child is alive
2017-12-14 13:19:57,632: umgr.scheduling.queue.bridge.0000: task-manager                    : MainThread     : DEBUG   : process class started child
2017-12-14 14:30:39,348: umgr.scheduling.queue.bridge.0000: umgr.scheduling.queue.bridge.0000.child: umgr.scheduling.queue.bridge.0000.child.watch: INFO    : recv message: 
2017-12-14 14:30:39,348: umgr.scheduling.queue.bridge.0000: umgr.scheduling.queue.bridge.0000.child: umgr.scheduling.queue.bridge.0000.child.watch: INFO    : message received: 
2017-12-14 14:30:39,348: umgr.scheduling.queue.bridge.0000: umgr.scheduling.queue.bridge.0000.child: umgr.scheduling.queue.bridge.0000.child.watch: WARNING : received empty string, parent closed ep
2017-12-14 14:30:39,348: umgr.scheduling.queue.bridge.0000: umgr.scheduling.queue.bridge.0000.child: umgr.scheduling.queue.bridge.0000.child.watch: INFO    : watcher closes
2017-12-14 14:30:39,349: umgr.scheduling.queue.bridge.0000: umgr.scheduling.queue.bridge.0000.child: umgr.scheduling.queue.bridge.0000.child.watch: INFO    : put message: [umgr.scheduling.queue.bridge.0000.child.watch.thread] work finished
2017-12-14 14:30:39,349: umgr.scheduling.queue.bridge.0000: umgr.scheduling.queue.bridge.0000.child: umgr.scheduling.queue.bridge.0000.child.watch: DEBUG   : ru_finalize_child (NOOP)
2017-12-14 14:30:39,349: umgr.scheduling.queue.bridge.0000: umgr.scheduling.queue.bridge.0000.child: umgr.scheduling.queue.bridge.0000.child.watch: DEBUG   : ru_finalize_common (NOOP)
2017-12-14 14:30:39,349: umgr.scheduling.queue.bridge.0000: umgr.scheduling.queue.bridge.0000.child: umgr.scheduling.queue.bridge.0000.child.watch: INFO    : put message: [umgr.scheduling.queue.bridge.0000.child.watch.thread] terminating
2017-12-14 14:30:39,623: umgr.scheduling.queue.bridge.0000: umgr.scheduling.queue.bridge.0000.child: MainThread     : INFO    : send message: [umgr.scheduling.queue.bridge.0000.child] work finished
2017-12-14 14:30:39,623: umgr.scheduling.queue.bridge.0000: umgr.scheduling.queue.bridge.0000.child: MainThread     : WARNING : send failed ([Errno 9] Bad file descriptor) - terminate
2017-12-14 14:30:39,623: umgr.scheduling.queue.bridge.0000: umgr.scheduling.queue.bridge.0000.child: MainThread     : DEBUG   : ru_finalize_child (NOOP)
2017-12-14 14:30:39,624: umgr.scheduling.queue.bridge.0000: umgr.scheduling.queue.bridge.0000.child: MainThread     : INFO    : send message: [umgr.scheduling.queue.bridge.0000.child] terminating
2017-12-14 14:30:39,624: umgr.scheduling.queue.bridge.0000: umgr.scheduling.queue.bridge.0000.child: MainThread     : WARNING : send failed ([Errno 9] Bad file descriptor) - terminate
