2017-12-14 13:19:57,495: umgr.reschedule.pubsub.bridge.0000: task-manager                    : MainThread     : INFO    : python.interpreter   version: 2.7.12 (default, Nov 20 2017, 18:23:56) [GCC 5.4.0 20160609]
2017-12-14 13:19:57,495: umgr.reschedule.pubsub.bridge.0000: task-manager                    : MainThread     : INFO    :                      pid: 16007
2017-12-14 13:19:57,495: umgr.reschedule.pubsub.bridge.0000: task-manager                    : MainThread     : INFO    :                      tid: MainThread
2017-12-14 13:19:57,496: umgr.reschedule.pubsub.bridge.0000: task-manager                    : MainThread     : INFO    : radical.pilot        version: 0.47.1
2017-12-14 13:19:57,496: umgr.reschedule.pubsub.bridge.0000: task-manager                    : MainThread     : INFO    : create umgr_reschedule_pubsub - bridge - tcp://*:*
2017-12-14 13:19:57,497: umgr.reschedule.pubsub.bridge.0000: task-manager                    : MainThread     : DEBUG   : start process
2017-12-14 13:19:57,505: umgr.reschedule.pubsub.bridge.0000: umgr.reschedule.pubsub.bridge.0000: MainThread     : DEBUG   : ru_initialize_common (NOOP)
2017-12-14 13:19:57,509: umgr.reschedule.pubsub.bridge.0000: umgr.reschedule.pubsub.bridge.0000.child: MainThread     : INFO    : child (me) initializing
2017-12-14 13:19:57,509: umgr.reschedule.pubsub.bridge.0000: umgr.reschedule.pubsub.bridge.0000.child: MainThread     : DEBUG   : parent name: umgr.reschedule.pubsub.bridge.0000.child.watch
2017-12-14 13:19:57,510: umgr.reschedule.pubsub.bridge.0000: umgr.reschedule.pubsub.bridge.0000.child: MainThread     : DEBUG   : start thread
2017-12-14 13:19:57,510: umgr.reschedule.pubsub.bridge.0000: umgr.reschedule.pubsub.bridge.0000.child: umgr.reschedule.pubsub.bridge.0000.child.watch: DEBUG   : child name: umgr.reschedule.pubsub.bridge.0000.child.watch.thread
2017-12-14 13:19:57,510: umgr.reschedule.pubsub.bridge.0000: umgr.reschedule.pubsub.bridge.0000.child: umgr.reschedule.pubsub.bridge.0000.child.watch: INFO    : child (me) initializing
2017-12-14 13:19:57,510: umgr.reschedule.pubsub.bridge.0000: umgr.reschedule.pubsub.bridge.0000.child: umgr.reschedule.pubsub.bridge.0000.child.watch: DEBUG   : ru_initialize_common (NOOP)
2017-12-14 13:19:57,511: umgr.reschedule.pubsub.bridge.0000: umgr.reschedule.pubsub.bridge.0000.child: umgr.reschedule.pubsub.bridge.0000.child.watch: DEBUG   : ru_initialize_child (NOOP)
2017-12-14 13:19:57,511: umgr.reschedule.pubsub.bridge.0000: umgr.reschedule.pubsub.bridge.0000.child: umgr.reschedule.pubsub.bridge.0000.child.watch: INFO    : send alive
2017-12-14 13:19:57,511: umgr.reschedule.pubsub.bridge.0000: umgr.reschedule.pubsub.bridge.0000.child: umgr.reschedule.pubsub.bridge.0000.child.watch: INFO    : put message: [umgr.reschedule.pubsub.bridge.0000.child.watch.thread] alive
2017-12-14 13:19:57,511: umgr.reschedule.pubsub.bridge.0000: umgr.reschedule.pubsub.bridge.0000.child: MainThread     : INFO    : get msg: alive
2017-12-14 13:19:57,511: umgr.reschedule.pubsub.bridge.0000: umgr.reschedule.pubsub.bridge.0000.child: MainThread     : DEBUG   : ru_initialize_common (NOOP)
2017-12-14 13:19:57,512: umgr.reschedule.pubsub.bridge.0000: umgr.reschedule.pubsub.bridge.0000.child: MainThread     : DEBUG   : ru_initialize_parent (NOOP)
2017-12-14 13:19:57,512: umgr.reschedule.pubsub.bridge.0000: umgr.reschedule.pubsub.bridge.0000.child: MainThread     : DEBUG   : child thread umgr.reschedule.pubsub.bridge.0000.child.watch started
2017-12-14 13:19:57,512: umgr.reschedule.pubsub.bridge.0000: umgr.reschedule.pubsub.bridge.0000.child: MainThread     : INFO    : child (me) is alive
2017-12-14 13:19:57,512: umgr.reschedule.pubsub.bridge.0000: umgr.reschedule.pubsub.bridge.0000.child: MainThread     : INFO    : send alive
2017-12-14 13:19:57,512: umgr.reschedule.pubsub.bridge.0000: umgr.reschedule.pubsub.bridge.0000.child: MainThread     : INFO    : send message: [umgr.reschedule.pubsub.bridge.0000.child] alive
2017-12-14 13:19:57,512: umgr.reschedule.pubsub.bridge.0000: task-manager                    : MainThread     : INFO    : recv message: alive
2017-12-14 13:19:57,513: umgr.reschedule.pubsub.bridge.0000: task-manager                    : MainThread     : DEBUG   : ru_initialize_common (NOOP)
2017-12-14 13:19:57,513: umgr.reschedule.pubsub.bridge.0000: task-manager                    : MainThread     : DEBUG   : ru_initialize_parent (NOOP)
2017-12-14 13:19:57,513: umgr.reschedule.pubsub.bridge.0000: task-manager                    : MainThread     : DEBUG   : parent name: umgr.reschedule.pubsub.bridge.0000.watch
2017-12-14 13:19:57,513: umgr.reschedule.pubsub.bridge.0000: task-manager                    : MainThread     : DEBUG   : start thread
2017-12-14 13:19:57,514: umgr.reschedule.pubsub.bridge.0000: task-manager                    : umgr.reschedule.pubsub.bridge.0000.watch: DEBUG   : child name: umgr.reschedule.pubsub.bridge.0000.watch.thread
2017-12-14 13:19:57,515: umgr.reschedule.pubsub.bridge.0000: task-manager                    : umgr.reschedule.pubsub.bridge.0000.watch: INFO    : child (me) initializing
2017-12-14 13:19:57,515: umgr.reschedule.pubsub.bridge.0000: task-manager                    : umgr.reschedule.pubsub.bridge.0000.watch: DEBUG   : ru_initialize_common (NOOP)
2017-12-14 13:19:57,515: umgr.reschedule.pubsub.bridge.0000: task-manager                    : umgr.reschedule.pubsub.bridge.0000.watch: DEBUG   : ru_initialize_child (NOOP)
2017-12-14 13:19:57,515: umgr.reschedule.pubsub.bridge.0000: task-manager                    : umgr.reschedule.pubsub.bridge.0000.watch: INFO    : send alive
2017-12-14 13:19:57,516: umgr.reschedule.pubsub.bridge.0000: task-manager                    : umgr.reschedule.pubsub.bridge.0000.watch: INFO    : put message: [umgr.reschedule.pubsub.bridge.0000.watch.thread] alive
2017-12-14 13:19:57,518: umgr.reschedule.pubsub.bridge.0000: task-manager                    : MainThread     : INFO    : get msg: alive
2017-12-14 13:19:57,518: umgr.reschedule.pubsub.bridge.0000: task-manager                    : MainThread     : DEBUG   : ru_initialize_common (NOOP)
2017-12-14 13:19:57,518: umgr.reschedule.pubsub.bridge.0000: task-manager                    : MainThread     : DEBUG   : ru_initialize_parent (NOOP)
2017-12-14 13:19:57,519: umgr.reschedule.pubsub.bridge.0000: task-manager                    : MainThread     : DEBUG   : child thread umgr.reschedule.pubsub.bridge.0000.watch started
2017-12-14 13:19:57,519: umgr.reschedule.pubsub.bridge.0000: task-manager                    : MainThread     : INFO    : child is alive
2017-12-14 13:19:57,519: umgr.reschedule.pubsub.bridge.0000: task-manager                    : MainThread     : DEBUG   : process class started child
2017-12-14 14:30:39,137: umgr.reschedule.pubsub.bridge.0000: umgr.reschedule.pubsub.bridge.0000.child: MainThread     : DEBUG   : ru_finalize_child (NOOP)
2017-12-14 14:30:39,138: umgr.reschedule.pubsub.bridge.0000: umgr.reschedule.pubsub.bridge.0000.child: MainThread     : INFO    : send message: [umgr.reschedule.pubsub.bridge.0000.child] terminating
2017-12-14 14:30:39,139: umgr.reschedule.pubsub.bridge.0000: umgr.reschedule.pubsub.bridge.0000.child: umgr.reschedule.pubsub.bridge.0000.child.watch: INFO    : watcher closes
2017-12-14 14:30:39,139: umgr.reschedule.pubsub.bridge.0000: umgr.reschedule.pubsub.bridge.0000.child: umgr.reschedule.pubsub.bridge.0000.child.watch: INFO    : put message: [umgr.reschedule.pubsub.bridge.0000.child.watch.thread] work finished
2017-12-14 14:30:39,139: umgr.reschedule.pubsub.bridge.0000: umgr.reschedule.pubsub.bridge.0000.child: umgr.reschedule.pubsub.bridge.0000.child.watch: DEBUG   : ru_finalize_child (NOOP)
2017-12-14 14:30:39,140: umgr.reschedule.pubsub.bridge.0000: umgr.reschedule.pubsub.bridge.0000.child: umgr.reschedule.pubsub.bridge.0000.child.watch: DEBUG   : ru_finalize_common (NOOP)
2017-12-14 14:30:39,140: umgr.reschedule.pubsub.bridge.0000: umgr.reschedule.pubsub.bridge.0000.child: umgr.reschedule.pubsub.bridge.0000.child.watch: INFO    : put message: [umgr.reschedule.pubsub.bridge.0000.child.watch.thread] terminating
