2018-02-01 10:33:20,716: state.pubsub.pub.0004: umgr.0000.staging.output.0      : MainThread     : INFO    : python.interpreter   version: 2.7.6 (default, Jun 22 2015, 17:58:13) [GCC 4.8.2]
2018-02-01 10:33:20,716: state.pubsub.pub.0004: umgr.0000.staging.output.0      : MainThread     : INFO    :                      pid: 14389
2018-02-01 10:33:20,716: state.pubsub.pub.0004: umgr.0000.staging.output.0      : MainThread     : INFO    :                      tid: MainThread
2018-02-01 10:33:20,717: state.pubsub.pub.0004: umgr.0000.staging.output.0      : MainThread     : INFO    : radical.pilot        version: 0.47.1
2018-02-01 10:33:20,717: state.pubsub.pub.0004: umgr.0000.staging.output.0      : MainThread     : INFO    : create state_pubsub - pub - tcp://172.29.241.4:36939
2018-02-01 10:33:20,717: state.pubsub.pub.0004: umgr.0000.staging.output.0      : MainThread     : DEBUG   : start process
2018-02-01 10:33:20,717: state.pubsub.pub.0004: umgr.0000.staging.output.0      : MainThread     : DEBUG   : ru_initialize_common (NOOP)
2018-02-01 10:33:20,717: state.pubsub.pub.0004: umgr.0000.staging.output.0      : MainThread     : DEBUG   : ru_initialize_parent (NOOP)
2018-02-01 10:33:20,717: state.pubsub.pub.0004: umgr.0000.staging.output.0      : MainThread     : DEBUG   : process class started (no child)
2018-02-01 10:33:20,730: state.pubsub.pub.0004: task-manager                    : MainThread     : INFO    : python.interpreter   version: 2.7.6 (default, Jun 22 2015, 17:58:13) [GCC 4.8.2]
2018-02-01 10:33:20,730: state.pubsub.pub.0004: task-manager                    : MainThread     : INFO    :                      pid: 14306
2018-02-01 10:33:20,731: state.pubsub.pub.0004: task-manager                    : MainThread     : INFO    :                      tid: MainThread
2018-02-01 10:33:20,731: state.pubsub.pub.0004: task-manager                    : MainThread     : INFO    : radical.pilot        version: 0.47.1
2018-02-01 10:33:20,731: state.pubsub.pub.0004: task-manager                    : MainThread     : INFO    : create state_pubsub - pub - tcp://172.29.241.4:36939
2018-02-01 10:33:20,731: state.pubsub.pub.0004: task-manager                    : MainThread     : DEBUG   : start process
2018-02-01 10:33:20,731: state.pubsub.pub.0004: task-manager                    : MainThread     : DEBUG   : ru_initialize_common (NOOP)
2018-02-01 10:33:20,731: state.pubsub.pub.0004: task-manager                    : MainThread     : DEBUG   : ru_initialize_parent (NOOP)
2018-02-01 10:33:20,731: state.pubsub.pub.0004: task-manager                    : MainThread     : DEBUG   : process class started (no child)
2018-02-01 15:10:16,907: state.pubsub.pub.0004: umgr.0000.staging.output.0      : MainThread     : INFO    : parent stops child  14389 -> None [state.pubsub.pub.0004]
2018-02-01 15:10:16,907: state.pubsub.pub.0004: umgr.0000.staging.output.0      : MainThread     : DEBUG   : ru_finalize_parent (NOOP)
