2018-02-01 10:33:20,998: state.pubsub.sub.0001: umgr.0000.scheduling.0          : MainThread     : INFO    : python.interpreter   version: 2.7.6 (default, Jun 22 2015, 17:58:13) [GCC 4.8.2]
2018-02-01 10:33:20,998: state.pubsub.sub.0001: umgr.0000.scheduling.0          : MainThread     : INFO    :                      pid: 14413
2018-02-01 10:33:20,998: state.pubsub.sub.0001: umgr.0000.scheduling.0          : MainThread     : INFO    :                      tid: MainThread
2018-02-01 10:33:20,998: state.pubsub.sub.0001: umgr.0000.scheduling.0          : MainThread     : INFO    : radical.pilot        version: 0.47.1
2018-02-01 10:33:20,998: state.pubsub.sub.0001: umgr.0000.scheduling.0          : MainThread     : INFO    : create state_pubsub - sub - tcp://172.29.241.4:39572
2018-02-01 10:33:20,998: state.pubsub.sub.0001: umgr.0000.scheduling.0          : MainThread     : DEBUG   : start process
2018-02-01 10:33:20,999: state.pubsub.sub.0001: umgr.0000.scheduling.0          : MainThread     : DEBUG   : ru_initialize_common (NOOP)
2018-02-01 10:33:20,999: state.pubsub.sub.0001: umgr.0000.scheduling.0          : MainThread     : DEBUG   : ru_initialize_parent (NOOP)
2018-02-01 10:33:20,999: state.pubsub.sub.0001: umgr.0000.scheduling.0          : MainThread     : DEBUG   : process class started (no child)
2018-02-01 10:33:21,292: state.pubsub.sub.0001: task-manager                    : MainThread     : INFO    : python.interpreter   version: 2.7.6 (default, Jun 22 2015, 17:58:13) [GCC 4.8.2]
2018-02-01 10:33:21,292: state.pubsub.sub.0001: task-manager                    : MainThread     : INFO    :                      pid: 14306
2018-02-01 10:33:21,292: state.pubsub.sub.0001: task-manager                    : MainThread     : INFO    :                      tid: MainThread
2018-02-01 10:33:21,292: state.pubsub.sub.0001: task-manager                    : MainThread     : INFO    : radical.pilot        version: 0.47.1
2018-02-01 10:33:21,293: state.pubsub.sub.0001: task-manager                    : MainThread     : INFO    : create state_pubsub - sub - tcp://172.29.241.4:39572
2018-02-01 10:33:21,293: state.pubsub.sub.0001: task-manager                    : MainThread     : DEBUG   : start process
2018-02-01 10:33:21,293: state.pubsub.sub.0001: task-manager                    : MainThread     : DEBUG   : ru_initialize_common (NOOP)
2018-02-01 10:33:21,293: state.pubsub.sub.0001: task-manager                    : MainThread     : DEBUG   : ru_initialize_parent (NOOP)
2018-02-01 10:33:21,293: state.pubsub.sub.0001: task-manager                    : MainThread     : DEBUG   : process class started (no child)
2018-02-01 15:10:16,329: state.pubsub.sub.0001: umgr.0000.scheduling.0          : umgr.0000.scheduling.0.child.subscriber._base_state_cb: INFO    : parent stops child  14413 -> None [state.pubsub.sub.0001]
2018-02-01 15:10:16,330: state.pubsub.sub.0001: umgr.0000.scheduling.0          : umgr.0000.scheduling.0.child.subscriber._base_state_cb: DEBUG   : ru_finalize_parent (NOOP)
