2018-02-01 10:32:07,520: state.pubsub.sub.0000: update.0                        : MainThread     : INFO    : python.interpreter   version: 2.7.6 (default, Jun 22 2015, 17:58:13) [GCC 4.8.2]
2018-02-01 10:32:07,520: state.pubsub.sub.0000: update.0                        : MainThread     : INFO    :                      pid: 13758
2018-02-01 10:32:07,520: state.pubsub.sub.0000: update.0                        : MainThread     : INFO    :                      tid: MainThread
2018-02-01 10:32:07,520: state.pubsub.sub.0000: update.0                        : MainThread     : INFO    : radical.pilot        version: 0.47.1
2018-02-01 10:32:07,520: state.pubsub.sub.0000: update.0                        : MainThread     : INFO    : create state_pubsub - sub - tcp://172.29.241.4:39572
2018-02-01 10:32:07,521: state.pubsub.sub.0000: update.0                        : MainThread     : DEBUG   : start process
2018-02-01 10:32:07,521: state.pubsub.sub.0000: update.0                        : MainThread     : DEBUG   : ru_initialize_common (NOOP)
2018-02-01 10:32:07,521: state.pubsub.sub.0000: update.0                        : MainThread     : DEBUG   : ru_initialize_parent (NOOP)
2018-02-01 10:32:07,521: state.pubsub.sub.0000: update.0                        : MainThread     : DEBUG   : process class started (no child)
2018-02-01 10:32:09,113: state.pubsub.sub.0000: MainProcess                     : MainThread     : INFO    : python.interpreter   version: 2.7.6 (default, Jun 22 2015, 17:58:13) [GCC 4.8.2]
2018-02-01 10:32:09,114: state.pubsub.sub.0000: MainProcess                     : MainThread     : INFO    :                      pid: 13714
2018-02-01 10:32:09,114: state.pubsub.sub.0000: MainProcess                     : MainThread     : INFO    :                      tid: MainThread
2018-02-01 10:32:09,114: state.pubsub.sub.0000: MainProcess                     : MainThread     : INFO    : radical.pilot        version: 0.47.1
2018-02-01 10:32:09,114: state.pubsub.sub.0000: MainProcess                     : MainThread     : INFO    : create state_pubsub - sub - tcp://172.29.241.4:39572
2018-02-01 10:32:09,114: state.pubsub.sub.0000: MainProcess                     : MainThread     : DEBUG   : start process
2018-02-01 10:32:09,114: state.pubsub.sub.0000: MainProcess                     : MainThread     : DEBUG   : ru_initialize_common (NOOP)
2018-02-01 10:32:09,114: state.pubsub.sub.0000: MainProcess                     : MainThread     : DEBUG   : ru_initialize_parent (NOOP)
2018-02-01 10:32:09,114: state.pubsub.sub.0000: MainProcess                     : MainThread     : DEBUG   : process class started (no child)
2018-02-01 15:11:30,161: state.pubsub.sub.0000: MainProcess                     : MainThread     : INFO    : parent stops child  13714 -> None [state.pubsub.sub.0000]
2018-02-01 15:11:30,161: state.pubsub.sub.0000: MainProcess                     : MainThread     : DEBUG   : ru_finalize_parent (NOOP)
2018-02-01 15:11:30,474: state.pubsub.sub.0000: update.0                        : MainThread     : INFO    : parent stops child  13758 -> None [state.pubsub.sub.0000]
2018-02-01 15:11:30,474: state.pubsub.sub.0000: update.0                        : MainThread     : DEBUG   : ru_finalize_parent (NOOP)
