2017-12-04 15:47:43,107: pmgr.0000           : MainProcess                     : MainThread     : INFO    : python.interpreter   version: 2.7.12 (default, Nov 19 2016, 06:48:10) [GCC 5.4.0 20160609]
2017-12-04 15:47:43,107: pmgr.0000           : MainProcess                     : MainThread     : INFO    :                      pid: 28025
2017-12-04 15:47:43,107: pmgr.0000           : MainProcess                     : MainThread     : INFO    :                      tid: MainThread
2017-12-04 15:47:43,107: pmgr.0000           : MainProcess                     : MainThread     : INFO    : radical.pilot        version: 0.46.2
2017-12-04 15:47:43,108: pmgr.0000           : MainProcess                     : MainThread     : DEBUG   : alive check in term
2017-12-04 15:47:43,108: pmgr.0000           : MainProcess                     : MainThread     : DEBUG   : start process
2017-12-04 15:47:43,108: pmgr.0000           : MainProcess                     : MainThread     : INFO    : initialize pmgr.0000
2017-12-04 15:47:43,108: pmgr.0000           : MainProcess                     : MainThread     : INFO    : cfg: {u'bridges': {u'pmgr_launching_queue': {u'bulk_size': 0,
                                        u'log_level': u'debug',
                                        u'stall_hwm': 1}},
 u'components': {u'PMGRLaunchingComponent': {u'count': 1}},
 u'db_poll_sleeptime': 1.0,
 'owner': 'pmgr.0000'}
2017-12-04 15:47:43,109: pmgr.0000           : MainProcess                     : MainThread     : DEBUG   : start bridges   : {u'pmgr_launching_queue': {u'bulk_size': 0,
                           u'log_level': u'debug',
                           u'stall_hwm': 1}}
2017-12-04 15:47:43,109: pmgr.0000           : MainProcess                     : MainThread     : INFO    : create bridge pmgr_launching_queue
2017-12-04 15:47:43,126: pmgr.0000           : MainProcess                     : MainThread     : INFO    : created bridge pmgr_launching_queue (pmgr.launching.queue.bridge.0000)
2017-12-04 15:47:43,127: pmgr.0000           : MainProcess                     : MainThread     : DEBUG   : start components: {u'PMGRLaunchingComponent': {u'count': 1}}
2017-12-04 15:47:43,127: pmgr.0000           : MainProcess                     : MainThread     : DEBUG   : start 1 component(s) PMGRLaunchingComponent
2017-12-04 15:47:43,218: pmgr.0000           : MainProcess                     : MainThread     : INFO    : pmgr.0000                      starts pmgr.launching.0
2017-12-04 15:47:43,218: pmgr.0000           : MainProcess                     : MainThread     : DEBUG   : alive check in term
2017-12-04 15:47:43,218: pmgr.0000           : MainProcess                     : MainThread     : DEBUG   : START: pmgr.0000 register publisher log_pubsub
2017-12-04 15:47:43,218: pmgr.0000           : MainProcess                     : MainThread     : DEBUG   : using addr tcp://172.27.33.40:35601 for pubsub log_pubsub
2017-12-04 15:47:43,221: pmgr.0000           : MainProcess                     : MainThread     : DEBUG   : registered publisher : log_pubsub : log.pubsub.pub.0002
2017-12-04 15:47:43,221: pmgr.0000           : MainProcess                     : MainThread     : DEBUG   : alive check in term
2017-12-04 15:47:43,221: pmgr.0000           : MainProcess                     : MainThread     : DEBUG   : START: pmgr.0000 register publisher state_pubsub
2017-12-04 15:47:43,221: pmgr.0000           : MainProcess                     : MainThread     : DEBUG   : using addr tcp://172.27.33.40:36887 for pubsub state_pubsub
2017-12-04 15:47:43,223: pmgr.0000           : MainProcess                     : MainThread     : DEBUG   : registered publisher : state_pubsub : state.pubsub.pub.0002
2017-12-04 15:47:43,224: pmgr.0000           : MainProcess                     : MainThread     : DEBUG   : alive check in term
2017-12-04 15:47:43,224: pmgr.0000           : MainProcess                     : MainThread     : DEBUG   : START: pmgr.0000 register publisher control_pubsub
2017-12-04 15:47:43,224: pmgr.0000           : MainProcess                     : MainThread     : DEBUG   : using addr tcp://172.27.33.40:41579 for pubsub control_pubsub
2017-12-04 15:47:43,225: pmgr.0000           : MainProcess                     : MainThread     : DEBUG   : registered publisher : control_pubsub : control.pubsub.pub.0002
2017-12-04 15:47:43,226: pmgr.0000           : MainProcess                     : MainThread     : DEBUG   : process class started (no child)
2017-12-04 15:47:43,226: pmgr.0000           : MainProcess                     : MainThread     : DEBUG   : START: pmgr.0000 register output PMGR_LAUNCHING_PENDING
2017-12-04 15:47:43,226: pmgr.0000           : MainProcess                     : MainThread     : DEBUG   : using addr tcp://172.27.33.40:42843 for output pmgr_launching_queue
2017-12-04 15:47:43,227: pmgr.0000           : MainProcess                     : MainThread     : DEBUG   : registered output    : PMGR_LAUNCHING_PENDING : pmgr_launching_queue : pmgr.launching.queue.input.0000
2017-12-04 15:47:43,227: pmgr.0000           : MainProcess                     : MainThread     : DEBUG   : START: pmgr.0000 register idler pmgr.0000.idler._state_pull_cb
2017-12-04 15:47:43,228: pmgr.0000           : MainProcess                     : MainThread     : DEBUG   : parent name: pmgr.0000.idler._state_pull_cb
2017-12-04 15:47:43,228: pmgr.0000           : MainProcess                     : MainThread     : DEBUG   : start thread
2017-12-04 15:47:43,228: pmgr.0000           : MainProcess                     : pmgr.0000.idler._state_pull_cb: DEBUG   : child name: pmgr.0000.idler._state_pull_cb.thread
2017-12-04 15:47:43,228: pmgr.0000           : MainProcess                     : pmgr.0000.idler._state_pull_cb: INFO    : child (me) initializing
2017-12-04 15:47:43,228: pmgr.0000           : MainProcess                     : pmgr.0000.idler._state_pull_cb: DEBUG   : ru_initialize_common (NOOP)
2017-12-04 15:47:43,228: pmgr.0000           : MainProcess                     : pmgr.0000.idler._state_pull_cb: DEBUG   : ru_initialize_child (NOOP)
2017-12-04 15:47:43,229: pmgr.0000           : MainProcess                     : pmgr.0000.idler._state_pull_cb: INFO    : send alive
2017-12-04 15:47:43,229: pmgr.0000           : MainProcess                     : pmgr.0000.idler._state_pull_cb: INFO    : put message: [pmgr.0000.idler._state_pull_cb.thread] alive
2017-12-04 15:47:43,229: pmgr.0000           : MainProcess                     : MainThread     : INFO    : get msg: alive
2017-12-04 15:47:43,229: pmgr.0000           : MainProcess                     : MainThread     : DEBUG   : ru_initialize_common (NOOP)
2017-12-04 15:47:43,230: pmgr.0000           : MainProcess                     : MainThread     : DEBUG   : ru_initialize_parent (NOOP)
2017-12-04 15:47:43,230: pmgr.0000           : MainProcess                     : MainThread     : DEBUG   : child thread pmgr.0000.idler._state_pull_cb started
2017-12-04 15:47:43,230: pmgr.0000           : MainProcess                     : MainThread     : DEBUG   : pmgr.0000 registered idler pmgr.0000.idler._state_pull_cb
2017-12-04 15:47:43,230: pmgr.0000           : MainProcess                     : MainThread     : DEBUG   : START: pmgr.0000 register subscriber pmgr.0000.subscriber._state_sub_cb
2017-12-04 15:47:43,230: pmgr.0000           : MainProcess                     : MainThread     : DEBUG   : using addr tcp://172.27.33.40:44225 for pubsub state_pubsub
2017-12-04 15:47:43,232: pmgr.0000           : MainProcess                     : MainThread     : DEBUG   : parent name: pmgr.0000.subscriber._state_sub_cb
2017-12-04 15:47:43,232: pmgr.0000           : MainProcess                     : MainThread     : DEBUG   : start thread
2017-12-04 15:47:43,232: pmgr.0000           : MainProcess                     : pmgr.0000.subscriber._state_sub_cb: DEBUG   : child name: pmgr.0000.subscriber._state_sub_cb.thread
2017-12-04 15:47:43,232: pmgr.0000           : MainProcess                     : pmgr.0000.subscriber._state_sub_cb: INFO    : child (me) initializing
2017-12-04 15:47:43,232: pmgr.0000           : MainProcess                     : pmgr.0000.subscriber._state_sub_cb: DEBUG   : ru_initialize_common (NOOP)
2017-12-04 15:47:43,232: pmgr.0000           : MainProcess                     : pmgr.0000.subscriber._state_sub_cb: DEBUG   : ru_initialize_child (NOOP)
2017-12-04 15:47:43,233: pmgr.0000           : MainProcess                     : pmgr.0000.subscriber._state_sub_cb: INFO    : send alive
2017-12-04 15:47:43,233: pmgr.0000           : MainProcess                     : pmgr.0000.subscriber._state_sub_cb: INFO    : put message: [pmgr.0000.subscriber._state_sub_cb.thread] alive
2017-12-04 15:47:43,233: pmgr.0000           : MainProcess                     : MainThread     : INFO    : get msg: alive
2017-12-04 15:47:43,234: pmgr.0000           : MainProcess                     : MainThread     : DEBUG   : ru_initialize_common (NOOP)
2017-12-04 15:47:43,234: pmgr.0000           : MainProcess                     : MainThread     : DEBUG   : ru_initialize_parent (NOOP)
2017-12-04 15:47:43,234: pmgr.0000           : MainProcess                     : MainThread     : DEBUG   : child thread pmgr.0000.subscriber._state_sub_cb started
2017-12-04 15:47:43,354: pmgr.0000           : MainProcess                     : MainThread     : DEBUG   : pmgr.0000 registered state_pubsub subscriber pmgr.0000.subscriber._state_sub_cb
2017-12-04 15:47:47,275: pmgr.0000           : MainProcess                     : MainThread     : DEBUG   : advance bulk size: 1 [False, False]
2017-12-04 15:47:47,275: pmgr.0000           : MainProcess                     : MainThread     : DEBUG   : advance bulk: pilot.0000 [1]
2017-12-04 15:47:47,376: pmgr.0000           : MainProcess                     : MainThread     : INFO    : [Callback]: pilot pilot.0000 state: PMGR_LAUNCHING_PENDING.
2017-12-04 15:47:47,376: pmgr.0000           : MainProcess                     : MainThread     : DEBUG   : advance bulk size: 1 [True, True]
2017-12-04 15:47:47,376: pmgr.0000           : MainProcess                     : MainThread     : DEBUG   : advance bulk: pilot.0000 [1]
2017-12-04 15:47:47,377: pmgr.0000           : MainProcess                     : MainThread     : DEBUG   : bucket: PMGR_LAUNCHING_PENDING : ['pilot.0000']
2017-12-04 15:47:47,377: pmgr.0000           : MainProcess                     : MainThread     : DEBUG   : put bulk PMGR_LAUNCHING_PENDING: 1
2017-12-04 15:47:47,377: pmgr.0000           : MainProcess                     : MainThread     : DEBUG   : push pilot.0000 ---> PMGR_LAUNCHING_PENDING
2017-12-04 15:47:47,380: pmgr.0000           : MainProcess                     : pmgr.0000.subscriber._state_sub_cb: INFO    : [Callback]: pilot pilot.0000 state: PMGR_LAUNCHING.
2017-12-04 15:47:47,381: pmgr.0000           : MainProcess                     : pmgr.0000.subscriber._state_sub_cb: DEBUG   : advance bulk size: 1 [False, False]
2017-12-04 15:47:47,381: pmgr.0000           : MainProcess                     : pmgr.0000.subscriber._state_sub_cb: DEBUG   : advance bulk: pilot.0000 [1]
2017-12-04 15:48:00,862: pmgr.0000           : MainProcess                     : pmgr.0000.subscriber._state_sub_cb: INFO    : [Callback]: pilot pilot.0000 state: PMGR_ACTIVE_PENDING.
2017-12-04 15:48:00,862: pmgr.0000           : MainProcess                     : pmgr.0000.subscriber._state_sub_cb: DEBUG   : advance bulk size: 1 [False, False]
2017-12-04 15:48:00,863: pmgr.0000           : MainProcess                     : pmgr.0000.subscriber._state_sub_cb: DEBUG   : advance bulk: pilot.0000 [1]
2017-12-04 15:48:43,318: pmgr.0000           : MainProcess                     : pmgr.0000.idler._state_pull_cb: INFO    : [Callback]: pilot pilot.0000 state: PMGR_ACTIVE.
2017-12-04 15:48:43,319: pmgr.0000           : MainProcess                     : pmgr.0000.idler._state_pull_cb: DEBUG   : advance bulk size: 1 [False, True]
2017-12-04 15:48:43,319: pmgr.0000           : MainProcess                     : pmgr.0000.idler._state_pull_cb: DEBUG   : advance bulk: pilot.0000 [1]
2017-12-04 15:48:43,319: pmgr.0000           : MainProcess                     : pmgr.0000.idler._state_pull_cb: INFO    : pilot pilot.0000 is PMGR_ACTIVE: None [None]
