2017-12-04 15:47:43,129: pmgr.launching.0    : MainProcess                     : MainThread     : INFO    : python.interpreter   version: 2.7.12 (default, Nov 19 2016, 06:48:10) [GCC 5.4.0 20160609]
2017-12-04 15:47:43,129: pmgr.launching.0    : MainProcess                     : MainThread     : INFO    :                      pid: 28025
2017-12-04 15:47:43,129: pmgr.launching.0    : MainProcess                     : MainThread     : INFO    :                      tid: MainThread
2017-12-04 15:47:43,130: pmgr.launching.0    : MainProcess                     : MainThread     : INFO    : radical.pilot        version: 0.46.2
2017-12-04 15:47:43,130: pmgr.launching.0    : MainProcess                     : MainThread     : DEBUG   : alive check in term
2017-12-04 15:47:43,130: pmgr.launching.0    : MainProcess                     : MainThread     : DEBUG   : start process
2017-12-04 15:47:43,203: pmgr.launching.0    : MainProcess                     : MainThread     : INFO    : recv message: alive
2017-12-04 15:47:43,204: pmgr.launching.0    : MainProcess                     : MainThread     : INFO    : initialize pmgr.launching.0
2017-12-04 15:47:43,206: pmgr.launching.0    : MainProcess                     : MainThread     : INFO    : cfg: {'agents': {},
 u'bridges': {u'control_pubsub': {'addr_in': 'tcp://172.27.33.40:41579',
                                  'addr_out': 'tcp://172.27.33.40:44583',
                                  u'bulk_size': 0,
                                  u'log_level': u'debug',
                                  u'stall_hwm': 1},
              u'log_pubsub': {'addr_in': 'tcp://172.27.33.40:35601',
                              'addr_out': 'tcp://172.27.33.40:37669',
                              u'bulk_size': 0,
                              u'log_level': u'debug',
                              u'stall_hwm': 1},
              u'pmgr_launching_queue': {'addr_in': 'tcp://172.27.33.40:42843',
                                        'addr_out': 'tcp://172.27.33.40:42583',
                                        u'bulk_size': 0,
                                        u'log_level': u'debug',
                                        u'stall_hwm': 1},
              u'state_pubsub': {'addr_in': 'tcp://172.27.33.40:36887',
                                'addr_out': 'tcp://172.27.33.40:44225',
                                u'bulk_size': 0,
                                u'log_level': u'debug',
                                u'stall_hwm': 1}},
 'cname': u'PMGRLaunchingComponent',
 u'components': {},
 u'count': 1,
 u'db_poll_sleeptime': 1.0,
 'number': 0,
 'owner': 'pmgr.0000',
 'uid': 'pmgr.0000'}
2017-12-04 15:47:43,206: pmgr.launching.0    : MainProcess                     : MainThread     : DEBUG   : alive check in term
2017-12-04 15:47:43,206: pmgr.launching.0    : MainProcess                     : MainThread     : DEBUG   : START: pmgr.launching.0 register publisher log_pubsub
2017-12-04 15:47:43,206: pmgr.launching.0    : MainProcess                     : MainThread     : DEBUG   : using addr tcp://172.27.33.40:35601 for pubsub log_pubsub
2017-12-04 15:47:43,209: pmgr.launching.0    : MainProcess                     : MainThread     : DEBUG   : registered publisher : log_pubsub : log.pubsub.pub.0001
2017-12-04 15:47:43,209: pmgr.launching.0    : MainProcess                     : MainThread     : DEBUG   : alive check in term
2017-12-04 15:47:43,209: pmgr.launching.0    : MainProcess                     : MainThread     : DEBUG   : START: pmgr.launching.0 register publisher state_pubsub
2017-12-04 15:47:43,209: pmgr.launching.0    : MainProcess                     : MainThread     : DEBUG   : using addr tcp://172.27.33.40:36887 for pubsub state_pubsub
2017-12-04 15:47:43,212: pmgr.launching.0    : MainProcess                     : MainThread     : DEBUG   : registered publisher : state_pubsub : state.pubsub.pub.0001
2017-12-04 15:47:43,212: pmgr.launching.0    : MainProcess                     : MainThread     : DEBUG   : alive check in term
2017-12-04 15:47:43,212: pmgr.launching.0    : MainProcess                     : MainThread     : DEBUG   : START: pmgr.launching.0 register publisher control_pubsub
2017-12-04 15:47:43,212: pmgr.launching.0    : MainProcess                     : MainThread     : DEBUG   : using addr tcp://172.27.33.40:41579 for pubsub control_pubsub
2017-12-04 15:47:43,214: pmgr.launching.0    : MainProcess                     : MainThread     : DEBUG   : registered publisher : control_pubsub : control.pubsub.pub.0001
2017-12-04 15:47:43,214: pmgr.launching.0    : MainProcess                     : MainThread     : DEBUG   : parent name: pmgr.launching.0.watch
2017-12-04 15:47:43,216: pmgr.launching.0    : MainProcess                     : MainThread     : DEBUG   : start thread
2017-12-04 15:47:43,216: pmgr.launching.0    : MainProcess                     : pmgr.launching.0.watch: DEBUG   : child name: pmgr.launching.0.watch.thread
2017-12-04 15:47:43,216: pmgr.launching.0    : MainProcess                     : pmgr.launching.0.watch: INFO    : child (me) initializing
2017-12-04 15:47:43,216: pmgr.launching.0    : MainProcess                     : pmgr.launching.0.watch: DEBUG   : ru_initialize_common (NOOP)
2017-12-04 15:47:43,217: pmgr.launching.0    : MainProcess                     : pmgr.launching.0.watch: DEBUG   : ru_initialize_child (NOOP)
2017-12-04 15:47:43,217: pmgr.launching.0    : MainProcess                     : pmgr.launching.0.watch: INFO    : send alive
2017-12-04 15:47:43,217: pmgr.launching.0    : MainProcess                     : pmgr.launching.0.watch: INFO    : put message: [pmgr.launching.0.watch.thread] alive
2017-12-04 15:47:43,217: pmgr.launching.0    : MainProcess                     : MainThread     : INFO    : get msg: alive
2017-12-04 15:47:43,217: pmgr.launching.0    : MainProcess                     : MainThread     : DEBUG   : ru_initialize_common (NOOP)
2017-12-04 15:47:43,218: pmgr.launching.0    : MainProcess                     : MainThread     : DEBUG   : ru_initialize_parent (NOOP)
2017-12-04 15:47:43,218: pmgr.launching.0    : MainProcess                     : MainThread     : DEBUG   : child thread pmgr.launching.0.watch started
2017-12-04 15:47:43,218: pmgr.launching.0    : MainProcess                     : MainThread     : INFO    : child is alive
2017-12-04 15:47:43,218: pmgr.launching.0    : MainProcess                     : MainThread     : DEBUG   : process class started child
