2017-12-04 15:48:43,407: umgr.0000           : task-manager                    : MainThread     : INFO    : python.interpreter   version: 2.7.12 (default, Nov 19 2016, 06:48:10) [GCC 5.4.0 20160609]
2017-12-04 15:48:43,407: umgr.0000           : task-manager                    : MainThread     : INFO    :                      pid: 28382
2017-12-04 15:48:43,407: umgr.0000           : task-manager                    : MainThread     : INFO    :                      tid: MainThread
2017-12-04 15:48:43,408: umgr.0000           : task-manager                    : MainThread     : INFO    : radical.pilot        version: 0.46.2
2017-12-04 15:48:43,408: umgr.0000           : task-manager                    : MainThread     : DEBUG   : alive check in term
2017-12-04 15:48:43,408: umgr.0000           : task-manager                    : MainThread     : DEBUG   : start process
2017-12-04 15:48:43,408: umgr.0000           : task-manager                    : MainThread     : INFO    : initialize umgr.0000
2017-12-04 15:48:43,412: umgr.0000           : task-manager                    : MainThread     : INFO    : cfg: {u'bridges': {u'umgr_reschedule_pubsub': {u'bulk_size': 0,
                                          u'log_level': u'debug',
                                          u'stall_hwm': 1},
              u'umgr_scheduling_queue': {u'bulk_size': 0,
                                         u'log_level': u'debug',
                                         u'stall_hwm': 1},
              u'umgr_staging_input_queue': {u'bulk_size': 0,
                                            u'log_level': u'debug',
                                            u'stall_hwm': 1},
              u'umgr_staging_output_queue': {u'bulk_size': 0,
                                             u'log_level': u'debug',
                                             u'stall_hwm': 1},
              u'umgr_unschedule_pubsub': {u'bulk_size': 0,
                                          u'log_level': u'debug',
                                          u'stall_hwm': 1}},
 u'bulk_collection_size': 100,
 u'bulk_collection_time': 1.0,
 u'components': {u'UMGRSchedulingComponent': {u'count': 1},
                 u'UMGRStagingInputComponent': {u'count': 1},
                 u'UMGRStagingOutputComponent': {u'count': 1}},
 u'db_poll_sleeptime': 1.0,
 'owner': 'umgr.0000',
 u'scheduler': u'round_robin'}
2017-12-04 15:48:43,416: umgr.0000           : task-manager                    : MainThread     : DEBUG   : start bridges   : {u'umgr_reschedule_pubsub': {u'bulk_size': 0,
                             u'log_level': u'debug',
                             u'stall_hwm': 1},
 u'umgr_scheduling_queue': {u'bulk_size': 0,
                            u'log_level': u'debug',
                            u'stall_hwm': 1},
 u'umgr_staging_input_queue': {u'bulk_size': 0,
                               u'log_level': u'debug',
                               u'stall_hwm': 1},
 u'umgr_staging_output_queue': {u'bulk_size': 0,
                                u'log_level': u'debug',
                                u'stall_hwm': 1},
 u'umgr_unschedule_pubsub': {u'bulk_size': 0,
                             u'log_level': u'debug',
                             u'stall_hwm': 1}}
2017-12-04 15:48:43,416: umgr.0000           : task-manager                    : MainThread     : INFO    : create bridge umgr_reschedule_pubsub
2017-12-04 15:48:43,464: umgr.0000           : task-manager                    : MainThread     : INFO    : created bridge umgr_reschedule_pubsub (umgr.reschedule.pubsub.bridge.0000)
2017-12-04 15:48:43,464: umgr.0000           : task-manager                    : MainThread     : INFO    : create bridge umgr_staging_input_queue
2017-12-04 15:48:43,487: umgr.0000           : task-manager                    : MainThread     : INFO    : created bridge umgr_staging_input_queue (umgr.staging.input.queue.bridge.0000)
2017-12-04 15:48:43,487: umgr.0000           : task-manager                    : MainThread     : INFO    : create bridge umgr_staging_output_queue
2017-12-04 15:48:43,509: umgr.0000           : task-manager                    : MainThread     : INFO    : created bridge umgr_staging_output_queue (umgr.staging.output.queue.bridge.0000)
2017-12-04 15:48:43,509: umgr.0000           : task-manager                    : MainThread     : INFO    : create bridge umgr_unschedule_pubsub
2017-12-04 15:48:43,539: umgr.0000           : task-manager                    : MainThread     : INFO    : created bridge umgr_unschedule_pubsub (umgr.unschedule.pubsub.bridge.0000)
2017-12-04 15:48:43,539: umgr.0000           : task-manager                    : MainThread     : INFO    : create bridge umgr_scheduling_queue
2017-12-04 15:48:43,574: umgr.0000           : task-manager                    : MainThread     : INFO    : created bridge umgr_scheduling_queue (umgr.scheduling.queue.bridge.0000)
2017-12-04 15:48:43,574: umgr.0000           : task-manager                    : MainThread     : DEBUG   : start components: {u'UMGRSchedulingComponent': {u'count': 1},
 u'UMGRStagingInputComponent': {u'count': 1},
 u'UMGRStagingOutputComponent': {u'count': 1}}
2017-12-04 15:48:43,574: umgr.0000           : task-manager                    : MainThread     : DEBUG   : start 1 component(s) UMGRStagingInputComponent
2017-12-04 15:48:43,664: umgr.0000           : task-manager                    : MainThread     : INFO    : umgr.0000                      starts umgr.staging.input.0
2017-12-04 15:48:43,664: umgr.0000           : task-manager                    : MainThread     : DEBUG   : start 1 component(s) UMGRStagingOutputComponent
2017-12-04 15:48:43,770: umgr.0000           : task-manager                    : MainThread     : INFO    : umgr.0000                      starts umgr.staging.output.0
2017-12-04 15:48:43,770: umgr.0000           : task-manager                    : MainThread     : DEBUG   : start 1 component(s) UMGRSchedulingComponent
2017-12-04 15:48:43,859: umgr.0000           : task-manager                    : MainThread     : INFO    : umgr.0000                      starts umgr.scheduling.0
2017-12-04 15:48:43,859: umgr.0000           : task-manager                    : MainThread     : DEBUG   : alive check in term
2017-12-04 15:48:43,859: umgr.0000           : task-manager                    : MainThread     : DEBUG   : START: umgr.0000 register publisher log_pubsub
2017-12-04 15:48:43,859: umgr.0000           : task-manager                    : MainThread     : DEBUG   : using addr tcp://172.27.33.40:35601 for pubsub log_pubsub
2017-12-04 15:48:43,863: umgr.0000           : task-manager                    : MainThread     : DEBUG   : registered publisher : log_pubsub : log.pubsub.pub.0006
2017-12-04 15:48:43,863: umgr.0000           : task-manager                    : MainThread     : DEBUG   : alive check in term
2017-12-04 15:48:43,863: umgr.0000           : task-manager                    : MainThread     : DEBUG   : START: umgr.0000 register publisher state_pubsub
2017-12-04 15:48:43,863: umgr.0000           : task-manager                    : MainThread     : DEBUG   : using addr tcp://172.27.33.40:36887 for pubsub state_pubsub
2017-12-04 15:48:43,866: umgr.0000           : task-manager                    : MainThread     : DEBUG   : registered publisher : state_pubsub : state.pubsub.pub.0006
2017-12-04 15:48:43,866: umgr.0000           : task-manager                    : MainThread     : DEBUG   : alive check in term
2017-12-04 15:48:43,867: umgr.0000           : task-manager                    : MainThread     : DEBUG   : START: umgr.0000 register publisher control_pubsub
2017-12-04 15:48:43,867: umgr.0000           : task-manager                    : MainThread     : DEBUG   : using addr tcp://172.27.33.40:41579 for pubsub control_pubsub
2017-12-04 15:48:43,869: umgr.0000           : task-manager                    : MainThread     : DEBUG   : registered publisher : control_pubsub : control.pubsub.pub.0006
2017-12-04 15:48:43,869: umgr.0000           : task-manager                    : MainThread     : DEBUG   : process class started (no child)
2017-12-04 15:48:43,869: umgr.0000           : task-manager                    : MainThread     : INFO    : started umgr umgr.0000
2017-12-04 15:48:43,870: umgr.0000           : task-manager                    : MainThread     : DEBUG   : START: umgr.0000 register output UMGR_SCHEDULING_PENDING
2017-12-04 15:48:43,870: umgr.0000           : task-manager                    : MainThread     : DEBUG   : using addr tcp://172.27.33.40:38229 for output umgr_scheduling_queue
2017-12-04 15:48:43,874: umgr.0000           : task-manager                    : MainThread     : DEBUG   : registered output    : UMGR_SCHEDULING_PENDING : umgr_scheduling_queue : umgr.scheduling.queue.input.0000
2017-12-04 15:48:43,874: umgr.0000           : task-manager                    : MainThread     : DEBUG   : START: umgr.0000 register output UMGR_STAGING_OUTPUT_PENDING
2017-12-04 15:48:43,874: umgr.0000           : task-manager                    : MainThread     : DEBUG   : using addr tcp://172.27.33.40:36991 for output umgr_staging_output_queue
2017-12-04 15:48:43,876: umgr.0000           : task-manager                    : MainThread     : DEBUG   : registered output    : UMGR_STAGING_OUTPUT_PENDING : umgr_staging_output_queue : umgr.staging.output.queue.input.0000
2017-12-04 15:48:43,876: umgr.0000           : task-manager                    : MainThread     : DEBUG   : START: umgr.0000 register idler umgr.0000.idler._state_pull_cb
2017-12-04 15:48:43,877: umgr.0000           : task-manager                    : MainThread     : DEBUG   : parent name: umgr.0000.idler._state_pull_cb
2017-12-04 15:48:43,877: umgr.0000           : task-manager                    : MainThread     : DEBUG   : start thread
2017-12-04 15:48:43,878: umgr.0000           : task-manager                    : umgr.0000.idler._state_pull_cb: DEBUG   : child name: umgr.0000.idler._state_pull_cb.thread
2017-12-04 15:48:43,878: umgr.0000           : task-manager                    : umgr.0000.idler._state_pull_cb: INFO    : child (me) initializing
2017-12-04 15:48:43,878: umgr.0000           : task-manager                    : umgr.0000.idler._state_pull_cb: DEBUG   : ru_initialize_common (NOOP)
2017-12-04 15:48:43,878: umgr.0000           : task-manager                    : umgr.0000.idler._state_pull_cb: DEBUG   : ru_initialize_child (NOOP)
2017-12-04 15:48:43,878: umgr.0000           : task-manager                    : umgr.0000.idler._state_pull_cb: INFO    : send alive
2017-12-04 15:48:43,878: umgr.0000           : task-manager                    : umgr.0000.idler._state_pull_cb: INFO    : put message: [umgr.0000.idler._state_pull_cb.thread] alive
2017-12-04 15:48:43,879: umgr.0000           : task-manager                    : MainThread     : INFO    : get msg: alive
2017-12-04 15:48:43,879: umgr.0000           : task-manager                    : MainThread     : DEBUG   : ru_initialize_common (NOOP)
2017-12-04 15:48:43,879: umgr.0000           : task-manager                    : MainThread     : DEBUG   : ru_initialize_parent (NOOP)
2017-12-04 15:48:43,879: umgr.0000           : task-manager                    : MainThread     : DEBUG   : child thread umgr.0000.idler._state_pull_cb started
2017-12-04 15:48:43,879: umgr.0000           : task-manager                    : MainThread     : DEBUG   : umgr.0000 registered idler umgr.0000.idler._state_pull_cb
2017-12-04 15:48:43,879: umgr.0000           : task-manager                    : MainThread     : DEBUG   : START: umgr.0000 register idler umgr.0000.idler._unit_pull_cb
2017-12-04 15:48:43,880: umgr.0000           : task-manager                    : MainThread     : DEBUG   : parent name: umgr.0000.idler._unit_pull_cb
2017-12-04 15:48:43,880: umgr.0000           : task-manager                    : MainThread     : DEBUG   : start thread
2017-12-04 15:48:43,880: umgr.0000           : task-manager                    : umgr.0000.idler._unit_pull_cb: DEBUG   : child name: umgr.0000.idler._unit_pull_cb.thread
2017-12-04 15:48:43,881: umgr.0000           : task-manager                    : umgr.0000.idler._unit_pull_cb: INFO    : child (me) initializing
2017-12-04 15:48:43,881: umgr.0000           : task-manager                    : umgr.0000.idler._unit_pull_cb: DEBUG   : ru_initialize_common (NOOP)
2017-12-04 15:48:43,881: umgr.0000           : task-manager                    : umgr.0000.idler._unit_pull_cb: DEBUG   : ru_initialize_child (NOOP)
2017-12-04 15:48:43,881: umgr.0000           : task-manager                    : umgr.0000.idler._unit_pull_cb: INFO    : send alive
2017-12-04 15:48:43,881: umgr.0000           : task-manager                    : umgr.0000.idler._unit_pull_cb: INFO    : put message: [umgr.0000.idler._unit_pull_cb.thread] alive
2017-12-04 15:48:43,882: umgr.0000           : task-manager                    : MainThread     : INFO    : get msg: alive
2017-12-04 15:48:43,882: umgr.0000           : task-manager                    : MainThread     : DEBUG   : ru_initialize_common (NOOP)
2017-12-04 15:48:43,882: umgr.0000           : task-manager                    : MainThread     : DEBUG   : ru_initialize_parent (NOOP)
2017-12-04 15:48:43,882: umgr.0000           : task-manager                    : MainThread     : DEBUG   : child thread umgr.0000.idler._unit_pull_cb started
2017-12-04 15:48:43,882: umgr.0000           : task-manager                    : MainThread     : DEBUG   : umgr.0000 registered idler umgr.0000.idler._unit_pull_cb
2017-12-04 15:48:43,883: umgr.0000           : task-manager                    : MainThread     : DEBUG   : START: umgr.0000 register subscriber umgr.0000.subscriber._state_sub_cb
2017-12-04 15:48:43,883: umgr.0000           : task-manager                    : MainThread     : DEBUG   : using addr tcp://172.27.33.40:44225 for pubsub state_pubsub
2017-12-04 15:48:43,885: umgr.0000           : task-manager                    : MainThread     : DEBUG   : parent name: umgr.0000.subscriber._state_sub_cb
2017-12-04 15:48:43,885: umgr.0000           : task-manager                    : MainThread     : DEBUG   : start thread
2017-12-04 15:48:43,885: umgr.0000           : task-manager                    : umgr.0000.subscriber._state_sub_cb: DEBUG   : child name: umgr.0000.subscriber._state_sub_cb.thread
2017-12-04 15:48:43,885: umgr.0000           : task-manager                    : umgr.0000.subscriber._state_sub_cb: INFO    : child (me) initializing
2017-12-04 15:48:43,886: umgr.0000           : task-manager                    : umgr.0000.subscriber._state_sub_cb: DEBUG   : ru_initialize_common (NOOP)
2017-12-04 15:48:43,886: umgr.0000           : task-manager                    : umgr.0000.subscriber._state_sub_cb: DEBUG   : ru_initialize_child (NOOP)
2017-12-04 15:48:43,886: umgr.0000           : task-manager                    : umgr.0000.subscriber._state_sub_cb: INFO    : send alive
2017-12-04 15:48:43,886: umgr.0000           : task-manager                    : umgr.0000.subscriber._state_sub_cb: INFO    : put message: [umgr.0000.subscriber._state_sub_cb.thread] alive
2017-12-04 15:48:43,887: umgr.0000           : task-manager                    : MainThread     : INFO    : get msg: alive
2017-12-04 15:48:43,887: umgr.0000           : task-manager                    : MainThread     : DEBUG   : ru_initialize_common (NOOP)
2017-12-04 15:48:43,887: umgr.0000           : task-manager                    : MainThread     : DEBUG   : ru_initialize_parent (NOOP)
2017-12-04 15:48:43,887: umgr.0000           : task-manager                    : MainThread     : DEBUG   : child thread umgr.0000.subscriber._state_sub_cb started
2017-12-04 15:48:44,186: umgr.0000           : task-manager                    : umgr.0000.idler._unit_pull_cb: INFO    :  === units pulled:    0
2017-12-04 15:48:44,186: umgr.0000           : task-manager                    : MainThread     : DEBUG   : umgr.0000 registered state_pubsub subscriber umgr.0000.subscriber._state_sub_cb
2017-12-04 15:48:44,316: umgr.0000           : task-manager                    : MainThread     : DEBUG   : advance bulk size: 1 [False, False]
2017-12-04 15:48:44,316: umgr.0000           : task-manager                    : MainThread     : DEBUG   : advance bulk: unit.000000 [1]
2017-12-04 15:48:44,418: umgr.0000           : task-manager                    : MainThread     : DEBUG   : advance bulk size: 1 [True, True]
2017-12-04 15:48:44,418: umgr.0000           : task-manager                    : MainThread     : DEBUG   : advance bulk: unit.000000 [1]
2017-12-04 15:48:44,419: umgr.0000           : task-manager                    : MainThread     : DEBUG   : bucket: UMGR_SCHEDULING_PENDING : ['unit.000000']
2017-12-04 15:48:44,419: umgr.0000           : task-manager                    : MainThread     : DEBUG   : put bulk UMGR_SCHEDULING_PENDING: 1
2017-12-04 15:48:44,420: umgr.0000           : task-manager                    : MainThread     : DEBUG   : push unit.000000 ---> UMGR_SCHEDULING_PENDING
2017-12-04 15:48:44,419: umgr.0000           : task-manager                    : umgr.0000.subscriber._state_sub_cb: INFO    : [Callback]: unit unit.000000 state: UMGR_SCHEDULING_PENDING.
2017-12-04 15:48:44,431: umgr.0000           : task-manager                    : umgr.0000.subscriber._state_sub_cb: DEBUG   : advance bulk size: 1 [False, False]
2017-12-04 15:48:44,432: umgr.0000           : task-manager                    : umgr.0000.subscriber._state_sub_cb: DEBUG   : advance bulk: unit.000000 [1]
2017-12-04 15:48:44,432: umgr.0000           : task-manager                    : umgr.0000.subscriber._state_sub_cb: INFO    : [Callback]: unit unit.000000 state: UMGR_SCHEDULING.
2017-12-04 15:48:44,441: umgr.0000           : task-manager                    : umgr.0000.subscriber._state_sub_cb: DEBUG   : advance bulk size: 1 [False, False]
2017-12-04 15:48:44,441: umgr.0000           : task-manager                    : umgr.0000.subscriber._state_sub_cb: DEBUG   : advance bulk: unit.000000 [1]
2017-12-04 15:48:44,441: umgr.0000           : task-manager                    : umgr.0000.subscriber._state_sub_cb: INFO    : [Callback]: unit unit.000000 state: UMGR_STAGING_INPUT_PENDING.
2017-12-04 15:48:44,451: umgr.0000           : task-manager                    : umgr.0000.subscriber._state_sub_cb: DEBUG   : advance bulk size: 1 [False, False]
2017-12-04 15:48:44,452: umgr.0000           : task-manager                    : umgr.0000.subscriber._state_sub_cb: DEBUG   : advance bulk: unit.000000 [1]
2017-12-04 15:48:44,452: umgr.0000           : task-manager                    : umgr.0000.subscriber._state_sub_cb: INFO    : [Callback]: unit unit.000000 state: UMGR_STAGING_INPUT.
2017-12-04 15:48:44,465: umgr.0000           : task-manager                    : umgr.0000.subscriber._state_sub_cb: DEBUG   : advance bulk size: 1 [False, False]
2017-12-04 15:48:44,465: umgr.0000           : task-manager                    : umgr.0000.subscriber._state_sub_cb: DEBUG   : advance bulk: unit.000000 [1]
2017-12-04 15:48:44,467: umgr.0000           : task-manager                    : umgr.0000.subscriber._state_sub_cb: INFO    : [Callback]: unit unit.000000 state: AGENT_STAGING_INPUT_PENDING.
2017-12-04 15:48:44,487: umgr.0000           : task-manager                    : umgr.0000.subscriber._state_sub_cb: DEBUG   : advance bulk size: 1 [False, False]
2017-12-04 15:48:44,487: umgr.0000           : task-manager                    : umgr.0000.subscriber._state_sub_cb: DEBUG   : advance bulk: unit.000000 [1]
2017-12-04 15:48:45,327: umgr.0000           : task-manager                    : umgr.0000.idler._unit_pull_cb: INFO    :  === units pulled:    0
2017-12-04 15:48:46,433: umgr.0000           : task-manager                    : umgr.0000.idler._unit_pull_cb: INFO    :  === units pulled:    0
2017-12-04 15:48:47,421: umgr.0000           : task-manager                    : umgr.0000.idler._state_pull_cb: INFO    : [Callback]: unit unit.000000 state: AGENT_STAGING_INPUT.
2017-12-04 15:48:47,436: umgr.0000           : task-manager                    : umgr.0000.idler._state_pull_cb: DEBUG   : advance bulk size: 1 [False, True]
2017-12-04 15:48:47,436: umgr.0000           : task-manager                    : umgr.0000.idler._state_pull_cb: DEBUG   : advance bulk: unit.000000 [1]
2017-12-04 15:48:47,583: umgr.0000           : task-manager                    : umgr.0000.idler._unit_pull_cb: INFO    :  === units pulled:    0
2017-12-04 15:48:48,700: umgr.0000           : task-manager                    : umgr.0000.idler._unit_pull_cb: INFO    :  === units pulled:    0
2017-12-04 15:48:49,670: umgr.0000           : task-manager                    : umgr.0000.idler._state_pull_cb: INFO    : [Callback]: unit unit.000000 state: AGENT_SCHEDULING_PENDING.
2017-12-04 15:48:49,680: umgr.0000           : task-manager                    : umgr.0000.idler._state_pull_cb: DEBUG   : advance bulk size: 1 [False, True]
2017-12-04 15:48:49,681: umgr.0000           : task-manager                    : umgr.0000.idler._state_pull_cb: DEBUG   : advance bulk: unit.000000 [1]
2017-12-04 15:48:49,681: umgr.0000           : task-manager                    : umgr.0000.idler._state_pull_cb: INFO    : [Callback]: unit unit.000000 state: AGENT_SCHEDULING.
2017-12-04 15:48:49,693: umgr.0000           : task-manager                    : umgr.0000.idler._state_pull_cb: DEBUG   : advance bulk size: 1 [False, True]
2017-12-04 15:48:49,693: umgr.0000           : task-manager                    : umgr.0000.idler._state_pull_cb: DEBUG   : advance bulk: unit.000000 [1]
2017-12-04 15:48:49,694: umgr.0000           : task-manager                    : umgr.0000.idler._state_pull_cb: INFO    : [Callback]: unit unit.000000 state: AGENT_EXECUTING_PENDING.
2017-12-04 15:48:49,702: umgr.0000           : task-manager                    : umgr.0000.idler._state_pull_cb: DEBUG   : advance bulk size: 1 [False, True]
2017-12-04 15:48:49,703: umgr.0000           : task-manager                    : umgr.0000.idler._state_pull_cb: DEBUG   : advance bulk: unit.000000 [1]
2017-12-04 15:48:49,703: umgr.0000           : task-manager                    : umgr.0000.idler._state_pull_cb: INFO    : [Callback]: unit unit.000000 state: AGENT_EXECUTING.
2017-12-04 15:48:49,720: umgr.0000           : task-manager                    : umgr.0000.idler._state_pull_cb: DEBUG   : advance bulk size: 1 [False, True]
2017-12-04 15:48:49,720: umgr.0000           : task-manager                    : umgr.0000.idler._state_pull_cb: DEBUG   : advance bulk: unit.000000 [1]
2017-12-04 15:48:49,723: umgr.0000           : task-manager                    : umgr.0000.idler._state_pull_cb: INFO    : [Callback]: unit unit.000000 state: AGENT_STAGING_OUTPUT_PENDING.
2017-12-04 15:48:49,751: umgr.0000           : task-manager                    : umgr.0000.idler._state_pull_cb: DEBUG   : advance bulk size: 1 [False, True]
2017-12-04 15:48:49,755: umgr.0000           : task-manager                    : umgr.0000.idler._state_pull_cb: DEBUG   : advance bulk: unit.000000 [1]
2017-12-04 15:48:49,756: umgr.0000           : task-manager                    : umgr.0000.idler._state_pull_cb: INFO    : [Callback]: unit unit.000000 state: AGENT_STAGING_OUTPUT.
2017-12-04 15:48:49,766: umgr.0000           : task-manager                    : umgr.0000.idler._state_pull_cb: DEBUG   : advance bulk size: 1 [False, True]
2017-12-04 15:48:49,766: umgr.0000           : task-manager                    : umgr.0000.idler._state_pull_cb: DEBUG   : advance bulk: unit.000000 [1]
2017-12-04 15:48:49,767: umgr.0000           : task-manager                    : umgr.0000.idler._state_pull_cb: INFO    : [Callback]: unit unit.000000 state: UMGR_STAGING_OUTPUT_PENDING.
2017-12-04 15:48:49,775: umgr.0000           : task-manager                    : umgr.0000.idler._state_pull_cb: DEBUG   : advance bulk size: 1 [False, True]
2017-12-04 15:48:49,775: umgr.0000           : task-manager                    : umgr.0000.idler._state_pull_cb: DEBUG   : advance bulk: unit.000000 [1]
2017-12-04 15:48:50,078: umgr.0000           : task-manager                    : umgr.0000.idler._unit_pull_cb: INFO    : units pulled:    1 [u'unit.000000']
2017-12-04 15:48:50,079: umgr.0000           : task-manager                    : umgr.0000.idler._unit_pull_cb: DEBUG   :  === unit  pulled unit.000000: AGENT_SCHEDULING_PENDING / UMGR_STAGING_OUTPUT_PENDING
2017-12-04 15:48:50,079: umgr.0000           : task-manager                    : umgr.0000.idler._unit_pull_cb: DEBUG   : advance bulk size: 1 [True, True]
2017-12-04 15:48:50,080: umgr.0000           : task-manager                    : umgr.0000.idler._unit_pull_cb: DEBUG   : advance bulk: unit.000000 [1]
2017-12-04 15:48:50,081: umgr.0000           : task-manager                    : umgr.0000.idler._unit_pull_cb: DEBUG   : bucket: UMGR_STAGING_OUTPUT_PENDING : [u'unit.000000']
2017-12-04 15:48:50,081: umgr.0000           : task-manager                    : umgr.0000.idler._unit_pull_cb: DEBUG   : put bulk UMGR_STAGING_OUTPUT_PENDING: 1
2017-12-04 15:48:50,082: umgr.0000           : task-manager                    : umgr.0000.idler._unit_pull_cb: DEBUG   : push unit.000000 ---> UMGR_STAGING_OUTPUT_PENDING
2017-12-04 15:48:50,085: umgr.0000           : task-manager                    : umgr.0000.subscriber._state_sub_cb: INFO    : [Callback]: unit unit.000000 state: UMGR_STAGING_OUTPUT.
2017-12-04 15:48:50,093: umgr.0000           : task-manager                    : umgr.0000.subscriber._state_sub_cb: DEBUG   : advance bulk size: 1 [False, False]
2017-12-04 15:48:50,094: umgr.0000           : task-manager                    : umgr.0000.subscriber._state_sub_cb: DEBUG   : advance bulk: unit.000000 [1]
2017-12-04 15:48:50,094: umgr.0000           : task-manager                    : umgr.0000.subscriber._state_sub_cb: INFO    : [Callback]: unit unit.000000 state: DONE.
2017-12-04 15:48:50,111: umgr.0000           : task-manager                    : umgr.0000.subscriber._state_sub_cb: DEBUG   : advance bulk size: 1 [False, False]
2017-12-04 15:48:50,111: umgr.0000           : task-manager                    : umgr.0000.subscriber._state_sub_cb: DEBUG   : advance bulk: unit.000000 [1]
2017-12-04 15:48:51,189: umgr.0000           : task-manager                    : umgr.0000.idler._unit_pull_cb: INFO    :  === units pulled:    0
2017-12-04 15:48:52,302: umgr.0000           : task-manager                    : umgr.0000.idler._unit_pull_cb: INFO    :  === units pulled:    0
2017-12-04 15:48:53,406: umgr.0000           : task-manager                    : umgr.0000.idler._unit_pull_cb: INFO    :  === units pulled:    0
2017-12-04 15:48:54,526: umgr.0000           : task-manager                    : umgr.0000.idler._unit_pull_cb: INFO    :  === units pulled:    0
2017-12-04 15:48:55,628: umgr.0000           : task-manager                    : umgr.0000.idler._unit_pull_cb: INFO    :  === units pulled:    0
2017-12-04 15:48:56,734: umgr.0000           : task-manager                    : umgr.0000.idler._unit_pull_cb: INFO    :  === units pulled:    0
2017-12-04 15:48:57,841: umgr.0000           : task-manager                    : umgr.0000.idler._unit_pull_cb: INFO    :  === units pulled:    0
2017-12-04 15:48:58,946: umgr.0000           : task-manager                    : umgr.0000.idler._unit_pull_cb: INFO    :  === units pulled:    0
2017-12-04 15:49:00,057: umgr.0000           : task-manager                    : umgr.0000.idler._unit_pull_cb: INFO    :  === units pulled:    0
2017-12-04 15:49:01,179: umgr.0000           : task-manager                    : umgr.0000.idler._unit_pull_cb: INFO    :  === units pulled:    0
2017-12-04 15:49:02,282: umgr.0000           : task-manager                    : umgr.0000.idler._unit_pull_cb: INFO    :  === units pulled:    0
2017-12-04 15:49:03,417: umgr.0000           : task-manager                    : umgr.0000.idler._unit_pull_cb: INFO    :  === units pulled:    0
2017-12-04 15:49:04,525: umgr.0000           : task-manager                    : umgr.0000.idler._unit_pull_cb: INFO    :  === units pulled:    0
2017-12-04 15:49:05,630: umgr.0000           : task-manager                    : umgr.0000.idler._unit_pull_cb: INFO    :  === units pulled:    0
2017-12-04 15:49:06,736: umgr.0000           : task-manager                    : umgr.0000.idler._unit_pull_cb: INFO    :  === units pulled:    0
2017-12-04 15:49:07,839: umgr.0000           : task-manager                    : umgr.0000.idler._unit_pull_cb: INFO    :  === units pulled:    0
2017-12-04 15:49:08,944: umgr.0000           : task-manager                    : umgr.0000.idler._unit_pull_cb: INFO    :  === units pulled:    0
2017-12-04 15:49:10,045: umgr.0000           : task-manager                    : umgr.0000.idler._unit_pull_cb: INFO    :  === units pulled:    0
2017-12-04 15:49:11,152: umgr.0000           : task-manager                    : umgr.0000.idler._unit_pull_cb: INFO    :  === units pulled:    0
2017-12-04 15:49:12,258: umgr.0000           : task-manager                    : umgr.0000.idler._unit_pull_cb: INFO    :  === units pulled:    0
2017-12-04 15:49:13,360: umgr.0000           : task-manager                    : umgr.0000.idler._unit_pull_cb: INFO    :  === units pulled:    0
2017-12-04 15:49:14,469: umgr.0000           : task-manager                    : umgr.0000.idler._unit_pull_cb: INFO    :  === units pulled:    0
2017-12-04 15:49:15,575: umgr.0000           : task-manager                    : umgr.0000.idler._unit_pull_cb: INFO    :  === units pulled:    0
2017-12-04 15:49:16,678: umgr.0000           : task-manager                    : umgr.0000.idler._unit_pull_cb: INFO    :  === units pulled:    0
2017-12-04 15:49:17,797: umgr.0000           : task-manager                    : umgr.0000.idler._unit_pull_cb: INFO    :  === units pulled:    0
2017-12-04 15:49:18,958: umgr.0000           : task-manager                    : umgr.0000.idler._unit_pull_cb: INFO    :  === units pulled:    0
2017-12-04 15:49:20,066: umgr.0000           : task-manager                    : umgr.0000.idler._unit_pull_cb: INFO    :  === units pulled:    0
2017-12-04 15:49:21,174: umgr.0000           : task-manager                    : umgr.0000.idler._unit_pull_cb: INFO    :  === units pulled:    0
2017-12-04 15:49:22,284: umgr.0000           : task-manager                    : umgr.0000.idler._unit_pull_cb: INFO    :  === units pulled:    0
2017-12-04 15:49:23,393: umgr.0000           : task-manager                    : umgr.0000.idler._unit_pull_cb: INFO    :  === units pulled:    0
2017-12-04 15:49:24,494: umgr.0000           : task-manager                    : umgr.0000.idler._unit_pull_cb: INFO    :  === units pulled:    0
2017-12-04 15:49:25,601: umgr.0000           : task-manager                    : umgr.0000.idler._unit_pull_cb: INFO    :  === units pulled:    0
2017-12-04 15:49:26,715: umgr.0000           : task-manager                    : umgr.0000.idler._unit_pull_cb: INFO    :  === units pulled:    0
2017-12-04 15:49:27,817: umgr.0000           : task-manager                    : umgr.0000.idler._unit_pull_cb: INFO    :  === units pulled:    0
2017-12-04 15:49:28,923: umgr.0000           : task-manager                    : umgr.0000.idler._unit_pull_cb: INFO    :  === units pulled:    0
2017-12-04 15:49:30,099: umgr.0000           : task-manager                    : umgr.0000.idler._unit_pull_cb: INFO    :  === units pulled:    0
2017-12-04 15:49:31,290: umgr.0000           : task-manager                    : umgr.0000.idler._unit_pull_cb: INFO    :  === units pulled:    0
2017-12-04 15:49:32,492: umgr.0000           : task-manager                    : umgr.0000.idler._unit_pull_cb: INFO    :  === units pulled:    0
2017-12-04 15:49:33,694: umgr.0000           : task-manager                    : umgr.0000.idler._unit_pull_cb: INFO    :  === units pulled:    0
2017-12-04 15:49:34,876: umgr.0000           : task-manager                    : umgr.0000.idler._unit_pull_cb: INFO    :  === units pulled:    0
2017-12-04 15:49:36,034: umgr.0000           : task-manager                    : umgr.0000.idler._unit_pull_cb: INFO    :  === units pulled:    0
2017-12-04 15:49:37,195: umgr.0000           : task-manager                    : umgr.0000.idler._unit_pull_cb: INFO    :  === units pulled:    0
2017-12-04 15:49:38,360: umgr.0000           : task-manager                    : umgr.0000.idler._unit_pull_cb: INFO    :  === units pulled:    0
2017-12-04 15:49:39,533: umgr.0000           : task-manager                    : umgr.0000.idler._unit_pull_cb: INFO    :  === units pulled:    0
2017-12-04 15:49:40,700: umgr.0000           : task-manager                    : umgr.0000.idler._unit_pull_cb: INFO    :  === units pulled:    0
2017-12-04 15:49:41,860: umgr.0000           : task-manager                    : umgr.0000.idler._unit_pull_cb: INFO    :  === units pulled:    0
2017-12-04 15:49:43,055: umgr.0000           : task-manager                    : umgr.0000.idler._unit_pull_cb: INFO    :  === units pulled:    0
2017-12-04 15:49:44,213: umgr.0000           : task-manager                    : umgr.0000.idler._unit_pull_cb: INFO    :  === units pulled:    0
2017-12-04 15:49:45,382: umgr.0000           : task-manager                    : umgr.0000.idler._unit_pull_cb: INFO    :  === units pulled:    0
2017-12-04 15:49:46,552: umgr.0000           : task-manager                    : umgr.0000.idler._unit_pull_cb: INFO    :  === units pulled:    0
2017-12-04 15:49:47,720: umgr.0000           : task-manager                    : umgr.0000.idler._unit_pull_cb: INFO    :  === units pulled:    0
2017-12-04 15:49:48,890: umgr.0000           : task-manager                    : umgr.0000.idler._unit_pull_cb: INFO    :  === units pulled:    0
2017-12-04 15:49:50,038: umgr.0000           : task-manager                    : umgr.0000.idler._unit_pull_cb: INFO    :  === units pulled:    0
2017-12-04 15:49:51,147: umgr.0000           : task-manager                    : umgr.0000.idler._unit_pull_cb: INFO    :  === units pulled:    0
2017-12-04 15:49:52,258: umgr.0000           : task-manager                    : umgr.0000.idler._unit_pull_cb: INFO    :  === units pulled:    0
2017-12-04 15:49:53,367: umgr.0000           : task-manager                    : umgr.0000.idler._unit_pull_cb: INFO    :  === units pulled:    0
2017-12-04 15:49:54,469: umgr.0000           : task-manager                    : umgr.0000.idler._unit_pull_cb: INFO    :  === units pulled:    0
2017-12-04 15:49:55,571: umgr.0000           : task-manager                    : umgr.0000.idler._unit_pull_cb: INFO    :  === units pulled:    0
2017-12-04 15:49:56,677: umgr.0000           : task-manager                    : umgr.0000.idler._unit_pull_cb: INFO    :  === units pulled:    0
2017-12-04 15:49:57,782: umgr.0000           : task-manager                    : umgr.0000.idler._unit_pull_cb: INFO    :  === units pulled:    0
2017-12-04 15:49:58,888: umgr.0000           : task-manager                    : umgr.0000.idler._unit_pull_cb: INFO    :  === units pulled:    0
2017-12-04 15:50:00,017: umgr.0000           : task-manager                    : umgr.0000.idler._unit_pull_cb: INFO    :  === units pulled:    0
2017-12-04 15:50:01,125: umgr.0000           : task-manager                    : umgr.0000.idler._unit_pull_cb: INFO    :  === units pulled:    0
2017-12-04 15:50:02,232: umgr.0000           : task-manager                    : umgr.0000.idler._unit_pull_cb: INFO    :  === units pulled:    0
2017-12-04 15:50:03,339: umgr.0000           : task-manager                    : umgr.0000.idler._unit_pull_cb: INFO    :  === units pulled:    0
2017-12-04 15:50:04,444: umgr.0000           : task-manager                    : umgr.0000.idler._unit_pull_cb: INFO    :  === units pulled:    0
2017-12-04 15:50:05,548: umgr.0000           : task-manager                    : umgr.0000.idler._unit_pull_cb: INFO    :  === units pulled:    0
2017-12-04 15:50:06,650: umgr.0000           : task-manager                    : umgr.0000.idler._unit_pull_cb: INFO    :  === units pulled:    0
2017-12-04 15:50:07,755: umgr.0000           : task-manager                    : umgr.0000.idler._unit_pull_cb: INFO    :  === units pulled:    0
2017-12-04 15:50:08,857: umgr.0000           : task-manager                    : umgr.0000.idler._unit_pull_cb: INFO    :  === units pulled:    0
2017-12-04 15:50:09,961: umgr.0000           : task-manager                    : umgr.0000.idler._unit_pull_cb: INFO    :  === units pulled:    0
2017-12-04 15:50:11,070: umgr.0000           : task-manager                    : umgr.0000.idler._unit_pull_cb: INFO    :  === units pulled:    0
2017-12-04 15:50:12,173: umgr.0000           : task-manager                    : umgr.0000.idler._unit_pull_cb: INFO    :  === units pulled:    0
2017-12-04 15:50:13,297: umgr.0000           : task-manager                    : umgr.0000.idler._unit_pull_cb: INFO    :  === units pulled:    0
2017-12-04 15:50:14,405: umgr.0000           : task-manager                    : umgr.0000.idler._unit_pull_cb: INFO    :  === units pulled:    0
2017-12-04 15:50:15,564: umgr.0000           : task-manager                    : umgr.0000.idler._unit_pull_cb: INFO    :  === units pulled:    0
2017-12-04 15:50:16,683: umgr.0000           : task-manager                    : umgr.0000.idler._unit_pull_cb: INFO    :  === units pulled:    0
2017-12-04 15:50:17,804: umgr.0000           : task-manager                    : umgr.0000.idler._unit_pull_cb: INFO    :  === units pulled:    0
2017-12-04 15:50:18,946: umgr.0000           : task-manager                    : umgr.0000.idler._unit_pull_cb: INFO    :  === units pulled:    0
2017-12-04 15:50:20,066: umgr.0000           : task-manager                    : umgr.0000.idler._unit_pull_cb: INFO    :  === units pulled:    0
2017-12-04 15:50:21,201: umgr.0000           : task-manager                    : umgr.0000.idler._unit_pull_cb: INFO    :  === units pulled:    0
2017-12-04 15:50:22,343: umgr.0000           : task-manager                    : umgr.0000.idler._unit_pull_cb: INFO    :  === units pulled:    0
2017-12-04 15:50:23,473: umgr.0000           : task-manager                    : umgr.0000.idler._unit_pull_cb: INFO    :  === units pulled:    0
2017-12-04 15:50:24,599: umgr.0000           : task-manager                    : umgr.0000.idler._unit_pull_cb: INFO    :  === units pulled:    0
2017-12-04 15:50:25,763: umgr.0000           : task-manager                    : umgr.0000.idler._unit_pull_cb: INFO    :  === units pulled:    0
2017-12-04 15:50:26,899: umgr.0000           : task-manager                    : umgr.0000.idler._unit_pull_cb: INFO    :  === units pulled:    0
2017-12-04 15:50:28,056: umgr.0000           : task-manager                    : umgr.0000.idler._unit_pull_cb: INFO    :  === units pulled:    0
2017-12-04 15:50:29,188: umgr.0000           : task-manager                    : umgr.0000.idler._unit_pull_cb: INFO    :  === units pulled:    0
2017-12-04 15:50:30,322: umgr.0000           : task-manager                    : umgr.0000.idler._unit_pull_cb: INFO    :  === units pulled:    0
2017-12-04 15:50:31,463: umgr.0000           : task-manager                    : umgr.0000.idler._unit_pull_cb: INFO    :  === units pulled:    0
2017-12-04 15:50:32,610: umgr.0000           : task-manager                    : umgr.0000.idler._unit_pull_cb: INFO    :  === units pulled:    0
2017-12-04 15:50:33,749: umgr.0000           : task-manager                    : umgr.0000.idler._unit_pull_cb: INFO    :  === units pulled:    0
2017-12-04 15:50:34,853: umgr.0000           : task-manager                    : umgr.0000.idler._unit_pull_cb: INFO    :  === units pulled:    0
2017-12-04 15:50:35,959: umgr.0000           : task-manager                    : umgr.0000.idler._unit_pull_cb: INFO    :  === units pulled:    0
2017-12-04 15:50:37,064: umgr.0000           : task-manager                    : umgr.0000.idler._unit_pull_cb: INFO    :  === units pulled:    0
2017-12-04 15:50:38,180: umgr.0000           : task-manager                    : umgr.0000.idler._unit_pull_cb: INFO    :  === units pulled:    0
2017-12-04 15:50:39,284: umgr.0000           : task-manager                    : umgr.0000.idler._unit_pull_cb: INFO    :  === units pulled:    0
2017-12-04 15:50:40,398: umgr.0000           : task-manager                    : umgr.0000.idler._unit_pull_cb: INFO    :  === units pulled:    0
2017-12-04 15:50:41,525: umgr.0000           : task-manager                    : umgr.0000.idler._unit_pull_cb: INFO    :  === units pulled:    0
2017-12-04 15:50:42,636: umgr.0000           : task-manager                    : umgr.0000.idler._unit_pull_cb: INFO    :  === units pulled:    0
2017-12-04 15:50:43,740: umgr.0000           : task-manager                    : umgr.0000.idler._unit_pull_cb: INFO    :  === units pulled:    0
2017-12-04 15:50:44,847: umgr.0000           : task-manager                    : umgr.0000.idler._unit_pull_cb: INFO    :  === units pulled:    0
2017-12-04 15:50:45,952: umgr.0000           : task-manager                    : umgr.0000.idler._unit_pull_cb: INFO    :  === units pulled:    0
2017-12-04 15:50:47,060: umgr.0000           : task-manager                    : umgr.0000.idler._unit_pull_cb: INFO    :  === units pulled:    0
2017-12-04 15:50:48,168: umgr.0000           : task-manager                    : umgr.0000.idler._unit_pull_cb: INFO    :  === units pulled:    0
2017-12-04 15:50:49,278: umgr.0000           : task-manager                    : umgr.0000.idler._unit_pull_cb: INFO    :  === units pulled:    0
2017-12-04 15:50:50,378: umgr.0000           : task-manager                    : umgr.0000.idler._unit_pull_cb: INFO    :  === units pulled:    0
2017-12-04 15:50:51,484: umgr.0000           : task-manager                    : umgr.0000.idler._unit_pull_cb: INFO    :  === units pulled:    0
2017-12-04 15:50:52,595: umgr.0000           : task-manager                    : umgr.0000.idler._unit_pull_cb: INFO    :  === units pulled:    0
2017-12-04 15:50:53,705: umgr.0000           : task-manager                    : umgr.0000.idler._unit_pull_cb: INFO    :  === units pulled:    0
2017-12-04 15:50:54,834: umgr.0000           : task-manager                    : umgr.0000.idler._unit_pull_cb: INFO    :  === units pulled:    0
2017-12-04 15:50:55,940: umgr.0000           : task-manager                    : umgr.0000.idler._unit_pull_cb: INFO    :  === units pulled:    0
2017-12-04 15:50:57,046: umgr.0000           : task-manager                    : umgr.0000.idler._unit_pull_cb: INFO    :  === units pulled:    0
2017-12-04 15:50:58,162: umgr.0000           : task-manager                    : umgr.0000.idler._unit_pull_cb: INFO    :  === units pulled:    0
2017-12-04 15:50:59,273: umgr.0000           : task-manager                    : umgr.0000.idler._unit_pull_cb: INFO    :  === units pulled:    0
2017-12-04 15:51:00,384: umgr.0000           : task-manager                    : umgr.0000.idler._unit_pull_cb: INFO    :  === units pulled:    0
2017-12-04 15:51:01,488: umgr.0000           : task-manager                    : umgr.0000.idler._unit_pull_cb: INFO    :  === units pulled:    0
2017-12-04 15:51:02,593: umgr.0000           : task-manager                    : umgr.0000.idler._unit_pull_cb: INFO    :  === units pulled:    0
2017-12-04 15:51:03,699: umgr.0000           : task-manager                    : umgr.0000.idler._unit_pull_cb: INFO    :  === units pulled:    0
2017-12-04 15:51:04,803: umgr.0000           : task-manager                    : umgr.0000.idler._unit_pull_cb: INFO    :  === units pulled:    0
2017-12-04 15:51:05,905: umgr.0000           : task-manager                    : umgr.0000.idler._unit_pull_cb: INFO    :  === units pulled:    0
2017-12-04 15:51:07,009: umgr.0000           : task-manager                    : umgr.0000.idler._unit_pull_cb: INFO    :  === units pulled:    0
2017-12-04 15:51:08,111: umgr.0000           : task-manager                    : umgr.0000.idler._unit_pull_cb: INFO    :  === units pulled:    0
2017-12-04 15:51:09,221: umgr.0000           : task-manager                    : umgr.0000.idler._unit_pull_cb: INFO    :  === units pulled:    0
2017-12-04 15:51:10,328: umgr.0000           : task-manager                    : umgr.0000.idler._unit_pull_cb: INFO    :  === units pulled:    0
2017-12-04 15:51:11,433: umgr.0000           : task-manager                    : umgr.0000.idler._unit_pull_cb: INFO    :  === units pulled:    0
2017-12-04 15:51:12,555: umgr.0000           : task-manager                    : umgr.0000.idler._unit_pull_cb: INFO    :  === units pulled:    0
2017-12-04 15:51:13,658: umgr.0000           : task-manager                    : umgr.0000.idler._unit_pull_cb: INFO    :  === units pulled:    0
2017-12-04 15:51:14,759: umgr.0000           : task-manager                    : umgr.0000.idler._unit_pull_cb: INFO    :  === units pulled:    0
2017-12-04 15:51:15,861: umgr.0000           : task-manager                    : umgr.0000.idler._unit_pull_cb: INFO    :  === units pulled:    0
2017-12-04 15:51:16,964: umgr.0000           : task-manager                    : umgr.0000.idler._unit_pull_cb: INFO    :  === units pulled:    0
2017-12-04 15:51:18,070: umgr.0000           : task-manager                    : umgr.0000.idler._unit_pull_cb: INFO    :  === units pulled:    0
2017-12-04 15:51:19,175: umgr.0000           : task-manager                    : umgr.0000.idler._unit_pull_cb: INFO    :  === units pulled:    0
2017-12-04 15:51:20,281: umgr.0000           : task-manager                    : umgr.0000.idler._unit_pull_cb: INFO    :  === units pulled:    0
2017-12-04 15:51:21,394: umgr.0000           : task-manager                    : umgr.0000.idler._unit_pull_cb: INFO    :  === units pulled:    0
2017-12-04 15:51:22,502: umgr.0000           : task-manager                    : umgr.0000.idler._unit_pull_cb: INFO    :  === units pulled:    0
2017-12-04 15:51:23,619: umgr.0000           : task-manager                    : umgr.0000.idler._unit_pull_cb: INFO    :  === units pulled:    0
2017-12-04 15:51:24,720: umgr.0000           : task-manager                    : umgr.0000.idler._unit_pull_cb: INFO    :  === units pulled:    0
2017-12-04 15:51:25,834: umgr.0000           : task-manager                    : umgr.0000.idler._unit_pull_cb: INFO    :  === units pulled:    0
2017-12-04 15:51:26,939: umgr.0000           : task-manager                    : umgr.0000.idler._unit_pull_cb: INFO    :  === units pulled:    0
2017-12-04 15:51:28,042: umgr.0000           : task-manager                    : umgr.0000.idler._unit_pull_cb: INFO    :  === units pulled:    0
2017-12-04 15:51:29,154: umgr.0000           : task-manager                    : umgr.0000.idler._unit_pull_cb: INFO    :  === units pulled:    0
2017-12-04 15:51:30,262: umgr.0000           : task-manager                    : umgr.0000.idler._unit_pull_cb: INFO    :  === units pulled:    0
2017-12-04 15:51:31,377: umgr.0000           : task-manager                    : umgr.0000.idler._unit_pull_cb: INFO    :  === units pulled:    0
2017-12-04 15:51:32,482: umgr.0000           : task-manager                    : umgr.0000.idler._unit_pull_cb: INFO    :  === units pulled:    0
2017-12-04 15:51:33,587: umgr.0000           : task-manager                    : umgr.0000.idler._unit_pull_cb: INFO    :  === units pulled:    0
2017-12-04 15:51:34,692: umgr.0000           : task-manager                    : umgr.0000.idler._unit_pull_cb: INFO    :  === units pulled:    0
2017-12-04 15:51:35,801: umgr.0000           : task-manager                    : umgr.0000.idler._unit_pull_cb: INFO    :  === units pulled:    0
2017-12-04 15:51:36,909: umgr.0000           : task-manager                    : umgr.0000.idler._unit_pull_cb: INFO    :  === units pulled:    0
2017-12-04 15:51:38,034: umgr.0000           : task-manager                    : umgr.0000.idler._unit_pull_cb: INFO    :  === units pulled:    0
2017-12-04 15:51:39,137: umgr.0000           : task-manager                    : umgr.0000.idler._unit_pull_cb: INFO    :  === units pulled:    0
2017-12-04 15:51:40,240: umgr.0000           : task-manager                    : umgr.0000.idler._unit_pull_cb: INFO    :  === units pulled:    0
2017-12-04 15:51:41,342: umgr.0000           : task-manager                    : umgr.0000.idler._unit_pull_cb: INFO    :  === units pulled:    0
2017-12-04 15:51:42,451: umgr.0000           : task-manager                    : umgr.0000.idler._unit_pull_cb: INFO    :  === units pulled:    0
2017-12-04 15:51:43,554: umgr.0000           : task-manager                    : umgr.0000.idler._unit_pull_cb: INFO    :  === units pulled:    0
2017-12-04 15:51:44,679: umgr.0000           : task-manager                    : umgr.0000.idler._unit_pull_cb: INFO    :  === units pulled:    0
2017-12-04 15:51:45,795: umgr.0000           : task-manager                    : umgr.0000.idler._unit_pull_cb: INFO    :  === units pulled:    0
2017-12-04 15:51:46,898: umgr.0000           : task-manager                    : umgr.0000.idler._unit_pull_cb: INFO    :  === units pulled:    0
2017-12-04 15:51:48,001: umgr.0000           : task-manager                    : umgr.0000.idler._unit_pull_cb: INFO    :  === units pulled:    0
2017-12-04 15:51:49,106: umgr.0000           : task-manager                    : umgr.0000.idler._unit_pull_cb: INFO    :  === units pulled:    0
2017-12-04 15:51:50,209: umgr.0000           : task-manager                    : umgr.0000.idler._unit_pull_cb: INFO    :  === units pulled:    0
2017-12-04 15:51:51,310: umgr.0000           : task-manager                    : umgr.0000.idler._unit_pull_cb: INFO    :  === units pulled:    0
2017-12-04 15:51:52,474: umgr.0000           : task-manager                    : umgr.0000.idler._unit_pull_cb: INFO    :  === units pulled:    0
2017-12-04 15:51:53,616: umgr.0000           : task-manager                    : umgr.0000.idler._unit_pull_cb: INFO    :  === units pulled:    0
2017-12-04 15:51:54,737: umgr.0000           : task-manager                    : umgr.0000.idler._unit_pull_cb: INFO    :  === units pulled:    0
2017-12-04 15:51:55,844: umgr.0000           : task-manager                    : umgr.0000.idler._unit_pull_cb: INFO    :  === units pulled:    0
2017-12-04 15:51:56,945: umgr.0000           : task-manager                    : umgr.0000.idler._unit_pull_cb: INFO    :  === units pulled:    0
2017-12-04 15:51:58,049: umgr.0000           : task-manager                    : umgr.0000.idler._unit_pull_cb: INFO    :  === units pulled:    0
2017-12-04 15:51:59,158: umgr.0000           : task-manager                    : umgr.0000.idler._unit_pull_cb: INFO    :  === units pulled:    0
2017-12-04 15:52:00,267: umgr.0000           : task-manager                    : umgr.0000.idler._unit_pull_cb: INFO    :  === units pulled:    0
2017-12-04 15:52:01,373: umgr.0000           : task-manager                    : umgr.0000.idler._unit_pull_cb: INFO    :  === units pulled:    0
2017-12-04 15:52:02,481: umgr.0000           : task-manager                    : umgr.0000.idler._unit_pull_cb: INFO    :  === units pulled:    0
2017-12-04 15:52:03,603: umgr.0000           : task-manager                    : umgr.0000.idler._unit_pull_cb: INFO    :  === units pulled:    0
2017-12-04 15:52:04,706: umgr.0000           : task-manager                    : umgr.0000.idler._unit_pull_cb: INFO    :  === units pulled:    0
2017-12-04 15:52:05,860: umgr.0000           : task-manager                    : umgr.0000.idler._unit_pull_cb: INFO    :  === units pulled:    0
2017-12-04 15:52:06,981: umgr.0000           : task-manager                    : umgr.0000.idler._unit_pull_cb: INFO    :  === units pulled:    0
2017-12-04 15:52:08,105: umgr.0000           : task-manager                    : umgr.0000.idler._unit_pull_cb: INFO    :  === units pulled:    0
2017-12-04 15:52:09,211: umgr.0000           : task-manager                    : umgr.0000.idler._unit_pull_cb: INFO    :  === units pulled:    0
2017-12-04 15:52:10,315: umgr.0000           : task-manager                    : umgr.0000.idler._unit_pull_cb: INFO    :  === units pulled:    0
2017-12-04 15:52:11,416: umgr.0000           : task-manager                    : umgr.0000.idler._unit_pull_cb: INFO    :  === units pulled:    0
2017-12-04 15:52:12,517: umgr.0000           : task-manager                    : umgr.0000.idler._unit_pull_cb: INFO    :  === units pulled:    0
2017-12-04 15:52:13,623: umgr.0000           : task-manager                    : umgr.0000.idler._unit_pull_cb: INFO    :  === units pulled:    0
2017-12-04 15:52:14,724: umgr.0000           : task-manager                    : umgr.0000.idler._unit_pull_cb: INFO    :  === units pulled:    0
2017-12-04 15:52:15,833: umgr.0000           : task-manager                    : umgr.0000.idler._unit_pull_cb: INFO    :  === units pulled:    0
