2017-12-04 15:47:42,834: update.0.child      : update.0                        : MainThread     : INFO    : python.interpreter   version: 2.7.12 (default, Nov 19 2016, 06:48:10) [GCC 5.4.0 20160609]
2017-12-04 15:47:42,835: update.0.child      : update.0                        : MainThread     : INFO    :                      pid: 28063
2017-12-04 15:47:42,835: update.0.child      : update.0                        : MainThread     : INFO    :                      tid: MainThread
2017-12-04 15:47:42,835: update.0.child      : update.0                        : MainThread     : INFO    : radical.pilot        version: 0.46.2
2017-12-04 15:47:42,835: update.0.child      : update.0                        : MainThread     : INFO    : initialize update.0.child
2017-12-04 15:47:42,838: update.0.child      : update.0                        : MainThread     : INFO    : cfg: {'agents': {},
 u'bridges': {u'control_pubsub': {'addr_in': 'tcp://172.27.33.40:41579',
                                  'addr_out': 'tcp://172.27.33.40:44583',
                                  u'bulk_size': 0,
                                  u'log_level': u'debug',
                                  u'stall_hwm': 1},
              u'log_pubsub': {'addr_in': 'tcp://172.27.33.40:35601',
                              'addr_out': 'tcp://172.27.33.40:37669',
                              u'bulk_size': 0,
                              u'log_level': u'debug',
                              u'stall_hwm': 1},
              u'state_pubsub': {'addr_in': 'tcp://172.27.33.40:36887',
                                'addr_out': 'tcp://172.27.33.40:44225',
                                u'bulk_size': 0,
                                u'log_level': u'debug',
                                u'stall_hwm': 1}},
 'cname': u'UpdateWorker',
 u'components': {},
 u'count': 1,
 'dburl': 'mongodb://138.201.86.166:27017/ee_exp_4c',
 'debug': 'DEBUG',
 u'default_dburl': u'mongodb://rp:rp@ds015335.mlab.com:15335/rp',
 'logdir': '/home/vivek/Research/repos/adaptive-bms-experiments/task-count-adap/bin/rp.session.vivek-HP-Pavilion-m6-Notebook-PC.vivek.017504.0001',
 'number': 0,
 'owner': 'rp.session.vivek-HP-Pavilion-m6-Notebook-PC.vivek.017504.0001',
 'session_id': 'rp.session.vivek-HP-Pavilion-m6-Notebook-PC.vivek.017504.0001'}
2017-12-04 15:47:42,838: update.0.child      : update.0                        : MainThread     : DEBUG   : start components: {}
2017-12-04 15:47:42,839: update.0.child      : update.0                        : MainThread     : DEBUG   : alive check in term
2017-12-04 15:47:42,839: update.0.child      : update.0                        : MainThread     : DEBUG   : START: update.0.child register publisher log_pubsub
2017-12-04 15:47:42,839: update.0.child      : update.0                        : MainThread     : DEBUG   : using addr tcp://172.27.33.40:35601 for pubsub log_pubsub
2017-12-04 15:47:42,842: update.0.child      : update.0                        : MainThread     : DEBUG   : registered publisher : log_pubsub : log.pubsub.pub.0000
2017-12-04 15:47:42,842: update.0.child      : update.0                        : MainThread     : DEBUG   : alive check in term
2017-12-04 15:47:42,842: update.0.child      : update.0                        : MainThread     : DEBUG   : START: update.0.child register publisher state_pubsub
2017-12-04 15:47:42,842: update.0.child      : update.0                        : MainThread     : DEBUG   : using addr tcp://172.27.33.40:36887 for pubsub state_pubsub
2017-12-04 15:47:42,843: update.0.child      : update.0                        : MainThread     : DEBUG   : registered publisher : state_pubsub : state.pubsub.pub.0000
2017-12-04 15:47:42,843: update.0.child      : update.0                        : MainThread     : DEBUG   : alive check in term
2017-12-04 15:47:42,843: update.0.child      : update.0                        : MainThread     : DEBUG   : START: update.0.child register publisher control_pubsub
2017-12-04 15:47:42,844: update.0.child      : update.0                        : MainThread     : DEBUG   : using addr tcp://172.27.33.40:41579 for pubsub control_pubsub
2017-12-04 15:47:42,845: update.0.child      : update.0                        : MainThread     : DEBUG   : registered publisher : control_pubsub : control.pubsub.pub.0000
2017-12-04 15:47:42,860: update.0.child      : update.0                        : MainThread     : DEBUG   : alive check in term
2017-12-04 15:47:42,861: update.0.child      : update.0                        : MainThread     : DEBUG   : START: update.0.child register subscriber update.0.child.subscriber._cancel_monitor_cb
2017-12-04 15:47:42,861: update.0.child      : update.0                        : MainThread     : DEBUG   : using addr tcp://172.27.33.40:44583 for pubsub control_pubsub
2017-12-04 15:47:42,863: update.0.child      : update.0                        : MainThread     : DEBUG   : parent name: update.0.child.subscriber._cancel_monitor_cb
2017-12-04 15:47:42,863: update.0.child      : update.0                        : MainThread     : DEBUG   : start thread
2017-12-04 15:47:42,863: update.0.child      : update.0                        : update.0.child.subscriber._cancel_monitor_cb: DEBUG   : child name: update.0.child.subscriber._cancel_monitor_cb.thread
2017-12-04 15:47:42,864: update.0.child      : update.0                        : update.0.child.subscriber._cancel_monitor_cb: INFO    : child (me) initializing
2017-12-04 15:47:42,864: update.0.child      : update.0                        : update.0.child.subscriber._cancel_monitor_cb: DEBUG   : ru_initialize_common (NOOP)
2017-12-04 15:47:42,864: update.0.child      : update.0                        : update.0.child.subscriber._cancel_monitor_cb: DEBUG   : ru_initialize_child (NOOP)
2017-12-04 15:47:42,864: update.0.child      : update.0                        : update.0.child.subscriber._cancel_monitor_cb: INFO    : send alive
2017-12-04 15:47:42,864: update.0.child      : update.0                        : update.0.child.subscriber._cancel_monitor_cb: INFO    : put message: [update.0.child.subscriber._cancel_monitor_cb.thread] alive
2017-12-04 15:47:42,865: update.0.child      : update.0                        : MainThread     : INFO    : get msg: alive
2017-12-04 15:47:42,865: update.0.child      : update.0                        : MainThread     : DEBUG   : ru_initialize_common (NOOP)
2017-12-04 15:47:42,865: update.0.child      : update.0                        : MainThread     : DEBUG   : ru_initialize_parent (NOOP)
2017-12-04 15:47:42,865: update.0.child      : update.0                        : MainThread     : DEBUG   : child thread update.0.child.subscriber._cancel_monitor_cb started
2017-12-04 15:47:42,865: update.0.child      : update.0                        : MainThread     : DEBUG   : update.0.child registered control_pubsub subscriber update.0.child.subscriber._cancel_monitor_cb
2017-12-04 15:47:43,075: update.0.child      : update.0                        : MainThread     : DEBUG   : alive check in term
2017-12-04 15:47:43,076: update.0.child      : update.0                        : MainThread     : DEBUG   : START: update.0.child register subscriber update.0.child.subscriber._state_cb
2017-12-04 15:47:43,076: update.0.child      : update.0                        : MainThread     : DEBUG   : using addr tcp://172.27.33.40:44225 for pubsub state_pubsub
2017-12-04 15:47:43,080: update.0.child      : update.0                        : MainThread     : DEBUG   : parent name: update.0.child.subscriber._state_cb
2017-12-04 15:47:43,080: update.0.child      : update.0                        : MainThread     : DEBUG   : start thread
2017-12-04 15:47:43,080: update.0.child      : update.0                        : update.0.child.subscriber._state_cb: DEBUG   : child name: update.0.child.subscriber._state_cb.thread
2017-12-04 15:47:43,081: update.0.child      : update.0                        : update.0.child.subscriber._state_cb: INFO    : child (me) initializing
2017-12-04 15:47:43,081: update.0.child      : update.0                        : update.0.child.subscriber._state_cb: DEBUG   : ru_initialize_common (NOOP)
2017-12-04 15:47:43,081: update.0.child      : update.0                        : update.0.child.subscriber._state_cb: DEBUG   : ru_initialize_child (NOOP)
2017-12-04 15:47:43,081: update.0.child      : update.0                        : update.0.child.subscriber._state_cb: INFO    : send alive
2017-12-04 15:47:43,081: update.0.child      : update.0                        : update.0.child.subscriber._state_cb: INFO    : put message: [update.0.child.subscriber._state_cb.thread] alive
2017-12-04 15:47:43,082: update.0.child      : update.0                        : MainThread     : INFO    : get msg: alive
2017-12-04 15:47:43,082: update.0.child      : update.0                        : MainThread     : DEBUG   : ru_initialize_common (NOOP)
2017-12-04 15:47:43,082: update.0.child      : update.0                        : MainThread     : DEBUG   : ru_initialize_parent (NOOP)
2017-12-04 15:47:43,082: update.0.child      : update.0                        : MainThread     : DEBUG   : child thread update.0.child.subscriber._state_cb started
2017-12-04 15:47:43,082: update.0.child      : update.0                        : MainThread     : DEBUG   : update.0.child registered state_pubsub subscriber update.0.child.subscriber._state_cb
2017-12-04 15:47:43,083: update.0.child      : update.0                        : MainThread     : DEBUG   : alive check in term
2017-12-04 15:47:43,083: update.0.child      : update.0                        : MainThread     : DEBUG   : START: update.0.child register idler update.0.child.idler._idle_cb
2017-12-04 15:47:43,083: update.0.child      : update.0                        : MainThread     : DEBUG   : parent name: update.0.child.idler._idle_cb
2017-12-04 15:47:43,083: update.0.child      : update.0                        : MainThread     : DEBUG   : start thread
2017-12-04 15:47:43,084: update.0.child      : update.0                        : update.0.child.idler._idle_cb: DEBUG   : child name: update.0.child.idler._idle_cb.thread
2017-12-04 15:47:43,084: update.0.child      : update.0                        : update.0.child.idler._idle_cb: INFO    : child (me) initializing
2017-12-04 15:47:43,085: update.0.child      : update.0                        : update.0.child.idler._idle_cb: DEBUG   : ru_initialize_common (NOOP)
2017-12-04 15:47:43,085: update.0.child      : update.0                        : update.0.child.idler._idle_cb: DEBUG   : ru_initialize_child (NOOP)
2017-12-04 15:47:43,085: update.0.child      : update.0                        : update.0.child.idler._idle_cb: INFO    : send alive
2017-12-04 15:47:43,085: update.0.child      : update.0                        : update.0.child.idler._idle_cb: INFO    : put message: [update.0.child.idler._idle_cb.thread] alive
2017-12-04 15:47:43,086: update.0.child      : update.0                        : MainThread     : INFO    : get msg: alive
2017-12-04 15:47:43,086: update.0.child      : update.0                        : MainThread     : DEBUG   : ru_initialize_common (NOOP)
2017-12-04 15:47:43,086: update.0.child      : update.0                        : MainThread     : DEBUG   : ru_initialize_parent (NOOP)
2017-12-04 15:47:43,086: update.0.child      : update.0                        : MainThread     : DEBUG   : child thread update.0.child.idler._idle_cb started
2017-12-04 15:47:43,087: update.0.child      : update.0                        : MainThread     : DEBUG   : update.0.child registered idler update.0.child.idler._idle_cb
2017-12-04 15:47:43,087: update.0.child      : update.0                        : MainThread     : INFO    : child (me) initializing
2017-12-04 15:47:43,087: update.0.child      : update.0                        : MainThread     : DEBUG   : parent name: update.0.child.watch
2017-12-04 15:47:43,087: update.0.child      : update.0                        : MainThread     : DEBUG   : start thread
2017-12-04 15:47:43,088: update.0.child      : update.0                        : update.0.child.watch: DEBUG   : child name: update.0.child.watch.thread
2017-12-04 15:47:43,088: update.0.child      : update.0                        : update.0.child.watch: INFO    : child (me) initializing
2017-12-04 15:47:43,088: update.0.child      : update.0                        : update.0.child.watch: DEBUG   : ru_initialize_common (NOOP)
2017-12-04 15:47:43,088: update.0.child      : update.0                        : update.0.child.watch: DEBUG   : ru_initialize_child (NOOP)
2017-12-04 15:47:43,088: update.0.child      : update.0                        : update.0.child.watch: INFO    : send alive
2017-12-04 15:47:43,088: update.0.child      : update.0                        : update.0.child.watch: INFO    : put message: [update.0.child.watch.thread] alive
2017-12-04 15:47:43,089: update.0.child      : update.0                        : MainThread     : INFO    : get msg: alive
2017-12-04 15:47:43,089: update.0.child      : update.0                        : MainThread     : DEBUG   : ru_initialize_common (NOOP)
2017-12-04 15:47:43,089: update.0.child      : update.0                        : MainThread     : DEBUG   : ru_initialize_parent (NOOP)
2017-12-04 15:47:43,089: update.0.child      : update.0                        : MainThread     : DEBUG   : child thread update.0.child.watch started
2017-12-04 15:47:43,089: update.0.child      : update.0                        : MainThread     : INFO    : child (me) is alive
2017-12-04 15:47:43,089: update.0.child      : update.0                        : MainThread     : INFO    : send alive
2017-12-04 15:47:43,089: update.0.child      : update.0                        : MainThread     : INFO    : send message: [update.0.child] alive
2017-12-04 15:47:47,378: update.0.child      : update.0                        : update.0.child.subscriber._state_cb: DEBUG   : bulked pilot.0000 [PMGR_LAUNCHING_PENDING] update.0.child
2017-12-04 15:47:47,482: update.0.child      : update.0                        : update.0.child.subscriber._state_cb: DEBUG   : bulk update result: {'nModified': 1, 'nUpserted': 0, 'nMatched': 1, 'writeErrors': [], 'upserted': [], 'writeConcernErrors': [], 'nRemoved': 0, 'nInserted': 0}
2017-12-04 15:47:47,483: update.0.child      : update.0                        : update.0.child.subscriber._state_cb: DEBUG   : bulked pilot.0000 [PMGR_LAUNCHING] update.0.child
2017-12-04 15:47:49,201: update.0.child      : update.0                        : update.0.child.idler._idle_cb: DEBUG   : bulk update result: {'nModified': 1, 'nUpserted': 0, 'nMatched': 1, 'writeErrors': [], 'upserted': [], 'writeConcernErrors': [], 'nRemoved': 0, 'nInserted': 0}
2017-12-04 15:48:00,860: update.0.child      : update.0                        : update.0.child.subscriber._state_cb: DEBUG   : bulked pilot.0000 [PMGR_ACTIVE_PENDING] update.0.child
2017-12-04 15:48:00,965: update.0.child      : update.0                        : update.0.child.subscriber._state_cb: DEBUG   : bulk update result: {'nModified': 1, 'nUpserted': 0, 'nMatched': 1, 'writeErrors': [], 'upserted': [], 'writeConcernErrors': [], 'nRemoved': 0, 'nInserted': 0}
2017-12-04 15:48:43,320: update.0.child      : update.0                        : update.0.child.subscriber._state_cb: DEBUG   : bulked pilot.0000 [PMGR_ACTIVE] update.0.child
2017-12-04 15:48:43,419: update.0.child      : update.0                        : update.0.child.subscriber._state_cb: DEBUG   : bulk update result: {'nModified': 1, 'nUpserted': 0, 'nMatched': 1, 'writeErrors': [], 'upserted': [], 'writeConcernErrors': [], 'nRemoved': 0, 'nInserted': 0}
2017-12-04 15:48:44,419: update.0.child      : update.0                        : update.0.child.subscriber._state_cb: DEBUG   : bulked unit.000000 [UMGR_SCHEDULING_PENDING] update.0.child
2017-12-04 15:48:44,525: update.0.child      : update.0                        : update.0.child.subscriber._state_cb: DEBUG   : bulk update result: {'nModified': 1, 'nUpserted': 0, 'nMatched': 1, 'writeErrors': [], 'upserted': [], 'writeConcernErrors': [], 'nRemoved': 0, 'nInserted': 0}
2017-12-04 15:48:44,525: update.0.child      : update.0                        : update.0.child.subscriber._state_cb: DEBUG   : bulked unit.000000 [UMGR_SCHEDULING] update.0.child
2017-12-04 15:48:44,526: update.0.child      : update.0                        : update.0.child.subscriber._state_cb: DEBUG   : bulked unit.000000 [UMGR_STAGING_INPUT_PENDING] update.0.child
2017-12-04 15:48:44,526: update.0.child      : update.0                        : update.0.child.subscriber._state_cb: DEBUG   : bulked unit.000000 [UMGR_STAGING_INPUT] update.0.child
2017-12-04 15:48:44,526: update.0.child      : update.0                        : update.0.child.subscriber._state_cb: DEBUG   : bulked unit.000000 [AGENT_STAGING_INPUT_PENDING] update.0.child
2017-12-04 15:48:46,421: update.0.child      : update.0                        : update.0.child.idler._idle_cb: DEBUG   : bulk update result: {'nModified': 4, 'nUpserted': 0, 'nMatched': 4, 'writeErrors': [], 'upserted': [], 'writeConcernErrors': [], 'nRemoved': 0, 'nInserted': 0}
2017-12-04 15:48:47,437: update.0.child      : update.0                        : update.0.child.subscriber._state_cb: DEBUG   : bulked unit.000000 [AGENT_STAGING_INPUT] update.0.child
2017-12-04 15:48:47,539: update.0.child      : update.0                        : update.0.child.subscriber._state_cb: DEBUG   : bulk update result: {'nModified': 1, 'nUpserted': 0, 'nMatched': 1, 'writeErrors': [], 'upserted': [], 'writeConcernErrors': [], 'nRemoved': 0, 'nInserted': 0}
2017-12-04 15:48:49,682: update.0.child      : update.0                        : update.0.child.subscriber._state_cb: DEBUG   : bulked unit.000000 [AGENT_SCHEDULING_PENDING] update.0.child
2017-12-04 15:48:49,788: update.0.child      : update.0                        : update.0.child.subscriber._state_cb: DEBUG   : bulk update result: {'nModified': 1, 'nUpserted': 0, 'nMatched': 1, 'writeErrors': [], 'upserted': [], 'writeConcernErrors': [], 'nRemoved': 0, 'nInserted': 0}
2017-12-04 15:48:49,788: update.0.child      : update.0                        : update.0.child.subscriber._state_cb: DEBUG   : bulked unit.000000 [AGENT_SCHEDULING] update.0.child
2017-12-04 15:48:49,788: update.0.child      : update.0                        : update.0.child.subscriber._state_cb: DEBUG   : bulked unit.000000 [AGENT_EXECUTING_PENDING] update.0.child
2017-12-04 15:48:49,788: update.0.child      : update.0                        : update.0.child.subscriber._state_cb: DEBUG   : bulked unit.000000 [AGENT_EXECUTING] update.0.child
2017-12-04 15:48:49,788: update.0.child      : update.0                        : update.0.child.subscriber._state_cb: DEBUG   : bulked unit.000000 [AGENT_STAGING_OUTPUT_PENDING] update.0.child
2017-12-04 15:48:49,789: update.0.child      : update.0                        : update.0.child.subscriber._state_cb: DEBUG   : bulked unit.000000 [AGENT_STAGING_OUTPUT] update.0.child
2017-12-04 15:48:49,789: update.0.child      : update.0                        : update.0.child.subscriber._state_cb: DEBUG   : bulked unit.000000 [UMGR_STAGING_OUTPUT_PENDING] update.0.child
2017-12-04 15:48:50,081: update.0.child      : update.0                        : update.0.child.subscriber._state_cb: DEBUG   : bulked unit.000000 [UMGR_STAGING_OUTPUT_PENDING] update.0.child
2017-12-04 15:48:50,084: update.0.child      : update.0                        : update.0.child.subscriber._state_cb: DEBUG   : bulked unit.000000 [UMGR_STAGING_OUTPUT] update.0.child
2017-12-04 15:48:50,085: update.0.child      : update.0                        : update.0.child.subscriber._state_cb: DEBUG   : bulked unit.000000 [DONE] update.0.child
2017-12-04 15:48:51,726: update.0.child      : update.0                        : update.0.child.idler._idle_cb: DEBUG   : bulk update result: {'nModified': 9, 'nUpserted': 0, 'nMatched': 9, 'writeErrors': [], 'upserted': [], 'writeConcernErrors': [], 'nRemoved': 0, 'nInserted': 0}
