2017-12-18 14:17:32,784: control.pubsub.sub.0001: pmgr.0000.launching.0           : MainThread     : INFO    : python.interpreter   version: 2.7.12 (default, Nov 20 2017, 18:23:56) [GCC 5.4.0 20160609]
2017-12-18 14:17:32,785: control.pubsub.sub.0001: pmgr.0000.launching.0           : MainThread     : INFO    :                      pid: 6207
2017-12-18 14:17:32,785: control.pubsub.sub.0001: pmgr.0000.launching.0           : MainThread     : INFO    :                      tid: MainThread
2017-12-18 14:17:32,785: control.pubsub.sub.0001: pmgr.0000.launching.0           : MainThread     : INFO    : radical.pilot        version: 0.47.1
2017-12-18 14:17:32,786: control.pubsub.sub.0001: pmgr.0000.launching.0           : MainThread     : INFO    : create control_pubsub - sub - tcp://172.30.238.6:43945
2017-12-18 14:17:32,787: control.pubsub.sub.0001: pmgr.0000.launching.0           : MainThread     : DEBUG   : start process
2017-12-18 14:17:32,787: control.pubsub.sub.0001: pmgr.0000.launching.0           : MainThread     : DEBUG   : ru_initialize_common (NOOP)
2017-12-18 14:17:32,787: control.pubsub.sub.0001: pmgr.0000.launching.0           : MainThread     : DEBUG   : ru_initialize_parent (NOOP)
2017-12-18 14:17:32,787: control.pubsub.sub.0001: pmgr.0000.launching.0           : MainThread     : DEBUG   : process class started (no child)
2017-12-18 14:18:39,203: control.pubsub.sub.0001: umgr.0000.staging.input.0       : MainThread     : INFO    : python.interpreter   version: 2.7.12 (default, Nov 20 2017, 18:23:56) [GCC 5.4.0 20160609]
2017-12-18 14:18:39,203: control.pubsub.sub.0001: umgr.0000.staging.input.0       : MainThread     : INFO    :                      pid: 7332
2017-12-18 14:18:39,203: control.pubsub.sub.0001: umgr.0000.staging.input.0       : MainThread     : INFO    :                      tid: MainThread
2017-12-18 14:18:39,203: control.pubsub.sub.0001: umgr.0000.staging.input.0       : MainThread     : INFO    : radical.pilot        version: 0.47.1
2017-12-18 14:18:39,203: control.pubsub.sub.0001: umgr.0000.staging.input.0       : MainThread     : INFO    : create control_pubsub - sub - tcp://172.30.238.6:43945
2017-12-18 14:18:39,203: control.pubsub.sub.0001: umgr.0000.staging.input.0       : MainThread     : DEBUG   : start process
2017-12-18 14:18:39,203: control.pubsub.sub.0001: umgr.0000.staging.input.0       : MainThread     : DEBUG   : ru_initialize_common (NOOP)
2017-12-18 14:18:39,203: control.pubsub.sub.0001: umgr.0000.staging.input.0       : MainThread     : DEBUG   : ru_initialize_parent (NOOP)
2017-12-18 14:18:39,203: control.pubsub.sub.0001: umgr.0000.staging.input.0       : MainThread     : DEBUG   : process class started (no child)
2017-12-18 14:18:41,324: control.pubsub.sub.0001: umgr.0000.staging.output.0      : MainThread     : INFO    : python.interpreter   version: 2.7.12 (default, Nov 20 2017, 18:23:56) [GCC 5.4.0 20160609]
2017-12-18 14:18:41,324: control.pubsub.sub.0001: umgr.0000.staging.output.0      : MainThread     : INFO    :                      pid: 7390
2017-12-18 14:18:41,324: control.pubsub.sub.0001: umgr.0000.staging.output.0      : MainThread     : INFO    :                      tid: MainThread
2017-12-18 14:18:41,324: control.pubsub.sub.0001: umgr.0000.staging.output.0      : MainThread     : INFO    : radical.pilot        version: 0.47.1
2017-12-18 14:18:41,324: control.pubsub.sub.0001: umgr.0000.staging.output.0      : MainThread     : INFO    : create control_pubsub - sub - tcp://172.30.238.6:43945
2017-12-18 14:18:41,325: control.pubsub.sub.0001: umgr.0000.staging.output.0      : MainThread     : DEBUG   : start process
2017-12-18 14:18:41,325: control.pubsub.sub.0001: umgr.0000.staging.output.0      : MainThread     : DEBUG   : ru_initialize_common (NOOP)
2017-12-18 14:18:41,325: control.pubsub.sub.0001: umgr.0000.staging.output.0      : MainThread     : DEBUG   : ru_initialize_parent (NOOP)
2017-12-18 14:18:41,326: control.pubsub.sub.0001: umgr.0000.staging.output.0      : MainThread     : DEBUG   : process class started (no child)
2017-12-18 14:18:43,430: control.pubsub.sub.0001: umgr.0000.scheduling.0          : MainThread     : INFO    : python.interpreter   version: 2.7.12 (default, Nov 20 2017, 18:23:56) [GCC 5.4.0 20160609]
2017-12-18 14:18:43,430: control.pubsub.sub.0001: umgr.0000.scheduling.0          : MainThread     : INFO    :                      pid: 7440
2017-12-18 14:18:43,430: control.pubsub.sub.0001: umgr.0000.scheduling.0          : MainThread     : INFO    :                      tid: MainThread
2017-12-18 14:18:43,430: control.pubsub.sub.0001: umgr.0000.scheduling.0          : MainThread     : INFO    : radical.pilot        version: 0.47.1
2017-12-18 14:18:43,431: control.pubsub.sub.0001: umgr.0000.scheduling.0          : MainThread     : INFO    : create control_pubsub - sub - tcp://172.30.238.6:43945
2017-12-18 14:18:43,431: control.pubsub.sub.0001: umgr.0000.scheduling.0          : MainThread     : DEBUG   : start process
2017-12-18 14:18:43,431: control.pubsub.sub.0001: umgr.0000.scheduling.0          : MainThread     : DEBUG   : ru_initialize_common (NOOP)
2017-12-18 14:18:43,431: control.pubsub.sub.0001: umgr.0000.scheduling.0          : MainThread     : DEBUG   : ru_initialize_parent (NOOP)
2017-12-18 14:18:43,432: control.pubsub.sub.0001: umgr.0000.scheduling.0          : MainThread     : DEBUG   : process class started (no child)
2017-12-18 16:34:15,424: control.pubsub.sub.0001: umgr.0000.scheduling.0          : MainThread     : INFO    : parent stops child  7440 -> None [control.pubsub.sub.0001]
2017-12-18 16:34:15,424: control.pubsub.sub.0001: umgr.0000.scheduling.0          : MainThread     : DEBUG   : ru_finalize_parent (NOOP)
2017-12-18 16:34:15,504: control.pubsub.sub.0001: umgr.0000.staging.input.0       : MainThread     : INFO    : parent stops child  7332 -> None [control.pubsub.sub.0001]
2017-12-18 16:34:15,504: control.pubsub.sub.0001: umgr.0000.staging.input.0       : MainThread     : DEBUG   : ru_finalize_parent (NOOP)
2017-12-18 16:34:16,156: control.pubsub.sub.0001: umgr.0000.staging.output.0      : MainThread     : INFO    : parent stops child  7390 -> None [control.pubsub.sub.0001]
2017-12-18 16:34:16,156: control.pubsub.sub.0001: umgr.0000.staging.output.0      : MainThread     : DEBUG   : ru_finalize_parent (NOOP)
