2017-12-18 14:17:25,243: rp.session.js-17-212.jetstream-cloud.org.vivek91.017518.1079: MainProcess                     : MainThread     : INFO    : python.interpreter   version: 2.7.12 (default, Nov 20 2017, 18:23:56) [GCC 5.4.0 20160609]
2017-12-18 14:17:25,243: rp.session.js-17-212.jetstream-cloud.org.vivek91.017518.1079: MainProcess                     : MainThread     : INFO    :                      pid: 6011
2017-12-18 14:17:25,243: rp.session.js-17-212.jetstream-cloud.org.vivek91.017518.1079: MainProcess                     : MainThread     : INFO    :                      tid: MainThread
2017-12-18 14:17:25,244: rp.session.js-17-212.jetstream-cloud.org.vivek91.017518.1079: MainProcess                     : MainThread     : INFO    : radical.pilot        version: 0.47.1
2017-12-18 14:17:25,244: rp.session.js-17-212.jetstream-cloud.org.vivek91.017518.1079: MainProcess                     : MainThread     : INFO    : using database mongodb://entk:entk@ds141406.mlab.com:41406/adap-task-count
2017-12-18 14:17:26,276: rp.session.js-17-212.jetstream-cloud.org.vivek91.017518.1079: MainProcess                     : MainThread     : INFO    : Load resource configurations from /home/vivek91/ves/paper-adap/local/lib/python2.7/site-packages/radical/pilot/configs/resource_ncsa.json
2017-12-18 14:17:26,289: rp.session.js-17-212.jetstream-cloud.org.vivek91.017518.1079: MainProcess                     : MainThread     : INFO    : Load resource configurations for ncsa.bw_orte
2017-12-18 14:17:26,290: rp.session.js-17-212.jetstream-cloud.org.vivek91.017518.1079: MainProcess                     : MainThread     : INFO    : Load resource configurations for ncsa.bw_ccm_ssh
2017-12-18 14:17:26,290: rp.session.js-17-212.jetstream-cloud.org.vivek91.017518.1079: MainProcess                     : MainThread     : INFO    : Load resource configurations for ncsa.bw_ortelib
2017-12-18 14:17:26,291: rp.session.js-17-212.jetstream-cloud.org.vivek91.017518.1079: MainProcess                     : MainThread     : INFO    : Load resource configurations for ncsa.bw_aprun
2017-12-18 14:17:26,292: rp.session.js-17-212.jetstream-cloud.org.vivek91.017518.1079: MainProcess                     : MainThread     : INFO    : Load resource configurations for ncsa.bw_local_orte
2017-12-18 14:17:26,293: rp.session.js-17-212.jetstream-cloud.org.vivek91.017518.1079: MainProcess                     : MainThread     : INFO    : Load resource configurations from /home/vivek91/ves/paper-adap/local/lib/python2.7/site-packages/radical/pilot/configs/resource_iu.json
2017-12-18 14:17:26,297: rp.session.js-17-212.jetstream-cloud.org.vivek91.017518.1079: MainProcess                     : MainThread     : INFO    : Load resource configurations for iu.bigred2_ccm_ssh
2017-12-18 14:17:26,298: rp.session.js-17-212.jetstream-cloud.org.vivek91.017518.1079: MainProcess                     : MainThread     : INFO    : Load resource configurations for iu.bigred2_aprun
2017-12-18 14:17:26,298: rp.session.js-17-212.jetstream-cloud.org.vivek91.017518.1079: MainProcess                     : MainThread     : INFO    : Load resource configurations from /home/vivek91/ves/paper-adap/local/lib/python2.7/site-packages/radical/pilot/configs/resource_osg.json
2017-12-18 14:17:26,303: rp.session.js-17-212.jetstream-cloud.org.vivek91.017518.1079: MainProcess                     : MainThread     : INFO    : Load resource configurations for osg.xsede-virt-clust
2017-12-18 14:17:26,304: rp.session.js-17-212.jetstream-cloud.org.vivek91.017518.1079: MainProcess                     : MainThread     : INFO    : Load resource configurations for osg.connect
2017-12-18 14:17:26,305: rp.session.js-17-212.jetstream-cloud.org.vivek91.017518.1079: MainProcess                     : MainThread     : INFO    : Load resource configurations from /home/vivek91/ves/paper-adap/local/lib/python2.7/site-packages/radical/pilot/configs/resource_yale.json
2017-12-18 14:17:26,307: rp.session.js-17-212.jetstream-cloud.org.vivek91.017518.1079: MainProcess                     : MainThread     : INFO    : Load resource configurations for yale.grace_ssh
2017-12-18 14:17:26,307: rp.session.js-17-212.jetstream-cloud.org.vivek91.017518.1079: MainProcess                     : MainThread     : INFO    : Load resource configurations from /home/vivek91/ves/paper-adap/local/lib/python2.7/site-packages/radical/pilot/configs/resource_lumc.json
2017-12-18 14:17:26,311: rp.session.js-17-212.jetstream-cloud.org.vivek91.017518.1079: MainProcess                     : MainThread     : INFO    : Load resource configurations for lumc.gb-ui_ssh
2017-12-18 14:17:26,312: rp.session.js-17-212.jetstream-cloud.org.vivek91.017518.1079: MainProcess                     : MainThread     : INFO    : Load resource configurations for lumc.shark_ssh
2017-12-18 14:17:26,312: rp.session.js-17-212.jetstream-cloud.org.vivek91.017518.1079: MainProcess                     : MainThread     : INFO    : Load resource configurations from /home/vivek91/ves/paper-adap/local/lib/python2.7/site-packages/radical/pilot/configs/resource_ornl.json
2017-12-18 14:17:26,319: rp.session.js-17-212.jetstream-cloud.org.vivek91.017518.1079: MainProcess                     : MainThread     : INFO    : Load resource configurations for ornl.titan_orte
2017-12-18 14:17:26,320: rp.session.js-17-212.jetstream-cloud.org.vivek91.017518.1079: MainProcess                     : MainThread     : INFO    : Load resource configurations for ornl.titan_aprun
2017-12-18 14:17:26,320: rp.session.js-17-212.jetstream-cloud.org.vivek91.017518.1079: MainProcess                     : MainThread     : INFO    : Load resource configurations for ornl.titan_ortelib
2017-12-18 14:17:26,321: rp.session.js-17-212.jetstream-cloud.org.vivek91.017518.1079: MainProcess                     : MainThread     : INFO    : Load resource configurations from /home/vivek91/ves/paper-adap/local/lib/python2.7/site-packages/radical/pilot/configs/resource_stfc.json
2017-12-18 14:17:26,323: rp.session.js-17-212.jetstream-cloud.org.vivek91.017518.1079: MainProcess                     : MainThread     : INFO    : Load resource configurations for stfc.joule_runjob
2017-12-18 14:17:26,323: rp.session.js-17-212.jetstream-cloud.org.vivek91.017518.1079: MainProcess                     : MainThread     : INFO    : Load resource configurations from /home/vivek91/ves/paper-adap/local/lib/python2.7/site-packages/radical/pilot/configs/resource_radical.json
2017-12-18 14:17:26,328: rp.session.js-17-212.jetstream-cloud.org.vivek91.017518.1079: MainProcess                     : MainThread     : INFO    : Load resource configurations for radical.two
2017-12-18 14:17:26,329: rp.session.js-17-212.jetstream-cloud.org.vivek91.017518.1079: MainProcess                     : MainThread     : INFO    : Load resource configurations for radical.tutorial
2017-12-18 14:17:26,329: rp.session.js-17-212.jetstream-cloud.org.vivek91.017518.1079: MainProcess                     : MainThread     : INFO    : Load resource configurations for radical.one
2017-12-18 14:17:26,330: rp.session.js-17-212.jetstream-cloud.org.vivek91.017518.1079: MainProcess                     : MainThread     : INFO    : Load resource configurations from /home/vivek91/ves/paper-adap/local/lib/python2.7/site-packages/radical/pilot/configs/resource_das4.json
2017-12-18 14:17:26,332: rp.session.js-17-212.jetstream-cloud.org.vivek91.017518.1079: MainProcess                     : MainThread     : INFO    : Load resource configurations for das4.fs2_ssh
2017-12-18 14:17:26,332: rp.session.js-17-212.jetstream-cloud.org.vivek91.017518.1079: MainProcess                     : MainThread     : INFO    : Load resource configurations from /home/vivek91/ves/paper-adap/local/lib/python2.7/site-packages/radical/pilot/configs/resource_nersc.json
2017-12-18 14:17:26,343: rp.session.js-17-212.jetstream-cloud.org.vivek91.017518.1079: MainProcess                     : MainThread     : INFO    : Load resource configurations for nersc.edison_ccm_ssh
2017-12-18 14:17:26,343: rp.session.js-17-212.jetstream-cloud.org.vivek91.017518.1079: MainProcess                     : MainThread     : INFO    : Load resource configurations for nersc.hopper_orte
2017-12-18 14:17:26,344: rp.session.js-17-212.jetstream-cloud.org.vivek91.017518.1079: MainProcess                     : MainThread     : INFO    : Load resource configurations for nersc.hopper_ccm_ssh
2017-12-18 14:17:26,344: rp.session.js-17-212.jetstream-cloud.org.vivek91.017518.1079: MainProcess                     : MainThread     : INFO    : Load resource configurations for nersc.edison_aprun
2017-12-18 14:17:26,345: rp.session.js-17-212.jetstream-cloud.org.vivek91.017518.1079: MainProcess                     : MainThread     : INFO    : Load resource configurations for nersc.hopper_aprun
2017-12-18 14:17:26,345: rp.session.js-17-212.jetstream-cloud.org.vivek91.017518.1079: MainProcess                     : MainThread     : INFO    : Load resource configurations for nersc.edison_orte
2017-12-18 14:17:26,346: rp.session.js-17-212.jetstream-cloud.org.vivek91.017518.1079: MainProcess                     : MainThread     : INFO    : Load resource configurations from /home/vivek91/ves/paper-adap/local/lib/python2.7/site-packages/radical/pilot/configs/resource_xsede.json
2017-12-18 14:17:26,382: rp.session.js-17-212.jetstream-cloud.org.vivek91.017518.1079: MainProcess                     : MainThread     : INFO    : Load resource configurations for xsede.gordon_ssh
2017-12-18 14:17:26,382: rp.session.js-17-212.jetstream-cloud.org.vivek91.017518.1079: MainProcess                     : MainThread     : INFO    : Load resource configurations for xsede.lonestar_ssh
2017-12-18 14:17:26,383: rp.session.js-17-212.jetstream-cloud.org.vivek91.017518.1079: MainProcess                     : MainThread     : INFO    : Load resource configurations for xsede.supermic_spark
2017-12-18 14:17:26,383: rp.session.js-17-212.jetstream-cloud.org.vivek91.017518.1079: MainProcess                     : MainThread     : INFO    : Load resource configurations for xsede.wrangler_yarn
2017-12-18 14:17:26,383: rp.session.js-17-212.jetstream-cloud.org.vivek91.017518.1079: MainProcess                     : MainThread     : INFO    : Load resource configurations for xsede.blacklight_ssh
2017-12-18 14:17:26,384: rp.session.js-17-212.jetstream-cloud.org.vivek91.017518.1079: MainProcess                     : MainThread     : INFO    : Load resource configurations for xsede.stampede_ortelib
2017-12-18 14:17:26,384: rp.session.js-17-212.jetstream-cloud.org.vivek91.017518.1079: MainProcess                     : MainThread     : INFO    : Load resource configurations for xsede.stampede_yarn
2017-12-18 14:17:26,384: rp.session.js-17-212.jetstream-cloud.org.vivek91.017518.1079: MainProcess                     : MainThread     : INFO    : Load resource configurations for xsede.stampede_ssh
2017-12-18 14:17:26,385: rp.session.js-17-212.jetstream-cloud.org.vivek91.017518.1079: MainProcess                     : MainThread     : INFO    : Load resource configurations for xsede.greenfield
2017-12-18 14:17:26,385: rp.session.js-17-212.jetstream-cloud.org.vivek91.017518.1079: MainProcess                     : MainThread     : INFO    : Load resource configurations for xsede.bridges
2017-12-18 14:17:26,386: rp.session.js-17-212.jetstream-cloud.org.vivek91.017518.1079: MainProcess                     : MainThread     : INFO    : Load resource configurations for xsede.trestles_ssh
2017-12-18 14:17:26,386: rp.session.js-17-212.jetstream-cloud.org.vivek91.017518.1079: MainProcess                     : MainThread     : INFO    : Load resource configurations for xsede.supermic_ortelib
2017-12-18 14:17:26,386: rp.session.js-17-212.jetstream-cloud.org.vivek91.017518.1079: MainProcess                     : MainThread     : INFO    : Load resource configurations for xsede.stampede2_ssh
2017-12-18 14:17:26,387: rp.session.js-17-212.jetstream-cloud.org.vivek91.017518.1079: MainProcess                     : MainThread     : INFO    : Load resource configurations for xsede.supermic_ssh
2017-12-18 14:17:26,387: rp.session.js-17-212.jetstream-cloud.org.vivek91.017518.1079: MainProcess                     : MainThread     : INFO    : Load resource configurations for xsede.wrangler_ssh
2017-12-18 14:17:26,388: rp.session.js-17-212.jetstream-cloud.org.vivek91.017518.1079: MainProcess                     : MainThread     : INFO    : Load resource configurations for xsede.supermic_orte
2017-12-18 14:17:26,388: rp.session.js-17-212.jetstream-cloud.org.vivek91.017518.1079: MainProcess                     : MainThread     : INFO    : Load resource configurations for xsede.wrangler_spark
2017-12-18 14:17:26,388: rp.session.js-17-212.jetstream-cloud.org.vivek91.017518.1079: MainProcess                     : MainThread     : INFO    : Load resource configurations for xsede.stampede_orte
2017-12-18 14:17:26,389: rp.session.js-17-212.jetstream-cloud.org.vivek91.017518.1079: MainProcess                     : MainThread     : INFO    : Load resource configurations for xsede.comet_ortelib
2017-12-18 14:17:26,389: rp.session.js-17-212.jetstream-cloud.org.vivek91.017518.1079: MainProcess                     : MainThread     : INFO    : Load resource configurations for xsede.comet_orte
2017-12-18 14:17:26,390: rp.session.js-17-212.jetstream-cloud.org.vivek91.017518.1079: MainProcess                     : MainThread     : INFO    : Load resource configurations for xsede.comet_spark
2017-12-18 14:17:26,390: rp.session.js-17-212.jetstream-cloud.org.vivek91.017518.1079: MainProcess                     : MainThread     : INFO    : Load resource configurations for xsede.comet_ssh
2017-12-18 14:17:26,390: rp.session.js-17-212.jetstream-cloud.org.vivek91.017518.1079: MainProcess                     : MainThread     : INFO    : Load resource configurations for xsede.stampede_spark
2017-12-18 14:17:26,391: rp.session.js-17-212.jetstream-cloud.org.vivek91.017518.1079: MainProcess                     : MainThread     : INFO    : Load resource configurations from /home/vivek91/ves/paper-adap/local/lib/python2.7/site-packages/radical/pilot/configs/resource_chameleon.json
2017-12-18 14:17:26,392: rp.session.js-17-212.jetstream-cloud.org.vivek91.017518.1079: MainProcess                     : MainThread     : INFO    : Load resource configurations for chameleon.cloud_vm_yarn
2017-12-18 14:17:26,393: rp.session.js-17-212.jetstream-cloud.org.vivek91.017518.1079: MainProcess                     : MainThread     : INFO    : Load resource configurations from /home/vivek91/ves/paper-adap/local/lib/python2.7/site-packages/radical/pilot/configs/resource_epsrc.json
2017-12-18 14:17:26,396: rp.session.js-17-212.jetstream-cloud.org.vivek91.017518.1079: MainProcess                     : MainThread     : INFO    : Load resource configurations for epsrc.archer_orte
2017-12-18 14:17:26,396: rp.session.js-17-212.jetstream-cloud.org.vivek91.017518.1079: MainProcess                     : MainThread     : INFO    : Load resource configurations for epsrc.archer_aprun
2017-12-18 14:17:26,397: rp.session.js-17-212.jetstream-cloud.org.vivek91.017518.1079: MainProcess                     : MainThread     : INFO    : Load resource configurations from /home/vivek91/ves/paper-adap/local/lib/python2.7/site-packages/radical/pilot/configs/resource_futuregrid.json
2017-12-18 14:17:26,404: rp.session.js-17-212.jetstream-cloud.org.vivek91.017518.1079: MainProcess                     : MainThread     : INFO    : Load resource configurations for futuregrid.delta_ssh
2017-12-18 14:17:26,404: rp.session.js-17-212.jetstream-cloud.org.vivek91.017518.1079: MainProcess                     : MainThread     : INFO    : Load resource configurations for futuregrid.india_ssh
2017-12-18 14:17:26,405: rp.session.js-17-212.jetstream-cloud.org.vivek91.017518.1079: MainProcess                     : MainThread     : INFO    : Load resource configurations for futuregrid.echo_ssh
2017-12-18 14:17:26,405: rp.session.js-17-212.jetstream-cloud.org.vivek91.017518.1079: MainProcess                     : MainThread     : INFO    : Load resource configurations for futuregrid.xray_ccm
2017-12-18 14:17:26,405: rp.session.js-17-212.jetstream-cloud.org.vivek91.017518.1079: MainProcess                     : MainThread     : INFO    : Load resource configurations for futuregrid.bravo_ssh
2017-12-18 14:17:26,406: rp.session.js-17-212.jetstream-cloud.org.vivek91.017518.1079: MainProcess                     : MainThread     : INFO    : Load resource configurations for futuregrid.xray_aprun
2017-12-18 14:17:26,406: rp.session.js-17-212.jetstream-cloud.org.vivek91.017518.1079: MainProcess                     : MainThread     : INFO    : Load resource configurations from /home/vivek91/ves/paper-adap/local/lib/python2.7/site-packages/radical/pilot/configs/resource_local.json
2017-12-18 14:17:26,414: rp.session.js-17-212.jetstream-cloud.org.vivek91.017518.1079: MainProcess                     : MainThread     : INFO    : Load resource configurations for local.localhost_orte
2017-12-18 14:17:26,414: rp.session.js-17-212.jetstream-cloud.org.vivek91.017518.1079: MainProcess                     : MainThread     : INFO    : Load resource configurations for local.localhost_anaconda
2017-12-18 14:17:26,415: rp.session.js-17-212.jetstream-cloud.org.vivek91.017518.1079: MainProcess                     : MainThread     : INFO    : Load resource configurations for local.localhost_ortelib
2017-12-18 14:17:26,415: rp.session.js-17-212.jetstream-cloud.org.vivek91.017518.1079: MainProcess                     : MainThread     : INFO    : Load resource configurations for local.localhost
2017-12-18 14:17:26,415: rp.session.js-17-212.jetstream-cloud.org.vivek91.017518.1079: MainProcess                     : MainThread     : INFO    : Load resource configurations for local.localhost_spark
2017-12-18 14:17:26,415: rp.session.js-17-212.jetstream-cloud.org.vivek91.017518.1079: MainProcess                     : MainThread     : INFO    : Load resource configurations for local.localhost_spark_anaconda
2017-12-18 14:17:26,416: rp.session.js-17-212.jetstream-cloud.org.vivek91.017518.1079: MainProcess                     : MainThread     : INFO    : Load resource configurations for local.localhost_yarn
2017-12-18 14:17:26,416: rp.session.js-17-212.jetstream-cloud.org.vivek91.017518.1079: MainProcess                     : MainThread     : INFO    : Load resource configurations from /home/vivek91/ves/paper-adap/local/lib/python2.7/site-packages/radical/pilot/configs/resource_aliases.json
2017-12-18 14:17:26,416: rp.session.js-17-212.jetstream-cloud.org.vivek91.017518.1079: MainProcess                     : MainThread     : INFO    : Load resource configurations from /home/vivek91/ves/paper-adap/local/lib/python2.7/site-packages/radical/pilot/configs/resource_lrz.json
2017-12-18 14:17:26,418: rp.session.js-17-212.jetstream-cloud.org.vivek91.017518.1079: MainProcess                     : MainThread     : INFO    : Load resource configurations for lrz.supermuc_ssh
2017-12-18 14:17:26,418: rp.session.js-17-212.jetstream-cloud.org.vivek91.017518.1079: MainProcess                     : MainThread     : INFO    : Load resource configurations from /home/vivek91/ves/paper-adap/local/lib/python2.7/site-packages/radical/pilot/configs/resource_rice.json
2017-12-18 14:17:26,421: rp.session.js-17-212.jetstream-cloud.org.vivek91.017518.1079: MainProcess                     : MainThread     : INFO    : Load resource configurations for rice.davinci_ssh
2017-12-18 14:17:26,421: rp.session.js-17-212.jetstream-cloud.org.vivek91.017518.1079: MainProcess                     : MainThread     : INFO    : Load resource configurations for rice.biou_ssh
2017-12-18 14:17:26,421: rp.session.js-17-212.jetstream-cloud.org.vivek91.017518.1079: MainProcess                     : MainThread     : INFO    : Load resource configurations from /home/vivek91/ves/paper-adap/local/lib/python2.7/site-packages/radical/pilot/configs/resource_ncar.json
2017-12-18 14:17:26,423: rp.session.js-17-212.jetstream-cloud.org.vivek91.017518.1079: MainProcess                     : MainThread     : INFO    : Load resource configurations for ncar.yellowstone_ssh
2017-12-18 14:17:26,423: rp.session.js-17-212.jetstream-cloud.org.vivek91.017518.1079: MainProcess                     : MainThread     : INFO    : Load resource configurations from /home/vivek91/ves/paper-adap/local/lib/python2.7/site-packages/radical/pilot/configs/resource_das5.json
2017-12-18 14:17:26,424: rp.session.js-17-212.jetstream-cloud.org.vivek91.017518.1079: MainProcess                     : MainThread     : INFO    : Load resource configurations for das5.fs1_ssh
2017-12-18 14:17:26,424: rp.session.js-17-212.jetstream-cloud.org.vivek91.017518.1079: MainProcess                     : MainThread     : INFO    : Load resource configurations from /home/vivek91/ves/paper-adap/local/lib/python2.7/site-packages/radical/pilot/configs/resource_fub.json
2017-12-18 14:17:26,426: rp.session.js-17-212.jetstream-cloud.org.vivek91.017518.1079: MainProcess                     : MainThread     : INFO    : Load resource configurations for fub.allegro_rsh
2017-12-18 14:17:27,025: rp.session.js-17-212.jetstream-cloud.org.vivek91.017518.1079: MainProcess                     : MainThread     : INFO    : New Session created: rp.session.js-17-212.jetstream-cloud.org.vivek91.017518.1079.
2017-12-18 14:17:27,026: rp.session.js-17-212.jetstream-cloud.org.vivek91.017518.1079: MainProcess                     : MainThread     : DEBUG   : start bridges   : {u'control_pubsub': {u'bulk_size': 0, u'log_level': u'debug', u'stall_hwm': 1},
 u'log_pubsub': {u'bulk_size': 0, u'log_level': u'debug', u'stall_hwm': 1},
 u'state_pubsub': {u'bulk_size': 0, u'log_level': u'debug', u'stall_hwm': 1}}
2017-12-18 14:17:27,026: rp.session.js-17-212.jetstream-cloud.org.vivek91.017518.1079: MainProcess                     : MainThread     : INFO    : create bridge control_pubsub
2017-12-18 14:17:27,050: rp.session.js-17-212.jetstream-cloud.org.vivek91.017518.1079: MainProcess                     : MainThread     : INFO    : created bridge control_pubsub (control.pubsub.bridge.0000)
2017-12-18 14:17:27,050: rp.session.js-17-212.jetstream-cloud.org.vivek91.017518.1079: MainProcess                     : MainThread     : INFO    : create bridge state_pubsub
2017-12-18 14:17:27,069: rp.session.js-17-212.jetstream-cloud.org.vivek91.017518.1079: MainProcess                     : MainThread     : INFO    : created bridge state_pubsub (state.pubsub.bridge.0000)
2017-12-18 14:17:27,070: rp.session.js-17-212.jetstream-cloud.org.vivek91.017518.1079: MainProcess                     : MainThread     : INFO    : create bridge log_pubsub
2017-12-18 14:17:27,092: rp.session.js-17-212.jetstream-cloud.org.vivek91.017518.1079: MainProcess                     : MainThread     : INFO    : created bridge log_pubsub (log.pubsub.bridge.0000)
2017-12-18 14:17:27,092: rp.session.js-17-212.jetstream-cloud.org.vivek91.017518.1079: MainProcess                     : MainThread     : DEBUG   : start components: {u'UpdateWorker': {u'count': 1}}
2017-12-18 14:17:27,093: rp.session.js-17-212.jetstream-cloud.org.vivek91.017518.1079: MainProcess                     : MainThread     : DEBUG   : start 1 component(s) UpdateWorker
2017-12-18 14:17:29,542: rp.session.js-17-212.jetstream-cloud.org.vivek91.017518.1079: MainProcess                     : MainThread     : INFO    : rp.session.js-17-212.jetstream-cloud.org.vivek91.017518.1079 starts update.0
2017-12-18 14:17:32,963: rp.session.js-17-212.jetstream-cloud.org.vivek91.017518.1079: MainProcess                     : MainThread     : WARNING : using alias 'xsede.supermic_ssh' for deprecated resource key 'xsede.supermic'
2017-12-18 14:17:32,964: rp.session.js-17-212.jetstream-cloud.org.vivek91.017518.1079: MainProcess                     : MainThread     : WARNING : using alias 'xsede.supermic_ssh' for deprecated resource key 'xsede.supermic'
2017-12-18 14:17:32,964: rp.session.js-17-212.jetstream-cloud.org.vivek91.017518.1079: MainProcess                     : MainThread     : DEBUG   : rsup.PTYShell('gsissh://supermic.cct-lsu.xsede.org:2222/')
2017-12-18 14:17:36,237: rp.session.js-17-212.jetstream-cloud.org.vivek91.017518.1079: MainProcess                     : MainThread     : DEBUG   : sandbox base gsissh://supermic.cct-lsu.xsede.org:2222/: '/work/vivek91'
2017-12-18 14:17:36,389: rp.session.js-17-212.jetstream-cloud.org.vivek91.017518.1079: MainProcess                     : MainThread     : DEBUG   : bulk pilot insert result: {'nModified': 0, 'nUpserted': 0, 'nMatched': 0, 'writeErrors': [], 'upserted': [], 'writeConcernErrors': [], 'nRemoved': 0, 'nInserted': 1}
2017-12-18 14:17:36,393: rp.session.js-17-212.jetstream-cloud.org.vivek91.017518.1079: pmgr.0000.launching.0           : MainThread     : WARNING : using alias 'xsede.supermic_ssh' for deprecated resource key 'xsede.supermic'
2017-12-18 14:17:36,397: rp.session.js-17-212.jetstream-cloud.org.vivek91.017518.1079: pmgr.0000.launching.0           : MainThread     : WARNING : using alias 'xsede.supermic_ssh' for deprecated resource key 'xsede.supermic'
2017-12-18 14:17:36,398: rp.session.js-17-212.jetstream-cloud.org.vivek91.017518.1079: pmgr.0000.launching.0           : MainThread     : DEBUG   : rsup.PTYShell('gsissh://supermic.cct-lsu.xsede.org:2222/')
2017-12-18 14:17:37,705: rp.session.js-17-212.jetstream-cloud.org.vivek91.017518.1079: pmgr.0000.launching.0           : MainThread     : DEBUG   : sandbox base gsissh://supermic.cct-lsu.xsede.org:2222/: '/work/vivek91'
2017-12-18 14:18:44,007: rp.session.js-17-212.jetstream-cloud.org.vivek91.017518.1079: task-manager                    : MainThread     : DEBUG   : bulk unit insert result: {'nModified': 0, 'nUpserted': 0, 'nMatched': 0, 'writeErrors': [], 'upserted': [], 'writeConcernErrors': [], 'nRemoved': 0, 'nInserted': 1}
2017-12-18 14:20:49,413: rp.session.js-17-212.jetstream-cloud.org.vivek91.017518.1079: task-manager                    : MainThread     : DEBUG   : bulk unit insert result: {'nModified': 0, 'nUpserted': 0, 'nMatched': 0, 'writeErrors': [], 'upserted': [], 'writeConcernErrors': [], 'nRemoved': 0, 'nInserted': 1}
2017-12-18 14:22:54,631: rp.session.js-17-212.jetstream-cloud.org.vivek91.017518.1079: task-manager                    : MainThread     : DEBUG   : bulk unit insert result: {'nModified': 0, 'nUpserted': 0, 'nMatched': 0, 'writeErrors': [], 'upserted': [], 'writeConcernErrors': [], 'nRemoved': 0, 'nInserted': 1}
2017-12-18 14:24:59,779: rp.session.js-17-212.jetstream-cloud.org.vivek91.017518.1079: task-manager                    : MainThread     : DEBUG   : bulk unit insert result: {'nModified': 0, 'nUpserted': 0, 'nMatched': 0, 'writeErrors': [], 'upserted': [], 'writeConcernErrors': [], 'nRemoved': 0, 'nInserted': 1}
2017-12-18 14:27:04,798: rp.session.js-17-212.jetstream-cloud.org.vivek91.017518.1079: task-manager                    : MainThread     : DEBUG   : bulk unit insert result: {'nModified': 0, 'nUpserted': 0, 'nMatched': 0, 'writeErrors': [], 'upserted': [], 'writeConcernErrors': [], 'nRemoved': 0, 'nInserted': 1}
2017-12-18 14:29:09,982: rp.session.js-17-212.jetstream-cloud.org.vivek91.017518.1079: task-manager                    : MainThread     : DEBUG   : bulk unit insert result: {'nModified': 0, 'nUpserted': 0, 'nMatched': 0, 'writeErrors': [], 'upserted': [], 'writeConcernErrors': [], 'nRemoved': 0, 'nInserted': 1}
2017-12-18 14:31:14,112: rp.session.js-17-212.jetstream-cloud.org.vivek91.017518.1079: task-manager                    : MainThread     : DEBUG   : bulk unit insert result: {'nModified': 0, 'nUpserted': 0, 'nMatched': 0, 'writeErrors': [], 'upserted': [], 'writeConcernErrors': [], 'nRemoved': 0, 'nInserted': 1}
2017-12-18 14:33:19,555: rp.session.js-17-212.jetstream-cloud.org.vivek91.017518.1079: task-manager                    : MainThread     : DEBUG   : bulk unit insert result: {'nModified': 0, 'nUpserted': 0, 'nMatched': 0, 'writeErrors': [], 'upserted': [], 'writeConcernErrors': [], 'nRemoved': 0, 'nInserted': 1}
2017-12-18 14:35:24,876: rp.session.js-17-212.jetstream-cloud.org.vivek91.017518.1079: task-manager                    : MainThread     : DEBUG   : bulk unit insert result: {'nModified': 0, 'nUpserted': 0, 'nMatched': 0, 'writeErrors': [], 'upserted': [], 'writeConcernErrors': [], 'nRemoved': 0, 'nInserted': 1}
2017-12-18 14:37:30,173: rp.session.js-17-212.jetstream-cloud.org.vivek91.017518.1079: task-manager                    : MainThread     : DEBUG   : bulk unit insert result: {'nModified': 0, 'nUpserted': 0, 'nMatched': 0, 'writeErrors': [], 'upserted': [], 'writeConcernErrors': [], 'nRemoved': 0, 'nInserted': 1}
2017-12-18 14:39:34,465: rp.session.js-17-212.jetstream-cloud.org.vivek91.017518.1079: task-manager                    : MainThread     : DEBUG   : bulk unit insert result: {'nModified': 0, 'nUpserted': 0, 'nMatched': 0, 'writeErrors': [], 'upserted': [], 'writeConcernErrors': [], 'nRemoved': 0, 'nInserted': 1}
2017-12-18 14:41:39,909: rp.session.js-17-212.jetstream-cloud.org.vivek91.017518.1079: task-manager                    : MainThread     : DEBUG   : bulk unit insert result: {'nModified': 0, 'nUpserted': 0, 'nMatched': 0, 'writeErrors': [], 'upserted': [], 'writeConcernErrors': [], 'nRemoved': 0, 'nInserted': 1}
2017-12-18 14:43:45,288: rp.session.js-17-212.jetstream-cloud.org.vivek91.017518.1079: task-manager                    : MainThread     : DEBUG   : bulk unit insert result: {'nModified': 0, 'nUpserted': 0, 'nMatched': 0, 'writeErrors': [], 'upserted': [], 'writeConcernErrors': [], 'nRemoved': 0, 'nInserted': 1}
2017-12-18 14:45:50,308: rp.session.js-17-212.jetstream-cloud.org.vivek91.017518.1079: task-manager                    : MainThread     : DEBUG   : bulk unit insert result: {'nModified': 0, 'nUpserted': 0, 'nMatched': 0, 'writeErrors': [], 'upserted': [], 'writeConcernErrors': [], 'nRemoved': 0, 'nInserted': 1}
2017-12-18 14:47:56,656: rp.session.js-17-212.jetstream-cloud.org.vivek91.017518.1079: task-manager                    : MainThread     : DEBUG   : bulk unit insert result: {'nModified': 0, 'nUpserted': 0, 'nMatched': 0, 'writeErrors': [], 'upserted': [], 'writeConcernErrors': [], 'nRemoved': 0, 'nInserted': 1}
2017-12-18 14:50:01,833: rp.session.js-17-212.jetstream-cloud.org.vivek91.017518.1079: task-manager                    : MainThread     : DEBUG   : bulk unit insert result: {'nModified': 0, 'nUpserted': 0, 'nMatched': 0, 'writeErrors': [], 'upserted': [], 'writeConcernErrors': [], 'nRemoved': 0, 'nInserted': 1}
2017-12-18 14:52:05,941: rp.session.js-17-212.jetstream-cloud.org.vivek91.017518.1079: task-manager                    : MainThread     : DEBUG   : bulk unit insert result: {'nModified': 0, 'nUpserted': 0, 'nMatched': 0, 'writeErrors': [], 'upserted': [], 'writeConcernErrors': [], 'nRemoved': 0, 'nInserted': 1}
2017-12-18 14:54:11,175: rp.session.js-17-212.jetstream-cloud.org.vivek91.017518.1079: task-manager                    : MainThread     : DEBUG   : bulk unit insert result: {'nModified': 0, 'nUpserted': 0, 'nMatched': 0, 'writeErrors': [], 'upserted': [], 'writeConcernErrors': [], 'nRemoved': 0, 'nInserted': 1}
2017-12-18 14:56:16,587: rp.session.js-17-212.jetstream-cloud.org.vivek91.017518.1079: task-manager                    : MainThread     : DEBUG   : bulk unit insert result: {'nModified': 0, 'nUpserted': 0, 'nMatched': 0, 'writeErrors': [], 'upserted': [], 'writeConcernErrors': [], 'nRemoved': 0, 'nInserted': 1}
2017-12-18 14:58:20,771: rp.session.js-17-212.jetstream-cloud.org.vivek91.017518.1079: task-manager                    : MainThread     : DEBUG   : bulk unit insert result: {'nModified': 0, 'nUpserted': 0, 'nMatched': 0, 'writeErrors': [], 'upserted': [], 'writeConcernErrors': [], 'nRemoved': 0, 'nInserted': 1}
2017-12-18 15:00:26,983: rp.session.js-17-212.jetstream-cloud.org.vivek91.017518.1079: task-manager                    : MainThread     : DEBUG   : bulk unit insert result: {'nModified': 0, 'nUpserted': 0, 'nMatched': 0, 'writeErrors': [], 'upserted': [], 'writeConcernErrors': [], 'nRemoved': 0, 'nInserted': 1}
2017-12-18 15:02:31,378: rp.session.js-17-212.jetstream-cloud.org.vivek91.017518.1079: task-manager                    : MainThread     : DEBUG   : bulk unit insert result: {'nModified': 0, 'nUpserted': 0, 'nMatched': 0, 'writeErrors': [], 'upserted': [], 'writeConcernErrors': [], 'nRemoved': 0, 'nInserted': 1}
2017-12-18 15:04:36,165: rp.session.js-17-212.jetstream-cloud.org.vivek91.017518.1079: task-manager                    : MainThread     : DEBUG   : bulk unit insert result: {'nModified': 0, 'nUpserted': 0, 'nMatched': 0, 'writeErrors': [], 'upserted': [], 'writeConcernErrors': [], 'nRemoved': 0, 'nInserted': 1}
2017-12-18 15:06:41,742: rp.session.js-17-212.jetstream-cloud.org.vivek91.017518.1079: task-manager                    : MainThread     : DEBUG   : bulk unit insert result: {'nModified': 0, 'nUpserted': 0, 'nMatched': 0, 'writeErrors': [], 'upserted': [], 'writeConcernErrors': [], 'nRemoved': 0, 'nInserted': 1}
2017-12-18 15:08:46,151: rp.session.js-17-212.jetstream-cloud.org.vivek91.017518.1079: task-manager                    : MainThread     : DEBUG   : bulk unit insert result: {'nModified': 0, 'nUpserted': 0, 'nMatched': 0, 'writeErrors': [], 'upserted': [], 'writeConcernErrors': [], 'nRemoved': 0, 'nInserted': 1}
2017-12-18 15:10:51,794: rp.session.js-17-212.jetstream-cloud.org.vivek91.017518.1079: task-manager                    : MainThread     : DEBUG   : bulk unit insert result: {'nModified': 0, 'nUpserted': 0, 'nMatched': 0, 'writeErrors': [], 'upserted': [], 'writeConcernErrors': [], 'nRemoved': 0, 'nInserted': 1}
2017-12-18 15:12:54,929: rp.session.js-17-212.jetstream-cloud.org.vivek91.017518.1079: task-manager                    : MainThread     : DEBUG   : bulk unit insert result: {'nModified': 0, 'nUpserted': 0, 'nMatched': 0, 'writeErrors': [], 'upserted': [], 'writeConcernErrors': [], 'nRemoved': 0, 'nInserted': 1}
2017-12-18 15:14:59,457: rp.session.js-17-212.jetstream-cloud.org.vivek91.017518.1079: task-manager                    : MainThread     : DEBUG   : bulk unit insert result: {'nModified': 0, 'nUpserted': 0, 'nMatched': 0, 'writeErrors': [], 'upserted': [], 'writeConcernErrors': [], 'nRemoved': 0, 'nInserted': 1}
2017-12-18 15:17:03,993: rp.session.js-17-212.jetstream-cloud.org.vivek91.017518.1079: task-manager                    : MainThread     : DEBUG   : bulk unit insert result: {'nModified': 0, 'nUpserted': 0, 'nMatched': 0, 'writeErrors': [], 'upserted': [], 'writeConcernErrors': [], 'nRemoved': 0, 'nInserted': 1}
2017-12-18 15:19:09,700: rp.session.js-17-212.jetstream-cloud.org.vivek91.017518.1079: task-manager                    : MainThread     : DEBUG   : bulk unit insert result: {'nModified': 0, 'nUpserted': 0, 'nMatched': 0, 'writeErrors': [], 'upserted': [], 'writeConcernErrors': [], 'nRemoved': 0, 'nInserted': 1}
2017-12-18 15:21:14,185: rp.session.js-17-212.jetstream-cloud.org.vivek91.017518.1079: task-manager                    : MainThread     : DEBUG   : bulk unit insert result: {'nModified': 0, 'nUpserted': 0, 'nMatched': 0, 'writeErrors': [], 'upserted': [], 'writeConcernErrors': [], 'nRemoved': 0, 'nInserted': 1}
2017-12-18 15:23:20,018: rp.session.js-17-212.jetstream-cloud.org.vivek91.017518.1079: task-manager                    : MainThread     : DEBUG   : bulk unit insert result: {'nModified': 0, 'nUpserted': 0, 'nMatched': 0, 'writeErrors': [], 'upserted': [], 'writeConcernErrors': [], 'nRemoved': 0, 'nInserted': 1}
2017-12-18 15:25:24,144: rp.session.js-17-212.jetstream-cloud.org.vivek91.017518.1079: task-manager                    : MainThread     : DEBUG   : bulk unit insert result: {'nModified': 0, 'nUpserted': 0, 'nMatched': 0, 'writeErrors': [], 'upserted': [], 'writeConcernErrors': [], 'nRemoved': 0, 'nInserted': 1}
2017-12-18 15:27:29,530: rp.session.js-17-212.jetstream-cloud.org.vivek91.017518.1079: task-manager                    : MainThread     : DEBUG   : bulk unit insert result: {'nModified': 0, 'nUpserted': 0, 'nMatched': 0, 'writeErrors': [], 'upserted': [], 'writeConcernErrors': [], 'nRemoved': 0, 'nInserted': 1}
2017-12-18 15:29:35,459: rp.session.js-17-212.jetstream-cloud.org.vivek91.017518.1079: task-manager                    : MainThread     : DEBUG   : bulk unit insert result: {'nModified': 0, 'nUpserted': 0, 'nMatched': 0, 'writeErrors': [], 'upserted': [], 'writeConcernErrors': [], 'nRemoved': 0, 'nInserted': 1}
2017-12-18 15:31:39,930: rp.session.js-17-212.jetstream-cloud.org.vivek91.017518.1079: task-manager                    : MainThread     : DEBUG   : bulk unit insert result: {'nModified': 0, 'nUpserted': 0, 'nMatched': 0, 'writeErrors': [], 'upserted': [], 'writeConcernErrors': [], 'nRemoved': 0, 'nInserted': 1}
2017-12-18 15:33:44,410: rp.session.js-17-212.jetstream-cloud.org.vivek91.017518.1079: task-manager                    : MainThread     : DEBUG   : bulk unit insert result: {'nModified': 0, 'nUpserted': 0, 'nMatched': 0, 'writeErrors': [], 'upserted': [], 'writeConcernErrors': [], 'nRemoved': 0, 'nInserted': 1}
2017-12-18 15:35:49,051: rp.session.js-17-212.jetstream-cloud.org.vivek91.017518.1079: task-manager                    : MainThread     : DEBUG   : bulk unit insert result: {'nModified': 0, 'nUpserted': 0, 'nMatched': 0, 'writeErrors': [], 'upserted': [], 'writeConcernErrors': [], 'nRemoved': 0, 'nInserted': 1}
2017-12-18 15:37:54,074: rp.session.js-17-212.jetstream-cloud.org.vivek91.017518.1079: task-manager                    : MainThread     : DEBUG   : bulk unit insert result: {'nModified': 0, 'nUpserted': 0, 'nMatched': 0, 'writeErrors': [], 'upserted': [], 'writeConcernErrors': [], 'nRemoved': 0, 'nInserted': 1}
2017-12-18 15:39:58,164: rp.session.js-17-212.jetstream-cloud.org.vivek91.017518.1079: task-manager                    : MainThread     : DEBUG   : bulk unit insert result: {'nModified': 0, 'nUpserted': 0, 'nMatched': 0, 'writeErrors': [], 'upserted': [], 'writeConcernErrors': [], 'nRemoved': 0, 'nInserted': 1}
2017-12-18 15:42:02,553: rp.session.js-17-212.jetstream-cloud.org.vivek91.017518.1079: task-manager                    : MainThread     : DEBUG   : bulk unit insert result: {'nModified': 0, 'nUpserted': 0, 'nMatched': 0, 'writeErrors': [], 'upserted': [], 'writeConcernErrors': [], 'nRemoved': 0, 'nInserted': 1}
2017-12-18 15:44:08,339: rp.session.js-17-212.jetstream-cloud.org.vivek91.017518.1079: task-manager                    : MainThread     : DEBUG   : bulk unit insert result: {'nModified': 0, 'nUpserted': 0, 'nMatched': 0, 'writeErrors': [], 'upserted': [], 'writeConcernErrors': [], 'nRemoved': 0, 'nInserted': 1}
2017-12-18 15:46:12,862: rp.session.js-17-212.jetstream-cloud.org.vivek91.017518.1079: task-manager                    : MainThread     : DEBUG   : bulk unit insert result: {'nModified': 0, 'nUpserted': 0, 'nMatched': 0, 'writeErrors': [], 'upserted': [], 'writeConcernErrors': [], 'nRemoved': 0, 'nInserted': 1}
2017-12-18 15:48:17,393: rp.session.js-17-212.jetstream-cloud.org.vivek91.017518.1079: task-manager                    : MainThread     : DEBUG   : bulk unit insert result: {'nModified': 0, 'nUpserted': 0, 'nMatched': 0, 'writeErrors': [], 'upserted': [], 'writeConcernErrors': [], 'nRemoved': 0, 'nInserted': 1}
2017-12-18 15:50:22,636: rp.session.js-17-212.jetstream-cloud.org.vivek91.017518.1079: task-manager                    : MainThread     : DEBUG   : bulk unit insert result: {'nModified': 0, 'nUpserted': 0, 'nMatched': 0, 'writeErrors': [], 'upserted': [], 'writeConcernErrors': [], 'nRemoved': 0, 'nInserted': 1}
2017-12-18 15:52:28,767: rp.session.js-17-212.jetstream-cloud.org.vivek91.017518.1079: task-manager                    : MainThread     : DEBUG   : bulk unit insert result: {'nModified': 0, 'nUpserted': 0, 'nMatched': 0, 'writeErrors': [], 'upserted': [], 'writeConcernErrors': [], 'nRemoved': 0, 'nInserted': 1}
2017-12-18 15:54:33,265: rp.session.js-17-212.jetstream-cloud.org.vivek91.017518.1079: task-manager                    : MainThread     : DEBUG   : bulk unit insert result: {'nModified': 0, 'nUpserted': 0, 'nMatched': 0, 'writeErrors': [], 'upserted': [], 'writeConcernErrors': [], 'nRemoved': 0, 'nInserted': 1}
2017-12-18 15:56:37,081: rp.session.js-17-212.jetstream-cloud.org.vivek91.017518.1079: task-manager                    : MainThread     : DEBUG   : bulk unit insert result: {'nModified': 0, 'nUpserted': 0, 'nMatched': 0, 'writeErrors': [], 'upserted': [], 'writeConcernErrors': [], 'nRemoved': 0, 'nInserted': 1}
2017-12-18 15:58:41,425: rp.session.js-17-212.jetstream-cloud.org.vivek91.017518.1079: task-manager                    : MainThread     : DEBUG   : bulk unit insert result: {'nModified': 0, 'nUpserted': 0, 'nMatched': 0, 'writeErrors': [], 'upserted': [], 'writeConcernErrors': [], 'nRemoved': 0, 'nInserted': 1}
2017-12-18 16:00:45,982: rp.session.js-17-212.jetstream-cloud.org.vivek91.017518.1079: task-manager                    : MainThread     : DEBUG   : bulk unit insert result: {'nModified': 0, 'nUpserted': 0, 'nMatched': 0, 'writeErrors': [], 'upserted': [], 'writeConcernErrors': [], 'nRemoved': 0, 'nInserted': 1}
2017-12-18 16:02:51,034: rp.session.js-17-212.jetstream-cloud.org.vivek91.017518.1079: task-manager                    : MainThread     : DEBUG   : bulk unit insert result: {'nModified': 0, 'nUpserted': 0, 'nMatched': 0, 'writeErrors': [], 'upserted': [], 'writeConcernErrors': [], 'nRemoved': 0, 'nInserted': 1}
2017-12-18 16:04:54,269: rp.session.js-17-212.jetstream-cloud.org.vivek91.017518.1079: task-manager                    : MainThread     : DEBUG   : bulk unit insert result: {'nModified': 0, 'nUpserted': 0, 'nMatched': 0, 'writeErrors': [], 'upserted': [], 'writeConcernErrors': [], 'nRemoved': 0, 'nInserted': 1}
2017-12-18 16:06:57,578: rp.session.js-17-212.jetstream-cloud.org.vivek91.017518.1079: task-manager                    : MainThread     : DEBUG   : bulk unit insert result: {'nModified': 0, 'nUpserted': 0, 'nMatched': 0, 'writeErrors': [], 'upserted': [], 'writeConcernErrors': [], 'nRemoved': 0, 'nInserted': 1}
2017-12-18 16:09:00,982: rp.session.js-17-212.jetstream-cloud.org.vivek91.017518.1079: task-manager                    : MainThread     : DEBUG   : bulk unit insert result: {'nModified': 0, 'nUpserted': 0, 'nMatched': 0, 'writeErrors': [], 'upserted': [], 'writeConcernErrors': [], 'nRemoved': 0, 'nInserted': 1}
2017-12-18 16:11:04,364: rp.session.js-17-212.jetstream-cloud.org.vivek91.017518.1079: task-manager                    : MainThread     : DEBUG   : bulk unit insert result: {'nModified': 0, 'nUpserted': 0, 'nMatched': 0, 'writeErrors': [], 'upserted': [], 'writeConcernErrors': [], 'nRemoved': 0, 'nInserted': 1}
2017-12-18 16:13:08,943: rp.session.js-17-212.jetstream-cloud.org.vivek91.017518.1079: task-manager                    : MainThread     : DEBUG   : bulk unit insert result: {'nModified': 0, 'nUpserted': 0, 'nMatched': 0, 'writeErrors': [], 'upserted': [], 'writeConcernErrors': [], 'nRemoved': 0, 'nInserted': 1}
2017-12-18 16:15:14,723: rp.session.js-17-212.jetstream-cloud.org.vivek91.017518.1079: task-manager                    : MainThread     : DEBUG   : bulk unit insert result: {'nModified': 0, 'nUpserted': 0, 'nMatched': 0, 'writeErrors': [], 'upserted': [], 'writeConcernErrors': [], 'nRemoved': 0, 'nInserted': 1}
2017-12-18 16:17:19,609: rp.session.js-17-212.jetstream-cloud.org.vivek91.017518.1079: task-manager                    : MainThread     : DEBUG   : bulk unit insert result: {'nModified': 0, 'nUpserted': 0, 'nMatched': 0, 'writeErrors': [], 'upserted': [], 'writeConcernErrors': [], 'nRemoved': 0, 'nInserted': 1}
2017-12-18 16:19:25,530: rp.session.js-17-212.jetstream-cloud.org.vivek91.017518.1079: task-manager                    : MainThread     : DEBUG   : bulk unit insert result: {'nModified': 0, 'nUpserted': 0, 'nMatched': 0, 'writeErrors': [], 'upserted': [], 'writeConcernErrors': [], 'nRemoved': 0, 'nInserted': 1}
2017-12-18 16:21:30,201: rp.session.js-17-212.jetstream-cloud.org.vivek91.017518.1079: task-manager                    : MainThread     : DEBUG   : bulk unit insert result: {'nModified': 0, 'nUpserted': 0, 'nMatched': 0, 'writeErrors': [], 'upserted': [], 'writeConcernErrors': [], 'nRemoved': 0, 'nInserted': 1}
2017-12-18 16:23:35,873: rp.session.js-17-212.jetstream-cloud.org.vivek91.017518.1079: task-manager                    : MainThread     : DEBUG   : bulk unit insert result: {'nModified': 0, 'nUpserted': 0, 'nMatched': 0, 'writeErrors': [], 'upserted': [], 'writeConcernErrors': [], 'nRemoved': 0, 'nInserted': 1}
2017-12-18 16:25:40,083: rp.session.js-17-212.jetstream-cloud.org.vivek91.017518.1079: task-manager                    : MainThread     : DEBUG   : bulk unit insert result: {'nModified': 0, 'nUpserted': 0, 'nMatched': 0, 'writeErrors': [], 'upserted': [], 'writeConcernErrors': [], 'nRemoved': 0, 'nInserted': 1}
2017-12-18 16:27:44,755: rp.session.js-17-212.jetstream-cloud.org.vivek91.017518.1079: task-manager                    : MainThread     : DEBUG   : bulk unit insert result: {'nModified': 0, 'nUpserted': 0, 'nMatched': 0, 'writeErrors': [], 'upserted': [], 'writeConcernErrors': [], 'nRemoved': 0, 'nInserted': 1}
2017-12-18 16:29:51,079: rp.session.js-17-212.jetstream-cloud.org.vivek91.017518.1079: task-manager                    : MainThread     : DEBUG   : bulk unit insert result: {'nModified': 0, 'nUpserted': 0, 'nMatched': 0, 'writeErrors': [], 'upserted': [], 'writeConcernErrors': [], 'nRemoved': 0, 'nInserted': 1}
2017-12-18 16:31:54,590: rp.session.js-17-212.jetstream-cloud.org.vivek91.017518.1079: task-manager                    : MainThread     : DEBUG   : bulk unit insert result: {'nModified': 0, 'nUpserted': 0, 'nMatched': 0, 'writeErrors': [], 'upserted': [], 'writeConcernErrors': [], 'nRemoved': 0, 'nInserted': 1}
2017-12-18 16:34:21,071: rp.session.js-17-212.jetstream-cloud.org.vivek91.017518.1079: MainProcess                     : MainThread     : DEBUG   : session rp.session.js-17-212.jetstream-cloud.org.vivek91.017518.1079 closing
2017-12-18 16:34:21,071: rp.session.js-17-212.jetstream-cloud.org.vivek91.017518.1079: MainProcess                     : MainThread     : DEBUG   : session rp.session.js-17-212.jetstream-cloud.org.vivek91.017518.1079 closes pmgr   pmgr.0000
2017-12-18 16:34:23,491: rp.session.js-17-212.jetstream-cloud.org.vivek91.017518.1079: MainProcess                     : MainThread     : DEBUG   : session rp.session.js-17-212.jetstream-cloud.org.vivek91.017518.1079 closed pmgr   pmgr.0000
2017-12-18 16:34:23,492: rp.session.js-17-212.jetstream-cloud.org.vivek91.017518.1079: MainProcess                     : MainThread     : DEBUG   : session rp.session.js-17-212.jetstream-cloud.org.vivek91.017518.1079 closes comp   update.0
2017-12-18 16:34:23,492: rp.session.js-17-212.jetstream-cloud.org.vivek91.017518.1079: MainProcess                     : MainThread     : DEBUG   :  === update.0 stop called
2017-12-18 16:34:23,567: rp.session.js-17-212.jetstream-cloud.org.vivek91.017518.1079: update.0                        : MainThread     : DEBUG   :  === update.0.child stop called
2017-12-18 16:34:23,713: rp.session.js-17-212.jetstream-cloud.org.vivek91.017518.1079: update.0                        : MainThread     : DEBUG   :  === update.0.child stop called
2017-12-18 16:34:23,760: rp.session.js-17-212.jetstream-cloud.org.vivek91.017518.1079: MainProcess                     : MainThread     : DEBUG   : session rp.session.js-17-212.jetstream-cloud.org.vivek91.017518.1079 closed comp   update.0
2017-12-18 16:34:23,760: rp.session.js-17-212.jetstream-cloud.org.vivek91.017518.1079: MainProcess                     : MainThread     : DEBUG   : session rp.session.js-17-212.jetstream-cloud.org.vivek91.017518.1079 closes bridge control.pubsub.bridge.0000
2017-12-18 16:34:24,743: rp.session.js-17-212.jetstream-cloud.org.vivek91.017518.1079: MainProcess                     : MainThread     : DEBUG   : session rp.session.js-17-212.jetstream-cloud.org.vivek91.017518.1079 closed bridge control.pubsub.bridge.0000
2017-12-18 16:34:24,743: rp.session.js-17-212.jetstream-cloud.org.vivek91.017518.1079: MainProcess                     : MainThread     : DEBUG   : session rp.session.js-17-212.jetstream-cloud.org.vivek91.017518.1079 closes bridge state.pubsub.bridge.0000
2017-12-18 16:34:25,765: rp.session.js-17-212.jetstream-cloud.org.vivek91.017518.1079: MainProcess                     : MainThread     : DEBUG   : session rp.session.js-17-212.jetstream-cloud.org.vivek91.017518.1079 closed bridge state.pubsub.bridge.0000
2017-12-18 16:34:25,765: rp.session.js-17-212.jetstream-cloud.org.vivek91.017518.1079: MainProcess                     : MainThread     : DEBUG   : session rp.session.js-17-212.jetstream-cloud.org.vivek91.017518.1079 closes bridge log.pubsub.bridge.0000
2017-12-18 16:34:25,884: rp.session.js-17-212.jetstream-cloud.org.vivek91.017518.1079: MainProcess                     : MainThread     : DEBUG   : session rp.session.js-17-212.jetstream-cloud.org.vivek91.017518.1079 closed bridge log.pubsub.bridge.0000
2017-12-18 16:34:25,884: rp.session.js-17-212.jetstream-cloud.org.vivek91.017518.1079: MainProcess                     : MainThread     : DEBUG   : session rp.session.js-17-212.jetstream-cloud.org.vivek91.017518.1079 closes db (False)
2017-12-18 16:34:25,884: rp.session.js-17-212.jetstream-cloud.org.vivek91.017518.1079: MainProcess                     : MainThread     : DEBUG   : session rp.session.js-17-212.jetstream-cloud.org.vivek91.017518.1079 closed (delete=False)
2017-12-18 16:34:25,903: rp.session.js-17-212.jetstream-cloud.org.vivek91.017518.1079: MainProcess                     : MainThread     : DEBUG   :  === update.0 stop called
