2017-12-18 14:18:43,442: state.pubsub.sub.0001: umgr.0000.scheduling.0          : MainThread     : INFO    : python.interpreter   version: 2.7.12 (default, Nov 20 2017, 18:23:56) [GCC 5.4.0 20160609]
2017-12-18 14:18:43,442: state.pubsub.sub.0001: umgr.0000.scheduling.0          : MainThread     : INFO    :                      pid: 7440
2017-12-18 14:18:43,442: state.pubsub.sub.0001: umgr.0000.scheduling.0          : MainThread     : INFO    :                      tid: MainThread
2017-12-18 14:18:43,443: state.pubsub.sub.0001: umgr.0000.scheduling.0          : MainThread     : INFO    : radical.pilot        version: 0.47.1
2017-12-18 14:18:43,443: state.pubsub.sub.0001: umgr.0000.scheduling.0          : MainThread     : INFO    : create state_pubsub - sub - tcp://172.30.238.6:39826
2017-12-18 14:18:43,443: state.pubsub.sub.0001: umgr.0000.scheduling.0          : MainThread     : DEBUG   : start process
2017-12-18 14:18:43,443: state.pubsub.sub.0001: umgr.0000.scheduling.0          : MainThread     : DEBUG   : ru_initialize_common (NOOP)
2017-12-18 14:18:43,444: state.pubsub.sub.0001: umgr.0000.scheduling.0          : MainThread     : DEBUG   : ru_initialize_parent (NOOP)
2017-12-18 14:18:43,444: state.pubsub.sub.0001: umgr.0000.scheduling.0          : MainThread     : DEBUG   : process class started (no child)
2017-12-18 14:18:43,827: state.pubsub.sub.0001: task-manager                    : MainThread     : INFO    : python.interpreter   version: 2.7.12 (default, Nov 20 2017, 18:23:56) [GCC 5.4.0 20160609]
2017-12-18 14:18:43,827: state.pubsub.sub.0001: task-manager                    : MainThread     : INFO    :                      pid: 7253
2017-12-18 14:18:43,827: state.pubsub.sub.0001: task-manager                    : MainThread     : INFO    :                      tid: MainThread
2017-12-18 14:18:43,828: state.pubsub.sub.0001: task-manager                    : MainThread     : INFO    : radical.pilot        version: 0.47.1
2017-12-18 14:18:43,828: state.pubsub.sub.0001: task-manager                    : MainThread     : INFO    : create state_pubsub - sub - tcp://172.30.238.6:39826
2017-12-18 14:18:43,828: state.pubsub.sub.0001: task-manager                    : MainThread     : DEBUG   : start process
2017-12-18 14:18:43,829: state.pubsub.sub.0001: task-manager                    : MainThread     : DEBUG   : ru_initialize_common (NOOP)
2017-12-18 14:18:43,829: state.pubsub.sub.0001: task-manager                    : MainThread     : DEBUG   : ru_initialize_parent (NOOP)
2017-12-18 14:18:43,829: state.pubsub.sub.0001: task-manager                    : MainThread     : DEBUG   : process class started (no child)
2017-12-18 16:34:15,420: state.pubsub.sub.0001: umgr.0000.scheduling.0          : MainThread     : INFO    : parent stops child  7440 -> None [state.pubsub.sub.0001]
2017-12-18 16:34:15,420: state.pubsub.sub.0001: umgr.0000.scheduling.0          : MainThread     : DEBUG   : ru_finalize_parent (NOOP)
