2018-01-24 12:08:30,665: control.pubsub.sub.0002: umgr.0000.staging.input.0       : MainThread     : INFO    : python.interpreter   version: 2.7.6 (default, Jun 22 2015, 17:58:13) [GCC 4.8.2]
2018-01-24 12:08:30,665: control.pubsub.sub.0002: umgr.0000.staging.input.0       : MainThread     : INFO    :                      pid: 17862
2018-01-24 12:08:30,665: control.pubsub.sub.0002: umgr.0000.staging.input.0       : MainThread     : INFO    :                      tid: MainThread
2018-01-24 12:08:30,665: control.pubsub.sub.0002: umgr.0000.staging.input.0       : MainThread     : INFO    : radical.pilot        version: 0.47.1
2018-01-24 12:08:30,665: control.pubsub.sub.0002: umgr.0000.staging.input.0       : MainThread     : INFO    : create control_pubsub - sub - tcp://172.29.241.4:37552
2018-01-24 12:08:30,665: control.pubsub.sub.0002: umgr.0000.staging.input.0       : MainThread     : DEBUG   : start process
2018-01-24 12:08:30,665: control.pubsub.sub.0002: umgr.0000.staging.input.0       : MainThread     : DEBUG   : ru_initialize_common (NOOP)
2018-01-24 12:08:30,666: control.pubsub.sub.0002: umgr.0000.staging.input.0       : MainThread     : DEBUG   : ru_initialize_parent (NOOP)
2018-01-24 12:08:30,666: control.pubsub.sub.0002: umgr.0000.staging.input.0       : MainThread     : DEBUG   : process class started (no child)
2018-01-24 12:08:33,155: control.pubsub.sub.0002: umgr.0000.scheduling.0          : MainThread     : INFO    : python.interpreter   version: 2.7.6 (default, Jun 22 2015, 17:58:13) [GCC 4.8.2]
2018-01-24 12:08:33,155: control.pubsub.sub.0002: umgr.0000.scheduling.0          : MainThread     : INFO    :                      pid: 17914
2018-01-24 12:08:33,155: control.pubsub.sub.0002: umgr.0000.scheduling.0          : MainThread     : INFO    :                      tid: MainThread
2018-01-24 12:08:33,155: control.pubsub.sub.0002: umgr.0000.scheduling.0          : MainThread     : INFO    : radical.pilot        version: 0.47.1
2018-01-24 12:08:33,155: control.pubsub.sub.0002: umgr.0000.scheduling.0          : MainThread     : INFO    : create control_pubsub - sub - tcp://172.29.241.4:37552
2018-01-24 12:08:33,156: control.pubsub.sub.0002: umgr.0000.scheduling.0          : MainThread     : DEBUG   : start process
2018-01-24 12:08:33,156: control.pubsub.sub.0002: umgr.0000.scheduling.0          : MainThread     : DEBUG   : ru_initialize_common (NOOP)
2018-01-24 12:08:33,156: control.pubsub.sub.0002: umgr.0000.scheduling.0          : MainThread     : DEBUG   : ru_initialize_parent (NOOP)
2018-01-24 12:08:33,156: control.pubsub.sub.0002: umgr.0000.scheduling.0          : MainThread     : DEBUG   : process class started (no child)
2018-01-24 12:17:00,367: control.pubsub.sub.0002: umgr.0000.scheduling.0          : MainThread     : INFO    : parent stops child  17914 -> None [control.pubsub.sub.0002]
2018-01-24 12:17:00,367: control.pubsub.sub.0002: umgr.0000.scheduling.0          : MainThread     : DEBUG   : ru_finalize_parent (NOOP)
2018-01-24 12:17:00,455: control.pubsub.sub.0002: umgr.0000.staging.input.0       : MainThread     : INFO    : parent stops child  17862 -> None [control.pubsub.sub.0002]
2018-01-24 12:17:00,455: control.pubsub.sub.0002: umgr.0000.staging.input.0       : MainThread     : DEBUG   : ru_finalize_parent (NOOP)
