2018-01-24 12:07:24,206: log.pubsub.pub.0001 : pmgr.0000.launching.0           : MainThread     : INFO    : python.interpreter   version: 2.7.6 (default, Jun 22 2015, 17:58:13) [GCC 4.8.2]
2018-01-24 12:07:24,206: log.pubsub.pub.0001 : pmgr.0000.launching.0           : MainThread     : INFO    :                      pid: 17570
2018-01-24 12:07:24,206: log.pubsub.pub.0001 : pmgr.0000.launching.0           : MainThread     : INFO    :                      tid: MainThread
2018-01-24 12:07:24,206: log.pubsub.pub.0001 : pmgr.0000.launching.0           : MainThread     : INFO    : radical.pilot        version: 0.47.1
2018-01-24 12:07:24,206: log.pubsub.pub.0001 : pmgr.0000.launching.0           : MainThread     : INFO    : create log_pubsub - pub - tcp://172.29.241.4:56799
2018-01-24 12:07:24,207: log.pubsub.pub.0001 : pmgr.0000.launching.0           : MainThread     : DEBUG   : start process
2018-01-24 12:07:24,208: log.pubsub.pub.0001 : pmgr.0000.launching.0           : MainThread     : DEBUG   : ru_initialize_common (NOOP)
2018-01-24 12:07:24,208: log.pubsub.pub.0001 : pmgr.0000.launching.0           : MainThread     : DEBUG   : ru_initialize_parent (NOOP)
2018-01-24 12:07:24,208: log.pubsub.pub.0001 : pmgr.0000.launching.0           : MainThread     : DEBUG   : process class started (no child)
2018-01-24 12:07:24,245: log.pubsub.pub.0001 : MainProcess                     : MainThread     : INFO    : python.interpreter   version: 2.7.6 (default, Jun 22 2015, 17:58:13) [GCC 4.8.2]
2018-01-24 12:07:24,245: log.pubsub.pub.0001 : MainProcess                     : MainThread     : INFO    :                      pid: 17502
2018-01-24 12:07:24,245: log.pubsub.pub.0001 : MainProcess                     : MainThread     : INFO    :                      tid: MainThread
2018-01-24 12:07:24,245: log.pubsub.pub.0001 : MainProcess                     : MainThread     : INFO    : radical.pilot        version: 0.47.1
2018-01-24 12:07:24,245: log.pubsub.pub.0001 : MainProcess                     : MainThread     : INFO    : create log_pubsub - pub - tcp://172.29.241.4:56799
2018-01-24 12:07:24,246: log.pubsub.pub.0001 : MainProcess                     : MainThread     : DEBUG   : start process
2018-01-24 12:07:24,246: log.pubsub.pub.0001 : MainProcess                     : MainThread     : DEBUG   : ru_initialize_common (NOOP)
2018-01-24 12:07:24,246: log.pubsub.pub.0001 : MainProcess                     : MainThread     : DEBUG   : ru_initialize_parent (NOOP)
2018-01-24 12:07:24,247: log.pubsub.pub.0001 : MainProcess                     : MainThread     : DEBUG   : process class started (no child)
2018-01-24 12:17:06,542: log.pubsub.pub.0001 : MainProcess                     : MainThread     : INFO    : parent stops child  17502 -> None [log.pubsub.pub.0001]
2018-01-24 12:17:06,542: log.pubsub.pub.0001 : MainProcess                     : MainThread     : DEBUG   : ru_finalize_parent (NOOP)
