2018-01-24 12:07:24,074: pmgr.0000.launching.0: MainProcess                     : MainThread     : INFO    : python.interpreter   version: 2.7.6 (default, Jun 22 2015, 17:58:13) [GCC 4.8.2]
2018-01-24 12:07:24,075: pmgr.0000.launching.0: MainProcess                     : MainThread     : INFO    :                      pid: 17502
2018-01-24 12:07:24,075: pmgr.0000.launching.0: MainProcess                     : MainThread     : INFO    :                      tid: MainThread
2018-01-24 12:07:24,075: pmgr.0000.launching.0: MainProcess                     : MainThread     : INFO    : radical.pilot        version: 0.47.1
2018-01-24 12:07:24,136: pmgr.0000.launching.0: MainProcess                     : MainThread     : DEBUG   : alive check in term
2018-01-24 12:07:24,136: pmgr.0000.launching.0: MainProcess                     : MainThread     : DEBUG   : start process
2018-01-24 12:07:24,240: pmgr.0000.launching.0: MainProcess                     : MainThread     : INFO    : recv message: alive
2018-01-24 12:07:24,241: pmgr.0000.launching.0: MainProcess                     : MainThread     : INFO    : initialize pmgr.0000.launching.0
2018-01-24 12:07:24,243: pmgr.0000.launching.0: MainProcess                     : MainThread     : INFO    : cfg: {'agents': {},
 u'bridges': {u'control_pubsub': {'addr_in': 'tcp://172.29.241.4:57896',
                                  'addr_out': 'tcp://172.29.241.4:37552',
                                  u'bulk_size': 0,
                                  u'log_level': u'debug',
                                  u'stall_hwm': 1},
              u'log_pubsub': {'addr_in': 'tcp://172.29.241.4:56799',
                              'addr_out': 'tcp://172.29.241.4:49819',
                              u'bulk_size': 0,
                              u'log_level': u'debug',
                              u'stall_hwm': 1},
              u'pmgr_launching_queue': {'addr_in': 'tcp://172.29.241.4:40948',
                                        'addr_out': 'tcp://172.29.241.4:36410',
                                        u'bulk_size': 0,
                                        u'log_level': u'debug',
                                        u'stall_hwm': 1},
              u'state_pubsub': {'addr_in': 'tcp://172.29.241.4:57854',
                                'addr_out': 'tcp://172.29.241.4:60768',
                                u'bulk_size': 0,
                                u'log_level': u'debug',
                                u'stall_hwm': 1}},
 'cname': u'PMGRLaunchingComponent',
 u'components': {},
 u'count': 1,
 u'db_poll_sleeptime': 1.0,
 'number': 0,
 'owner': 'pmgr.0000',
 'uid': 'pmgr.0000'}
2018-01-24 12:07:24,244: pmgr.0000.launching.0: MainProcess                     : MainThread     : DEBUG   : alive check in term
2018-01-24 12:07:24,244: pmgr.0000.launching.0: MainProcess                     : MainThread     : DEBUG   : START: pmgr.0000.launching.0 register publisher log_pubsub
2018-01-24 12:07:24,244: pmgr.0000.launching.0: MainProcess                     : MainThread     : DEBUG   : using addr tcp://172.29.241.4:56799 for pubsub log_pubsub
2018-01-24 12:07:24,247: pmgr.0000.launching.0: MainProcess                     : MainThread     : DEBUG   : registered publisher : log_pubsub : log.pubsub.pub.0001
2018-01-24 12:07:24,247: pmgr.0000.launching.0: MainProcess                     : MainThread     : DEBUG   : alive check in term
2018-01-24 12:07:24,247: pmgr.0000.launching.0: MainProcess                     : MainThread     : DEBUG   : START: pmgr.0000.launching.0 register publisher state_pubsub
2018-01-24 12:07:24,247: pmgr.0000.launching.0: MainProcess                     : MainThread     : DEBUG   : using addr tcp://172.29.241.4:57854 for pubsub state_pubsub
2018-01-24 12:07:24,250: pmgr.0000.launching.0: MainProcess                     : MainThread     : DEBUG   : registered publisher : state_pubsub : state.pubsub.pub.0001
2018-01-24 12:07:24,250: pmgr.0000.launching.0: MainProcess                     : MainThread     : DEBUG   : alive check in term
2018-01-24 12:07:24,250: pmgr.0000.launching.0: MainProcess                     : MainThread     : DEBUG   : START: pmgr.0000.launching.0 register publisher control_pubsub
2018-01-24 12:07:24,250: pmgr.0000.launching.0: MainProcess                     : MainThread     : DEBUG   : using addr tcp://172.29.241.4:57896 for pubsub control_pubsub
2018-01-24 12:07:24,253: pmgr.0000.launching.0: MainProcess                     : MainThread     : DEBUG   : registered publisher : control_pubsub : control.pubsub.pub.0001
2018-01-24 12:07:24,253: pmgr.0000.launching.0: MainProcess                     : MainThread     : DEBUG   : parent name: pmgr.0000.launching.0.watch
2018-01-24 12:07:24,254: pmgr.0000.launching.0: MainProcess                     : MainThread     : DEBUG   : start thread
2018-01-24 12:07:24,254: pmgr.0000.launching.0: MainProcess                     : pmgr.0000.launching.0.watch: DEBUG   : child name: pmgr.0000.launching.0.watch.thread
2018-01-24 12:07:24,254: pmgr.0000.launching.0: MainProcess                     : pmgr.0000.launching.0.watch: INFO    : child (me) initializing
2018-01-24 12:07:24,254: pmgr.0000.launching.0: MainProcess                     : pmgr.0000.launching.0.watch: DEBUG   : ru_initialize_common (NOOP)
2018-01-24 12:07:24,254: pmgr.0000.launching.0: MainProcess                     : pmgr.0000.launching.0.watch: DEBUG   : ru_initialize_child (NOOP)
2018-01-24 12:07:24,254: pmgr.0000.launching.0: MainProcess                     : pmgr.0000.launching.0.watch: INFO    : send alive
2018-01-24 12:07:24,254: pmgr.0000.launching.0: MainProcess                     : pmgr.0000.launching.0.watch: INFO    : put message: [pmgr.0000.launching.0.watch.thread] alive
2018-01-24 12:07:24,255: pmgr.0000.launching.0: MainProcess                     : MainThread     : INFO    : get msg: alive
2018-01-24 12:07:24,255: pmgr.0000.launching.0: MainProcess                     : MainThread     : DEBUG   : ru_initialize_common (NOOP)
2018-01-24 12:07:24,255: pmgr.0000.launching.0: MainProcess                     : MainThread     : DEBUG   : ru_initialize_parent (NOOP)
2018-01-24 12:07:24,256: pmgr.0000.launching.0: MainProcess                     : MainThread     : DEBUG   : child thread pmgr.0000.launching.0.watch started
2018-01-24 12:07:24,256: pmgr.0000.launching.0: MainProcess                     : MainThread     : INFO    : child is alive
2018-01-24 12:07:24,256: pmgr.0000.launching.0: MainProcess                     : MainThread     : DEBUG   : process class started child
2018-01-24 12:17:06,513: pmgr.0000.launching.0: MainProcess                     : MainThread     : INFO    : stop pmgr.0000.launching.0 (17502 : 17570 : MainThread) [radical.pilot.pilot_manager.PilotManager.finalize_parent]
2018-01-24 12:17:06,542: pmgr.0000.launching.0: MainProcess                     : MainThread     : INFO    : parent stops child  17502 -> 17570 [pmgr.0000.launching.0]
2018-01-24 12:17:06,542: pmgr.0000.launching.0: MainProcess                     : MainThread     : INFO    : send message: [pmgr.0000.launching.0] STOP
2018-01-24 12:17:06,542: pmgr.0000.launching.0: MainProcess                     : MainThread     : DEBUG   : ru_finalize_common()
2018-01-24 12:17:06,542: pmgr.0000.launching.0: MainProcess                     : MainThread     : DEBUG   : TERM : pmgr.0000.launching.0 unregister publisher log_pubsub
2018-01-24 12:17:06,543: pmgr.0000.launching.0: MainProcess                     : MainThread     : DEBUG   : unregistered publisher log_pubsub
2018-01-24 12:17:06,543: pmgr.0000.launching.0: MainProcess                     : MainThread     : DEBUG   : TERM : pmgr.0000.launching.0 unregister publisher state_pubsub
2018-01-24 12:17:06,544: pmgr.0000.launching.0: MainProcess                     : MainThread     : DEBUG   : unregistered publisher state_pubsub
2018-01-24 12:17:06,544: pmgr.0000.launching.0: MainProcess                     : MainThread     : DEBUG   : TERM : pmgr.0000.launching.0 unregister publisher control_pubsub
2018-01-24 12:17:06,545: pmgr.0000.launching.0: MainProcess                     : MainThread     : DEBUG   : unregistered publisher control_pubsub
2018-01-24 12:17:06,546: pmgr.0000.launching.0: MainProcess                     : MainThread     : DEBUG   : pmgr.0000.launching.0 close prof
2018-01-24 12:17:06,564: pmgr.0000.launching.0: MainProcess                     : MainThread     : INFO    : parent stops child
2018-01-24 12:17:06,564: pmgr.0000.launching.0: MainProcess                     : MainThread     : DEBUG   : ru_finalize_parent (NOOP)
2018-01-24 12:17:06,565: pmgr.0000.launching.0: MainProcess                     : MainThread     : DEBUG   : ru_finalize_common (NOOP)
2018-01-24 12:17:06,621: pmgr.0000.launching.0: MainProcess                     : pmgr.0000.launching.0.watch: INFO    : recv message: 
2018-01-24 12:17:06,621: pmgr.0000.launching.0: MainProcess                     : pmgr.0000.launching.0.watch: INFO    : message received: 
2018-01-24 12:17:06,621: pmgr.0000.launching.0: MainProcess                     : pmgr.0000.launching.0.watch: WARNING : received empty string, parent closed ep
2018-01-24 12:17:06,622: pmgr.0000.launching.0: MainProcess                     : pmgr.0000.launching.0.watch: INFO    : watcher closes
2018-01-24 12:17:06,622: pmgr.0000.launching.0: MainProcess                     : pmgr.0000.launching.0.watch: INFO    : put message: [pmgr.0000.launching.0.watch.thread] work finished
2018-01-24 12:17:06,622: pmgr.0000.launching.0: MainProcess                     : pmgr.0000.launching.0.watch: DEBUG   : ru_finalize_child (NOOP)
2018-01-24 12:17:06,622: pmgr.0000.launching.0: MainProcess                     : pmgr.0000.launching.0.watch: DEBUG   : ru_finalize_common (NOOP)
2018-01-24 12:17:06,622: pmgr.0000.launching.0: MainProcess                     : pmgr.0000.launching.0.watch: INFO    : put message: [pmgr.0000.launching.0.watch.thread] terminating
2018-01-24 12:17:08,629: pmgr.0000.launching.0: MainProcess                     : MainThread     : WARNING : failed to stop child - terminate: 17502 -> 17570 [pmgr.0000.launching.0]
2018-01-24 12:17:09,221: pmgr.0000.launching.0: MainProcess                     : MainThread     : INFO    : stop pmgr.0000.launching.0 (17502 : 17570 : MainThread) [radical.pilot.utils.component.PilotManager.ru_finalize_common]
2018-01-24 12:17:12,313: pmgr.0000.launching.0: MainProcess                     : MainThread     : INFO    : stop pmgr.0000.launching.0 (17502 : 17570 : MainThread) [radical.pilot.session.Session.close]
