2018-01-24 12:08:30,649: state.pubsub.pub.0003: umgr.0000.staging.input.0       : MainThread     : INFO    : python.interpreter   version: 2.7.6 (default, Jun 22 2015, 17:58:13) [GCC 4.8.2]
2018-01-24 12:08:30,649: state.pubsub.pub.0003: umgr.0000.staging.input.0       : MainThread     : INFO    :                      pid: 17862
2018-01-24 12:08:30,650: state.pubsub.pub.0003: umgr.0000.staging.input.0       : MainThread     : INFO    :                      tid: MainThread
2018-01-24 12:08:30,650: state.pubsub.pub.0003: umgr.0000.staging.input.0       : MainThread     : INFO    : radical.pilot        version: 0.47.1
2018-01-24 12:08:30,650: state.pubsub.pub.0003: umgr.0000.staging.input.0       : MainThread     : INFO    : create state_pubsub - pub - tcp://172.29.241.4:57854
2018-01-24 12:08:30,650: state.pubsub.pub.0003: umgr.0000.staging.input.0       : MainThread     : DEBUG   : start process
2018-01-24 12:08:30,651: state.pubsub.pub.0003: umgr.0000.staging.input.0       : MainThread     : DEBUG   : ru_initialize_common (NOOP)
2018-01-24 12:08:30,651: state.pubsub.pub.0003: umgr.0000.staging.input.0       : MainThread     : DEBUG   : ru_initialize_parent (NOOP)
2018-01-24 12:08:30,651: state.pubsub.pub.0003: umgr.0000.staging.input.0       : MainThread     : DEBUG   : process class started (no child)
2018-01-24 12:08:30,677: state.pubsub.pub.0003: task-manager                    : MainThread     : INFO    : python.interpreter   version: 2.7.6 (default, Jun 22 2015, 17:58:13) [GCC 4.8.2]
2018-01-24 12:08:30,677: state.pubsub.pub.0003: task-manager                    : MainThread     : INFO    :                      pid: 17824
2018-01-24 12:08:30,677: state.pubsub.pub.0003: task-manager                    : MainThread     : INFO    :                      tid: MainThread
2018-01-24 12:08:30,677: state.pubsub.pub.0003: task-manager                    : MainThread     : INFO    : radical.pilot        version: 0.47.1
2018-01-24 12:08:30,677: state.pubsub.pub.0003: task-manager                    : MainThread     : INFO    : create state_pubsub - pub - tcp://172.29.241.4:57854
2018-01-24 12:08:30,678: state.pubsub.pub.0003: task-manager                    : MainThread     : DEBUG   : start process
2018-01-24 12:08:30,678: state.pubsub.pub.0003: task-manager                    : MainThread     : DEBUG   : ru_initialize_common (NOOP)
2018-01-24 12:08:30,678: state.pubsub.pub.0003: task-manager                    : MainThread     : DEBUG   : ru_initialize_parent (NOOP)
2018-01-24 12:08:30,678: state.pubsub.pub.0003: task-manager                    : MainThread     : DEBUG   : process class started (no child)
2018-01-24 12:17:00,278: state.pubsub.pub.0003: umgr.0000.staging.input.0       : MainThread     : INFO    : parent stops child  17862 -> None [state.pubsub.pub.0003]
2018-01-24 12:17:00,278: state.pubsub.pub.0003: umgr.0000.staging.input.0       : MainThread     : DEBUG   : ru_finalize_parent (NOOP)
