2018-03-21 22:55:22,072: control.pubsub.pub.0000: update.0                        : MainThread     : INFO    : python.interpreter   version: 2.7.12 (default, Nov 20 2017, 18:23:56) [GCC 5.4.0 20160609]
2018-03-21 22:55:22,072: control.pubsub.pub.0000: update.0                        : MainThread     : INFO    :                      pid: 23329
2018-03-21 22:55:22,072: control.pubsub.pub.0000: update.0                        : MainThread     : INFO    :                      tid: MainThread
2018-03-21 22:55:22,072: control.pubsub.pub.0000: update.0                        : MainThread     : INFO    : radical.pilot        version: 0.47.1
2018-03-21 22:55:22,072: control.pubsub.pub.0000: update.0                        : MainThread     : INFO    : create control_pubsub - pub - tcp://138.201.86.166:36899
2018-03-21 22:55:22,102: control.pubsub.pub.0000: update.0                        : MainThread     : DEBUG   : start process
2018-03-21 22:55:22,102: control.pubsub.pub.0000: update.0                        : MainThread     : DEBUG   : ru_initialize_common (NOOP)
2018-03-21 22:55:22,102: control.pubsub.pub.0000: update.0                        : MainThread     : DEBUG   : ru_initialize_parent (NOOP)
2018-03-21 22:55:22,103: control.pubsub.pub.0000: update.0                        : MainThread     : DEBUG   : process class started (no child)
2018-03-21 22:55:22,622: control.pubsub.pub.0000: MainProcess                     : MainThread     : INFO    : python.interpreter   version: 2.7.12 (default, Nov 20 2017, 18:23:56) [GCC 5.4.0 20160609]
2018-03-21 22:55:22,622: control.pubsub.pub.0000: MainProcess                     : MainThread     : INFO    :                      pid: 23193
2018-03-21 22:55:22,623: control.pubsub.pub.0000: MainProcess                     : MainThread     : INFO    :                      tid: MainThread
2018-03-21 22:55:22,623: control.pubsub.pub.0000: MainProcess                     : MainThread     : INFO    : radical.pilot        version: 0.47.1
2018-03-21 22:55:22,623: control.pubsub.pub.0000: MainProcess                     : MainThread     : INFO    : create control_pubsub - pub - tcp://138.201.86.166:36899
2018-03-21 22:55:22,662: control.pubsub.pub.0000: MainProcess                     : MainThread     : DEBUG   : start process
2018-03-21 22:55:22,662: control.pubsub.pub.0000: MainProcess                     : MainThread     : DEBUG   : ru_initialize_common (NOOP)
2018-03-21 22:55:22,662: control.pubsub.pub.0000: MainProcess                     : MainThread     : DEBUG   : ru_initialize_parent (NOOP)
2018-03-21 22:55:22,663: control.pubsub.pub.0000: MainProcess                     : MainThread     : DEBUG   : process class started (no child)
2018-03-22 00:16:25,186: control.pubsub.pub.0000: MainProcess                     : MainThread     : INFO    : parent stops child  23193 -> None [control.pubsub.pub.0000]
2018-03-22 00:16:25,186: control.pubsub.pub.0000: MainProcess                     : MainThread     : DEBUG   : ru_finalize_parent (NOOP)
2018-03-22 00:16:25,375: control.pubsub.pub.0000: update.0                        : MainThread     : INFO    : parent stops child  23329 -> None [control.pubsub.pub.0000]
2018-03-22 00:16:25,375: control.pubsub.pub.0000: update.0                        : MainThread     : DEBUG   : ru_finalize_parent (NOOP)
