2018-03-21 23:01:31,531: state.pubsub.pub.0005: umgr.0000.scheduling.0          : MainThread     : INFO    : python.interpreter   version: 2.7.12 (default, Nov 20 2017, 18:23:56) [GCC 5.4.0 20160609]
2018-03-21 23:01:31,532: state.pubsub.pub.0005: umgr.0000.scheduling.0          : MainThread     : INFO    :                      pid: 10823
2018-03-21 23:01:31,532: state.pubsub.pub.0005: umgr.0000.scheduling.0          : MainThread     : INFO    :                      tid: MainThread
2018-03-21 23:01:31,532: state.pubsub.pub.0005: umgr.0000.scheduling.0          : MainThread     : INFO    : radical.pilot        version: 0.47.1
2018-03-21 23:01:31,532: state.pubsub.pub.0005: umgr.0000.scheduling.0          : MainThread     : INFO    : create state_pubsub - pub - tcp://138.201.86.166:37505
2018-03-21 23:01:31,532: state.pubsub.pub.0005: umgr.0000.scheduling.0          : MainThread     : DEBUG   : start process
2018-03-21 23:01:31,532: state.pubsub.pub.0005: umgr.0000.scheduling.0          : MainThread     : DEBUG   : ru_initialize_common (NOOP)
2018-03-21 23:01:31,532: state.pubsub.pub.0005: umgr.0000.scheduling.0          : MainThread     : DEBUG   : ru_initialize_parent (NOOP)
2018-03-21 23:01:31,532: state.pubsub.pub.0005: umgr.0000.scheduling.0          : MainThread     : DEBUG   : process class started (no child)
2018-03-21 23:01:31,565: state.pubsub.pub.0005: task-manager                    : MainThread     : INFO    : python.interpreter   version: 2.7.12 (default, Nov 20 2017, 18:23:56) [GCC 5.4.0 20160609]
2018-03-21 23:01:31,565: state.pubsub.pub.0005: task-manager                    : MainThread     : INFO    :                      pid: 10649
2018-03-21 23:01:31,565: state.pubsub.pub.0005: task-manager                    : MainThread     : INFO    :                      tid: MainThread
2018-03-21 23:01:31,566: state.pubsub.pub.0005: task-manager                    : MainThread     : INFO    : radical.pilot        version: 0.47.1
2018-03-21 23:01:31,566: state.pubsub.pub.0005: task-manager                    : MainThread     : INFO    : create state_pubsub - pub - tcp://138.201.86.166:37505
2018-03-21 23:01:31,566: state.pubsub.pub.0005: task-manager                    : MainThread     : DEBUG   : start process
2018-03-21 23:01:31,566: state.pubsub.pub.0005: task-manager                    : MainThread     : DEBUG   : ru_initialize_common (NOOP)
2018-03-21 23:01:31,566: state.pubsub.pub.0005: task-manager                    : MainThread     : DEBUG   : ru_initialize_parent (NOOP)
2018-03-21 23:01:31,566: state.pubsub.pub.0005: task-manager                    : MainThread     : DEBUG   : process class started (no child)
2018-03-22 00:16:13,783: state.pubsub.pub.0005: umgr.0000.scheduling.0          : MainThread     : INFO    : parent stops child  10823 -> None [state.pubsub.pub.0005]
2018-03-22 00:16:13,783: state.pubsub.pub.0005: umgr.0000.scheduling.0          : MainThread     : DEBUG   : ru_finalize_parent (NOOP)
