2017-12-18 23:25:04,720: control.pubsub.pub.0000: update.0                        : MainThread     : INFO    : python.interpreter   version: 2.7.12 (default, Nov 20 2017, 18:23:56) [GCC 5.4.0 20160609]
2017-12-18 23:25:04,720: control.pubsub.pub.0000: update.0                        : MainThread     : INFO    :                      pid: 16021
2017-12-18 23:25:04,720: control.pubsub.pub.0000: update.0                        : MainThread     : INFO    :                      tid: MainThread
2017-12-18 23:25:04,721: control.pubsub.pub.0000: update.0                        : MainThread     : INFO    : radical.pilot        version: 0.47.1
2017-12-18 23:25:04,721: control.pubsub.pub.0000: update.0                        : MainThread     : INFO    : create control_pubsub - pub - tcp://172.30.238.6:38108
2017-12-18 23:25:04,738: control.pubsub.pub.0000: update.0                        : MainThread     : DEBUG   : start process
2017-12-18 23:25:04,738: control.pubsub.pub.0000: update.0                        : MainThread     : DEBUG   : ru_initialize_common (NOOP)
2017-12-18 23:25:04,738: control.pubsub.pub.0000: update.0                        : MainThread     : DEBUG   : ru_initialize_parent (NOOP)
2017-12-18 23:25:04,738: control.pubsub.pub.0000: update.0                        : MainThread     : DEBUG   : process class started (no child)
2017-12-18 23:25:05,063: control.pubsub.pub.0000: MainProcess                     : MainThread     : INFO    : python.interpreter   version: 2.7.12 (default, Nov 20 2017, 18:23:56) [GCC 5.4.0 20160609]
2017-12-18 23:25:05,063: control.pubsub.pub.0000: MainProcess                     : MainThread     : INFO    :                      pid: 15887
2017-12-18 23:25:05,063: control.pubsub.pub.0000: MainProcess                     : MainThread     : INFO    :                      tid: MainThread
2017-12-18 23:25:05,063: control.pubsub.pub.0000: MainProcess                     : MainThread     : INFO    : radical.pilot        version: 0.47.1
2017-12-18 23:25:05,064: control.pubsub.pub.0000: MainProcess                     : MainThread     : INFO    : create control_pubsub - pub - tcp://172.30.238.6:38108
2017-12-18 23:25:05,081: control.pubsub.pub.0000: MainProcess                     : MainThread     : DEBUG   : start process
2017-12-18 23:25:05,082: control.pubsub.pub.0000: MainProcess                     : MainThread     : DEBUG   : ru_initialize_common (NOOP)
2017-12-18 23:25:05,082: control.pubsub.pub.0000: MainProcess                     : MainThread     : DEBUG   : ru_initialize_parent (NOOP)
2017-12-18 23:25:05,082: control.pubsub.pub.0000: MainProcess                     : MainThread     : DEBUG   : process class started (no child)
2017-12-18 23:33:03,451: control.pubsub.pub.0000: MainProcess                     : MainThread     : INFO    : parent stops child  15887 -> None [control.pubsub.pub.0000]
2017-12-18 23:33:03,451: control.pubsub.pub.0000: MainProcess                     : MainThread     : DEBUG   : ru_finalize_parent (NOOP)
2017-12-18 23:33:03,745: control.pubsub.pub.0000: update.0                        : MainThread     : INFO    : parent stops child  16021 -> None [control.pubsub.pub.0000]
2017-12-18 23:33:03,745: control.pubsub.pub.0000: update.0                        : MainThread     : DEBUG   : ru_finalize_parent (NOOP)
