2017-12-18 23:25:00,690: rp.session.js-17-212.jetstream-cloud.org.vivek91.017519.0833: MainProcess                     : MainThread     : INFO    : python.interpreter   version: 2.7.12 (default, Nov 20 2017, 18:23:56) [GCC 5.4.0 20160609]
2017-12-18 23:25:00,690: rp.session.js-17-212.jetstream-cloud.org.vivek91.017519.0833: MainProcess                     : MainThread     : INFO    :                      pid: 15887
2017-12-18 23:25:00,690: rp.session.js-17-212.jetstream-cloud.org.vivek91.017519.0833: MainProcess                     : MainThread     : INFO    :                      tid: MainThread
2017-12-18 23:25:00,691: rp.session.js-17-212.jetstream-cloud.org.vivek91.017519.0833: MainProcess                     : MainThread     : INFO    : radical.pilot        version: 0.47.1
2017-12-18 23:25:00,691: rp.session.js-17-212.jetstream-cloud.org.vivek91.017519.0833: MainProcess                     : MainThread     : INFO    : using database mongodb://entk:entk@ds141406.mlab.com:41406/adap-task-count
2017-12-18 23:25:01,847: rp.session.js-17-212.jetstream-cloud.org.vivek91.017519.0833: MainProcess                     : MainThread     : INFO    : Load resource configurations from /home/vivek91/ves/paper-adap/local/lib/python2.7/site-packages/radical/pilot/configs/resource_ncsa.json
2017-12-18 23:25:01,860: rp.session.js-17-212.jetstream-cloud.org.vivek91.017519.0833: MainProcess                     : MainThread     : INFO    : Load resource configurations for ncsa.bw_orte
2017-12-18 23:25:01,861: rp.session.js-17-212.jetstream-cloud.org.vivek91.017519.0833: MainProcess                     : MainThread     : INFO    : Load resource configurations for ncsa.bw_ccm_ssh
2017-12-18 23:25:01,862: rp.session.js-17-212.jetstream-cloud.org.vivek91.017519.0833: MainProcess                     : MainThread     : INFO    : Load resource configurations for ncsa.bw_ortelib
2017-12-18 23:25:01,863: rp.session.js-17-212.jetstream-cloud.org.vivek91.017519.0833: MainProcess                     : MainThread     : INFO    : Load resource configurations for ncsa.bw_aprun
2017-12-18 23:25:01,863: rp.session.js-17-212.jetstream-cloud.org.vivek91.017519.0833: MainProcess                     : MainThread     : INFO    : Load resource configurations for ncsa.bw_local_orte
2017-12-18 23:25:01,864: rp.session.js-17-212.jetstream-cloud.org.vivek91.017519.0833: MainProcess                     : MainThread     : INFO    : Load resource configurations from /home/vivek91/ves/paper-adap/local/lib/python2.7/site-packages/radical/pilot/configs/resource_iu.json
2017-12-18 23:25:01,869: rp.session.js-17-212.jetstream-cloud.org.vivek91.017519.0833: MainProcess                     : MainThread     : INFO    : Load resource configurations for iu.bigred2_ccm_ssh
2017-12-18 23:25:01,869: rp.session.js-17-212.jetstream-cloud.org.vivek91.017519.0833: MainProcess                     : MainThread     : INFO    : Load resource configurations for iu.bigred2_aprun
2017-12-18 23:25:01,870: rp.session.js-17-212.jetstream-cloud.org.vivek91.017519.0833: MainProcess                     : MainThread     : INFO    : Load resource configurations from /home/vivek91/ves/paper-adap/local/lib/python2.7/site-packages/radical/pilot/configs/resource_osg.json
2017-12-18 23:25:01,875: rp.session.js-17-212.jetstream-cloud.org.vivek91.017519.0833: MainProcess                     : MainThread     : INFO    : Load resource configurations for osg.xsede-virt-clust
2017-12-18 23:25:01,876: rp.session.js-17-212.jetstream-cloud.org.vivek91.017519.0833: MainProcess                     : MainThread     : INFO    : Load resource configurations for osg.connect
2017-12-18 23:25:01,876: rp.session.js-17-212.jetstream-cloud.org.vivek91.017519.0833: MainProcess                     : MainThread     : INFO    : Load resource configurations from /home/vivek91/ves/paper-adap/local/lib/python2.7/site-packages/radical/pilot/configs/resource_yale.json
2017-12-18 23:25:01,878: rp.session.js-17-212.jetstream-cloud.org.vivek91.017519.0833: MainProcess                     : MainThread     : INFO    : Load resource configurations for yale.grace_ssh
2017-12-18 23:25:01,879: rp.session.js-17-212.jetstream-cloud.org.vivek91.017519.0833: MainProcess                     : MainThread     : INFO    : Load resource configurations from /home/vivek91/ves/paper-adap/local/lib/python2.7/site-packages/radical/pilot/configs/resource_lumc.json
2017-12-18 23:25:01,883: rp.session.js-17-212.jetstream-cloud.org.vivek91.017519.0833: MainProcess                     : MainThread     : INFO    : Load resource configurations for lumc.gb-ui_ssh
2017-12-18 23:25:01,884: rp.session.js-17-212.jetstream-cloud.org.vivek91.017519.0833: MainProcess                     : MainThread     : INFO    : Load resource configurations for lumc.shark_ssh
2017-12-18 23:25:01,884: rp.session.js-17-212.jetstream-cloud.org.vivek91.017519.0833: MainProcess                     : MainThread     : INFO    : Load resource configurations from /home/vivek91/ves/paper-adap/local/lib/python2.7/site-packages/radical/pilot/configs/resource_ornl.json
2017-12-18 23:25:01,891: rp.session.js-17-212.jetstream-cloud.org.vivek91.017519.0833: MainProcess                     : MainThread     : INFO    : Load resource configurations for ornl.titan_orte
2017-12-18 23:25:01,892: rp.session.js-17-212.jetstream-cloud.org.vivek91.017519.0833: MainProcess                     : MainThread     : INFO    : Load resource configurations for ornl.titan_aprun
2017-12-18 23:25:01,892: rp.session.js-17-212.jetstream-cloud.org.vivek91.017519.0833: MainProcess                     : MainThread     : INFO    : Load resource configurations for ornl.titan_ortelib
2017-12-18 23:25:01,893: rp.session.js-17-212.jetstream-cloud.org.vivek91.017519.0833: MainProcess                     : MainThread     : INFO    : Load resource configurations from /home/vivek91/ves/paper-adap/local/lib/python2.7/site-packages/radical/pilot/configs/resource_stfc.json
2017-12-18 23:25:01,895: rp.session.js-17-212.jetstream-cloud.org.vivek91.017519.0833: MainProcess                     : MainThread     : INFO    : Load resource configurations for stfc.joule_runjob
2017-12-18 23:25:01,896: rp.session.js-17-212.jetstream-cloud.org.vivek91.017519.0833: MainProcess                     : MainThread     : INFO    : Load resource configurations from /home/vivek91/ves/paper-adap/local/lib/python2.7/site-packages/radical/pilot/configs/resource_radical.json
2017-12-18 23:25:01,901: rp.session.js-17-212.jetstream-cloud.org.vivek91.017519.0833: MainProcess                     : MainThread     : INFO    : Load resource configurations for radical.two
2017-12-18 23:25:01,901: rp.session.js-17-212.jetstream-cloud.org.vivek91.017519.0833: MainProcess                     : MainThread     : INFO    : Load resource configurations for radical.tutorial
2017-12-18 23:25:01,902: rp.session.js-17-212.jetstream-cloud.org.vivek91.017519.0833: MainProcess                     : MainThread     : INFO    : Load resource configurations for radical.one
2017-12-18 23:25:01,902: rp.session.js-17-212.jetstream-cloud.org.vivek91.017519.0833: MainProcess                     : MainThread     : INFO    : Load resource configurations from /home/vivek91/ves/paper-adap/local/lib/python2.7/site-packages/radical/pilot/configs/resource_das4.json
2017-12-18 23:25:01,904: rp.session.js-17-212.jetstream-cloud.org.vivek91.017519.0833: MainProcess                     : MainThread     : INFO    : Load resource configurations for das4.fs2_ssh
2017-12-18 23:25:01,905: rp.session.js-17-212.jetstream-cloud.org.vivek91.017519.0833: MainProcess                     : MainThread     : INFO    : Load resource configurations from /home/vivek91/ves/paper-adap/local/lib/python2.7/site-packages/radical/pilot/configs/resource_nersc.json
2017-12-18 23:25:01,916: rp.session.js-17-212.jetstream-cloud.org.vivek91.017519.0833: MainProcess                     : MainThread     : INFO    : Load resource configurations for nersc.edison_ccm_ssh
2017-12-18 23:25:01,916: rp.session.js-17-212.jetstream-cloud.org.vivek91.017519.0833: MainProcess                     : MainThread     : INFO    : Load resource configurations for nersc.hopper_orte
2017-12-18 23:25:01,917: rp.session.js-17-212.jetstream-cloud.org.vivek91.017519.0833: MainProcess                     : MainThread     : INFO    : Load resource configurations for nersc.hopper_ccm_ssh
2017-12-18 23:25:01,917: rp.session.js-17-212.jetstream-cloud.org.vivek91.017519.0833: MainProcess                     : MainThread     : INFO    : Load resource configurations for nersc.edison_aprun
2017-12-18 23:25:01,918: rp.session.js-17-212.jetstream-cloud.org.vivek91.017519.0833: MainProcess                     : MainThread     : INFO    : Load resource configurations for nersc.hopper_aprun
2017-12-18 23:25:01,918: rp.session.js-17-212.jetstream-cloud.org.vivek91.017519.0833: MainProcess                     : MainThread     : INFO    : Load resource configurations for nersc.edison_orte
2017-12-18 23:25:01,919: rp.session.js-17-212.jetstream-cloud.org.vivek91.017519.0833: MainProcess                     : MainThread     : INFO    : Load resource configurations from /home/vivek91/ves/paper-adap/local/lib/python2.7/site-packages/radical/pilot/configs/resource_xsede.json
2017-12-18 23:25:01,956: rp.session.js-17-212.jetstream-cloud.org.vivek91.017519.0833: MainProcess                     : MainThread     : INFO    : Load resource configurations for xsede.gordon_ssh
2017-12-18 23:25:01,957: rp.session.js-17-212.jetstream-cloud.org.vivek91.017519.0833: MainProcess                     : MainThread     : INFO    : Load resource configurations for xsede.lonestar_ssh
2017-12-18 23:25:01,957: rp.session.js-17-212.jetstream-cloud.org.vivek91.017519.0833: MainProcess                     : MainThread     : INFO    : Load resource configurations for xsede.supermic_spark
2017-12-18 23:25:01,957: rp.session.js-17-212.jetstream-cloud.org.vivek91.017519.0833: MainProcess                     : MainThread     : INFO    : Load resource configurations for xsede.wrangler_yarn
2017-12-18 23:25:01,958: rp.session.js-17-212.jetstream-cloud.org.vivek91.017519.0833: MainProcess                     : MainThread     : INFO    : Load resource configurations for xsede.blacklight_ssh
2017-12-18 23:25:01,958: rp.session.js-17-212.jetstream-cloud.org.vivek91.017519.0833: MainProcess                     : MainThread     : INFO    : Load resource configurations for xsede.stampede_ortelib
2017-12-18 23:25:01,959: rp.session.js-17-212.jetstream-cloud.org.vivek91.017519.0833: MainProcess                     : MainThread     : INFO    : Load resource configurations for xsede.stampede_yarn
2017-12-18 23:25:01,959: rp.session.js-17-212.jetstream-cloud.org.vivek91.017519.0833: MainProcess                     : MainThread     : INFO    : Load resource configurations for xsede.stampede_ssh
2017-12-18 23:25:01,959: rp.session.js-17-212.jetstream-cloud.org.vivek91.017519.0833: MainProcess                     : MainThread     : INFO    : Load resource configurations for xsede.greenfield
2017-12-18 23:25:01,960: rp.session.js-17-212.jetstream-cloud.org.vivek91.017519.0833: MainProcess                     : MainThread     : INFO    : Load resource configurations for xsede.bridges
2017-12-18 23:25:01,960: rp.session.js-17-212.jetstream-cloud.org.vivek91.017519.0833: MainProcess                     : MainThread     : INFO    : Load resource configurations for xsede.trestles_ssh
2017-12-18 23:25:01,960: rp.session.js-17-212.jetstream-cloud.org.vivek91.017519.0833: MainProcess                     : MainThread     : INFO    : Load resource configurations for xsede.supermic_ortelib
2017-12-18 23:25:01,961: rp.session.js-17-212.jetstream-cloud.org.vivek91.017519.0833: MainProcess                     : MainThread     : INFO    : Load resource configurations for xsede.stampede2_ssh
2017-12-18 23:25:01,961: rp.session.js-17-212.jetstream-cloud.org.vivek91.017519.0833: MainProcess                     : MainThread     : INFO    : Load resource configurations for xsede.supermic_ssh
2017-12-18 23:25:01,962: rp.session.js-17-212.jetstream-cloud.org.vivek91.017519.0833: MainProcess                     : MainThread     : INFO    : Load resource configurations for xsede.wrangler_ssh
2017-12-18 23:25:01,962: rp.session.js-17-212.jetstream-cloud.org.vivek91.017519.0833: MainProcess                     : MainThread     : INFO    : Load resource configurations for xsede.supermic_orte
2017-12-18 23:25:01,962: rp.session.js-17-212.jetstream-cloud.org.vivek91.017519.0833: MainProcess                     : MainThread     : INFO    : Load resource configurations for xsede.wrangler_spark
2017-12-18 23:25:01,963: rp.session.js-17-212.jetstream-cloud.org.vivek91.017519.0833: MainProcess                     : MainThread     : INFO    : Load resource configurations for xsede.stampede_orte
2017-12-18 23:25:01,963: rp.session.js-17-212.jetstream-cloud.org.vivek91.017519.0833: MainProcess                     : MainThread     : INFO    : Load resource configurations for xsede.comet_ortelib
2017-12-18 23:25:01,964: rp.session.js-17-212.jetstream-cloud.org.vivek91.017519.0833: MainProcess                     : MainThread     : INFO    : Load resource configurations for xsede.comet_orte
2017-12-18 23:25:01,964: rp.session.js-17-212.jetstream-cloud.org.vivek91.017519.0833: MainProcess                     : MainThread     : INFO    : Load resource configurations for xsede.comet_spark
2017-12-18 23:25:01,964: rp.session.js-17-212.jetstream-cloud.org.vivek91.017519.0833: MainProcess                     : MainThread     : INFO    : Load resource configurations for xsede.comet_ssh
2017-12-18 23:25:01,965: rp.session.js-17-212.jetstream-cloud.org.vivek91.017519.0833: MainProcess                     : MainThread     : INFO    : Load resource configurations for xsede.stampede_spark
2017-12-18 23:25:01,965: rp.session.js-17-212.jetstream-cloud.org.vivek91.017519.0833: MainProcess                     : MainThread     : INFO    : Load resource configurations from /home/vivek91/ves/paper-adap/local/lib/python2.7/site-packages/radical/pilot/configs/resource_chameleon.json
2017-12-18 23:25:01,967: rp.session.js-17-212.jetstream-cloud.org.vivek91.017519.0833: MainProcess                     : MainThread     : INFO    : Load resource configurations for chameleon.cloud_vm_yarn
2017-12-18 23:25:01,967: rp.session.js-17-212.jetstream-cloud.org.vivek91.017519.0833: MainProcess                     : MainThread     : INFO    : Load resource configurations from /home/vivek91/ves/paper-adap/local/lib/python2.7/site-packages/radical/pilot/configs/resource_epsrc.json
2017-12-18 23:25:01,970: rp.session.js-17-212.jetstream-cloud.org.vivek91.017519.0833: MainProcess                     : MainThread     : INFO    : Load resource configurations for epsrc.archer_orte
2017-12-18 23:25:01,970: rp.session.js-17-212.jetstream-cloud.org.vivek91.017519.0833: MainProcess                     : MainThread     : INFO    : Load resource configurations for epsrc.archer_aprun
2017-12-18 23:25:01,971: rp.session.js-17-212.jetstream-cloud.org.vivek91.017519.0833: MainProcess                     : MainThread     : INFO    : Load resource configurations from /home/vivek91/ves/paper-adap/local/lib/python2.7/site-packages/radical/pilot/configs/resource_futuregrid.json
2017-12-18 23:25:01,978: rp.session.js-17-212.jetstream-cloud.org.vivek91.017519.0833: MainProcess                     : MainThread     : INFO    : Load resource configurations for futuregrid.delta_ssh
2017-12-18 23:25:01,978: rp.session.js-17-212.jetstream-cloud.org.vivek91.017519.0833: MainProcess                     : MainThread     : INFO    : Load resource configurations for futuregrid.india_ssh
2017-12-18 23:25:01,979: rp.session.js-17-212.jetstream-cloud.org.vivek91.017519.0833: MainProcess                     : MainThread     : INFO    : Load resource configurations for futuregrid.echo_ssh
2017-12-18 23:25:01,979: rp.session.js-17-212.jetstream-cloud.org.vivek91.017519.0833: MainProcess                     : MainThread     : INFO    : Load resource configurations for futuregrid.xray_ccm
2017-12-18 23:25:01,979: rp.session.js-17-212.jetstream-cloud.org.vivek91.017519.0833: MainProcess                     : MainThread     : INFO    : Load resource configurations for futuregrid.bravo_ssh
2017-12-18 23:25:01,980: rp.session.js-17-212.jetstream-cloud.org.vivek91.017519.0833: MainProcess                     : MainThread     : INFO    : Load resource configurations for futuregrid.xray_aprun
2017-12-18 23:25:01,980: rp.session.js-17-212.jetstream-cloud.org.vivek91.017519.0833: MainProcess                     : MainThread     : INFO    : Load resource configurations from /home/vivek91/ves/paper-adap/local/lib/python2.7/site-packages/radical/pilot/configs/resource_local.json
2017-12-18 23:25:01,988: rp.session.js-17-212.jetstream-cloud.org.vivek91.017519.0833: MainProcess                     : MainThread     : INFO    : Load resource configurations for local.localhost_orte
2017-12-18 23:25:01,988: rp.session.js-17-212.jetstream-cloud.org.vivek91.017519.0833: MainProcess                     : MainThread     : INFO    : Load resource configurations for local.localhost_anaconda
2017-12-18 23:25:01,989: rp.session.js-17-212.jetstream-cloud.org.vivek91.017519.0833: MainProcess                     : MainThread     : INFO    : Load resource configurations for local.localhost_ortelib
2017-12-18 23:25:01,989: rp.session.js-17-212.jetstream-cloud.org.vivek91.017519.0833: MainProcess                     : MainThread     : INFO    : Load resource configurations for local.localhost
2017-12-18 23:25:01,989: rp.session.js-17-212.jetstream-cloud.org.vivek91.017519.0833: MainProcess                     : MainThread     : INFO    : Load resource configurations for local.localhost_spark
2017-12-18 23:25:01,989: rp.session.js-17-212.jetstream-cloud.org.vivek91.017519.0833: MainProcess                     : MainThread     : INFO    : Load resource configurations for local.localhost_spark_anaconda
2017-12-18 23:25:01,990: rp.session.js-17-212.jetstream-cloud.org.vivek91.017519.0833: MainProcess                     : MainThread     : INFO    : Load resource configurations for local.localhost_yarn
2017-12-18 23:25:01,990: rp.session.js-17-212.jetstream-cloud.org.vivek91.017519.0833: MainProcess                     : MainThread     : INFO    : Load resource configurations from /home/vivek91/ves/paper-adap/local/lib/python2.7/site-packages/radical/pilot/configs/resource_aliases.json
2017-12-18 23:25:01,990: rp.session.js-17-212.jetstream-cloud.org.vivek91.017519.0833: MainProcess                     : MainThread     : INFO    : Load resource configurations from /home/vivek91/ves/paper-adap/local/lib/python2.7/site-packages/radical/pilot/configs/resource_lrz.json
2017-12-18 23:25:01,992: rp.session.js-17-212.jetstream-cloud.org.vivek91.017519.0833: MainProcess                     : MainThread     : INFO    : Load resource configurations for lrz.supermuc_ssh
2017-12-18 23:25:01,992: rp.session.js-17-212.jetstream-cloud.org.vivek91.017519.0833: MainProcess                     : MainThread     : INFO    : Load resource configurations from /home/vivek91/ves/paper-adap/local/lib/python2.7/site-packages/radical/pilot/configs/resource_rice.json
2017-12-18 23:25:01,994: rp.session.js-17-212.jetstream-cloud.org.vivek91.017519.0833: MainProcess                     : MainThread     : INFO    : Load resource configurations for rice.davinci_ssh
2017-12-18 23:25:01,995: rp.session.js-17-212.jetstream-cloud.org.vivek91.017519.0833: MainProcess                     : MainThread     : INFO    : Load resource configurations for rice.biou_ssh
2017-12-18 23:25:01,995: rp.session.js-17-212.jetstream-cloud.org.vivek91.017519.0833: MainProcess                     : MainThread     : INFO    : Load resource configurations from /home/vivek91/ves/paper-adap/local/lib/python2.7/site-packages/radical/pilot/configs/resource_ncar.json
2017-12-18 23:25:01,996: rp.session.js-17-212.jetstream-cloud.org.vivek91.017519.0833: MainProcess                     : MainThread     : INFO    : Load resource configurations for ncar.yellowstone_ssh
2017-12-18 23:25:01,997: rp.session.js-17-212.jetstream-cloud.org.vivek91.017519.0833: MainProcess                     : MainThread     : INFO    : Load resource configurations from /home/vivek91/ves/paper-adap/local/lib/python2.7/site-packages/radical/pilot/configs/resource_das5.json
2017-12-18 23:25:01,998: rp.session.js-17-212.jetstream-cloud.org.vivek91.017519.0833: MainProcess                     : MainThread     : INFO    : Load resource configurations for das5.fs1_ssh
2017-12-18 23:25:01,998: rp.session.js-17-212.jetstream-cloud.org.vivek91.017519.0833: MainProcess                     : MainThread     : INFO    : Load resource configurations from /home/vivek91/ves/paper-adap/local/lib/python2.7/site-packages/radical/pilot/configs/resource_fub.json
2017-12-18 23:25:01,999: rp.session.js-17-212.jetstream-cloud.org.vivek91.017519.0833: MainProcess                     : MainThread     : INFO    : Load resource configurations for fub.allegro_rsh
2017-12-18 23:25:02,546: rp.session.js-17-212.jetstream-cloud.org.vivek91.017519.0833: MainProcess                     : MainThread     : INFO    : New Session created: rp.session.js-17-212.jetstream-cloud.org.vivek91.017519.0833.
2017-12-18 23:25:02,547: rp.session.js-17-212.jetstream-cloud.org.vivek91.017519.0833: MainProcess                     : MainThread     : DEBUG   : start bridges   : {u'control_pubsub': {u'bulk_size': 0, u'log_level': u'debug', u'stall_hwm': 1},
 u'log_pubsub': {u'bulk_size': 0, u'log_level': u'debug', u'stall_hwm': 1},
 u'state_pubsub': {u'bulk_size': 0, u'log_level': u'debug', u'stall_hwm': 1}}
2017-12-18 23:25:02,547: rp.session.js-17-212.jetstream-cloud.org.vivek91.017519.0833: MainProcess                     : MainThread     : INFO    : create bridge control_pubsub
2017-12-18 23:25:02,572: rp.session.js-17-212.jetstream-cloud.org.vivek91.017519.0833: MainProcess                     : MainThread     : INFO    : created bridge control_pubsub (control.pubsub.bridge.0000)
2017-12-18 23:25:02,572: rp.session.js-17-212.jetstream-cloud.org.vivek91.017519.0833: MainProcess                     : MainThread     : INFO    : create bridge state_pubsub
2017-12-18 23:25:02,590: rp.session.js-17-212.jetstream-cloud.org.vivek91.017519.0833: MainProcess                     : MainThread     : INFO    : created bridge state_pubsub (state.pubsub.bridge.0000)
2017-12-18 23:25:02,590: rp.session.js-17-212.jetstream-cloud.org.vivek91.017519.0833: MainProcess                     : MainThread     : INFO    : create bridge log_pubsub
2017-12-18 23:25:02,612: rp.session.js-17-212.jetstream-cloud.org.vivek91.017519.0833: MainProcess                     : MainThread     : INFO    : created bridge log_pubsub (log.pubsub.bridge.0000)
2017-12-18 23:25:02,613: rp.session.js-17-212.jetstream-cloud.org.vivek91.017519.0833: MainProcess                     : MainThread     : DEBUG   : start components: {u'UpdateWorker': {u'count': 1}}
2017-12-18 23:25:02,613: rp.session.js-17-212.jetstream-cloud.org.vivek91.017519.0833: MainProcess                     : MainThread     : DEBUG   : start 1 component(s) UpdateWorker
2017-12-18 23:25:05,085: rp.session.js-17-212.jetstream-cloud.org.vivek91.017519.0833: MainProcess                     : MainThread     : INFO    : rp.session.js-17-212.jetstream-cloud.org.vivek91.017519.0833 starts update.0
2017-12-18 23:25:08,682: rp.session.js-17-212.jetstream-cloud.org.vivek91.017519.0833: MainProcess                     : MainThread     : WARNING : using alias 'xsede.supermic_ssh' for deprecated resource key 'xsede.supermic'
2017-12-18 23:25:08,682: rp.session.js-17-212.jetstream-cloud.org.vivek91.017519.0833: MainProcess                     : MainThread     : WARNING : using alias 'xsede.supermic_ssh' for deprecated resource key 'xsede.supermic'
2017-12-18 23:25:08,683: rp.session.js-17-212.jetstream-cloud.org.vivek91.017519.0833: MainProcess                     : MainThread     : DEBUG   : rsup.PTYShell('gsissh://supermic.cct-lsu.xsede.org:2222/')
2017-12-18 23:25:17,046: rp.session.js-17-212.jetstream-cloud.org.vivek91.017519.0833: MainProcess                     : MainThread     : DEBUG   : sandbox base gsissh://supermic.cct-lsu.xsede.org:2222/: '/work/vivek91'
2017-12-18 23:25:17,198: rp.session.js-17-212.jetstream-cloud.org.vivek91.017519.0833: MainProcess                     : MainThread     : DEBUG   : bulk pilot insert result: {'nModified': 0, 'nUpserted': 0, 'nMatched': 0, 'writeErrors': [], 'upserted': [], 'writeConcernErrors': [], 'nRemoved': 0, 'nInserted': 1}
2017-12-18 23:25:17,203: rp.session.js-17-212.jetstream-cloud.org.vivek91.017519.0833: pmgr.0000.launching.0           : MainThread     : WARNING : using alias 'xsede.supermic_ssh' for deprecated resource key 'xsede.supermic'
2017-12-18 23:25:17,208: rp.session.js-17-212.jetstream-cloud.org.vivek91.017519.0833: pmgr.0000.launching.0           : MainThread     : WARNING : using alias 'xsede.supermic_ssh' for deprecated resource key 'xsede.supermic'
2017-12-18 23:25:17,208: rp.session.js-17-212.jetstream-cloud.org.vivek91.017519.0833: pmgr.0000.launching.0           : MainThread     : DEBUG   : rsup.PTYShell('gsissh://supermic.cct-lsu.xsede.org:2222/')
2017-12-18 23:25:22,927: rp.session.js-17-212.jetstream-cloud.org.vivek91.017519.0833: pmgr.0000.launching.0           : MainThread     : DEBUG   : sandbox base gsissh://supermic.cct-lsu.xsede.org:2222/: '/work/vivek91'
2017-12-18 23:26:24,979: rp.session.js-17-212.jetstream-cloud.org.vivek91.017519.0833: task-manager                    : MainThread     : DEBUG   : bulk unit insert result: {'nModified': 0, 'nUpserted': 0, 'nMatched': 0, 'writeErrors': [], 'upserted': [], 'writeConcernErrors': [], 'nRemoved': 0, 'nInserted': 1}
2017-12-18 23:28:30,277: rp.session.js-17-212.jetstream-cloud.org.vivek91.017519.0833: task-manager                    : MainThread     : DEBUG   : bulk unit insert result: {'nModified': 0, 'nUpserted': 0, 'nMatched': 0, 'writeErrors': [], 'upserted': [], 'writeConcernErrors': [], 'nRemoved': 0, 'nInserted': 1}
2017-12-18 23:30:35,467: rp.session.js-17-212.jetstream-cloud.org.vivek91.017519.0833: task-manager                    : MainThread     : DEBUG   : bulk unit insert result: {'nModified': 0, 'nUpserted': 0, 'nMatched': 0, 'writeErrors': [], 'upserted': [], 'writeConcernErrors': [], 'nRemoved': 0, 'nInserted': 1}
2017-12-18 23:33:00,787: rp.session.js-17-212.jetstream-cloud.org.vivek91.017519.0833: MainProcess                     : MainThread     : DEBUG   : session rp.session.js-17-212.jetstream-cloud.org.vivek91.017519.0833 closing
2017-12-18 23:33:00,787: rp.session.js-17-212.jetstream-cloud.org.vivek91.017519.0833: MainProcess                     : MainThread     : DEBUG   : session rp.session.js-17-212.jetstream-cloud.org.vivek91.017519.0833 closes pmgr   pmgr.0000
2017-12-18 23:33:03,431: rp.session.js-17-212.jetstream-cloud.org.vivek91.017519.0833: MainProcess                     : MainThread     : DEBUG   : session rp.session.js-17-212.jetstream-cloud.org.vivek91.017519.0833 closed pmgr   pmgr.0000
2017-12-18 23:33:03,432: rp.session.js-17-212.jetstream-cloud.org.vivek91.017519.0833: MainProcess                     : MainThread     : DEBUG   : session rp.session.js-17-212.jetstream-cloud.org.vivek91.017519.0833 closes comp   update.0
2017-12-18 23:33:03,432: rp.session.js-17-212.jetstream-cloud.org.vivek91.017519.0833: MainProcess                     : MainThread     : DEBUG   :  === update.0 stop called
2017-12-18 23:33:03,599: rp.session.js-17-212.jetstream-cloud.org.vivek91.017519.0833: update.0                        : MainThread     : DEBUG   :  === update.0.child stop called
2017-12-18 23:33:03,761: rp.session.js-17-212.jetstream-cloud.org.vivek91.017519.0833: update.0                        : MainThread     : DEBUG   :  === update.0.child stop called
2017-12-18 23:33:03,792: rp.session.js-17-212.jetstream-cloud.org.vivek91.017519.0833: MainProcess                     : MainThread     : DEBUG   : session rp.session.js-17-212.jetstream-cloud.org.vivek91.017519.0833 closed comp   update.0
2017-12-18 23:33:03,792: rp.session.js-17-212.jetstream-cloud.org.vivek91.017519.0833: MainProcess                     : MainThread     : DEBUG   : session rp.session.js-17-212.jetstream-cloud.org.vivek91.017519.0833 closes bridge control.pubsub.bridge.0000
2017-12-18 23:33:04,776: rp.session.js-17-212.jetstream-cloud.org.vivek91.017519.0833: MainProcess                     : MainThread     : DEBUG   : session rp.session.js-17-212.jetstream-cloud.org.vivek91.017519.0833 closed bridge control.pubsub.bridge.0000
2017-12-18 23:33:04,776: rp.session.js-17-212.jetstream-cloud.org.vivek91.017519.0833: MainProcess                     : MainThread     : DEBUG   : session rp.session.js-17-212.jetstream-cloud.org.vivek91.017519.0833 closes bridge state.pubsub.bridge.0000
2017-12-18 23:33:05,798: rp.session.js-17-212.jetstream-cloud.org.vivek91.017519.0833: MainProcess                     : MainThread     : DEBUG   : session rp.session.js-17-212.jetstream-cloud.org.vivek91.017519.0833 closed bridge state.pubsub.bridge.0000
2017-12-18 23:33:05,798: rp.session.js-17-212.jetstream-cloud.org.vivek91.017519.0833: MainProcess                     : MainThread     : DEBUG   : session rp.session.js-17-212.jetstream-cloud.org.vivek91.017519.0833 closes bridge log.pubsub.bridge.0000
2017-12-18 23:33:06,631: rp.session.js-17-212.jetstream-cloud.org.vivek91.017519.0833: MainProcess                     : MainThread     : DEBUG   : session rp.session.js-17-212.jetstream-cloud.org.vivek91.017519.0833 closed bridge log.pubsub.bridge.0000
2017-12-18 23:33:06,631: rp.session.js-17-212.jetstream-cloud.org.vivek91.017519.0833: MainProcess                     : MainThread     : DEBUG   : session rp.session.js-17-212.jetstream-cloud.org.vivek91.017519.0833 closes db (False)
2017-12-18 23:33:06,632: rp.session.js-17-212.jetstream-cloud.org.vivek91.017519.0833: MainProcess                     : MainThread     : DEBUG   : session rp.session.js-17-212.jetstream-cloud.org.vivek91.017519.0833 closed (delete=False)
2017-12-18 23:33:06,646: rp.session.js-17-212.jetstream-cloud.org.vivek91.017519.0833: MainProcess                     : MainThread     : DEBUG   :  === update.0 stop called
