2018-01-29 14:04:32,497: log.pubsub.pub.0005 : umgr.0000.scheduling.0          : MainThread     : INFO    : python.interpreter   version: 2.7.6 (default, Jun 22 2015, 17:58:13) [GCC 4.8.2]
2018-01-29 14:04:32,498: log.pubsub.pub.0005 : umgr.0000.scheduling.0          : MainThread     : INFO    :                      pid: 3688
2018-01-29 14:04:32,498: log.pubsub.pub.0005 : umgr.0000.scheduling.0          : MainThread     : INFO    :                      tid: MainThread
2018-01-29 14:04:32,498: log.pubsub.pub.0005 : umgr.0000.scheduling.0          : MainThread     : INFO    : radical.pilot        version: 0.47.1
2018-01-29 14:04:32,498: log.pubsub.pub.0005 : umgr.0000.scheduling.0          : MainThread     : INFO    : create log_pubsub - pub - tcp://172.29.241.4:40490
2018-01-29 14:04:32,499: log.pubsub.pub.0005 : umgr.0000.scheduling.0          : MainThread     : DEBUG   : start process
2018-01-29 14:04:32,499: log.pubsub.pub.0005 : umgr.0000.scheduling.0          : MainThread     : DEBUG   : ru_initialize_common (NOOP)
2018-01-29 14:04:32,499: log.pubsub.pub.0005 : umgr.0000.scheduling.0          : MainThread     : DEBUG   : ru_initialize_parent (NOOP)
2018-01-29 14:04:32,499: log.pubsub.pub.0005 : umgr.0000.scheduling.0          : MainThread     : DEBUG   : process class started (no child)
2018-01-29 14:04:32,535: log.pubsub.pub.0005 : task-manager                    : MainThread     : INFO    : python.interpreter   version: 2.7.6 (default, Jun 22 2015, 17:58:13) [GCC 4.8.2]
2018-01-29 14:04:32,535: log.pubsub.pub.0005 : task-manager                    : MainThread     : INFO    :                      pid: 3609
2018-01-29 14:04:32,535: log.pubsub.pub.0005 : task-manager                    : MainThread     : INFO    :                      tid: MainThread
2018-01-29 14:04:32,535: log.pubsub.pub.0005 : task-manager                    : MainThread     : INFO    : radical.pilot        version: 0.47.1
2018-01-29 14:04:32,535: log.pubsub.pub.0005 : task-manager                    : MainThread     : INFO    : create log_pubsub - pub - tcp://172.29.241.4:40490
2018-01-29 14:04:32,536: log.pubsub.pub.0005 : task-manager                    : MainThread     : DEBUG   : start process
2018-01-29 14:04:32,536: log.pubsub.pub.0005 : task-manager                    : MainThread     : DEBUG   : ru_initialize_common (NOOP)
2018-01-29 14:04:32,536: log.pubsub.pub.0005 : task-manager                    : MainThread     : DEBUG   : ru_initialize_parent (NOOP)
2018-01-29 14:04:32,536: log.pubsub.pub.0005 : task-manager                    : MainThread     : DEBUG   : process class started (no child)
2018-01-29 18:41:18,438: log.pubsub.pub.0005 : umgr.0000.scheduling.0          : MainThread     : INFO    : parent stops child  3688 -> None [log.pubsub.pub.0005]
2018-01-29 18:41:18,439: log.pubsub.pub.0005 : umgr.0000.scheduling.0          : MainThread     : DEBUG   : ru_finalize_parent (NOOP)
