2018-01-29 14:03:26,110: log.pubsub.pub.0000 : update.0                        : MainThread     : INFO    : python.interpreter   version: 2.7.6 (default, Jun 22 2015, 17:58:13) [GCC 4.8.2]
2018-01-29 14:03:26,110: log.pubsub.pub.0000 : update.0                        : MainThread     : INFO    :                      pid: 3125
2018-01-29 14:03:26,111: log.pubsub.pub.0000 : update.0                        : MainThread     : INFO    :                      tid: MainThread
2018-01-29 14:03:26,111: log.pubsub.pub.0000 : update.0                        : MainThread     : INFO    : radical.pilot        version: 0.47.1
2018-01-29 14:03:26,111: log.pubsub.pub.0000 : update.0                        : MainThread     : INFO    : create log_pubsub - pub - tcp://172.29.241.4:40490
2018-01-29 14:03:26,111: log.pubsub.pub.0000 : update.0                        : MainThread     : DEBUG   : start process
2018-01-29 14:03:26,112: log.pubsub.pub.0000 : update.0                        : MainThread     : DEBUG   : ru_initialize_common (NOOP)
2018-01-29 14:03:26,112: log.pubsub.pub.0000 : update.0                        : MainThread     : DEBUG   : ru_initialize_parent (NOOP)
2018-01-29 14:03:26,112: log.pubsub.pub.0000 : update.0                        : MainThread     : DEBUG   : process class started (no child)
2018-01-29 14:03:26,395: log.pubsub.pub.0000 : MainProcess                     : MainThread     : INFO    : python.interpreter   version: 2.7.6 (default, Jun 22 2015, 17:58:13) [GCC 4.8.2]
2018-01-29 14:03:26,396: log.pubsub.pub.0000 : MainProcess                     : MainThread     : INFO    :                      pid: 3075
2018-01-29 14:03:26,396: log.pubsub.pub.0000 : MainProcess                     : MainThread     : INFO    :                      tid: MainThread
2018-01-29 14:03:26,396: log.pubsub.pub.0000 : MainProcess                     : MainThread     : INFO    : radical.pilot        version: 0.47.1
2018-01-29 14:03:26,396: log.pubsub.pub.0000 : MainProcess                     : MainThread     : INFO    : create log_pubsub - pub - tcp://172.29.241.4:40490
2018-01-29 14:03:26,399: log.pubsub.pub.0000 : MainProcess                     : MainThread     : DEBUG   : start process
2018-01-29 14:03:26,399: log.pubsub.pub.0000 : MainProcess                     : MainThread     : DEBUG   : ru_initialize_common (NOOP)
2018-01-29 14:03:26,399: log.pubsub.pub.0000 : MainProcess                     : MainThread     : DEBUG   : ru_initialize_parent (NOOP)
2018-01-29 14:03:26,399: log.pubsub.pub.0000 : MainProcess                     : MainThread     : DEBUG   : process class started (no child)
2018-01-29 18:41:32,824: log.pubsub.pub.0000 : MainProcess                     : MainThread     : INFO    : parent stops child  3075 -> None [log.pubsub.pub.0000]
2018-01-29 18:41:32,824: log.pubsub.pub.0000 : MainProcess                     : MainThread     : DEBUG   : ru_finalize_parent (NOOP)
2018-01-29 18:41:33,089: log.pubsub.pub.0000 : update.0                        : MainThread     : INFO    : parent stops child  3125 -> None [log.pubsub.pub.0000]
2018-01-29 18:41:33,089: log.pubsub.pub.0000 : update.0                        : MainThread     : DEBUG   : ru_finalize_parent (NOOP)
