2018-01-29 14:04:31,352: state.pubsub.pub.0004: umgr.0000.staging.output.0      : MainThread     : INFO    : python.interpreter   version: 2.7.6 (default, Jun 22 2015, 17:58:13) [GCC 4.8.2]
2018-01-29 14:04:31,352: state.pubsub.pub.0004: umgr.0000.staging.output.0      : MainThread     : INFO    :                      pid: 3664
2018-01-29 14:04:31,352: state.pubsub.pub.0004: umgr.0000.staging.output.0      : MainThread     : INFO    :                      tid: MainThread
2018-01-29 14:04:31,352: state.pubsub.pub.0004: umgr.0000.staging.output.0      : MainThread     : INFO    : radical.pilot        version: 0.47.1
2018-01-29 14:04:31,352: state.pubsub.pub.0004: umgr.0000.staging.output.0      : MainThread     : INFO    : create state_pubsub - pub - tcp://172.29.241.4:45434
2018-01-29 14:04:31,353: state.pubsub.pub.0004: umgr.0000.staging.output.0      : MainThread     : DEBUG   : start process
2018-01-29 14:04:31,353: state.pubsub.pub.0004: umgr.0000.staging.output.0      : MainThread     : DEBUG   : ru_initialize_common (NOOP)
2018-01-29 14:04:31,354: state.pubsub.pub.0004: umgr.0000.staging.output.0      : MainThread     : DEBUG   : ru_initialize_parent (NOOP)
2018-01-29 14:04:31,354: state.pubsub.pub.0004: umgr.0000.staging.output.0      : MainThread     : DEBUG   : process class started (no child)
2018-01-29 14:04:31,392: state.pubsub.pub.0004: task-manager                    : MainThread     : INFO    : python.interpreter   version: 2.7.6 (default, Jun 22 2015, 17:58:13) [GCC 4.8.2]
2018-01-29 14:04:31,393: state.pubsub.pub.0004: task-manager                    : MainThread     : INFO    :                      pid: 3609
2018-01-29 14:04:31,393: state.pubsub.pub.0004: task-manager                    : MainThread     : INFO    :                      tid: MainThread
2018-01-29 14:04:31,393: state.pubsub.pub.0004: task-manager                    : MainThread     : INFO    : radical.pilot        version: 0.47.1
2018-01-29 14:04:31,393: state.pubsub.pub.0004: task-manager                    : MainThread     : INFO    : create state_pubsub - pub - tcp://172.29.241.4:45434
2018-01-29 14:04:31,394: state.pubsub.pub.0004: task-manager                    : MainThread     : DEBUG   : start process
2018-01-29 14:04:31,394: state.pubsub.pub.0004: task-manager                    : MainThread     : DEBUG   : ru_initialize_common (NOOP)
2018-01-29 14:04:31,394: state.pubsub.pub.0004: task-manager                    : MainThread     : DEBUG   : ru_initialize_parent (NOOP)
2018-01-29 14:04:31,395: state.pubsub.pub.0004: task-manager                    : MainThread     : DEBUG   : process class started (no child)
2018-01-29 18:41:18,624: state.pubsub.pub.0004: umgr.0000.staging.output.0      : MainThread     : INFO    : parent stops child  3664 -> None [state.pubsub.pub.0004]
2018-01-29 18:41:18,624: state.pubsub.pub.0004: umgr.0000.staging.output.0      : MainThread     : DEBUG   : ru_finalize_parent (NOOP)
