2018-01-29 14:04:30,801: umgr.staging.input.queue.bridge.0000.child: umgr.staging.input.queue.bridge.0000.child: MainThread     : INFO    : python.interpreter   version: 2.7.6 (default, Jun 22 2015, 17:58:13) [GCC 4.8.2]
2018-01-29 14:04:30,801: umgr.staging.input.queue.bridge.0000.child: umgr.staging.input.queue.bridge.0000.child: MainThread     : INFO    :                      pid: 3617
2018-01-29 14:04:30,801: umgr.staging.input.queue.bridge.0000.child: umgr.staging.input.queue.bridge.0000.child: MainThread     : INFO    :                      tid: MainThread
2018-01-29 14:04:30,802: umgr.staging.input.queue.bridge.0000.child: umgr.staging.input.queue.bridge.0000.child: MainThread     : INFO    : radical.pilot        version: 0.47.1
2018-01-29 14:04:30,802: umgr.staging.input.queue.bridge.0000.child: umgr.staging.input.queue.bridge.0000.child: MainThread     : INFO    : start bridge umgr.staging.input.queue.bridge.0000.child on tcp://*:*
2018-01-29 14:04:30,803: umgr.staging.input.queue.bridge.0000.child: umgr.staging.input.queue.bridge.0000.child: MainThread     : INFO    : bound bridge umgr.staging.input.queue.bridge.0000.child to tcp://0.0.0.0:54204 : tcp://0.0.0.0:48674
2018-01-29 14:04:32,895: umgr.staging.input.queue.bridge.0000.child: umgr.staging.input.queue.bridge.0000.child: MainThread     : DEBUG   : sent  1 [hwm: 1]
2018-01-29 14:05:36,812: umgr.staging.input.queue.bridge.0000.child: umgr.staging.input.queue.bridge.0000.child: MainThread     : DEBUG   : sent  1 [hwm: 1]
2018-01-29 14:06:41,580: umgr.staging.input.queue.bridge.0000.child: umgr.staging.input.queue.bridge.0000.child: MainThread     : DEBUG   : sent  1 [hwm: 1]
2018-01-29 14:07:46,460: umgr.staging.input.queue.bridge.0000.child: umgr.staging.input.queue.bridge.0000.child: MainThread     : DEBUG   : sent  1 [hwm: 1]
2018-01-29 14:08:51,208: umgr.staging.input.queue.bridge.0000.child: umgr.staging.input.queue.bridge.0000.child: MainThread     : DEBUG   : sent  1 [hwm: 1]
2018-01-29 14:09:55,138: umgr.staging.input.queue.bridge.0000.child: umgr.staging.input.queue.bridge.0000.child: MainThread     : DEBUG   : sent  1 [hwm: 1]
2018-01-29 14:10:59,909: umgr.staging.input.queue.bridge.0000.child: umgr.staging.input.queue.bridge.0000.child: MainThread     : DEBUG   : sent  1 [hwm: 1]
2018-01-29 14:12:05,216: umgr.staging.input.queue.bridge.0000.child: umgr.staging.input.queue.bridge.0000.child: MainThread     : DEBUG   : sent  1 [hwm: 1]
2018-01-29 14:13:10,975: umgr.staging.input.queue.bridge.0000.child: umgr.staging.input.queue.bridge.0000.child: MainThread     : DEBUG   : sent  1 [hwm: 1]
2018-01-29 14:14:15,240: umgr.staging.input.queue.bridge.0000.child: umgr.staging.input.queue.bridge.0000.child: MainThread     : DEBUG   : sent  1 [hwm: 1]
2018-01-29 14:15:20,616: umgr.staging.input.queue.bridge.0000.child: umgr.staging.input.queue.bridge.0000.child: MainThread     : DEBUG   : sent  1 [hwm: 1]
2018-01-29 14:16:25,929: umgr.staging.input.queue.bridge.0000.child: umgr.staging.input.queue.bridge.0000.child: MainThread     : DEBUG   : sent  1 [hwm: 1]
2018-01-29 14:17:31,289: umgr.staging.input.queue.bridge.0000.child: umgr.staging.input.queue.bridge.0000.child: MainThread     : DEBUG   : sent  1 [hwm: 1]
2018-01-29 14:18:36,679: umgr.staging.input.queue.bridge.0000.child: umgr.staging.input.queue.bridge.0000.child: MainThread     : DEBUG   : sent  1 [hwm: 1]
2018-01-29 14:19:41,952: umgr.staging.input.queue.bridge.0000.child: umgr.staging.input.queue.bridge.0000.child: MainThread     : DEBUG   : sent  1 [hwm: 1]
2018-01-29 14:20:47,322: umgr.staging.input.queue.bridge.0000.child: umgr.staging.input.queue.bridge.0000.child: MainThread     : DEBUG   : sent  1 [hwm: 1]
2018-01-29 14:21:51,674: umgr.staging.input.queue.bridge.0000.child: umgr.staging.input.queue.bridge.0000.child: MainThread     : DEBUG   : sent  1 [hwm: 1]
2018-01-29 14:22:55,943: umgr.staging.input.queue.bridge.0000.child: umgr.staging.input.queue.bridge.0000.child: MainThread     : DEBUG   : sent  1 [hwm: 1]
2018-01-29 14:24:00,735: umgr.staging.input.queue.bridge.0000.child: umgr.staging.input.queue.bridge.0000.child: MainThread     : DEBUG   : sent  1 [hwm: 1]
2018-01-29 14:25:05,475: umgr.staging.input.queue.bridge.0000.child: umgr.staging.input.queue.bridge.0000.child: MainThread     : DEBUG   : sent  1 [hwm: 1]
2018-01-29 14:26:09,139: umgr.staging.input.queue.bridge.0000.child: umgr.staging.input.queue.bridge.0000.child: MainThread     : DEBUG   : sent  1 [hwm: 1]
2018-01-29 14:27:13,899: umgr.staging.input.queue.bridge.0000.child: umgr.staging.input.queue.bridge.0000.child: MainThread     : DEBUG   : sent  1 [hwm: 1]
2018-01-29 14:28:18,568: umgr.staging.input.queue.bridge.0000.child: umgr.staging.input.queue.bridge.0000.child: MainThread     : DEBUG   : sent  1 [hwm: 1]
2018-01-29 14:29:23,310: umgr.staging.input.queue.bridge.0000.child: umgr.staging.input.queue.bridge.0000.child: MainThread     : DEBUG   : sent  1 [hwm: 1]
2018-01-29 14:30:28,060: umgr.staging.input.queue.bridge.0000.child: umgr.staging.input.queue.bridge.0000.child: MainThread     : DEBUG   : sent  1 [hwm: 1]
2018-01-29 14:31:33,999: umgr.staging.input.queue.bridge.0000.child: umgr.staging.input.queue.bridge.0000.child: MainThread     : DEBUG   : sent  1 [hwm: 1]
2018-01-29 14:32:38,709: umgr.staging.input.queue.bridge.0000.child: umgr.staging.input.queue.bridge.0000.child: MainThread     : DEBUG   : sent  1 [hwm: 1]
2018-01-29 14:33:43,629: umgr.staging.input.queue.bridge.0000.child: umgr.staging.input.queue.bridge.0000.child: MainThread     : DEBUG   : sent  1 [hwm: 1]
2018-01-29 14:34:48,434: umgr.staging.input.queue.bridge.0000.child: umgr.staging.input.queue.bridge.0000.child: MainThread     : DEBUG   : sent  1 [hwm: 1]
2018-01-29 14:35:52,108: umgr.staging.input.queue.bridge.0000.child: umgr.staging.input.queue.bridge.0000.child: MainThread     : DEBUG   : sent  1 [hwm: 1]
2018-01-29 14:36:56,931: umgr.staging.input.queue.bridge.0000.child: umgr.staging.input.queue.bridge.0000.child: MainThread     : DEBUG   : sent  1 [hwm: 1]
2018-01-29 14:38:01,690: umgr.staging.input.queue.bridge.0000.child: umgr.staging.input.queue.bridge.0000.child: MainThread     : DEBUG   : sent  1 [hwm: 1]
2018-01-29 14:39:06,559: umgr.staging.input.queue.bridge.0000.child: umgr.staging.input.queue.bridge.0000.child: MainThread     : DEBUG   : sent  1 [hwm: 1]
2018-01-29 14:40:12,436: umgr.staging.input.queue.bridge.0000.child: umgr.staging.input.queue.bridge.0000.child: MainThread     : DEBUG   : sent  1 [hwm: 1]
2018-01-29 14:41:17,160: umgr.staging.input.queue.bridge.0000.child: umgr.staging.input.queue.bridge.0000.child: MainThread     : DEBUG   : sent  1 [hwm: 1]
2018-01-29 14:42:21,901: umgr.staging.input.queue.bridge.0000.child: umgr.staging.input.queue.bridge.0000.child: MainThread     : DEBUG   : sent  1 [hwm: 1]
2018-01-29 14:43:26,690: umgr.staging.input.queue.bridge.0000.child: umgr.staging.input.queue.bridge.0000.child: MainThread     : DEBUG   : sent  1 [hwm: 1]
2018-01-29 14:44:31,504: umgr.staging.input.queue.bridge.0000.child: umgr.staging.input.queue.bridge.0000.child: MainThread     : DEBUG   : sent  1 [hwm: 1]
2018-01-29 14:45:36,284: umgr.staging.input.queue.bridge.0000.child: umgr.staging.input.queue.bridge.0000.child: MainThread     : DEBUG   : sent  1 [hwm: 1]
2018-01-29 14:46:41,137: umgr.staging.input.queue.bridge.0000.child: umgr.staging.input.queue.bridge.0000.child: MainThread     : DEBUG   : sent  1 [hwm: 1]
2018-01-29 14:47:44,958: umgr.staging.input.queue.bridge.0000.child: umgr.staging.input.queue.bridge.0000.child: MainThread     : DEBUG   : sent  1 [hwm: 1]
2018-01-29 14:48:50,069: umgr.staging.input.queue.bridge.0000.child: umgr.staging.input.queue.bridge.0000.child: MainThread     : DEBUG   : sent  1 [hwm: 1]
2018-01-29 14:49:54,098: umgr.staging.input.queue.bridge.0000.child: umgr.staging.input.queue.bridge.0000.child: MainThread     : DEBUG   : sent  1 [hwm: 1]
2018-01-29 14:50:58,130: umgr.staging.input.queue.bridge.0000.child: umgr.staging.input.queue.bridge.0000.child: MainThread     : DEBUG   : sent  1 [hwm: 1]
2018-01-29 14:52:02,175: umgr.staging.input.queue.bridge.0000.child: umgr.staging.input.queue.bridge.0000.child: MainThread     : DEBUG   : sent  1 [hwm: 1]
2018-01-29 14:53:06,535: umgr.staging.input.queue.bridge.0000.child: umgr.staging.input.queue.bridge.0000.child: MainThread     : DEBUG   : sent  1 [hwm: 1]
2018-01-29 14:54:11,734: umgr.staging.input.queue.bridge.0000.child: umgr.staging.input.queue.bridge.0000.child: MainThread     : DEBUG   : sent  1 [hwm: 1]
2018-01-29 14:55:16,858: umgr.staging.input.queue.bridge.0000.child: umgr.staging.input.queue.bridge.0000.child: MainThread     : DEBUG   : sent  1 [hwm: 1]
2018-01-29 14:56:21,991: umgr.staging.input.queue.bridge.0000.child: umgr.staging.input.queue.bridge.0000.child: MainThread     : DEBUG   : sent  1 [hwm: 1]
2018-01-29 14:57:27,273: umgr.staging.input.queue.bridge.0000.child: umgr.staging.input.queue.bridge.0000.child: MainThread     : DEBUG   : sent  1 [hwm: 1]
2018-01-29 14:58:31,362: umgr.staging.input.queue.bridge.0000.child: umgr.staging.input.queue.bridge.0000.child: MainThread     : DEBUG   : sent  1 [hwm: 1]
2018-01-29 14:59:35,595: umgr.staging.input.queue.bridge.0000.child: umgr.staging.input.queue.bridge.0000.child: MainThread     : DEBUG   : sent  1 [hwm: 1]
2018-01-29 15:00:39,790: umgr.staging.input.queue.bridge.0000.child: umgr.staging.input.queue.bridge.0000.child: MainThread     : DEBUG   : sent  1 [hwm: 1]
2018-01-29 15:01:43,268: umgr.staging.input.queue.bridge.0000.child: umgr.staging.input.queue.bridge.0000.child: MainThread     : DEBUG   : sent  1 [hwm: 1]
2018-01-29 15:02:49,022: umgr.staging.input.queue.bridge.0000.child: umgr.staging.input.queue.bridge.0000.child: MainThread     : DEBUG   : sent  1 [hwm: 1]
2018-01-29 15:03:53,253: umgr.staging.input.queue.bridge.0000.child: umgr.staging.input.queue.bridge.0000.child: MainThread     : DEBUG   : sent  1 [hwm: 1]
2018-01-29 15:04:58,259: umgr.staging.input.queue.bridge.0000.child: umgr.staging.input.queue.bridge.0000.child: MainThread     : DEBUG   : sent  1 [hwm: 1]
2018-01-29 15:06:02,909: umgr.staging.input.queue.bridge.0000.child: umgr.staging.input.queue.bridge.0000.child: MainThread     : DEBUG   : sent  1 [hwm: 1]
2018-01-29 15:07:07,566: umgr.staging.input.queue.bridge.0000.child: umgr.staging.input.queue.bridge.0000.child: MainThread     : DEBUG   : sent  1 [hwm: 1]
2018-01-29 15:08:11,806: umgr.staging.input.queue.bridge.0000.child: umgr.staging.input.queue.bridge.0000.child: MainThread     : DEBUG   : sent  1 [hwm: 1]
2018-01-29 15:09:15,619: umgr.staging.input.queue.bridge.0000.child: umgr.staging.input.queue.bridge.0000.child: MainThread     : DEBUG   : sent  1 [hwm: 1]
2018-01-29 15:10:20,138: umgr.staging.input.queue.bridge.0000.child: umgr.staging.input.queue.bridge.0000.child: MainThread     : DEBUG   : sent  1 [hwm: 1]
2018-01-29 15:11:24,439: umgr.staging.input.queue.bridge.0000.child: umgr.staging.input.queue.bridge.0000.child: MainThread     : DEBUG   : sent  1 [hwm: 1]
2018-01-29 15:12:29,990: umgr.staging.input.queue.bridge.0000.child: umgr.staging.input.queue.bridge.0000.child: MainThread     : DEBUG   : sent  1 [hwm: 1]
2018-01-29 15:13:34,809: umgr.staging.input.queue.bridge.0000.child: umgr.staging.input.queue.bridge.0000.child: MainThread     : DEBUG   : sent  1 [hwm: 1]
2018-01-29 15:14:39,215: umgr.staging.input.queue.bridge.0000.child: umgr.staging.input.queue.bridge.0000.child: MainThread     : DEBUG   : sent  1 [hwm: 1]
2018-01-29 15:15:43,603: umgr.staging.input.queue.bridge.0000.child: umgr.staging.input.queue.bridge.0000.child: MainThread     : DEBUG   : sent  1 [hwm: 1]
2018-01-29 15:16:48,011: umgr.staging.input.queue.bridge.0000.child: umgr.staging.input.queue.bridge.0000.child: MainThread     : DEBUG   : sent  1 [hwm: 1]
2018-01-29 15:17:52,845: umgr.staging.input.queue.bridge.0000.child: umgr.staging.input.queue.bridge.0000.child: MainThread     : DEBUG   : sent  1 [hwm: 1]
2018-01-29 15:18:58,449: umgr.staging.input.queue.bridge.0000.child: umgr.staging.input.queue.bridge.0000.child: MainThread     : DEBUG   : sent  1 [hwm: 1]
2018-01-29 15:20:02,974: umgr.staging.input.queue.bridge.0000.child: umgr.staging.input.queue.bridge.0000.child: MainThread     : DEBUG   : sent  1 [hwm: 1]
2018-01-29 15:21:07,585: umgr.staging.input.queue.bridge.0000.child: umgr.staging.input.queue.bridge.0000.child: MainThread     : DEBUG   : sent  1 [hwm: 1]
2018-01-29 15:22:11,123: umgr.staging.input.queue.bridge.0000.child: umgr.staging.input.queue.bridge.0000.child: MainThread     : DEBUG   : sent  1 [hwm: 1]
2018-01-29 15:23:16,036: umgr.staging.input.queue.bridge.0000.child: umgr.staging.input.queue.bridge.0000.child: MainThread     : DEBUG   : sent  1 [hwm: 1]
2018-01-29 15:24:21,688: umgr.staging.input.queue.bridge.0000.child: umgr.staging.input.queue.bridge.0000.child: MainThread     : DEBUG   : sent  1 [hwm: 1]
2018-01-29 15:25:26,135: umgr.staging.input.queue.bridge.0000.child: umgr.staging.input.queue.bridge.0000.child: MainThread     : DEBUG   : sent  1 [hwm: 1]
2018-01-29 15:26:30,595: umgr.staging.input.queue.bridge.0000.child: umgr.staging.input.queue.bridge.0000.child: MainThread     : DEBUG   : sent  1 [hwm: 1]
2018-01-29 15:27:35,504: umgr.staging.input.queue.bridge.0000.child: umgr.staging.input.queue.bridge.0000.child: MainThread     : DEBUG   : sent  1 [hwm: 1]
2018-01-29 15:28:39,967: umgr.staging.input.queue.bridge.0000.child: umgr.staging.input.queue.bridge.0000.child: MainThread     : DEBUG   : sent  1 [hwm: 1]
2018-01-29 15:29:43,400: umgr.staging.input.queue.bridge.0000.child: umgr.staging.input.queue.bridge.0000.child: MainThread     : DEBUG   : sent  1 [hwm: 1]
2018-01-29 15:30:48,946: umgr.staging.input.queue.bridge.0000.child: umgr.staging.input.queue.bridge.0000.child: MainThread     : DEBUG   : sent  1 [hwm: 1]
2018-01-29 15:31:54,639: umgr.staging.input.queue.bridge.0000.child: umgr.staging.input.queue.bridge.0000.child: MainThread     : DEBUG   : sent  1 [hwm: 1]
2018-01-29 15:32:59,157: umgr.staging.input.queue.bridge.0000.child: umgr.staging.input.queue.bridge.0000.child: MainThread     : DEBUG   : sent  1 [hwm: 1]
2018-01-29 15:34:02,482: umgr.staging.input.queue.bridge.0000.child: umgr.staging.input.queue.bridge.0000.child: MainThread     : DEBUG   : sent  1 [hwm: 1]
2018-01-29 15:35:06,956: umgr.staging.input.queue.bridge.0000.child: umgr.staging.input.queue.bridge.0000.child: MainThread     : DEBUG   : sent  1 [hwm: 1]
2018-01-29 15:36:12,670: umgr.staging.input.queue.bridge.0000.child: umgr.staging.input.queue.bridge.0000.child: MainThread     : DEBUG   : sent  1 [hwm: 1]
2018-01-29 15:37:17,222: umgr.staging.input.queue.bridge.0000.child: umgr.staging.input.queue.bridge.0000.child: MainThread     : DEBUG   : sent  1 [hwm: 1]
2018-01-29 15:38:20,546: umgr.staging.input.queue.bridge.0000.child: umgr.staging.input.queue.bridge.0000.child: MainThread     : DEBUG   : sent  1 [hwm: 1]
2018-01-29 15:39:25,046: umgr.staging.input.queue.bridge.0000.child: umgr.staging.input.queue.bridge.0000.child: MainThread     : DEBUG   : sent  1 [hwm: 1]
2018-01-29 15:40:29,564: umgr.staging.input.queue.bridge.0000.child: umgr.staging.input.queue.bridge.0000.child: MainThread     : DEBUG   : sent  1 [hwm: 1]
2018-01-29 15:41:33,002: umgr.staging.input.queue.bridge.0000.child: umgr.staging.input.queue.bridge.0000.child: MainThread     : DEBUG   : sent  1 [hwm: 1]
2018-01-29 15:42:38,618: umgr.staging.input.queue.bridge.0000.child: umgr.staging.input.queue.bridge.0000.child: MainThread     : DEBUG   : sent  1 [hwm: 1]
2018-01-29 15:43:43,319: umgr.staging.input.queue.bridge.0000.child: umgr.staging.input.queue.bridge.0000.child: MainThread     : DEBUG   : sent  1 [hwm: 1]
2018-01-29 15:44:48,878: umgr.staging.input.queue.bridge.0000.child: umgr.staging.input.queue.bridge.0000.child: MainThread     : DEBUG   : sent  1 [hwm: 1]
2018-01-29 15:45:53,438: umgr.staging.input.queue.bridge.0000.child: umgr.staging.input.queue.bridge.0000.child: MainThread     : DEBUG   : sent  1 [hwm: 1]
2018-01-29 15:46:58,097: umgr.staging.input.queue.bridge.0000.child: umgr.staging.input.queue.bridge.0000.child: MainThread     : DEBUG   : sent  1 [hwm: 1]
2018-01-29 15:48:02,731: umgr.staging.input.queue.bridge.0000.child: umgr.staging.input.queue.bridge.0000.child: MainThread     : DEBUG   : sent  1 [hwm: 1]
2018-01-29 15:49:07,309: umgr.staging.input.queue.bridge.0000.child: umgr.staging.input.queue.bridge.0000.child: MainThread     : DEBUG   : sent  1 [hwm: 1]
2018-01-29 15:50:12,065: umgr.staging.input.queue.bridge.0000.child: umgr.staging.input.queue.bridge.0000.child: MainThread     : DEBUG   : sent  1 [hwm: 1]
2018-01-29 15:51:16,952: umgr.staging.input.queue.bridge.0000.child: umgr.staging.input.queue.bridge.0000.child: MainThread     : DEBUG   : sent  1 [hwm: 1]
2018-01-29 15:52:22,071: umgr.staging.input.queue.bridge.0000.child: umgr.staging.input.queue.bridge.0000.child: MainThread     : DEBUG   : sent  1 [hwm: 1]
2018-01-29 15:53:27,795: umgr.staging.input.queue.bridge.0000.child: umgr.staging.input.queue.bridge.0000.child: MainThread     : DEBUG   : sent  1 [hwm: 1]
2018-01-29 15:54:32,560: umgr.staging.input.queue.bridge.0000.child: umgr.staging.input.queue.bridge.0000.child: MainThread     : DEBUG   : sent  1 [hwm: 1]
2018-01-29 15:55:37,170: umgr.staging.input.queue.bridge.0000.child: umgr.staging.input.queue.bridge.0000.child: MainThread     : DEBUG   : sent  1 [hwm: 1]
2018-01-29 15:56:40,851: umgr.staging.input.queue.bridge.0000.child: umgr.staging.input.queue.bridge.0000.child: MainThread     : DEBUG   : sent  1 [hwm: 1]
2018-01-29 15:57:45,416: umgr.staging.input.queue.bridge.0000.child: umgr.staging.input.queue.bridge.0000.child: MainThread     : DEBUG   : sent  1 [hwm: 1]
2018-01-29 15:58:49,948: umgr.staging.input.queue.bridge.0000.child: umgr.staging.input.queue.bridge.0000.child: MainThread     : DEBUG   : sent  1 [hwm: 1]
2018-01-29 15:59:54,351: umgr.staging.input.queue.bridge.0000.child: umgr.staging.input.queue.bridge.0000.child: MainThread     : DEBUG   : sent  1 [hwm: 1]
2018-01-29 16:00:59,298: umgr.staging.input.queue.bridge.0000.child: umgr.staging.input.queue.bridge.0000.child: MainThread     : DEBUG   : sent  1 [hwm: 1]
2018-01-29 16:02:04,340: umgr.staging.input.queue.bridge.0000.child: umgr.staging.input.queue.bridge.0000.child: MainThread     : DEBUG   : sent  1 [hwm: 1]
2018-01-29 16:03:09,485: umgr.staging.input.queue.bridge.0000.child: umgr.staging.input.queue.bridge.0000.child: MainThread     : DEBUG   : sent  1 [hwm: 1]
2018-01-29 16:04:14,664: umgr.staging.input.queue.bridge.0000.child: umgr.staging.input.queue.bridge.0000.child: MainThread     : DEBUG   : sent  1 [hwm: 1]
2018-01-29 16:05:20,909: umgr.staging.input.queue.bridge.0000.child: umgr.staging.input.queue.bridge.0000.child: MainThread     : DEBUG   : sent  1 [hwm: 1]
2018-01-29 16:06:26,163: umgr.staging.input.queue.bridge.0000.child: umgr.staging.input.queue.bridge.0000.child: MainThread     : DEBUG   : sent  1 [hwm: 1]
2018-01-29 16:07:31,176: umgr.staging.input.queue.bridge.0000.child: umgr.staging.input.queue.bridge.0000.child: MainThread     : DEBUG   : sent  1 [hwm: 1]
2018-01-29 16:08:35,937: umgr.staging.input.queue.bridge.0000.child: umgr.staging.input.queue.bridge.0000.child: MainThread     : DEBUG   : sent  1 [hwm: 1]
2018-01-29 16:09:40,603: umgr.staging.input.queue.bridge.0000.child: umgr.staging.input.queue.bridge.0000.child: MainThread     : DEBUG   : sent  1 [hwm: 1]
2018-01-29 16:10:45,091: umgr.staging.input.queue.bridge.0000.child: umgr.staging.input.queue.bridge.0000.child: MainThread     : DEBUG   : sent  1 [hwm: 1]
2018-01-29 16:11:49,659: umgr.staging.input.queue.bridge.0000.child: umgr.staging.input.queue.bridge.0000.child: MainThread     : DEBUG   : sent  1 [hwm: 1]
2018-01-29 16:12:55,138: umgr.staging.input.queue.bridge.0000.child: umgr.staging.input.queue.bridge.0000.child: MainThread     : DEBUG   : sent  1 [hwm: 1]
2018-01-29 16:14:00,432: umgr.staging.input.queue.bridge.0000.child: umgr.staging.input.queue.bridge.0000.child: MainThread     : DEBUG   : sent  1 [hwm: 1]
2018-01-29 16:15:06,012: umgr.staging.input.queue.bridge.0000.child: umgr.staging.input.queue.bridge.0000.child: MainThread     : DEBUG   : sent  1 [hwm: 1]
2018-01-29 16:16:10,279: umgr.staging.input.queue.bridge.0000.child: umgr.staging.input.queue.bridge.0000.child: MainThread     : DEBUG   : sent  1 [hwm: 1]
2018-01-29 16:17:14,825: umgr.staging.input.queue.bridge.0000.child: umgr.staging.input.queue.bridge.0000.child: MainThread     : DEBUG   : sent  1 [hwm: 1]
2018-01-29 16:18:20,416: umgr.staging.input.queue.bridge.0000.child: umgr.staging.input.queue.bridge.0000.child: MainThread     : DEBUG   : sent  1 [hwm: 1]
2018-01-29 16:19:25,009: umgr.staging.input.queue.bridge.0000.child: umgr.staging.input.queue.bridge.0000.child: MainThread     : DEBUG   : sent  1 [hwm: 1]
2018-01-29 16:20:30,464: umgr.staging.input.queue.bridge.0000.child: umgr.staging.input.queue.bridge.0000.child: MainThread     : DEBUG   : sent  1 [hwm: 1]
2018-01-29 16:21:34,662: umgr.staging.input.queue.bridge.0000.child: umgr.staging.input.queue.bridge.0000.child: MainThread     : DEBUG   : sent  1 [hwm: 1]
2018-01-29 16:22:39,091: umgr.staging.input.queue.bridge.0000.child: umgr.staging.input.queue.bridge.0000.child: MainThread     : DEBUG   : sent  1 [hwm: 1]
2018-01-29 16:23:43,543: umgr.staging.input.queue.bridge.0000.child: umgr.staging.input.queue.bridge.0000.child: MainThread     : DEBUG   : sent  1 [hwm: 1]
2018-01-29 16:24:47,100: umgr.staging.input.queue.bridge.0000.child: umgr.staging.input.queue.bridge.0000.child: MainThread     : DEBUG   : sent  1 [hwm: 1]
2018-01-29 16:25:51,699: umgr.staging.input.queue.bridge.0000.child: umgr.staging.input.queue.bridge.0000.child: MainThread     : DEBUG   : sent  1 [hwm: 1]
2018-01-29 16:26:57,989: umgr.staging.input.queue.bridge.0000.child: umgr.staging.input.queue.bridge.0000.child: MainThread     : DEBUG   : sent  1 [hwm: 1]
2018-01-29 16:28:02,979: umgr.staging.input.queue.bridge.0000.child: umgr.staging.input.queue.bridge.0000.child: MainThread     : DEBUG   : sent  1 [hwm: 1]
2018-01-29 16:29:08,832: umgr.staging.input.queue.bridge.0000.child: umgr.staging.input.queue.bridge.0000.child: MainThread     : DEBUG   : sent  1 [hwm: 1]
2018-01-29 16:30:13,284: umgr.staging.input.queue.bridge.0000.child: umgr.staging.input.queue.bridge.0000.child: MainThread     : DEBUG   : sent  1 [hwm: 1]
2018-01-29 16:31:17,181: umgr.staging.input.queue.bridge.0000.child: umgr.staging.input.queue.bridge.0000.child: MainThread     : DEBUG   : sent  1 [hwm: 1]
2018-01-29 16:32:21,323: umgr.staging.input.queue.bridge.0000.child: umgr.staging.input.queue.bridge.0000.child: MainThread     : DEBUG   : sent  1 [hwm: 1]
2018-01-29 16:33:25,859: umgr.staging.input.queue.bridge.0000.child: umgr.staging.input.queue.bridge.0000.child: MainThread     : DEBUG   : sent  1 [hwm: 1]
2018-01-29 16:34:30,811: umgr.staging.input.queue.bridge.0000.child: umgr.staging.input.queue.bridge.0000.child: MainThread     : DEBUG   : sent  1 [hwm: 1]
2018-01-29 16:35:33,688: umgr.staging.input.queue.bridge.0000.child: umgr.staging.input.queue.bridge.0000.child: MainThread     : DEBUG   : sent  1 [hwm: 1]
2018-01-29 16:36:38,744: umgr.staging.input.queue.bridge.0000.child: umgr.staging.input.queue.bridge.0000.child: MainThread     : DEBUG   : sent  1 [hwm: 1]
2018-01-29 16:37:45,108: umgr.staging.input.queue.bridge.0000.child: umgr.staging.input.queue.bridge.0000.child: MainThread     : DEBUG   : sent  1 [hwm: 1]
2018-01-29 16:38:50,215: umgr.staging.input.queue.bridge.0000.child: umgr.staging.input.queue.bridge.0000.child: MainThread     : DEBUG   : sent  1 [hwm: 1]
2018-01-29 16:39:55,391: umgr.staging.input.queue.bridge.0000.child: umgr.staging.input.queue.bridge.0000.child: MainThread     : DEBUG   : sent  1 [hwm: 1]
2018-01-29 16:41:00,547: umgr.staging.input.queue.bridge.0000.child: umgr.staging.input.queue.bridge.0000.child: MainThread     : DEBUG   : sent  1 [hwm: 1]
2018-01-29 16:42:05,794: umgr.staging.input.queue.bridge.0000.child: umgr.staging.input.queue.bridge.0000.child: MainThread     : DEBUG   : sent  1 [hwm: 1]
2018-01-29 16:43:08,592: umgr.staging.input.queue.bridge.0000.child: umgr.staging.input.queue.bridge.0000.child: MainThread     : DEBUG   : sent  1 [hwm: 1]
2018-01-29 16:44:13,733: umgr.staging.input.queue.bridge.0000.child: umgr.staging.input.queue.bridge.0000.child: MainThread     : DEBUG   : sent  1 [hwm: 1]
2018-01-29 16:45:18,902: umgr.staging.input.queue.bridge.0000.child: umgr.staging.input.queue.bridge.0000.child: MainThread     : DEBUG   : sent  1 [hwm: 1]
2018-01-29 16:46:22,855: umgr.staging.input.queue.bridge.0000.child: umgr.staging.input.queue.bridge.0000.child: MainThread     : DEBUG   : sent  1 [hwm: 1]
2018-01-29 16:47:26,823: umgr.staging.input.queue.bridge.0000.child: umgr.staging.input.queue.bridge.0000.child: MainThread     : DEBUG   : sent  1 [hwm: 1]
2018-01-29 16:48:32,061: umgr.staging.input.queue.bridge.0000.child: umgr.staging.input.queue.bridge.0000.child: MainThread     : DEBUG   : sent  1 [hwm: 1]
2018-01-29 16:49:38,387: umgr.staging.input.queue.bridge.0000.child: umgr.staging.input.queue.bridge.0000.child: MainThread     : DEBUG   : sent  1 [hwm: 1]
2018-01-29 16:50:43,505: umgr.staging.input.queue.bridge.0000.child: umgr.staging.input.queue.bridge.0000.child: MainThread     : DEBUG   : sent  1 [hwm: 1]
2018-01-29 16:51:48,764: umgr.staging.input.queue.bridge.0000.child: umgr.staging.input.queue.bridge.0000.child: MainThread     : DEBUG   : sent  1 [hwm: 1]
2018-01-29 16:52:52,779: umgr.staging.input.queue.bridge.0000.child: umgr.staging.input.queue.bridge.0000.child: MainThread     : DEBUG   : sent  1 [hwm: 1]
2018-01-29 16:53:57,938: umgr.staging.input.queue.bridge.0000.child: umgr.staging.input.queue.bridge.0000.child: MainThread     : DEBUG   : sent  1 [hwm: 1]
2018-01-29 16:55:03,585: umgr.staging.input.queue.bridge.0000.child: umgr.staging.input.queue.bridge.0000.child: MainThread     : DEBUG   : sent  1 [hwm: 1]
2018-01-29 16:56:08,718: umgr.staging.input.queue.bridge.0000.child: umgr.staging.input.queue.bridge.0000.child: MainThread     : DEBUG   : sent  1 [hwm: 1]
2018-01-29 16:57:13,946: umgr.staging.input.queue.bridge.0000.child: umgr.staging.input.queue.bridge.0000.child: MainThread     : DEBUG   : sent  1 [hwm: 1]
2018-01-29 16:58:18,134: umgr.staging.input.queue.bridge.0000.child: umgr.staging.input.queue.bridge.0000.child: MainThread     : DEBUG   : sent  1 [hwm: 1]
2018-01-29 16:59:23,422: umgr.staging.input.queue.bridge.0000.child: umgr.staging.input.queue.bridge.0000.child: MainThread     : DEBUG   : sent  1 [hwm: 1]
2018-01-29 17:00:28,555: umgr.staging.input.queue.bridge.0000.child: umgr.staging.input.queue.bridge.0000.child: MainThread     : DEBUG   : sent  1 [hwm: 1]
2018-01-29 17:01:33,807: umgr.staging.input.queue.bridge.0000.child: umgr.staging.input.queue.bridge.0000.child: MainThread     : DEBUG   : sent  1 [hwm: 1]
2018-01-29 17:02:38,945: umgr.staging.input.queue.bridge.0000.child: umgr.staging.input.queue.bridge.0000.child: MainThread     : DEBUG   : sent  1 [hwm: 1]
2018-01-29 17:03:44,248: umgr.staging.input.queue.bridge.0000.child: umgr.staging.input.queue.bridge.0000.child: MainThread     : DEBUG   : sent  1 [hwm: 1]
2018-01-29 17:04:49,676: umgr.staging.input.queue.bridge.0000.child: umgr.staging.input.queue.bridge.0000.child: MainThread     : DEBUG   : sent  1 [hwm: 1]
2018-01-29 17:05:54,830: umgr.staging.input.queue.bridge.0000.child: umgr.staging.input.queue.bridge.0000.child: MainThread     : DEBUG   : sent  1 [hwm: 1]
2018-01-29 17:06:58,934: umgr.staging.input.queue.bridge.0000.child: umgr.staging.input.queue.bridge.0000.child: MainThread     : DEBUG   : sent  1 [hwm: 1]
2018-01-29 17:08:03,133: umgr.staging.input.queue.bridge.0000.child: umgr.staging.input.queue.bridge.0000.child: MainThread     : DEBUG   : sent  1 [hwm: 1]
2018-01-29 17:09:09,129: umgr.staging.input.queue.bridge.0000.child: umgr.staging.input.queue.bridge.0000.child: MainThread     : DEBUG   : sent  1 [hwm: 1]
2018-01-29 17:10:13,187: umgr.staging.input.queue.bridge.0000.child: umgr.staging.input.queue.bridge.0000.child: MainThread     : DEBUG   : sent  1 [hwm: 1]
2018-01-29 17:11:17,303: umgr.staging.input.queue.bridge.0000.child: umgr.staging.input.queue.bridge.0000.child: MainThread     : DEBUG   : sent  1 [hwm: 1]
2018-01-29 17:12:22,790: umgr.staging.input.queue.bridge.0000.child: umgr.staging.input.queue.bridge.0000.child: MainThread     : DEBUG   : sent  1 [hwm: 1]
2018-01-29 17:13:28,106: umgr.staging.input.queue.bridge.0000.child: umgr.staging.input.queue.bridge.0000.child: MainThread     : DEBUG   : sent  1 [hwm: 1]
2018-01-29 17:14:33,292: umgr.staging.input.queue.bridge.0000.child: umgr.staging.input.queue.bridge.0000.child: MainThread     : DEBUG   : sent  1 [hwm: 1]
2018-01-29 17:15:38,502: umgr.staging.input.queue.bridge.0000.child: umgr.staging.input.queue.bridge.0000.child: MainThread     : DEBUG   : sent  1 [hwm: 1]
2018-01-29 17:16:44,143: umgr.staging.input.queue.bridge.0000.child: umgr.staging.input.queue.bridge.0000.child: MainThread     : DEBUG   : sent  1 [hwm: 1]
2018-01-29 17:17:47,672: umgr.staging.input.queue.bridge.0000.child: umgr.staging.input.queue.bridge.0000.child: MainThread     : DEBUG   : sent  1 [hwm: 1]
2018-01-29 17:18:52,870: umgr.staging.input.queue.bridge.0000.child: umgr.staging.input.queue.bridge.0000.child: MainThread     : DEBUG   : sent  1 [hwm: 1]
2018-01-29 17:19:58,342: umgr.staging.input.queue.bridge.0000.child: umgr.staging.input.queue.bridge.0000.child: MainThread     : DEBUG   : sent  1 [hwm: 1]
2018-01-29 17:21:03,732: umgr.staging.input.queue.bridge.0000.child: umgr.staging.input.queue.bridge.0000.child: MainThread     : DEBUG   : sent  1 [hwm: 1]
2018-01-29 17:22:09,051: umgr.staging.input.queue.bridge.0000.child: umgr.staging.input.queue.bridge.0000.child: MainThread     : DEBUG   : sent  1 [hwm: 1]
2018-01-29 17:23:14,876: umgr.staging.input.queue.bridge.0000.child: umgr.staging.input.queue.bridge.0000.child: MainThread     : DEBUG   : sent  1 [hwm: 1]
2018-01-29 17:24:19,004: umgr.staging.input.queue.bridge.0000.child: umgr.staging.input.queue.bridge.0000.child: MainThread     : DEBUG   : sent  1 [hwm: 1]
2018-01-29 17:25:23,365: umgr.staging.input.queue.bridge.0000.child: umgr.staging.input.queue.bridge.0000.child: MainThread     : DEBUG   : sent  1 [hwm: 1]
2018-01-29 17:26:27,605: umgr.staging.input.queue.bridge.0000.child: umgr.staging.input.queue.bridge.0000.child: MainThread     : DEBUG   : sent  1 [hwm: 1]
2018-01-29 17:27:30,872: umgr.staging.input.queue.bridge.0000.child: umgr.staging.input.queue.bridge.0000.child: MainThread     : DEBUG   : sent  1 [hwm: 1]
2018-01-29 17:28:35,453: umgr.staging.input.queue.bridge.0000.child: umgr.staging.input.queue.bridge.0000.child: MainThread     : DEBUG   : sent  1 [hwm: 1]
2018-01-29 17:29:40,027: umgr.staging.input.queue.bridge.0000.child: umgr.staging.input.queue.bridge.0000.child: MainThread     : DEBUG   : sent  1 [hwm: 1]
2018-01-29 17:30:45,374: umgr.staging.input.queue.bridge.0000.child: umgr.staging.input.queue.bridge.0000.child: MainThread     : DEBUG   : sent  1 [hwm: 1]
2018-01-29 17:31:51,927: umgr.staging.input.queue.bridge.0000.child: umgr.staging.input.queue.bridge.0000.child: MainThread     : DEBUG   : sent  1 [hwm: 1]
2018-01-29 17:32:57,214: umgr.staging.input.queue.bridge.0000.child: umgr.staging.input.queue.bridge.0000.child: MainThread     : DEBUG   : sent  1 [hwm: 1]
2018-01-29 17:34:01,688: umgr.staging.input.queue.bridge.0000.child: umgr.staging.input.queue.bridge.0000.child: MainThread     : DEBUG   : sent  1 [hwm: 1]
2018-01-29 17:35:07,226: umgr.staging.input.queue.bridge.0000.child: umgr.staging.input.queue.bridge.0000.child: MainThread     : DEBUG   : sent  1 [hwm: 1]
2018-01-29 17:36:12,692: umgr.staging.input.queue.bridge.0000.child: umgr.staging.input.queue.bridge.0000.child: MainThread     : DEBUG   : sent  1 [hwm: 1]
2018-01-29 17:37:16,877: umgr.staging.input.queue.bridge.0000.child: umgr.staging.input.queue.bridge.0000.child: MainThread     : DEBUG   : sent  1 [hwm: 1]
2018-01-29 17:38:19,945: umgr.staging.input.queue.bridge.0000.child: umgr.staging.input.queue.bridge.0000.child: MainThread     : DEBUG   : sent  1 [hwm: 1]
2018-01-29 17:39:24,134: umgr.staging.input.queue.bridge.0000.child: umgr.staging.input.queue.bridge.0000.child: MainThread     : DEBUG   : sent  1 [hwm: 1]
2018-01-29 17:40:28,394: umgr.staging.input.queue.bridge.0000.child: umgr.staging.input.queue.bridge.0000.child: MainThread     : DEBUG   : sent  1 [hwm: 1]
2018-01-29 17:41:32,607: umgr.staging.input.queue.bridge.0000.child: umgr.staging.input.queue.bridge.0000.child: MainThread     : DEBUG   : sent  1 [hwm: 1]
2018-01-29 17:42:38,114: umgr.staging.input.queue.bridge.0000.child: umgr.staging.input.queue.bridge.0000.child: MainThread     : DEBUG   : sent  1 [hwm: 1]
2018-01-29 17:43:43,469: umgr.staging.input.queue.bridge.0000.child: umgr.staging.input.queue.bridge.0000.child: MainThread     : DEBUG   : sent  1 [hwm: 1]
2018-01-29 17:44:47,750: umgr.staging.input.queue.bridge.0000.child: umgr.staging.input.queue.bridge.0000.child: MainThread     : DEBUG   : sent  1 [hwm: 1]
2018-01-29 17:45:51,934: umgr.staging.input.queue.bridge.0000.child: umgr.staging.input.queue.bridge.0000.child: MainThread     : DEBUG   : sent  1 [hwm: 1]
2018-01-29 17:46:56,280: umgr.staging.input.queue.bridge.0000.child: umgr.staging.input.queue.bridge.0000.child: MainThread     : DEBUG   : sent  1 [hwm: 1]
2018-01-29 17:48:00,421: umgr.staging.input.queue.bridge.0000.child: umgr.staging.input.queue.bridge.0000.child: MainThread     : DEBUG   : sent  1 [hwm: 1]
2018-01-29 17:49:04,698: umgr.staging.input.queue.bridge.0000.child: umgr.staging.input.queue.bridge.0000.child: MainThread     : DEBUG   : sent  1 [hwm: 1]
2018-01-29 17:50:10,143: umgr.staging.input.queue.bridge.0000.child: umgr.staging.input.queue.bridge.0000.child: MainThread     : DEBUG   : sent  1 [hwm: 1]
2018-01-29 17:51:15,657: umgr.staging.input.queue.bridge.0000.child: umgr.staging.input.queue.bridge.0000.child: MainThread     : DEBUG   : sent  1 [hwm: 1]
2018-01-29 17:52:21,038: umgr.staging.input.queue.bridge.0000.child: umgr.staging.input.queue.bridge.0000.child: MainThread     : DEBUG   : sent  1 [hwm: 1]
2018-01-29 17:53:25,278: umgr.staging.input.queue.bridge.0000.child: umgr.staging.input.queue.bridge.0000.child: MainThread     : DEBUG   : sent  1 [hwm: 1]
2018-01-29 17:54:30,719: umgr.staging.input.queue.bridge.0000.child: umgr.staging.input.queue.bridge.0000.child: MainThread     : DEBUG   : sent  1 [hwm: 1]
2018-01-29 17:55:36,276: umgr.staging.input.queue.bridge.0000.child: umgr.staging.input.queue.bridge.0000.child: MainThread     : DEBUG   : sent  1 [hwm: 1]
2018-01-29 17:56:41,652: umgr.staging.input.queue.bridge.0000.child: umgr.staging.input.queue.bridge.0000.child: MainThread     : DEBUG   : sent  1 [hwm: 1]
2018-01-29 17:57:45,723: umgr.staging.input.queue.bridge.0000.child: umgr.staging.input.queue.bridge.0000.child: MainThread     : DEBUG   : sent  1 [hwm: 1]
2018-01-29 17:58:50,014: umgr.staging.input.queue.bridge.0000.child: umgr.staging.input.queue.bridge.0000.child: MainThread     : DEBUG   : sent  1 [hwm: 1]
2018-01-29 17:59:55,460: umgr.staging.input.queue.bridge.0000.child: umgr.staging.input.queue.bridge.0000.child: MainThread     : DEBUG   : sent  1 [hwm: 1]
2018-01-29 18:01:01,320: umgr.staging.input.queue.bridge.0000.child: umgr.staging.input.queue.bridge.0000.child: MainThread     : DEBUG   : sent  1 [hwm: 1]
2018-01-29 18:02:06,807: umgr.staging.input.queue.bridge.0000.child: umgr.staging.input.queue.bridge.0000.child: MainThread     : DEBUG   : sent  1 [hwm: 1]
2018-01-29 18:03:12,265: umgr.staging.input.queue.bridge.0000.child: umgr.staging.input.queue.bridge.0000.child: MainThread     : DEBUG   : sent  1 [hwm: 1]
2018-01-29 18:04:16,515: umgr.staging.input.queue.bridge.0000.child: umgr.staging.input.queue.bridge.0000.child: MainThread     : DEBUG   : sent  1 [hwm: 1]
2018-01-29 18:05:19,629: umgr.staging.input.queue.bridge.0000.child: umgr.staging.input.queue.bridge.0000.child: MainThread     : DEBUG   : sent  1 [hwm: 1]
2018-01-29 18:06:23,847: umgr.staging.input.queue.bridge.0000.child: umgr.staging.input.queue.bridge.0000.child: MainThread     : DEBUG   : sent  1 [hwm: 1]
2018-01-29 18:07:28,215: umgr.staging.input.queue.bridge.0000.child: umgr.staging.input.queue.bridge.0000.child: MainThread     : DEBUG   : sent  1 [hwm: 1]
2018-01-29 18:08:32,455: umgr.staging.input.queue.bridge.0000.child: umgr.staging.input.queue.bridge.0000.child: MainThread     : DEBUG   : sent  1 [hwm: 1]
2018-01-29 18:09:36,038: umgr.staging.input.queue.bridge.0000.child: umgr.staging.input.queue.bridge.0000.child: MainThread     : DEBUG   : sent  1 [hwm: 1]
2018-01-29 18:10:40,506: umgr.staging.input.queue.bridge.0000.child: umgr.staging.input.queue.bridge.0000.child: MainThread     : DEBUG   : sent  1 [hwm: 1]
2018-01-29 18:11:44,904: umgr.staging.input.queue.bridge.0000.child: umgr.staging.input.queue.bridge.0000.child: MainThread     : DEBUG   : sent  1 [hwm: 1]
2018-01-29 18:12:50,340: umgr.staging.input.queue.bridge.0000.child: umgr.staging.input.queue.bridge.0000.child: MainThread     : DEBUG   : sent  1 [hwm: 1]
2018-01-29 18:13:56,100: umgr.staging.input.queue.bridge.0000.child: umgr.staging.input.queue.bridge.0000.child: MainThread     : DEBUG   : sent  1 [hwm: 1]
2018-01-29 18:15:00,470: umgr.staging.input.queue.bridge.0000.child: umgr.staging.input.queue.bridge.0000.child: MainThread     : DEBUG   : sent  1 [hwm: 1]
2018-01-29 18:16:06,166: umgr.staging.input.queue.bridge.0000.child: umgr.staging.input.queue.bridge.0000.child: MainThread     : DEBUG   : sent  1 [hwm: 1]
2018-01-29 18:17:10,812: umgr.staging.input.queue.bridge.0000.child: umgr.staging.input.queue.bridge.0000.child: MainThread     : DEBUG   : sent  1 [hwm: 1]
2018-01-29 18:18:15,208: umgr.staging.input.queue.bridge.0000.child: umgr.staging.input.queue.bridge.0000.child: MainThread     : DEBUG   : sent  1 [hwm: 1]
2018-01-29 18:19:20,900: umgr.staging.input.queue.bridge.0000.child: umgr.staging.input.queue.bridge.0000.child: MainThread     : DEBUG   : sent  1 [hwm: 1]
2018-01-29 18:20:25,415: umgr.staging.input.queue.bridge.0000.child: umgr.staging.input.queue.bridge.0000.child: MainThread     : DEBUG   : sent  1 [hwm: 1]
2018-01-29 18:21:30,991: umgr.staging.input.queue.bridge.0000.child: umgr.staging.input.queue.bridge.0000.child: MainThread     : DEBUG   : sent  1 [hwm: 1]
2018-01-29 18:22:35,347: umgr.staging.input.queue.bridge.0000.child: umgr.staging.input.queue.bridge.0000.child: MainThread     : DEBUG   : sent  1 [hwm: 1]
2018-01-29 18:23:39,844: umgr.staging.input.queue.bridge.0000.child: umgr.staging.input.queue.bridge.0000.child: MainThread     : DEBUG   : sent  1 [hwm: 1]
2018-01-29 18:24:45,485: umgr.staging.input.queue.bridge.0000.child: umgr.staging.input.queue.bridge.0000.child: MainThread     : DEBUG   : sent  1 [hwm: 1]
2018-01-29 18:25:49,940: umgr.staging.input.queue.bridge.0000.child: umgr.staging.input.queue.bridge.0000.child: MainThread     : DEBUG   : sent  1 [hwm: 1]
2018-01-29 18:26:54,492: umgr.staging.input.queue.bridge.0000.child: umgr.staging.input.queue.bridge.0000.child: MainThread     : DEBUG   : sent  1 [hwm: 1]
2018-01-29 18:27:59,482: umgr.staging.input.queue.bridge.0000.child: umgr.staging.input.queue.bridge.0000.child: MainThread     : DEBUG   : sent  1 [hwm: 1]
2018-01-29 18:29:03,902: umgr.staging.input.queue.bridge.0000.child: umgr.staging.input.queue.bridge.0000.child: MainThread     : DEBUG   : sent  1 [hwm: 1]
2018-01-29 18:30:09,523: umgr.staging.input.queue.bridge.0000.child: umgr.staging.input.queue.bridge.0000.child: MainThread     : DEBUG   : sent  1 [hwm: 1]
2018-01-29 18:31:14,220: umgr.staging.input.queue.bridge.0000.child: umgr.staging.input.queue.bridge.0000.child: MainThread     : DEBUG   : sent  1 [hwm: 1]
2018-01-29 18:32:19,037: umgr.staging.input.queue.bridge.0000.child: umgr.staging.input.queue.bridge.0000.child: MainThread     : DEBUG   : sent  1 [hwm: 1]
2018-01-29 18:33:24,947: umgr.staging.input.queue.bridge.0000.child: umgr.staging.input.queue.bridge.0000.child: MainThread     : DEBUG   : sent  1 [hwm: 1]
2018-01-29 18:34:29,593: umgr.staging.input.queue.bridge.0000.child: umgr.staging.input.queue.bridge.0000.child: MainThread     : DEBUG   : sent  1 [hwm: 1]
2018-01-29 18:35:34,165: umgr.staging.input.queue.bridge.0000.child: umgr.staging.input.queue.bridge.0000.child: MainThread     : DEBUG   : sent  1 [hwm: 1]
2018-01-29 18:36:38,054: umgr.staging.input.queue.bridge.0000.child: umgr.staging.input.queue.bridge.0000.child: MainThread     : DEBUG   : sent  1 [hwm: 1]
2018-01-29 18:37:43,920: umgr.staging.input.queue.bridge.0000.child: umgr.staging.input.queue.bridge.0000.child: MainThread     : DEBUG   : sent  1 [hwm: 1]
2018-01-29 18:38:49,914: umgr.staging.input.queue.bridge.0000.child: umgr.staging.input.queue.bridge.0000.child: MainThread     : DEBUG   : sent  1 [hwm: 1]
2018-01-29 18:39:55,662: umgr.staging.input.queue.bridge.0000.child: umgr.staging.input.queue.bridge.0000.child: MainThread     : DEBUG   : sent  1 [hwm: 1]
2018-01-29 18:41:20,343: umgr.staging.input.queue.bridge.0000.child: umgr.staging.input.queue.bridge.0000.child: MainThread     : WARNING : not alive anymore?
