2018-01-29 14:03:24,851: update.0            : MainProcess                     : MainThread     : INFO    : python.interpreter   version: 2.7.6 (default, Jun 22 2015, 17:58:13) [GCC 4.8.2]
2018-01-29 14:03:24,852: update.0            : MainProcess                     : MainThread     : INFO    :                      pid: 3075
2018-01-29 14:03:24,852: update.0            : MainProcess                     : MainThread     : INFO    :                      tid: MainThread
2018-01-29 14:03:24,852: update.0            : MainProcess                     : MainThread     : INFO    : radical.pilot        version: 0.47.1
2018-01-29 14:03:25,996: update.0            : MainProcess                     : MainThread     : DEBUG   : alive check in term
2018-01-29 14:03:25,996: update.0            : MainProcess                     : MainThread     : DEBUG   : start process
2018-01-29 14:03:26,393: update.0            : MainProcess                     : MainThread     : INFO    : recv message: alive
2018-01-29 14:03:26,394: update.0            : MainProcess                     : MainThread     : INFO    : initialize update.0
2018-01-29 14:03:26,395: update.0            : MainProcess                     : MainThread     : INFO    : cfg: {'agents': {},
 u'bridges': {u'control_pubsub': {'addr_in': 'tcp://172.29.241.4:43375',
                                  'addr_out': 'tcp://172.29.241.4:33887',
                                  u'bulk_size': 0,
                                  u'log_level': u'debug',
                                  u'stall_hwm': 1},
              u'log_pubsub': {'addr_in': 'tcp://172.29.241.4:40490',
                              'addr_out': 'tcp://172.29.241.4:55800',
                              u'bulk_size': 0,
                              u'log_level': u'debug',
                              u'stall_hwm': 1},
              u'state_pubsub': {'addr_in': 'tcp://172.29.241.4:45434',
                                'addr_out': 'tcp://172.29.241.4:51426',
                                u'bulk_size': 0,
                                u'log_level': u'debug',
                                u'stall_hwm': 1}},
 'cname': u'UpdateWorker',
 u'components': {},
 u'count': 1,
 'dburl': 'mongodb://entk:entk@ds125126.mlab.com:25126/adbms-1',
 'debug': 'DEBUG',
 u'default_dburl': u'mongodb://rp:rp@ds015335.mlab.com:15335/rp',
 'logdir': '/home/vivek91/repos/adaptive-bms-experiments/task-count-adap/bin/rp.session.js-169-212.jetstream-cloud.org.vivek91.017560.2055',
 'number': 0,
 'owner': 'rp.session.js-169-212.jetstream-cloud.org.vivek91.017560.2055',
 'session_id': 'rp.session.js-169-212.jetstream-cloud.org.vivek91.017560.2055'}
2018-01-29 14:03:26,395: update.0            : MainProcess                     : MainThread     : DEBUG   : alive check in term
2018-01-29 14:03:26,395: update.0            : MainProcess                     : MainThread     : DEBUG   : START: update.0 register publisher log_pubsub
2018-01-29 14:03:26,395: update.0            : MainProcess                     : MainThread     : DEBUG   : using addr tcp://172.29.241.4:40490 for pubsub log_pubsub
2018-01-29 14:03:26,399: update.0            : MainProcess                     : MainThread     : DEBUG   : registered publisher : log_pubsub : log.pubsub.pub.0000
2018-01-29 14:03:26,399: update.0            : MainProcess                     : MainThread     : DEBUG   : alive check in term
2018-01-29 14:03:26,400: update.0            : MainProcess                     : MainThread     : DEBUG   : START: update.0 register publisher state_pubsub
2018-01-29 14:03:26,400: update.0            : MainProcess                     : MainThread     : DEBUG   : using addr tcp://172.29.241.4:45434 for pubsub state_pubsub
2018-01-29 14:03:26,402: update.0            : MainProcess                     : MainThread     : DEBUG   : registered publisher : state_pubsub : state.pubsub.pub.0000
2018-01-29 14:03:26,402: update.0            : MainProcess                     : MainThread     : DEBUG   : alive check in term
2018-01-29 14:03:26,402: update.0            : MainProcess                     : MainThread     : DEBUG   : START: update.0 register publisher control_pubsub
2018-01-29 14:03:26,402: update.0            : MainProcess                     : MainThread     : DEBUG   : using addr tcp://172.29.241.4:43375 for pubsub control_pubsub
2018-01-29 14:03:26,403: update.0            : MainProcess                     : MainThread     : DEBUG   : registered publisher : control_pubsub : control.pubsub.pub.0000
2018-01-29 14:03:26,404: update.0            : MainProcess                     : MainThread     : DEBUG   : parent name: update.0.watch
2018-01-29 14:03:26,404: update.0            : MainProcess                     : MainThread     : DEBUG   : start thread
2018-01-29 14:03:26,404: update.0            : MainProcess                     : update.0.watch : DEBUG   : child name: update.0.watch.thread
2018-01-29 14:03:26,404: update.0            : MainProcess                     : update.0.watch : INFO    : child (me) initializing
2018-01-29 14:03:26,404: update.0            : MainProcess                     : update.0.watch : DEBUG   : ru_initialize_common (NOOP)
2018-01-29 14:03:26,404: update.0            : MainProcess                     : update.0.watch : DEBUG   : ru_initialize_child (NOOP)
2018-01-29 14:03:26,404: update.0            : MainProcess                     : update.0.watch : INFO    : send alive
2018-01-29 14:03:26,405: update.0            : MainProcess                     : update.0.watch : INFO    : put message: [update.0.watch.thread] alive
2018-01-29 14:03:26,405: update.0            : MainProcess                     : MainThread     : INFO    : get msg: alive
2018-01-29 14:03:26,405: update.0            : MainProcess                     : MainThread     : DEBUG   : ru_initialize_common (NOOP)
2018-01-29 14:03:26,405: update.0            : MainProcess                     : MainThread     : DEBUG   : ru_initialize_parent (NOOP)
2018-01-29 14:03:26,406: update.0            : MainProcess                     : MainThread     : DEBUG   : child thread update.0.watch started
2018-01-29 14:03:26,406: update.0            : MainProcess                     : MainThread     : INFO    : child is alive
2018-01-29 14:03:26,406: update.0            : MainProcess                     : MainThread     : DEBUG   : process class started child
2018-01-29 18:41:32,804: update.0            : MainProcess                     : MainThread     : INFO    : stop update.0 (3075 : 3125 : MainThread) [radical.pilot.worker.update.Update.stop]
2018-01-29 18:41:32,824: update.0            : MainProcess                     : MainThread     : INFO    : parent stops child  3075 -> 3125 [update.0]
2018-01-29 18:41:32,824: update.0            : MainProcess                     : MainThread     : INFO    : send message: [update.0] STOP
2018-01-29 18:41:32,824: update.0            : MainProcess                     : MainThread     : DEBUG   : ru_finalize_common()
2018-01-29 18:41:32,824: update.0            : MainProcess                     : MainThread     : DEBUG   : TERM : update.0 unregister publisher log_pubsub
2018-01-29 18:41:32,825: update.0            : MainProcess                     : MainThread     : DEBUG   : unregistered publisher log_pubsub
2018-01-29 18:41:32,825: update.0            : MainProcess                     : MainThread     : DEBUG   : TERM : update.0 unregister publisher state_pubsub
2018-01-29 18:41:32,825: update.0            : MainProcess                     : MainThread     : DEBUG   : unregistered publisher state_pubsub
2018-01-29 18:41:32,825: update.0            : MainProcess                     : MainThread     : DEBUG   : TERM : update.0 unregister publisher control_pubsub
2018-01-29 18:41:32,826: update.0            : MainProcess                     : MainThread     : DEBUG   : unregistered publisher control_pubsub
2018-01-29 18:41:32,826: update.0            : MainProcess                     : MainThread     : DEBUG   : update.0 close prof
2018-01-29 18:41:32,840: update.0            : MainProcess                     : MainThread     : INFO    : parent stops child
2018-01-29 18:41:32,841: update.0            : MainProcess                     : MainThread     : DEBUG   : ru_finalize_parent (NOOP)
2018-01-29 18:41:32,841: update.0            : MainProcess                     : MainThread     : DEBUG   : ru_finalize_common (NOOP)
2018-01-29 18:41:32,868: update.0            : MainProcess                     : update.0.watch : INFO    : watcher closes
2018-01-29 18:41:32,869: update.0            : MainProcess                     : update.0.watch : INFO    : put message: [update.0.watch.thread] work finished
2018-01-29 18:41:32,869: update.0            : MainProcess                     : update.0.watch : DEBUG   : ru_finalize_child (NOOP)
2018-01-29 18:41:32,869: update.0            : MainProcess                     : update.0.watch : DEBUG   : ru_finalize_common (NOOP)
2018-01-29 18:41:32,869: update.0            : MainProcess                     : update.0.watch : INFO    : put message: [update.0.watch.thread] terminating
2018-01-29 18:41:35,636: update.0            : MainProcess                     : MainThread     : INFO    : stop update.0 (3075 : 3125 : MainThread) [radical.pilot.worker.update.Update.stop]
