2018-03-01 18:06:56,400: control.pubsub.pub.0004: umgr.0000.staging.output.0      : MainThread     : INFO    : python.interpreter   version: 2.7.12 (default, Nov 20 2017, 18:23:56) [GCC 5.4.0 20160609]
2018-03-01 18:06:56,401: control.pubsub.pub.0004: umgr.0000.staging.output.0      : MainThread     : INFO    :                      pid: 9184
2018-03-01 18:06:56,401: control.pubsub.pub.0004: umgr.0000.staging.output.0      : MainThread     : INFO    :                      tid: MainThread
2018-03-01 18:06:56,401: control.pubsub.pub.0004: umgr.0000.staging.output.0      : MainThread     : INFO    : radical.pilot        version: 0.47.1
2018-03-01 18:06:56,401: control.pubsub.pub.0004: umgr.0000.staging.output.0      : MainThread     : INFO    : create control_pubsub - pub - tcp://138.201.86.166:42054
2018-03-01 18:06:56,401: control.pubsub.pub.0004: umgr.0000.staging.output.0      : MainThread     : DEBUG   : start process
2018-03-01 18:06:56,401: control.pubsub.pub.0004: umgr.0000.staging.output.0      : MainThread     : DEBUG   : ru_initialize_common (NOOP)
2018-03-01 18:06:56,401: control.pubsub.pub.0004: umgr.0000.staging.output.0      : MainThread     : DEBUG   : ru_initialize_parent (NOOP)
2018-03-01 18:06:56,401: control.pubsub.pub.0004: umgr.0000.staging.output.0      : MainThread     : DEBUG   : process class started (no child)
2018-03-01 18:06:56,418: control.pubsub.pub.0004: task-manager                    : MainThread     : INFO    : python.interpreter   version: 2.7.12 (default, Nov 20 2017, 18:23:56) [GCC 5.4.0 20160609]
2018-03-01 18:06:56,418: control.pubsub.pub.0004: task-manager                    : MainThread     : INFO    :                      pid: 9107
2018-03-01 18:06:56,418: control.pubsub.pub.0004: task-manager                    : MainThread     : INFO    :                      tid: MainThread
2018-03-01 18:06:56,418: control.pubsub.pub.0004: task-manager                    : MainThread     : INFO    : radical.pilot        version: 0.47.1
2018-03-01 18:06:56,418: control.pubsub.pub.0004: task-manager                    : MainThread     : INFO    : create control_pubsub - pub - tcp://138.201.86.166:42054
2018-03-01 18:06:56,418: control.pubsub.pub.0004: task-manager                    : MainThread     : DEBUG   : start process
2018-03-01 18:06:56,419: control.pubsub.pub.0004: task-manager                    : MainThread     : DEBUG   : ru_initialize_common (NOOP)
2018-03-01 18:06:56,419: control.pubsub.pub.0004: task-manager                    : MainThread     : DEBUG   : ru_initialize_parent (NOOP)
2018-03-01 18:06:56,419: control.pubsub.pub.0004: task-manager                    : MainThread     : DEBUG   : process class started (no child)
2018-03-01 18:42:01,880: control.pubsub.pub.0004: umgr.0000.staging.output.0      : MainThread     : INFO    : parent stops child  9184 -> None [control.pubsub.pub.0004]
2018-03-01 18:42:01,880: control.pubsub.pub.0004: umgr.0000.staging.output.0      : MainThread     : DEBUG   : ru_finalize_parent (NOOP)
