2018-03-01 18:05:47,530: control.pubsub.sub.0001: pmgr.0000.launching.0           : MainThread     : INFO    : python.interpreter   version: 2.7.12 (default, Nov 20 2017, 18:23:56) [GCC 5.4.0 20160609]
2018-03-01 18:05:47,530: control.pubsub.sub.0001: pmgr.0000.launching.0           : MainThread     : INFO    :                      pid: 6980
2018-03-01 18:05:47,530: control.pubsub.sub.0001: pmgr.0000.launching.0           : MainThread     : INFO    :                      tid: MainThread
2018-03-01 18:05:47,530: control.pubsub.sub.0001: pmgr.0000.launching.0           : MainThread     : INFO    : radical.pilot        version: 0.47.1
2018-03-01 18:05:47,530: control.pubsub.sub.0001: pmgr.0000.launching.0           : MainThread     : INFO    : create control_pubsub - sub - tcp://138.201.86.166:42917
2018-03-01 18:05:47,531: control.pubsub.sub.0001: pmgr.0000.launching.0           : MainThread     : DEBUG   : start process
2018-03-01 18:05:47,531: control.pubsub.sub.0001: pmgr.0000.launching.0           : MainThread     : DEBUG   : ru_initialize_common (NOOP)
2018-03-01 18:05:47,531: control.pubsub.sub.0001: pmgr.0000.launching.0           : MainThread     : DEBUG   : ru_initialize_parent (NOOP)
2018-03-01 18:05:47,531: control.pubsub.sub.0001: pmgr.0000.launching.0           : MainThread     : DEBUG   : process class started (no child)
2018-03-01 18:06:56,168: control.pubsub.sub.0001: umgr.0000.staging.input.0       : MainThread     : INFO    : python.interpreter   version: 2.7.12 (default, Nov 20 2017, 18:23:56) [GCC 5.4.0 20160609]
2018-03-01 18:06:56,168: control.pubsub.sub.0001: umgr.0000.staging.input.0       : MainThread     : INFO    :                      pid: 9153
2018-03-01 18:06:56,168: control.pubsub.sub.0001: umgr.0000.staging.input.0       : MainThread     : INFO    :                      tid: MainThread
2018-03-01 18:06:56,168: control.pubsub.sub.0001: umgr.0000.staging.input.0       : MainThread     : INFO    : radical.pilot        version: 0.47.1
2018-03-01 18:06:56,168: control.pubsub.sub.0001: umgr.0000.staging.input.0       : MainThread     : INFO    : create control_pubsub - sub - tcp://138.201.86.166:42917
2018-03-01 18:06:56,168: control.pubsub.sub.0001: umgr.0000.staging.input.0       : MainThread     : DEBUG   : start process
2018-03-01 18:06:56,168: control.pubsub.sub.0001: umgr.0000.staging.input.0       : MainThread     : DEBUG   : ru_initialize_common (NOOP)
2018-03-01 18:06:56,169: control.pubsub.sub.0001: umgr.0000.staging.input.0       : MainThread     : DEBUG   : ru_initialize_parent (NOOP)
2018-03-01 18:06:56,169: control.pubsub.sub.0001: umgr.0000.staging.input.0       : MainThread     : DEBUG   : process class started (no child)
2018-03-01 18:06:56,402: control.pubsub.sub.0001: umgr.0000.staging.output.0      : MainThread     : INFO    : python.interpreter   version: 2.7.12 (default, Nov 20 2017, 18:23:56) [GCC 5.4.0 20160609]
2018-03-01 18:06:56,403: control.pubsub.sub.0001: umgr.0000.staging.output.0      : MainThread     : INFO    :                      pid: 9184
2018-03-01 18:06:56,403: control.pubsub.sub.0001: umgr.0000.staging.output.0      : MainThread     : INFO    :                      tid: MainThread
2018-03-01 18:06:56,403: control.pubsub.sub.0001: umgr.0000.staging.output.0      : MainThread     : INFO    : radical.pilot        version: 0.47.1
2018-03-01 18:06:56,403: control.pubsub.sub.0001: umgr.0000.staging.output.0      : MainThread     : INFO    : create control_pubsub - sub - tcp://138.201.86.166:42917
2018-03-01 18:06:56,404: control.pubsub.sub.0001: umgr.0000.staging.output.0      : MainThread     : DEBUG   : start process
2018-03-01 18:06:56,404: control.pubsub.sub.0001: umgr.0000.staging.output.0      : MainThread     : DEBUG   : ru_initialize_common (NOOP)
2018-03-01 18:06:56,404: control.pubsub.sub.0001: umgr.0000.staging.output.0      : MainThread     : DEBUG   : ru_initialize_parent (NOOP)
2018-03-01 18:06:56,404: control.pubsub.sub.0001: umgr.0000.staging.output.0      : MainThread     : DEBUG   : process class started (no child)
2018-03-01 18:06:56,545: control.pubsub.sub.0001: umgr.0000.scheduling.0          : MainThread     : INFO    : python.interpreter   version: 2.7.12 (default, Nov 20 2017, 18:23:56) [GCC 5.4.0 20160609]
2018-03-01 18:06:56,545: control.pubsub.sub.0001: umgr.0000.scheduling.0          : MainThread     : INFO    :                      pid: 9212
2018-03-01 18:06:56,545: control.pubsub.sub.0001: umgr.0000.scheduling.0          : MainThread     : INFO    :                      tid: MainThread
2018-03-01 18:06:56,545: control.pubsub.sub.0001: umgr.0000.scheduling.0          : MainThread     : INFO    : radical.pilot        version: 0.47.1
2018-03-01 18:06:56,545: control.pubsub.sub.0001: umgr.0000.scheduling.0          : MainThread     : INFO    : create control_pubsub - sub - tcp://138.201.86.166:42917
2018-03-01 18:06:56,545: control.pubsub.sub.0001: umgr.0000.scheduling.0          : MainThread     : DEBUG   : start process
2018-03-01 18:06:56,546: control.pubsub.sub.0001: umgr.0000.scheduling.0          : MainThread     : DEBUG   : ru_initialize_common (NOOP)
2018-03-01 18:06:56,546: control.pubsub.sub.0001: umgr.0000.scheduling.0          : MainThread     : DEBUG   : ru_initialize_parent (NOOP)
2018-03-01 18:06:56,546: control.pubsub.sub.0001: umgr.0000.scheduling.0          : MainThread     : DEBUG   : process class started (no child)
2018-03-01 18:42:01,422: control.pubsub.sub.0001: umgr.0000.scheduling.0          : umgr.0000.scheduling.0.child.subscriber._cancel_monitor_cb: INFO    : parent stops child  9212 -> None [control.pubsub.sub.0001]
2018-03-01 18:42:01,422: control.pubsub.sub.0001: umgr.0000.scheduling.0          : umgr.0000.scheduling.0.child.subscriber._cancel_monitor_cb: DEBUG   : ru_finalize_parent (NOOP)
2018-03-01 18:42:02,080: control.pubsub.sub.0001: umgr.0000.staging.output.0      : MainThread     : INFO    : parent stops child  9184 -> None [control.pubsub.sub.0001]
2018-03-01 18:42:02,080: control.pubsub.sub.0001: umgr.0000.staging.output.0      : MainThread     : DEBUG   : ru_finalize_parent (NOOP)
2018-03-01 18:42:02,196: control.pubsub.sub.0001: umgr.0000.staging.input.0       : MainThread     : INFO    : parent stops child  9153 -> None [control.pubsub.sub.0001]
2018-03-01 18:42:02,196: control.pubsub.sub.0001: umgr.0000.staging.input.0       : MainThread     : DEBUG   : ru_finalize_parent (NOOP)
