2018-03-01 18:05:44,898: rp.session.two.vivek.017591.0040: MainProcess                     : MainThread     : INFO    : python.interpreter   version: 2.7.12 (default, Nov 20 2017, 18:23:56) [GCC 5.4.0 20160609]
2018-03-01 18:05:44,898: rp.session.two.vivek.017591.0040: MainProcess                     : MainThread     : INFO    :                      pid: 6804
2018-03-01 18:05:44,899: rp.session.two.vivek.017591.0040: MainProcess                     : MainThread     : INFO    :                      tid: MainThread
2018-03-01 18:05:44,899: rp.session.two.vivek.017591.0040: MainProcess                     : MainThread     : INFO    : radical.pilot        version: 0.47.1
2018-03-01 18:05:44,899: rp.session.two.vivek.017591.0040: MainProcess                     : MainThread     : INFO    : using database mongodb://entk:entk@ds125126.mlab.com:25126/adbms-1
2018-03-01 18:05:44,942: rp.session.two.vivek.017591.0040: MainProcess                     : MainThread     : INFO    : Load resource configurations from /home/vivek/ves/ve-adbms/local/lib/python2.7/site-packages/radical/pilot/configs/resource_fub.json
2018-03-01 18:05:44,944: rp.session.two.vivek.017591.0040: MainProcess                     : MainThread     : INFO    : Load resource configurations for fub.allegro_rsh
2018-03-01 18:05:44,944: rp.session.two.vivek.017591.0040: MainProcess                     : MainThread     : INFO    : Load resource configurations from /home/vivek/ves/ve-adbms/local/lib/python2.7/site-packages/radical/pilot/configs/resource_yale.json
2018-03-01 18:05:44,945: rp.session.two.vivek.017591.0040: MainProcess                     : MainThread     : INFO    : Load resource configurations for yale.grace_ssh
2018-03-01 18:05:44,946: rp.session.two.vivek.017591.0040: MainProcess                     : MainThread     : INFO    : Load resource configurations from /home/vivek/ves/ve-adbms/local/lib/python2.7/site-packages/radical/pilot/configs/resource_stfc.json
2018-03-01 18:05:44,948: rp.session.two.vivek.017591.0040: MainProcess                     : MainThread     : INFO    : Load resource configurations for stfc.joule_runjob
2018-03-01 18:05:44,948: rp.session.two.vivek.017591.0040: MainProcess                     : MainThread     : INFO    : Load resource configurations from /home/vivek/ves/ve-adbms/local/lib/python2.7/site-packages/radical/pilot/configs/resource_osg.json
2018-03-01 18:05:44,951: rp.session.two.vivek.017591.0040: MainProcess                     : MainThread     : INFO    : Load resource configurations for osg.xsede-virt-clust
2018-03-01 18:05:44,952: rp.session.two.vivek.017591.0040: MainProcess                     : MainThread     : INFO    : Load resource configurations for osg.connect
2018-03-01 18:05:44,952: rp.session.two.vivek.017591.0040: MainProcess                     : MainThread     : INFO    : Load resource configurations from /home/vivek/ves/ve-adbms/local/lib/python2.7/site-packages/radical/pilot/configs/resource_xsede.json
2018-03-01 18:05:45,013: rp.session.two.vivek.017591.0040: MainProcess                     : MainThread     : INFO    : Load resource configurations for xsede.gordon_ssh
2018-03-01 18:05:45,013: rp.session.two.vivek.017591.0040: MainProcess                     : MainThread     : INFO    : Load resource configurations for xsede.lonestar_ssh
2018-03-01 18:05:45,014: rp.session.two.vivek.017591.0040: MainProcess                     : MainThread     : INFO    : Load resource configurations for xsede.supermic_spark
2018-03-01 18:05:45,014: rp.session.two.vivek.017591.0040: MainProcess                     : MainThread     : INFO    : Load resource configurations for xsede.wrangler_yarn
2018-03-01 18:05:45,014: rp.session.two.vivek.017591.0040: MainProcess                     : MainThread     : INFO    : Load resource configurations for xsede.blacklight_ssh
2018-03-01 18:05:45,015: rp.session.two.vivek.017591.0040: MainProcess                     : MainThread     : INFO    : Load resource configurations for xsede.stampede_ortelib
2018-03-01 18:05:45,015: rp.session.two.vivek.017591.0040: MainProcess                     : MainThread     : INFO    : Load resource configurations for xsede.stampede_yarn
2018-03-01 18:05:45,016: rp.session.two.vivek.017591.0040: MainProcess                     : MainThread     : INFO    : Load resource configurations for xsede.stampede_ssh
2018-03-01 18:05:45,016: rp.session.two.vivek.017591.0040: MainProcess                     : MainThread     : INFO    : Load resource configurations for xsede.greenfield
2018-03-01 18:05:45,016: rp.session.two.vivek.017591.0040: MainProcess                     : MainThread     : INFO    : Load resource configurations for xsede.bridges
2018-03-01 18:05:45,017: rp.session.two.vivek.017591.0040: MainProcess                     : MainThread     : INFO    : Load resource configurations for xsede.trestles_ssh
2018-03-01 18:05:45,017: rp.session.two.vivek.017591.0040: MainProcess                     : MainThread     : INFO    : Load resource configurations for xsede.supermic_ortelib
2018-03-01 18:05:45,018: rp.session.two.vivek.017591.0040: MainProcess                     : MainThread     : INFO    : Load resource configurations for xsede.stampede2_ssh
2018-03-01 18:05:45,018: rp.session.two.vivek.017591.0040: MainProcess                     : MainThread     : INFO    : Load resource configurations for xsede.supermic_ssh
2018-03-01 18:05:45,018: rp.session.two.vivek.017591.0040: MainProcess                     : MainThread     : INFO    : Load resource configurations for xsede.wrangler_ssh
2018-03-01 18:05:45,019: rp.session.two.vivek.017591.0040: MainProcess                     : MainThread     : INFO    : Load resource configurations for xsede.supermic_orte
2018-03-01 18:05:45,019: rp.session.two.vivek.017591.0040: MainProcess                     : MainThread     : INFO    : Load resource configurations for xsede.wrangler_spark
2018-03-01 18:05:45,020: rp.session.two.vivek.017591.0040: MainProcess                     : MainThread     : INFO    : Load resource configurations for xsede.stampede_orte
2018-03-01 18:05:45,020: rp.session.two.vivek.017591.0040: MainProcess                     : MainThread     : INFO    : Load resource configurations for xsede.comet_ortelib
2018-03-01 18:05:45,020: rp.session.two.vivek.017591.0040: MainProcess                     : MainThread     : INFO    : Load resource configurations for xsede.comet_orte
2018-03-01 18:05:45,021: rp.session.two.vivek.017591.0040: MainProcess                     : MainThread     : INFO    : Load resource configurations for xsede.comet_spark
2018-03-01 18:05:45,021: rp.session.two.vivek.017591.0040: MainProcess                     : MainThread     : INFO    : Load resource configurations for xsede.comet_ssh
2018-03-01 18:05:45,022: rp.session.two.vivek.017591.0040: MainProcess                     : MainThread     : INFO    : Load resource configurations for xsede.stampede_spark
2018-03-01 18:05:45,022: rp.session.two.vivek.017591.0040: MainProcess                     : MainThread     : INFO    : Load resource configurations from /home/vivek/ves/ve-adbms/local/lib/python2.7/site-packages/radical/pilot/configs/resource_nersc.json
2018-03-01 18:05:45,032: rp.session.two.vivek.017591.0040: MainProcess                     : MainThread     : INFO    : Load resource configurations for nersc.edison_ccm_ssh
2018-03-01 18:05:45,033: rp.session.two.vivek.017591.0040: MainProcess                     : MainThread     : INFO    : Load resource configurations for nersc.hopper_orte
2018-03-01 18:05:45,033: rp.session.two.vivek.017591.0040: MainProcess                     : MainThread     : INFO    : Load resource configurations for nersc.hopper_ccm_ssh
2018-03-01 18:05:45,034: rp.session.two.vivek.017591.0040: MainProcess                     : MainThread     : INFO    : Load resource configurations for nersc.edison_aprun
2018-03-01 18:05:45,034: rp.session.two.vivek.017591.0040: MainProcess                     : MainThread     : INFO    : Load resource configurations for nersc.hopper_aprun
2018-03-01 18:05:45,034: rp.session.two.vivek.017591.0040: MainProcess                     : MainThread     : INFO    : Load resource configurations for nersc.edison_orte
2018-03-01 18:05:45,035: rp.session.two.vivek.017591.0040: MainProcess                     : MainThread     : INFO    : Load resource configurations from /home/vivek/ves/ve-adbms/local/lib/python2.7/site-packages/radical/pilot/configs/resource_lrz.json
2018-03-01 18:05:45,036: rp.session.two.vivek.017591.0040: MainProcess                     : MainThread     : INFO    : Load resource configurations for lrz.supermuc_ssh
2018-03-01 18:05:45,037: rp.session.two.vivek.017591.0040: MainProcess                     : MainThread     : INFO    : Load resource configurations from /home/vivek/ves/ve-adbms/local/lib/python2.7/site-packages/radical/pilot/configs/resource_epsrc.json
2018-03-01 18:05:45,040: rp.session.two.vivek.017591.0040: MainProcess                     : MainThread     : INFO    : Load resource configurations for epsrc.archer_orte
2018-03-01 18:05:45,041: rp.session.two.vivek.017591.0040: MainProcess                     : MainThread     : INFO    : Load resource configurations for epsrc.archer_aprun
2018-03-01 18:05:45,041: rp.session.two.vivek.017591.0040: MainProcess                     : MainThread     : INFO    : Load resource configurations from /home/vivek/ves/ve-adbms/local/lib/python2.7/site-packages/radical/pilot/configs/resource_ncsa.json
2018-03-01 18:05:45,049: rp.session.two.vivek.017591.0040: MainProcess                     : MainThread     : INFO    : Load resource configurations for ncsa.bw_orte
2018-03-01 18:05:45,049: rp.session.two.vivek.017591.0040: MainProcess                     : MainThread     : INFO    : Load resource configurations for ncsa.bw_ccm_ssh
2018-03-01 18:05:45,049: rp.session.two.vivek.017591.0040: MainProcess                     : MainThread     : INFO    : Load resource configurations for ncsa.bw_ortelib
2018-03-01 18:05:45,050: rp.session.two.vivek.017591.0040: MainProcess                     : MainThread     : INFO    : Load resource configurations for ncsa.bw_aprun
2018-03-01 18:05:45,050: rp.session.two.vivek.017591.0040: MainProcess                     : MainThread     : INFO    : Load resource configurations for ncsa.bw_local_orte
2018-03-01 18:05:45,051: rp.session.two.vivek.017591.0040: MainProcess                     : MainThread     : INFO    : Load resource configurations from /home/vivek/ves/ve-adbms/local/lib/python2.7/site-packages/radical/pilot/configs/resource_lumc.json
2018-03-01 18:05:45,054: rp.session.two.vivek.017591.0040: MainProcess                     : MainThread     : INFO    : Load resource configurations for lumc.gb-ui_ssh
2018-03-01 18:05:45,054: rp.session.two.vivek.017591.0040: MainProcess                     : MainThread     : INFO    : Load resource configurations for lumc.shark_ssh
2018-03-01 18:05:45,054: rp.session.two.vivek.017591.0040: MainProcess                     : MainThread     : INFO    : Load resource configurations from /home/vivek/ves/ve-adbms/local/lib/python2.7/site-packages/radical/pilot/configs/resource_das4.json
2018-03-01 18:05:45,056: rp.session.two.vivek.017591.0040: MainProcess                     : MainThread     : INFO    : Load resource configurations for das4.fs2_ssh
2018-03-01 18:05:45,056: rp.session.two.vivek.017591.0040: MainProcess                     : MainThread     : INFO    : Load resource configurations from /home/vivek/ves/ve-adbms/local/lib/python2.7/site-packages/radical/pilot/configs/resource_aliases.json
2018-03-01 18:05:45,057: rp.session.two.vivek.017591.0040: MainProcess                     : MainThread     : INFO    : Load resource configurations from /home/vivek/ves/ve-adbms/local/lib/python2.7/site-packages/radical/pilot/configs/resource_futuregrid.json
2018-03-01 18:05:45,065: rp.session.two.vivek.017591.0040: MainProcess                     : MainThread     : INFO    : Load resource configurations for futuregrid.delta_ssh
2018-03-01 18:05:45,065: rp.session.two.vivek.017591.0040: MainProcess                     : MainThread     : INFO    : Load resource configurations for futuregrid.india_ssh
2018-03-01 18:05:45,065: rp.session.two.vivek.017591.0040: MainProcess                     : MainThread     : INFO    : Load resource configurations for futuregrid.echo_ssh
2018-03-01 18:05:45,066: rp.session.two.vivek.017591.0040: MainProcess                     : MainThread     : INFO    : Load resource configurations for futuregrid.xray_ccm
2018-03-01 18:05:45,066: rp.session.two.vivek.017591.0040: MainProcess                     : MainThread     : INFO    : Load resource configurations for futuregrid.bravo_ssh
2018-03-01 18:05:45,067: rp.session.two.vivek.017591.0040: MainProcess                     : MainThread     : INFO    : Load resource configurations for futuregrid.xray_aprun
2018-03-01 18:05:45,067: rp.session.two.vivek.017591.0040: MainProcess                     : MainThread     : INFO    : Load resource configurations from /home/vivek/ves/ve-adbms/local/lib/python2.7/site-packages/radical/pilot/configs/resource_ornl.json
2018-03-01 18:05:45,072: rp.session.two.vivek.017591.0040: MainProcess                     : MainThread     : INFO    : Load resource configurations for ornl.titan_orte
2018-03-01 18:05:45,073: rp.session.two.vivek.017591.0040: MainProcess                     : MainThread     : INFO    : Load resource configurations for ornl.titan_aprun
2018-03-01 18:05:45,073: rp.session.two.vivek.017591.0040: MainProcess                     : MainThread     : INFO    : Load resource configurations for ornl.titan_ortelib
2018-03-01 18:05:45,074: rp.session.two.vivek.017591.0040: MainProcess                     : MainThread     : INFO    : Load resource configurations from /home/vivek/ves/ve-adbms/local/lib/python2.7/site-packages/radical/pilot/configs/resource_chameleon.json
2018-03-01 18:05:45,076: rp.session.two.vivek.017591.0040: MainProcess                     : MainThread     : INFO    : Load resource configurations for chameleon.cloud_vm_yarn
2018-03-01 18:05:45,076: rp.session.two.vivek.017591.0040: MainProcess                     : MainThread     : INFO    : Load resource configurations from /home/vivek/ves/ve-adbms/local/lib/python2.7/site-packages/radical/pilot/configs/resource_iu.json
2018-03-01 18:05:45,079: rp.session.two.vivek.017591.0040: MainProcess                     : MainThread     : INFO    : Load resource configurations for iu.bigred2_ccm_ssh
2018-03-01 18:05:45,079: rp.session.two.vivek.017591.0040: MainProcess                     : MainThread     : INFO    : Load resource configurations for iu.bigred2_aprun
2018-03-01 18:05:45,080: rp.session.two.vivek.017591.0040: MainProcess                     : MainThread     : INFO    : Load resource configurations from /home/vivek/ves/ve-adbms/local/lib/python2.7/site-packages/radical/pilot/configs/resource_local.json
2018-03-01 18:05:45,088: rp.session.two.vivek.017591.0040: MainProcess                     : MainThread     : INFO    : Load resource configurations for local.localhost_orte
2018-03-01 18:05:45,089: rp.session.two.vivek.017591.0040: MainProcess                     : MainThread     : INFO    : Load resource configurations for local.localhost_anaconda
2018-03-01 18:05:45,089: rp.session.two.vivek.017591.0040: MainProcess                     : MainThread     : INFO    : Load resource configurations for local.localhost_ortelib
2018-03-01 18:05:45,090: rp.session.two.vivek.017591.0040: MainProcess                     : MainThread     : INFO    : Load resource configurations for local.localhost
2018-03-01 18:05:45,090: rp.session.two.vivek.017591.0040: MainProcess                     : MainThread     : INFO    : Load resource configurations for local.localhost_spark
2018-03-01 18:05:45,090: rp.session.two.vivek.017591.0040: MainProcess                     : MainThread     : INFO    : Load resource configurations for local.localhost_spark_anaconda
2018-03-01 18:05:45,091: rp.session.two.vivek.017591.0040: MainProcess                     : MainThread     : INFO    : Load resource configurations for local.localhost_yarn
2018-03-01 18:05:45,091: rp.session.two.vivek.017591.0040: MainProcess                     : MainThread     : INFO    : Load resource configurations from /home/vivek/ves/ve-adbms/local/lib/python2.7/site-packages/radical/pilot/configs/resource_radical.json
2018-03-01 18:05:45,095: rp.session.two.vivek.017591.0040: MainProcess                     : MainThread     : INFO    : Load resource configurations for radical.two
2018-03-01 18:05:45,096: rp.session.two.vivek.017591.0040: MainProcess                     : MainThread     : INFO    : Load resource configurations for radical.tutorial
2018-03-01 18:05:45,096: rp.session.two.vivek.017591.0040: MainProcess                     : MainThread     : INFO    : Load resource configurations for radical.one
2018-03-01 18:05:45,096: rp.session.two.vivek.017591.0040: MainProcess                     : MainThread     : INFO    : Load resource configurations from /home/vivek/ves/ve-adbms/local/lib/python2.7/site-packages/radical/pilot/configs/resource_ncar.json
2018-03-01 18:05:45,098: rp.session.two.vivek.017591.0040: MainProcess                     : MainThread     : INFO    : Load resource configurations for ncar.yellowstone_ssh
2018-03-01 18:05:45,098: rp.session.two.vivek.017591.0040: MainProcess                     : MainThread     : INFO    : Load resource configurations from /home/vivek/ves/ve-adbms/local/lib/python2.7/site-packages/radical/pilot/configs/resource_rice.json
2018-03-01 18:05:45,101: rp.session.two.vivek.017591.0040: MainProcess                     : MainThread     : INFO    : Load resource configurations for rice.davinci_ssh
2018-03-01 18:05:45,101: rp.session.two.vivek.017591.0040: MainProcess                     : MainThread     : INFO    : Load resource configurations for rice.biou_ssh
2018-03-01 18:05:45,101: rp.session.two.vivek.017591.0040: MainProcess                     : MainThread     : INFO    : Load resource configurations from /home/vivek/ves/ve-adbms/local/lib/python2.7/site-packages/radical/pilot/configs/resource_das5.json
2018-03-01 18:05:45,103: rp.session.two.vivek.017591.0040: MainProcess                     : MainThread     : INFO    : Load resource configurations for das5.fs1_ssh
2018-03-01 18:05:46,357: rp.session.two.vivek.017591.0040: MainProcess                     : MainThread     : INFO    : New Session created: rp.session.two.vivek.017591.0040.
2018-03-01 18:05:46,358: rp.session.two.vivek.017591.0040: MainProcess                     : MainThread     : DEBUG   : start bridges   : {u'control_pubsub': {u'bulk_size': 0, u'log_level': u'debug', u'stall_hwm': 1},
 u'log_pubsub': {u'bulk_size': 0, u'log_level': u'debug', u'stall_hwm': 1},
 u'state_pubsub': {u'bulk_size': 0, u'log_level': u'debug', u'stall_hwm': 1}}
2018-03-01 18:05:46,358: rp.session.two.vivek.017591.0040: MainProcess                     : MainThread     : INFO    : create bridge control_pubsub
2018-03-01 18:05:46,413: rp.session.two.vivek.017591.0040: MainProcess                     : MainThread     : INFO    : created bridge control_pubsub (control.pubsub.bridge.0000)
2018-03-01 18:05:46,413: rp.session.two.vivek.017591.0040: MainProcess                     : MainThread     : INFO    : create bridge state_pubsub
2018-03-01 18:05:46,452: rp.session.two.vivek.017591.0040: MainProcess                     : MainThread     : INFO    : created bridge state_pubsub (state.pubsub.bridge.0000)
2018-03-01 18:05:46,452: rp.session.two.vivek.017591.0040: MainProcess                     : MainThread     : INFO    : create bridge log_pubsub
2018-03-01 18:05:46,491: rp.session.two.vivek.017591.0040: MainProcess                     : MainThread     : INFO    : created bridge log_pubsub (log.pubsub.bridge.0000)
2018-03-01 18:05:46,491: rp.session.two.vivek.017591.0040: MainProcess                     : MainThread     : DEBUG   : start components: {u'UpdateWorker': {u'count': 1}}
2018-03-01 18:05:46,491: rp.session.two.vivek.017591.0040: MainProcess                     : MainThread     : DEBUG   : start 1 component(s) UpdateWorker
2018-03-01 18:05:47,257: rp.session.two.vivek.017591.0040: MainProcess                     : MainThread     : INFO    : rp.session.two.vivek.017591.0040 starts update.0
2018-03-01 18:05:47,874: rp.session.two.vivek.017591.0040: MainProcess                     : MainThread     : WARNING : using alias 'xsede.supermic_ssh' for deprecated resource key 'xsede.supermic'
2018-03-01 18:05:47,876: rp.session.two.vivek.017591.0040: MainProcess                     : MainThread     : WARNING : using alias 'xsede.supermic_ssh' for deprecated resource key 'xsede.supermic'
2018-03-01 18:05:47,876: rp.session.two.vivek.017591.0040: MainProcess                     : MainThread     : DEBUG   : rsup.PTYShell('gsissh://supermic.cct-lsu.xsede.org:2222/')
2018-03-01 18:05:52,013: rp.session.two.vivek.017591.0040: MainProcess                     : MainThread     : DEBUG   : sandbox base gsissh://supermic.cct-lsu.xsede.org:2222/: '/work/vivek91'
2018-03-01 18:05:52,661: rp.session.two.vivek.017591.0040: MainProcess                     : MainThread     : DEBUG   : bulk pilot insert result: {'nModified': 0, 'nUpserted': 0, 'nMatched': 0, 'writeErrors': [], 'upserted': [], 'writeConcernErrors': [], 'nRemoved': 0, 'nInserted': 1}
2018-03-01 18:05:52,695: rp.session.two.vivek.017591.0040: pmgr.0000.launching.0           : MainThread     : WARNING : using alias 'xsede.supermic_ssh' for deprecated resource key 'xsede.supermic'
2018-03-01 18:05:52,698: rp.session.two.vivek.017591.0040: pmgr.0000.launching.0           : MainThread     : WARNING : using alias 'xsede.supermic_ssh' for deprecated resource key 'xsede.supermic'
2018-03-01 18:05:52,698: rp.session.two.vivek.017591.0040: pmgr.0000.launching.0           : MainThread     : DEBUG   : rsup.PTYShell('gsissh://supermic.cct-lsu.xsede.org:2222/')
2018-03-01 18:05:54,311: rp.session.two.vivek.017591.0040: pmgr.0000.launching.0           : MainThread     : DEBUG   : sandbox base gsissh://supermic.cct-lsu.xsede.org:2222/: '/work/vivek91'
2018-03-01 18:06:57,495: rp.session.two.vivek.017591.0040: task-manager                    : MainThread     : DEBUG   : bulk unit insert result: {'nModified': 0, 'nUpserted': 0, 'nMatched': 0, 'writeErrors': [], 'upserted': [], 'writeConcernErrors': [], 'nRemoved': 0, 'nInserted': 1}
2018-03-01 18:08:04,198: rp.session.two.vivek.017591.0040: task-manager                    : MainThread     : DEBUG   : bulk unit insert result: {'nModified': 0, 'nUpserted': 0, 'nMatched': 0, 'writeErrors': [], 'upserted': [], 'writeConcernErrors': [], 'nRemoved': 0, 'nInserted': 1}
2018-03-01 18:09:09,761: rp.session.two.vivek.017591.0040: task-manager                    : MainThread     : DEBUG   : bulk unit insert result: {'nModified': 0, 'nUpserted': 0, 'nMatched': 0, 'writeErrors': [], 'upserted': [], 'writeConcernErrors': [], 'nRemoved': 0, 'nInserted': 1}
2018-03-01 18:10:15,304: rp.session.two.vivek.017591.0040: task-manager                    : MainThread     : DEBUG   : bulk unit insert result: {'nModified': 0, 'nUpserted': 0, 'nMatched': 0, 'writeErrors': [], 'upserted': [], 'writeConcernErrors': [], 'nRemoved': 0, 'nInserted': 1}
2018-03-01 18:11:19,882: rp.session.two.vivek.017591.0040: task-manager                    : MainThread     : DEBUG   : bulk unit insert result: {'nModified': 0, 'nUpserted': 0, 'nMatched': 0, 'writeErrors': [], 'upserted': [], 'writeConcernErrors': [], 'nRemoved': 0, 'nInserted': 1}
2018-03-01 18:12:25,345: rp.session.two.vivek.017591.0040: task-manager                    : MainThread     : DEBUG   : bulk unit insert result: {'nModified': 0, 'nUpserted': 0, 'nMatched': 0, 'writeErrors': [], 'upserted': [], 'writeConcernErrors': [], 'nRemoved': 0, 'nInserted': 1}
2018-03-01 18:13:30,966: rp.session.two.vivek.017591.0040: task-manager                    : MainThread     : DEBUG   : bulk unit insert result: {'nModified': 0, 'nUpserted': 0, 'nMatched': 0, 'writeErrors': [], 'upserted': [], 'writeConcernErrors': [], 'nRemoved': 0, 'nInserted': 1}
2018-03-01 18:14:35,688: rp.session.two.vivek.017591.0040: task-manager                    : MainThread     : DEBUG   : bulk unit insert result: {'nModified': 0, 'nUpserted': 0, 'nMatched': 0, 'writeErrors': [], 'upserted': [], 'writeConcernErrors': [], 'nRemoved': 0, 'nInserted': 1}
2018-03-01 18:15:41,085: rp.session.two.vivek.017591.0040: task-manager                    : MainThread     : DEBUG   : bulk unit insert result: {'nModified': 0, 'nUpserted': 0, 'nMatched': 0, 'writeErrors': [], 'upserted': [], 'writeConcernErrors': [], 'nRemoved': 0, 'nInserted': 1}
2018-03-01 18:16:45,645: rp.session.two.vivek.017591.0040: task-manager                    : MainThread     : DEBUG   : bulk unit insert result: {'nModified': 0, 'nUpserted': 0, 'nMatched': 0, 'writeErrors': [], 'upserted': [], 'writeConcernErrors': [], 'nRemoved': 0, 'nInserted': 1}
2018-03-01 18:17:50,077: rp.session.two.vivek.017591.0040: task-manager                    : MainThread     : DEBUG   : bulk unit insert result: {'nModified': 0, 'nUpserted': 0, 'nMatched': 0, 'writeErrors': [], 'upserted': [], 'writeConcernErrors': [], 'nRemoved': 0, 'nInserted': 1}
2018-03-01 18:18:55,896: rp.session.two.vivek.017591.0040: task-manager                    : MainThread     : DEBUG   : bulk unit insert result: {'nModified': 0, 'nUpserted': 0, 'nMatched': 0, 'writeErrors': [], 'upserted': [], 'writeConcernErrors': [], 'nRemoved': 0, 'nInserted': 1}
2018-03-01 18:20:01,684: rp.session.two.vivek.017591.0040: task-manager                    : MainThread     : DEBUG   : bulk unit insert result: {'nModified': 0, 'nUpserted': 0, 'nMatched': 0, 'writeErrors': [], 'upserted': [], 'writeConcernErrors': [], 'nRemoved': 0, 'nInserted': 1}
2018-03-01 18:21:07,554: rp.session.two.vivek.017591.0040: task-manager                    : MainThread     : DEBUG   : bulk unit insert result: {'nModified': 0, 'nUpserted': 0, 'nMatched': 0, 'writeErrors': [], 'upserted': [], 'writeConcernErrors': [], 'nRemoved': 0, 'nInserted': 1}
2018-03-01 18:22:12,279: rp.session.two.vivek.017591.0040: task-manager                    : MainThread     : DEBUG   : bulk unit insert result: {'nModified': 0, 'nUpserted': 0, 'nMatched': 0, 'writeErrors': [], 'upserted': [], 'writeConcernErrors': [], 'nRemoved': 0, 'nInserted': 1}
2018-03-01 18:23:18,133: rp.session.two.vivek.017591.0040: task-manager                    : MainThread     : DEBUG   : bulk unit insert result: {'nModified': 0, 'nUpserted': 0, 'nMatched': 0, 'writeErrors': [], 'upserted': [], 'writeConcernErrors': [], 'nRemoved': 0, 'nInserted': 1}
2018-03-01 18:24:22,848: rp.session.two.vivek.017591.0040: task-manager                    : MainThread     : DEBUG   : bulk unit insert result: {'nModified': 0, 'nUpserted': 0, 'nMatched': 0, 'writeErrors': [], 'upserted': [], 'writeConcernErrors': [], 'nRemoved': 0, 'nInserted': 1}
2018-03-01 18:25:27,683: rp.session.two.vivek.017591.0040: task-manager                    : MainThread     : DEBUG   : bulk unit insert result: {'nModified': 0, 'nUpserted': 0, 'nMatched': 0, 'writeErrors': [], 'upserted': [], 'writeConcernErrors': [], 'nRemoved': 0, 'nInserted': 1}
2018-03-01 18:26:32,360: rp.session.two.vivek.017591.0040: task-manager                    : MainThread     : DEBUG   : bulk unit insert result: {'nModified': 0, 'nUpserted': 0, 'nMatched': 0, 'writeErrors': [], 'upserted': [], 'writeConcernErrors': [], 'nRemoved': 0, 'nInserted': 1}
2018-03-01 18:27:37,328: rp.session.two.vivek.017591.0040: task-manager                    : MainThread     : DEBUG   : bulk unit insert result: {'nModified': 0, 'nUpserted': 0, 'nMatched': 0, 'writeErrors': [], 'upserted': [], 'writeConcernErrors': [], 'nRemoved': 0, 'nInserted': 1}
2018-03-01 18:28:42,253: rp.session.two.vivek.017591.0040: task-manager                    : MainThread     : DEBUG   : bulk unit insert result: {'nModified': 0, 'nUpserted': 0, 'nMatched': 0, 'writeErrors': [], 'upserted': [], 'writeConcernErrors': [], 'nRemoved': 0, 'nInserted': 1}
2018-03-01 18:29:47,455: rp.session.two.vivek.017591.0040: task-manager                    : MainThread     : DEBUG   : bulk unit insert result: {'nModified': 0, 'nUpserted': 0, 'nMatched': 0, 'writeErrors': [], 'upserted': [], 'writeConcernErrors': [], 'nRemoved': 0, 'nInserted': 1}
2018-03-01 18:30:52,525: rp.session.two.vivek.017591.0040: task-manager                    : MainThread     : DEBUG   : bulk unit insert result: {'nModified': 0, 'nUpserted': 0, 'nMatched': 0, 'writeErrors': [], 'upserted': [], 'writeConcernErrors': [], 'nRemoved': 0, 'nInserted': 1}
2018-03-01 18:31:59,002: rp.session.two.vivek.017591.0040: task-manager                    : MainThread     : DEBUG   : bulk unit insert result: {'nModified': 0, 'nUpserted': 0, 'nMatched': 0, 'writeErrors': [], 'upserted': [], 'writeConcernErrors': [], 'nRemoved': 0, 'nInserted': 1}
2018-03-01 18:33:04,346: rp.session.two.vivek.017591.0040: task-manager                    : MainThread     : DEBUG   : bulk unit insert result: {'nModified': 0, 'nUpserted': 0, 'nMatched': 0, 'writeErrors': [], 'upserted': [], 'writeConcernErrors': [], 'nRemoved': 0, 'nInserted': 1}
2018-03-01 18:34:09,037: rp.session.two.vivek.017591.0040: task-manager                    : MainThread     : DEBUG   : bulk unit insert result: {'nModified': 0, 'nUpserted': 0, 'nMatched': 0, 'writeErrors': [], 'upserted': [], 'writeConcernErrors': [], 'nRemoved': 0, 'nInserted': 1}
2018-03-01 18:35:14,898: rp.session.two.vivek.017591.0040: task-manager                    : MainThread     : DEBUG   : bulk unit insert result: {'nModified': 0, 'nUpserted': 0, 'nMatched': 0, 'writeErrors': [], 'upserted': [], 'writeConcernErrors': [], 'nRemoved': 0, 'nInserted': 1}
2018-03-01 18:36:19,481: rp.session.two.vivek.017591.0040: task-manager                    : MainThread     : DEBUG   : bulk unit insert result: {'nModified': 0, 'nUpserted': 0, 'nMatched': 0, 'writeErrors': [], 'upserted': [], 'writeConcernErrors': [], 'nRemoved': 0, 'nInserted': 1}
2018-03-01 18:37:25,150: rp.session.two.vivek.017591.0040: task-manager                    : MainThread     : DEBUG   : bulk unit insert result: {'nModified': 0, 'nUpserted': 0, 'nMatched': 0, 'writeErrors': [], 'upserted': [], 'writeConcernErrors': [], 'nRemoved': 0, 'nInserted': 1}
2018-03-01 18:38:29,657: rp.session.two.vivek.017591.0040: task-manager                    : MainThread     : DEBUG   : bulk unit insert result: {'nModified': 0, 'nUpserted': 0, 'nMatched': 0, 'writeErrors': [], 'upserted': [], 'writeConcernErrors': [], 'nRemoved': 0, 'nInserted': 1}
2018-03-01 18:39:34,422: rp.session.two.vivek.017591.0040: task-manager                    : MainThread     : DEBUG   : bulk unit insert result: {'nModified': 0, 'nUpserted': 0, 'nMatched': 0, 'writeErrors': [], 'upserted': [], 'writeConcernErrors': [], 'nRemoved': 0, 'nInserted': 1}
2018-03-01 18:40:39,862: rp.session.two.vivek.017591.0040: task-manager                    : MainThread     : DEBUG   : bulk unit insert result: {'nModified': 0, 'nUpserted': 0, 'nMatched': 0, 'writeErrors': [], 'upserted': [], 'writeConcernErrors': [], 'nRemoved': 0, 'nInserted': 1}
2018-03-01 18:42:06,534: rp.session.two.vivek.017591.0040: MainProcess                     : MainThread     : DEBUG   : session rp.session.two.vivek.017591.0040 closing
2018-03-01 18:42:06,535: rp.session.two.vivek.017591.0040: MainProcess                     : MainThread     : DEBUG   : session rp.session.two.vivek.017591.0040 closes pmgr   pmgr.0000
2018-03-01 18:42:09,609: rp.session.two.vivek.017591.0040: MainProcess                     : MainThread     : DEBUG   : session rp.session.two.vivek.017591.0040 closed pmgr   pmgr.0000
2018-03-01 18:42:09,609: rp.session.two.vivek.017591.0040: MainProcess                     : MainThread     : DEBUG   : session rp.session.two.vivek.017591.0040 closes comp   update.0
2018-03-01 18:42:09,609: rp.session.two.vivek.017591.0040: MainProcess                     : MainThread     : DEBUG   :  === update.0 stop called
2018-03-01 18:42:09,761: rp.session.two.vivek.017591.0040: update.0                        : MainThread     : DEBUG   :  === update.0.child stop called
2018-03-01 18:42:10,043: rp.session.two.vivek.017591.0040: update.0                        : MainThread     : DEBUG   :  === update.0.child stop called
2018-03-01 18:42:10,060: rp.session.two.vivek.017591.0040: MainProcess                     : MainThread     : DEBUG   : session rp.session.two.vivek.017591.0040 closed comp   update.0
2018-03-01 18:42:10,060: rp.session.two.vivek.017591.0040: MainProcess                     : MainThread     : DEBUG   : session rp.session.two.vivek.017591.0040 closes bridge control.pubsub.bridge.0000
2018-03-01 18:42:11,089: rp.session.two.vivek.017591.0040: MainProcess                     : MainThread     : DEBUG   : session rp.session.two.vivek.017591.0040 closed bridge control.pubsub.bridge.0000
2018-03-01 18:42:11,089: rp.session.two.vivek.017591.0040: MainProcess                     : MainThread     : DEBUG   : session rp.session.two.vivek.017591.0040 closes bridge state.pubsub.bridge.0000
2018-03-01 18:42:12,068: rp.session.two.vivek.017591.0040: MainProcess                     : MainThread     : DEBUG   : session rp.session.two.vivek.017591.0040 closed bridge state.pubsub.bridge.0000
2018-03-01 18:42:12,068: rp.session.two.vivek.017591.0040: MainProcess                     : MainThread     : DEBUG   : session rp.session.two.vivek.017591.0040 closes bridge log.pubsub.bridge.0000
2018-03-01 18:42:12,236: rp.session.two.vivek.017591.0040: MainProcess                     : MainThread     : DEBUG   : session rp.session.two.vivek.017591.0040 closed bridge log.pubsub.bridge.0000
2018-03-01 18:42:12,237: rp.session.two.vivek.017591.0040: MainProcess                     : MainThread     : DEBUG   : session rp.session.two.vivek.017591.0040 closes db (False)
2018-03-01 18:42:12,238: rp.session.two.vivek.017591.0040: MainProcess                     : MainThread     : DEBUG   : session rp.session.two.vivek.017591.0040 closed (delete=False)
2018-03-01 18:42:12,358: rp.session.two.vivek.017591.0040: MainProcess                     : MainThread     : DEBUG   :  === update.0 stop called
2018-03-01 18:42:12,360: rp.session.two.vivek.017591.0040: MainProcess                     : MainThread     : DEBUG   : start download
2018-03-01 18:42:14,484: rp.session.two.vivek.017591.0040: MainProcess                     : MainThread     : INFO    : session written to /home/vivek/repos/adaptive-bms-experiments/task-count-adap/bin/rp.session.two.vivek.017591.0040/rp.session.two.vivek.017591.0040.json
2018-03-01 18:42:15,061: rp.session.two.vivek.017591.0040: MainProcess                     : MainThread     : DEBUG   : Session: rp.session.two.vivek.017591.0040
2018-03-01 18:42:15,061: rp.session.two.vivek.017591.0040: MainProcess                     : MainThread     : DEBUG   : Number of pilots in session: 1
2018-03-01 18:42:15,061: rp.session.two.vivek.017591.0040: MainProcess                     : MainThread     : DEBUG   : processing pilot 'pilot.0000'
2018-03-01 18:42:16,764: rp.session.two.vivek.017591.0040: MainProcess                     : MainThread     : INFO    : profiles tarball exists
2018-03-01 18:42:16,764: rp.session.two.vivek.017591.0040: MainProcess                     : MainThread     : INFO    : fetch 'gsisftp://supermic.cct-lsu.xsede.org:2222/work/vivek91/radical.pilot.sandbox/rp.session.two.vivek.017591.0040/pilot.0000/pilot.0000.prof.tgz' to 'file://localhost/home/vivek/repos/adaptive-bms-experiments/task-count-adap/bin/rp.session.two.vivek.017591.0040/'.
2018-03-01 18:42:19,370: rp.session.two.vivek.017591.0040: MainProcess                     : MainThread     : INFO    : Extract tarball /home/vivek/repos/adaptive-bms-experiments/task-count-adap/bin/rp.session.two.vivek.017591.0040/pilot.0000.prof.tgz to '/home/vivek/repos/adaptive-bms-experiments/task-count-adap/bin/rp.session.two.vivek.017591.0040/'.
2018-03-01 18:42:19,906: rp.session.two.vivek.017591.0040: MainProcess                     : MainThread     : INFO    : Session: rp.session.two.vivek.017591.0040
2018-03-01 18:42:19,906: rp.session.two.vivek.017591.0040: MainProcess                     : MainThread     : INFO    : Number of pilots in session: 1
2018-03-01 18:42:20,664: rp.session.two.vivek.017591.0040: MainProcess                     : MainThread     : INFO    : logfiles tarball exists
2018-03-01 18:42:20,664: rp.session.two.vivek.017591.0040: MainProcess                     : MainThread     : INFO    : Fetching 'gsisftp://supermic.cct-lsu.xsede.org:2222/work/vivek91/radical.pilot.sandbox/rp.session.two.vivek.017591.0040/pilot.0000/pilot.0000.log.tgz' to 'file://localhost/home/vivek/repos/adaptive-bms-experiments/task-count-adap/bin/rp.session.two.vivek.017591.0040/'.
2018-03-01 18:42:22,806: rp.session.two.vivek.017591.0040: MainProcess                     : MainThread     : DEBUG   : Extract tarball /home/vivek/repos/adaptive-bms-experiments/task-count-adap/bin/rp.session.two.vivek.017591.0040/pilot.0000.log.tgz to /home/vivek/repos/adaptive-bms-experiments/task-count-adap/bin/rp.session.two.vivek.017591.0040/
2018-03-01 18:42:22,823: rp.session.two.vivek.017591.0040: MainProcess                     : MainThread     : INFO    : tarball /home/vivek/repos/adaptive-bms-experiments/task-count-adap/bin/rp.session.two.vivek.017591.0040/pilot.0000.log.tgz extracted to '/home/vivek/repos/adaptive-bms-experiments/task-count-adap/bin/rp.session.two.vivek.017591.0040//pilot.0000/'.
