2018-03-01 18:05:46,602: state.pubsub.pub.0000: update.0                        : MainThread     : INFO    : python.interpreter   version: 2.7.12 (default, Nov 20 2017, 18:23:56) [GCC 5.4.0 20160609]
2018-03-01 18:05:46,604: state.pubsub.pub.0000: update.0                        : MainThread     : INFO    :                      pid: 6921
2018-03-01 18:05:46,604: state.pubsub.pub.0000: update.0                        : MainThread     : INFO    :                      tid: MainThread
2018-03-01 18:05:46,604: state.pubsub.pub.0000: update.0                        : MainThread     : INFO    : radical.pilot        version: 0.47.1
2018-03-01 18:05:46,604: state.pubsub.pub.0000: update.0                        : MainThread     : INFO    : create state_pubsub - pub - tcp://138.201.86.166:40798
2018-03-01 18:05:46,604: state.pubsub.pub.0000: update.0                        : MainThread     : DEBUG   : start process
2018-03-01 18:05:46,605: state.pubsub.pub.0000: update.0                        : MainThread     : DEBUG   : ru_initialize_common (NOOP)
2018-03-01 18:05:46,605: state.pubsub.pub.0000: update.0                        : MainThread     : DEBUG   : ru_initialize_parent (NOOP)
2018-03-01 18:05:46,605: state.pubsub.pub.0000: update.0                        : MainThread     : DEBUG   : process class started (no child)
2018-03-01 18:05:47,224: state.pubsub.pub.0000: MainProcess                     : MainThread     : INFO    : python.interpreter   version: 2.7.12 (default, Nov 20 2017, 18:23:56) [GCC 5.4.0 20160609]
2018-03-01 18:05:47,224: state.pubsub.pub.0000: MainProcess                     : MainThread     : INFO    :                      pid: 6804
2018-03-01 18:05:47,224: state.pubsub.pub.0000: MainProcess                     : MainThread     : INFO    :                      tid: MainThread
2018-03-01 18:05:47,224: state.pubsub.pub.0000: MainProcess                     : MainThread     : INFO    : radical.pilot        version: 0.47.1
2018-03-01 18:05:47,224: state.pubsub.pub.0000: MainProcess                     : MainThread     : INFO    : create state_pubsub - pub - tcp://138.201.86.166:40798
2018-03-01 18:05:47,224: state.pubsub.pub.0000: MainProcess                     : MainThread     : DEBUG   : start process
2018-03-01 18:05:47,225: state.pubsub.pub.0000: MainProcess                     : MainThread     : DEBUG   : ru_initialize_common (NOOP)
2018-03-01 18:05:47,225: state.pubsub.pub.0000: MainProcess                     : MainThread     : DEBUG   : ru_initialize_parent (NOOP)
2018-03-01 18:05:47,225: state.pubsub.pub.0000: MainProcess                     : MainThread     : DEBUG   : process class started (no child)
2018-03-01 18:42:09,649: state.pubsub.pub.0000: MainProcess                     : MainThread     : INFO    : parent stops child  6804 -> None [state.pubsub.pub.0000]
2018-03-01 18:42:09,649: state.pubsub.pub.0000: MainProcess                     : MainThread     : DEBUG   : ru_finalize_parent (NOOP)
2018-03-01 18:42:10,006: state.pubsub.pub.0000: update.0                        : MainThread     : INFO    : parent stops child  6921 -> None [state.pubsub.pub.0000]
2018-03-01 18:42:10,006: state.pubsub.pub.0000: update.0                        : MainThread     : DEBUG   : ru_finalize_parent (NOOP)
