2018-03-01 18:05:47,185: state.pubsub.sub.0000: update.0                        : MainThread     : INFO    : python.interpreter   version: 2.7.12 (default, Nov 20 2017, 18:23:56) [GCC 5.4.0 20160609]
2018-03-01 18:05:47,185: state.pubsub.sub.0000: update.0                        : MainThread     : INFO    :                      pid: 6921
2018-03-01 18:05:47,185: state.pubsub.sub.0000: update.0                        : MainThread     : INFO    :                      tid: MainThread
2018-03-01 18:05:47,185: state.pubsub.sub.0000: update.0                        : MainThread     : INFO    : radical.pilot        version: 0.47.1
2018-03-01 18:05:47,186: state.pubsub.sub.0000: update.0                        : MainThread     : INFO    : create state_pubsub - sub - tcp://138.201.86.166:46397
2018-03-01 18:05:47,186: state.pubsub.sub.0000: update.0                        : MainThread     : DEBUG   : start process
2018-03-01 18:05:47,186: state.pubsub.sub.0000: update.0                        : MainThread     : DEBUG   : ru_initialize_common (NOOP)
2018-03-01 18:05:47,186: state.pubsub.sub.0000: update.0                        : MainThread     : DEBUG   : ru_initialize_parent (NOOP)
2018-03-01 18:05:47,186: state.pubsub.sub.0000: update.0                        : MainThread     : DEBUG   : process class started (no child)
2018-03-01 18:05:47,645: state.pubsub.sub.0000: MainProcess                     : MainThread     : INFO    : python.interpreter   version: 2.7.12 (default, Nov 20 2017, 18:23:56) [GCC 5.4.0 20160609]
2018-03-01 18:05:47,646: state.pubsub.sub.0000: MainProcess                     : MainThread     : INFO    :                      pid: 6804
2018-03-01 18:05:47,646: state.pubsub.sub.0000: MainProcess                     : MainThread     : INFO    :                      tid: MainThread
2018-03-01 18:05:47,646: state.pubsub.sub.0000: MainProcess                     : MainThread     : INFO    : radical.pilot        version: 0.47.1
2018-03-01 18:05:47,646: state.pubsub.sub.0000: MainProcess                     : MainThread     : INFO    : create state_pubsub - sub - tcp://138.201.86.166:46397
2018-03-01 18:05:47,646: state.pubsub.sub.0000: MainProcess                     : MainThread     : DEBUG   : start process
2018-03-01 18:05:47,646: state.pubsub.sub.0000: MainProcess                     : MainThread     : DEBUG   : ru_initialize_common (NOOP)
2018-03-01 18:05:47,647: state.pubsub.sub.0000: MainProcess                     : MainThread     : DEBUG   : ru_initialize_parent (NOOP)
2018-03-01 18:05:47,647: state.pubsub.sub.0000: MainProcess                     : MainThread     : DEBUG   : process class started (no child)
2018-03-01 18:42:09,608: state.pubsub.sub.0000: MainProcess                     : MainThread     : INFO    : parent stops child  6804 -> None [state.pubsub.sub.0000]
2018-03-01 18:42:09,608: state.pubsub.sub.0000: MainProcess                     : MainThread     : DEBUG   : ru_finalize_parent (NOOP)
2018-03-01 18:42:10,042: state.pubsub.sub.0000: update.0                        : MainThread     : INFO    : parent stops child  6921 -> None [state.pubsub.sub.0000]
2018-03-01 18:42:10,042: state.pubsub.sub.0000: update.0                        : MainThread     : DEBUG   : ru_finalize_parent (NOOP)
