2018-02-01 01:01:47,464: control.pubsub.sub.0002: umgr.0000.staging.input.0       : MainThread     : INFO    : python.interpreter   version: 2.7.6 (default, Jun 22 2015, 17:58:13) [GCC 4.8.2]
2018-02-01 01:01:47,468: control.pubsub.sub.0002: umgr.0000.staging.input.0       : MainThread     : INFO    :                      pid: 15526
2018-02-01 01:01:47,468: control.pubsub.sub.0002: umgr.0000.staging.input.0       : MainThread     : INFO    :                      tid: MainThread
2018-02-01 01:01:47,468: control.pubsub.sub.0002: umgr.0000.staging.input.0       : MainThread     : INFO    : radical.pilot        version: 0.47.1
2018-02-01 01:01:47,468: control.pubsub.sub.0002: umgr.0000.staging.input.0       : MainThread     : INFO    : create control_pubsub - sub - tcp://172.29.241.4:59065
2018-02-01 01:01:47,468: control.pubsub.sub.0002: umgr.0000.staging.input.0       : MainThread     : DEBUG   : start process
2018-02-01 01:01:47,468: control.pubsub.sub.0002: umgr.0000.staging.input.0       : MainThread     : DEBUG   : ru_initialize_common (NOOP)
2018-02-01 01:01:47,468: control.pubsub.sub.0002: umgr.0000.staging.input.0       : MainThread     : DEBUG   : ru_initialize_parent (NOOP)
2018-02-01 01:01:47,468: control.pubsub.sub.0002: umgr.0000.staging.input.0       : MainThread     : DEBUG   : process class started (no child)
2018-02-01 01:01:48,186: control.pubsub.sub.0002: umgr.0000.scheduling.0          : MainThread     : INFO    : python.interpreter   version: 2.7.6 (default, Jun 22 2015, 17:58:13) [GCC 4.8.2]
2018-02-01 01:01:48,186: control.pubsub.sub.0002: umgr.0000.scheduling.0          : MainThread     : INFO    :                      pid: 15571
2018-02-01 01:01:48,186: control.pubsub.sub.0002: umgr.0000.scheduling.0          : MainThread     : INFO    :                      tid: MainThread
2018-02-01 01:01:48,186: control.pubsub.sub.0002: umgr.0000.scheduling.0          : MainThread     : INFO    : radical.pilot        version: 0.47.1
2018-02-01 01:01:48,187: control.pubsub.sub.0002: umgr.0000.scheduling.0          : MainThread     : INFO    : create control_pubsub - sub - tcp://172.29.241.4:59065
2018-02-01 01:01:48,187: control.pubsub.sub.0002: umgr.0000.scheduling.0          : MainThread     : DEBUG   : start process
2018-02-01 01:01:48,187: control.pubsub.sub.0002: umgr.0000.scheduling.0          : MainThread     : DEBUG   : ru_initialize_common (NOOP)
2018-02-01 01:01:48,187: control.pubsub.sub.0002: umgr.0000.scheduling.0          : MainThread     : DEBUG   : ru_initialize_parent (NOOP)
2018-02-01 01:01:48,187: control.pubsub.sub.0002: umgr.0000.scheduling.0          : MainThread     : DEBUG   : process class started (no child)
2018-02-01 03:20:12,399: control.pubsub.sub.0002: umgr.0000.scheduling.0          : umgr.0000.scheduling.0.child.subscriber._base_command_cb: INFO    : parent stops child  15571 -> None [control.pubsub.sub.0002]
2018-02-01 03:20:12,399: control.pubsub.sub.0002: umgr.0000.scheduling.0          : umgr.0000.scheduling.0.child.subscriber._base_command_cb: DEBUG   : ru_finalize_parent (NOOP)
2018-02-01 03:20:13,200: control.pubsub.sub.0002: umgr.0000.staging.input.0       : MainThread     : INFO    : parent stops child  15526 -> None [control.pubsub.sub.0002]
2018-02-01 03:20:13,201: control.pubsub.sub.0002: umgr.0000.staging.input.0       : MainThread     : DEBUG   : ru_finalize_parent (NOOP)
