2018-02-01 00:58:20,718: rp.session.js-169-212.jetstream-cloud.org.vivek91.017563.1807: MainProcess                     : MainThread     : INFO    : python.interpreter   version: 2.7.6 (default, Jun 22 2015, 17:58:13) [GCC 4.8.2]
2018-02-01 00:58:20,719: rp.session.js-169-212.jetstream-cloud.org.vivek91.017563.1807: MainProcess                     : MainThread     : INFO    :                      pid: 14018
2018-02-01 00:58:20,719: rp.session.js-169-212.jetstream-cloud.org.vivek91.017563.1807: MainProcess                     : MainThread     : INFO    :                      tid: MainThread
2018-02-01 00:58:20,719: rp.session.js-169-212.jetstream-cloud.org.vivek91.017563.1807: MainProcess                     : MainThread     : INFO    : radical.pilot        version: 0.47.1
2018-02-01 00:58:20,719: rp.session.js-169-212.jetstream-cloud.org.vivek91.017563.1807: MainProcess                     : MainThread     : INFO    : using database mongodb://entk:entk@ds125126.mlab.com:25126/adbms-1
2018-02-01 00:58:20,824: rp.session.js-169-212.jetstream-cloud.org.vivek91.017563.1807: MainProcess                     : MainThread     : INFO    : Load resource configurations from /home/vivek91/ves/ve-bms/local/lib/python2.7/site-packages/radical/pilot/configs/resource_ncsa.json
2018-02-01 00:58:20,835: rp.session.js-169-212.jetstream-cloud.org.vivek91.017563.1807: MainProcess                     : MainThread     : INFO    : Load resource configurations for ncsa.bw_orte
2018-02-01 00:58:20,835: rp.session.js-169-212.jetstream-cloud.org.vivek91.017563.1807: MainProcess                     : MainThread     : INFO    : Load resource configurations for ncsa.bw_ccm_ssh
2018-02-01 00:58:20,836: rp.session.js-169-212.jetstream-cloud.org.vivek91.017563.1807: MainProcess                     : MainThread     : INFO    : Load resource configurations for ncsa.bw_ortelib
2018-02-01 00:58:20,836: rp.session.js-169-212.jetstream-cloud.org.vivek91.017563.1807: MainProcess                     : MainThread     : INFO    : Load resource configurations for ncsa.bw_aprun
2018-02-01 00:58:20,837: rp.session.js-169-212.jetstream-cloud.org.vivek91.017563.1807: MainProcess                     : MainThread     : INFO    : Load resource configurations for ncsa.bw_local_orte
2018-02-01 00:58:20,837: rp.session.js-169-212.jetstream-cloud.org.vivek91.017563.1807: MainProcess                     : MainThread     : INFO    : Load resource configurations from /home/vivek91/ves/ve-bms/local/lib/python2.7/site-packages/radical/pilot/configs/resource_epsrc.json
2018-02-01 00:58:20,841: rp.session.js-169-212.jetstream-cloud.org.vivek91.017563.1807: MainProcess                     : MainThread     : INFO    : Load resource configurations for epsrc.archer_orte
2018-02-01 00:58:20,842: rp.session.js-169-212.jetstream-cloud.org.vivek91.017563.1807: MainProcess                     : MainThread     : INFO    : Load resource configurations for epsrc.archer_aprun
2018-02-01 00:58:20,842: rp.session.js-169-212.jetstream-cloud.org.vivek91.017563.1807: MainProcess                     : MainThread     : INFO    : Load resource configurations from /home/vivek91/ves/ve-bms/local/lib/python2.7/site-packages/radical/pilot/configs/resource_das5.json
2018-02-01 00:58:20,843: rp.session.js-169-212.jetstream-cloud.org.vivek91.017563.1807: MainProcess                     : MainThread     : INFO    : Load resource configurations for das5.fs1_ssh
2018-02-01 00:58:20,844: rp.session.js-169-212.jetstream-cloud.org.vivek91.017563.1807: MainProcess                     : MainThread     : INFO    : Load resource configurations from /home/vivek91/ves/ve-bms/local/lib/python2.7/site-packages/radical/pilot/configs/resource_das4.json
2018-02-01 00:58:20,845: rp.session.js-169-212.jetstream-cloud.org.vivek91.017563.1807: MainProcess                     : MainThread     : INFO    : Load resource configurations for das4.fs2_ssh
2018-02-01 00:58:20,845: rp.session.js-169-212.jetstream-cloud.org.vivek91.017563.1807: MainProcess                     : MainThread     : INFO    : Load resource configurations from /home/vivek91/ves/ve-bms/local/lib/python2.7/site-packages/radical/pilot/configs/resource_local.json
2018-02-01 00:58:20,854: rp.session.js-169-212.jetstream-cloud.org.vivek91.017563.1807: MainProcess                     : MainThread     : INFO    : Load resource configurations for local.localhost_orte
2018-02-01 00:58:20,855: rp.session.js-169-212.jetstream-cloud.org.vivek91.017563.1807: MainProcess                     : MainThread     : INFO    : Load resource configurations for local.localhost_anaconda
2018-02-01 00:58:20,855: rp.session.js-169-212.jetstream-cloud.org.vivek91.017563.1807: MainProcess                     : MainThread     : INFO    : Load resource configurations for local.localhost_ortelib
2018-02-01 00:58:20,855: rp.session.js-169-212.jetstream-cloud.org.vivek91.017563.1807: MainProcess                     : MainThread     : INFO    : Load resource configurations for local.localhost
2018-02-01 00:58:20,856: rp.session.js-169-212.jetstream-cloud.org.vivek91.017563.1807: MainProcess                     : MainThread     : INFO    : Load resource configurations for local.localhost_spark
2018-02-01 00:58:20,856: rp.session.js-169-212.jetstream-cloud.org.vivek91.017563.1807: MainProcess                     : MainThread     : INFO    : Load resource configurations for local.localhost_spark_anaconda
2018-02-01 00:58:20,856: rp.session.js-169-212.jetstream-cloud.org.vivek91.017563.1807: MainProcess                     : MainThread     : INFO    : Load resource configurations for local.localhost_yarn
2018-02-01 00:58:20,857: rp.session.js-169-212.jetstream-cloud.org.vivek91.017563.1807: MainProcess                     : MainThread     : INFO    : Load resource configurations from /home/vivek91/ves/ve-bms/local/lib/python2.7/site-packages/radical/pilot/configs/resource_ornl.json
2018-02-01 00:58:20,862: rp.session.js-169-212.jetstream-cloud.org.vivek91.017563.1807: MainProcess                     : MainThread     : INFO    : Load resource configurations for ornl.titan_orte
2018-02-01 00:58:20,863: rp.session.js-169-212.jetstream-cloud.org.vivek91.017563.1807: MainProcess                     : MainThread     : INFO    : Load resource configurations for ornl.titan_aprun
2018-02-01 00:58:20,863: rp.session.js-169-212.jetstream-cloud.org.vivek91.017563.1807: MainProcess                     : MainThread     : INFO    : Load resource configurations for ornl.titan_ortelib
2018-02-01 00:58:20,863: rp.session.js-169-212.jetstream-cloud.org.vivek91.017563.1807: MainProcess                     : MainThread     : INFO    : Load resource configurations from /home/vivek91/ves/ve-bms/local/lib/python2.7/site-packages/radical/pilot/configs/resource_stfc.json
2018-02-01 00:58:20,865: rp.session.js-169-212.jetstream-cloud.org.vivek91.017563.1807: MainProcess                     : MainThread     : INFO    : Load resource configurations for stfc.joule_runjob
2018-02-01 00:58:20,866: rp.session.js-169-212.jetstream-cloud.org.vivek91.017563.1807: MainProcess                     : MainThread     : INFO    : Load resource configurations from /home/vivek91/ves/ve-bms/local/lib/python2.7/site-packages/radical/pilot/configs/resource_ncar.json
2018-02-01 00:58:20,868: rp.session.js-169-212.jetstream-cloud.org.vivek91.017563.1807: MainProcess                     : MainThread     : INFO    : Load resource configurations for ncar.yellowstone_ssh
2018-02-01 00:58:20,868: rp.session.js-169-212.jetstream-cloud.org.vivek91.017563.1807: MainProcess                     : MainThread     : INFO    : Load resource configurations from /home/vivek91/ves/ve-bms/local/lib/python2.7/site-packages/radical/pilot/configs/resource_yale.json
2018-02-01 00:58:20,870: rp.session.js-169-212.jetstream-cloud.org.vivek91.017563.1807: MainProcess                     : MainThread     : INFO    : Load resource configurations for yale.grace_ssh
2018-02-01 00:58:20,870: rp.session.js-169-212.jetstream-cloud.org.vivek91.017563.1807: MainProcess                     : MainThread     : INFO    : Load resource configurations from /home/vivek91/ves/ve-bms/local/lib/python2.7/site-packages/radical/pilot/configs/resource_chameleon.json
2018-02-01 00:58:20,872: rp.session.js-169-212.jetstream-cloud.org.vivek91.017563.1807: MainProcess                     : MainThread     : INFO    : Load resource configurations for chameleon.cloud_vm_yarn
2018-02-01 00:58:20,872: rp.session.js-169-212.jetstream-cloud.org.vivek91.017563.1807: MainProcess                     : MainThread     : INFO    : Load resource configurations from /home/vivek91/ves/ve-bms/local/lib/python2.7/site-packages/radical/pilot/configs/resource_osg.json
2018-02-01 00:58:20,876: rp.session.js-169-212.jetstream-cloud.org.vivek91.017563.1807: MainProcess                     : MainThread     : INFO    : Load resource configurations for osg.xsede-virt-clust
2018-02-01 00:58:20,877: rp.session.js-169-212.jetstream-cloud.org.vivek91.017563.1807: MainProcess                     : MainThread     : INFO    : Load resource configurations for osg.connect
2018-02-01 00:58:20,878: rp.session.js-169-212.jetstream-cloud.org.vivek91.017563.1807: MainProcess                     : MainThread     : INFO    : Load resource configurations from /home/vivek91/ves/ve-bms/local/lib/python2.7/site-packages/radical/pilot/configs/resource_futuregrid.json
2018-02-01 00:58:20,885: rp.session.js-169-212.jetstream-cloud.org.vivek91.017563.1807: MainProcess                     : MainThread     : INFO    : Load resource configurations for futuregrid.delta_ssh
2018-02-01 00:58:20,885: rp.session.js-169-212.jetstream-cloud.org.vivek91.017563.1807: MainProcess                     : MainThread     : INFO    : Load resource configurations for futuregrid.india_ssh
2018-02-01 00:58:20,886: rp.session.js-169-212.jetstream-cloud.org.vivek91.017563.1807: MainProcess                     : MainThread     : INFO    : Load resource configurations for futuregrid.echo_ssh
2018-02-01 00:58:20,886: rp.session.js-169-212.jetstream-cloud.org.vivek91.017563.1807: MainProcess                     : MainThread     : INFO    : Load resource configurations for futuregrid.xray_ccm
2018-02-01 00:58:20,886: rp.session.js-169-212.jetstream-cloud.org.vivek91.017563.1807: MainProcess                     : MainThread     : INFO    : Load resource configurations for futuregrid.bravo_ssh
2018-02-01 00:58:20,886: rp.session.js-169-212.jetstream-cloud.org.vivek91.017563.1807: MainProcess                     : MainThread     : INFO    : Load resource configurations for futuregrid.xray_aprun
2018-02-01 00:58:20,887: rp.session.js-169-212.jetstream-cloud.org.vivek91.017563.1807: MainProcess                     : MainThread     : INFO    : Load resource configurations from /home/vivek91/ves/ve-bms/local/lib/python2.7/site-packages/radical/pilot/configs/resource_rice.json
2018-02-01 00:58:20,889: rp.session.js-169-212.jetstream-cloud.org.vivek91.017563.1807: MainProcess                     : MainThread     : INFO    : Load resource configurations for rice.davinci_ssh
2018-02-01 00:58:20,889: rp.session.js-169-212.jetstream-cloud.org.vivek91.017563.1807: MainProcess                     : MainThread     : INFO    : Load resource configurations for rice.biou_ssh
2018-02-01 00:58:20,889: rp.session.js-169-212.jetstream-cloud.org.vivek91.017563.1807: MainProcess                     : MainThread     : INFO    : Load resource configurations from /home/vivek91/ves/ve-bms/local/lib/python2.7/site-packages/radical/pilot/configs/resource_iu.json
2018-02-01 00:58:20,891: rp.session.js-169-212.jetstream-cloud.org.vivek91.017563.1807: MainProcess                     : MainThread     : INFO    : Load resource configurations for iu.bigred2_ccm_ssh
2018-02-01 00:58:20,891: rp.session.js-169-212.jetstream-cloud.org.vivek91.017563.1807: MainProcess                     : MainThread     : INFO    : Load resource configurations for iu.bigred2_aprun
2018-02-01 00:58:20,892: rp.session.js-169-212.jetstream-cloud.org.vivek91.017563.1807: MainProcess                     : MainThread     : INFO    : Load resource configurations from /home/vivek91/ves/ve-bms/local/lib/python2.7/site-packages/radical/pilot/configs/resource_lrz.json
2018-02-01 00:58:20,893: rp.session.js-169-212.jetstream-cloud.org.vivek91.017563.1807: MainProcess                     : MainThread     : INFO    : Load resource configurations for lrz.supermuc_ssh
2018-02-01 00:58:20,893: rp.session.js-169-212.jetstream-cloud.org.vivek91.017563.1807: MainProcess                     : MainThread     : INFO    : Load resource configurations from /home/vivek91/ves/ve-bms/local/lib/python2.7/site-packages/radical/pilot/configs/resource_radical.json
2018-02-01 00:58:20,896: rp.session.js-169-212.jetstream-cloud.org.vivek91.017563.1807: MainProcess                     : MainThread     : INFO    : Load resource configurations for radical.two
2018-02-01 00:58:20,896: rp.session.js-169-212.jetstream-cloud.org.vivek91.017563.1807: MainProcess                     : MainThread     : INFO    : Load resource configurations for radical.tutorial
2018-02-01 00:58:20,897: rp.session.js-169-212.jetstream-cloud.org.vivek91.017563.1807: MainProcess                     : MainThread     : INFO    : Load resource configurations for radical.one
2018-02-01 00:58:20,897: rp.session.js-169-212.jetstream-cloud.org.vivek91.017563.1807: MainProcess                     : MainThread     : INFO    : Load resource configurations from /home/vivek91/ves/ve-bms/local/lib/python2.7/site-packages/radical/pilot/configs/resource_nersc.json
2018-02-01 00:58:20,903: rp.session.js-169-212.jetstream-cloud.org.vivek91.017563.1807: MainProcess                     : MainThread     : INFO    : Load resource configurations for nersc.edison_ccm_ssh
2018-02-01 00:58:20,904: rp.session.js-169-212.jetstream-cloud.org.vivek91.017563.1807: MainProcess                     : MainThread     : INFO    : Load resource configurations for nersc.hopper_orte
2018-02-01 00:58:20,904: rp.session.js-169-212.jetstream-cloud.org.vivek91.017563.1807: MainProcess                     : MainThread     : INFO    : Load resource configurations for nersc.hopper_ccm_ssh
2018-02-01 00:58:20,904: rp.session.js-169-212.jetstream-cloud.org.vivek91.017563.1807: MainProcess                     : MainThread     : INFO    : Load resource configurations for nersc.edison_aprun
2018-02-01 00:58:20,904: rp.session.js-169-212.jetstream-cloud.org.vivek91.017563.1807: MainProcess                     : MainThread     : INFO    : Load resource configurations for nersc.hopper_aprun
2018-02-01 00:58:20,905: rp.session.js-169-212.jetstream-cloud.org.vivek91.017563.1807: MainProcess                     : MainThread     : INFO    : Load resource configurations for nersc.edison_orte
2018-02-01 00:58:20,905: rp.session.js-169-212.jetstream-cloud.org.vivek91.017563.1807: MainProcess                     : MainThread     : INFO    : Load resource configurations from /home/vivek91/ves/ve-bms/local/lib/python2.7/site-packages/radical/pilot/configs/resource_lumc.json
2018-02-01 00:58:20,907: rp.session.js-169-212.jetstream-cloud.org.vivek91.017563.1807: MainProcess                     : MainThread     : INFO    : Load resource configurations for lumc.gb-ui_ssh
2018-02-01 00:58:20,907: rp.session.js-169-212.jetstream-cloud.org.vivek91.017563.1807: MainProcess                     : MainThread     : INFO    : Load resource configurations for lumc.shark_ssh
2018-02-01 00:58:20,908: rp.session.js-169-212.jetstream-cloud.org.vivek91.017563.1807: MainProcess                     : MainThread     : INFO    : Load resource configurations from /home/vivek91/ves/ve-bms/local/lib/python2.7/site-packages/radical/pilot/configs/resource_xsede.json
2018-02-01 00:58:20,932: rp.session.js-169-212.jetstream-cloud.org.vivek91.017563.1807: MainProcess                     : MainThread     : INFO    : Load resource configurations for xsede.gordon_ssh
2018-02-01 00:58:20,933: rp.session.js-169-212.jetstream-cloud.org.vivek91.017563.1807: MainProcess                     : MainThread     : INFO    : Load resource configurations for xsede.lonestar_ssh
2018-02-01 00:58:20,933: rp.session.js-169-212.jetstream-cloud.org.vivek91.017563.1807: MainProcess                     : MainThread     : INFO    : Load resource configurations for xsede.supermic_spark
2018-02-01 00:58:20,933: rp.session.js-169-212.jetstream-cloud.org.vivek91.017563.1807: MainProcess                     : MainThread     : INFO    : Load resource configurations for xsede.wrangler_yarn
2018-02-01 00:58:20,933: rp.session.js-169-212.jetstream-cloud.org.vivek91.017563.1807: MainProcess                     : MainThread     : INFO    : Load resource configurations for xsede.blacklight_ssh
2018-02-01 00:58:20,934: rp.session.js-169-212.jetstream-cloud.org.vivek91.017563.1807: MainProcess                     : MainThread     : INFO    : Load resource configurations for xsede.stampede_ortelib
2018-02-01 00:58:20,934: rp.session.js-169-212.jetstream-cloud.org.vivek91.017563.1807: MainProcess                     : MainThread     : INFO    : Load resource configurations for xsede.stampede_yarn
2018-02-01 00:58:20,934: rp.session.js-169-212.jetstream-cloud.org.vivek91.017563.1807: MainProcess                     : MainThread     : INFO    : Load resource configurations for xsede.stampede_ssh
2018-02-01 00:58:20,935: rp.session.js-169-212.jetstream-cloud.org.vivek91.017563.1807: MainProcess                     : MainThread     : INFO    : Load resource configurations for xsede.greenfield
2018-02-01 00:58:20,935: rp.session.js-169-212.jetstream-cloud.org.vivek91.017563.1807: MainProcess                     : MainThread     : INFO    : Load resource configurations for xsede.bridges
2018-02-01 00:58:20,935: rp.session.js-169-212.jetstream-cloud.org.vivek91.017563.1807: MainProcess                     : MainThread     : INFO    : Load resource configurations for xsede.trestles_ssh
2018-02-01 00:58:20,935: rp.session.js-169-212.jetstream-cloud.org.vivek91.017563.1807: MainProcess                     : MainThread     : INFO    : Load resource configurations for xsede.supermic_ortelib
2018-02-01 00:58:20,936: rp.session.js-169-212.jetstream-cloud.org.vivek91.017563.1807: MainProcess                     : MainThread     : INFO    : Load resource configurations for xsede.stampede2_ssh
2018-02-01 00:58:20,936: rp.session.js-169-212.jetstream-cloud.org.vivek91.017563.1807: MainProcess                     : MainThread     : INFO    : Load resource configurations for xsede.supermic_ssh
2018-02-01 00:58:20,936: rp.session.js-169-212.jetstream-cloud.org.vivek91.017563.1807: MainProcess                     : MainThread     : INFO    : Load resource configurations for xsede.wrangler_ssh
2018-02-01 00:58:20,936: rp.session.js-169-212.jetstream-cloud.org.vivek91.017563.1807: MainProcess                     : MainThread     : INFO    : Load resource configurations for xsede.supermic_orte
2018-02-01 00:58:20,937: rp.session.js-169-212.jetstream-cloud.org.vivek91.017563.1807: MainProcess                     : MainThread     : INFO    : Load resource configurations for xsede.wrangler_spark
2018-02-01 00:58:20,937: rp.session.js-169-212.jetstream-cloud.org.vivek91.017563.1807: MainProcess                     : MainThread     : INFO    : Load resource configurations for xsede.stampede_orte
2018-02-01 00:58:20,937: rp.session.js-169-212.jetstream-cloud.org.vivek91.017563.1807: MainProcess                     : MainThread     : INFO    : Load resource configurations for xsede.comet_ortelib
2018-02-01 00:58:20,938: rp.session.js-169-212.jetstream-cloud.org.vivek91.017563.1807: MainProcess                     : MainThread     : INFO    : Load resource configurations for xsede.comet_orte
2018-02-01 00:58:20,938: rp.session.js-169-212.jetstream-cloud.org.vivek91.017563.1807: MainProcess                     : MainThread     : INFO    : Load resource configurations for xsede.comet_spark
2018-02-01 00:58:20,938: rp.session.js-169-212.jetstream-cloud.org.vivek91.017563.1807: MainProcess                     : MainThread     : INFO    : Load resource configurations for xsede.comet_ssh
2018-02-01 00:58:20,938: rp.session.js-169-212.jetstream-cloud.org.vivek91.017563.1807: MainProcess                     : MainThread     : INFO    : Load resource configurations for xsede.stampede_spark
2018-02-01 00:58:20,939: rp.session.js-169-212.jetstream-cloud.org.vivek91.017563.1807: MainProcess                     : MainThread     : INFO    : Load resource configurations from /home/vivek91/ves/ve-bms/local/lib/python2.7/site-packages/radical/pilot/configs/resource_fub.json
2018-02-01 00:58:20,940: rp.session.js-169-212.jetstream-cloud.org.vivek91.017563.1807: MainProcess                     : MainThread     : INFO    : Load resource configurations for fub.allegro_rsh
2018-02-01 00:58:20,940: rp.session.js-169-212.jetstream-cloud.org.vivek91.017563.1807: MainProcess                     : MainThread     : INFO    : Load resource configurations from /home/vivek91/ves/ve-bms/local/lib/python2.7/site-packages/radical/pilot/configs/resource_aliases.json
2018-02-01 00:58:21,348: rp.session.js-169-212.jetstream-cloud.org.vivek91.017563.1807: MainProcess                     : MainThread     : INFO    : New Session created: rp.session.js-169-212.jetstream-cloud.org.vivek91.017563.1807.
2018-02-01 00:58:21,349: rp.session.js-169-212.jetstream-cloud.org.vivek91.017563.1807: MainProcess                     : MainThread     : DEBUG   : start bridges   : {u'control_pubsub': {u'bulk_size': 0, u'log_level': u'debug', u'stall_hwm': 1},
 u'log_pubsub': {u'bulk_size': 0, u'log_level': u'debug', u'stall_hwm': 1},
 u'state_pubsub': {u'bulk_size': 0, u'log_level': u'debug', u'stall_hwm': 1}}
2018-02-01 00:58:21,349: rp.session.js-169-212.jetstream-cloud.org.vivek91.017563.1807: MainProcess                     : MainThread     : INFO    : create bridge control_pubsub
2018-02-01 00:58:21,369: rp.session.js-169-212.jetstream-cloud.org.vivek91.017563.1807: MainProcess                     : MainThread     : INFO    : created bridge control_pubsub (control.pubsub.bridge.0000)
2018-02-01 00:58:21,369: rp.session.js-169-212.jetstream-cloud.org.vivek91.017563.1807: MainProcess                     : MainThread     : INFO    : create bridge state_pubsub
2018-02-01 00:58:21,382: rp.session.js-169-212.jetstream-cloud.org.vivek91.017563.1807: MainProcess                     : MainThread     : INFO    : created bridge state_pubsub (state.pubsub.bridge.0000)
2018-02-01 00:58:21,382: rp.session.js-169-212.jetstream-cloud.org.vivek91.017563.1807: MainProcess                     : MainThread     : INFO    : create bridge log_pubsub
2018-02-01 00:58:21,396: rp.session.js-169-212.jetstream-cloud.org.vivek91.017563.1807: MainProcess                     : MainThread     : INFO    : created bridge log_pubsub (log.pubsub.bridge.0000)
2018-02-01 00:58:21,396: rp.session.js-169-212.jetstream-cloud.org.vivek91.017563.1807: MainProcess                     : MainThread     : DEBUG   : start components: {u'UpdateWorker': {u'count': 1}}
2018-02-01 00:58:21,396: rp.session.js-169-212.jetstream-cloud.org.vivek91.017563.1807: MainProcess                     : MainThread     : DEBUG   : start 1 component(s) UpdateWorker
2018-02-01 00:58:21,921: rp.session.js-169-212.jetstream-cloud.org.vivek91.017563.1807: MainProcess                     : MainThread     : INFO    : rp.session.js-169-212.jetstream-cloud.org.vivek91.017563.1807 starts update.0
2018-02-01 00:58:22,315: rp.session.js-169-212.jetstream-cloud.org.vivek91.017563.1807: MainProcess                     : MainThread     : WARNING : using alias 'xsede.supermic_ssh' for deprecated resource key 'xsede.supermic'
2018-02-01 00:58:22,315: rp.session.js-169-212.jetstream-cloud.org.vivek91.017563.1807: MainProcess                     : MainThread     : WARNING : using alias 'xsede.supermic_ssh' for deprecated resource key 'xsede.supermic'
2018-02-01 00:58:22,315: rp.session.js-169-212.jetstream-cloud.org.vivek91.017563.1807: MainProcess                     : MainThread     : DEBUG   : rsup.PTYShell('gsissh://supermic.cct-lsu.xsede.org:2222/')
2018-02-01 00:58:25,657: rp.session.js-169-212.jetstream-cloud.org.vivek91.017563.1807: MainProcess                     : MainThread     : DEBUG   : sandbox base gsissh://supermic.cct-lsu.xsede.org:2222/: '/work/vivek91'
2018-02-01 00:58:25,683: rp.session.js-169-212.jetstream-cloud.org.vivek91.017563.1807: MainProcess                     : MainThread     : DEBUG   : bulk pilot insert result: {'nModified': 0, 'nUpserted': 0, 'nMatched': 0, 'writeErrors': [], 'upserted': [], 'writeConcernErrors': [], 'nRemoved': 0, 'nInserted': 1}
2018-02-01 00:58:25,685: rp.session.js-169-212.jetstream-cloud.org.vivek91.017563.1807: pmgr.0000.launching.0           : MainThread     : WARNING : using alias 'xsede.supermic_ssh' for deprecated resource key 'xsede.supermic'
2018-02-01 00:58:25,686: rp.session.js-169-212.jetstream-cloud.org.vivek91.017563.1807: pmgr.0000.launching.0           : MainThread     : WARNING : using alias 'xsede.supermic_ssh' for deprecated resource key 'xsede.supermic'
2018-02-01 00:58:25,686: rp.session.js-169-212.jetstream-cloud.org.vivek91.017563.1807: pmgr.0000.launching.0           : MainThread     : DEBUG   : rsup.PTYShell('gsissh://supermic.cct-lsu.xsede.org:2222/')
2018-02-01 00:58:27,124: rp.session.js-169-212.jetstream-cloud.org.vivek91.017563.1807: pmgr.0000.launching.0           : MainThread     : DEBUG   : sandbox base gsissh://supermic.cct-lsu.xsede.org:2222/: '/work/vivek91'
2018-02-01 01:01:48,558: rp.session.js-169-212.jetstream-cloud.org.vivek91.017563.1807: task-manager                    : MainThread     : DEBUG   : bulk unit insert result: {'nModified': 0, 'nUpserted': 0, 'nMatched': 0, 'writeErrors': [], 'upserted': [], 'writeConcernErrors': [], 'nRemoved': 0, 'nInserted': 1}
2018-02-01 01:02:54,479: rp.session.js-169-212.jetstream-cloud.org.vivek91.017563.1807: task-manager                    : MainThread     : DEBUG   : bulk unit insert result: {'nModified': 0, 'nUpserted': 0, 'nMatched': 0, 'writeErrors': [], 'upserted': [], 'writeConcernErrors': [], 'nRemoved': 0, 'nInserted': 1}
2018-02-01 01:03:59,284: rp.session.js-169-212.jetstream-cloud.org.vivek91.017563.1807: task-manager                    : MainThread     : DEBUG   : bulk unit insert result: {'nModified': 0, 'nUpserted': 0, 'nMatched': 0, 'writeErrors': [], 'upserted': [], 'writeConcernErrors': [], 'nRemoved': 0, 'nInserted': 1}
2018-02-01 01:05:04,122: rp.session.js-169-212.jetstream-cloud.org.vivek91.017563.1807: task-manager                    : MainThread     : DEBUG   : bulk unit insert result: {'nModified': 0, 'nUpserted': 0, 'nMatched': 0, 'writeErrors': [], 'upserted': [], 'writeConcernErrors': [], 'nRemoved': 0, 'nInserted': 1}
2018-02-01 01:06:09,913: rp.session.js-169-212.jetstream-cloud.org.vivek91.017563.1807: task-manager                    : MainThread     : DEBUG   : bulk unit insert result: {'nModified': 0, 'nUpserted': 0, 'nMatched': 0, 'writeErrors': [], 'upserted': [], 'writeConcernErrors': [], 'nRemoved': 0, 'nInserted': 1}
2018-02-01 01:07:13,779: rp.session.js-169-212.jetstream-cloud.org.vivek91.017563.1807: task-manager                    : MainThread     : DEBUG   : bulk unit insert result: {'nModified': 0, 'nUpserted': 0, 'nMatched': 0, 'writeErrors': [], 'upserted': [], 'writeConcernErrors': [], 'nRemoved': 0, 'nInserted': 1}
2018-02-01 01:08:18,643: rp.session.js-169-212.jetstream-cloud.org.vivek91.017563.1807: task-manager                    : MainThread     : DEBUG   : bulk unit insert result: {'nModified': 0, 'nUpserted': 0, 'nMatched': 0, 'writeErrors': [], 'upserted': [], 'writeConcernErrors': [], 'nRemoved': 0, 'nInserted': 1}
2018-02-01 01:09:23,867: rp.session.js-169-212.jetstream-cloud.org.vivek91.017563.1807: task-manager                    : MainThread     : DEBUG   : bulk unit insert result: {'nModified': 0, 'nUpserted': 0, 'nMatched': 0, 'writeErrors': [], 'upserted': [], 'writeConcernErrors': [], 'nRemoved': 0, 'nInserted': 1}
2018-02-01 01:10:28,163: rp.session.js-169-212.jetstream-cloud.org.vivek91.017563.1807: task-manager                    : MainThread     : DEBUG   : bulk unit insert result: {'nModified': 0, 'nUpserted': 0, 'nMatched': 0, 'writeErrors': [], 'upserted': [], 'writeConcernErrors': [], 'nRemoved': 0, 'nInserted': 1}
2018-02-01 01:11:32,377: rp.session.js-169-212.jetstream-cloud.org.vivek91.017563.1807: task-manager                    : MainThread     : DEBUG   : bulk unit insert result: {'nModified': 0, 'nUpserted': 0, 'nMatched': 0, 'writeErrors': [], 'upserted': [], 'writeConcernErrors': [], 'nRemoved': 0, 'nInserted': 1}
2018-02-01 01:12:36,670: rp.session.js-169-212.jetstream-cloud.org.vivek91.017563.1807: task-manager                    : MainThread     : DEBUG   : bulk unit insert result: {'nModified': 0, 'nUpserted': 0, 'nMatched': 0, 'writeErrors': [], 'upserted': [], 'writeConcernErrors': [], 'nRemoved': 0, 'nInserted': 1}
2018-02-01 01:13:40,919: rp.session.js-169-212.jetstream-cloud.org.vivek91.017563.1807: task-manager                    : MainThread     : DEBUG   : bulk unit insert result: {'nModified': 0, 'nUpserted': 0, 'nMatched': 0, 'writeErrors': [], 'upserted': [], 'writeConcernErrors': [], 'nRemoved': 0, 'nInserted': 1}
2018-02-01 01:14:44,243: rp.session.js-169-212.jetstream-cloud.org.vivek91.017563.1807: task-manager                    : MainThread     : DEBUG   : bulk unit insert result: {'nModified': 0, 'nUpserted': 0, 'nMatched': 0, 'writeErrors': [], 'upserted': [], 'writeConcernErrors': [], 'nRemoved': 0, 'nInserted': 1}
2018-02-01 01:15:47,414: rp.session.js-169-212.jetstream-cloud.org.vivek91.017563.1807: task-manager                    : MainThread     : DEBUG   : bulk unit insert result: {'nModified': 0, 'nUpserted': 0, 'nMatched': 0, 'writeErrors': [], 'upserted': [], 'writeConcernErrors': [], 'nRemoved': 0, 'nInserted': 1}
2018-02-01 01:16:53,316: rp.session.js-169-212.jetstream-cloud.org.vivek91.017563.1807: task-manager                    : MainThread     : DEBUG   : bulk unit insert result: {'nModified': 0, 'nUpserted': 0, 'nMatched': 0, 'writeErrors': [], 'upserted': [], 'writeConcernErrors': [], 'nRemoved': 0, 'nInserted': 1}
2018-02-01 01:17:59,065: rp.session.js-169-212.jetstream-cloud.org.vivek91.017563.1807: task-manager                    : MainThread     : DEBUG   : bulk unit insert result: {'nModified': 0, 'nUpserted': 0, 'nMatched': 0, 'writeErrors': [], 'upserted': [], 'writeConcernErrors': [], 'nRemoved': 0, 'nInserted': 1}
2018-02-01 01:19:04,914: rp.session.js-169-212.jetstream-cloud.org.vivek91.017563.1807: task-manager                    : MainThread     : DEBUG   : bulk unit insert result: {'nModified': 0, 'nUpserted': 0, 'nMatched': 0, 'writeErrors': [], 'upserted': [], 'writeConcernErrors': [], 'nRemoved': 0, 'nInserted': 1}
2018-02-01 01:20:09,585: rp.session.js-169-212.jetstream-cloud.org.vivek91.017563.1807: task-manager                    : MainThread     : DEBUG   : bulk unit insert result: {'nModified': 0, 'nUpserted': 0, 'nMatched': 0, 'writeErrors': [], 'upserted': [], 'writeConcernErrors': [], 'nRemoved': 0, 'nInserted': 1}
2018-02-01 01:21:13,278: rp.session.js-169-212.jetstream-cloud.org.vivek91.017563.1807: task-manager                    : MainThread     : DEBUG   : bulk unit insert result: {'nModified': 0, 'nUpserted': 0, 'nMatched': 0, 'writeErrors': [], 'upserted': [], 'writeConcernErrors': [], 'nRemoved': 0, 'nInserted': 1}
2018-02-01 01:22:19,094: rp.session.js-169-212.jetstream-cloud.org.vivek91.017563.1807: task-manager                    : MainThread     : DEBUG   : bulk unit insert result: {'nModified': 0, 'nUpserted': 0, 'nMatched': 0, 'writeErrors': [], 'upserted': [], 'writeConcernErrors': [], 'nRemoved': 0, 'nInserted': 1}
2018-02-01 01:23:23,769: rp.session.js-169-212.jetstream-cloud.org.vivek91.017563.1807: task-manager                    : MainThread     : DEBUG   : bulk unit insert result: {'nModified': 0, 'nUpserted': 0, 'nMatched': 0, 'writeErrors': [], 'upserted': [], 'writeConcernErrors': [], 'nRemoved': 0, 'nInserted': 1}
2018-02-01 01:24:29,048: rp.session.js-169-212.jetstream-cloud.org.vivek91.017563.1807: task-manager                    : MainThread     : DEBUG   : bulk unit insert result: {'nModified': 0, 'nUpserted': 0, 'nMatched': 0, 'writeErrors': [], 'upserted': [], 'writeConcernErrors': [], 'nRemoved': 0, 'nInserted': 1}
2018-02-01 01:25:32,881: rp.session.js-169-212.jetstream-cloud.org.vivek91.017563.1807: task-manager                    : MainThread     : DEBUG   : bulk unit insert result: {'nModified': 0, 'nUpserted': 0, 'nMatched': 0, 'writeErrors': [], 'upserted': [], 'writeConcernErrors': [], 'nRemoved': 0, 'nInserted': 1}
2018-02-01 01:26:36,517: rp.session.js-169-212.jetstream-cloud.org.vivek91.017563.1807: task-manager                    : MainThread     : DEBUG   : bulk unit insert result: {'nModified': 0, 'nUpserted': 0, 'nMatched': 0, 'writeErrors': [], 'upserted': [], 'writeConcernErrors': [], 'nRemoved': 0, 'nInserted': 1}
2018-02-01 01:27:41,221: rp.session.js-169-212.jetstream-cloud.org.vivek91.017563.1807: task-manager                    : MainThread     : DEBUG   : bulk unit insert result: {'nModified': 0, 'nUpserted': 0, 'nMatched': 0, 'writeErrors': [], 'upserted': [], 'writeConcernErrors': [], 'nRemoved': 0, 'nInserted': 1}
2018-02-01 01:28:44,960: rp.session.js-169-212.jetstream-cloud.org.vivek91.017563.1807: task-manager                    : MainThread     : DEBUG   : bulk unit insert result: {'nModified': 0, 'nUpserted': 0, 'nMatched': 0, 'writeErrors': [], 'upserted': [], 'writeConcernErrors': [], 'nRemoved': 0, 'nInserted': 1}
2018-02-01 01:29:49,660: rp.session.js-169-212.jetstream-cloud.org.vivek91.017563.1807: task-manager                    : MainThread     : DEBUG   : bulk unit insert result: {'nModified': 0, 'nUpserted': 0, 'nMatched': 0, 'writeErrors': [], 'upserted': [], 'writeConcernErrors': [], 'nRemoved': 0, 'nInserted': 1}
2018-02-01 01:30:55,744: rp.session.js-169-212.jetstream-cloud.org.vivek91.017563.1807: task-manager                    : MainThread     : DEBUG   : bulk unit insert result: {'nModified': 0, 'nUpserted': 0, 'nMatched': 0, 'writeErrors': [], 'upserted': [], 'writeConcernErrors': [], 'nRemoved': 0, 'nInserted': 1}
2018-02-01 01:32:00,515: rp.session.js-169-212.jetstream-cloud.org.vivek91.017563.1807: task-manager                    : MainThread     : DEBUG   : bulk unit insert result: {'nModified': 0, 'nUpserted': 0, 'nMatched': 0, 'writeErrors': [], 'upserted': [], 'writeConcernErrors': [], 'nRemoved': 0, 'nInserted': 1}
2018-02-01 01:33:05,358: rp.session.js-169-212.jetstream-cloud.org.vivek91.017563.1807: task-manager                    : MainThread     : DEBUG   : bulk unit insert result: {'nModified': 0, 'nUpserted': 0, 'nMatched': 0, 'writeErrors': [], 'upserted': [], 'writeConcernErrors': [], 'nRemoved': 0, 'nInserted': 1}
2018-02-01 01:34:10,020: rp.session.js-169-212.jetstream-cloud.org.vivek91.017563.1807: task-manager                    : MainThread     : DEBUG   : bulk unit insert result: {'nModified': 0, 'nUpserted': 0, 'nMatched': 0, 'writeErrors': [], 'upserted': [], 'writeConcernErrors': [], 'nRemoved': 0, 'nInserted': 1}
2018-02-01 01:35:14,784: rp.session.js-169-212.jetstream-cloud.org.vivek91.017563.1807: task-manager                    : MainThread     : DEBUG   : bulk unit insert result: {'nModified': 0, 'nUpserted': 0, 'nMatched': 0, 'writeErrors': [], 'upserted': [], 'writeConcernErrors': [], 'nRemoved': 0, 'nInserted': 1}
2018-02-01 01:36:18,693: rp.session.js-169-212.jetstream-cloud.org.vivek91.017563.1807: task-manager                    : MainThread     : DEBUG   : bulk unit insert result: {'nModified': 0, 'nUpserted': 0, 'nMatched': 0, 'writeErrors': [], 'upserted': [], 'writeConcernErrors': [], 'nRemoved': 0, 'nInserted': 1}
2018-02-01 01:37:22,609: rp.session.js-169-212.jetstream-cloud.org.vivek91.017563.1807: task-manager                    : MainThread     : DEBUG   : bulk unit insert result: {'nModified': 0, 'nUpserted': 0, 'nMatched': 0, 'writeErrors': [], 'upserted': [], 'writeConcernErrors': [], 'nRemoved': 0, 'nInserted': 1}
2018-02-01 01:38:26,645: rp.session.js-169-212.jetstream-cloud.org.vivek91.017563.1807: task-manager                    : MainThread     : DEBUG   : bulk unit insert result: {'nModified': 0, 'nUpserted': 0, 'nMatched': 0, 'writeErrors': [], 'upserted': [], 'writeConcernErrors': [], 'nRemoved': 0, 'nInserted': 1}
2018-02-01 01:39:31,790: rp.session.js-169-212.jetstream-cloud.org.vivek91.017563.1807: task-manager                    : MainThread     : DEBUG   : bulk unit insert result: {'nModified': 0, 'nUpserted': 0, 'nMatched': 0, 'writeErrors': [], 'upserted': [], 'writeConcernErrors': [], 'nRemoved': 0, 'nInserted': 1}
2018-02-01 01:40:36,911: rp.session.js-169-212.jetstream-cloud.org.vivek91.017563.1807: task-manager                    : MainThread     : DEBUG   : bulk unit insert result: {'nModified': 0, 'nUpserted': 0, 'nMatched': 0, 'writeErrors': [], 'upserted': [], 'writeConcernErrors': [], 'nRemoved': 0, 'nInserted': 1}
2018-02-01 01:41:40,894: rp.session.js-169-212.jetstream-cloud.org.vivek91.017563.1807: task-manager                    : MainThread     : DEBUG   : bulk unit insert result: {'nModified': 0, 'nUpserted': 0, 'nMatched': 0, 'writeErrors': [], 'upserted': [], 'writeConcernErrors': [], 'nRemoved': 0, 'nInserted': 1}
2018-02-01 01:42:44,984: rp.session.js-169-212.jetstream-cloud.org.vivek91.017563.1807: task-manager                    : MainThread     : DEBUG   : bulk unit insert result: {'nModified': 0, 'nUpserted': 0, 'nMatched': 0, 'writeErrors': [], 'upserted': [], 'writeConcernErrors': [], 'nRemoved': 0, 'nInserted': 1}
2018-02-01 01:43:49,311: rp.session.js-169-212.jetstream-cloud.org.vivek91.017563.1807: task-manager                    : MainThread     : DEBUG   : bulk unit insert result: {'nModified': 0, 'nUpserted': 0, 'nMatched': 0, 'writeErrors': [], 'upserted': [], 'writeConcernErrors': [], 'nRemoved': 0, 'nInserted': 1}
2018-02-01 01:44:52,314: rp.session.js-169-212.jetstream-cloud.org.vivek91.017563.1807: task-manager                    : MainThread     : DEBUG   : bulk unit insert result: {'nModified': 0, 'nUpserted': 0, 'nMatched': 0, 'writeErrors': [], 'upserted': [], 'writeConcernErrors': [], 'nRemoved': 0, 'nInserted': 1}
2018-02-01 01:45:57,496: rp.session.js-169-212.jetstream-cloud.org.vivek91.017563.1807: task-manager                    : MainThread     : DEBUG   : bulk unit insert result: {'nModified': 0, 'nUpserted': 0, 'nMatched': 0, 'writeErrors': [], 'upserted': [], 'writeConcernErrors': [], 'nRemoved': 0, 'nInserted': 1}
2018-02-01 01:47:02,849: rp.session.js-169-212.jetstream-cloud.org.vivek91.017563.1807: task-manager                    : MainThread     : DEBUG   : bulk unit insert result: {'nModified': 0, 'nUpserted': 0, 'nMatched': 0, 'writeErrors': [], 'upserted': [], 'writeConcernErrors': [], 'nRemoved': 0, 'nInserted': 1}
2018-02-01 01:48:07,970: rp.session.js-169-212.jetstream-cloud.org.vivek91.017563.1807: task-manager                    : MainThread     : DEBUG   : bulk unit insert result: {'nModified': 0, 'nUpserted': 0, 'nMatched': 0, 'writeErrors': [], 'upserted': [], 'writeConcernErrors': [], 'nRemoved': 0, 'nInserted': 1}
2018-02-01 01:49:12,352: rp.session.js-169-212.jetstream-cloud.org.vivek91.017563.1807: task-manager                    : MainThread     : DEBUG   : bulk unit insert result: {'nModified': 0, 'nUpserted': 0, 'nMatched': 0, 'writeErrors': [], 'upserted': [], 'writeConcernErrors': [], 'nRemoved': 0, 'nInserted': 1}
2018-02-01 01:50:17,516: rp.session.js-169-212.jetstream-cloud.org.vivek91.017563.1807: task-manager                    : MainThread     : DEBUG   : bulk unit insert result: {'nModified': 0, 'nUpserted': 0, 'nMatched': 0, 'writeErrors': [], 'upserted': [], 'writeConcernErrors': [], 'nRemoved': 0, 'nInserted': 1}
2018-02-01 01:51:22,669: rp.session.js-169-212.jetstream-cloud.org.vivek91.017563.1807: task-manager                    : MainThread     : DEBUG   : bulk unit insert result: {'nModified': 0, 'nUpserted': 0, 'nMatched': 0, 'writeErrors': [], 'upserted': [], 'writeConcernErrors': [], 'nRemoved': 0, 'nInserted': 1}
2018-02-01 01:52:27,814: rp.session.js-169-212.jetstream-cloud.org.vivek91.017563.1807: task-manager                    : MainThread     : DEBUG   : bulk unit insert result: {'nModified': 0, 'nUpserted': 0, 'nMatched': 0, 'writeErrors': [], 'upserted': [], 'writeConcernErrors': [], 'nRemoved': 0, 'nInserted': 1}
2018-02-01 01:53:33,061: rp.session.js-169-212.jetstream-cloud.org.vivek91.017563.1807: task-manager                    : MainThread     : DEBUG   : bulk unit insert result: {'nModified': 0, 'nUpserted': 0, 'nMatched': 0, 'writeErrors': [], 'upserted': [], 'writeConcernErrors': [], 'nRemoved': 0, 'nInserted': 1}
2018-02-01 01:54:38,218: rp.session.js-169-212.jetstream-cloud.org.vivek91.017563.1807: task-manager                    : MainThread     : DEBUG   : bulk unit insert result: {'nModified': 0, 'nUpserted': 0, 'nMatched': 0, 'writeErrors': [], 'upserted': [], 'writeConcernErrors': [], 'nRemoved': 0, 'nInserted': 1}
2018-02-01 01:55:43,146: rp.session.js-169-212.jetstream-cloud.org.vivek91.017563.1807: task-manager                    : MainThread     : DEBUG   : bulk unit insert result: {'nModified': 0, 'nUpserted': 0, 'nMatched': 0, 'writeErrors': [], 'upserted': [], 'writeConcernErrors': [], 'nRemoved': 0, 'nInserted': 1}
2018-02-01 01:56:45,419: rp.session.js-169-212.jetstream-cloud.org.vivek91.017563.1807: task-manager                    : MainThread     : DEBUG   : bulk unit insert result: {'nModified': 0, 'nUpserted': 0, 'nMatched': 0, 'writeErrors': [], 'upserted': [], 'writeConcernErrors': [], 'nRemoved': 0, 'nInserted': 1}
2018-02-01 01:57:48,526: rp.session.js-169-212.jetstream-cloud.org.vivek91.017563.1807: task-manager                    : MainThread     : DEBUG   : bulk unit insert result: {'nModified': 0, 'nUpserted': 0, 'nMatched': 0, 'writeErrors': [], 'upserted': [], 'writeConcernErrors': [], 'nRemoved': 0, 'nInserted': 1}
2018-02-01 01:58:52,934: rp.session.js-169-212.jetstream-cloud.org.vivek91.017563.1807: task-manager                    : MainThread     : DEBUG   : bulk unit insert result: {'nModified': 0, 'nUpserted': 0, 'nMatched': 0, 'writeErrors': [], 'upserted': [], 'writeConcernErrors': [], 'nRemoved': 0, 'nInserted': 1}
2018-02-01 01:59:58,217: rp.session.js-169-212.jetstream-cloud.org.vivek91.017563.1807: task-manager                    : MainThread     : DEBUG   : bulk unit insert result: {'nModified': 0, 'nUpserted': 0, 'nMatched': 0, 'writeErrors': [], 'upserted': [], 'writeConcernErrors': [], 'nRemoved': 0, 'nInserted': 1}
2018-02-01 02:01:04,205: rp.session.js-169-212.jetstream-cloud.org.vivek91.017563.1807: task-manager                    : MainThread     : DEBUG   : bulk unit insert result: {'nModified': 0, 'nUpserted': 0, 'nMatched': 0, 'writeErrors': [], 'upserted': [], 'writeConcernErrors': [], 'nRemoved': 0, 'nInserted': 1}
2018-02-01 02:02:10,062: rp.session.js-169-212.jetstream-cloud.org.vivek91.017563.1807: task-manager                    : MainThread     : DEBUG   : bulk unit insert result: {'nModified': 0, 'nUpserted': 0, 'nMatched': 0, 'writeErrors': [], 'upserted': [], 'writeConcernErrors': [], 'nRemoved': 0, 'nInserted': 1}
2018-02-01 02:03:14,515: rp.session.js-169-212.jetstream-cloud.org.vivek91.017563.1807: task-manager                    : MainThread     : DEBUG   : bulk unit insert result: {'nModified': 0, 'nUpserted': 0, 'nMatched': 0, 'writeErrors': [], 'upserted': [], 'writeConcernErrors': [], 'nRemoved': 0, 'nInserted': 1}
2018-02-01 02:04:19,505: rp.session.js-169-212.jetstream-cloud.org.vivek91.017563.1807: task-manager                    : MainThread     : DEBUG   : bulk unit insert result: {'nModified': 0, 'nUpserted': 0, 'nMatched': 0, 'writeErrors': [], 'upserted': [], 'writeConcernErrors': [], 'nRemoved': 0, 'nInserted': 1}
2018-02-01 02:05:23,894: rp.session.js-169-212.jetstream-cloud.org.vivek91.017563.1807: task-manager                    : MainThread     : DEBUG   : bulk unit insert result: {'nModified': 0, 'nUpserted': 0, 'nMatched': 0, 'writeErrors': [], 'upserted': [], 'writeConcernErrors': [], 'nRemoved': 0, 'nInserted': 1}
2018-02-01 02:06:28,281: rp.session.js-169-212.jetstream-cloud.org.vivek91.017563.1807: task-manager                    : MainThread     : DEBUG   : bulk unit insert result: {'nModified': 0, 'nUpserted': 0, 'nMatched': 0, 'writeErrors': [], 'upserted': [], 'writeConcernErrors': [], 'nRemoved': 0, 'nInserted': 1}
2018-02-01 02:07:32,630: rp.session.js-169-212.jetstream-cloud.org.vivek91.017563.1807: task-manager                    : MainThread     : DEBUG   : bulk unit insert result: {'nModified': 0, 'nUpserted': 0, 'nMatched': 0, 'writeErrors': [], 'upserted': [], 'writeConcernErrors': [], 'nRemoved': 0, 'nInserted': 1}
2018-02-01 02:08:36,716: rp.session.js-169-212.jetstream-cloud.org.vivek91.017563.1807: task-manager                    : MainThread     : DEBUG   : bulk unit insert result: {'nModified': 0, 'nUpserted': 0, 'nMatched': 0, 'writeErrors': [], 'upserted': [], 'writeConcernErrors': [], 'nRemoved': 0, 'nInserted': 1}
2018-02-01 02:09:41,043: rp.session.js-169-212.jetstream-cloud.org.vivek91.017563.1807: task-manager                    : MainThread     : DEBUG   : bulk unit insert result: {'nModified': 0, 'nUpserted': 0, 'nMatched': 0, 'writeErrors': [], 'upserted': [], 'writeConcernErrors': [], 'nRemoved': 0, 'nInserted': 1}
2018-02-01 02:10:46,548: rp.session.js-169-212.jetstream-cloud.org.vivek91.017563.1807: task-manager                    : MainThread     : DEBUG   : bulk unit insert result: {'nModified': 0, 'nUpserted': 0, 'nMatched': 0, 'writeErrors': [], 'upserted': [], 'writeConcernErrors': [], 'nRemoved': 0, 'nInserted': 1}
2018-02-01 02:11:52,006: rp.session.js-169-212.jetstream-cloud.org.vivek91.017563.1807: task-manager                    : MainThread     : DEBUG   : bulk unit insert result: {'nModified': 0, 'nUpserted': 0, 'nMatched': 0, 'writeErrors': [], 'upserted': [], 'writeConcernErrors': [], 'nRemoved': 0, 'nInserted': 1}
2018-02-01 02:12:57,536: rp.session.js-169-212.jetstream-cloud.org.vivek91.017563.1807: task-manager                    : MainThread     : DEBUG   : bulk unit insert result: {'nModified': 0, 'nUpserted': 0, 'nMatched': 0, 'writeErrors': [], 'upserted': [], 'writeConcernErrors': [], 'nRemoved': 0, 'nInserted': 1}
2018-02-01 02:14:01,985: rp.session.js-169-212.jetstream-cloud.org.vivek91.017563.1807: task-manager                    : MainThread     : DEBUG   : bulk unit insert result: {'nModified': 0, 'nUpserted': 0, 'nMatched': 0, 'writeErrors': [], 'upserted': [], 'writeConcernErrors': [], 'nRemoved': 0, 'nInserted': 1}
2018-02-01 02:15:07,521: rp.session.js-169-212.jetstream-cloud.org.vivek91.017563.1807: task-manager                    : MainThread     : DEBUG   : bulk unit insert result: {'nModified': 0, 'nUpserted': 0, 'nMatched': 0, 'writeErrors': [], 'upserted': [], 'writeConcernErrors': [], 'nRemoved': 0, 'nInserted': 1}
2018-02-01 02:16:11,961: rp.session.js-169-212.jetstream-cloud.org.vivek91.017563.1807: task-manager                    : MainThread     : DEBUG   : bulk unit insert result: {'nModified': 0, 'nUpserted': 0, 'nMatched': 0, 'writeErrors': [], 'upserted': [], 'writeConcernErrors': [], 'nRemoved': 0, 'nInserted': 1}
2018-02-01 02:17:16,321: rp.session.js-169-212.jetstream-cloud.org.vivek91.017563.1807: task-manager                    : MainThread     : DEBUG   : bulk unit insert result: {'nModified': 0, 'nUpserted': 0, 'nMatched': 0, 'writeErrors': [], 'upserted': [], 'writeConcernErrors': [], 'nRemoved': 0, 'nInserted': 1}
2018-02-01 02:18:20,767: rp.session.js-169-212.jetstream-cloud.org.vivek91.017563.1807: task-manager                    : MainThread     : DEBUG   : bulk unit insert result: {'nModified': 0, 'nUpserted': 0, 'nMatched': 0, 'writeErrors': [], 'upserted': [], 'writeConcernErrors': [], 'nRemoved': 0, 'nInserted': 1}
2018-02-01 02:19:25,307: rp.session.js-169-212.jetstream-cloud.org.vivek91.017563.1807: task-manager                    : MainThread     : DEBUG   : bulk unit insert result: {'nModified': 0, 'nUpserted': 0, 'nMatched': 0, 'writeErrors': [], 'upserted': [], 'writeConcernErrors': [], 'nRemoved': 0, 'nInserted': 1}
2018-02-01 02:20:29,721: rp.session.js-169-212.jetstream-cloud.org.vivek91.017563.1807: task-manager                    : MainThread     : DEBUG   : bulk unit insert result: {'nModified': 0, 'nUpserted': 0, 'nMatched': 0, 'writeErrors': [], 'upserted': [], 'writeConcernErrors': [], 'nRemoved': 0, 'nInserted': 1}
2018-02-01 02:21:34,229: rp.session.js-169-212.jetstream-cloud.org.vivek91.017563.1807: task-manager                    : MainThread     : DEBUG   : bulk unit insert result: {'nModified': 0, 'nUpserted': 0, 'nMatched': 0, 'writeErrors': [], 'upserted': [], 'writeConcernErrors': [], 'nRemoved': 0, 'nInserted': 1}
2018-02-01 02:22:38,640: rp.session.js-169-212.jetstream-cloud.org.vivek91.017563.1807: task-manager                    : MainThread     : DEBUG   : bulk unit insert result: {'nModified': 0, 'nUpserted': 0, 'nMatched': 0, 'writeErrors': [], 'upserted': [], 'writeConcernErrors': [], 'nRemoved': 0, 'nInserted': 1}
2018-02-01 02:23:44,191: rp.session.js-169-212.jetstream-cloud.org.vivek91.017563.1807: task-manager                    : MainThread     : DEBUG   : bulk unit insert result: {'nModified': 0, 'nUpserted': 0, 'nMatched': 0, 'writeErrors': [], 'upserted': [], 'writeConcernErrors': [], 'nRemoved': 0, 'nInserted': 1}
2018-02-01 02:24:48,685: rp.session.js-169-212.jetstream-cloud.org.vivek91.017563.1807: task-manager                    : MainThread     : DEBUG   : bulk unit insert result: {'nModified': 0, 'nUpserted': 0, 'nMatched': 0, 'writeErrors': [], 'upserted': [], 'writeConcernErrors': [], 'nRemoved': 0, 'nInserted': 1}
2018-02-01 02:25:54,221: rp.session.js-169-212.jetstream-cloud.org.vivek91.017563.1807: task-manager                    : MainThread     : DEBUG   : bulk unit insert result: {'nModified': 0, 'nUpserted': 0, 'nMatched': 0, 'writeErrors': [], 'upserted': [], 'writeConcernErrors': [], 'nRemoved': 0, 'nInserted': 1}
2018-02-01 02:26:58,675: rp.session.js-169-212.jetstream-cloud.org.vivek91.017563.1807: task-manager                    : MainThread     : DEBUG   : bulk unit insert result: {'nModified': 0, 'nUpserted': 0, 'nMatched': 0, 'writeErrors': [], 'upserted': [], 'writeConcernErrors': [], 'nRemoved': 0, 'nInserted': 1}
2018-02-01 02:28:03,070: rp.session.js-169-212.jetstream-cloud.org.vivek91.017563.1807: task-manager                    : MainThread     : DEBUG   : bulk unit insert result: {'nModified': 0, 'nUpserted': 0, 'nMatched': 0, 'writeErrors': [], 'upserted': [], 'writeConcernErrors': [], 'nRemoved': 0, 'nInserted': 1}
2018-02-01 02:29:08,711: rp.session.js-169-212.jetstream-cloud.org.vivek91.017563.1807: task-manager                    : MainThread     : DEBUG   : bulk unit insert result: {'nModified': 0, 'nUpserted': 0, 'nMatched': 0, 'writeErrors': [], 'upserted': [], 'writeConcernErrors': [], 'nRemoved': 0, 'nInserted': 1}
2018-02-01 02:30:13,156: rp.session.js-169-212.jetstream-cloud.org.vivek91.017563.1807: task-manager                    : MainThread     : DEBUG   : bulk unit insert result: {'nModified': 0, 'nUpserted': 0, 'nMatched': 0, 'writeErrors': [], 'upserted': [], 'writeConcernErrors': [], 'nRemoved': 0, 'nInserted': 1}
2018-02-01 02:31:18,780: rp.session.js-169-212.jetstream-cloud.org.vivek91.017563.1807: task-manager                    : MainThread     : DEBUG   : bulk unit insert result: {'nModified': 0, 'nUpserted': 0, 'nMatched': 0, 'writeErrors': [], 'upserted': [], 'writeConcernErrors': [], 'nRemoved': 0, 'nInserted': 1}
2018-02-01 02:32:23,243: rp.session.js-169-212.jetstream-cloud.org.vivek91.017563.1807: task-manager                    : MainThread     : DEBUG   : bulk unit insert result: {'nModified': 0, 'nUpserted': 0, 'nMatched': 0, 'writeErrors': [], 'upserted': [], 'writeConcernErrors': [], 'nRemoved': 0, 'nInserted': 1}
2018-02-01 02:33:27,728: rp.session.js-169-212.jetstream-cloud.org.vivek91.017563.1807: task-manager                    : MainThread     : DEBUG   : bulk unit insert result: {'nModified': 0, 'nUpserted': 0, 'nMatched': 0, 'writeErrors': [], 'upserted': [], 'writeConcernErrors': [], 'nRemoved': 0, 'nInserted': 1}
2018-02-01 02:34:33,365: rp.session.js-169-212.jetstream-cloud.org.vivek91.017563.1807: task-manager                    : MainThread     : DEBUG   : bulk unit insert result: {'nModified': 0, 'nUpserted': 0, 'nMatched': 0, 'writeErrors': [], 'upserted': [], 'writeConcernErrors': [], 'nRemoved': 0, 'nInserted': 1}
2018-02-01 02:35:37,793: rp.session.js-169-212.jetstream-cloud.org.vivek91.017563.1807: task-manager                    : MainThread     : DEBUG   : bulk unit insert result: {'nModified': 0, 'nUpserted': 0, 'nMatched': 0, 'writeErrors': [], 'upserted': [], 'writeConcernErrors': [], 'nRemoved': 0, 'nInserted': 1}
2018-02-01 02:36:43,452: rp.session.js-169-212.jetstream-cloud.org.vivek91.017563.1807: task-manager                    : MainThread     : DEBUG   : bulk unit insert result: {'nModified': 0, 'nUpserted': 0, 'nMatched': 0, 'writeErrors': [], 'upserted': [], 'writeConcernErrors': [], 'nRemoved': 0, 'nInserted': 1}
2018-02-01 02:37:49,175: rp.session.js-169-212.jetstream-cloud.org.vivek91.017563.1807: task-manager                    : MainThread     : DEBUG   : bulk unit insert result: {'nModified': 0, 'nUpserted': 0, 'nMatched': 0, 'writeErrors': [], 'upserted': [], 'writeConcernErrors': [], 'nRemoved': 0, 'nInserted': 1}
2018-02-01 02:38:54,814: rp.session.js-169-212.jetstream-cloud.org.vivek91.017563.1807: task-manager                    : MainThread     : DEBUG   : bulk unit insert result: {'nModified': 0, 'nUpserted': 0, 'nMatched': 0, 'writeErrors': [], 'upserted': [], 'writeConcernErrors': [], 'nRemoved': 0, 'nInserted': 1}
2018-02-01 02:39:59,552: rp.session.js-169-212.jetstream-cloud.org.vivek91.017563.1807: task-manager                    : MainThread     : DEBUG   : bulk unit insert result: {'nModified': 0, 'nUpserted': 0, 'nMatched': 0, 'writeErrors': [], 'upserted': [], 'writeConcernErrors': [], 'nRemoved': 0, 'nInserted': 1}
2018-02-01 02:41:05,239: rp.session.js-169-212.jetstream-cloud.org.vivek91.017563.1807: task-manager                    : MainThread     : DEBUG   : bulk unit insert result: {'nModified': 0, 'nUpserted': 0, 'nMatched': 0, 'writeErrors': [], 'upserted': [], 'writeConcernErrors': [], 'nRemoved': 0, 'nInserted': 1}
2018-02-01 02:42:09,768: rp.session.js-169-212.jetstream-cloud.org.vivek91.017563.1807: task-manager                    : MainThread     : DEBUG   : bulk unit insert result: {'nModified': 0, 'nUpserted': 0, 'nMatched': 0, 'writeErrors': [], 'upserted': [], 'writeConcernErrors': [], 'nRemoved': 0, 'nInserted': 1}
2018-02-01 02:43:15,364: rp.session.js-169-212.jetstream-cloud.org.vivek91.017563.1807: task-manager                    : MainThread     : DEBUG   : bulk unit insert result: {'nModified': 0, 'nUpserted': 0, 'nMatched': 0, 'writeErrors': [], 'upserted': [], 'writeConcernErrors': [], 'nRemoved': 0, 'nInserted': 1}
2018-02-01 02:44:18,821: rp.session.js-169-212.jetstream-cloud.org.vivek91.017563.1807: task-manager                    : MainThread     : DEBUG   : bulk unit insert result: {'nModified': 0, 'nUpserted': 0, 'nMatched': 0, 'writeErrors': [], 'upserted': [], 'writeConcernErrors': [], 'nRemoved': 0, 'nInserted': 1}
2018-02-01 02:45:23,421: rp.session.js-169-212.jetstream-cloud.org.vivek91.017563.1807: task-manager                    : MainThread     : DEBUG   : bulk unit insert result: {'nModified': 0, 'nUpserted': 0, 'nMatched': 0, 'writeErrors': [], 'upserted': [], 'writeConcernErrors': [], 'nRemoved': 0, 'nInserted': 1}
2018-02-01 02:46:28,506: rp.session.js-169-212.jetstream-cloud.org.vivek91.017563.1807: task-manager                    : MainThread     : DEBUG   : bulk unit insert result: {'nModified': 0, 'nUpserted': 0, 'nMatched': 0, 'writeErrors': [], 'upserted': [], 'writeConcernErrors': [], 'nRemoved': 0, 'nInserted': 1}
2018-02-01 02:47:33,739: rp.session.js-169-212.jetstream-cloud.org.vivek91.017563.1807: task-manager                    : MainThread     : DEBUG   : bulk unit insert result: {'nModified': 0, 'nUpserted': 0, 'nMatched': 0, 'writeErrors': [], 'upserted': [], 'writeConcernErrors': [], 'nRemoved': 0, 'nInserted': 1}
2018-02-01 02:48:38,963: rp.session.js-169-212.jetstream-cloud.org.vivek91.017563.1807: task-manager                    : MainThread     : DEBUG   : bulk unit insert result: {'nModified': 0, 'nUpserted': 0, 'nMatched': 0, 'writeErrors': [], 'upserted': [], 'writeConcernErrors': [], 'nRemoved': 0, 'nInserted': 1}
2018-02-01 02:49:42,925: rp.session.js-169-212.jetstream-cloud.org.vivek91.017563.1807: task-manager                    : MainThread     : DEBUG   : bulk unit insert result: {'nModified': 0, 'nUpserted': 0, 'nMatched': 0, 'writeErrors': [], 'upserted': [], 'writeConcernErrors': [], 'nRemoved': 0, 'nInserted': 1}
2018-02-01 02:50:47,867: rp.session.js-169-212.jetstream-cloud.org.vivek91.017563.1807: task-manager                    : MainThread     : DEBUG   : bulk unit insert result: {'nModified': 0, 'nUpserted': 0, 'nMatched': 0, 'writeErrors': [], 'upserted': [], 'writeConcernErrors': [], 'nRemoved': 0, 'nInserted': 1}
2018-02-01 02:51:53,234: rp.session.js-169-212.jetstream-cloud.org.vivek91.017563.1807: task-manager                    : MainThread     : DEBUG   : bulk unit insert result: {'nModified': 0, 'nUpserted': 0, 'nMatched': 0, 'writeErrors': [], 'upserted': [], 'writeConcernErrors': [], 'nRemoved': 0, 'nInserted': 1}
2018-02-01 02:52:58,023: rp.session.js-169-212.jetstream-cloud.org.vivek91.017563.1807: task-manager                    : MainThread     : DEBUG   : bulk unit insert result: {'nModified': 0, 'nUpserted': 0, 'nMatched': 0, 'writeErrors': [], 'upserted': [], 'writeConcernErrors': [], 'nRemoved': 0, 'nInserted': 1}
2018-02-01 02:54:03,089: rp.session.js-169-212.jetstream-cloud.org.vivek91.017563.1807: task-manager                    : MainThread     : DEBUG   : bulk unit insert result: {'nModified': 0, 'nUpserted': 0, 'nMatched': 0, 'writeErrors': [], 'upserted': [], 'writeConcernErrors': [], 'nRemoved': 0, 'nInserted': 1}
2018-02-01 02:55:06,720: rp.session.js-169-212.jetstream-cloud.org.vivek91.017563.1807: task-manager                    : MainThread     : DEBUG   : bulk unit insert result: {'nModified': 0, 'nUpserted': 0, 'nMatched': 0, 'writeErrors': [], 'upserted': [], 'writeConcernErrors': [], 'nRemoved': 0, 'nInserted': 1}
2018-02-01 02:56:10,517: rp.session.js-169-212.jetstream-cloud.org.vivek91.017563.1807: task-manager                    : MainThread     : DEBUG   : bulk unit insert result: {'nModified': 0, 'nUpserted': 0, 'nMatched': 0, 'writeErrors': [], 'upserted': [], 'writeConcernErrors': [], 'nRemoved': 0, 'nInserted': 1}
2018-02-01 02:57:14,277: rp.session.js-169-212.jetstream-cloud.org.vivek91.017563.1807: task-manager                    : MainThread     : DEBUG   : bulk unit insert result: {'nModified': 0, 'nUpserted': 0, 'nMatched': 0, 'writeErrors': [], 'upserted': [], 'writeConcernErrors': [], 'nRemoved': 0, 'nInserted': 1}
2018-02-01 02:58:19,836: rp.session.js-169-212.jetstream-cloud.org.vivek91.017563.1807: task-manager                    : MainThread     : DEBUG   : bulk unit insert result: {'nModified': 0, 'nUpserted': 0, 'nMatched': 0, 'writeErrors': [], 'upserted': [], 'writeConcernErrors': [], 'nRemoved': 0, 'nInserted': 1}
2018-02-01 02:59:24,522: rp.session.js-169-212.jetstream-cloud.org.vivek91.017563.1807: task-manager                    : MainThread     : DEBUG   : bulk unit insert result: {'nModified': 0, 'nUpserted': 0, 'nMatched': 0, 'writeErrors': [], 'upserted': [], 'writeConcernErrors': [], 'nRemoved': 0, 'nInserted': 1}
2018-02-01 03:00:28,937: rp.session.js-169-212.jetstream-cloud.org.vivek91.017563.1807: task-manager                    : MainThread     : DEBUG   : bulk unit insert result: {'nModified': 0, 'nUpserted': 0, 'nMatched': 0, 'writeErrors': [], 'upserted': [], 'writeConcernErrors': [], 'nRemoved': 0, 'nInserted': 1}
2018-02-01 03:01:34,375: rp.session.js-169-212.jetstream-cloud.org.vivek91.017563.1807: task-manager                    : MainThread     : DEBUG   : bulk unit insert result: {'nModified': 0, 'nUpserted': 0, 'nMatched': 0, 'writeErrors': [], 'upserted': [], 'writeConcernErrors': [], 'nRemoved': 0, 'nInserted': 1}
2018-02-01 03:02:39,593: rp.session.js-169-212.jetstream-cloud.org.vivek91.017563.1807: task-manager                    : MainThread     : DEBUG   : bulk unit insert result: {'nModified': 0, 'nUpserted': 0, 'nMatched': 0, 'writeErrors': [], 'upserted': [], 'writeConcernErrors': [], 'nRemoved': 0, 'nInserted': 1}
2018-02-01 03:03:44,566: rp.session.js-169-212.jetstream-cloud.org.vivek91.017563.1807: task-manager                    : MainThread     : DEBUG   : bulk unit insert result: {'nModified': 0, 'nUpserted': 0, 'nMatched': 0, 'writeErrors': [], 'upserted': [], 'writeConcernErrors': [], 'nRemoved': 0, 'nInserted': 1}
2018-02-01 03:04:49,446: rp.session.js-169-212.jetstream-cloud.org.vivek91.017563.1807: task-manager                    : MainThread     : DEBUG   : bulk unit insert result: {'nModified': 0, 'nUpserted': 0, 'nMatched': 0, 'writeErrors': [], 'upserted': [], 'writeConcernErrors': [], 'nRemoved': 0, 'nInserted': 1}
2018-02-01 03:05:54,362: rp.session.js-169-212.jetstream-cloud.org.vivek91.017563.1807: task-manager                    : MainThread     : DEBUG   : bulk unit insert result: {'nModified': 0, 'nUpserted': 0, 'nMatched': 0, 'writeErrors': [], 'upserted': [], 'writeConcernErrors': [], 'nRemoved': 0, 'nInserted': 1}
2018-02-01 03:06:58,021: rp.session.js-169-212.jetstream-cloud.org.vivek91.017563.1807: task-manager                    : MainThread     : DEBUG   : bulk unit insert result: {'nModified': 0, 'nUpserted': 0, 'nMatched': 0, 'writeErrors': [], 'upserted': [], 'writeConcernErrors': [], 'nRemoved': 0, 'nInserted': 1}
2018-02-01 03:08:01,883: rp.session.js-169-212.jetstream-cloud.org.vivek91.017563.1807: task-manager                    : MainThread     : DEBUG   : bulk unit insert result: {'nModified': 0, 'nUpserted': 0, 'nMatched': 0, 'writeErrors': [], 'upserted': [], 'writeConcernErrors': [], 'nRemoved': 0, 'nInserted': 1}
2018-02-01 03:09:06,822: rp.session.js-169-212.jetstream-cloud.org.vivek91.017563.1807: task-manager                    : MainThread     : DEBUG   : bulk unit insert result: {'nModified': 0, 'nUpserted': 0, 'nMatched': 0, 'writeErrors': [], 'upserted': [], 'writeConcernErrors': [], 'nRemoved': 0, 'nInserted': 1}
2018-02-01 03:10:12,289: rp.session.js-169-212.jetstream-cloud.org.vivek91.017563.1807: task-manager                    : MainThread     : DEBUG   : bulk unit insert result: {'nModified': 0, 'nUpserted': 0, 'nMatched': 0, 'writeErrors': [], 'upserted': [], 'writeConcernErrors': [], 'nRemoved': 0, 'nInserted': 1}
2018-02-01 03:11:18,343: rp.session.js-169-212.jetstream-cloud.org.vivek91.017563.1807: task-manager                    : MainThread     : DEBUG   : bulk unit insert result: {'nModified': 0, 'nUpserted': 0, 'nMatched': 0, 'writeErrors': [], 'upserted': [], 'writeConcernErrors': [], 'nRemoved': 0, 'nInserted': 1}
2018-02-01 03:12:22,213: rp.session.js-169-212.jetstream-cloud.org.vivek91.017563.1807: task-manager                    : MainThread     : DEBUG   : bulk unit insert result: {'nModified': 0, 'nUpserted': 0, 'nMatched': 0, 'writeErrors': [], 'upserted': [], 'writeConcernErrors': [], 'nRemoved': 0, 'nInserted': 1}
2018-02-01 03:13:27,560: rp.session.js-169-212.jetstream-cloud.org.vivek91.017563.1807: task-manager                    : MainThread     : DEBUG   : bulk unit insert result: {'nModified': 0, 'nUpserted': 0, 'nMatched': 0, 'writeErrors': [], 'upserted': [], 'writeConcernErrors': [], 'nRemoved': 0, 'nInserted': 1}
2018-02-01 03:14:32,427: rp.session.js-169-212.jetstream-cloud.org.vivek91.017563.1807: task-manager                    : MainThread     : DEBUG   : bulk unit insert result: {'nModified': 0, 'nUpserted': 0, 'nMatched': 0, 'writeErrors': [], 'upserted': [], 'writeConcernErrors': [], 'nRemoved': 0, 'nInserted': 1}
2018-02-01 03:15:37,340: rp.session.js-169-212.jetstream-cloud.org.vivek91.017563.1807: task-manager                    : MainThread     : DEBUG   : bulk unit insert result: {'nModified': 0, 'nUpserted': 0, 'nMatched': 0, 'writeErrors': [], 'upserted': [], 'writeConcernErrors': [], 'nRemoved': 0, 'nInserted': 1}
2018-02-01 03:16:42,280: rp.session.js-169-212.jetstream-cloud.org.vivek91.017563.1807: task-manager                    : MainThread     : DEBUG   : bulk unit insert result: {'nModified': 0, 'nUpserted': 0, 'nMatched': 0, 'writeErrors': [], 'upserted': [], 'writeConcernErrors': [], 'nRemoved': 0, 'nInserted': 1}
2018-02-01 03:17:47,389: rp.session.js-169-212.jetstream-cloud.org.vivek91.017563.1807: task-manager                    : MainThread     : DEBUG   : bulk unit insert result: {'nModified': 0, 'nUpserted': 0, 'nMatched': 0, 'writeErrors': [], 'upserted': [], 'writeConcernErrors': [], 'nRemoved': 0, 'nInserted': 1}
2018-02-01 03:18:52,255: rp.session.js-169-212.jetstream-cloud.org.vivek91.017563.1807: task-manager                    : MainThread     : DEBUG   : bulk unit insert result: {'nModified': 0, 'nUpserted': 0, 'nMatched': 0, 'writeErrors': [], 'upserted': [], 'writeConcernErrors': [], 'nRemoved': 0, 'nInserted': 1}
2018-02-01 03:20:17,839: rp.session.js-169-212.jetstream-cloud.org.vivek91.017563.1807: MainProcess                     : MainThread     : DEBUG   : session rp.session.js-169-212.jetstream-cloud.org.vivek91.017563.1807 closing
2018-02-01 03:20:17,840: rp.session.js-169-212.jetstream-cloud.org.vivek91.017563.1807: MainProcess                     : MainThread     : DEBUG   : session rp.session.js-169-212.jetstream-cloud.org.vivek91.017563.1807 closes pmgr   pmgr.0000
2018-02-01 03:20:20,906: rp.session.js-169-212.jetstream-cloud.org.vivek91.017563.1807: MainProcess                     : MainThread     : DEBUG   : session rp.session.js-169-212.jetstream-cloud.org.vivek91.017563.1807 closed pmgr   pmgr.0000
2018-02-01 03:20:20,906: rp.session.js-169-212.jetstream-cloud.org.vivek91.017563.1807: MainProcess                     : MainThread     : DEBUG   : session rp.session.js-169-212.jetstream-cloud.org.vivek91.017563.1807 closes comp   update.0
2018-02-01 03:20:20,906: rp.session.js-169-212.jetstream-cloud.org.vivek91.017563.1807: MainProcess                     : MainThread     : DEBUG   :  === update.0 stop called
2018-02-01 03:20:21,078: rp.session.js-169-212.jetstream-cloud.org.vivek91.017563.1807: update.0                        : MainThread     : DEBUG   :  === update.0.child stop called
2018-02-01 03:20:21,269: rp.session.js-169-212.jetstream-cloud.org.vivek91.017563.1807: update.0                        : MainThread     : DEBUG   :  === update.0.child stop called
2018-02-01 03:20:21,296: rp.session.js-169-212.jetstream-cloud.org.vivek91.017563.1807: MainProcess                     : MainThread     : DEBUG   : session rp.session.js-169-212.jetstream-cloud.org.vivek91.017563.1807 closed comp   update.0
2018-02-01 03:20:21,296: rp.session.js-169-212.jetstream-cloud.org.vivek91.017563.1807: MainProcess                     : MainThread     : DEBUG   : session rp.session.js-169-212.jetstream-cloud.org.vivek91.017563.1807 closes bridge control.pubsub.bridge.0000
2018-02-01 03:20:22,295: rp.session.js-169-212.jetstream-cloud.org.vivek91.017563.1807: MainProcess                     : MainThread     : DEBUG   : session rp.session.js-169-212.jetstream-cloud.org.vivek91.017563.1807 closed bridge control.pubsub.bridge.0000
2018-02-01 03:20:22,295: rp.session.js-169-212.jetstream-cloud.org.vivek91.017563.1807: MainProcess                     : MainThread     : DEBUG   : session rp.session.js-169-212.jetstream-cloud.org.vivek91.017563.1807 closes bridge state.pubsub.bridge.0000
2018-02-01 03:20:23,295: rp.session.js-169-212.jetstream-cloud.org.vivek91.017563.1807: MainProcess                     : MainThread     : DEBUG   : session rp.session.js-169-212.jetstream-cloud.org.vivek91.017563.1807 closed bridge state.pubsub.bridge.0000
2018-02-01 03:20:23,295: rp.session.js-169-212.jetstream-cloud.org.vivek91.017563.1807: MainProcess                     : MainThread     : DEBUG   : session rp.session.js-169-212.jetstream-cloud.org.vivek91.017563.1807 closes bridge log.pubsub.bridge.0000
2018-02-01 03:20:23,359: rp.session.js-169-212.jetstream-cloud.org.vivek91.017563.1807: MainProcess                     : MainThread     : DEBUG   : session rp.session.js-169-212.jetstream-cloud.org.vivek91.017563.1807 closed bridge log.pubsub.bridge.0000
2018-02-01 03:20:23,359: rp.session.js-169-212.jetstream-cloud.org.vivek91.017563.1807: MainProcess                     : MainThread     : DEBUG   : session rp.session.js-169-212.jetstream-cloud.org.vivek91.017563.1807 closes db (False)
2018-02-01 03:20:23,359: rp.session.js-169-212.jetstream-cloud.org.vivek91.017563.1807: MainProcess                     : MainThread     : DEBUG   : session rp.session.js-169-212.jetstream-cloud.org.vivek91.017563.1807 closed (delete=False)
2018-02-01 03:20:23,372: rp.session.js-169-212.jetstream-cloud.org.vivek91.017563.1807: MainProcess                     : MainThread     : DEBUG   :  === update.0 stop called
