2018-02-01 01:01:47,162: umgr.staging.input.queue.bridge.0000.child: umgr.staging.input.queue.bridge.0000.child: MainThread     : INFO    : python.interpreter   version: 2.7.6 (default, Jun 22 2015, 17:58:13) [GCC 4.8.2]
2018-02-01 01:01:47,162: umgr.staging.input.queue.bridge.0000.child: umgr.staging.input.queue.bridge.0000.child: MainThread     : INFO    :                      pid: 15502
2018-02-01 01:01:47,162: umgr.staging.input.queue.bridge.0000.child: umgr.staging.input.queue.bridge.0000.child: MainThread     : INFO    :                      tid: MainThread
2018-02-01 01:01:47,162: umgr.staging.input.queue.bridge.0000.child: umgr.staging.input.queue.bridge.0000.child: MainThread     : INFO    : radical.pilot        version: 0.47.1
2018-02-01 01:01:47,162: umgr.staging.input.queue.bridge.0000.child: umgr.staging.input.queue.bridge.0000.child: MainThread     : INFO    : start bridge umgr.staging.input.queue.bridge.0000.child on tcp://*:*
2018-02-01 01:01:47,164: umgr.staging.input.queue.bridge.0000.child: umgr.staging.input.queue.bridge.0000.child: MainThread     : INFO    : bound bridge umgr.staging.input.queue.bridge.0000.child to tcp://0.0.0.0:53460 : tcp://0.0.0.0:54589
2018-02-01 01:01:48,564: umgr.staging.input.queue.bridge.0000.child: umgr.staging.input.queue.bridge.0000.child: MainThread     : DEBUG   : sent  1 [hwm: 1]
2018-02-01 01:02:54,481: umgr.staging.input.queue.bridge.0000.child: umgr.staging.input.queue.bridge.0000.child: MainThread     : DEBUG   : sent  1 [hwm: 1]
2018-02-01 01:03:59,286: umgr.staging.input.queue.bridge.0000.child: umgr.staging.input.queue.bridge.0000.child: MainThread     : DEBUG   : sent  1 [hwm: 1]
2018-02-01 01:05:04,125: umgr.staging.input.queue.bridge.0000.child: umgr.staging.input.queue.bridge.0000.child: MainThread     : DEBUG   : sent  1 [hwm: 1]
2018-02-01 01:06:09,915: umgr.staging.input.queue.bridge.0000.child: umgr.staging.input.queue.bridge.0000.child: MainThread     : DEBUG   : sent  1 [hwm: 1]
2018-02-01 01:07:13,781: umgr.staging.input.queue.bridge.0000.child: umgr.staging.input.queue.bridge.0000.child: MainThread     : DEBUG   : sent  1 [hwm: 1]
2018-02-01 01:08:18,646: umgr.staging.input.queue.bridge.0000.child: umgr.staging.input.queue.bridge.0000.child: MainThread     : DEBUG   : sent  1 [hwm: 1]
2018-02-01 01:09:23,869: umgr.staging.input.queue.bridge.0000.child: umgr.staging.input.queue.bridge.0000.child: MainThread     : DEBUG   : sent  1 [hwm: 1]
2018-02-01 01:10:28,168: umgr.staging.input.queue.bridge.0000.child: umgr.staging.input.queue.bridge.0000.child: MainThread     : DEBUG   : sent  1 [hwm: 1]
2018-02-01 01:11:32,382: umgr.staging.input.queue.bridge.0000.child: umgr.staging.input.queue.bridge.0000.child: MainThread     : DEBUG   : sent  1 [hwm: 1]
2018-02-01 01:12:36,675: umgr.staging.input.queue.bridge.0000.child: umgr.staging.input.queue.bridge.0000.child: MainThread     : DEBUG   : sent  1 [hwm: 1]
2018-02-01 01:13:40,923: umgr.staging.input.queue.bridge.0000.child: umgr.staging.input.queue.bridge.0000.child: MainThread     : DEBUG   : sent  1 [hwm: 1]
2018-02-01 01:14:44,245: umgr.staging.input.queue.bridge.0000.child: umgr.staging.input.queue.bridge.0000.child: MainThread     : DEBUG   : sent  1 [hwm: 1]
2018-02-01 01:15:47,420: umgr.staging.input.queue.bridge.0000.child: umgr.staging.input.queue.bridge.0000.child: MainThread     : DEBUG   : sent  1 [hwm: 1]
2018-02-01 01:16:53,318: umgr.staging.input.queue.bridge.0000.child: umgr.staging.input.queue.bridge.0000.child: MainThread     : DEBUG   : sent  1 [hwm: 1]
2018-02-01 01:17:59,073: umgr.staging.input.queue.bridge.0000.child: umgr.staging.input.queue.bridge.0000.child: MainThread     : DEBUG   : sent  1 [hwm: 1]
2018-02-01 01:19:04,916: umgr.staging.input.queue.bridge.0000.child: umgr.staging.input.queue.bridge.0000.child: MainThread     : DEBUG   : sent  1 [hwm: 1]
2018-02-01 01:20:09,588: umgr.staging.input.queue.bridge.0000.child: umgr.staging.input.queue.bridge.0000.child: MainThread     : DEBUG   : sent  1 [hwm: 1]
2018-02-01 01:21:13,282: umgr.staging.input.queue.bridge.0000.child: umgr.staging.input.queue.bridge.0000.child: MainThread     : DEBUG   : sent  1 [hwm: 1]
2018-02-01 01:22:19,096: umgr.staging.input.queue.bridge.0000.child: umgr.staging.input.queue.bridge.0000.child: MainThread     : DEBUG   : sent  1 [hwm: 1]
2018-02-01 01:23:23,773: umgr.staging.input.queue.bridge.0000.child: umgr.staging.input.queue.bridge.0000.child: MainThread     : DEBUG   : sent  1 [hwm: 1]
2018-02-01 01:24:29,054: umgr.staging.input.queue.bridge.0000.child: umgr.staging.input.queue.bridge.0000.child: MainThread     : DEBUG   : sent  1 [hwm: 1]
2018-02-01 01:25:32,886: umgr.staging.input.queue.bridge.0000.child: umgr.staging.input.queue.bridge.0000.child: MainThread     : DEBUG   : sent  1 [hwm: 1]
2018-02-01 01:26:36,521: umgr.staging.input.queue.bridge.0000.child: umgr.staging.input.queue.bridge.0000.child: MainThread     : DEBUG   : sent  1 [hwm: 1]
2018-02-01 01:27:41,223: umgr.staging.input.queue.bridge.0000.child: umgr.staging.input.queue.bridge.0000.child: MainThread     : DEBUG   : sent  1 [hwm: 1]
2018-02-01 01:28:44,963: umgr.staging.input.queue.bridge.0000.child: umgr.staging.input.queue.bridge.0000.child: MainThread     : DEBUG   : sent  1 [hwm: 1]
2018-02-01 01:29:49,662: umgr.staging.input.queue.bridge.0000.child: umgr.staging.input.queue.bridge.0000.child: MainThread     : DEBUG   : sent  1 [hwm: 1]
2018-02-01 01:30:55,748: umgr.staging.input.queue.bridge.0000.child: umgr.staging.input.queue.bridge.0000.child: MainThread     : DEBUG   : sent  1 [hwm: 1]
2018-02-01 01:32:00,517: umgr.staging.input.queue.bridge.0000.child: umgr.staging.input.queue.bridge.0000.child: MainThread     : DEBUG   : sent  1 [hwm: 1]
2018-02-01 01:33:05,362: umgr.staging.input.queue.bridge.0000.child: umgr.staging.input.queue.bridge.0000.child: MainThread     : DEBUG   : sent  1 [hwm: 1]
2018-02-01 01:34:10,022: umgr.staging.input.queue.bridge.0000.child: umgr.staging.input.queue.bridge.0000.child: MainThread     : DEBUG   : sent  1 [hwm: 1]
2018-02-01 01:35:14,786: umgr.staging.input.queue.bridge.0000.child: umgr.staging.input.queue.bridge.0000.child: MainThread     : DEBUG   : sent  1 [hwm: 1]
2018-02-01 01:36:18,699: umgr.staging.input.queue.bridge.0000.child: umgr.staging.input.queue.bridge.0000.child: MainThread     : DEBUG   : sent  1 [hwm: 1]
2018-02-01 01:37:22,611: umgr.staging.input.queue.bridge.0000.child: umgr.staging.input.queue.bridge.0000.child: MainThread     : DEBUG   : sent  1 [hwm: 1]
2018-02-01 01:38:26,648: umgr.staging.input.queue.bridge.0000.child: umgr.staging.input.queue.bridge.0000.child: MainThread     : DEBUG   : sent  1 [hwm: 1]
2018-02-01 01:39:31,792: umgr.staging.input.queue.bridge.0000.child: umgr.staging.input.queue.bridge.0000.child: MainThread     : DEBUG   : sent  1 [hwm: 1]
2018-02-01 01:40:36,918: umgr.staging.input.queue.bridge.0000.child: umgr.staging.input.queue.bridge.0000.child: MainThread     : DEBUG   : sent  1 [hwm: 1]
2018-02-01 01:41:40,896: umgr.staging.input.queue.bridge.0000.child: umgr.staging.input.queue.bridge.0000.child: MainThread     : DEBUG   : sent  1 [hwm: 1]
2018-02-01 01:42:44,987: umgr.staging.input.queue.bridge.0000.child: umgr.staging.input.queue.bridge.0000.child: MainThread     : DEBUG   : sent  1 [hwm: 1]
2018-02-01 01:43:49,315: umgr.staging.input.queue.bridge.0000.child: umgr.staging.input.queue.bridge.0000.child: MainThread     : DEBUG   : sent  1 [hwm: 1]
2018-02-01 01:44:52,320: umgr.staging.input.queue.bridge.0000.child: umgr.staging.input.queue.bridge.0000.child: MainThread     : DEBUG   : sent  1 [hwm: 1]
2018-02-01 01:45:57,498: umgr.staging.input.queue.bridge.0000.child: umgr.staging.input.queue.bridge.0000.child: MainThread     : DEBUG   : sent  1 [hwm: 1]
2018-02-01 01:47:02,851: umgr.staging.input.queue.bridge.0000.child: umgr.staging.input.queue.bridge.0000.child: MainThread     : DEBUG   : sent  1 [hwm: 1]
2018-02-01 01:48:07,973: umgr.staging.input.queue.bridge.0000.child: umgr.staging.input.queue.bridge.0000.child: MainThread     : DEBUG   : sent  1 [hwm: 1]
2018-02-01 01:49:12,355: umgr.staging.input.queue.bridge.0000.child: umgr.staging.input.queue.bridge.0000.child: MainThread     : DEBUG   : sent  1 [hwm: 1]
2018-02-01 01:50:17,519: umgr.staging.input.queue.bridge.0000.child: umgr.staging.input.queue.bridge.0000.child: MainThread     : DEBUG   : sent  1 [hwm: 1]
2018-02-01 01:51:22,674: umgr.staging.input.queue.bridge.0000.child: umgr.staging.input.queue.bridge.0000.child: MainThread     : DEBUG   : sent  1 [hwm: 1]
2018-02-01 01:52:27,816: umgr.staging.input.queue.bridge.0000.child: umgr.staging.input.queue.bridge.0000.child: MainThread     : DEBUG   : sent  1 [hwm: 1]
2018-02-01 01:53:33,066: umgr.staging.input.queue.bridge.0000.child: umgr.staging.input.queue.bridge.0000.child: MainThread     : DEBUG   : sent  1 [hwm: 1]
2018-02-01 01:54:38,223: umgr.staging.input.queue.bridge.0000.child: umgr.staging.input.queue.bridge.0000.child: MainThread     : DEBUG   : sent  1 [hwm: 1]
2018-02-01 01:55:43,152: umgr.staging.input.queue.bridge.0000.child: umgr.staging.input.queue.bridge.0000.child: MainThread     : DEBUG   : sent  1 [hwm: 1]
2018-02-01 01:56:45,423: umgr.staging.input.queue.bridge.0000.child: umgr.staging.input.queue.bridge.0000.child: MainThread     : DEBUG   : sent  1 [hwm: 1]
2018-02-01 01:57:48,531: umgr.staging.input.queue.bridge.0000.child: umgr.staging.input.queue.bridge.0000.child: MainThread     : DEBUG   : sent  1 [hwm: 1]
2018-02-01 01:58:52,936: umgr.staging.input.queue.bridge.0000.child: umgr.staging.input.queue.bridge.0000.child: MainThread     : DEBUG   : sent  1 [hwm: 1]
2018-02-01 01:59:58,219: umgr.staging.input.queue.bridge.0000.child: umgr.staging.input.queue.bridge.0000.child: MainThread     : DEBUG   : sent  1 [hwm: 1]
2018-02-01 02:01:04,212: umgr.staging.input.queue.bridge.0000.child: umgr.staging.input.queue.bridge.0000.child: MainThread     : DEBUG   : sent  1 [hwm: 1]
2018-02-01 02:02:10,065: umgr.staging.input.queue.bridge.0000.child: umgr.staging.input.queue.bridge.0000.child: MainThread     : DEBUG   : sent  1 [hwm: 1]
2018-02-01 02:03:14,521: umgr.staging.input.queue.bridge.0000.child: umgr.staging.input.queue.bridge.0000.child: MainThread     : DEBUG   : sent  1 [hwm: 1]
2018-02-01 02:04:19,507: umgr.staging.input.queue.bridge.0000.child: umgr.staging.input.queue.bridge.0000.child: MainThread     : DEBUG   : sent  1 [hwm: 1]
2018-02-01 02:05:23,907: umgr.staging.input.queue.bridge.0000.child: umgr.staging.input.queue.bridge.0000.child: MainThread     : DEBUG   : sent  1 [hwm: 1]
2018-02-01 02:06:28,286: umgr.staging.input.queue.bridge.0000.child: umgr.staging.input.queue.bridge.0000.child: MainThread     : DEBUG   : sent  1 [hwm: 1]
2018-02-01 02:07:32,633: umgr.staging.input.queue.bridge.0000.child: umgr.staging.input.queue.bridge.0000.child: MainThread     : DEBUG   : sent  1 [hwm: 1]
2018-02-01 02:08:36,718: umgr.staging.input.queue.bridge.0000.child: umgr.staging.input.queue.bridge.0000.child: MainThread     : DEBUG   : sent  1 [hwm: 1]
2018-02-01 02:09:41,045: umgr.staging.input.queue.bridge.0000.child: umgr.staging.input.queue.bridge.0000.child: MainThread     : DEBUG   : sent  1 [hwm: 1]
2018-02-01 02:10:46,551: umgr.staging.input.queue.bridge.0000.child: umgr.staging.input.queue.bridge.0000.child: MainThread     : DEBUG   : sent  1 [hwm: 1]
2018-02-01 02:11:52,007: umgr.staging.input.queue.bridge.0000.child: umgr.staging.input.queue.bridge.0000.child: MainThread     : DEBUG   : sent  1 [hwm: 1]
2018-02-01 02:12:57,540: umgr.staging.input.queue.bridge.0000.child: umgr.staging.input.queue.bridge.0000.child: MainThread     : DEBUG   : sent  1 [hwm: 1]
2018-02-01 02:14:01,989: umgr.staging.input.queue.bridge.0000.child: umgr.staging.input.queue.bridge.0000.child: MainThread     : DEBUG   : sent  1 [hwm: 1]
2018-02-01 02:15:07,525: umgr.staging.input.queue.bridge.0000.child: umgr.staging.input.queue.bridge.0000.child: MainThread     : DEBUG   : sent  1 [hwm: 1]
2018-02-01 02:16:11,966: umgr.staging.input.queue.bridge.0000.child: umgr.staging.input.queue.bridge.0000.child: MainThread     : DEBUG   : sent  1 [hwm: 1]
2018-02-01 02:17:16,329: umgr.staging.input.queue.bridge.0000.child: umgr.staging.input.queue.bridge.0000.child: MainThread     : DEBUG   : sent  1 [hwm: 1]
2018-02-01 02:18:20,769: umgr.staging.input.queue.bridge.0000.child: umgr.staging.input.queue.bridge.0000.child: MainThread     : DEBUG   : sent  1 [hwm: 1]
2018-02-01 02:19:25,309: umgr.staging.input.queue.bridge.0000.child: umgr.staging.input.queue.bridge.0000.child: MainThread     : DEBUG   : sent  1 [hwm: 1]
2018-02-01 02:20:29,723: umgr.staging.input.queue.bridge.0000.child: umgr.staging.input.queue.bridge.0000.child: MainThread     : DEBUG   : sent  1 [hwm: 1]
2018-02-01 02:21:34,232: umgr.staging.input.queue.bridge.0000.child: umgr.staging.input.queue.bridge.0000.child: MainThread     : DEBUG   : sent  1 [hwm: 1]
2018-02-01 02:22:38,641: umgr.staging.input.queue.bridge.0000.child: umgr.staging.input.queue.bridge.0000.child: MainThread     : DEBUG   : sent  1 [hwm: 1]
2018-02-01 02:23:44,193: umgr.staging.input.queue.bridge.0000.child: umgr.staging.input.queue.bridge.0000.child: MainThread     : DEBUG   : sent  1 [hwm: 1]
2018-02-01 02:24:48,690: umgr.staging.input.queue.bridge.0000.child: umgr.staging.input.queue.bridge.0000.child: MainThread     : DEBUG   : sent  1 [hwm: 1]
2018-02-01 02:25:54,225: umgr.staging.input.queue.bridge.0000.child: umgr.staging.input.queue.bridge.0000.child: MainThread     : DEBUG   : sent  1 [hwm: 1]
2018-02-01 02:26:58,677: umgr.staging.input.queue.bridge.0000.child: umgr.staging.input.queue.bridge.0000.child: MainThread     : DEBUG   : sent  1 [hwm: 1]
2018-02-01 02:28:03,073: umgr.staging.input.queue.bridge.0000.child: umgr.staging.input.queue.bridge.0000.child: MainThread     : DEBUG   : sent  1 [hwm: 1]
2018-02-01 02:29:08,716: umgr.staging.input.queue.bridge.0000.child: umgr.staging.input.queue.bridge.0000.child: MainThread     : DEBUG   : sent  1 [hwm: 1]
2018-02-01 02:30:13,161: umgr.staging.input.queue.bridge.0000.child: umgr.staging.input.queue.bridge.0000.child: MainThread     : DEBUG   : sent  1 [hwm: 1]
2018-02-01 02:31:18,782: umgr.staging.input.queue.bridge.0000.child: umgr.staging.input.queue.bridge.0000.child: MainThread     : DEBUG   : sent  1 [hwm: 1]
2018-02-01 02:32:23,248: umgr.staging.input.queue.bridge.0000.child: umgr.staging.input.queue.bridge.0000.child: MainThread     : DEBUG   : sent  1 [hwm: 1]
2018-02-01 02:33:27,733: umgr.staging.input.queue.bridge.0000.child: umgr.staging.input.queue.bridge.0000.child: MainThread     : DEBUG   : sent  1 [hwm: 1]
2018-02-01 02:34:33,368: umgr.staging.input.queue.bridge.0000.child: umgr.staging.input.queue.bridge.0000.child: MainThread     : DEBUG   : sent  1 [hwm: 1]
2018-02-01 02:35:37,797: umgr.staging.input.queue.bridge.0000.child: umgr.staging.input.queue.bridge.0000.child: MainThread     : DEBUG   : sent  1 [hwm: 1]
2018-02-01 02:36:43,454: umgr.staging.input.queue.bridge.0000.child: umgr.staging.input.queue.bridge.0000.child: MainThread     : DEBUG   : sent  1 [hwm: 1]
2018-02-01 02:37:49,178: umgr.staging.input.queue.bridge.0000.child: umgr.staging.input.queue.bridge.0000.child: MainThread     : DEBUG   : sent  1 [hwm: 1]
2018-02-01 02:38:54,816: umgr.staging.input.queue.bridge.0000.child: umgr.staging.input.queue.bridge.0000.child: MainThread     : DEBUG   : sent  1 [hwm: 1]
2018-02-01 02:39:59,555: umgr.staging.input.queue.bridge.0000.child: umgr.staging.input.queue.bridge.0000.child: MainThread     : DEBUG   : sent  1 [hwm: 1]
2018-02-01 02:41:05,242: umgr.staging.input.queue.bridge.0000.child: umgr.staging.input.queue.bridge.0000.child: MainThread     : DEBUG   : sent  1 [hwm: 1]
2018-02-01 02:42:09,772: umgr.staging.input.queue.bridge.0000.child: umgr.staging.input.queue.bridge.0000.child: MainThread     : DEBUG   : sent  1 [hwm: 1]
2018-02-01 02:43:15,370: umgr.staging.input.queue.bridge.0000.child: umgr.staging.input.queue.bridge.0000.child: MainThread     : DEBUG   : sent  1 [hwm: 1]
2018-02-01 02:44:18,825: umgr.staging.input.queue.bridge.0000.child: umgr.staging.input.queue.bridge.0000.child: MainThread     : DEBUG   : sent  1 [hwm: 1]
2018-02-01 02:45:23,427: umgr.staging.input.queue.bridge.0000.child: umgr.staging.input.queue.bridge.0000.child: MainThread     : DEBUG   : sent  1 [hwm: 1]
2018-02-01 02:46:28,511: umgr.staging.input.queue.bridge.0000.child: umgr.staging.input.queue.bridge.0000.child: MainThread     : DEBUG   : sent  1 [hwm: 1]
2018-02-01 02:47:33,743: umgr.staging.input.queue.bridge.0000.child: umgr.staging.input.queue.bridge.0000.child: MainThread     : DEBUG   : sent  1 [hwm: 1]
2018-02-01 02:48:38,968: umgr.staging.input.queue.bridge.0000.child: umgr.staging.input.queue.bridge.0000.child: MainThread     : DEBUG   : sent  1 [hwm: 1]
2018-02-01 02:49:42,931: umgr.staging.input.queue.bridge.0000.child: umgr.staging.input.queue.bridge.0000.child: MainThread     : DEBUG   : sent  1 [hwm: 1]
2018-02-01 02:50:47,868: umgr.staging.input.queue.bridge.0000.child: umgr.staging.input.queue.bridge.0000.child: MainThread     : DEBUG   : sent  1 [hwm: 1]
2018-02-01 02:51:53,238: umgr.staging.input.queue.bridge.0000.child: umgr.staging.input.queue.bridge.0000.child: MainThread     : DEBUG   : sent  1 [hwm: 1]
2018-02-01 02:52:58,026: umgr.staging.input.queue.bridge.0000.child: umgr.staging.input.queue.bridge.0000.child: MainThread     : DEBUG   : sent  1 [hwm: 1]
2018-02-01 02:54:03,092: umgr.staging.input.queue.bridge.0000.child: umgr.staging.input.queue.bridge.0000.child: MainThread     : DEBUG   : sent  1 [hwm: 1]
2018-02-01 02:55:06,727: umgr.staging.input.queue.bridge.0000.child: umgr.staging.input.queue.bridge.0000.child: MainThread     : DEBUG   : sent  1 [hwm: 1]
2018-02-01 02:56:10,521: umgr.staging.input.queue.bridge.0000.child: umgr.staging.input.queue.bridge.0000.child: MainThread     : DEBUG   : sent  1 [hwm: 1]
2018-02-01 02:57:14,281: umgr.staging.input.queue.bridge.0000.child: umgr.staging.input.queue.bridge.0000.child: MainThread     : DEBUG   : sent  1 [hwm: 1]
2018-02-01 02:58:19,838: umgr.staging.input.queue.bridge.0000.child: umgr.staging.input.queue.bridge.0000.child: MainThread     : DEBUG   : sent  1 [hwm: 1]
2018-02-01 02:59:24,524: umgr.staging.input.queue.bridge.0000.child: umgr.staging.input.queue.bridge.0000.child: MainThread     : DEBUG   : sent  1 [hwm: 1]
2018-02-01 03:00:28,939: umgr.staging.input.queue.bridge.0000.child: umgr.staging.input.queue.bridge.0000.child: MainThread     : DEBUG   : sent  1 [hwm: 1]
2018-02-01 03:01:34,379: umgr.staging.input.queue.bridge.0000.child: umgr.staging.input.queue.bridge.0000.child: MainThread     : DEBUG   : sent  1 [hwm: 1]
2018-02-01 03:02:39,597: umgr.staging.input.queue.bridge.0000.child: umgr.staging.input.queue.bridge.0000.child: MainThread     : DEBUG   : sent  1 [hwm: 1]
2018-02-01 03:03:44,569: umgr.staging.input.queue.bridge.0000.child: umgr.staging.input.queue.bridge.0000.child: MainThread     : DEBUG   : sent  1 [hwm: 1]
2018-02-01 03:04:49,449: umgr.staging.input.queue.bridge.0000.child: umgr.staging.input.queue.bridge.0000.child: MainThread     : DEBUG   : sent  1 [hwm: 1]
2018-02-01 03:05:54,365: umgr.staging.input.queue.bridge.0000.child: umgr.staging.input.queue.bridge.0000.child: MainThread     : DEBUG   : sent  1 [hwm: 1]
2018-02-01 03:06:58,025: umgr.staging.input.queue.bridge.0000.child: umgr.staging.input.queue.bridge.0000.child: MainThread     : DEBUG   : sent  1 [hwm: 1]
2018-02-01 03:08:01,886: umgr.staging.input.queue.bridge.0000.child: umgr.staging.input.queue.bridge.0000.child: MainThread     : DEBUG   : sent  1 [hwm: 1]
2018-02-01 03:09:06,828: umgr.staging.input.queue.bridge.0000.child: umgr.staging.input.queue.bridge.0000.child: MainThread     : DEBUG   : sent  1 [hwm: 1]
2018-02-01 03:10:12,291: umgr.staging.input.queue.bridge.0000.child: umgr.staging.input.queue.bridge.0000.child: MainThread     : DEBUG   : sent  1 [hwm: 1]
2018-02-01 03:11:18,347: umgr.staging.input.queue.bridge.0000.child: umgr.staging.input.queue.bridge.0000.child: MainThread     : DEBUG   : sent  1 [hwm: 1]
2018-02-01 03:12:22,216: umgr.staging.input.queue.bridge.0000.child: umgr.staging.input.queue.bridge.0000.child: MainThread     : DEBUG   : sent  1 [hwm: 1]
2018-02-01 03:13:27,564: umgr.staging.input.queue.bridge.0000.child: umgr.staging.input.queue.bridge.0000.child: MainThread     : DEBUG   : sent  1 [hwm: 1]
2018-02-01 03:14:32,430: umgr.staging.input.queue.bridge.0000.child: umgr.staging.input.queue.bridge.0000.child: MainThread     : DEBUG   : sent  1 [hwm: 1]
2018-02-01 03:15:37,343: umgr.staging.input.queue.bridge.0000.child: umgr.staging.input.queue.bridge.0000.child: MainThread     : DEBUG   : sent  1 [hwm: 1]
2018-02-01 03:16:42,284: umgr.staging.input.queue.bridge.0000.child: umgr.staging.input.queue.bridge.0000.child: MainThread     : DEBUG   : sent  1 [hwm: 1]
2018-02-01 03:17:47,393: umgr.staging.input.queue.bridge.0000.child: umgr.staging.input.queue.bridge.0000.child: MainThread     : DEBUG   : sent  1 [hwm: 1]
2018-02-01 03:18:52,260: umgr.staging.input.queue.bridge.0000.child: umgr.staging.input.queue.bridge.0000.child: MainThread     : DEBUG   : sent  1 [hwm: 1]
2018-02-01 03:20:14,942: umgr.staging.input.queue.bridge.0000.child: umgr.staging.input.queue.bridge.0000.child: MainThread     : WARNING : not alive anymore?
