2017-12-14 11:24:43,206: log.pubsub.pub.0001 : pmgr.0000.launching.0           : MainThread     : INFO    : python.interpreter   version: 2.7.12 (default, Nov 20 2017, 18:23:56) [GCC 5.4.0 20160609]
2017-12-14 11:24:43,206: log.pubsub.pub.0001 : pmgr.0000.launching.0           : MainThread     : INFO    :                      pid: 28004
2017-12-14 11:24:43,207: log.pubsub.pub.0001 : pmgr.0000.launching.0           : MainThread     : INFO    :                      tid: MainThread
2017-12-14 11:24:43,207: log.pubsub.pub.0001 : pmgr.0000.launching.0           : MainThread     : INFO    : radical.pilot        version: 0.47.1
2017-12-14 11:24:43,207: log.pubsub.pub.0001 : pmgr.0000.launching.0           : MainThread     : INFO    : create log_pubsub - pub - tcp://172.30.238.6:43439
2017-12-14 11:24:43,208: log.pubsub.pub.0001 : pmgr.0000.launching.0           : MainThread     : DEBUG   : start process
2017-12-14 11:24:43,208: log.pubsub.pub.0001 : pmgr.0000.launching.0           : MainThread     : DEBUG   : ru_initialize_common (NOOP)
2017-12-14 11:24:43,208: log.pubsub.pub.0001 : pmgr.0000.launching.0           : MainThread     : DEBUG   : ru_initialize_parent (NOOP)
2017-12-14 11:24:43,208: log.pubsub.pub.0001 : pmgr.0000.launching.0           : MainThread     : DEBUG   : process class started (no child)
2017-12-14 11:24:43,267: log.pubsub.pub.0001 : MainProcess                     : MainThread     : INFO    : python.interpreter   version: 2.7.12 (default, Nov 20 2017, 18:23:56) [GCC 5.4.0 20160609]
2017-12-14 11:24:43,268: log.pubsub.pub.0001 : MainProcess                     : MainThread     : INFO    :                      pid: 27769
2017-12-14 11:24:43,268: log.pubsub.pub.0001 : MainProcess                     : MainThread     : INFO    :                      tid: MainThread
2017-12-14 11:24:43,268: log.pubsub.pub.0001 : MainProcess                     : MainThread     : INFO    : radical.pilot        version: 0.47.1
2017-12-14 11:24:43,268: log.pubsub.pub.0001 : MainProcess                     : MainThread     : INFO    : create log_pubsub - pub - tcp://172.30.238.6:43439
2017-12-14 11:24:43,269: log.pubsub.pub.0001 : MainProcess                     : MainThread     : DEBUG   : start process
2017-12-14 11:24:43,270: log.pubsub.pub.0001 : MainProcess                     : MainThread     : DEBUG   : ru_initialize_common (NOOP)
2017-12-14 11:24:43,270: log.pubsub.pub.0001 : MainProcess                     : MainThread     : DEBUG   : ru_initialize_parent (NOOP)
2017-12-14 11:24:43,270: log.pubsub.pub.0001 : MainProcess                     : MainThread     : DEBUG   : process class started (no child)
2017-12-14 11:31:34,574: log.pubsub.pub.0001 : MainProcess                     : MainThread     : INFO    : parent stops child  27769 -> None [log.pubsub.pub.0001]
2017-12-14 11:31:34,574: log.pubsub.pub.0001 : MainProcess                     : MainThread     : DEBUG   : ru_finalize_parent (NOOP)
