2017-12-14 11:24:40,037: state.pubsub.sub.0000: update.0                        : MainThread     : INFO    : python.interpreter   version: 2.7.12 (default, Nov 20 2017, 18:23:56) [GCC 5.4.0 20160609]
2017-12-14 11:24:40,038: state.pubsub.sub.0000: update.0                        : MainThread     : INFO    :                      pid: 27888
2017-12-14 11:24:40,038: state.pubsub.sub.0000: update.0                        : MainThread     : INFO    :                      tid: MainThread
2017-12-14 11:24:40,038: state.pubsub.sub.0000: update.0                        : MainThread     : INFO    : radical.pilot        version: 0.47.1
2017-12-14 11:24:40,038: state.pubsub.sub.0000: update.0                        : MainThread     : INFO    : create state_pubsub - sub - tcp://172.30.238.6:37875
2017-12-14 11:24:40,039: state.pubsub.sub.0000: update.0                        : MainThread     : DEBUG   : start process
2017-12-14 11:24:40,039: state.pubsub.sub.0000: update.0                        : MainThread     : DEBUG   : ru_initialize_common (NOOP)
2017-12-14 11:24:40,039: state.pubsub.sub.0000: update.0                        : MainThread     : DEBUG   : ru_initialize_parent (NOOP)
2017-12-14 11:24:40,039: state.pubsub.sub.0000: update.0                        : MainThread     : DEBUG   : process class started (no child)
2017-12-14 11:24:43,314: state.pubsub.sub.0000: MainProcess                     : MainThread     : INFO    : python.interpreter   version: 2.7.12 (default, Nov 20 2017, 18:23:56) [GCC 5.4.0 20160609]
2017-12-14 11:24:43,314: state.pubsub.sub.0000: MainProcess                     : MainThread     : INFO    :                      pid: 27769
2017-12-14 11:24:43,314: state.pubsub.sub.0000: MainProcess                     : MainThread     : INFO    :                      tid: MainThread
2017-12-14 11:24:43,315: state.pubsub.sub.0000: MainProcess                     : MainThread     : INFO    : radical.pilot        version: 0.47.1
2017-12-14 11:24:43,315: state.pubsub.sub.0000: MainProcess                     : MainThread     : INFO    : create state_pubsub - sub - tcp://172.30.238.6:37875
2017-12-14 11:24:43,315: state.pubsub.sub.0000: MainProcess                     : MainThread     : DEBUG   : start process
2017-12-14 11:24:43,315: state.pubsub.sub.0000: MainProcess                     : MainThread     : DEBUG   : ru_initialize_common (NOOP)
2017-12-14 11:24:43,315: state.pubsub.sub.0000: MainProcess                     : MainThread     : DEBUG   : ru_initialize_parent (NOOP)
2017-12-14 11:24:43,316: state.pubsub.sub.0000: MainProcess                     : MainThread     : DEBUG   : process class started (no child)
2017-12-14 11:31:37,717: state.pubsub.sub.0000: MainProcess                     : MainThread     : INFO    : parent stops child  27769 -> None [state.pubsub.sub.0000]
2017-12-14 11:31:37,718: state.pubsub.sub.0000: MainProcess                     : MainThread     : DEBUG   : ru_finalize_parent (NOOP)
2017-12-14 11:31:37,987: state.pubsub.sub.0000: update.0                        : MainThread     : INFO    : parent stops child  27888 -> None [state.pubsub.sub.0000]
2017-12-14 11:31:37,987: state.pubsub.sub.0000: update.0                        : MainThread     : DEBUG   : ru_finalize_parent (NOOP)
