2017-12-14 11:25:43,319: state.pubsub.pub.0003: umgr.0000.staging.input.0       : MainThread     : INFO    : python.interpreter   version: 2.7.12 (default, Nov 20 2017, 18:23:56) [GCC 5.4.0 20160609]
2017-12-14 11:25:43,319: state.pubsub.pub.0003: umgr.0000.staging.input.0       : MainThread     : INFO    :                      pid: 29439
2017-12-14 11:25:43,319: state.pubsub.pub.0003: umgr.0000.staging.input.0       : MainThread     : INFO    :                      tid: MainThread
2017-12-14 11:25:43,319: state.pubsub.pub.0003: umgr.0000.staging.input.0       : MainThread     : INFO    : radical.pilot        version: 0.47.1
2017-12-14 11:25:43,319: state.pubsub.pub.0003: umgr.0000.staging.input.0       : MainThread     : INFO    : create state_pubsub - pub - tcp://172.30.238.6:45036
2017-12-14 11:25:43,320: state.pubsub.pub.0003: umgr.0000.staging.input.0       : MainThread     : DEBUG   : start process
2017-12-14 11:25:43,320: state.pubsub.pub.0003: umgr.0000.staging.input.0       : MainThread     : DEBUG   : ru_initialize_common (NOOP)
2017-12-14 11:25:43,320: state.pubsub.pub.0003: umgr.0000.staging.input.0       : MainThread     : DEBUG   : ru_initialize_parent (NOOP)
2017-12-14 11:25:43,320: state.pubsub.pub.0003: umgr.0000.staging.input.0       : MainThread     : DEBUG   : process class started (no child)
2017-12-14 11:25:43,358: state.pubsub.pub.0003: task-manager                    : MainThread     : INFO    : python.interpreter   version: 2.7.12 (default, Nov 20 2017, 18:23:56) [GCC 5.4.0 20160609]
2017-12-14 11:25:43,359: state.pubsub.pub.0003: task-manager                    : MainThread     : INFO    :                      pid: 29348
2017-12-14 11:25:43,359: state.pubsub.pub.0003: task-manager                    : MainThread     : INFO    :                      tid: MainThread
2017-12-14 11:25:43,359: state.pubsub.pub.0003: task-manager                    : MainThread     : INFO    : radical.pilot        version: 0.47.1
2017-12-14 11:25:43,359: state.pubsub.pub.0003: task-manager                    : MainThread     : INFO    : create state_pubsub - pub - tcp://172.30.238.6:45036
2017-12-14 11:25:43,360: state.pubsub.pub.0003: task-manager                    : MainThread     : DEBUG   : start process
2017-12-14 11:25:43,360: state.pubsub.pub.0003: task-manager                    : MainThread     : DEBUG   : ru_initialize_common (NOOP)
2017-12-14 11:25:43,360: state.pubsub.pub.0003: task-manager                    : MainThread     : DEBUG   : ru_initialize_parent (NOOP)
2017-12-14 11:25:43,360: state.pubsub.pub.0003: task-manager                    : MainThread     : DEBUG   : process class started (no child)
2017-12-14 11:31:28,553: state.pubsub.pub.0003: umgr.0000.staging.input.0       : MainThread     : INFO    : parent stops child  29439 -> None [state.pubsub.pub.0003]
2017-12-14 11:31:28,553: state.pubsub.pub.0003: umgr.0000.staging.input.0       : MainThread     : DEBUG   : ru_finalize_parent (NOOP)
