2017-12-14 11:24:37,432: state.pubsub.bridge.0000: MainProcess                     : MainThread     : INFO    : python.interpreter   version: 2.7.12 (default, Nov 20 2017, 18:23:56) [GCC 5.4.0 20160609]
2017-12-14 11:24:37,432: state.pubsub.bridge.0000: MainProcess                     : MainThread     : INFO    :                      pid: 27769
2017-12-14 11:24:37,432: state.pubsub.bridge.0000: MainProcess                     : MainThread     : INFO    :                      tid: MainThread
2017-12-14 11:24:37,432: state.pubsub.bridge.0000: MainProcess                     : MainThread     : INFO    : radical.pilot        version: 0.47.1
2017-12-14 11:24:37,432: state.pubsub.bridge.0000: MainProcess                     : MainThread     : INFO    : create state_pubsub - bridge - tcp://*:*
2017-12-14 11:24:37,433: state.pubsub.bridge.0000: MainProcess                     : MainThread     : DEBUG   : start process
2017-12-14 11:24:37,439: state.pubsub.bridge.0000: state.pubsub.bridge.0000        : MainThread     : DEBUG   : ru_initialize_common (NOOP)
2017-12-14 11:24:37,444: state.pubsub.bridge.0000: state.pubsub.bridge.0000.child  : MainThread     : INFO    : child (me) initializing
2017-12-14 11:24:37,445: state.pubsub.bridge.0000: state.pubsub.bridge.0000.child  : MainThread     : DEBUG   : parent name: state.pubsub.bridge.0000.child.watch
2017-12-14 11:24:37,445: state.pubsub.bridge.0000: state.pubsub.bridge.0000.child  : MainThread     : DEBUG   : start thread
2017-12-14 11:24:37,445: state.pubsub.bridge.0000: state.pubsub.bridge.0000.child  : state.pubsub.bridge.0000.child.watch: DEBUG   : child name: state.pubsub.bridge.0000.child.watch.thread
2017-12-14 11:24:37,446: state.pubsub.bridge.0000: state.pubsub.bridge.0000.child  : state.pubsub.bridge.0000.child.watch: INFO    : child (me) initializing
2017-12-14 11:24:37,446: state.pubsub.bridge.0000: state.pubsub.bridge.0000.child  : state.pubsub.bridge.0000.child.watch: DEBUG   : ru_initialize_common (NOOP)
2017-12-14 11:24:37,446: state.pubsub.bridge.0000: state.pubsub.bridge.0000.child  : state.pubsub.bridge.0000.child.watch: DEBUG   : ru_initialize_child (NOOP)
2017-12-14 11:24:37,446: state.pubsub.bridge.0000: state.pubsub.bridge.0000.child  : state.pubsub.bridge.0000.child.watch: INFO    : send alive
2017-12-14 11:24:37,446: state.pubsub.bridge.0000: state.pubsub.bridge.0000.child  : state.pubsub.bridge.0000.child.watch: INFO    : put message: [state.pubsub.bridge.0000.child.watch.thread] alive
2017-12-14 11:24:37,447: state.pubsub.bridge.0000: state.pubsub.bridge.0000.child  : MainThread     : INFO    : get msg: alive
2017-12-14 11:24:37,447: state.pubsub.bridge.0000: state.pubsub.bridge.0000.child  : MainThread     : DEBUG   : ru_initialize_common (NOOP)
2017-12-14 11:24:37,447: state.pubsub.bridge.0000: state.pubsub.bridge.0000.child  : MainThread     : DEBUG   : ru_initialize_parent (NOOP)
2017-12-14 11:24:37,447: state.pubsub.bridge.0000: state.pubsub.bridge.0000.child  : MainThread     : DEBUG   : child thread state.pubsub.bridge.0000.child.watch started
2017-12-14 11:24:37,447: state.pubsub.bridge.0000: state.pubsub.bridge.0000.child  : MainThread     : INFO    : child (me) is alive
2017-12-14 11:24:37,447: state.pubsub.bridge.0000: state.pubsub.bridge.0000.child  : MainThread     : INFO    : send alive
2017-12-14 11:24:37,447: state.pubsub.bridge.0000: state.pubsub.bridge.0000.child  : MainThread     : INFO    : send message: [state.pubsub.bridge.0000.child] alive
2017-12-14 11:24:37,448: state.pubsub.bridge.0000: MainProcess                     : MainThread     : INFO    : recv message: alive
2017-12-14 11:24:37,448: state.pubsub.bridge.0000: MainProcess                     : MainThread     : DEBUG   : ru_initialize_common (NOOP)
2017-12-14 11:24:37,448: state.pubsub.bridge.0000: MainProcess                     : MainThread     : DEBUG   : ru_initialize_parent (NOOP)
2017-12-14 11:24:37,449: state.pubsub.bridge.0000: MainProcess                     : MainThread     : DEBUG   : parent name: state.pubsub.bridge.0000.watch
2017-12-14 11:24:37,449: state.pubsub.bridge.0000: MainProcess                     : MainThread     : DEBUG   : start thread
2017-12-14 11:24:37,449: state.pubsub.bridge.0000: MainProcess                     : state.pubsub.bridge.0000.watch: DEBUG   : child name: state.pubsub.bridge.0000.watch.thread
2017-12-14 11:24:37,450: state.pubsub.bridge.0000: MainProcess                     : state.pubsub.bridge.0000.watch: INFO    : child (me) initializing
2017-12-14 11:24:37,450: state.pubsub.bridge.0000: MainProcess                     : state.pubsub.bridge.0000.watch: DEBUG   : ru_initialize_common (NOOP)
2017-12-14 11:24:37,450: state.pubsub.bridge.0000: MainProcess                     : state.pubsub.bridge.0000.watch: DEBUG   : ru_initialize_child (NOOP)
2017-12-14 11:24:37,450: state.pubsub.bridge.0000: MainProcess                     : state.pubsub.bridge.0000.watch: INFO    : send alive
2017-12-14 11:24:37,450: state.pubsub.bridge.0000: MainProcess                     : state.pubsub.bridge.0000.watch: INFO    : put message: [state.pubsub.bridge.0000.watch.thread] alive
2017-12-14 11:24:37,451: state.pubsub.bridge.0000: MainProcess                     : MainThread     : INFO    : get msg: alive
2017-12-14 11:24:37,451: state.pubsub.bridge.0000: MainProcess                     : MainThread     : DEBUG   : ru_initialize_common (NOOP)
2017-12-14 11:24:37,451: state.pubsub.bridge.0000: MainProcess                     : MainThread     : DEBUG   : ru_initialize_parent (NOOP)
2017-12-14 11:24:37,451: state.pubsub.bridge.0000: MainProcess                     : MainThread     : DEBUG   : child thread state.pubsub.bridge.0000.watch started
2017-12-14 11:24:37,451: state.pubsub.bridge.0000: MainProcess                     : MainThread     : INFO    : child is alive
2017-12-14 11:24:37,451: state.pubsub.bridge.0000: MainProcess                     : MainThread     : DEBUG   : process class started child
2017-12-14 11:31:39,008: state.pubsub.bridge.0000: MainProcess                     : MainThread     : INFO    : parent stops child  27769 -> 27864 [state.pubsub.bridge.0000]
2017-12-14 11:31:39,008: state.pubsub.bridge.0000: MainProcess                     : MainThread     : INFO    : send message: [state.pubsub.bridge.0000] STOP
2017-12-14 11:31:39,008: state.pubsub.bridge.0000: MainProcess                     : MainThread     : DEBUG   : ru_finalize_parent (NOOP)
2017-12-14 11:31:39,008: state.pubsub.bridge.0000: MainProcess                     : MainThread     : INFO    : parent stops child
2017-12-14 11:31:39,008: state.pubsub.bridge.0000: state.pubsub.bridge.0000.child  : state.pubsub.bridge.0000.child.watch: INFO    : recv message: STOP
2017-12-14 11:31:39,009: state.pubsub.bridge.0000: MainProcess                     : MainThread     : DEBUG   : ru_finalize_parent (NOOP)
2017-12-14 11:31:39,009: state.pubsub.bridge.0000: state.pubsub.bridge.0000.child  : state.pubsub.bridge.0000.child.watch: INFO    : message received: STOP
2017-12-14 11:31:39,009: state.pubsub.bridge.0000: MainProcess                     : MainThread     : DEBUG   : ru_finalize_common (NOOP)
2017-12-14 11:31:39,009: state.pubsub.bridge.0000: state.pubsub.bridge.0000.child  : state.pubsub.bridge.0000.child.watch: INFO    : STOP received: STOP
2017-12-14 11:31:39,009: state.pubsub.bridge.0000: state.pubsub.bridge.0000.child  : state.pubsub.bridge.0000.child.watch: INFO    : watcher closes
2017-12-14 11:31:39,009: state.pubsub.bridge.0000: state.pubsub.bridge.0000.child  : state.pubsub.bridge.0000.child.watch: INFO    : put message: [state.pubsub.bridge.0000.child.watch.thread] work finished
2017-12-14 11:31:39,009: state.pubsub.bridge.0000: state.pubsub.bridge.0000.child  : state.pubsub.bridge.0000.child.watch: DEBUG   : ru_finalize_child (NOOP)
2017-12-14 11:31:39,009: state.pubsub.bridge.0000: state.pubsub.bridge.0000.child  : state.pubsub.bridge.0000.child.watch: DEBUG   : ru_finalize_common (NOOP)
2017-12-14 11:31:39,009: state.pubsub.bridge.0000: state.pubsub.bridge.0000.child  : state.pubsub.bridge.0000.child.watch: INFO    : put message: [state.pubsub.bridge.0000.child.watch.thread] terminating
2017-12-14 11:31:39,009: state.pubsub.bridge.0000: MainProcess                     : state.pubsub.bridge.0000.watch: INFO    : recv message: 
2017-12-14 11:31:39,009: state.pubsub.bridge.0000: MainProcess                     : state.pubsub.bridge.0000.watch: INFO    : message received: 
2017-12-14 11:31:39,009: state.pubsub.bridge.0000: MainProcess                     : state.pubsub.bridge.0000.watch: WARNING : received empty string, parent closed ep
2017-12-14 11:31:39,009: state.pubsub.bridge.0000: MainProcess                     : state.pubsub.bridge.0000.watch: INFO    : watcher closes
2017-12-14 11:31:39,010: state.pubsub.bridge.0000: MainProcess                     : state.pubsub.bridge.0000.watch: INFO    : put message: [state.pubsub.bridge.0000.watch.thread] work finished
2017-12-14 11:31:39,010: state.pubsub.bridge.0000: MainProcess                     : state.pubsub.bridge.0000.watch: DEBUG   : ru_finalize_child (NOOP)
2017-12-14 11:31:39,010: state.pubsub.bridge.0000: MainProcess                     : state.pubsub.bridge.0000.watch: DEBUG   : ru_finalize_common (NOOP)
2017-12-14 11:31:39,010: state.pubsub.bridge.0000: MainProcess                     : state.pubsub.bridge.0000.watch: INFO    : put message: [state.pubsub.bridge.0000.watch.thread] terminating
2017-12-14 11:31:39,990: state.pubsub.bridge.0000: state.pubsub.bridge.0000.child  : MainThread     : DEBUG   : ru_finalize_child (NOOP)
2017-12-14 11:31:39,991: state.pubsub.bridge.0000: state.pubsub.bridge.0000.child  : MainThread     : INFO    : send message: [state.pubsub.bridge.0000.child] terminating
2017-12-14 11:31:39,991: state.pubsub.bridge.0000: state.pubsub.bridge.0000.child  : MainThread     : WARNING : send failed ([Errno 9] Bad file descriptor) - terminate
