2017-12-15 10:35:34,922: control.pubsub.pub.0001: pmgr.0000.launching.0           : MainThread     : INFO    : python.interpreter   version: 2.7.12 (default, Nov 20 2017, 18:23:56) [GCC 5.4.0 20160609]
2017-12-15 10:35:34,923: control.pubsub.pub.0001: pmgr.0000.launching.0           : MainThread     : INFO    :                      pid: 3376
2017-12-15 10:35:34,923: control.pubsub.pub.0001: pmgr.0000.launching.0           : MainThread     : INFO    :                      tid: MainThread
2017-12-15 10:35:34,923: control.pubsub.pub.0001: pmgr.0000.launching.0           : MainThread     : INFO    : radical.pilot        version: 0.47.1
2017-12-15 10:35:34,923: control.pubsub.pub.0001: pmgr.0000.launching.0           : MainThread     : INFO    : create control_pubsub - pub - tcp://172.30.238.6:43224
2017-12-15 10:35:34,923: control.pubsub.pub.0001: pmgr.0000.launching.0           : MainThread     : DEBUG   : start process
2017-12-15 10:35:34,923: control.pubsub.pub.0001: pmgr.0000.launching.0           : MainThread     : DEBUG   : ru_initialize_common (NOOP)
2017-12-15 10:35:34,923: control.pubsub.pub.0001: pmgr.0000.launching.0           : MainThread     : DEBUG   : ru_initialize_parent (NOOP)
2017-12-15 10:35:34,923: control.pubsub.pub.0001: pmgr.0000.launching.0           : MainThread     : DEBUG   : process class started (no child)
2017-12-15 10:35:34,966: control.pubsub.pub.0001: MainProcess                     : MainThread     : INFO    : python.interpreter   version: 2.7.12 (default, Nov 20 2017, 18:23:56) [GCC 5.4.0 20160609]
2017-12-15 10:35:34,966: control.pubsub.pub.0001: MainProcess                     : MainThread     : INFO    :                      pid: 3098
2017-12-15 10:35:34,966: control.pubsub.pub.0001: MainProcess                     : MainThread     : INFO    :                      tid: MainThread
2017-12-15 10:35:34,966: control.pubsub.pub.0001: MainProcess                     : MainThread     : INFO    : radical.pilot        version: 0.47.1
2017-12-15 10:35:34,967: control.pubsub.pub.0001: MainProcess                     : MainThread     : INFO    : create control_pubsub - pub - tcp://172.30.238.6:43224
2017-12-15 10:35:34,967: control.pubsub.pub.0001: MainProcess                     : MainThread     : DEBUG   : start process
2017-12-15 10:35:34,967: control.pubsub.pub.0001: MainProcess                     : MainThread     : DEBUG   : ru_initialize_common (NOOP)
2017-12-15 10:35:34,967: control.pubsub.pub.0001: MainProcess                     : MainThread     : DEBUG   : ru_initialize_parent (NOOP)
2017-12-15 10:35:34,967: control.pubsub.pub.0001: MainProcess                     : MainThread     : DEBUG   : process class started (no child)
2017-12-15 10:36:13,022: control.pubsub.pub.0001: MainProcess                     : MainThread     : INFO    : parent stops child  3098 -> None [control.pubsub.pub.0001]
2017-12-15 10:36:13,022: control.pubsub.pub.0001: MainProcess                     : MainThread     : DEBUG   : ru_finalize_parent (NOOP)
2017-12-15 10:36:14,103: control.pubsub.pub.0001: pmgr.0000.launching.0           : MainThread     : INFO    : parent stops child  3376 -> None [control.pubsub.pub.0001]
2017-12-15 10:36:14,103: control.pubsub.pub.0001: pmgr.0000.launching.0           : MainThread     : DEBUG   : ru_finalize_parent (NOOP)
