2017-12-15 10:35:31,289: log.pubsub.pub.0000 : update.0                        : MainThread     : INFO    : python.interpreter   version: 2.7.12 (default, Nov 20 2017, 18:23:56) [GCC 5.4.0 20160609]
2017-12-15 10:35:31,289: log.pubsub.pub.0000 : update.0                        : MainThread     : INFO    :                      pid: 3299
2017-12-15 10:35:31,289: log.pubsub.pub.0000 : update.0                        : MainThread     : INFO    :                      tid: MainThread
2017-12-15 10:35:31,289: log.pubsub.pub.0000 : update.0                        : MainThread     : INFO    : radical.pilot        version: 0.47.1
2017-12-15 10:35:31,289: log.pubsub.pub.0000 : update.0                        : MainThread     : INFO    : create log_pubsub - pub - tcp://172.30.238.6:37565
2017-12-15 10:35:31,290: log.pubsub.pub.0000 : update.0                        : MainThread     : DEBUG   : start process
2017-12-15 10:35:31,290: log.pubsub.pub.0000 : update.0                        : MainThread     : DEBUG   : ru_initialize_common (NOOP)
2017-12-15 10:35:31,290: log.pubsub.pub.0000 : update.0                        : MainThread     : DEBUG   : ru_initialize_parent (NOOP)
2017-12-15 10:35:31,291: log.pubsub.pub.0000 : update.0                        : MainThread     : DEBUG   : process class started (no child)
2017-12-15 10:35:31,662: log.pubsub.pub.0000 : MainProcess                     : MainThread     : INFO    : python.interpreter   version: 2.7.12 (default, Nov 20 2017, 18:23:56) [GCC 5.4.0 20160609]
2017-12-15 10:35:31,663: log.pubsub.pub.0000 : MainProcess                     : MainThread     : INFO    :                      pid: 3098
2017-12-15 10:35:31,663: log.pubsub.pub.0000 : MainProcess                     : MainThread     : INFO    :                      tid: MainThread
2017-12-15 10:35:31,663: log.pubsub.pub.0000 : MainProcess                     : MainThread     : INFO    : radical.pilot        version: 0.47.1
2017-12-15 10:35:31,663: log.pubsub.pub.0000 : MainProcess                     : MainThread     : INFO    : create log_pubsub - pub - tcp://172.30.238.6:37565
2017-12-15 10:35:31,664: log.pubsub.pub.0000 : MainProcess                     : MainThread     : DEBUG   : start process
2017-12-15 10:35:31,666: log.pubsub.pub.0000 : MainProcess                     : MainThread     : DEBUG   : ru_initialize_common (NOOP)
2017-12-15 10:35:31,666: log.pubsub.pub.0000 : MainProcess                     : MainThread     : DEBUG   : ru_initialize_parent (NOOP)
2017-12-15 10:35:31,666: log.pubsub.pub.0000 : MainProcess                     : MainThread     : DEBUG   : process class started (no child)
2017-12-15 10:36:14,451: log.pubsub.pub.0000 : MainProcess                     : MainThread     : INFO    : parent stops child  3098 -> None [log.pubsub.pub.0000]
2017-12-15 10:36:14,451: log.pubsub.pub.0000 : MainProcess                     : MainThread     : DEBUG   : ru_finalize_parent (NOOP)
2017-12-15 10:36:14,691: log.pubsub.pub.0000 : update.0                        : MainThread     : INFO    : parent stops child  3299 -> None [log.pubsub.pub.0000]
2017-12-15 10:36:14,691: log.pubsub.pub.0000 : update.0                        : MainThread     : DEBUG   : ru_finalize_parent (NOOP)
