2017-12-15 10:35:29,095: update.0            : MainProcess                     : MainThread     : INFO    : python.interpreter   version: 2.7.12 (default, Nov 20 2017, 18:23:56) [GCC 5.4.0 20160609]
2017-12-15 10:35:29,095: update.0            : MainProcess                     : MainThread     : INFO    :                      pid: 3098
2017-12-15 10:35:29,095: update.0            : MainProcess                     : MainThread     : INFO    :                      tid: MainThread
2017-12-15 10:35:29,095: update.0            : MainProcess                     : MainThread     : INFO    : radical.pilot        version: 0.47.1
2017-12-15 10:35:30,234: update.0            : MainProcess                     : MainThread     : DEBUG   : alive check in term
2017-12-15 10:35:30,235: update.0            : MainProcess                     : MainThread     : DEBUG   : start process
2017-12-15 10:35:31,656: update.0            : MainProcess                     : MainThread     : INFO    : recv message: alive
2017-12-15 10:35:31,656: update.0            : MainProcess                     : MainThread     : INFO    : initialize update.0
2017-12-15 10:35:31,661: update.0            : MainProcess                     : MainThread     : INFO    : cfg: {'agents': {},
 u'bridges': {u'control_pubsub': {'addr_in': 'tcp://172.30.238.6:43224',
                                  'addr_out': 'tcp://172.30.238.6:46470',
                                  u'bulk_size': 0,
                                  u'log_level': u'debug',
                                  u'stall_hwm': 1},
              u'log_pubsub': {'addr_in': 'tcp://172.30.238.6:37565',
                              'addr_out': 'tcp://172.30.238.6:38861',
                              u'bulk_size': 0,
                              u'log_level': u'debug',
                              u'stall_hwm': 1},
              u'state_pubsub': {'addr_in': 'tcp://172.30.238.6:43325',
                                'addr_out': 'tcp://172.30.238.6:41227',
                                u'bulk_size': 0,
                                u'log_level': u'debug',
                                u'stall_hwm': 1}},
 'cname': u'UpdateWorker',
 u'components': {},
 u'count': 1,
 'dburl': 'mongodb://entk:entk@ds141406.mlab.com:41406/adap-task-count',
 'debug': 'DEBUG',
 u'default_dburl': u'mongodb://rp:rp@ds015335.mlab.com:15335/rp',
 'logdir': '/home/vivek91/repos/adaptive-bms-experiments/task-count-adap/bin/rp.session.js-17-212.jetstream-cloud.org.vivek91.017515.0055',
 'number': 0,
 'owner': 'rp.session.js-17-212.jetstream-cloud.org.vivek91.017515.0055',
 'session_id': 'rp.session.js-17-212.jetstream-cloud.org.vivek91.017515.0055'}
2017-12-15 10:35:31,661: update.0            : MainProcess                     : MainThread     : DEBUG   : alive check in term
2017-12-15 10:35:31,661: update.0            : MainProcess                     : MainThread     : DEBUG   : START: update.0 register publisher log_pubsub
2017-12-15 10:35:31,661: update.0            : MainProcess                     : MainThread     : DEBUG   : using addr tcp://172.30.238.6:37565 for pubsub log_pubsub
2017-12-15 10:35:31,666: update.0            : MainProcess                     : MainThread     : DEBUG   : registered publisher : log_pubsub : log.pubsub.pub.0000
2017-12-15 10:35:31,666: update.0            : MainProcess                     : MainThread     : DEBUG   : alive check in term
2017-12-15 10:35:31,667: update.0            : MainProcess                     : MainThread     : DEBUG   : START: update.0 register publisher state_pubsub
2017-12-15 10:35:31,667: update.0            : MainProcess                     : MainThread     : DEBUG   : using addr tcp://172.30.238.6:43325 for pubsub state_pubsub
2017-12-15 10:35:31,669: update.0            : MainProcess                     : MainThread     : DEBUG   : registered publisher : state_pubsub : state.pubsub.pub.0000
2017-12-15 10:35:31,669: update.0            : MainProcess                     : MainThread     : DEBUG   : alive check in term
2017-12-15 10:35:31,669: update.0            : MainProcess                     : MainThread     : DEBUG   : START: update.0 register publisher control_pubsub
2017-12-15 10:35:31,669: update.0            : MainProcess                     : MainThread     : DEBUG   : using addr tcp://172.30.238.6:43224 for pubsub control_pubsub
2017-12-15 10:35:31,686: update.0            : MainProcess                     : MainThread     : DEBUG   : registered publisher : control_pubsub : control.pubsub.pub.0000
2017-12-15 10:35:31,687: update.0            : MainProcess                     : MainThread     : DEBUG   : parent name: update.0.watch
2017-12-15 10:35:31,687: update.0            : MainProcess                     : MainThread     : DEBUG   : start thread
2017-12-15 10:35:31,687: update.0            : MainProcess                     : update.0.watch : DEBUG   : child name: update.0.watch.thread
2017-12-15 10:35:31,687: update.0            : MainProcess                     : update.0.watch : INFO    : child (me) initializing
2017-12-15 10:35:31,688: update.0            : MainProcess                     : update.0.watch : DEBUG   : ru_initialize_common (NOOP)
2017-12-15 10:35:31,688: update.0            : MainProcess                     : update.0.watch : DEBUG   : ru_initialize_child (NOOP)
2017-12-15 10:35:31,688: update.0            : MainProcess                     : update.0.watch : INFO    : send alive
2017-12-15 10:35:31,688: update.0            : MainProcess                     : update.0.watch : INFO    : put message: [update.0.watch.thread] alive
2017-12-15 10:35:31,688: update.0            : MainProcess                     : MainThread     : INFO    : get msg: alive
2017-12-15 10:35:31,689: update.0            : MainProcess                     : MainThread     : DEBUG   : ru_initialize_common (NOOP)
2017-12-15 10:35:31,689: update.0            : MainProcess                     : MainThread     : DEBUG   : ru_initialize_parent (NOOP)
2017-12-15 10:35:31,689: update.0            : MainProcess                     : MainThread     : DEBUG   : child thread update.0.watch started
2017-12-15 10:35:31,689: update.0            : MainProcess                     : MainThread     : INFO    : child is alive
2017-12-15 10:35:31,689: update.0            : MainProcess                     : MainThread     : DEBUG   : process class started child
2017-12-15 10:36:14,437: update.0            : MainProcess                     : MainThread     : INFO    : stop update.0 (3098 : 3299 : MainThread) [radical.pilot.worker.update.Update.stop]
2017-12-15 10:36:14,450: update.0            : MainProcess                     : MainThread     : INFO    : parent stops child  3098 -> 3299 [update.0]
2017-12-15 10:36:14,451: update.0            : MainProcess                     : MainThread     : INFO    : send message: [update.0] STOP
2017-12-15 10:36:14,451: update.0            : MainProcess                     : MainThread     : DEBUG   : ru_finalize_common()
2017-12-15 10:36:14,451: update.0            : MainProcess                     : MainThread     : DEBUG   : TERM : update.0 unregister publisher log_pubsub
2017-12-15 10:36:14,452: update.0            : MainProcess                     : MainThread     : DEBUG   : unregistered publisher log_pubsub
2017-12-15 10:36:14,452: update.0            : MainProcess                     : MainThread     : DEBUG   : TERM : update.0 unregister publisher state_pubsub
2017-12-15 10:36:14,452: update.0            : MainProcess                     : MainThread     : DEBUG   : unregistered publisher state_pubsub
2017-12-15 10:36:14,453: update.0            : MainProcess                     : MainThread     : DEBUG   : TERM : update.0 unregister publisher control_pubsub
2017-12-15 10:36:14,453: update.0            : MainProcess                     : MainThread     : DEBUG   : unregistered publisher control_pubsub
2017-12-15 10:36:14,453: update.0            : MainProcess                     : MainThread     : DEBUG   : update.0 close prof
2017-12-15 10:36:14,465: update.0            : MainProcess                     : MainThread     : INFO    : parent stops child
2017-12-15 10:36:14,465: update.0            : MainProcess                     : MainThread     : DEBUG   : ru_finalize_parent (NOOP)
2017-12-15 10:36:14,465: update.0            : MainProcess                     : MainThread     : DEBUG   : ru_finalize_common (NOOP)
2017-12-15 10:36:14,578: update.0            : MainProcess                     : update.0.watch : INFO    : watcher closes
2017-12-15 10:36:14,579: update.0            : MainProcess                     : update.0.watch : INFO    : put message: [update.0.watch.thread] work finished
2017-12-15 10:36:14,579: update.0            : MainProcess                     : update.0.watch : DEBUG   : ru_finalize_child (NOOP)
2017-12-15 10:36:14,579: update.0            : MainProcess                     : update.0.watch : DEBUG   : ru_finalize_common (NOOP)
2017-12-15 10:36:14,579: update.0            : MainProcess                     : update.0.watch : INFO    : put message: [update.0.watch.thread] terminating
2017-12-15 10:36:17,189: update.0            : MainProcess                     : MainThread     : INFO    : stop update.0 (3098 : 3299 : MainThread) [radical.pilot.worker.update.Update.stop]
