2017-12-14 11:00:27,010: control.pubsub.sub.0000: update.0                        : MainThread     : INFO    : python.interpreter   version: 2.7.12 (default, Nov 20 2017, 18:23:56) [GCC 5.4.0 20160609]
2017-12-14 11:00:27,010: control.pubsub.sub.0000: update.0                        : MainThread     : INFO    :                      pid: 3334
2017-12-14 11:00:27,010: control.pubsub.sub.0000: update.0                        : MainThread     : INFO    :                      tid: MainThread
2017-12-14 11:00:27,010: control.pubsub.sub.0000: update.0                        : MainThread     : INFO    : radical.pilot        version: 0.47.1
2017-12-14 11:00:27,010: control.pubsub.sub.0000: update.0                        : MainThread     : INFO    : create control_pubsub - sub - tcp://172.30.238.6:43859
2017-12-14 11:00:27,011: control.pubsub.sub.0000: update.0                        : MainThread     : DEBUG   : start process
2017-12-14 11:00:27,012: control.pubsub.sub.0000: update.0                        : MainThread     : DEBUG   : ru_initialize_common (NOOP)
2017-12-14 11:00:27,012: control.pubsub.sub.0000: update.0                        : MainThread     : DEBUG   : ru_initialize_parent (NOOP)
2017-12-14 11:00:27,012: control.pubsub.sub.0000: update.0                        : MainThread     : DEBUG   : process class started (no child)
2017-12-14 11:00:30,656: control.pubsub.sub.0000: pmgr.0000.launching.0           : MainThread     : INFO    : python.interpreter   version: 2.7.12 (default, Nov 20 2017, 18:23:56) [GCC 5.4.0 20160609]
2017-12-14 11:00:30,657: control.pubsub.sub.0000: pmgr.0000.launching.0           : MainThread     : INFO    :                      pid: 3422
2017-12-14 11:00:30,657: control.pubsub.sub.0000: pmgr.0000.launching.0           : MainThread     : INFO    :                      tid: MainThread
2017-12-14 11:00:30,657: control.pubsub.sub.0000: pmgr.0000.launching.0           : MainThread     : INFO    : radical.pilot        version: 0.47.1
2017-12-14 11:00:30,657: control.pubsub.sub.0000: pmgr.0000.launching.0           : MainThread     : INFO    : create control_pubsub - sub - tcp://172.30.238.6:43859
2017-12-14 11:00:30,680: control.pubsub.sub.0000: pmgr.0000.launching.0           : MainThread     : DEBUG   : start process
2017-12-14 11:00:30,680: control.pubsub.sub.0000: pmgr.0000.launching.0           : MainThread     : DEBUG   : ru_initialize_common (NOOP)
2017-12-14 11:00:30,680: control.pubsub.sub.0000: pmgr.0000.launching.0           : MainThread     : DEBUG   : ru_initialize_parent (NOOP)
2017-12-14 11:00:30,680: control.pubsub.sub.0000: pmgr.0000.launching.0           : MainThread     : DEBUG   : process class started (no child)
2017-12-14 11:00:30,733: control.pubsub.sub.0000: MainProcess                     : MainThread     : INFO    : python.interpreter   version: 2.7.12 (default, Nov 20 2017, 18:23:56) [GCC 5.4.0 20160609]
2017-12-14 11:00:30,733: control.pubsub.sub.0000: MainProcess                     : MainThread     : INFO    :                      pid: 3213
2017-12-14 11:00:30,733: control.pubsub.sub.0000: MainProcess                     : MainThread     : INFO    :                      tid: MainThread
2017-12-14 11:00:30,733: control.pubsub.sub.0000: MainProcess                     : MainThread     : INFO    : radical.pilot        version: 0.47.1
2017-12-14 11:00:30,733: control.pubsub.sub.0000: MainProcess                     : MainThread     : INFO    : create control_pubsub - sub - tcp://172.30.238.6:43859
2017-12-14 11:00:30,734: control.pubsub.sub.0000: MainProcess                     : MainThread     : DEBUG   : start process
2017-12-14 11:00:30,735: control.pubsub.sub.0000: MainProcess                     : MainThread     : DEBUG   : ru_initialize_common (NOOP)
2017-12-14 11:00:30,735: control.pubsub.sub.0000: MainProcess                     : MainThread     : DEBUG   : ru_initialize_parent (NOOP)
2017-12-14 11:00:30,735: control.pubsub.sub.0000: MainProcess                     : MainThread     : DEBUG   : process class started (no child)
2017-12-14 11:04:18,315: control.pubsub.sub.0000: MainProcess                     : MainThread     : INFO    : parent stops child  3213 -> None [control.pubsub.sub.0000]
2017-12-14 11:04:18,315: control.pubsub.sub.0000: MainProcess                     : MainThread     : DEBUG   : ru_finalize_parent (NOOP)
2017-12-14 11:04:18,485: control.pubsub.sub.0000: update.0                        : MainThread     : INFO    : parent stops child  3334 -> None [control.pubsub.sub.0000]
2017-12-14 11:04:18,485: control.pubsub.sub.0000: update.0                        : MainThread     : DEBUG   : ru_finalize_parent (NOOP)
