2017-12-14 11:00:27,360: state.pubsub.sub.0000: update.0                        : MainThread     : INFO    : python.interpreter   version: 2.7.12 (default, Nov 20 2017, 18:23:56) [GCC 5.4.0 20160609]
2017-12-14 11:00:27,360: state.pubsub.sub.0000: update.0                        : MainThread     : INFO    :                      pid: 3334
2017-12-14 11:00:27,360: state.pubsub.sub.0000: update.0                        : MainThread     : INFO    :                      tid: MainThread
2017-12-14 11:00:27,361: state.pubsub.sub.0000: update.0                        : MainThread     : INFO    : radical.pilot        version: 0.47.1
2017-12-14 11:00:27,361: state.pubsub.sub.0000: update.0                        : MainThread     : INFO    : create state_pubsub - sub - tcp://172.30.238.6:41084
2017-12-14 11:00:27,361: state.pubsub.sub.0000: update.0                        : MainThread     : DEBUG   : start process
2017-12-14 11:00:27,361: state.pubsub.sub.0000: update.0                        : MainThread     : DEBUG   : ru_initialize_common (NOOP)
2017-12-14 11:00:27,361: state.pubsub.sub.0000: update.0                        : MainThread     : DEBUG   : ru_initialize_parent (NOOP)
2017-12-14 11:00:27,362: state.pubsub.sub.0000: update.0                        : MainThread     : DEBUG   : process class started (no child)
2017-12-14 11:00:30,743: state.pubsub.sub.0000: MainProcess                     : MainThread     : INFO    : python.interpreter   version: 2.7.12 (default, Nov 20 2017, 18:23:56) [GCC 5.4.0 20160609]
2017-12-14 11:00:30,743: state.pubsub.sub.0000: MainProcess                     : MainThread     : INFO    :                      pid: 3213
2017-12-14 11:00:30,743: state.pubsub.sub.0000: MainProcess                     : MainThread     : INFO    :                      tid: MainThread
2017-12-14 11:00:30,743: state.pubsub.sub.0000: MainProcess                     : MainThread     : INFO    : radical.pilot        version: 0.47.1
2017-12-14 11:00:30,744: state.pubsub.sub.0000: MainProcess                     : MainThread     : INFO    : create state_pubsub - sub - tcp://172.30.238.6:41084
2017-12-14 11:00:30,744: state.pubsub.sub.0000: MainProcess                     : MainThread     : DEBUG   : start process
2017-12-14 11:00:30,744: state.pubsub.sub.0000: MainProcess                     : MainThread     : DEBUG   : ru_initialize_common (NOOP)
2017-12-14 11:00:30,744: state.pubsub.sub.0000: MainProcess                     : MainThread     : DEBUG   : ru_initialize_parent (NOOP)
2017-12-14 11:00:30,744: state.pubsub.sub.0000: MainProcess                     : MainThread     : DEBUG   : process class started (no child)
2017-12-14 11:04:18,317: state.pubsub.sub.0000: MainProcess                     : MainThread     : INFO    : parent stops child  3213 -> None [state.pubsub.sub.0000]
2017-12-14 11:04:18,317: state.pubsub.sub.0000: MainProcess                     : MainThread     : DEBUG   : ru_finalize_parent (NOOP)
2017-12-14 11:04:18,487: state.pubsub.sub.0000: update.0                        : MainThread     : INFO    : parent stops child  3334 -> None [state.pubsub.sub.0000]
2017-12-14 11:04:18,487: state.pubsub.sub.0000: update.0                        : MainThread     : DEBUG   : ru_finalize_parent (NOOP)
