2017-12-14 11:01:37,165: umgr.unschedule.pubsub.bridge.0000: task-manager                    : MainThread     : INFO    : python.interpreter   version: 2.7.12 (default, Nov 20 2017, 18:23:56) [GCC 5.4.0 20160609]
2017-12-14 11:01:37,166: umgr.unschedule.pubsub.bridge.0000: task-manager                    : MainThread     : INFO    :                      pid: 4500
2017-12-14 11:01:37,166: umgr.unschedule.pubsub.bridge.0000: task-manager                    : MainThread     : INFO    :                      tid: MainThread
2017-12-14 11:01:37,166: umgr.unschedule.pubsub.bridge.0000: task-manager                    : MainThread     : INFO    : radical.pilot        version: 0.47.1
2017-12-14 11:01:37,166: umgr.unschedule.pubsub.bridge.0000: task-manager                    : MainThread     : INFO    : create umgr_unschedule_pubsub - bridge - tcp://*:*
2017-12-14 11:01:37,167: umgr.unschedule.pubsub.bridge.0000: task-manager                    : MainThread     : DEBUG   : start process
2017-12-14 11:01:37,176: umgr.unschedule.pubsub.bridge.0000: umgr.unschedule.pubsub.bridge.0000: MainThread     : DEBUG   : ru_initialize_common (NOOP)
2017-12-14 11:01:37,180: umgr.unschedule.pubsub.bridge.0000: umgr.unschedule.pubsub.bridge.0000.child: MainThread     : INFO    : child (me) initializing
2017-12-14 11:01:37,181: umgr.unschedule.pubsub.bridge.0000: umgr.unschedule.pubsub.bridge.0000.child: MainThread     : DEBUG   : parent name: umgr.unschedule.pubsub.bridge.0000.child.watch
2017-12-14 11:01:37,181: umgr.unschedule.pubsub.bridge.0000: umgr.unschedule.pubsub.bridge.0000.child: MainThread     : DEBUG   : start thread
2017-12-14 11:01:37,181: umgr.unschedule.pubsub.bridge.0000: umgr.unschedule.pubsub.bridge.0000.child: umgr.unschedule.pubsub.bridge.0000.child.watch: DEBUG   : child name: umgr.unschedule.pubsub.bridge.0000.child.watch.thread
2017-12-14 11:01:37,182: umgr.unschedule.pubsub.bridge.0000: umgr.unschedule.pubsub.bridge.0000.child: umgr.unschedule.pubsub.bridge.0000.child.watch: INFO    : child (me) initializing
2017-12-14 11:01:37,182: umgr.unschedule.pubsub.bridge.0000: umgr.unschedule.pubsub.bridge.0000.child: umgr.unschedule.pubsub.bridge.0000.child.watch: DEBUG   : ru_initialize_common (NOOP)
2017-12-14 11:01:37,182: umgr.unschedule.pubsub.bridge.0000: umgr.unschedule.pubsub.bridge.0000.child: umgr.unschedule.pubsub.bridge.0000.child.watch: DEBUG   : ru_initialize_child (NOOP)
2017-12-14 11:01:37,182: umgr.unschedule.pubsub.bridge.0000: umgr.unschedule.pubsub.bridge.0000.child: umgr.unschedule.pubsub.bridge.0000.child.watch: INFO    : send alive
2017-12-14 11:01:37,182: umgr.unschedule.pubsub.bridge.0000: umgr.unschedule.pubsub.bridge.0000.child: umgr.unschedule.pubsub.bridge.0000.child.watch: INFO    : put message: [umgr.unschedule.pubsub.bridge.0000.child.watch.thread] alive
2017-12-14 11:01:37,183: umgr.unschedule.pubsub.bridge.0000: umgr.unschedule.pubsub.bridge.0000.child: MainThread     : INFO    : get msg: alive
2017-12-14 11:01:37,183: umgr.unschedule.pubsub.bridge.0000: umgr.unschedule.pubsub.bridge.0000.child: MainThread     : DEBUG   : ru_initialize_common (NOOP)
2017-12-14 11:01:37,183: umgr.unschedule.pubsub.bridge.0000: umgr.unschedule.pubsub.bridge.0000.child: MainThread     : DEBUG   : ru_initialize_parent (NOOP)
2017-12-14 11:01:37,183: umgr.unschedule.pubsub.bridge.0000: umgr.unschedule.pubsub.bridge.0000.child: MainThread     : DEBUG   : child thread umgr.unschedule.pubsub.bridge.0000.child.watch started
2017-12-14 11:01:37,184: umgr.unschedule.pubsub.bridge.0000: umgr.unschedule.pubsub.bridge.0000.child: MainThread     : INFO    : child (me) is alive
2017-12-14 11:01:37,184: umgr.unschedule.pubsub.bridge.0000: umgr.unschedule.pubsub.bridge.0000.child: MainThread     : INFO    : send alive
2017-12-14 11:01:37,184: umgr.unschedule.pubsub.bridge.0000: umgr.unschedule.pubsub.bridge.0000.child: MainThread     : INFO    : send message: [umgr.unschedule.pubsub.bridge.0000.child] alive
2017-12-14 11:01:37,184: umgr.unschedule.pubsub.bridge.0000: task-manager                    : MainThread     : INFO    : recv message: alive
2017-12-14 11:01:37,185: umgr.unschedule.pubsub.bridge.0000: task-manager                    : MainThread     : DEBUG   : ru_initialize_common (NOOP)
2017-12-14 11:01:37,185: umgr.unschedule.pubsub.bridge.0000: task-manager                    : MainThread     : DEBUG   : ru_initialize_parent (NOOP)
2017-12-14 11:01:37,185: umgr.unschedule.pubsub.bridge.0000: task-manager                    : MainThread     : DEBUG   : parent name: umgr.unschedule.pubsub.bridge.0000.watch
2017-12-14 11:01:37,185: umgr.unschedule.pubsub.bridge.0000: task-manager                    : MainThread     : DEBUG   : start thread
2017-12-14 11:01:37,186: umgr.unschedule.pubsub.bridge.0000: task-manager                    : umgr.unschedule.pubsub.bridge.0000.watch: DEBUG   : child name: umgr.unschedule.pubsub.bridge.0000.watch.thread
2017-12-14 11:01:37,186: umgr.unschedule.pubsub.bridge.0000: task-manager                    : umgr.unschedule.pubsub.bridge.0000.watch: INFO    : child (me) initializing
2017-12-14 11:01:37,186: umgr.unschedule.pubsub.bridge.0000: task-manager                    : umgr.unschedule.pubsub.bridge.0000.watch: DEBUG   : ru_initialize_common (NOOP)
2017-12-14 11:01:37,186: umgr.unschedule.pubsub.bridge.0000: task-manager                    : umgr.unschedule.pubsub.bridge.0000.watch: DEBUG   : ru_initialize_child (NOOP)
2017-12-14 11:01:37,186: umgr.unschedule.pubsub.bridge.0000: task-manager                    : umgr.unschedule.pubsub.bridge.0000.watch: INFO    : send alive
2017-12-14 11:01:37,186: umgr.unschedule.pubsub.bridge.0000: task-manager                    : umgr.unschedule.pubsub.bridge.0000.watch: INFO    : put message: [umgr.unschedule.pubsub.bridge.0000.watch.thread] alive
2017-12-14 11:01:37,187: umgr.unschedule.pubsub.bridge.0000: task-manager                    : MainThread     : INFO    : get msg: alive
2017-12-14 11:01:37,187: umgr.unschedule.pubsub.bridge.0000: task-manager                    : MainThread     : DEBUG   : ru_initialize_common (NOOP)
2017-12-14 11:01:37,187: umgr.unschedule.pubsub.bridge.0000: task-manager                    : MainThread     : DEBUG   : ru_initialize_parent (NOOP)
2017-12-14 11:01:37,187: umgr.unschedule.pubsub.bridge.0000: task-manager                    : MainThread     : DEBUG   : child thread umgr.unschedule.pubsub.bridge.0000.watch started
2017-12-14 11:01:37,187: umgr.unschedule.pubsub.bridge.0000: task-manager                    : MainThread     : INFO    : child is alive
2017-12-14 11:01:37,188: umgr.unschedule.pubsub.bridge.0000: task-manager                    : MainThread     : DEBUG   : process class started child
2017-12-14 11:04:08,872: umgr.unschedule.pubsub.bridge.0000: umgr.unschedule.pubsub.bridge.0000.child: MainThread     : DEBUG   : ru_finalize_child (NOOP)
2017-12-14 11:04:08,873: umgr.unschedule.pubsub.bridge.0000: umgr.unschedule.pubsub.bridge.0000.child: MainThread     : INFO    : send message: [umgr.unschedule.pubsub.bridge.0000.child] terminating
2017-12-14 11:04:08,902: umgr.unschedule.pubsub.bridge.0000: umgr.unschedule.pubsub.bridge.0000.child: umgr.unschedule.pubsub.bridge.0000.child.watch: INFO    : watcher closes
2017-12-14 11:04:08,902: umgr.unschedule.pubsub.bridge.0000: umgr.unschedule.pubsub.bridge.0000.child: umgr.unschedule.pubsub.bridge.0000.child.watch: INFO    : put message: [umgr.unschedule.pubsub.bridge.0000.child.watch.thread] work finished
2017-12-14 11:04:08,902: umgr.unschedule.pubsub.bridge.0000: umgr.unschedule.pubsub.bridge.0000.child: umgr.unschedule.pubsub.bridge.0000.child.watch: DEBUG   : ru_finalize_child (NOOP)
2017-12-14 11:04:08,903: umgr.unschedule.pubsub.bridge.0000: umgr.unschedule.pubsub.bridge.0000.child: umgr.unschedule.pubsub.bridge.0000.child.watch: DEBUG   : ru_finalize_common (NOOP)
2017-12-14 11:04:08,903: umgr.unschedule.pubsub.bridge.0000: umgr.unschedule.pubsub.bridge.0000.child: umgr.unschedule.pubsub.bridge.0000.child.watch: INFO    : put message: [umgr.unschedule.pubsub.bridge.0000.child.watch.thread] terminating
