2018-01-31 21:14:53,567: state.pubsub.pub.0000: update.0                        : MainThread     : INFO    : python.interpreter   version: 2.7.6 (default, Jun 22 2015, 17:58:13) [GCC 4.8.2]
2018-01-31 21:14:53,567: state.pubsub.pub.0000: update.0                        : MainThread     : INFO    :                      pid: 22679
2018-01-31 21:14:53,567: state.pubsub.pub.0000: update.0                        : MainThread     : INFO    :                      tid: MainThread
2018-01-31 21:14:53,567: state.pubsub.pub.0000: update.0                        : MainThread     : INFO    : radical.pilot        version: 0.47.1
2018-01-31 21:14:53,567: state.pubsub.pub.0000: update.0                        : MainThread     : INFO    : create state_pubsub - pub - tcp://172.29.241.4:49432
2018-01-31 21:14:53,568: state.pubsub.pub.0000: update.0                        : MainThread     : DEBUG   : start process
2018-01-31 21:14:53,568: state.pubsub.pub.0000: update.0                        : MainThread     : DEBUG   : ru_initialize_common (NOOP)
2018-01-31 21:14:53,568: state.pubsub.pub.0000: update.0                        : MainThread     : DEBUG   : ru_initialize_parent (NOOP)
2018-01-31 21:14:53,568: state.pubsub.pub.0000: update.0                        : MainThread     : DEBUG   : process class started (no child)
2018-01-31 21:14:53,837: state.pubsub.pub.0000: MainProcess                     : MainThread     : INFO    : python.interpreter   version: 2.7.6 (default, Jun 22 2015, 17:58:13) [GCC 4.8.2]
2018-01-31 21:14:53,838: state.pubsub.pub.0000: MainProcess                     : MainThread     : INFO    :                      pid: 22621
2018-01-31 21:14:53,838: state.pubsub.pub.0000: MainProcess                     : MainThread     : INFO    :                      tid: MainThread
2018-01-31 21:14:53,838: state.pubsub.pub.0000: MainProcess                     : MainThread     : INFO    : radical.pilot        version: 0.47.1
2018-01-31 21:14:53,838: state.pubsub.pub.0000: MainProcess                     : MainThread     : INFO    : create state_pubsub - pub - tcp://172.29.241.4:49432
2018-01-31 21:14:53,841: state.pubsub.pub.0000: MainProcess                     : MainThread     : DEBUG   : start process
2018-01-31 21:14:53,842: state.pubsub.pub.0000: MainProcess                     : MainThread     : DEBUG   : ru_initialize_common (NOOP)
2018-01-31 21:14:53,842: state.pubsub.pub.0000: MainProcess                     : MainThread     : DEBUG   : ru_initialize_parent (NOOP)
2018-01-31 21:14:53,842: state.pubsub.pub.0000: MainProcess                     : MainThread     : DEBUG   : process class started (no child)
2018-01-31 23:33:28,043: state.pubsub.pub.0000: MainProcess                     : MainThread     : INFO    : parent stops child  22621 -> None [state.pubsub.pub.0000]
2018-01-31 23:33:28,043: state.pubsub.pub.0000: MainProcess                     : MainThread     : DEBUG   : ru_finalize_parent (NOOP)
2018-01-31 23:33:28,296: state.pubsub.pub.0000: update.0                        : MainThread     : INFO    : parent stops child  22679 -> None [state.pubsub.pub.0000]
2018-01-31 23:33:28,296: state.pubsub.pub.0000: update.0                        : MainThread     : DEBUG   : ru_finalize_parent (NOOP)
