2018-01-31 22:58:27,178: state.pubsub.pub.0005: umgr.0000.scheduling.0          : MainThread     : INFO    : python.interpreter   version: 2.7.6 (default, Jun 22 2015, 17:58:13) [GCC 4.8.2]
2018-01-31 22:58:27,178: state.pubsub.pub.0005: umgr.0000.scheduling.0          : MainThread     : INFO    :                      pid: 31096
2018-01-31 22:58:27,178: state.pubsub.pub.0005: umgr.0000.scheduling.0          : MainThread     : INFO    :                      tid: MainThread
2018-01-31 22:58:27,178: state.pubsub.pub.0005: umgr.0000.scheduling.0          : MainThread     : INFO    : radical.pilot        version: 0.47.1
2018-01-31 22:58:27,178: state.pubsub.pub.0005: umgr.0000.scheduling.0          : MainThread     : INFO    : create state_pubsub - pub - tcp://172.29.241.4:49432
2018-01-31 22:58:27,179: state.pubsub.pub.0005: umgr.0000.scheduling.0          : MainThread     : DEBUG   : start process
2018-01-31 22:58:27,179: state.pubsub.pub.0005: umgr.0000.scheduling.0          : MainThread     : DEBUG   : ru_initialize_common (NOOP)
2018-01-31 22:58:27,179: state.pubsub.pub.0005: umgr.0000.scheduling.0          : MainThread     : DEBUG   : ru_initialize_parent (NOOP)
2018-01-31 22:58:27,180: state.pubsub.pub.0005: umgr.0000.scheduling.0          : MainThread     : DEBUG   : process class started (no child)
2018-01-31 22:58:27,223: state.pubsub.pub.0005: task-manager                    : MainThread     : INFO    : python.interpreter   version: 2.7.6 (default, Jun 22 2015, 17:58:13) [GCC 4.8.2]
2018-01-31 22:58:27,223: state.pubsub.pub.0005: task-manager                    : MainThread     : INFO    :                      pid: 31002
2018-01-31 22:58:27,224: state.pubsub.pub.0005: task-manager                    : MainThread     : INFO    :                      tid: MainThread
2018-01-31 22:58:27,224: state.pubsub.pub.0005: task-manager                    : MainThread     : INFO    : radical.pilot        version: 0.47.1
2018-01-31 22:58:27,224: state.pubsub.pub.0005: task-manager                    : MainThread     : INFO    : create state_pubsub - pub - tcp://172.29.241.4:49432
2018-01-31 22:58:27,224: state.pubsub.pub.0005: task-manager                    : MainThread     : DEBUG   : start process
2018-01-31 22:58:27,224: state.pubsub.pub.0005: task-manager                    : MainThread     : DEBUG   : ru_initialize_common (NOOP)
2018-01-31 22:58:27,224: state.pubsub.pub.0005: task-manager                    : MainThread     : DEBUG   : ru_initialize_parent (NOOP)
2018-01-31 22:58:27,224: state.pubsub.pub.0005: task-manager                    : MainThread     : DEBUG   : process class started (no child)
2018-01-31 23:33:18,376: state.pubsub.pub.0005: umgr.0000.scheduling.0          : umgr.0000.scheduling.0.child.subscriber._cancel_monitor_cb: INFO    : parent stops child  31096 -> None [state.pubsub.pub.0005]
2018-01-31 23:33:18,376: state.pubsub.pub.0005: umgr.0000.scheduling.0          : umgr.0000.scheduling.0.child.subscriber._cancel_monitor_cb: DEBUG   : ru_finalize_parent (NOOP)
