2018-03-21 16:53:10,070: control.pubsub.pub.0000: update.0                        : MainThread     : INFO    : python.interpreter   version: 2.7.12 (default, Nov 20 2017, 18:23:56) [GCC 5.4.0 20160609]
2018-03-21 16:53:10,070: control.pubsub.pub.0000: update.0                        : MainThread     : INFO    :                      pid: 20307
2018-03-21 16:53:10,070: control.pubsub.pub.0000: update.0                        : MainThread     : INFO    :                      tid: MainThread
2018-03-21 16:53:10,070: control.pubsub.pub.0000: update.0                        : MainThread     : INFO    : radical.pilot        version: 0.47.1
2018-03-21 16:53:10,070: control.pubsub.pub.0000: update.0                        : MainThread     : INFO    : create control_pubsub - pub - tcp://138.201.86.166:37928
2018-03-21 16:53:10,174: control.pubsub.pub.0000: update.0                        : MainThread     : DEBUG   : start process
2018-03-21 16:53:10,174: control.pubsub.pub.0000: update.0                        : MainThread     : DEBUG   : ru_initialize_common (NOOP)
2018-03-21 16:53:10,174: control.pubsub.pub.0000: update.0                        : MainThread     : DEBUG   : ru_initialize_parent (NOOP)
2018-03-21 16:53:10,174: control.pubsub.pub.0000: update.0                        : MainThread     : DEBUG   : process class started (no child)
2018-03-21 16:53:10,911: control.pubsub.pub.0000: MainProcess                     : MainThread     : INFO    : python.interpreter   version: 2.7.12 (default, Nov 20 2017, 18:23:56) [GCC 5.4.0 20160609]
2018-03-21 16:53:10,911: control.pubsub.pub.0000: MainProcess                     : MainThread     : INFO    :                      pid: 20118
2018-03-21 16:53:10,911: control.pubsub.pub.0000: MainProcess                     : MainThread     : INFO    :                      tid: MainThread
2018-03-21 16:53:10,911: control.pubsub.pub.0000: MainProcess                     : MainThread     : INFO    : radical.pilot        version: 0.47.1
2018-03-21 16:53:10,911: control.pubsub.pub.0000: MainProcess                     : MainThread     : INFO    : create control_pubsub - pub - tcp://138.201.86.166:37928
2018-03-21 16:53:11,058: control.pubsub.pub.0000: MainProcess                     : MainThread     : DEBUG   : start process
2018-03-21 16:53:11,058: control.pubsub.pub.0000: MainProcess                     : MainThread     : DEBUG   : ru_initialize_common (NOOP)
2018-03-21 16:53:11,059: control.pubsub.pub.0000: MainProcess                     : MainThread     : DEBUG   : ru_initialize_parent (NOOP)
2018-03-21 16:53:11,059: control.pubsub.pub.0000: MainProcess                     : MainThread     : DEBUG   : process class started (no child)
2018-03-21 18:19:13,254: control.pubsub.pub.0000: MainProcess                     : MainThread     : INFO    : parent stops child  20118 -> None [control.pubsub.pub.0000]
2018-03-21 18:19:13,254: control.pubsub.pub.0000: MainProcess                     : MainThread     : DEBUG   : ru_finalize_parent (NOOP)
2018-03-21 18:19:13,451: control.pubsub.pub.0000: update.0                        : MainThread     : INFO    : parent stops child  20307 -> None [control.pubsub.pub.0000]
2018-03-21 18:19:13,451: control.pubsub.pub.0000: update.0                        : MainThread     : DEBUG   : ru_finalize_parent (NOOP)
