2018-03-21 18:00:00,386: log.pubsub.pub.0003 : umgr.0000.staging.input.0       : MainThread     : INFO    : python.interpreter   version: 2.7.12 (default, Nov 20 2017, 18:23:56) [GCC 5.4.0 20160609]
2018-03-21 18:00:00,386: log.pubsub.pub.0003 : umgr.0000.staging.input.0       : MainThread     : INFO    :                      pid: 3151
2018-03-21 18:00:00,386: log.pubsub.pub.0003 : umgr.0000.staging.input.0       : MainThread     : INFO    :                      tid: MainThread
2018-03-21 18:00:00,386: log.pubsub.pub.0003 : umgr.0000.staging.input.0       : MainThread     : INFO    : radical.pilot        version: 0.47.1
2018-03-21 18:00:00,386: log.pubsub.pub.0003 : umgr.0000.staging.input.0       : MainThread     : INFO    : create log_pubsub - pub - tcp://138.201.86.166:40956
2018-03-21 18:00:00,387: log.pubsub.pub.0003 : umgr.0000.staging.input.0       : MainThread     : DEBUG   : start process
2018-03-21 18:00:00,387: log.pubsub.pub.0003 : umgr.0000.staging.input.0       : MainThread     : DEBUG   : ru_initialize_common (NOOP)
2018-03-21 18:00:00,387: log.pubsub.pub.0003 : umgr.0000.staging.input.0       : MainThread     : DEBUG   : ru_initialize_parent (NOOP)
2018-03-21 18:00:00,387: log.pubsub.pub.0003 : umgr.0000.staging.input.0       : MainThread     : DEBUG   : process class started (no child)
2018-03-21 18:00:00,472: log.pubsub.pub.0003 : task-manager                    : MainThread     : INFO    : python.interpreter   version: 2.7.12 (default, Nov 20 2017, 18:23:56) [GCC 5.4.0 20160609]
2018-03-21 18:00:00,472: log.pubsub.pub.0003 : task-manager                    : MainThread     : INFO    :                      pid: 3098
2018-03-21 18:00:00,472: log.pubsub.pub.0003 : task-manager                    : MainThread     : INFO    :                      tid: MainThread
2018-03-21 18:00:00,472: log.pubsub.pub.0003 : task-manager                    : MainThread     : INFO    : radical.pilot        version: 0.47.1
2018-03-21 18:00:00,472: log.pubsub.pub.0003 : task-manager                    : MainThread     : INFO    : create log_pubsub - pub - tcp://138.201.86.166:40956
2018-03-21 18:00:00,473: log.pubsub.pub.0003 : task-manager                    : MainThread     : DEBUG   : start process
2018-03-21 18:00:00,473: log.pubsub.pub.0003 : task-manager                    : MainThread     : DEBUG   : ru_initialize_common (NOOP)
2018-03-21 18:00:00,473: log.pubsub.pub.0003 : task-manager                    : MainThread     : DEBUG   : ru_initialize_parent (NOOP)
2018-03-21 18:00:00,473: log.pubsub.pub.0003 : task-manager                    : MainThread     : DEBUG   : process class started (no child)
2018-03-21 18:19:01,602: log.pubsub.pub.0003 : umgr.0000.staging.input.0       : MainThread     : INFO    : parent stops child  3151 -> None [log.pubsub.pub.0003]
2018-03-21 18:19:01,602: log.pubsub.pub.0003 : umgr.0000.staging.input.0       : MainThread     : DEBUG   : ru_finalize_parent (NOOP)
