2018-03-01 11:06:53,295: control.pubsub.pub.0003: update.0                        : MainThread     : INFO    : python.interpreter   version: 2.7.7 |Continuum Analytics, Inc.| (default, Jun 2 2014, 12:34:02) [GCC 4.1.2 20080704 (Red Hat 4.1.2-54)]
2018-03-01 11:06:53,299: control.pubsub.pub.0003: update.0                        : MainThread     : INFO    :                      pid: 12989
2018-03-01 11:06:53,299: control.pubsub.pub.0003: update.0                        : MainThread     : INFO    :                      tid: MainThread
2018-03-01 11:06:53,299: control.pubsub.pub.0003: update.0                        : MainThread     : INFO    : radical.pilot        version: 0.47.1
2018-03-01 11:06:53,299: control.pubsub.pub.0003: update.0                        : MainThread     : INFO    : create control_pubsub - pub - tcp://204.90.41.143:39567
2018-03-01 11:06:53,299: control.pubsub.pub.0003: update.0                        : MainThread     : DEBUG   : start process
2018-03-01 11:06:53,299: control.pubsub.pub.0003: update.0                        : MainThread     : DEBUG   : ru_initialize_common (NOOP)
2018-03-01 11:06:53,300: control.pubsub.pub.0003: update.0                        : MainThread     : DEBUG   : ru_initialize_parent (NOOP)
2018-03-01 11:06:53,300: control.pubsub.pub.0003: update.0                        : MainThread     : DEBUG   : process class started (no child)
2018-03-01 11:06:53,565: control.pubsub.pub.0003: MainProcess                     : MainThread     : INFO    : python.interpreter   version: 2.7.7 |Continuum Analytics, Inc.| (default, Jun 2 2014, 12:34:02) [GCC 4.1.2 20080704 (Red Hat 4.1.2-54)]
2018-03-01 11:06:53,568: control.pubsub.pub.0003: MainProcess                     : MainThread     : INFO    :                      pid: 12815
2018-03-01 11:06:53,568: control.pubsub.pub.0003: MainProcess                     : MainThread     : INFO    :                      tid: MainThread
2018-03-01 11:06:53,568: control.pubsub.pub.0003: MainProcess                     : MainThread     : INFO    : radical.pilot        version: 0.47.1
2018-03-01 11:06:53,568: control.pubsub.pub.0003: MainProcess                     : MainThread     : INFO    : create control_pubsub - pub - tcp://204.90.41.143:39567
2018-03-01 11:06:53,569: control.pubsub.pub.0003: MainProcess                     : MainThread     : DEBUG   : start process
2018-03-01 11:06:53,569: control.pubsub.pub.0003: MainProcess                     : MainThread     : DEBUG   : ru_initialize_common (NOOP)
2018-03-01 11:06:53,569: control.pubsub.pub.0003: MainProcess                     : MainThread     : DEBUG   : ru_initialize_parent (NOOP)
2018-03-01 11:06:53,569: control.pubsub.pub.0003: MainProcess                     : MainThread     : DEBUG   : process class started (no child)
2018-03-01 11:42:02,036: control.pubsub.pub.0003: update.0                        : update.0.child.subscriber._cancel_monitor_cb: INFO    : parent stops child  12989 -> None [control.pubsub.pub.0003]
2018-03-01 11:42:02,036: control.pubsub.pub.0003: update.0                        : update.0.child.subscriber._cancel_monitor_cb: DEBUG   : ru_finalize_parent (NOOP)
2018-03-01 11:42:02,796: control.pubsub.pub.0003: MainProcess                     : MainThread     : INFO    : parent stops child  12815 -> None [control.pubsub.pub.0003]
2018-03-01 11:42:02,796: control.pubsub.pub.0003: MainProcess                     : MainThread     : DEBUG   : ru_finalize_parent (NOOP)
