2018-03-01 11:06:52,131: log.pubsub.pub.0002 : agent_0.staging.input.0         : MainThread     : INFO    : python.interpreter   version: 2.7.7 |Continuum Analytics, Inc.| (default, Jun 2 2014, 12:34:02) [GCC 4.1.2 20080704 (Red Hat 4.1.2-54)]
2018-03-01 11:06:52,134: log.pubsub.pub.0002 : agent_0.staging.input.0         : MainThread     : INFO    :                      pid: 12967
2018-03-01 11:06:52,134: log.pubsub.pub.0002 : agent_0.staging.input.0         : MainThread     : INFO    :                      tid: MainThread
2018-03-01 11:06:52,134: log.pubsub.pub.0002 : agent_0.staging.input.0         : MainThread     : INFO    : radical.pilot        version: 0.47.1
2018-03-01 11:06:52,134: log.pubsub.pub.0002 : agent_0.staging.input.0         : MainThread     : INFO    : create log_pubsub - pub - tcp://204.90.41.143:39329
2018-03-01 11:06:52,135: log.pubsub.pub.0002 : agent_0.staging.input.0         : MainThread     : DEBUG   : start process
2018-03-01 11:06:52,135: log.pubsub.pub.0002 : agent_0.staging.input.0         : MainThread     : DEBUG   : ru_initialize_common (NOOP)
2018-03-01 11:06:52,135: log.pubsub.pub.0002 : agent_0.staging.input.0         : MainThread     : DEBUG   : ru_initialize_parent (NOOP)
2018-03-01 11:06:52,135: log.pubsub.pub.0002 : agent_0.staging.input.0         : MainThread     : DEBUG   : process class started (no child)
2018-03-01 11:06:52,180: log.pubsub.pub.0002 : MainProcess                     : MainThread     : INFO    : python.interpreter   version: 2.7.7 |Continuum Analytics, Inc.| (default, Jun 2 2014, 12:34:02) [GCC 4.1.2 20080704 (Red Hat 4.1.2-54)]
2018-03-01 11:06:52,183: log.pubsub.pub.0002 : MainProcess                     : MainThread     : INFO    :                      pid: 12815
2018-03-01 11:06:52,183: log.pubsub.pub.0002 : MainProcess                     : MainThread     : INFO    :                      tid: MainThread
2018-03-01 11:06:52,183: log.pubsub.pub.0002 : MainProcess                     : MainThread     : INFO    : radical.pilot        version: 0.47.1
2018-03-01 11:06:52,183: log.pubsub.pub.0002 : MainProcess                     : MainThread     : INFO    : create log_pubsub - pub - tcp://204.90.41.143:39329
2018-03-01 11:06:52,184: log.pubsub.pub.0002 : MainProcess                     : MainThread     : DEBUG   : start process
2018-03-01 11:06:52,184: log.pubsub.pub.0002 : MainProcess                     : MainThread     : DEBUG   : ru_initialize_common (NOOP)
2018-03-01 11:06:52,184: log.pubsub.pub.0002 : MainProcess                     : MainThread     : DEBUG   : ru_initialize_parent (NOOP)
2018-03-01 11:06:52,184: log.pubsub.pub.0002 : MainProcess                     : MainThread     : DEBUG   : process class started (no child)
2018-03-01 11:42:02,027: log.pubsub.pub.0002 : agent_0.staging.input.0         : agent_0.staging.input.0.child.subscriber._cancel_monitor_cb: INFO    : parent stops child  12967 -> None [log.pubsub.pub.0002]
2018-03-01 11:42:02,027: log.pubsub.pub.0002 : agent_0.staging.input.0         : agent_0.staging.input.0.child.subscriber._cancel_monitor_cb: DEBUG   : ru_finalize_parent (NOOP)
2018-03-01 11:42:02,764: log.pubsub.pub.0002 : MainProcess                     : MainThread     : INFO    : parent stops child  12815 -> None [log.pubsub.pub.0002]
2018-03-01 11:42:02,764: log.pubsub.pub.0002 : MainProcess                     : MainThread     : DEBUG   : ru_finalize_parent (NOOP)
