2018-03-01 11:06:51,926: log.pubsub.pub.0001 : agent_0.scheduling.0            : MainThread     : INFO    : python.interpreter   version: 2.7.7 |Continuum Analytics, Inc.| (default, Jun 2 2014, 12:34:02) [GCC 4.1.2 20080704 (Red Hat 4.1.2-54)]
2018-03-01 11:06:51,929: log.pubsub.pub.0001 : agent_0.scheduling.0            : MainThread     : INFO    :                      pid: 12937
2018-03-01 11:06:51,929: log.pubsub.pub.0001 : agent_0.scheduling.0            : MainThread     : INFO    :                      tid: MainThread
2018-03-01 11:06:51,930: log.pubsub.pub.0001 : agent_0.scheduling.0            : MainThread     : INFO    : radical.pilot        version: 0.47.1
2018-03-01 11:06:51,930: log.pubsub.pub.0001 : agent_0.scheduling.0            : MainThread     : INFO    : create log_pubsub - pub - tcp://204.90.41.143:39329
2018-03-01 11:06:51,930: log.pubsub.pub.0001 : agent_0.scheduling.0            : MainThread     : DEBUG   : start process
2018-03-01 11:06:51,930: log.pubsub.pub.0001 : agent_0.scheduling.0            : MainThread     : DEBUG   : ru_initialize_common (NOOP)
2018-03-01 11:06:51,930: log.pubsub.pub.0001 : agent_0.scheduling.0            : MainThread     : DEBUG   : ru_initialize_parent (NOOP)
2018-03-01 11:06:51,931: log.pubsub.pub.0001 : agent_0.scheduling.0            : MainThread     : DEBUG   : process class started (no child)
2018-03-01 11:06:51,997: log.pubsub.pub.0001 : MainProcess                     : MainThread     : INFO    : python.interpreter   version: 2.7.7 |Continuum Analytics, Inc.| (default, Jun 2 2014, 12:34:02) [GCC 4.1.2 20080704 (Red Hat 4.1.2-54)]
2018-03-01 11:06:51,999: log.pubsub.pub.0001 : MainProcess                     : MainThread     : INFO    :                      pid: 12815
2018-03-01 11:06:52,000: log.pubsub.pub.0001 : MainProcess                     : MainThread     : INFO    :                      tid: MainThread
2018-03-01 11:06:52,000: log.pubsub.pub.0001 : MainProcess                     : MainThread     : INFO    : radical.pilot        version: 0.47.1
2018-03-01 11:06:52,000: log.pubsub.pub.0001 : MainProcess                     : MainThread     : INFO    : create log_pubsub - pub - tcp://204.90.41.143:39329
2018-03-01 11:06:52,000: log.pubsub.pub.0001 : MainProcess                     : MainThread     : DEBUG   : start process
2018-03-01 11:06:52,000: log.pubsub.pub.0001 : MainProcess                     : MainThread     : DEBUG   : ru_initialize_common (NOOP)
2018-03-01 11:06:52,000: log.pubsub.pub.0001 : MainProcess                     : MainThread     : DEBUG   : ru_initialize_parent (NOOP)
2018-03-01 11:06:52,000: log.pubsub.pub.0001 : MainProcess                     : MainThread     : DEBUG   : process class started (no child)
2018-03-01 11:42:02,024: log.pubsub.pub.0001 : agent_0.scheduling.0            : agent_0.scheduling.0.child.subscriber._cancel_monitor_cb: INFO    : parent stops child  12937 -> None [log.pubsub.pub.0001]
2018-03-01 11:42:02,024: log.pubsub.pub.0001 : agent_0.scheduling.0            : agent_0.scheduling.0.child.subscriber._cancel_monitor_cb: DEBUG   : ru_finalize_parent (NOOP)
2018-03-01 11:42:02,738: log.pubsub.pub.0001 : MainProcess                     : MainThread     : INFO    : parent stops child  12815 -> None [log.pubsub.pub.0001]
2018-03-01 11:42:02,738: log.pubsub.pub.0001 : MainProcess                     : MainThread     : DEBUG   : ru_finalize_parent (NOOP)
