2017-12-18 13:06:53,318: log.pubsub.pub.0000 : update.0                        : MainThread     : INFO    : python.interpreter   version: 2.7.12 (default, Nov 20 2017, 18:23:56) [GCC 5.4.0 20160609]
2017-12-18 13:06:53,318: log.pubsub.pub.0000 : update.0                        : MainThread     : INFO    :                      pid: 31622
2017-12-18 13:06:53,318: log.pubsub.pub.0000 : update.0                        : MainThread     : INFO    :                      tid: MainThread
2017-12-18 13:06:53,319: log.pubsub.pub.0000 : update.0                        : MainThread     : INFO    : radical.pilot        version: 0.47.1
2017-12-18 13:06:53,319: log.pubsub.pub.0000 : update.0                        : MainThread     : INFO    : create log_pubsub - pub - tcp://172.30.238.6:39194
2017-12-18 13:06:53,320: log.pubsub.pub.0000 : update.0                        : MainThread     : DEBUG   : start process
2017-12-18 13:06:53,320: log.pubsub.pub.0000 : update.0                        : MainThread     : DEBUG   : ru_initialize_common (NOOP)
2017-12-18 13:06:53,320: log.pubsub.pub.0000 : update.0                        : MainThread     : DEBUG   : ru_initialize_parent (NOOP)
2017-12-18 13:06:53,320: log.pubsub.pub.0000 : update.0                        : MainThread     : DEBUG   : process class started (no child)
2017-12-18 13:06:53,676: log.pubsub.pub.0000 : MainProcess                     : MainThread     : INFO    : python.interpreter   version: 2.7.12 (default, Nov 20 2017, 18:23:56) [GCC 5.4.0 20160609]
2017-12-18 13:06:53,676: log.pubsub.pub.0000 : MainProcess                     : MainThread     : INFO    :                      pid: 31499
2017-12-18 13:06:53,676: log.pubsub.pub.0000 : MainProcess                     : MainThread     : INFO    :                      tid: MainThread
2017-12-18 13:06:53,676: log.pubsub.pub.0000 : MainProcess                     : MainThread     : INFO    : radical.pilot        version: 0.47.1
2017-12-18 13:06:53,677: log.pubsub.pub.0000 : MainProcess                     : MainThread     : INFO    : create log_pubsub - pub - tcp://172.30.238.6:39194
2017-12-18 13:06:53,678: log.pubsub.pub.0000 : MainProcess                     : MainThread     : DEBUG   : start process
2017-12-18 13:06:53,678: log.pubsub.pub.0000 : MainProcess                     : MainThread     : DEBUG   : ru_initialize_common (NOOP)
2017-12-18 13:06:53,678: log.pubsub.pub.0000 : MainProcess                     : MainThread     : DEBUG   : ru_initialize_parent (NOOP)
2017-12-18 13:06:53,678: log.pubsub.pub.0000 : MainProcess                     : MainThread     : DEBUG   : process class started (no child)
2017-12-18 14:17:14,993: log.pubsub.pub.0000 : MainProcess                     : MainThread     : INFO    : parent stops child  31499 -> None [log.pubsub.pub.0000]
2017-12-18 14:17:14,993: log.pubsub.pub.0000 : MainProcess                     : MainThread     : DEBUG   : ru_finalize_parent (NOOP)
2017-12-18 14:17:15,127: log.pubsub.pub.0000 : update.0                        : MainThread     : INFO    : parent stops child  31622 -> None [log.pubsub.pub.0000]
2017-12-18 14:17:15,127: log.pubsub.pub.0000 : update.0                        : MainThread     : DEBUG   : ru_finalize_parent (NOOP)
