2017-12-18 13:06:49,337: rp.session.js-17-212.jetstream-cloud.org.vivek91.017518.0547: MainProcess                     : MainThread     : INFO    : python.interpreter   version: 2.7.12 (default, Nov 20 2017, 18:23:56) [GCC 5.4.0 20160609]
2017-12-18 13:06:49,337: rp.session.js-17-212.jetstream-cloud.org.vivek91.017518.0547: MainProcess                     : MainThread     : INFO    :                      pid: 31499
2017-12-18 13:06:49,337: rp.session.js-17-212.jetstream-cloud.org.vivek91.017518.0547: MainProcess                     : MainThread     : INFO    :                      tid: MainThread
2017-12-18 13:06:49,338: rp.session.js-17-212.jetstream-cloud.org.vivek91.017518.0547: MainProcess                     : MainThread     : INFO    : radical.pilot        version: 0.47.1
2017-12-18 13:06:49,338: rp.session.js-17-212.jetstream-cloud.org.vivek91.017518.0547: MainProcess                     : MainThread     : INFO    : using database mongodb://entk:entk@ds141406.mlab.com:41406/adap-task-count
2017-12-18 13:06:50,380: rp.session.js-17-212.jetstream-cloud.org.vivek91.017518.0547: MainProcess                     : MainThread     : INFO    : Load resource configurations from /home/vivek91/ves/paper-adap/local/lib/python2.7/site-packages/radical/pilot/configs/resource_ncsa.json
2017-12-18 13:06:50,393: rp.session.js-17-212.jetstream-cloud.org.vivek91.017518.0547: MainProcess                     : MainThread     : INFO    : Load resource configurations for ncsa.bw_orte
2017-12-18 13:06:50,394: rp.session.js-17-212.jetstream-cloud.org.vivek91.017518.0547: MainProcess                     : MainThread     : INFO    : Load resource configurations for ncsa.bw_ccm_ssh
2017-12-18 13:06:50,394: rp.session.js-17-212.jetstream-cloud.org.vivek91.017518.0547: MainProcess                     : MainThread     : INFO    : Load resource configurations for ncsa.bw_ortelib
2017-12-18 13:06:50,395: rp.session.js-17-212.jetstream-cloud.org.vivek91.017518.0547: MainProcess                     : MainThread     : INFO    : Load resource configurations for ncsa.bw_aprun
2017-12-18 13:06:50,395: rp.session.js-17-212.jetstream-cloud.org.vivek91.017518.0547: MainProcess                     : MainThread     : INFO    : Load resource configurations for ncsa.bw_local_orte
2017-12-18 13:06:50,396: rp.session.js-17-212.jetstream-cloud.org.vivek91.017518.0547: MainProcess                     : MainThread     : INFO    : Load resource configurations from /home/vivek91/ves/paper-adap/local/lib/python2.7/site-packages/radical/pilot/configs/resource_iu.json
2017-12-18 13:06:50,401: rp.session.js-17-212.jetstream-cloud.org.vivek91.017518.0547: MainProcess                     : MainThread     : INFO    : Load resource configurations for iu.bigred2_ccm_ssh
2017-12-18 13:06:50,401: rp.session.js-17-212.jetstream-cloud.org.vivek91.017518.0547: MainProcess                     : MainThread     : INFO    : Load resource configurations for iu.bigred2_aprun
2017-12-18 13:06:50,402: rp.session.js-17-212.jetstream-cloud.org.vivek91.017518.0547: MainProcess                     : MainThread     : INFO    : Load resource configurations from /home/vivek91/ves/paper-adap/local/lib/python2.7/site-packages/radical/pilot/configs/resource_osg.json
2017-12-18 13:06:50,407: rp.session.js-17-212.jetstream-cloud.org.vivek91.017518.0547: MainProcess                     : MainThread     : INFO    : Load resource configurations for osg.xsede-virt-clust
2017-12-18 13:06:50,407: rp.session.js-17-212.jetstream-cloud.org.vivek91.017518.0547: MainProcess                     : MainThread     : INFO    : Load resource configurations for osg.connect
2017-12-18 13:06:50,408: rp.session.js-17-212.jetstream-cloud.org.vivek91.017518.0547: MainProcess                     : MainThread     : INFO    : Load resource configurations from /home/vivek91/ves/paper-adap/local/lib/python2.7/site-packages/radical/pilot/configs/resource_yale.json
2017-12-18 13:06:50,410: rp.session.js-17-212.jetstream-cloud.org.vivek91.017518.0547: MainProcess                     : MainThread     : INFO    : Load resource configurations for yale.grace_ssh
2017-12-18 13:06:50,411: rp.session.js-17-212.jetstream-cloud.org.vivek91.017518.0547: MainProcess                     : MainThread     : INFO    : Load resource configurations from /home/vivek91/ves/paper-adap/local/lib/python2.7/site-packages/radical/pilot/configs/resource_lumc.json
2017-12-18 13:06:50,415: rp.session.js-17-212.jetstream-cloud.org.vivek91.017518.0547: MainProcess                     : MainThread     : INFO    : Load resource configurations for lumc.gb-ui_ssh
2017-12-18 13:06:50,415: rp.session.js-17-212.jetstream-cloud.org.vivek91.017518.0547: MainProcess                     : MainThread     : INFO    : Load resource configurations for lumc.shark_ssh
2017-12-18 13:06:50,416: rp.session.js-17-212.jetstream-cloud.org.vivek91.017518.0547: MainProcess                     : MainThread     : INFO    : Load resource configurations from /home/vivek91/ves/paper-adap/local/lib/python2.7/site-packages/radical/pilot/configs/resource_ornl.json
2017-12-18 13:06:50,422: rp.session.js-17-212.jetstream-cloud.org.vivek91.017518.0547: MainProcess                     : MainThread     : INFO    : Load resource configurations for ornl.titan_orte
2017-12-18 13:06:50,423: rp.session.js-17-212.jetstream-cloud.org.vivek91.017518.0547: MainProcess                     : MainThread     : INFO    : Load resource configurations for ornl.titan_aprun
2017-12-18 13:06:50,424: rp.session.js-17-212.jetstream-cloud.org.vivek91.017518.0547: MainProcess                     : MainThread     : INFO    : Load resource configurations for ornl.titan_ortelib
2017-12-18 13:06:50,424: rp.session.js-17-212.jetstream-cloud.org.vivek91.017518.0547: MainProcess                     : MainThread     : INFO    : Load resource configurations from /home/vivek91/ves/paper-adap/local/lib/python2.7/site-packages/radical/pilot/configs/resource_stfc.json
2017-12-18 13:06:50,426: rp.session.js-17-212.jetstream-cloud.org.vivek91.017518.0547: MainProcess                     : MainThread     : INFO    : Load resource configurations for stfc.joule_runjob
2017-12-18 13:06:50,427: rp.session.js-17-212.jetstream-cloud.org.vivek91.017518.0547: MainProcess                     : MainThread     : INFO    : Load resource configurations from /home/vivek91/ves/paper-adap/local/lib/python2.7/site-packages/radical/pilot/configs/resource_radical.json
2017-12-18 13:06:50,432: rp.session.js-17-212.jetstream-cloud.org.vivek91.017518.0547: MainProcess                     : MainThread     : INFO    : Load resource configurations for radical.two
2017-12-18 13:06:50,432: rp.session.js-17-212.jetstream-cloud.org.vivek91.017518.0547: MainProcess                     : MainThread     : INFO    : Load resource configurations for radical.tutorial
2017-12-18 13:06:50,433: rp.session.js-17-212.jetstream-cloud.org.vivek91.017518.0547: MainProcess                     : MainThread     : INFO    : Load resource configurations for radical.one
2017-12-18 13:06:50,433: rp.session.js-17-212.jetstream-cloud.org.vivek91.017518.0547: MainProcess                     : MainThread     : INFO    : Load resource configurations from /home/vivek91/ves/paper-adap/local/lib/python2.7/site-packages/radical/pilot/configs/resource_das4.json
2017-12-18 13:06:50,435: rp.session.js-17-212.jetstream-cloud.org.vivek91.017518.0547: MainProcess                     : MainThread     : INFO    : Load resource configurations for das4.fs2_ssh
2017-12-18 13:06:50,436: rp.session.js-17-212.jetstream-cloud.org.vivek91.017518.0547: MainProcess                     : MainThread     : INFO    : Load resource configurations from /home/vivek91/ves/paper-adap/local/lib/python2.7/site-packages/radical/pilot/configs/resource_nersc.json
2017-12-18 13:06:50,446: rp.session.js-17-212.jetstream-cloud.org.vivek91.017518.0547: MainProcess                     : MainThread     : INFO    : Load resource configurations for nersc.edison_ccm_ssh
2017-12-18 13:06:50,447: rp.session.js-17-212.jetstream-cloud.org.vivek91.017518.0547: MainProcess                     : MainThread     : INFO    : Load resource configurations for nersc.hopper_orte
2017-12-18 13:06:50,447: rp.session.js-17-212.jetstream-cloud.org.vivek91.017518.0547: MainProcess                     : MainThread     : INFO    : Load resource configurations for nersc.hopper_ccm_ssh
2017-12-18 13:06:50,448: rp.session.js-17-212.jetstream-cloud.org.vivek91.017518.0547: MainProcess                     : MainThread     : INFO    : Load resource configurations for nersc.edison_aprun
2017-12-18 13:06:50,448: rp.session.js-17-212.jetstream-cloud.org.vivek91.017518.0547: MainProcess                     : MainThread     : INFO    : Load resource configurations for nersc.hopper_aprun
2017-12-18 13:06:50,448: rp.session.js-17-212.jetstream-cloud.org.vivek91.017518.0547: MainProcess                     : MainThread     : INFO    : Load resource configurations for nersc.edison_orte
2017-12-18 13:06:50,449: rp.session.js-17-212.jetstream-cloud.org.vivek91.017518.0547: MainProcess                     : MainThread     : INFO    : Load resource configurations from /home/vivek91/ves/paper-adap/local/lib/python2.7/site-packages/radical/pilot/configs/resource_xsede.json
2017-12-18 13:06:50,484: rp.session.js-17-212.jetstream-cloud.org.vivek91.017518.0547: MainProcess                     : MainThread     : INFO    : Load resource configurations for xsede.gordon_ssh
2017-12-18 13:06:50,484: rp.session.js-17-212.jetstream-cloud.org.vivek91.017518.0547: MainProcess                     : MainThread     : INFO    : Load resource configurations for xsede.lonestar_ssh
2017-12-18 13:06:50,485: rp.session.js-17-212.jetstream-cloud.org.vivek91.017518.0547: MainProcess                     : MainThread     : INFO    : Load resource configurations for xsede.supermic_spark
2017-12-18 13:06:50,485: rp.session.js-17-212.jetstream-cloud.org.vivek91.017518.0547: MainProcess                     : MainThread     : INFO    : Load resource configurations for xsede.wrangler_yarn
2017-12-18 13:06:50,486: rp.session.js-17-212.jetstream-cloud.org.vivek91.017518.0547: MainProcess                     : MainThread     : INFO    : Load resource configurations for xsede.blacklight_ssh
2017-12-18 13:06:50,486: rp.session.js-17-212.jetstream-cloud.org.vivek91.017518.0547: MainProcess                     : MainThread     : INFO    : Load resource configurations for xsede.stampede_ortelib
2017-12-18 13:06:50,486: rp.session.js-17-212.jetstream-cloud.org.vivek91.017518.0547: MainProcess                     : MainThread     : INFO    : Load resource configurations for xsede.stampede_yarn
2017-12-18 13:06:50,487: rp.session.js-17-212.jetstream-cloud.org.vivek91.017518.0547: MainProcess                     : MainThread     : INFO    : Load resource configurations for xsede.stampede_ssh
2017-12-18 13:06:50,487: rp.session.js-17-212.jetstream-cloud.org.vivek91.017518.0547: MainProcess                     : MainThread     : INFO    : Load resource configurations for xsede.greenfield
2017-12-18 13:06:50,487: rp.session.js-17-212.jetstream-cloud.org.vivek91.017518.0547: MainProcess                     : MainThread     : INFO    : Load resource configurations for xsede.bridges
2017-12-18 13:06:50,488: rp.session.js-17-212.jetstream-cloud.org.vivek91.017518.0547: MainProcess                     : MainThread     : INFO    : Load resource configurations for xsede.trestles_ssh
2017-12-18 13:06:50,488: rp.session.js-17-212.jetstream-cloud.org.vivek91.017518.0547: MainProcess                     : MainThread     : INFO    : Load resource configurations for xsede.supermic_ortelib
2017-12-18 13:06:50,488: rp.session.js-17-212.jetstream-cloud.org.vivek91.017518.0547: MainProcess                     : MainThread     : INFO    : Load resource configurations for xsede.stampede2_ssh
2017-12-18 13:06:50,489: rp.session.js-17-212.jetstream-cloud.org.vivek91.017518.0547: MainProcess                     : MainThread     : INFO    : Load resource configurations for xsede.supermic_ssh
2017-12-18 13:06:50,489: rp.session.js-17-212.jetstream-cloud.org.vivek91.017518.0547: MainProcess                     : MainThread     : INFO    : Load resource configurations for xsede.wrangler_ssh
2017-12-18 13:06:50,490: rp.session.js-17-212.jetstream-cloud.org.vivek91.017518.0547: MainProcess                     : MainThread     : INFO    : Load resource configurations for xsede.supermic_orte
2017-12-18 13:06:50,490: rp.session.js-17-212.jetstream-cloud.org.vivek91.017518.0547: MainProcess                     : MainThread     : INFO    : Load resource configurations for xsede.wrangler_spark
2017-12-18 13:06:50,490: rp.session.js-17-212.jetstream-cloud.org.vivek91.017518.0547: MainProcess                     : MainThread     : INFO    : Load resource configurations for xsede.stampede_orte
2017-12-18 13:06:50,491: rp.session.js-17-212.jetstream-cloud.org.vivek91.017518.0547: MainProcess                     : MainThread     : INFO    : Load resource configurations for xsede.comet_ortelib
2017-12-18 13:06:50,491: rp.session.js-17-212.jetstream-cloud.org.vivek91.017518.0547: MainProcess                     : MainThread     : INFO    : Load resource configurations for xsede.comet_orte
2017-12-18 13:06:50,492: rp.session.js-17-212.jetstream-cloud.org.vivek91.017518.0547: MainProcess                     : MainThread     : INFO    : Load resource configurations for xsede.comet_spark
2017-12-18 13:06:50,492: rp.session.js-17-212.jetstream-cloud.org.vivek91.017518.0547: MainProcess                     : MainThread     : INFO    : Load resource configurations for xsede.comet_ssh
2017-12-18 13:06:50,492: rp.session.js-17-212.jetstream-cloud.org.vivek91.017518.0547: MainProcess                     : MainThread     : INFO    : Load resource configurations for xsede.stampede_spark
2017-12-18 13:06:50,493: rp.session.js-17-212.jetstream-cloud.org.vivek91.017518.0547: MainProcess                     : MainThread     : INFO    : Load resource configurations from /home/vivek91/ves/paper-adap/local/lib/python2.7/site-packages/radical/pilot/configs/resource_chameleon.json
2017-12-18 13:06:50,494: rp.session.js-17-212.jetstream-cloud.org.vivek91.017518.0547: MainProcess                     : MainThread     : INFO    : Load resource configurations for chameleon.cloud_vm_yarn
2017-12-18 13:06:50,495: rp.session.js-17-212.jetstream-cloud.org.vivek91.017518.0547: MainProcess                     : MainThread     : INFO    : Load resource configurations from /home/vivek91/ves/paper-adap/local/lib/python2.7/site-packages/radical/pilot/configs/resource_epsrc.json
2017-12-18 13:06:50,497: rp.session.js-17-212.jetstream-cloud.org.vivek91.017518.0547: MainProcess                     : MainThread     : INFO    : Load resource configurations for epsrc.archer_orte
2017-12-18 13:06:50,498: rp.session.js-17-212.jetstream-cloud.org.vivek91.017518.0547: MainProcess                     : MainThread     : INFO    : Load resource configurations for epsrc.archer_aprun
2017-12-18 13:06:50,498: rp.session.js-17-212.jetstream-cloud.org.vivek91.017518.0547: MainProcess                     : MainThread     : INFO    : Load resource configurations from /home/vivek91/ves/paper-adap/local/lib/python2.7/site-packages/radical/pilot/configs/resource_futuregrid.json
2017-12-18 13:06:50,505: rp.session.js-17-212.jetstream-cloud.org.vivek91.017518.0547: MainProcess                     : MainThread     : INFO    : Load resource configurations for futuregrid.delta_ssh
2017-12-18 13:06:50,506: rp.session.js-17-212.jetstream-cloud.org.vivek91.017518.0547: MainProcess                     : MainThread     : INFO    : Load resource configurations for futuregrid.india_ssh
2017-12-18 13:06:50,506: rp.session.js-17-212.jetstream-cloud.org.vivek91.017518.0547: MainProcess                     : MainThread     : INFO    : Load resource configurations for futuregrid.echo_ssh
2017-12-18 13:06:50,506: rp.session.js-17-212.jetstream-cloud.org.vivek91.017518.0547: MainProcess                     : MainThread     : INFO    : Load resource configurations for futuregrid.xray_ccm
2017-12-18 13:06:50,507: rp.session.js-17-212.jetstream-cloud.org.vivek91.017518.0547: MainProcess                     : MainThread     : INFO    : Load resource configurations for futuregrid.bravo_ssh
2017-12-18 13:06:50,507: rp.session.js-17-212.jetstream-cloud.org.vivek91.017518.0547: MainProcess                     : MainThread     : INFO    : Load resource configurations for futuregrid.xray_aprun
2017-12-18 13:06:50,507: rp.session.js-17-212.jetstream-cloud.org.vivek91.017518.0547: MainProcess                     : MainThread     : INFO    : Load resource configurations from /home/vivek91/ves/paper-adap/local/lib/python2.7/site-packages/radical/pilot/configs/resource_local.json
2017-12-18 13:06:50,515: rp.session.js-17-212.jetstream-cloud.org.vivek91.017518.0547: MainProcess                     : MainThread     : INFO    : Load resource configurations for local.localhost_orte
2017-12-18 13:06:50,515: rp.session.js-17-212.jetstream-cloud.org.vivek91.017518.0547: MainProcess                     : MainThread     : INFO    : Load resource configurations for local.localhost_anaconda
2017-12-18 13:06:50,515: rp.session.js-17-212.jetstream-cloud.org.vivek91.017518.0547: MainProcess                     : MainThread     : INFO    : Load resource configurations for local.localhost_ortelib
2017-12-18 13:06:50,516: rp.session.js-17-212.jetstream-cloud.org.vivek91.017518.0547: MainProcess                     : MainThread     : INFO    : Load resource configurations for local.localhost
2017-12-18 13:06:50,516: rp.session.js-17-212.jetstream-cloud.org.vivek91.017518.0547: MainProcess                     : MainThread     : INFO    : Load resource configurations for local.localhost_spark
2017-12-18 13:06:50,516: rp.session.js-17-212.jetstream-cloud.org.vivek91.017518.0547: MainProcess                     : MainThread     : INFO    : Load resource configurations for local.localhost_spark_anaconda
2017-12-18 13:06:50,517: rp.session.js-17-212.jetstream-cloud.org.vivek91.017518.0547: MainProcess                     : MainThread     : INFO    : Load resource configurations for local.localhost_yarn
2017-12-18 13:06:50,517: rp.session.js-17-212.jetstream-cloud.org.vivek91.017518.0547: MainProcess                     : MainThread     : INFO    : Load resource configurations from /home/vivek91/ves/paper-adap/local/lib/python2.7/site-packages/radical/pilot/configs/resource_aliases.json
2017-12-18 13:06:50,517: rp.session.js-17-212.jetstream-cloud.org.vivek91.017518.0547: MainProcess                     : MainThread     : INFO    : Load resource configurations from /home/vivek91/ves/paper-adap/local/lib/python2.7/site-packages/radical/pilot/configs/resource_lrz.json
2017-12-18 13:06:50,519: rp.session.js-17-212.jetstream-cloud.org.vivek91.017518.0547: MainProcess                     : MainThread     : INFO    : Load resource configurations for lrz.supermuc_ssh
2017-12-18 13:06:50,519: rp.session.js-17-212.jetstream-cloud.org.vivek91.017518.0547: MainProcess                     : MainThread     : INFO    : Load resource configurations from /home/vivek91/ves/paper-adap/local/lib/python2.7/site-packages/radical/pilot/configs/resource_rice.json
2017-12-18 13:06:50,521: rp.session.js-17-212.jetstream-cloud.org.vivek91.017518.0547: MainProcess                     : MainThread     : INFO    : Load resource configurations for rice.davinci_ssh
2017-12-18 13:06:50,522: rp.session.js-17-212.jetstream-cloud.org.vivek91.017518.0547: MainProcess                     : MainThread     : INFO    : Load resource configurations for rice.biou_ssh
2017-12-18 13:06:50,522: rp.session.js-17-212.jetstream-cloud.org.vivek91.017518.0547: MainProcess                     : MainThread     : INFO    : Load resource configurations from /home/vivek91/ves/paper-adap/local/lib/python2.7/site-packages/radical/pilot/configs/resource_ncar.json
2017-12-18 13:06:50,523: rp.session.js-17-212.jetstream-cloud.org.vivek91.017518.0547: MainProcess                     : MainThread     : INFO    : Load resource configurations for ncar.yellowstone_ssh
2017-12-18 13:06:50,523: rp.session.js-17-212.jetstream-cloud.org.vivek91.017518.0547: MainProcess                     : MainThread     : INFO    : Load resource configurations from /home/vivek91/ves/paper-adap/local/lib/python2.7/site-packages/radical/pilot/configs/resource_das5.json
2017-12-18 13:06:50,525: rp.session.js-17-212.jetstream-cloud.org.vivek91.017518.0547: MainProcess                     : MainThread     : INFO    : Load resource configurations for das5.fs1_ssh
2017-12-18 13:06:50,525: rp.session.js-17-212.jetstream-cloud.org.vivek91.017518.0547: MainProcess                     : MainThread     : INFO    : Load resource configurations from /home/vivek91/ves/paper-adap/local/lib/python2.7/site-packages/radical/pilot/configs/resource_fub.json
2017-12-18 13:06:50,526: rp.session.js-17-212.jetstream-cloud.org.vivek91.017518.0547: MainProcess                     : MainThread     : INFO    : Load resource configurations for fub.allegro_rsh
2017-12-18 13:06:51,136: rp.session.js-17-212.jetstream-cloud.org.vivek91.017518.0547: MainProcess                     : MainThread     : INFO    : New Session created: rp.session.js-17-212.jetstream-cloud.org.vivek91.017518.0547.
2017-12-18 13:06:51,137: rp.session.js-17-212.jetstream-cloud.org.vivek91.017518.0547: MainProcess                     : MainThread     : DEBUG   : start bridges   : {u'control_pubsub': {u'bulk_size': 0, u'log_level': u'debug', u'stall_hwm': 1},
 u'log_pubsub': {u'bulk_size': 0, u'log_level': u'debug', u'stall_hwm': 1},
 u'state_pubsub': {u'bulk_size': 0, u'log_level': u'debug', u'stall_hwm': 1}}
2017-12-18 13:06:51,137: rp.session.js-17-212.jetstream-cloud.org.vivek91.017518.0547: MainProcess                     : MainThread     : INFO    : create bridge control_pubsub
2017-12-18 13:06:51,159: rp.session.js-17-212.jetstream-cloud.org.vivek91.017518.0547: MainProcess                     : MainThread     : INFO    : created bridge control_pubsub (control.pubsub.bridge.0000)
2017-12-18 13:06:51,159: rp.session.js-17-212.jetstream-cloud.org.vivek91.017518.0547: MainProcess                     : MainThread     : INFO    : create bridge state_pubsub
2017-12-18 13:06:51,186: rp.session.js-17-212.jetstream-cloud.org.vivek91.017518.0547: MainProcess                     : MainThread     : INFO    : created bridge state_pubsub (state.pubsub.bridge.0000)
2017-12-18 13:06:51,186: rp.session.js-17-212.jetstream-cloud.org.vivek91.017518.0547: MainProcess                     : MainThread     : INFO    : create bridge log_pubsub
2017-12-18 13:06:51,205: rp.session.js-17-212.jetstream-cloud.org.vivek91.017518.0547: MainProcess                     : MainThread     : INFO    : created bridge log_pubsub (log.pubsub.bridge.0000)
2017-12-18 13:06:51,206: rp.session.js-17-212.jetstream-cloud.org.vivek91.017518.0547: MainProcess                     : MainThread     : DEBUG   : start components: {u'UpdateWorker': {u'count': 1}}
2017-12-18 13:06:51,207: rp.session.js-17-212.jetstream-cloud.org.vivek91.017518.0547: MainProcess                     : MainThread     : DEBUG   : start 1 component(s) UpdateWorker
2017-12-18 13:06:53,712: rp.session.js-17-212.jetstream-cloud.org.vivek91.017518.0547: MainProcess                     : MainThread     : INFO    : rp.session.js-17-212.jetstream-cloud.org.vivek91.017518.0547 starts update.0
2017-12-18 13:06:57,084: rp.session.js-17-212.jetstream-cloud.org.vivek91.017518.0547: MainProcess                     : MainThread     : WARNING : using alias 'xsede.supermic_ssh' for deprecated resource key 'xsede.supermic'
2017-12-18 13:06:57,085: rp.session.js-17-212.jetstream-cloud.org.vivek91.017518.0547: MainProcess                     : MainThread     : WARNING : using alias 'xsede.supermic_ssh' for deprecated resource key 'xsede.supermic'
2017-12-18 13:06:57,085: rp.session.js-17-212.jetstream-cloud.org.vivek91.017518.0547: MainProcess                     : MainThread     : DEBUG   : rsup.PTYShell('gsissh://supermic.cct-lsu.xsede.org:2222/')
2017-12-18 13:07:00,888: rp.session.js-17-212.jetstream-cloud.org.vivek91.017518.0547: MainProcess                     : MainThread     : DEBUG   : sandbox base gsissh://supermic.cct-lsu.xsede.org:2222/: '/work/vivek91'
2017-12-18 13:07:01,040: rp.session.js-17-212.jetstream-cloud.org.vivek91.017518.0547: MainProcess                     : MainThread     : DEBUG   : bulk pilot insert result: {'nModified': 0, 'nUpserted': 0, 'nMatched': 0, 'writeErrors': [], 'upserted': [], 'writeConcernErrors': [], 'nRemoved': 0, 'nInserted': 1}
2017-12-18 13:07:01,044: rp.session.js-17-212.jetstream-cloud.org.vivek91.017518.0547: pmgr.0000.launching.0           : MainThread     : WARNING : using alias 'xsede.supermic_ssh' for deprecated resource key 'xsede.supermic'
2017-12-18 13:07:01,049: rp.session.js-17-212.jetstream-cloud.org.vivek91.017518.0547: pmgr.0000.launching.0           : MainThread     : WARNING : using alias 'xsede.supermic_ssh' for deprecated resource key 'xsede.supermic'
2017-12-18 13:07:01,049: rp.session.js-17-212.jetstream-cloud.org.vivek91.017518.0547: pmgr.0000.launching.0           : MainThread     : DEBUG   : rsup.PTYShell('gsissh://supermic.cct-lsu.xsede.org:2222/')
2017-12-18 13:07:02,368: rp.session.js-17-212.jetstream-cloud.org.vivek91.017518.0547: pmgr.0000.launching.0           : MainThread     : DEBUG   : sandbox base gsissh://supermic.cct-lsu.xsede.org:2222/: '/work/vivek91'
2017-12-18 13:08:08,338: rp.session.js-17-212.jetstream-cloud.org.vivek91.017518.0547: task-manager                    : MainThread     : DEBUG   : bulk unit insert result: {'nModified': 0, 'nUpserted': 0, 'nMatched': 0, 'writeErrors': [], 'upserted': [], 'writeConcernErrors': [], 'nRemoved': 0, 'nInserted': 1}
2017-12-18 13:10:13,593: rp.session.js-17-212.jetstream-cloud.org.vivek91.017518.0547: task-manager                    : MainThread     : DEBUG   : bulk unit insert result: {'nModified': 0, 'nUpserted': 0, 'nMatched': 0, 'writeErrors': [], 'upserted': [], 'writeConcernErrors': [], 'nRemoved': 0, 'nInserted': 1}
2017-12-18 13:12:18,768: rp.session.js-17-212.jetstream-cloud.org.vivek91.017518.0547: task-manager                    : MainThread     : DEBUG   : bulk unit insert result: {'nModified': 0, 'nUpserted': 0, 'nMatched': 0, 'writeErrors': [], 'upserted': [], 'writeConcernErrors': [], 'nRemoved': 0, 'nInserted': 1}
2017-12-18 13:14:24,372: rp.session.js-17-212.jetstream-cloud.org.vivek91.017518.0547: task-manager                    : MainThread     : DEBUG   : bulk unit insert result: {'nModified': 0, 'nUpserted': 0, 'nMatched': 0, 'writeErrors': [], 'upserted': [], 'writeConcernErrors': [], 'nRemoved': 0, 'nInserted': 1}
2017-12-18 13:16:28,464: rp.session.js-17-212.jetstream-cloud.org.vivek91.017518.0547: task-manager                    : MainThread     : DEBUG   : bulk unit insert result: {'nModified': 0, 'nUpserted': 0, 'nMatched': 0, 'writeErrors': [], 'upserted': [], 'writeConcernErrors': [], 'nRemoved': 0, 'nInserted': 1}
2017-12-18 13:18:33,783: rp.session.js-17-212.jetstream-cloud.org.vivek91.017518.0547: task-manager                    : MainThread     : DEBUG   : bulk unit insert result: {'nModified': 0, 'nUpserted': 0, 'nMatched': 0, 'writeErrors': [], 'upserted': [], 'writeConcernErrors': [], 'nRemoved': 0, 'nInserted': 1}
2017-12-18 13:20:37,938: rp.session.js-17-212.jetstream-cloud.org.vivek91.017518.0547: task-manager                    : MainThread     : DEBUG   : bulk unit insert result: {'nModified': 0, 'nUpserted': 0, 'nMatched': 0, 'writeErrors': [], 'upserted': [], 'writeConcernErrors': [], 'nRemoved': 0, 'nInserted': 1}
2017-12-18 13:22:42,186: rp.session.js-17-212.jetstream-cloud.org.vivek91.017518.0547: task-manager                    : MainThread     : DEBUG   : bulk unit insert result: {'nModified': 0, 'nUpserted': 0, 'nMatched': 0, 'writeErrors': [], 'upserted': [], 'writeConcernErrors': [], 'nRemoved': 0, 'nInserted': 1}
2017-12-18 13:24:46,532: rp.session.js-17-212.jetstream-cloud.org.vivek91.017518.0547: task-manager                    : MainThread     : DEBUG   : bulk unit insert result: {'nModified': 0, 'nUpserted': 0, 'nMatched': 0, 'writeErrors': [], 'upserted': [], 'writeConcernErrors': [], 'nRemoved': 0, 'nInserted': 1}
2017-12-18 13:26:50,697: rp.session.js-17-212.jetstream-cloud.org.vivek91.017518.0547: task-manager                    : MainThread     : DEBUG   : bulk unit insert result: {'nModified': 0, 'nUpserted': 0, 'nMatched': 0, 'writeErrors': [], 'upserted': [], 'writeConcernErrors': [], 'nRemoved': 0, 'nInserted': 1}
2017-12-18 13:28:56,400: rp.session.js-17-212.jetstream-cloud.org.vivek91.017518.0547: task-manager                    : MainThread     : DEBUG   : bulk unit insert result: {'nModified': 0, 'nUpserted': 0, 'nMatched': 0, 'writeErrors': [], 'upserted': [], 'writeConcernErrors': [], 'nRemoved': 0, 'nInserted': 1}
2017-12-18 13:31:00,881: rp.session.js-17-212.jetstream-cloud.org.vivek91.017518.0547: task-manager                    : MainThread     : DEBUG   : bulk unit insert result: {'nModified': 0, 'nUpserted': 0, 'nMatched': 0, 'writeErrors': [], 'upserted': [], 'writeConcernErrors': [], 'nRemoved': 0, 'nInserted': 1}
2017-12-18 13:33:05,372: rp.session.js-17-212.jetstream-cloud.org.vivek91.017518.0547: task-manager                    : MainThread     : DEBUG   : bulk unit insert result: {'nModified': 0, 'nUpserted': 0, 'nMatched': 0, 'writeErrors': [], 'upserted': [], 'writeConcernErrors': [], 'nRemoved': 0, 'nInserted': 1}
2017-12-18 13:35:10,012: rp.session.js-17-212.jetstream-cloud.org.vivek91.017518.0547: task-manager                    : MainThread     : DEBUG   : bulk unit insert result: {'nModified': 0, 'nUpserted': 0, 'nMatched': 0, 'writeErrors': [], 'upserted': [], 'writeConcernErrors': [], 'nRemoved': 0, 'nInserted': 1}
2017-12-18 13:37:13,853: rp.session.js-17-212.jetstream-cloud.org.vivek91.017518.0547: task-manager                    : MainThread     : DEBUG   : bulk unit insert result: {'nModified': 0, 'nUpserted': 0, 'nMatched': 0, 'writeErrors': [], 'upserted': [], 'writeConcernErrors': [], 'nRemoved': 0, 'nInserted': 1}
2017-12-18 13:39:19,930: rp.session.js-17-212.jetstream-cloud.org.vivek91.017518.0547: task-manager                    : MainThread     : DEBUG   : bulk unit insert result: {'nModified': 0, 'nUpserted': 0, 'nMatched': 0, 'writeErrors': [], 'upserted': [], 'writeConcernErrors': [], 'nRemoved': 0, 'nInserted': 1}
2017-12-18 13:41:26,755: rp.session.js-17-212.jetstream-cloud.org.vivek91.017518.0547: task-manager                    : MainThread     : DEBUG   : bulk unit insert result: {'nModified': 0, 'nUpserted': 0, 'nMatched': 0, 'writeErrors': [], 'upserted': [], 'writeConcernErrors': [], 'nRemoved': 0, 'nInserted': 1}
2017-12-18 13:43:31,829: rp.session.js-17-212.jetstream-cloud.org.vivek91.017518.0547: task-manager                    : MainThread     : DEBUG   : bulk unit insert result: {'nModified': 0, 'nUpserted': 0, 'nMatched': 0, 'writeErrors': [], 'upserted': [], 'writeConcernErrors': [], 'nRemoved': 0, 'nInserted': 1}
2017-12-18 13:45:36,896: rp.session.js-17-212.jetstream-cloud.org.vivek91.017518.0547: task-manager                    : MainThread     : DEBUG   : bulk unit insert result: {'nModified': 0, 'nUpserted': 0, 'nMatched': 0, 'writeErrors': [], 'upserted': [], 'writeConcernErrors': [], 'nRemoved': 0, 'nInserted': 1}
2017-12-18 13:47:42,607: rp.session.js-17-212.jetstream-cloud.org.vivek91.017518.0547: task-manager                    : MainThread     : DEBUG   : bulk unit insert result: {'nModified': 0, 'nUpserted': 0, 'nMatched': 0, 'writeErrors': [], 'upserted': [], 'writeConcernErrors': [], 'nRemoved': 0, 'nInserted': 1}
2017-12-18 13:49:49,025: rp.session.js-17-212.jetstream-cloud.org.vivek91.017518.0547: task-manager                    : MainThread     : DEBUG   : bulk unit insert result: {'nModified': 0, 'nUpserted': 0, 'nMatched': 0, 'writeErrors': [], 'upserted': [], 'writeConcernErrors': [], 'nRemoved': 0, 'nInserted': 1}
2017-12-18 13:51:53,025: rp.session.js-17-212.jetstream-cloud.org.vivek91.017518.0547: task-manager                    : MainThread     : DEBUG   : bulk unit insert result: {'nModified': 0, 'nUpserted': 0, 'nMatched': 0, 'writeErrors': [], 'upserted': [], 'writeConcernErrors': [], 'nRemoved': 0, 'nInserted': 1}
2017-12-18 13:53:57,814: rp.session.js-17-212.jetstream-cloud.org.vivek91.017518.0547: task-manager                    : MainThread     : DEBUG   : bulk unit insert result: {'nModified': 0, 'nUpserted': 0, 'nMatched': 0, 'writeErrors': [], 'upserted': [], 'writeConcernErrors': [], 'nRemoved': 0, 'nInserted': 1}
2017-12-18 13:56:03,882: rp.session.js-17-212.jetstream-cloud.org.vivek91.017518.0547: task-manager                    : MainThread     : DEBUG   : bulk unit insert result: {'nModified': 0, 'nUpserted': 0, 'nMatched': 0, 'writeErrors': [], 'upserted': [], 'writeConcernErrors': [], 'nRemoved': 0, 'nInserted': 1}
2017-12-18 13:58:08,118: rp.session.js-17-212.jetstream-cloud.org.vivek91.017518.0547: task-manager                    : MainThread     : DEBUG   : bulk unit insert result: {'nModified': 0, 'nUpserted': 0, 'nMatched': 0, 'writeErrors': [], 'upserted': [], 'writeConcernErrors': [], 'nRemoved': 0, 'nInserted': 1}
2017-12-18 14:00:12,266: rp.session.js-17-212.jetstream-cloud.org.vivek91.017518.0547: task-manager                    : MainThread     : DEBUG   : bulk unit insert result: {'nModified': 0, 'nUpserted': 0, 'nMatched': 0, 'writeErrors': [], 'upserted': [], 'writeConcernErrors': [], 'nRemoved': 0, 'nInserted': 1}
2017-12-18 14:02:16,829: rp.session.js-17-212.jetstream-cloud.org.vivek91.017518.0547: task-manager                    : MainThread     : DEBUG   : bulk unit insert result: {'nModified': 0, 'nUpserted': 0, 'nMatched': 0, 'writeErrors': [], 'upserted': [], 'writeConcernErrors': [], 'nRemoved': 0, 'nInserted': 1}
2017-12-18 14:04:21,128: rp.session.js-17-212.jetstream-cloud.org.vivek91.017518.0547: task-manager                    : MainThread     : DEBUG   : bulk unit insert result: {'nModified': 0, 'nUpserted': 0, 'nMatched': 0, 'writeErrors': [], 'upserted': [], 'writeConcernErrors': [], 'nRemoved': 0, 'nInserted': 1}
2017-12-18 14:06:25,482: rp.session.js-17-212.jetstream-cloud.org.vivek91.017518.0547: task-manager                    : MainThread     : DEBUG   : bulk unit insert result: {'nModified': 0, 'nUpserted': 0, 'nMatched': 0, 'writeErrors': [], 'upserted': [], 'writeConcernErrors': [], 'nRemoved': 0, 'nInserted': 1}
2017-12-18 14:08:29,908: rp.session.js-17-212.jetstream-cloud.org.vivek91.017518.0547: task-manager                    : MainThread     : DEBUG   : bulk unit insert result: {'nModified': 0, 'nUpserted': 0, 'nMatched': 0, 'writeErrors': [], 'upserted': [], 'writeConcernErrors': [], 'nRemoved': 0, 'nInserted': 1}
2017-12-18 14:10:35,452: rp.session.js-17-212.jetstream-cloud.org.vivek91.017518.0547: task-manager                    : MainThread     : DEBUG   : bulk unit insert result: {'nModified': 0, 'nUpserted': 0, 'nMatched': 0, 'writeErrors': [], 'upserted': [], 'writeConcernErrors': [], 'nRemoved': 0, 'nInserted': 1}
2017-12-18 14:12:41,113: rp.session.js-17-212.jetstream-cloud.org.vivek91.017518.0547: task-manager                    : MainThread     : DEBUG   : bulk unit insert result: {'nModified': 0, 'nUpserted': 0, 'nMatched': 0, 'writeErrors': [], 'upserted': [], 'writeConcernErrors': [], 'nRemoved': 0, 'nInserted': 1}
2017-12-18 14:14:46,695: rp.session.js-17-212.jetstream-cloud.org.vivek91.017518.0547: task-manager                    : MainThread     : DEBUG   : bulk unit insert result: {'nModified': 0, 'nUpserted': 0, 'nMatched': 0, 'writeErrors': [], 'upserted': [], 'writeConcernErrors': [], 'nRemoved': 0, 'nInserted': 1}
2017-12-18 14:17:12,059: rp.session.js-17-212.jetstream-cloud.org.vivek91.017518.0547: MainProcess                     : MainThread     : DEBUG   : session rp.session.js-17-212.jetstream-cloud.org.vivek91.017518.0547 closing
2017-12-18 14:17:12,059: rp.session.js-17-212.jetstream-cloud.org.vivek91.017518.0547: MainProcess                     : MainThread     : DEBUG   : session rp.session.js-17-212.jetstream-cloud.org.vivek91.017518.0547 closes pmgr   pmgr.0000
2017-12-18 14:17:14,978: rp.session.js-17-212.jetstream-cloud.org.vivek91.017518.0547: MainProcess                     : MainThread     : DEBUG   : session rp.session.js-17-212.jetstream-cloud.org.vivek91.017518.0547 closed pmgr   pmgr.0000
2017-12-18 14:17:14,978: rp.session.js-17-212.jetstream-cloud.org.vivek91.017518.0547: MainProcess                     : MainThread     : DEBUG   : session rp.session.js-17-212.jetstream-cloud.org.vivek91.017518.0547 closes comp   update.0
2017-12-18 14:17:14,978: rp.session.js-17-212.jetstream-cloud.org.vivek91.017518.0547: MainProcess                     : MainThread     : DEBUG   :  === update.0 stop called
2017-12-18 14:17:15,019: rp.session.js-17-212.jetstream-cloud.org.vivek91.017518.0547: update.0                        : MainThread     : DEBUG   :  === update.0.child stop called
2017-12-18 14:17:15,147: rp.session.js-17-212.jetstream-cloud.org.vivek91.017518.0547: update.0                        : MainThread     : DEBUG   :  === update.0.child stop called
2017-12-18 14:17:15,155: rp.session.js-17-212.jetstream-cloud.org.vivek91.017518.0547: MainProcess                     : MainThread     : DEBUG   : session rp.session.js-17-212.jetstream-cloud.org.vivek91.017518.0547 closed comp   update.0
2017-12-18 14:17:15,155: rp.session.js-17-212.jetstream-cloud.org.vivek91.017518.0547: MainProcess                     : MainThread     : DEBUG   : session rp.session.js-17-212.jetstream-cloud.org.vivek91.017518.0547 closes bridge control.pubsub.bridge.0000
2017-12-18 14:17:16,177: rp.session.js-17-212.jetstream-cloud.org.vivek91.017518.0547: MainProcess                     : MainThread     : DEBUG   : session rp.session.js-17-212.jetstream-cloud.org.vivek91.017518.0547 closed bridge control.pubsub.bridge.0000
2017-12-18 14:17:16,177: rp.session.js-17-212.jetstream-cloud.org.vivek91.017518.0547: MainProcess                     : MainThread     : DEBUG   : session rp.session.js-17-212.jetstream-cloud.org.vivek91.017518.0547 closes bridge state.pubsub.bridge.0000
2017-12-18 14:17:17,198: rp.session.js-17-212.jetstream-cloud.org.vivek91.017518.0547: MainProcess                     : MainThread     : DEBUG   : session rp.session.js-17-212.jetstream-cloud.org.vivek91.017518.0547 closed bridge state.pubsub.bridge.0000
2017-12-18 14:17:17,198: rp.session.js-17-212.jetstream-cloud.org.vivek91.017518.0547: MainProcess                     : MainThread     : DEBUG   : session rp.session.js-17-212.jetstream-cloud.org.vivek91.017518.0547 closes bridge log.pubsub.bridge.0000
2017-12-18 14:17:17,417: rp.session.js-17-212.jetstream-cloud.org.vivek91.017518.0547: MainProcess                     : MainThread     : DEBUG   : session rp.session.js-17-212.jetstream-cloud.org.vivek91.017518.0547 closed bridge log.pubsub.bridge.0000
2017-12-18 14:17:17,417: rp.session.js-17-212.jetstream-cloud.org.vivek91.017518.0547: MainProcess                     : MainThread     : DEBUG   : session rp.session.js-17-212.jetstream-cloud.org.vivek91.017518.0547 closes db (False)
2017-12-18 14:17:17,417: rp.session.js-17-212.jetstream-cloud.org.vivek91.017518.0547: MainProcess                     : MainThread     : DEBUG   : session rp.session.js-17-212.jetstream-cloud.org.vivek91.017518.0547 closed (delete=False)
2017-12-18 14:17:17,432: rp.session.js-17-212.jetstream-cloud.org.vivek91.017518.0547: MainProcess                     : MainThread     : DEBUG   :  === update.0 stop called
