2018-03-01 18:43:29,007: control.pubsub.pub.0003: umgr.0000.staging.input.0       : MainThread     : INFO    : python.interpreter   version: 2.7.12 (default, Nov 20 2017, 18:23:56) [GCC 5.4.0 20160609]
2018-03-01 18:43:29,007: control.pubsub.pub.0003: umgr.0000.staging.input.0       : MainThread     : INFO    :                      pid: 18721
2018-03-01 18:43:29,007: control.pubsub.pub.0003: umgr.0000.staging.input.0       : MainThread     : INFO    :                      tid: MainThread
2018-03-01 18:43:29,007: control.pubsub.pub.0003: umgr.0000.staging.input.0       : MainThread     : INFO    : radical.pilot        version: 0.47.1
2018-03-01 18:43:29,007: control.pubsub.pub.0003: umgr.0000.staging.input.0       : MainThread     : INFO    : create control_pubsub - pub - tcp://138.201.86.166:38805
2018-03-01 18:43:29,050: control.pubsub.pub.0003: umgr.0000.staging.input.0       : MainThread     : DEBUG   : start process
2018-03-01 18:43:29,051: control.pubsub.pub.0003: umgr.0000.staging.input.0       : MainThread     : DEBUG   : ru_initialize_common (NOOP)
2018-03-01 18:43:29,051: control.pubsub.pub.0003: umgr.0000.staging.input.0       : MainThread     : DEBUG   : ru_initialize_parent (NOOP)
2018-03-01 18:43:29,051: control.pubsub.pub.0003: umgr.0000.staging.input.0       : MainThread     : DEBUG   : process class started (no child)
2018-03-01 18:43:29,091: control.pubsub.pub.0003: task-manager                    : MainThread     : INFO    : python.interpreter   version: 2.7.12 (default, Nov 20 2017, 18:23:56) [GCC 5.4.0 20160609]
2018-03-01 18:43:29,091: control.pubsub.pub.0003: task-manager                    : MainThread     : INFO    :                      pid: 18602
2018-03-01 18:43:29,091: control.pubsub.pub.0003: task-manager                    : MainThread     : INFO    :                      tid: MainThread
2018-03-01 18:43:29,091: control.pubsub.pub.0003: task-manager                    : MainThread     : INFO    : radical.pilot        version: 0.47.1
2018-03-01 18:43:29,091: control.pubsub.pub.0003: task-manager                    : MainThread     : INFO    : create control_pubsub - pub - tcp://138.201.86.166:38805
2018-03-01 18:43:29,126: control.pubsub.pub.0003: task-manager                    : MainThread     : DEBUG   : start process
2018-03-01 18:43:29,127: control.pubsub.pub.0003: task-manager                    : MainThread     : DEBUG   : ru_initialize_common (NOOP)
2018-03-01 18:43:29,127: control.pubsub.pub.0003: task-manager                    : MainThread     : DEBUG   : ru_initialize_parent (NOOP)
2018-03-01 18:43:29,127: control.pubsub.pub.0003: task-manager                    : MainThread     : DEBUG   : process class started (no child)
2018-03-01 19:53:25,433: control.pubsub.pub.0003: umgr.0000.staging.input.0       : MainThread     : INFO    : parent stops child  18721 -> None [control.pubsub.pub.0003]
2018-03-01 19:53:25,433: control.pubsub.pub.0003: umgr.0000.staging.input.0       : MainThread     : DEBUG   : ru_finalize_parent (NOOP)
