2018-03-01 18:42:25,793: state.pubsub.sub.0000: update.0                        : MainThread     : INFO    : python.interpreter   version: 2.7.12 (default, Nov 20 2017, 18:23:56) [GCC 5.4.0 20160609]
2018-03-01 18:42:25,793: state.pubsub.sub.0000: update.0                        : MainThread     : INFO    :                      pid: 16174
2018-03-01 18:42:25,793: state.pubsub.sub.0000: update.0                        : MainThread     : INFO    :                      tid: MainThread
2018-03-01 18:42:25,794: state.pubsub.sub.0000: update.0                        : MainThread     : INFO    : radical.pilot        version: 0.47.1
2018-03-01 18:42:25,794: state.pubsub.sub.0000: update.0                        : MainThread     : INFO    : create state_pubsub - sub - tcp://138.201.86.166:44563
2018-03-01 18:42:25,794: state.pubsub.sub.0000: update.0                        : MainThread     : DEBUG   : start process
2018-03-01 18:42:25,794: state.pubsub.sub.0000: update.0                        : MainThread     : DEBUG   : ru_initialize_common (NOOP)
2018-03-01 18:42:25,794: state.pubsub.sub.0000: update.0                        : MainThread     : DEBUG   : ru_initialize_parent (NOOP)
2018-03-01 18:42:25,794: state.pubsub.sub.0000: update.0                        : MainThread     : DEBUG   : process class started (no child)
2018-03-01 18:42:26,161: state.pubsub.sub.0000: MainProcess                     : MainThread     : INFO    : python.interpreter   version: 2.7.12 (default, Nov 20 2017, 18:23:56) [GCC 5.4.0 20160609]
2018-03-01 18:42:26,161: state.pubsub.sub.0000: MainProcess                     : MainThread     : INFO    :                      pid: 16067
2018-03-01 18:42:26,161: state.pubsub.sub.0000: MainProcess                     : MainThread     : INFO    :                      tid: MainThread
2018-03-01 18:42:26,161: state.pubsub.sub.0000: MainProcess                     : MainThread     : INFO    : radical.pilot        version: 0.47.1
2018-03-01 18:42:26,161: state.pubsub.sub.0000: MainProcess                     : MainThread     : INFO    : create state_pubsub - sub - tcp://138.201.86.166:44563
2018-03-01 18:42:26,161: state.pubsub.sub.0000: MainProcess                     : MainThread     : DEBUG   : start process
2018-03-01 18:42:26,163: state.pubsub.sub.0000: MainProcess                     : MainThread     : DEBUG   : ru_initialize_common (NOOP)
2018-03-01 18:42:26,163: state.pubsub.sub.0000: MainProcess                     : MainThread     : DEBUG   : ru_initialize_parent (NOOP)
2018-03-01 18:42:26,163: state.pubsub.sub.0000: MainProcess                     : MainThread     : DEBUG   : process class started (no child)
2018-03-01 19:53:34,794: state.pubsub.sub.0000: MainProcess                     : MainThread     : INFO    : parent stops child  16067 -> None [state.pubsub.sub.0000]
2018-03-01 19:53:34,794: state.pubsub.sub.0000: MainProcess                     : MainThread     : DEBUG   : ru_finalize_parent (NOOP)
2018-03-01 19:53:35,204: state.pubsub.sub.0000: update.0                        : MainThread     : INFO    : parent stops child  16174 -> None [state.pubsub.sub.0000]
2018-03-01 19:53:35,204: state.pubsub.sub.0000: update.0                        : MainThread     : DEBUG   : ru_finalize_parent (NOOP)
