2018-03-01 18:43:28,870: umgr.staging.output.queue.bridge.0000.child: umgr.staging.output.queue.bridge.0000.child: MainThread     : INFO    : python.interpreter   version: 2.7.12 (default, Nov 20 2017, 18:23:56) [GCC 5.4.0 20160609]
2018-03-01 18:43:28,870: umgr.staging.output.queue.bridge.0000.child: umgr.staging.output.queue.bridge.0000.child: MainThread     : INFO    :                      pid: 18661
2018-03-01 18:43:28,870: umgr.staging.output.queue.bridge.0000.child: umgr.staging.output.queue.bridge.0000.child: MainThread     : INFO    :                      tid: MainThread
2018-03-01 18:43:28,871: umgr.staging.output.queue.bridge.0000.child: umgr.staging.output.queue.bridge.0000.child: MainThread     : INFO    : radical.pilot        version: 0.47.1
2018-03-01 18:43:28,871: umgr.staging.output.queue.bridge.0000.child: umgr.staging.output.queue.bridge.0000.child: MainThread     : INFO    : start bridge umgr.staging.output.queue.bridge.0000.child on tcp://*:*
2018-03-01 18:43:28,871: umgr.staging.output.queue.bridge.0000.child: umgr.staging.output.queue.bridge.0000.child: MainThread     : INFO    : bound bridge umgr.staging.output.queue.bridge.0000.child to tcp://0.0.0.0:45612 : tcp://0.0.0.0:35002
2018-03-01 18:44:35,924: umgr.staging.output.queue.bridge.0000.child: umgr.staging.output.queue.bridge.0000.child: MainThread     : DEBUG   : sent  1 [hwm: 1]
2018-03-01 18:45:41,656: umgr.staging.output.queue.bridge.0000.child: umgr.staging.output.queue.bridge.0000.child: MainThread     : DEBUG   : sent  1 [hwm: 1]
2018-03-01 18:46:47,760: umgr.staging.output.queue.bridge.0000.child: umgr.staging.output.queue.bridge.0000.child: MainThread     : DEBUG   : sent  1 [hwm: 1]
2018-03-01 18:47:53,528: umgr.staging.output.queue.bridge.0000.child: umgr.staging.output.queue.bridge.0000.child: MainThread     : DEBUG   : sent  1 [hwm: 1]
2018-03-01 18:48:58,125: umgr.staging.output.queue.bridge.0000.child: umgr.staging.output.queue.bridge.0000.child: MainThread     : DEBUG   : sent  1 [hwm: 1]
2018-03-01 18:50:03,865: umgr.staging.output.queue.bridge.0000.child: umgr.staging.output.queue.bridge.0000.child: MainThread     : DEBUG   : sent  1 [hwm: 1]
2018-03-01 18:51:09,369: umgr.staging.output.queue.bridge.0000.child: umgr.staging.output.queue.bridge.0000.child: MainThread     : DEBUG   : sent  1 [hwm: 1]
2018-03-01 18:52:13,653: umgr.staging.output.queue.bridge.0000.child: umgr.staging.output.queue.bridge.0000.child: MainThread     : DEBUG   : sent  1 [hwm: 1]
2018-03-01 18:53:18,466: umgr.staging.output.queue.bridge.0000.child: umgr.staging.output.queue.bridge.0000.child: MainThread     : DEBUG   : sent  1 [hwm: 1]
2018-03-01 18:54:23,001: umgr.staging.output.queue.bridge.0000.child: umgr.staging.output.queue.bridge.0000.child: MainThread     : DEBUG   : sent  1 [hwm: 1]
2018-03-01 18:55:28,067: umgr.staging.output.queue.bridge.0000.child: umgr.staging.output.queue.bridge.0000.child: MainThread     : DEBUG   : sent  1 [hwm: 1]
2018-03-01 18:56:34,104: umgr.staging.output.queue.bridge.0000.child: umgr.staging.output.queue.bridge.0000.child: MainThread     : DEBUG   : sent  1 [hwm: 1]
2018-03-01 18:57:40,453: umgr.staging.output.queue.bridge.0000.child: umgr.staging.output.queue.bridge.0000.child: MainThread     : DEBUG   : sent  1 [hwm: 1]
2018-03-01 18:58:46,218: umgr.staging.output.queue.bridge.0000.child: umgr.staging.output.queue.bridge.0000.child: MainThread     : DEBUG   : sent  1 [hwm: 1]
2018-03-01 18:59:52,462: umgr.staging.output.queue.bridge.0000.child: umgr.staging.output.queue.bridge.0000.child: MainThread     : DEBUG   : sent  1 [hwm: 1]
2018-03-01 19:00:57,388: umgr.staging.output.queue.bridge.0000.child: umgr.staging.output.queue.bridge.0000.child: MainThread     : DEBUG   : sent  1 [hwm: 1]
2018-03-01 19:02:01,307: umgr.staging.output.queue.bridge.0000.child: umgr.staging.output.queue.bridge.0000.child: MainThread     : DEBUG   : sent  1 [hwm: 1]
2018-03-01 19:03:06,250: umgr.staging.output.queue.bridge.0000.child: umgr.staging.output.queue.bridge.0000.child: MainThread     : DEBUG   : sent  1 [hwm: 1]
2018-03-01 19:04:11,269: umgr.staging.output.queue.bridge.0000.child: umgr.staging.output.queue.bridge.0000.child: MainThread     : DEBUG   : sent  1 [hwm: 1]
2018-03-01 19:05:16,469: umgr.staging.output.queue.bridge.0000.child: umgr.staging.output.queue.bridge.0000.child: MainThread     : DEBUG   : sent  1 [hwm: 1]
2018-03-01 19:06:22,072: umgr.staging.output.queue.bridge.0000.child: umgr.staging.output.queue.bridge.0000.child: MainThread     : DEBUG   : sent  1 [hwm: 1]
2018-03-01 19:07:26,977: umgr.staging.output.queue.bridge.0000.child: umgr.staging.output.queue.bridge.0000.child: MainThread     : DEBUG   : sent  1 [hwm: 1]
2018-03-01 19:08:33,318: umgr.staging.output.queue.bridge.0000.child: umgr.staging.output.queue.bridge.0000.child: MainThread     : DEBUG   : sent  1 [hwm: 1]
2018-03-01 19:09:38,572: umgr.staging.output.queue.bridge.0000.child: umgr.staging.output.queue.bridge.0000.child: MainThread     : DEBUG   : sent  1 [hwm: 1]
2018-03-01 19:10:44,446: umgr.staging.output.queue.bridge.0000.child: umgr.staging.output.queue.bridge.0000.child: MainThread     : DEBUG   : sent  1 [hwm: 1]
2018-03-01 19:11:49,258: umgr.staging.output.queue.bridge.0000.child: umgr.staging.output.queue.bridge.0000.child: MainThread     : DEBUG   : sent  1 [hwm: 1]
2018-03-01 19:12:53,635: umgr.staging.output.queue.bridge.0000.child: umgr.staging.output.queue.bridge.0000.child: MainThread     : DEBUG   : sent  1 [hwm: 1]
2018-03-01 19:13:57,638: umgr.staging.output.queue.bridge.0000.child: umgr.staging.output.queue.bridge.0000.child: MainThread     : DEBUG   : sent  1 [hwm: 1]
2018-03-01 19:15:02,834: umgr.staging.output.queue.bridge.0000.child: umgr.staging.output.queue.bridge.0000.child: MainThread     : DEBUG   : sent  1 [hwm: 1]
2018-03-01 19:16:08,783: umgr.staging.output.queue.bridge.0000.child: umgr.staging.output.queue.bridge.0000.child: MainThread     : DEBUG   : sent  1 [hwm: 1]
2018-03-01 19:17:14,208: umgr.staging.output.queue.bridge.0000.child: umgr.staging.output.queue.bridge.0000.child: MainThread     : DEBUG   : sent  1 [hwm: 1]
2018-03-01 19:18:20,486: umgr.staging.output.queue.bridge.0000.child: umgr.staging.output.queue.bridge.0000.child: MainThread     : DEBUG   : sent  1 [hwm: 1]
2018-03-01 19:19:25,912: umgr.staging.output.queue.bridge.0000.child: umgr.staging.output.queue.bridge.0000.child: MainThread     : DEBUG   : sent  1 [hwm: 1]
2018-03-01 19:20:31,792: umgr.staging.output.queue.bridge.0000.child: umgr.staging.output.queue.bridge.0000.child: MainThread     : DEBUG   : sent  1 [hwm: 1]
2018-03-01 19:21:38,797: umgr.staging.output.queue.bridge.0000.child: umgr.staging.output.queue.bridge.0000.child: MainThread     : DEBUG   : sent  1 [hwm: 1]
2018-03-01 19:22:45,223: umgr.staging.output.queue.bridge.0000.child: umgr.staging.output.queue.bridge.0000.child: MainThread     : DEBUG   : sent  1 [hwm: 1]
2018-03-01 19:23:51,040: umgr.staging.output.queue.bridge.0000.child: umgr.staging.output.queue.bridge.0000.child: MainThread     : DEBUG   : sent  1 [hwm: 1]
2018-03-01 19:24:57,380: umgr.staging.output.queue.bridge.0000.child: umgr.staging.output.queue.bridge.0000.child: MainThread     : DEBUG   : sent  1 [hwm: 1]
2018-03-01 19:26:02,856: umgr.staging.output.queue.bridge.0000.child: umgr.staging.output.queue.bridge.0000.child: MainThread     : DEBUG   : sent  1 [hwm: 1]
2018-03-01 19:27:07,672: umgr.staging.output.queue.bridge.0000.child: umgr.staging.output.queue.bridge.0000.child: MainThread     : DEBUG   : sent  1 [hwm: 1]
2018-03-01 19:28:12,302: umgr.staging.output.queue.bridge.0000.child: umgr.staging.output.queue.bridge.0000.child: MainThread     : DEBUG   : sent  1 [hwm: 1]
2018-03-01 19:29:16,010: umgr.staging.output.queue.bridge.0000.child: umgr.staging.output.queue.bridge.0000.child: MainThread     : DEBUG   : sent  1 [hwm: 1]
2018-03-01 19:30:20,383: umgr.staging.output.queue.bridge.0000.child: umgr.staging.output.queue.bridge.0000.child: MainThread     : DEBUG   : sent  1 [hwm: 1]
2018-03-01 19:31:25,231: umgr.staging.output.queue.bridge.0000.child: umgr.staging.output.queue.bridge.0000.child: MainThread     : DEBUG   : sent  1 [hwm: 1]
2018-03-01 19:32:31,658: umgr.staging.output.queue.bridge.0000.child: umgr.staging.output.queue.bridge.0000.child: MainThread     : DEBUG   : sent  1 [hwm: 1]
2018-03-01 19:33:37,397: umgr.staging.output.queue.bridge.0000.child: umgr.staging.output.queue.bridge.0000.child: MainThread     : DEBUG   : sent  1 [hwm: 1]
2018-03-01 19:34:42,101: umgr.staging.output.queue.bridge.0000.child: umgr.staging.output.queue.bridge.0000.child: MainThread     : DEBUG   : sent  1 [hwm: 1]
2018-03-01 19:35:47,674: umgr.staging.output.queue.bridge.0000.child: umgr.staging.output.queue.bridge.0000.child: MainThread     : DEBUG   : sent  1 [hwm: 1]
2018-03-01 19:36:52,505: umgr.staging.output.queue.bridge.0000.child: umgr.staging.output.queue.bridge.0000.child: MainThread     : DEBUG   : sent  1 [hwm: 1]
2018-03-01 19:37:58,216: umgr.staging.output.queue.bridge.0000.child: umgr.staging.output.queue.bridge.0000.child: MainThread     : DEBUG   : sent  1 [hwm: 1]
2018-03-01 19:39:03,371: umgr.staging.output.queue.bridge.0000.child: umgr.staging.output.queue.bridge.0000.child: MainThread     : DEBUG   : sent  1 [hwm: 1]
2018-03-01 19:40:07,611: umgr.staging.output.queue.bridge.0000.child: umgr.staging.output.queue.bridge.0000.child: MainThread     : DEBUG   : sent  1 [hwm: 1]
2018-03-01 19:41:12,552: umgr.staging.output.queue.bridge.0000.child: umgr.staging.output.queue.bridge.0000.child: MainThread     : DEBUG   : sent  1 [hwm: 1]
2018-03-01 19:42:18,455: umgr.staging.output.queue.bridge.0000.child: umgr.staging.output.queue.bridge.0000.child: MainThread     : DEBUG   : sent  1 [hwm: 1]
2018-03-01 19:43:25,373: umgr.staging.output.queue.bridge.0000.child: umgr.staging.output.queue.bridge.0000.child: MainThread     : DEBUG   : sent  1 [hwm: 1]
2018-03-01 19:44:30,125: umgr.staging.output.queue.bridge.0000.child: umgr.staging.output.queue.bridge.0000.child: MainThread     : DEBUG   : sent  1 [hwm: 1]
2018-03-01 19:45:35,323: umgr.staging.output.queue.bridge.0000.child: umgr.staging.output.queue.bridge.0000.child: MainThread     : DEBUG   : sent  1 [hwm: 1]
2018-03-01 19:46:40,281: umgr.staging.output.queue.bridge.0000.child: umgr.staging.output.queue.bridge.0000.child: MainThread     : DEBUG   : sent  1 [hwm: 1]
2018-03-01 19:47:44,792: umgr.staging.output.queue.bridge.0000.child: umgr.staging.output.queue.bridge.0000.child: MainThread     : DEBUG   : sent  1 [hwm: 1]
2018-03-01 19:48:49,625: umgr.staging.output.queue.bridge.0000.child: umgr.staging.output.queue.bridge.0000.child: MainThread     : DEBUG   : sent  1 [hwm: 1]
2018-03-01 19:49:53,789: umgr.staging.output.queue.bridge.0000.child: umgr.staging.output.queue.bridge.0000.child: MainThread     : DEBUG   : sent  1 [hwm: 1]
2018-03-01 19:50:58,013: umgr.staging.output.queue.bridge.0000.child: umgr.staging.output.queue.bridge.0000.child: MainThread     : DEBUG   : sent  1 [hwm: 1]
2018-03-01 19:52:02,122: umgr.staging.output.queue.bridge.0000.child: umgr.staging.output.queue.bridge.0000.child: MainThread     : DEBUG   : sent  1 [hwm: 1]
2018-03-01 19:53:08,553: umgr.staging.output.queue.bridge.0000.child: umgr.staging.output.queue.bridge.0000.child: MainThread     : DEBUG   : sent  1 [hwm: 1]
2018-03-01 19:53:26,570: umgr.staging.output.queue.bridge.0000.child: umgr.staging.output.queue.bridge.0000.child: MainThread     : WARNING : not alive anymore?
