2018-03-01 18:43:28,899: umgr.scheduling.queue.bridge.0000.child: umgr.scheduling.queue.bridge.0000.child: MainThread     : INFO    : python.interpreter   version: 2.7.12 (default, Nov 20 2017, 18:23:56) [GCC 5.4.0 20160609]
2018-03-01 18:43:28,899: umgr.scheduling.queue.bridge.0000.child: umgr.scheduling.queue.bridge.0000.child: MainThread     : INFO    :                      pid: 18696
2018-03-01 18:43:28,899: umgr.scheduling.queue.bridge.0000.child: umgr.scheduling.queue.bridge.0000.child: MainThread     : INFO    :                      tid: MainThread
2018-03-01 18:43:28,899: umgr.scheduling.queue.bridge.0000.child: umgr.scheduling.queue.bridge.0000.child: MainThread     : INFO    : radical.pilot        version: 0.47.1
2018-03-01 18:43:28,899: umgr.scheduling.queue.bridge.0000.child: umgr.scheduling.queue.bridge.0000.child: MainThread     : INFO    : start bridge umgr.scheduling.queue.bridge.0000.child on tcp://*:*
2018-03-01 18:43:28,900: umgr.scheduling.queue.bridge.0000.child: umgr.scheduling.queue.bridge.0000.child: MainThread     : INFO    : bound bridge umgr.scheduling.queue.bridge.0000.child to tcp://0.0.0.0:35720 : tcp://0.0.0.0:46413
2018-03-01 18:43:30,322: umgr.scheduling.queue.bridge.0000.child: umgr.scheduling.queue.bridge.0000.child: MainThread     : DEBUG   : sent  1 [hwm: 1]
2018-03-01 18:44:36,203: umgr.scheduling.queue.bridge.0000.child: umgr.scheduling.queue.bridge.0000.child: MainThread     : DEBUG   : sent  1 [hwm: 1]
2018-03-01 18:45:41,915: umgr.scheduling.queue.bridge.0000.child: umgr.scheduling.queue.bridge.0000.child: MainThread     : DEBUG   : sent  1 [hwm: 1]
2018-03-01 18:46:47,953: umgr.scheduling.queue.bridge.0000.child: umgr.scheduling.queue.bridge.0000.child: MainThread     : DEBUG   : sent  1 [hwm: 1]
2018-03-01 18:47:53,724: umgr.scheduling.queue.bridge.0000.child: umgr.scheduling.queue.bridge.0000.child: MainThread     : DEBUG   : sent  1 [hwm: 1]
2018-03-01 18:48:58,430: umgr.scheduling.queue.bridge.0000.child: umgr.scheduling.queue.bridge.0000.child: MainThread     : DEBUG   : sent  1 [hwm: 1]
2018-03-01 18:50:04,071: umgr.scheduling.queue.bridge.0000.child: umgr.scheduling.queue.bridge.0000.child: MainThread     : DEBUG   : sent  1 [hwm: 1]
2018-03-01 18:51:09,661: umgr.scheduling.queue.bridge.0000.child: umgr.scheduling.queue.bridge.0000.child: MainThread     : DEBUG   : sent  1 [hwm: 1]
2018-03-01 18:52:13,853: umgr.scheduling.queue.bridge.0000.child: umgr.scheduling.queue.bridge.0000.child: MainThread     : DEBUG   : sent  1 [hwm: 1]
2018-03-01 18:53:18,845: umgr.scheduling.queue.bridge.0000.child: umgr.scheduling.queue.bridge.0000.child: MainThread     : DEBUG   : sent  1 [hwm: 1]
2018-03-01 18:54:23,226: umgr.scheduling.queue.bridge.0000.child: umgr.scheduling.queue.bridge.0000.child: MainThread     : DEBUG   : sent  1 [hwm: 1]
2018-03-01 18:55:28,249: umgr.scheduling.queue.bridge.0000.child: umgr.scheduling.queue.bridge.0000.child: MainThread     : DEBUG   : sent  1 [hwm: 1]
2018-03-01 18:56:34,407: umgr.scheduling.queue.bridge.0000.child: umgr.scheduling.queue.bridge.0000.child: MainThread     : DEBUG   : sent  1 [hwm: 1]
2018-03-01 18:57:40,645: umgr.scheduling.queue.bridge.0000.child: umgr.scheduling.queue.bridge.0000.child: MainThread     : DEBUG   : sent  1 [hwm: 1]
2018-03-01 18:58:46,513: umgr.scheduling.queue.bridge.0000.child: umgr.scheduling.queue.bridge.0000.child: MainThread     : DEBUG   : sent  1 [hwm: 1]
2018-03-01 18:59:52,697: umgr.scheduling.queue.bridge.0000.child: umgr.scheduling.queue.bridge.0000.child: MainThread     : DEBUG   : sent  1 [hwm: 1]
2018-03-01 19:00:57,564: umgr.scheduling.queue.bridge.0000.child: umgr.scheduling.queue.bridge.0000.child: MainThread     : DEBUG   : sent  1 [hwm: 1]
2018-03-01 19:02:01,519: umgr.scheduling.queue.bridge.0000.child: umgr.scheduling.queue.bridge.0000.child: MainThread     : DEBUG   : sent  1 [hwm: 1]
2018-03-01 19:03:06,473: umgr.scheduling.queue.bridge.0000.child: umgr.scheduling.queue.bridge.0000.child: MainThread     : DEBUG   : sent  1 [hwm: 1]
2018-03-01 19:04:11,467: umgr.scheduling.queue.bridge.0000.child: umgr.scheduling.queue.bridge.0000.child: MainThread     : DEBUG   : sent  1 [hwm: 1]
2018-03-01 19:05:16,668: umgr.scheduling.queue.bridge.0000.child: umgr.scheduling.queue.bridge.0000.child: MainThread     : DEBUG   : sent  1 [hwm: 1]
2018-03-01 19:06:22,249: umgr.scheduling.queue.bridge.0000.child: umgr.scheduling.queue.bridge.0000.child: MainThread     : DEBUG   : sent  1 [hwm: 1]
2018-03-01 19:07:27,187: umgr.scheduling.queue.bridge.0000.child: umgr.scheduling.queue.bridge.0000.child: MainThread     : DEBUG   : sent  1 [hwm: 1]
2018-03-01 19:08:33,544: umgr.scheduling.queue.bridge.0000.child: umgr.scheduling.queue.bridge.0000.child: MainThread     : DEBUG   : sent  1 [hwm: 1]
2018-03-01 19:09:38,778: umgr.scheduling.queue.bridge.0000.child: umgr.scheduling.queue.bridge.0000.child: MainThread     : DEBUG   : sent  1 [hwm: 1]
2018-03-01 19:10:44,714: umgr.scheduling.queue.bridge.0000.child: umgr.scheduling.queue.bridge.0000.child: MainThread     : DEBUG   : sent  1 [hwm: 1]
2018-03-01 19:11:49,437: umgr.scheduling.queue.bridge.0000.child: umgr.scheduling.queue.bridge.0000.child: MainThread     : DEBUG   : sent  1 [hwm: 1]
2018-03-01 19:12:53,867: umgr.scheduling.queue.bridge.0000.child: umgr.scheduling.queue.bridge.0000.child: MainThread     : DEBUG   : sent  1 [hwm: 1]
2018-03-01 19:13:57,830: umgr.scheduling.queue.bridge.0000.child: umgr.scheduling.queue.bridge.0000.child: MainThread     : DEBUG   : sent  1 [hwm: 1]
2018-03-01 19:15:03,037: umgr.scheduling.queue.bridge.0000.child: umgr.scheduling.queue.bridge.0000.child: MainThread     : DEBUG   : sent  1 [hwm: 1]
2018-03-01 19:16:09,031: umgr.scheduling.queue.bridge.0000.child: umgr.scheduling.queue.bridge.0000.child: MainThread     : DEBUG   : sent  1 [hwm: 1]
2018-03-01 19:17:14,422: umgr.scheduling.queue.bridge.0000.child: umgr.scheduling.queue.bridge.0000.child: MainThread     : DEBUG   : sent  1 [hwm: 1]
2018-03-01 19:18:20,737: umgr.scheduling.queue.bridge.0000.child: umgr.scheduling.queue.bridge.0000.child: MainThread     : DEBUG   : sent  1 [hwm: 1]
2018-03-01 19:19:26,154: umgr.scheduling.queue.bridge.0000.child: umgr.scheduling.queue.bridge.0000.child: MainThread     : DEBUG   : sent  1 [hwm: 1]
2018-03-01 19:20:31,956: umgr.scheduling.queue.bridge.0000.child: umgr.scheduling.queue.bridge.0000.child: MainThread     : DEBUG   : sent  1 [hwm: 1]
2018-03-01 19:21:38,989: umgr.scheduling.queue.bridge.0000.child: umgr.scheduling.queue.bridge.0000.child: MainThread     : DEBUG   : sent  1 [hwm: 1]
2018-03-01 19:22:45,405: umgr.scheduling.queue.bridge.0000.child: umgr.scheduling.queue.bridge.0000.child: MainThread     : DEBUG   : sent  1 [hwm: 1]
2018-03-01 19:23:51,250: umgr.scheduling.queue.bridge.0000.child: umgr.scheduling.queue.bridge.0000.child: MainThread     : DEBUG   : sent  1 [hwm: 1]
2018-03-01 19:24:57,563: umgr.scheduling.queue.bridge.0000.child: umgr.scheduling.queue.bridge.0000.child: MainThread     : DEBUG   : sent  1 [hwm: 1]
2018-03-01 19:26:03,069: umgr.scheduling.queue.bridge.0000.child: umgr.scheduling.queue.bridge.0000.child: MainThread     : DEBUG   : sent  1 [hwm: 1]
2018-03-01 19:27:07,917: umgr.scheduling.queue.bridge.0000.child: umgr.scheduling.queue.bridge.0000.child: MainThread     : DEBUG   : sent  1 [hwm: 1]
2018-03-01 19:28:12,495: umgr.scheduling.queue.bridge.0000.child: umgr.scheduling.queue.bridge.0000.child: MainThread     : DEBUG   : sent  1 [hwm: 1]
2018-03-01 19:29:16,209: umgr.scheduling.queue.bridge.0000.child: umgr.scheduling.queue.bridge.0000.child: MainThread     : DEBUG   : sent  1 [hwm: 1]
2018-03-01 19:30:20,604: umgr.scheduling.queue.bridge.0000.child: umgr.scheduling.queue.bridge.0000.child: MainThread     : DEBUG   : sent  1 [hwm: 1]
2018-03-01 19:31:25,432: umgr.scheduling.queue.bridge.0000.child: umgr.scheduling.queue.bridge.0000.child: MainThread     : DEBUG   : sent  1 [hwm: 1]
2018-03-01 19:32:31,836: umgr.scheduling.queue.bridge.0000.child: umgr.scheduling.queue.bridge.0000.child: MainThread     : DEBUG   : sent  1 [hwm: 1]
2018-03-01 19:33:37,612: umgr.scheduling.queue.bridge.0000.child: umgr.scheduling.queue.bridge.0000.child: MainThread     : DEBUG   : sent  1 [hwm: 1]
2018-03-01 19:34:42,318: umgr.scheduling.queue.bridge.0000.child: umgr.scheduling.queue.bridge.0000.child: MainThread     : DEBUG   : sent  1 [hwm: 1]
2018-03-01 19:35:47,918: umgr.scheduling.queue.bridge.0000.child: umgr.scheduling.queue.bridge.0000.child: MainThread     : DEBUG   : sent  1 [hwm: 1]
2018-03-01 19:36:52,727: umgr.scheduling.queue.bridge.0000.child: umgr.scheduling.queue.bridge.0000.child: MainThread     : DEBUG   : sent  1 [hwm: 1]
2018-03-01 19:37:58,429: umgr.scheduling.queue.bridge.0000.child: umgr.scheduling.queue.bridge.0000.child: MainThread     : DEBUG   : sent  1 [hwm: 1]
2018-03-01 19:39:03,550: umgr.scheduling.queue.bridge.0000.child: umgr.scheduling.queue.bridge.0000.child: MainThread     : DEBUG   : sent  1 [hwm: 1]
2018-03-01 19:40:07,803: umgr.scheduling.queue.bridge.0000.child: umgr.scheduling.queue.bridge.0000.child: MainThread     : DEBUG   : sent  1 [hwm: 1]
2018-03-01 19:41:12,806: umgr.scheduling.queue.bridge.0000.child: umgr.scheduling.queue.bridge.0000.child: MainThread     : DEBUG   : sent  1 [hwm: 1]
2018-03-01 19:42:18,629: umgr.scheduling.queue.bridge.0000.child: umgr.scheduling.queue.bridge.0000.child: MainThread     : DEBUG   : sent  1 [hwm: 1]
2018-03-01 19:43:25,572: umgr.scheduling.queue.bridge.0000.child: umgr.scheduling.queue.bridge.0000.child: MainThread     : DEBUG   : sent  1 [hwm: 1]
2018-03-01 19:44:30,328: umgr.scheduling.queue.bridge.0000.child: umgr.scheduling.queue.bridge.0000.child: MainThread     : DEBUG   : sent  1 [hwm: 1]
2018-03-01 19:45:35,533: umgr.scheduling.queue.bridge.0000.child: umgr.scheduling.queue.bridge.0000.child: MainThread     : DEBUG   : sent  1 [hwm: 1]
2018-03-01 19:46:40,478: umgr.scheduling.queue.bridge.0000.child: umgr.scheduling.queue.bridge.0000.child: MainThread     : DEBUG   : sent  1 [hwm: 1]
2018-03-01 19:47:45,006: umgr.scheduling.queue.bridge.0000.child: umgr.scheduling.queue.bridge.0000.child: MainThread     : DEBUG   : sent  1 [hwm: 1]
2018-03-01 19:48:49,842: umgr.scheduling.queue.bridge.0000.child: umgr.scheduling.queue.bridge.0000.child: MainThread     : DEBUG   : sent  1 [hwm: 1]
2018-03-01 19:49:54,021: umgr.scheduling.queue.bridge.0000.child: umgr.scheduling.queue.bridge.0000.child: MainThread     : DEBUG   : sent  1 [hwm: 1]
2018-03-01 19:50:58,257: umgr.scheduling.queue.bridge.0000.child: umgr.scheduling.queue.bridge.0000.child: MainThread     : DEBUG   : sent  1 [hwm: 1]
2018-03-01 19:52:02,361: umgr.scheduling.queue.bridge.0000.child: umgr.scheduling.queue.bridge.0000.child: MainThread     : DEBUG   : sent  1 [hwm: 1]
2018-03-01 19:53:26,425: umgr.scheduling.queue.bridge.0000.child: umgr.scheduling.queue.bridge.0000.child: MainThread     : WARNING : not alive anymore?
