2018-01-25 12:39:00,853: control.pubsub.sub.0000: update.0                        : MainThread     : INFO    : python.interpreter   version: 2.7.6 (default, Jun 22 2015, 17:58:13) [GCC 4.8.2]
2018-01-25 12:39:00,853: control.pubsub.sub.0000: update.0                        : MainThread     : INFO    :                      pid: 26955
2018-01-25 12:39:00,853: control.pubsub.sub.0000: update.0                        : MainThread     : INFO    :                      tid: MainThread
2018-01-25 12:39:00,853: control.pubsub.sub.0000: update.0                        : MainThread     : INFO    : radical.pilot        version: 0.47.1
2018-01-25 12:39:00,853: control.pubsub.sub.0000: update.0                        : MainThread     : INFO    : create control_pubsub - sub - tcp://172.29.241.4:52428
2018-01-25 12:39:00,854: control.pubsub.sub.0000: update.0                        : MainThread     : DEBUG   : start process
2018-01-25 12:39:00,854: control.pubsub.sub.0000: update.0                        : MainThread     : DEBUG   : ru_initialize_common (NOOP)
2018-01-25 12:39:00,854: control.pubsub.sub.0000: update.0                        : MainThread     : DEBUG   : ru_initialize_parent (NOOP)
2018-01-25 12:39:00,854: control.pubsub.sub.0000: update.0                        : MainThread     : DEBUG   : process class started (no child)
2018-01-25 12:39:02,286: control.pubsub.sub.0000: pmgr.0000.launching.0           : MainThread     : INFO    : python.interpreter   version: 2.7.6 (default, Jun 22 2015, 17:58:13) [GCC 4.8.2]
2018-01-25 12:39:02,287: control.pubsub.sub.0000: pmgr.0000.launching.0           : MainThread     : INFO    :                      pid: 26987
2018-01-25 12:39:02,287: control.pubsub.sub.0000: pmgr.0000.launching.0           : MainThread     : INFO    :                      tid: MainThread
2018-01-25 12:39:02,287: control.pubsub.sub.0000: pmgr.0000.launching.0           : MainThread     : INFO    : radical.pilot        version: 0.47.1
2018-01-25 12:39:02,287: control.pubsub.sub.0000: pmgr.0000.launching.0           : MainThread     : INFO    : create control_pubsub - sub - tcp://172.29.241.4:52428
2018-01-25 12:39:02,288: control.pubsub.sub.0000: pmgr.0000.launching.0           : MainThread     : DEBUG   : start process
2018-01-25 12:39:02,288: control.pubsub.sub.0000: pmgr.0000.launching.0           : MainThread     : DEBUG   : ru_initialize_common (NOOP)
2018-01-25 12:39:02,288: control.pubsub.sub.0000: pmgr.0000.launching.0           : MainThread     : DEBUG   : ru_initialize_parent (NOOP)
2018-01-25 12:39:02,288: control.pubsub.sub.0000: pmgr.0000.launching.0           : MainThread     : DEBUG   : process class started (no child)
2018-01-25 12:39:02,334: control.pubsub.sub.0000: MainProcess                     : MainThread     : INFO    : python.interpreter   version: 2.7.6 (default, Jun 22 2015, 17:58:13) [GCC 4.8.2]
2018-01-25 12:39:02,335: control.pubsub.sub.0000: MainProcess                     : MainThread     : INFO    :                      pid: 26913
2018-01-25 12:39:02,335: control.pubsub.sub.0000: MainProcess                     : MainThread     : INFO    :                      tid: MainThread
2018-01-25 12:39:02,335: control.pubsub.sub.0000: MainProcess                     : MainThread     : INFO    : radical.pilot        version: 0.47.1
2018-01-25 12:39:02,335: control.pubsub.sub.0000: MainProcess                     : MainThread     : INFO    : create control_pubsub - sub - tcp://172.29.241.4:52428
2018-01-25 12:39:02,335: control.pubsub.sub.0000: MainProcess                     : MainThread     : DEBUG   : start process
2018-01-25 12:39:02,336: control.pubsub.sub.0000: MainProcess                     : MainThread     : DEBUG   : ru_initialize_common (NOOP)
2018-01-25 12:39:02,336: control.pubsub.sub.0000: MainProcess                     : MainThread     : DEBUG   : ru_initialize_parent (NOOP)
2018-01-25 12:39:02,336: control.pubsub.sub.0000: MainProcess                     : MainThread     : DEBUG   : process class started (no child)
2018-01-25 13:49:50,306: control.pubsub.sub.0000: MainProcess                     : MainThread     : INFO    : parent stops child  26913 -> None [control.pubsub.sub.0000]
2018-01-25 13:49:50,306: control.pubsub.sub.0000: MainProcess                     : MainThread     : DEBUG   : ru_finalize_parent (NOOP)
2018-01-25 13:49:50,548: control.pubsub.sub.0000: update.0                        : MainThread     : INFO    : parent stops child  26955 -> None [control.pubsub.sub.0000]
2018-01-25 13:49:50,548: control.pubsub.sub.0000: update.0                        : MainThread     : DEBUG   : ru_finalize_parent (NOOP)
