2018-01-25 12:38:58,668: rp.session.js-169-212.jetstream-cloud.org.vivek91.017556.0235: MainProcess                     : MainThread     : INFO    : python.interpreter   version: 2.7.6 (default, Jun 22 2015, 17:58:13) [GCC 4.8.2]
2018-01-25 12:38:58,668: rp.session.js-169-212.jetstream-cloud.org.vivek91.017556.0235: MainProcess                     : MainThread     : INFO    :                      pid: 26913
2018-01-25 12:38:58,668: rp.session.js-169-212.jetstream-cloud.org.vivek91.017556.0235: MainProcess                     : MainThread     : INFO    :                      tid: MainThread
2018-01-25 12:38:58,669: rp.session.js-169-212.jetstream-cloud.org.vivek91.017556.0235: MainProcess                     : MainThread     : INFO    : radical.pilot        version: 0.47.1
2018-01-25 12:38:58,669: rp.session.js-169-212.jetstream-cloud.org.vivek91.017556.0235: MainProcess                     : MainThread     : INFO    : using database mongodb://entk:entk@ds125126.mlab.com:25126/adbms-1
2018-01-25 12:38:58,759: rp.session.js-169-212.jetstream-cloud.org.vivek91.017556.0235: MainProcess                     : MainThread     : INFO    : Load resource configurations from /home/vivek91/ves/ve-bms/local/lib/python2.7/site-packages/radical/pilot/configs/resource_ncsa.json
2018-01-25 12:38:58,774: rp.session.js-169-212.jetstream-cloud.org.vivek91.017556.0235: MainProcess                     : MainThread     : INFO    : Load resource configurations for ncsa.bw_orte
2018-01-25 12:38:58,774: rp.session.js-169-212.jetstream-cloud.org.vivek91.017556.0235: MainProcess                     : MainThread     : INFO    : Load resource configurations for ncsa.bw_ccm_ssh
2018-01-25 12:38:58,775: rp.session.js-169-212.jetstream-cloud.org.vivek91.017556.0235: MainProcess                     : MainThread     : INFO    : Load resource configurations for ncsa.bw_ortelib
2018-01-25 12:38:58,776: rp.session.js-169-212.jetstream-cloud.org.vivek91.017556.0235: MainProcess                     : MainThread     : INFO    : Load resource configurations for ncsa.bw_aprun
2018-01-25 12:38:58,776: rp.session.js-169-212.jetstream-cloud.org.vivek91.017556.0235: MainProcess                     : MainThread     : INFO    : Load resource configurations for ncsa.bw_local_orte
2018-01-25 12:38:58,777: rp.session.js-169-212.jetstream-cloud.org.vivek91.017556.0235: MainProcess                     : MainThread     : INFO    : Load resource configurations from /home/vivek91/ves/ve-bms/local/lib/python2.7/site-packages/radical/pilot/configs/resource_epsrc.json
2018-01-25 12:38:58,781: rp.session.js-169-212.jetstream-cloud.org.vivek91.017556.0235: MainProcess                     : MainThread     : INFO    : Load resource configurations for epsrc.archer_orte
2018-01-25 12:38:58,782: rp.session.js-169-212.jetstream-cloud.org.vivek91.017556.0235: MainProcess                     : MainThread     : INFO    : Load resource configurations for epsrc.archer_aprun
2018-01-25 12:38:58,783: rp.session.js-169-212.jetstream-cloud.org.vivek91.017556.0235: MainProcess                     : MainThread     : INFO    : Load resource configurations from /home/vivek91/ves/ve-bms/local/lib/python2.7/site-packages/radical/pilot/configs/resource_das5.json
2018-01-25 12:38:58,785: rp.session.js-169-212.jetstream-cloud.org.vivek91.017556.0235: MainProcess                     : MainThread     : INFO    : Load resource configurations for das5.fs1_ssh
2018-01-25 12:38:58,785: rp.session.js-169-212.jetstream-cloud.org.vivek91.017556.0235: MainProcess                     : MainThread     : INFO    : Load resource configurations from /home/vivek91/ves/ve-bms/local/lib/python2.7/site-packages/radical/pilot/configs/resource_das4.json
2018-01-25 12:38:58,788: rp.session.js-169-212.jetstream-cloud.org.vivek91.017556.0235: MainProcess                     : MainThread     : INFO    : Load resource configurations for das4.fs2_ssh
2018-01-25 12:38:58,788: rp.session.js-169-212.jetstream-cloud.org.vivek91.017556.0235: MainProcess                     : MainThread     : INFO    : Load resource configurations from /home/vivek91/ves/ve-bms/local/lib/python2.7/site-packages/radical/pilot/configs/resource_local.json
2018-01-25 12:38:58,800: rp.session.js-169-212.jetstream-cloud.org.vivek91.017556.0235: MainProcess                     : MainThread     : INFO    : Load resource configurations for local.localhost_orte
2018-01-25 12:38:58,801: rp.session.js-169-212.jetstream-cloud.org.vivek91.017556.0235: MainProcess                     : MainThread     : INFO    : Load resource configurations for local.localhost_anaconda
2018-01-25 12:38:58,801: rp.session.js-169-212.jetstream-cloud.org.vivek91.017556.0235: MainProcess                     : MainThread     : INFO    : Load resource configurations for local.localhost_ortelib
2018-01-25 12:38:58,802: rp.session.js-169-212.jetstream-cloud.org.vivek91.017556.0235: MainProcess                     : MainThread     : INFO    : Load resource configurations for local.localhost
2018-01-25 12:38:58,802: rp.session.js-169-212.jetstream-cloud.org.vivek91.017556.0235: MainProcess                     : MainThread     : INFO    : Load resource configurations for local.localhost_spark
2018-01-25 12:38:58,803: rp.session.js-169-212.jetstream-cloud.org.vivek91.017556.0235: MainProcess                     : MainThread     : INFO    : Load resource configurations for local.localhost_spark_anaconda
2018-01-25 12:38:58,803: rp.session.js-169-212.jetstream-cloud.org.vivek91.017556.0235: MainProcess                     : MainThread     : INFO    : Load resource configurations for local.localhost_yarn
2018-01-25 12:38:58,803: rp.session.js-169-212.jetstream-cloud.org.vivek91.017556.0235: MainProcess                     : MainThread     : INFO    : Load resource configurations from /home/vivek91/ves/ve-bms/local/lib/python2.7/site-packages/radical/pilot/configs/resource_ornl.json
2018-01-25 12:38:58,810: rp.session.js-169-212.jetstream-cloud.org.vivek91.017556.0235: MainProcess                     : MainThread     : INFO    : Load resource configurations for ornl.titan_orte
2018-01-25 12:38:58,811: rp.session.js-169-212.jetstream-cloud.org.vivek91.017556.0235: MainProcess                     : MainThread     : INFO    : Load resource configurations for ornl.titan_aprun
2018-01-25 12:38:58,811: rp.session.js-169-212.jetstream-cloud.org.vivek91.017556.0235: MainProcess                     : MainThread     : INFO    : Load resource configurations for ornl.titan_ortelib
2018-01-25 12:38:58,812: rp.session.js-169-212.jetstream-cloud.org.vivek91.017556.0235: MainProcess                     : MainThread     : INFO    : Load resource configurations from /home/vivek91/ves/ve-bms/local/lib/python2.7/site-packages/radical/pilot/configs/resource_stfc.json
2018-01-25 12:38:58,814: rp.session.js-169-212.jetstream-cloud.org.vivek91.017556.0235: MainProcess                     : MainThread     : INFO    : Load resource configurations for stfc.joule_runjob
2018-01-25 12:38:58,815: rp.session.js-169-212.jetstream-cloud.org.vivek91.017556.0235: MainProcess                     : MainThread     : INFO    : Load resource configurations from /home/vivek91/ves/ve-bms/local/lib/python2.7/site-packages/radical/pilot/configs/resource_ncar.json
2018-01-25 12:38:58,816: rp.session.js-169-212.jetstream-cloud.org.vivek91.017556.0235: MainProcess                     : MainThread     : INFO    : Load resource configurations for ncar.yellowstone_ssh
2018-01-25 12:38:58,817: rp.session.js-169-212.jetstream-cloud.org.vivek91.017556.0235: MainProcess                     : MainThread     : INFO    : Load resource configurations from /home/vivek91/ves/ve-bms/local/lib/python2.7/site-packages/radical/pilot/configs/resource_yale.json
2018-01-25 12:38:58,819: rp.session.js-169-212.jetstream-cloud.org.vivek91.017556.0235: MainProcess                     : MainThread     : INFO    : Load resource configurations for yale.grace_ssh
2018-01-25 12:38:58,819: rp.session.js-169-212.jetstream-cloud.org.vivek91.017556.0235: MainProcess                     : MainThread     : INFO    : Load resource configurations from /home/vivek91/ves/ve-bms/local/lib/python2.7/site-packages/radical/pilot/configs/resource_chameleon.json
2018-01-25 12:38:58,821: rp.session.js-169-212.jetstream-cloud.org.vivek91.017556.0235: MainProcess                     : MainThread     : INFO    : Load resource configurations for chameleon.cloud_vm_yarn
2018-01-25 12:38:58,821: rp.session.js-169-212.jetstream-cloud.org.vivek91.017556.0235: MainProcess                     : MainThread     : INFO    : Load resource configurations from /home/vivek91/ves/ve-bms/local/lib/python2.7/site-packages/radical/pilot/configs/resource_osg.json
2018-01-25 12:38:58,825: rp.session.js-169-212.jetstream-cloud.org.vivek91.017556.0235: MainProcess                     : MainThread     : INFO    : Load resource configurations for osg.xsede-virt-clust
2018-01-25 12:38:58,826: rp.session.js-169-212.jetstream-cloud.org.vivek91.017556.0235: MainProcess                     : MainThread     : INFO    : Load resource configurations for osg.connect
2018-01-25 12:38:58,826: rp.session.js-169-212.jetstream-cloud.org.vivek91.017556.0235: MainProcess                     : MainThread     : INFO    : Load resource configurations from /home/vivek91/ves/ve-bms/local/lib/python2.7/site-packages/radical/pilot/configs/resource_futuregrid.json
2018-01-25 12:38:58,835: rp.session.js-169-212.jetstream-cloud.org.vivek91.017556.0235: MainProcess                     : MainThread     : INFO    : Load resource configurations for futuregrid.delta_ssh
2018-01-25 12:38:58,835: rp.session.js-169-212.jetstream-cloud.org.vivek91.017556.0235: MainProcess                     : MainThread     : INFO    : Load resource configurations for futuregrid.india_ssh
2018-01-25 12:38:58,836: rp.session.js-169-212.jetstream-cloud.org.vivek91.017556.0235: MainProcess                     : MainThread     : INFO    : Load resource configurations for futuregrid.echo_ssh
2018-01-25 12:38:58,836: rp.session.js-169-212.jetstream-cloud.org.vivek91.017556.0235: MainProcess                     : MainThread     : INFO    : Load resource configurations for futuregrid.xray_ccm
2018-01-25 12:38:58,836: rp.session.js-169-212.jetstream-cloud.org.vivek91.017556.0235: MainProcess                     : MainThread     : INFO    : Load resource configurations for futuregrid.bravo_ssh
2018-01-25 12:38:58,837: rp.session.js-169-212.jetstream-cloud.org.vivek91.017556.0235: MainProcess                     : MainThread     : INFO    : Load resource configurations for futuregrid.xray_aprun
2018-01-25 12:38:58,837: rp.session.js-169-212.jetstream-cloud.org.vivek91.017556.0235: MainProcess                     : MainThread     : INFO    : Load resource configurations from /home/vivek91/ves/ve-bms/local/lib/python2.7/site-packages/radical/pilot/configs/resource_rice.json
2018-01-25 12:38:58,840: rp.session.js-169-212.jetstream-cloud.org.vivek91.017556.0235: MainProcess                     : MainThread     : INFO    : Load resource configurations for rice.davinci_ssh
2018-01-25 12:38:58,841: rp.session.js-169-212.jetstream-cloud.org.vivek91.017556.0235: MainProcess                     : MainThread     : INFO    : Load resource configurations for rice.biou_ssh
2018-01-25 12:38:58,841: rp.session.js-169-212.jetstream-cloud.org.vivek91.017556.0235: MainProcess                     : MainThread     : INFO    : Load resource configurations from /home/vivek91/ves/ve-bms/local/lib/python2.7/site-packages/radical/pilot/configs/resource_iu.json
2018-01-25 12:38:58,844: rp.session.js-169-212.jetstream-cloud.org.vivek91.017556.0235: MainProcess                     : MainThread     : INFO    : Load resource configurations for iu.bigred2_ccm_ssh
2018-01-25 12:38:58,844: rp.session.js-169-212.jetstream-cloud.org.vivek91.017556.0235: MainProcess                     : MainThread     : INFO    : Load resource configurations for iu.bigred2_aprun
2018-01-25 12:38:58,845: rp.session.js-169-212.jetstream-cloud.org.vivek91.017556.0235: MainProcess                     : MainThread     : INFO    : Load resource configurations from /home/vivek91/ves/ve-bms/local/lib/python2.7/site-packages/radical/pilot/configs/resource_lrz.json
2018-01-25 12:38:58,847: rp.session.js-169-212.jetstream-cloud.org.vivek91.017556.0235: MainProcess                     : MainThread     : INFO    : Load resource configurations for lrz.supermuc_ssh
2018-01-25 12:38:58,847: rp.session.js-169-212.jetstream-cloud.org.vivek91.017556.0235: MainProcess                     : MainThread     : INFO    : Load resource configurations from /home/vivek91/ves/ve-bms/local/lib/python2.7/site-packages/radical/pilot/configs/resource_radical.json
2018-01-25 12:38:58,851: rp.session.js-169-212.jetstream-cloud.org.vivek91.017556.0235: MainProcess                     : MainThread     : INFO    : Load resource configurations for radical.two
2018-01-25 12:38:58,852: rp.session.js-169-212.jetstream-cloud.org.vivek91.017556.0235: MainProcess                     : MainThread     : INFO    : Load resource configurations for radical.tutorial
2018-01-25 12:38:58,852: rp.session.js-169-212.jetstream-cloud.org.vivek91.017556.0235: MainProcess                     : MainThread     : INFO    : Load resource configurations for radical.one
2018-01-25 12:38:58,853: rp.session.js-169-212.jetstream-cloud.org.vivek91.017556.0235: MainProcess                     : MainThread     : INFO    : Load resource configurations from /home/vivek91/ves/ve-bms/local/lib/python2.7/site-packages/radical/pilot/configs/resource_nersc.json
2018-01-25 12:38:58,862: rp.session.js-169-212.jetstream-cloud.org.vivek91.017556.0235: MainProcess                     : MainThread     : INFO    : Load resource configurations for nersc.edison_ccm_ssh
2018-01-25 12:38:58,863: rp.session.js-169-212.jetstream-cloud.org.vivek91.017556.0235: MainProcess                     : MainThread     : INFO    : Load resource configurations for nersc.hopper_orte
2018-01-25 12:38:58,863: rp.session.js-169-212.jetstream-cloud.org.vivek91.017556.0235: MainProcess                     : MainThread     : INFO    : Load resource configurations for nersc.hopper_ccm_ssh
2018-01-25 12:38:58,863: rp.session.js-169-212.jetstream-cloud.org.vivek91.017556.0235: MainProcess                     : MainThread     : INFO    : Load resource configurations for nersc.edison_aprun
2018-01-25 12:38:58,864: rp.session.js-169-212.jetstream-cloud.org.vivek91.017556.0235: MainProcess                     : MainThread     : INFO    : Load resource configurations for nersc.hopper_aprun
2018-01-25 12:38:58,864: rp.session.js-169-212.jetstream-cloud.org.vivek91.017556.0235: MainProcess                     : MainThread     : INFO    : Load resource configurations for nersc.edison_orte
2018-01-25 12:38:58,865: rp.session.js-169-212.jetstream-cloud.org.vivek91.017556.0235: MainProcess                     : MainThread     : INFO    : Load resource configurations from /home/vivek91/ves/ve-bms/local/lib/python2.7/site-packages/radical/pilot/configs/resource_lumc.json
2018-01-25 12:38:58,868: rp.session.js-169-212.jetstream-cloud.org.vivek91.017556.0235: MainProcess                     : MainThread     : INFO    : Load resource configurations for lumc.gb-ui_ssh
2018-01-25 12:38:58,868: rp.session.js-169-212.jetstream-cloud.org.vivek91.017556.0235: MainProcess                     : MainThread     : INFO    : Load resource configurations for lumc.shark_ssh
2018-01-25 12:38:58,869: rp.session.js-169-212.jetstream-cloud.org.vivek91.017556.0235: MainProcess                     : MainThread     : INFO    : Load resource configurations from /home/vivek91/ves/ve-bms/local/lib/python2.7/site-packages/radical/pilot/configs/resource_xsede.json
2018-01-25 12:38:58,898: rp.session.js-169-212.jetstream-cloud.org.vivek91.017556.0235: MainProcess                     : MainThread     : INFO    : Load resource configurations for xsede.gordon_ssh
2018-01-25 12:38:58,898: rp.session.js-169-212.jetstream-cloud.org.vivek91.017556.0235: MainProcess                     : MainThread     : INFO    : Load resource configurations for xsede.lonestar_ssh
2018-01-25 12:38:58,898: rp.session.js-169-212.jetstream-cloud.org.vivek91.017556.0235: MainProcess                     : MainThread     : INFO    : Load resource configurations for xsede.supermic_spark
2018-01-25 12:38:58,898: rp.session.js-169-212.jetstream-cloud.org.vivek91.017556.0235: MainProcess                     : MainThread     : INFO    : Load resource configurations for xsede.wrangler_yarn
2018-01-25 12:38:58,899: rp.session.js-169-212.jetstream-cloud.org.vivek91.017556.0235: MainProcess                     : MainThread     : INFO    : Load resource configurations for xsede.blacklight_ssh
2018-01-25 12:38:58,899: rp.session.js-169-212.jetstream-cloud.org.vivek91.017556.0235: MainProcess                     : MainThread     : INFO    : Load resource configurations for xsede.stampede_ortelib
2018-01-25 12:38:58,899: rp.session.js-169-212.jetstream-cloud.org.vivek91.017556.0235: MainProcess                     : MainThread     : INFO    : Load resource configurations for xsede.stampede_yarn
2018-01-25 12:38:58,899: rp.session.js-169-212.jetstream-cloud.org.vivek91.017556.0235: MainProcess                     : MainThread     : INFO    : Load resource configurations for xsede.stampede_ssh
2018-01-25 12:38:58,900: rp.session.js-169-212.jetstream-cloud.org.vivek91.017556.0235: MainProcess                     : MainThread     : INFO    : Load resource configurations for xsede.greenfield
2018-01-25 12:38:58,900: rp.session.js-169-212.jetstream-cloud.org.vivek91.017556.0235: MainProcess                     : MainThread     : INFO    : Load resource configurations for xsede.bridges
2018-01-25 12:38:58,900: rp.session.js-169-212.jetstream-cloud.org.vivek91.017556.0235: MainProcess                     : MainThread     : INFO    : Load resource configurations for xsede.trestles_ssh
2018-01-25 12:38:58,900: rp.session.js-169-212.jetstream-cloud.org.vivek91.017556.0235: MainProcess                     : MainThread     : INFO    : Load resource configurations for xsede.supermic_ortelib
2018-01-25 12:38:58,901: rp.session.js-169-212.jetstream-cloud.org.vivek91.017556.0235: MainProcess                     : MainThread     : INFO    : Load resource configurations for xsede.stampede2_ssh
2018-01-25 12:38:58,901: rp.session.js-169-212.jetstream-cloud.org.vivek91.017556.0235: MainProcess                     : MainThread     : INFO    : Load resource configurations for xsede.supermic_ssh
2018-01-25 12:38:58,901: rp.session.js-169-212.jetstream-cloud.org.vivek91.017556.0235: MainProcess                     : MainThread     : INFO    : Load resource configurations for xsede.wrangler_ssh
2018-01-25 12:38:58,901: rp.session.js-169-212.jetstream-cloud.org.vivek91.017556.0235: MainProcess                     : MainThread     : INFO    : Load resource configurations for xsede.supermic_orte
2018-01-25 12:38:58,902: rp.session.js-169-212.jetstream-cloud.org.vivek91.017556.0235: MainProcess                     : MainThread     : INFO    : Load resource configurations for xsede.wrangler_spark
2018-01-25 12:38:58,902: rp.session.js-169-212.jetstream-cloud.org.vivek91.017556.0235: MainProcess                     : MainThread     : INFO    : Load resource configurations for xsede.stampede_orte
2018-01-25 12:38:58,902: rp.session.js-169-212.jetstream-cloud.org.vivek91.017556.0235: MainProcess                     : MainThread     : INFO    : Load resource configurations for xsede.comet_ortelib
2018-01-25 12:38:58,902: rp.session.js-169-212.jetstream-cloud.org.vivek91.017556.0235: MainProcess                     : MainThread     : INFO    : Load resource configurations for xsede.comet_orte
2018-01-25 12:38:58,903: rp.session.js-169-212.jetstream-cloud.org.vivek91.017556.0235: MainProcess                     : MainThread     : INFO    : Load resource configurations for xsede.comet_spark
2018-01-25 12:38:58,903: rp.session.js-169-212.jetstream-cloud.org.vivek91.017556.0235: MainProcess                     : MainThread     : INFO    : Load resource configurations for xsede.comet_ssh
2018-01-25 12:38:58,903: rp.session.js-169-212.jetstream-cloud.org.vivek91.017556.0235: MainProcess                     : MainThread     : INFO    : Load resource configurations for xsede.stampede_spark
2018-01-25 12:38:58,903: rp.session.js-169-212.jetstream-cloud.org.vivek91.017556.0235: MainProcess                     : MainThread     : INFO    : Load resource configurations from /home/vivek91/ves/ve-bms/local/lib/python2.7/site-packages/radical/pilot/configs/resource_fub.json
2018-01-25 12:38:58,905: rp.session.js-169-212.jetstream-cloud.org.vivek91.017556.0235: MainProcess                     : MainThread     : INFO    : Load resource configurations for fub.allegro_rsh
2018-01-25 12:38:58,905: rp.session.js-169-212.jetstream-cloud.org.vivek91.017556.0235: MainProcess                     : MainThread     : INFO    : Load resource configurations from /home/vivek91/ves/ve-bms/local/lib/python2.7/site-packages/radical/pilot/configs/resource_aliases.json
2018-01-25 12:38:59,297: rp.session.js-169-212.jetstream-cloud.org.vivek91.017556.0235: MainProcess                     : MainThread     : INFO    : New Session created: rp.session.js-169-212.jetstream-cloud.org.vivek91.017556.0235.
2018-01-25 12:38:59,297: rp.session.js-169-212.jetstream-cloud.org.vivek91.017556.0235: MainProcess                     : MainThread     : DEBUG   : start bridges   : {u'control_pubsub': {u'bulk_size': 0, u'log_level': u'debug', u'stall_hwm': 1},
 u'log_pubsub': {u'bulk_size': 0, u'log_level': u'debug', u'stall_hwm': 1},
 u'state_pubsub': {u'bulk_size': 0, u'log_level': u'debug', u'stall_hwm': 1}}
2018-01-25 12:38:59,297: rp.session.js-169-212.jetstream-cloud.org.vivek91.017556.0235: MainProcess                     : MainThread     : INFO    : create bridge control_pubsub
2018-01-25 12:38:59,316: rp.session.js-169-212.jetstream-cloud.org.vivek91.017556.0235: MainProcess                     : MainThread     : INFO    : created bridge control_pubsub (control.pubsub.bridge.0000)
2018-01-25 12:38:59,316: rp.session.js-169-212.jetstream-cloud.org.vivek91.017556.0235: MainProcess                     : MainThread     : INFO    : create bridge state_pubsub
2018-01-25 12:38:59,331: rp.session.js-169-212.jetstream-cloud.org.vivek91.017556.0235: MainProcess                     : MainThread     : INFO    : created bridge state_pubsub (state.pubsub.bridge.0000)
2018-01-25 12:38:59,331: rp.session.js-169-212.jetstream-cloud.org.vivek91.017556.0235: MainProcess                     : MainThread     : INFO    : create bridge log_pubsub
2018-01-25 12:38:59,346: rp.session.js-169-212.jetstream-cloud.org.vivek91.017556.0235: MainProcess                     : MainThread     : INFO    : created bridge log_pubsub (log.pubsub.bridge.0000)
2018-01-25 12:38:59,347: rp.session.js-169-212.jetstream-cloud.org.vivek91.017556.0235: MainProcess                     : MainThread     : DEBUG   : start components: {u'UpdateWorker': {u'count': 1}}
2018-01-25 12:38:59,347: rp.session.js-169-212.jetstream-cloud.org.vivek91.017556.0235: MainProcess                     : MainThread     : DEBUG   : start 1 component(s) UpdateWorker
2018-01-25 12:39:01,151: rp.session.js-169-212.jetstream-cloud.org.vivek91.017556.0235: MainProcess                     : MainThread     : INFO    : rp.session.js-169-212.jetstream-cloud.org.vivek91.017556.0235 starts update.0
2018-01-25 12:39:02,395: rp.session.js-169-212.jetstream-cloud.org.vivek91.017556.0235: MainProcess                     : MainThread     : WARNING : using alias 'xsede.supermic_ssh' for deprecated resource key 'xsede.supermic'
2018-01-25 12:39:02,395: rp.session.js-169-212.jetstream-cloud.org.vivek91.017556.0235: MainProcess                     : MainThread     : WARNING : using alias 'xsede.supermic_ssh' for deprecated resource key 'xsede.supermic'
2018-01-25 12:39:02,396: rp.session.js-169-212.jetstream-cloud.org.vivek91.017556.0235: MainProcess                     : MainThread     : DEBUG   : rsup.PTYShell('gsissh://supermic.cct-lsu.xsede.org:2222/')
2018-01-25 12:39:07,023: rp.session.js-169-212.jetstream-cloud.org.vivek91.017556.0235: MainProcess                     : MainThread     : DEBUG   : sandbox base gsissh://supermic.cct-lsu.xsede.org:2222/: '/work/vivek91'
2018-01-25 12:39:07,051: rp.session.js-169-212.jetstream-cloud.org.vivek91.017556.0235: MainProcess                     : MainThread     : DEBUG   : bulk pilot insert result: {'nModified': 0, 'nUpserted': 0, 'nMatched': 0, 'writeErrors': [], 'upserted': [], 'writeConcernErrors': [], 'nRemoved': 0, 'nInserted': 1}
2018-01-25 12:39:07,054: rp.session.js-169-212.jetstream-cloud.org.vivek91.017556.0235: pmgr.0000.launching.0           : MainThread     : WARNING : using alias 'xsede.supermic_ssh' for deprecated resource key 'xsede.supermic'
2018-01-25 12:39:07,056: rp.session.js-169-212.jetstream-cloud.org.vivek91.017556.0235: pmgr.0000.launching.0           : MainThread     : WARNING : using alias 'xsede.supermic_ssh' for deprecated resource key 'xsede.supermic'
2018-01-25 12:39:07,056: rp.session.js-169-212.jetstream-cloud.org.vivek91.017556.0235: pmgr.0000.launching.0           : MainThread     : DEBUG   : rsup.PTYShell('gsissh://supermic.cct-lsu.xsede.org:2222/')
2018-01-25 12:39:08,525: rp.session.js-169-212.jetstream-cloud.org.vivek91.017556.0235: pmgr.0000.launching.0           : MainThread     : DEBUG   : sandbox base gsissh://supermic.cct-lsu.xsede.org:2222/: '/work/vivek91'
2018-01-25 12:40:09,010: rp.session.js-169-212.jetstream-cloud.org.vivek91.017556.0235: task-manager                    : MainThread     : DEBUG   : bulk unit insert result: {'nModified': 0, 'nUpserted': 0, 'nMatched': 0, 'writeErrors': [], 'upserted': [], 'writeConcernErrors': [], 'nRemoved': 0, 'nInserted': 1}
2018-01-25 12:41:13,868: rp.session.js-169-212.jetstream-cloud.org.vivek91.017556.0235: task-manager                    : MainThread     : DEBUG   : bulk unit insert result: {'nModified': 0, 'nUpserted': 0, 'nMatched': 0, 'writeErrors': [], 'upserted': [], 'writeConcernErrors': [], 'nRemoved': 0, 'nInserted': 1}
2018-01-25 12:42:18,724: rp.session.js-169-212.jetstream-cloud.org.vivek91.017556.0235: task-manager                    : MainThread     : DEBUG   : bulk unit insert result: {'nModified': 0, 'nUpserted': 0, 'nMatched': 0, 'writeErrors': [], 'upserted': [], 'writeConcernErrors': [], 'nRemoved': 0, 'nInserted': 1}
2018-01-25 12:43:23,611: rp.session.js-169-212.jetstream-cloud.org.vivek91.017556.0235: task-manager                    : MainThread     : DEBUG   : bulk unit insert result: {'nModified': 0, 'nUpserted': 0, 'nMatched': 0, 'writeErrors': [], 'upserted': [], 'writeConcernErrors': [], 'nRemoved': 0, 'nInserted': 1}
2018-01-25 12:44:28,363: rp.session.js-169-212.jetstream-cloud.org.vivek91.017556.0235: task-manager                    : MainThread     : DEBUG   : bulk unit insert result: {'nModified': 0, 'nUpserted': 0, 'nMatched': 0, 'writeErrors': [], 'upserted': [], 'writeConcernErrors': [], 'nRemoved': 0, 'nInserted': 1}
2018-01-25 12:45:34,225: rp.session.js-169-212.jetstream-cloud.org.vivek91.017556.0235: task-manager                    : MainThread     : DEBUG   : bulk unit insert result: {'nModified': 0, 'nUpserted': 0, 'nMatched': 0, 'writeErrors': [], 'upserted': [], 'writeConcernErrors': [], 'nRemoved': 0, 'nInserted': 1}
2018-01-25 12:46:38,972: rp.session.js-169-212.jetstream-cloud.org.vivek91.017556.0235: task-manager                    : MainThread     : DEBUG   : bulk unit insert result: {'nModified': 0, 'nUpserted': 0, 'nMatched': 0, 'writeErrors': [], 'upserted': [], 'writeConcernErrors': [], 'nRemoved': 0, 'nInserted': 1}
2018-01-25 12:47:44,420: rp.session.js-169-212.jetstream-cloud.org.vivek91.017556.0235: task-manager                    : MainThread     : DEBUG   : bulk unit insert result: {'nModified': 0, 'nUpserted': 0, 'nMatched': 0, 'writeErrors': [], 'upserted': [], 'writeConcernErrors': [], 'nRemoved': 0, 'nInserted': 1}
2018-01-25 12:48:49,670: rp.session.js-169-212.jetstream-cloud.org.vivek91.017556.0235: task-manager                    : MainThread     : DEBUG   : bulk unit insert result: {'nModified': 0, 'nUpserted': 0, 'nMatched': 0, 'writeErrors': [], 'upserted': [], 'writeConcernErrors': [], 'nRemoved': 0, 'nInserted': 1}
2018-01-25 12:49:54,974: rp.session.js-169-212.jetstream-cloud.org.vivek91.017556.0235: task-manager                    : MainThread     : DEBUG   : bulk unit insert result: {'nModified': 0, 'nUpserted': 0, 'nMatched': 0, 'writeErrors': [], 'upserted': [], 'writeConcernErrors': [], 'nRemoved': 0, 'nInserted': 1}
2018-01-25 12:50:58,158: rp.session.js-169-212.jetstream-cloud.org.vivek91.017556.0235: task-manager                    : MainThread     : DEBUG   : bulk unit insert result: {'nModified': 0, 'nUpserted': 0, 'nMatched': 0, 'writeErrors': [], 'upserted': [], 'writeConcernErrors': [], 'nRemoved': 0, 'nInserted': 1}
2018-01-25 12:52:03,473: rp.session.js-169-212.jetstream-cloud.org.vivek91.017556.0235: task-manager                    : MainThread     : DEBUG   : bulk unit insert result: {'nModified': 0, 'nUpserted': 0, 'nMatched': 0, 'writeErrors': [], 'upserted': [], 'writeConcernErrors': [], 'nRemoved': 0, 'nInserted': 1}
2018-01-25 12:53:09,927: rp.session.js-169-212.jetstream-cloud.org.vivek91.017556.0235: task-manager                    : MainThread     : DEBUG   : bulk unit insert result: {'nModified': 0, 'nUpserted': 0, 'nMatched': 0, 'writeErrors': [], 'upserted': [], 'writeConcernErrors': [], 'nRemoved': 0, 'nInserted': 1}
2018-01-25 12:54:15,213: rp.session.js-169-212.jetstream-cloud.org.vivek91.017556.0235: task-manager                    : MainThread     : DEBUG   : bulk unit insert result: {'nModified': 0, 'nUpserted': 0, 'nMatched': 0, 'writeErrors': [], 'upserted': [], 'writeConcernErrors': [], 'nRemoved': 0, 'nInserted': 1}
2018-01-25 12:55:19,536: rp.session.js-169-212.jetstream-cloud.org.vivek91.017556.0235: task-manager                    : MainThread     : DEBUG   : bulk unit insert result: {'nModified': 0, 'nUpserted': 0, 'nMatched': 0, 'writeErrors': [], 'upserted': [], 'writeConcernErrors': [], 'nRemoved': 0, 'nInserted': 1}
2018-01-25 12:56:23,735: rp.session.js-169-212.jetstream-cloud.org.vivek91.017556.0235: task-manager                    : MainThread     : DEBUG   : bulk unit insert result: {'nModified': 0, 'nUpserted': 0, 'nMatched': 0, 'writeErrors': [], 'upserted': [], 'writeConcernErrors': [], 'nRemoved': 0, 'nInserted': 1}
2018-01-25 12:57:28,027: rp.session.js-169-212.jetstream-cloud.org.vivek91.017556.0235: task-manager                    : MainThread     : DEBUG   : bulk unit insert result: {'nModified': 0, 'nUpserted': 0, 'nMatched': 0, 'writeErrors': [], 'upserted': [], 'writeConcernErrors': [], 'nRemoved': 0, 'nInserted': 1}
2018-01-25 12:58:33,336: rp.session.js-169-212.jetstream-cloud.org.vivek91.017556.0235: task-manager                    : MainThread     : DEBUG   : bulk unit insert result: {'nModified': 0, 'nUpserted': 0, 'nMatched': 0, 'writeErrors': [], 'upserted': [], 'writeConcernErrors': [], 'nRemoved': 0, 'nInserted': 1}
2018-01-25 12:59:38,058: rp.session.js-169-212.jetstream-cloud.org.vivek91.017556.0235: task-manager                    : MainThread     : DEBUG   : bulk unit insert result: {'nModified': 0, 'nUpserted': 0, 'nMatched': 0, 'writeErrors': [], 'upserted': [], 'writeConcernErrors': [], 'nRemoved': 0, 'nInserted': 1}
2018-01-25 13:00:42,707: rp.session.js-169-212.jetstream-cloud.org.vivek91.017556.0235: task-manager                    : MainThread     : DEBUG   : bulk unit insert result: {'nModified': 0, 'nUpserted': 0, 'nMatched': 0, 'writeErrors': [], 'upserted': [], 'writeConcernErrors': [], 'nRemoved': 0, 'nInserted': 1}
2018-01-25 13:01:48,831: rp.session.js-169-212.jetstream-cloud.org.vivek91.017556.0235: task-manager                    : MainThread     : DEBUG   : bulk unit insert result: {'nModified': 0, 'nUpserted': 0, 'nMatched': 0, 'writeErrors': [], 'upserted': [], 'writeConcernErrors': [], 'nRemoved': 0, 'nInserted': 1}
2018-01-25 13:02:53,517: rp.session.js-169-212.jetstream-cloud.org.vivek91.017556.0235: task-manager                    : MainThread     : DEBUG   : bulk unit insert result: {'nModified': 0, 'nUpserted': 0, 'nMatched': 0, 'writeErrors': [], 'upserted': [], 'writeConcernErrors': [], 'nRemoved': 0, 'nInserted': 1}
2018-01-25 13:03:57,217: rp.session.js-169-212.jetstream-cloud.org.vivek91.017556.0235: task-manager                    : MainThread     : DEBUG   : bulk unit insert result: {'nModified': 0, 'nUpserted': 0, 'nMatched': 0, 'writeErrors': [], 'upserted': [], 'writeConcernErrors': [], 'nRemoved': 0, 'nInserted': 1}
2018-01-25 13:05:01,916: rp.session.js-169-212.jetstream-cloud.org.vivek91.017556.0235: task-manager                    : MainThread     : DEBUG   : bulk unit insert result: {'nModified': 0, 'nUpserted': 0, 'nMatched': 0, 'writeErrors': [], 'upserted': [], 'writeConcernErrors': [], 'nRemoved': 0, 'nInserted': 1}
2018-01-25 13:06:06,650: rp.session.js-169-212.jetstream-cloud.org.vivek91.017556.0235: task-manager                    : MainThread     : DEBUG   : bulk unit insert result: {'nModified': 0, 'nUpserted': 0, 'nMatched': 0, 'writeErrors': [], 'upserted': [], 'writeConcernErrors': [], 'nRemoved': 0, 'nInserted': 1}
2018-01-25 13:07:11,431: rp.session.js-169-212.jetstream-cloud.org.vivek91.017556.0235: task-manager                    : MainThread     : DEBUG   : bulk unit insert result: {'nModified': 0, 'nUpserted': 0, 'nMatched': 0, 'writeErrors': [], 'upserted': [], 'writeConcernErrors': [], 'nRemoved': 0, 'nInserted': 1}
2018-01-25 13:08:16,128: rp.session.js-169-212.jetstream-cloud.org.vivek91.017556.0235: task-manager                    : MainThread     : DEBUG   : bulk unit insert result: {'nModified': 0, 'nUpserted': 0, 'nMatched': 0, 'writeErrors': [], 'upserted': [], 'writeConcernErrors': [], 'nRemoved': 0, 'nInserted': 1}
2018-01-25 13:09:20,996: rp.session.js-169-212.jetstream-cloud.org.vivek91.017556.0235: task-manager                    : MainThread     : DEBUG   : bulk unit insert result: {'nModified': 0, 'nUpserted': 0, 'nMatched': 0, 'writeErrors': [], 'upserted': [], 'writeConcernErrors': [], 'nRemoved': 0, 'nInserted': 1}
2018-01-25 13:10:25,775: rp.session.js-169-212.jetstream-cloud.org.vivek91.017556.0235: task-manager                    : MainThread     : DEBUG   : bulk unit insert result: {'nModified': 0, 'nUpserted': 0, 'nMatched': 0, 'writeErrors': [], 'upserted': [], 'writeConcernErrors': [], 'nRemoved': 0, 'nInserted': 1}
2018-01-25 13:11:30,502: rp.session.js-169-212.jetstream-cloud.org.vivek91.017556.0235: task-manager                    : MainThread     : DEBUG   : bulk unit insert result: {'nModified': 0, 'nUpserted': 0, 'nMatched': 0, 'writeErrors': [], 'upserted': [], 'writeConcernErrors': [], 'nRemoved': 0, 'nInserted': 1}
2018-01-25 13:12:35,247: rp.session.js-169-212.jetstream-cloud.org.vivek91.017556.0235: task-manager                    : MainThread     : DEBUG   : bulk unit insert result: {'nModified': 0, 'nUpserted': 0, 'nMatched': 0, 'writeErrors': [], 'upserted': [], 'writeConcernErrors': [], 'nRemoved': 0, 'nInserted': 1}
2018-01-25 13:13:39,958: rp.session.js-169-212.jetstream-cloud.org.vivek91.017556.0235: task-manager                    : MainThread     : DEBUG   : bulk unit insert result: {'nModified': 0, 'nUpserted': 0, 'nMatched': 0, 'writeErrors': [], 'upserted': [], 'writeConcernErrors': [], 'nRemoved': 0, 'nInserted': 1}
2018-01-25 13:14:43,635: rp.session.js-169-212.jetstream-cloud.org.vivek91.017556.0235: task-manager                    : MainThread     : DEBUG   : bulk unit insert result: {'nModified': 0, 'nUpserted': 0, 'nMatched': 0, 'writeErrors': [], 'upserted': [], 'writeConcernErrors': [], 'nRemoved': 0, 'nInserted': 1}
2018-01-25 13:15:47,360: rp.session.js-169-212.jetstream-cloud.org.vivek91.017556.0235: task-manager                    : MainThread     : DEBUG   : bulk unit insert result: {'nModified': 0, 'nUpserted': 0, 'nMatched': 0, 'writeErrors': [], 'upserted': [], 'writeConcernErrors': [], 'nRemoved': 0, 'nInserted': 1}
2018-01-25 13:16:52,050: rp.session.js-169-212.jetstream-cloud.org.vivek91.017556.0235: task-manager                    : MainThread     : DEBUG   : bulk unit insert result: {'nModified': 0, 'nUpserted': 0, 'nMatched': 0, 'writeErrors': [], 'upserted': [], 'writeConcernErrors': [], 'nRemoved': 0, 'nInserted': 1}
2018-01-25 13:17:55,830: rp.session.js-169-212.jetstream-cloud.org.vivek91.017556.0235: task-manager                    : MainThread     : DEBUG   : bulk unit insert result: {'nModified': 0, 'nUpserted': 0, 'nMatched': 0, 'writeErrors': [], 'upserted': [], 'writeConcernErrors': [], 'nRemoved': 0, 'nInserted': 1}
2018-01-25 13:19:01,584: rp.session.js-169-212.jetstream-cloud.org.vivek91.017556.0235: task-manager                    : MainThread     : DEBUG   : bulk unit insert result: {'nModified': 0, 'nUpserted': 0, 'nMatched': 0, 'writeErrors': [], 'upserted': [], 'writeConcernErrors': [], 'nRemoved': 0, 'nInserted': 1}
2018-01-25 13:20:06,351: rp.session.js-169-212.jetstream-cloud.org.vivek91.017556.0235: task-manager                    : MainThread     : DEBUG   : bulk unit insert result: {'nModified': 0, 'nUpserted': 0, 'nMatched': 0, 'writeErrors': [], 'upserted': [], 'writeConcernErrors': [], 'nRemoved': 0, 'nInserted': 1}
2018-01-25 13:21:12,148: rp.session.js-169-212.jetstream-cloud.org.vivek91.017556.0235: task-manager                    : MainThread     : DEBUG   : bulk unit insert result: {'nModified': 0, 'nUpserted': 0, 'nMatched': 0, 'writeErrors': [], 'upserted': [], 'writeConcernErrors': [], 'nRemoved': 0, 'nInserted': 1}
2018-01-25 13:22:16,928: rp.session.js-169-212.jetstream-cloud.org.vivek91.017556.0235: task-manager                    : MainThread     : DEBUG   : bulk unit insert result: {'nModified': 0, 'nUpserted': 0, 'nMatched': 0, 'writeErrors': [], 'upserted': [], 'writeConcernErrors': [], 'nRemoved': 0, 'nInserted': 1}
2018-01-25 13:23:22,754: rp.session.js-169-212.jetstream-cloud.org.vivek91.017556.0235: task-manager                    : MainThread     : DEBUG   : bulk unit insert result: {'nModified': 0, 'nUpserted': 0, 'nMatched': 0, 'writeErrors': [], 'upserted': [], 'writeConcernErrors': [], 'nRemoved': 0, 'nInserted': 1}
2018-01-25 13:24:27,881: rp.session.js-169-212.jetstream-cloud.org.vivek91.017556.0235: task-manager                    : MainThread     : DEBUG   : bulk unit insert result: {'nModified': 0, 'nUpserted': 0, 'nMatched': 0, 'writeErrors': [], 'upserted': [], 'writeConcernErrors': [], 'nRemoved': 0, 'nInserted': 1}
2018-01-25 13:25:32,992: rp.session.js-169-212.jetstream-cloud.org.vivek91.017556.0235: task-manager                    : MainThread     : DEBUG   : bulk unit insert result: {'nModified': 0, 'nUpserted': 0, 'nMatched': 0, 'writeErrors': [], 'upserted': [], 'writeConcernErrors': [], 'nRemoved': 0, 'nInserted': 1}
2018-01-25 13:26:38,144: rp.session.js-169-212.jetstream-cloud.org.vivek91.017556.0235: task-manager                    : MainThread     : DEBUG   : bulk unit insert result: {'nModified': 0, 'nUpserted': 0, 'nMatched': 0, 'writeErrors': [], 'upserted': [], 'writeConcernErrors': [], 'nRemoved': 0, 'nInserted': 1}
2018-01-25 13:27:43,280: rp.session.js-169-212.jetstream-cloud.org.vivek91.017556.0235: task-manager                    : MainThread     : DEBUG   : bulk unit insert result: {'nModified': 0, 'nUpserted': 0, 'nMatched': 0, 'writeErrors': [], 'upserted': [], 'writeConcernErrors': [], 'nRemoved': 0, 'nInserted': 1}
2018-01-25 13:28:49,001: rp.session.js-169-212.jetstream-cloud.org.vivek91.017556.0235: task-manager                    : MainThread     : DEBUG   : bulk unit insert result: {'nModified': 0, 'nUpserted': 0, 'nMatched': 0, 'writeErrors': [], 'upserted': [], 'writeConcernErrors': [], 'nRemoved': 0, 'nInserted': 1}
2018-01-25 13:29:54,226: rp.session.js-169-212.jetstream-cloud.org.vivek91.017556.0235: task-manager                    : MainThread     : DEBUG   : bulk unit insert result: {'nModified': 0, 'nUpserted': 0, 'nMatched': 0, 'writeErrors': [], 'upserted': [], 'writeConcernErrors': [], 'nRemoved': 0, 'nInserted': 1}
2018-01-25 13:30:59,313: rp.session.js-169-212.jetstream-cloud.org.vivek91.017556.0235: task-manager                    : MainThread     : DEBUG   : bulk unit insert result: {'nModified': 0, 'nUpserted': 0, 'nMatched': 0, 'writeErrors': [], 'upserted': [], 'writeConcernErrors': [], 'nRemoved': 0, 'nInserted': 1}
2018-01-25 13:32:04,592: rp.session.js-169-212.jetstream-cloud.org.vivek91.017556.0235: task-manager                    : MainThread     : DEBUG   : bulk unit insert result: {'nModified': 0, 'nUpserted': 0, 'nMatched': 0, 'writeErrors': [], 'upserted': [], 'writeConcernErrors': [], 'nRemoved': 0, 'nInserted': 1}
2018-01-25 13:33:08,595: rp.session.js-169-212.jetstream-cloud.org.vivek91.017556.0235: task-manager                    : MainThread     : DEBUG   : bulk unit insert result: {'nModified': 0, 'nUpserted': 0, 'nMatched': 0, 'writeErrors': [], 'upserted': [], 'writeConcernErrors': [], 'nRemoved': 0, 'nInserted': 1}
2018-01-25 13:34:12,617: rp.session.js-169-212.jetstream-cloud.org.vivek91.017556.0235: task-manager                    : MainThread     : DEBUG   : bulk unit insert result: {'nModified': 0, 'nUpserted': 0, 'nMatched': 0, 'writeErrors': [], 'upserted': [], 'writeConcernErrors': [], 'nRemoved': 0, 'nInserted': 1}
2018-01-25 13:35:16,657: rp.session.js-169-212.jetstream-cloud.org.vivek91.017556.0235: task-manager                    : MainThread     : DEBUG   : bulk unit insert result: {'nModified': 0, 'nUpserted': 0, 'nMatched': 0, 'writeErrors': [], 'upserted': [], 'writeConcernErrors': [], 'nRemoved': 0, 'nInserted': 1}
2018-01-25 13:36:21,846: rp.session.js-169-212.jetstream-cloud.org.vivek91.017556.0235: task-manager                    : MainThread     : DEBUG   : bulk unit insert result: {'nModified': 0, 'nUpserted': 0, 'nMatched': 0, 'writeErrors': [], 'upserted': [], 'writeConcernErrors': [], 'nRemoved': 0, 'nInserted': 1}
2018-01-25 13:37:27,057: rp.session.js-169-212.jetstream-cloud.org.vivek91.017556.0235: task-manager                    : MainThread     : DEBUG   : bulk unit insert result: {'nModified': 0, 'nUpserted': 0, 'nMatched': 0, 'writeErrors': [], 'upserted': [], 'writeConcernErrors': [], 'nRemoved': 0, 'nInserted': 1}
2018-01-25 13:38:31,072: rp.session.js-169-212.jetstream-cloud.org.vivek91.017556.0235: task-manager                    : MainThread     : DEBUG   : bulk unit insert result: {'nModified': 0, 'nUpserted': 0, 'nMatched': 0, 'writeErrors': [], 'upserted': [], 'writeConcernErrors': [], 'nRemoved': 0, 'nInserted': 1}
2018-01-25 13:39:35,230: rp.session.js-169-212.jetstream-cloud.org.vivek91.017556.0235: task-manager                    : MainThread     : DEBUG   : bulk unit insert result: {'nModified': 0, 'nUpserted': 0, 'nMatched': 0, 'writeErrors': [], 'upserted': [], 'writeConcernErrors': [], 'nRemoved': 0, 'nInserted': 1}
2018-01-25 13:40:41,530: rp.session.js-169-212.jetstream-cloud.org.vivek91.017556.0235: task-manager                    : MainThread     : DEBUG   : bulk unit insert result: {'nModified': 0, 'nUpserted': 0, 'nMatched': 0, 'writeErrors': [], 'upserted': [], 'writeConcernErrors': [], 'nRemoved': 0, 'nInserted': 1}
2018-01-25 13:41:46,788: rp.session.js-169-212.jetstream-cloud.org.vivek91.017556.0235: task-manager                    : MainThread     : DEBUG   : bulk unit insert result: {'nModified': 0, 'nUpserted': 0, 'nMatched': 0, 'writeErrors': [], 'upserted': [], 'writeConcernErrors': [], 'nRemoved': 0, 'nInserted': 1}
2018-01-25 13:42:51,972: rp.session.js-169-212.jetstream-cloud.org.vivek91.017556.0235: task-manager                    : MainThread     : DEBUG   : bulk unit insert result: {'nModified': 0, 'nUpserted': 0, 'nMatched': 0, 'writeErrors': [], 'upserted': [], 'writeConcernErrors': [], 'nRemoved': 0, 'nInserted': 1}
2018-01-25 13:43:56,619: rp.session.js-169-212.jetstream-cloud.org.vivek91.017556.0235: task-manager                    : MainThread     : DEBUG   : bulk unit insert result: {'nModified': 0, 'nUpserted': 0, 'nMatched': 0, 'writeErrors': [], 'upserted': [], 'writeConcernErrors': [], 'nRemoved': 0, 'nInserted': 1}
2018-01-25 13:45:02,068: rp.session.js-169-212.jetstream-cloud.org.vivek91.017556.0235: task-manager                    : MainThread     : DEBUG   : bulk unit insert result: {'nModified': 0, 'nUpserted': 0, 'nMatched': 0, 'writeErrors': [], 'upserted': [], 'writeConcernErrors': [], 'nRemoved': 0, 'nInserted': 1}
2018-01-25 13:46:06,507: rp.session.js-169-212.jetstream-cloud.org.vivek91.017556.0235: task-manager                    : MainThread     : DEBUG   : bulk unit insert result: {'nModified': 0, 'nUpserted': 0, 'nMatched': 0, 'writeErrors': [], 'upserted': [], 'writeConcernErrors': [], 'nRemoved': 0, 'nInserted': 1}
2018-01-25 13:47:10,882: rp.session.js-169-212.jetstream-cloud.org.vivek91.017556.0235: task-manager                    : MainThread     : DEBUG   : bulk unit insert result: {'nModified': 0, 'nUpserted': 0, 'nMatched': 0, 'writeErrors': [], 'upserted': [], 'writeConcernErrors': [], 'nRemoved': 0, 'nInserted': 1}
2018-01-25 13:48:17,182: rp.session.js-169-212.jetstream-cloud.org.vivek91.017556.0235: task-manager                    : MainThread     : DEBUG   : bulk unit insert result: {'nModified': 0, 'nUpserted': 0, 'nMatched': 0, 'writeErrors': [], 'upserted': [], 'writeConcernErrors': [], 'nRemoved': 0, 'nInserted': 1}
2018-01-25 13:49:46,803: rp.session.js-169-212.jetstream-cloud.org.vivek91.017556.0235: MainProcess                     : MainThread     : DEBUG   : session rp.session.js-169-212.jetstream-cloud.org.vivek91.017556.0235 closing
2018-01-25 13:49:46,803: rp.session.js-169-212.jetstream-cloud.org.vivek91.017556.0235: MainProcess                     : MainThread     : DEBUG   : session rp.session.js-169-212.jetstream-cloud.org.vivek91.017556.0235 closes pmgr   pmgr.0000
2018-01-25 13:49:50,309: rp.session.js-169-212.jetstream-cloud.org.vivek91.017556.0235: MainProcess                     : MainThread     : DEBUG   : session rp.session.js-169-212.jetstream-cloud.org.vivek91.017556.0235 closed pmgr   pmgr.0000
2018-01-25 13:49:50,309: rp.session.js-169-212.jetstream-cloud.org.vivek91.017556.0235: MainProcess                     : MainThread     : DEBUG   : session rp.session.js-169-212.jetstream-cloud.org.vivek91.017556.0235 closes comp   update.0
2018-01-25 13:49:50,309: rp.session.js-169-212.jetstream-cloud.org.vivek91.017556.0235: MainProcess                     : MainThread     : DEBUG   :  === update.0 stop called
2018-01-25 13:49:50,408: rp.session.js-169-212.jetstream-cloud.org.vivek91.017556.0235: update.0                        : MainThread     : DEBUG   :  === update.0.child stop called
2018-01-25 13:49:50,552: rp.session.js-169-212.jetstream-cloud.org.vivek91.017556.0235: update.0                        : MainThread     : DEBUG   :  === update.0.child stop called
2018-01-25 13:49:50,601: rp.session.js-169-212.jetstream-cloud.org.vivek91.017556.0235: MainProcess                     : MainThread     : DEBUG   : session rp.session.js-169-212.jetstream-cloud.org.vivek91.017556.0235 closed comp   update.0
2018-01-25 13:49:50,601: rp.session.js-169-212.jetstream-cloud.org.vivek91.017556.0235: MainProcess                     : MainThread     : DEBUG   : session rp.session.js-169-212.jetstream-cloud.org.vivek91.017556.0235 closes bridge control.pubsub.bridge.0000
2018-01-25 13:49:51,552: rp.session.js-169-212.jetstream-cloud.org.vivek91.017556.0235: MainProcess                     : MainThread     : DEBUG   : session rp.session.js-169-212.jetstream-cloud.org.vivek91.017556.0235 closed bridge control.pubsub.bridge.0000
2018-01-25 13:49:51,553: rp.session.js-169-212.jetstream-cloud.org.vivek91.017556.0235: MainProcess                     : MainThread     : DEBUG   : session rp.session.js-169-212.jetstream-cloud.org.vivek91.017556.0235 closes bridge state.pubsub.bridge.0000
2018-01-25 13:49:52,586: rp.session.js-169-212.jetstream-cloud.org.vivek91.017556.0235: MainProcess                     : MainThread     : DEBUG   : session rp.session.js-169-212.jetstream-cloud.org.vivek91.017556.0235 closed bridge state.pubsub.bridge.0000
2018-01-25 13:49:52,587: rp.session.js-169-212.jetstream-cloud.org.vivek91.017556.0235: MainProcess                     : MainThread     : DEBUG   : session rp.session.js-169-212.jetstream-cloud.org.vivek91.017556.0235 closes bridge log.pubsub.bridge.0000
2018-01-25 13:49:53,472: rp.session.js-169-212.jetstream-cloud.org.vivek91.017556.0235: MainProcess                     : MainThread     : DEBUG   : session rp.session.js-169-212.jetstream-cloud.org.vivek91.017556.0235 closed bridge log.pubsub.bridge.0000
2018-01-25 13:49:53,473: rp.session.js-169-212.jetstream-cloud.org.vivek91.017556.0235: MainProcess                     : MainThread     : DEBUG   : session rp.session.js-169-212.jetstream-cloud.org.vivek91.017556.0235 closes db (False)
2018-01-25 13:49:53,473: rp.session.js-169-212.jetstream-cloud.org.vivek91.017556.0235: MainProcess                     : MainThread     : DEBUG   : session rp.session.js-169-212.jetstream-cloud.org.vivek91.017556.0235 closed (delete=False)
2018-01-25 13:49:53,493: rp.session.js-169-212.jetstream-cloud.org.vivek91.017556.0235: MainProcess                     : MainThread     : DEBUG   :  === update.0 stop called
