2018-01-25 12:40:08,315: umgr.0000.staging.output.0.child: umgr.0000.staging.output.0      : MainThread     : INFO    : python.interpreter   version: 2.7.6 (default, Jun 22 2015, 17:58:13) [GCC 4.8.2]
2018-01-25 12:40:08,315: umgr.0000.staging.output.0.child: umgr.0000.staging.output.0      : MainThread     : INFO    :                      pid: 27352
2018-01-25 12:40:08,316: umgr.0000.staging.output.0.child: umgr.0000.staging.output.0      : MainThread     : INFO    :                      tid: MainThread
2018-01-25 12:40:08,316: umgr.0000.staging.output.0.child: umgr.0000.staging.output.0      : MainThread     : INFO    : radical.pilot        version: 0.47.1
2018-01-25 12:40:08,426: umgr.0000.staging.output.0.child: umgr.0000.staging.output.0      : MainThread     : INFO    : initialize umgr.0000.staging.output.0.child
2018-01-25 12:40:08,428: umgr.0000.staging.output.0.child: umgr.0000.staging.output.0      : MainThread     : INFO    : cfg: {'agents': {},
 u'bridges': {u'control_pubsub': {'addr_in': 'tcp://172.29.241.4:36624',
                                  'addr_out': 'tcp://172.29.241.4:52428',
                                  u'bulk_size': 0,
                                  u'log_level': u'debug',
                                  u'stall_hwm': 1},
              u'log_pubsub': {'addr_in': 'tcp://172.29.241.4:54501',
                              'addr_out': 'tcp://172.29.241.4:40665',
                              u'bulk_size': 0,
                              u'log_level': u'debug',
                              u'stall_hwm': 1},
              u'state_pubsub': {'addr_in': 'tcp://172.29.241.4:45094',
                                'addr_out': 'tcp://172.29.241.4:39141',
                                u'bulk_size': 0,
                                u'log_level': u'debug',
                                u'stall_hwm': 1},
              u'umgr_reschedule_pubsub': {'addr_in': 'tcp://172.29.241.4:50483',
                                          'addr_out': 'tcp://172.29.241.4:39348',
                                          u'bulk_size': 0,
                                          u'log_level': u'debug',
                                          u'stall_hwm': 1},
              u'umgr_scheduling_queue': {'addr_in': 'tcp://172.29.241.4:59565',
                                         'addr_out': 'tcp://172.29.241.4:35047',
                                         u'bulk_size': 0,
                                         u'log_level': u'debug',
                                         u'stall_hwm': 1},
              u'umgr_staging_input_queue': {'addr_in': 'tcp://172.29.241.4:39170',
                                            'addr_out': 'tcp://172.29.241.4:57137',
                                            u'bulk_size': 0,
                                            u'log_level': u'debug',
                                            u'stall_hwm': 1},
              u'umgr_staging_output_queue': {'addr_in': 'tcp://172.29.241.4:59339',
                                             'addr_out': 'tcp://172.29.241.4:44664',
                                             u'bulk_size': 0,
                                             u'log_level': u'debug',
                                             u'stall_hwm': 1},
              u'umgr_unschedule_pubsub': {'addr_in': 'tcp://172.29.241.4:48787',
                                          'addr_out': 'tcp://172.29.241.4:39682',
                                          u'bulk_size': 0,
                                          u'log_level': u'debug',
                                          u'stall_hwm': 1}},
 u'bulk_collection_size': 100,
 u'bulk_collection_time': 1.0,
 'cname': u'UMGRStagingOutputComponent',
 u'components': {},
 u'count': 1,
 u'db_poll_sleeptime': 1.0,
 'number': 0,
 'owner': 'umgr.0000',
 u'scheduler': u'round_robin',
 'uid': 'umgr.0000'}
2018-01-25 12:40:08,428: umgr.0000.staging.output.0.child: umgr.0000.staging.output.0      : MainThread     : DEBUG   : start components: {}
2018-01-25 12:40:08,428: umgr.0000.staging.output.0.child: umgr.0000.staging.output.0      : MainThread     : DEBUG   : alive check in term
2018-01-25 12:40:08,428: umgr.0000.staging.output.0.child: umgr.0000.staging.output.0      : MainThread     : DEBUG   : START: umgr.0000.staging.output.0.child register publisher log_pubsub
2018-01-25 12:40:08,428: umgr.0000.staging.output.0.child: umgr.0000.staging.output.0      : MainThread     : DEBUG   : using addr tcp://172.29.241.4:54501 for pubsub log_pubsub
2018-01-25 12:40:08,430: umgr.0000.staging.output.0.child: umgr.0000.staging.output.0      : MainThread     : DEBUG   : registered publisher : log_pubsub : log.pubsub.pub.0004
2018-01-25 12:40:08,430: umgr.0000.staging.output.0.child: umgr.0000.staging.output.0      : MainThread     : DEBUG   : alive check in term
2018-01-25 12:40:08,430: umgr.0000.staging.output.0.child: umgr.0000.staging.output.0      : MainThread     : DEBUG   : START: umgr.0000.staging.output.0.child register publisher state_pubsub
2018-01-25 12:40:08,430: umgr.0000.staging.output.0.child: umgr.0000.staging.output.0      : MainThread     : DEBUG   : using addr tcp://172.29.241.4:45094 for pubsub state_pubsub
2018-01-25 12:40:08,431: umgr.0000.staging.output.0.child: umgr.0000.staging.output.0      : MainThread     : DEBUG   : registered publisher : state_pubsub : state.pubsub.pub.0004
2018-01-25 12:40:08,432: umgr.0000.staging.output.0.child: umgr.0000.staging.output.0      : MainThread     : DEBUG   : alive check in term
2018-01-25 12:40:08,432: umgr.0000.staging.output.0.child: umgr.0000.staging.output.0      : MainThread     : DEBUG   : START: umgr.0000.staging.output.0.child register publisher control_pubsub
2018-01-25 12:40:08,432: umgr.0000.staging.output.0.child: umgr.0000.staging.output.0      : MainThread     : DEBUG   : using addr tcp://172.29.241.4:36624 for pubsub control_pubsub
2018-01-25 12:40:08,433: umgr.0000.staging.output.0.child: umgr.0000.staging.output.0      : MainThread     : DEBUG   : registered publisher : control_pubsub : control.pubsub.pub.0004
2018-01-25 12:40:08,433: umgr.0000.staging.output.0.child: umgr.0000.staging.output.0      : MainThread     : DEBUG   : alive check in term
2018-01-25 12:40:08,433: umgr.0000.staging.output.0.child: umgr.0000.staging.output.0      : MainThread     : DEBUG   : START: umgr.0000.staging.output.0.child register subscriber umgr.0000.staging.output.0.child.subscriber._cancel_monitor_cb
2018-01-25 12:40:08,433: umgr.0000.staging.output.0.child: umgr.0000.staging.output.0      : MainThread     : DEBUG   : using addr tcp://172.29.241.4:52428 for pubsub control_pubsub
2018-01-25 12:40:08,435: umgr.0000.staging.output.0.child: umgr.0000.staging.output.0      : MainThread     : DEBUG   : parent name: umgr.0000.staging.output.0.child.subscriber._cancel_monitor_cb
2018-01-25 12:40:08,435: umgr.0000.staging.output.0.child: umgr.0000.staging.output.0      : MainThread     : DEBUG   : start thread
2018-01-25 12:40:08,435: umgr.0000.staging.output.0.child: umgr.0000.staging.output.0      : umgr.0000.staging.output.0.child.subscriber._cancel_monitor_cb: DEBUG   : child name: umgr.0000.staging.output.0.child.subscriber._cancel_monitor_cb.thread
2018-01-25 12:40:08,435: umgr.0000.staging.output.0.child: umgr.0000.staging.output.0      : umgr.0000.staging.output.0.child.subscriber._cancel_monitor_cb: INFO    : child (me) initializing
2018-01-25 12:40:08,435: umgr.0000.staging.output.0.child: umgr.0000.staging.output.0      : umgr.0000.staging.output.0.child.subscriber._cancel_monitor_cb: DEBUG   : ru_initialize_common (NOOP)
2018-01-25 12:40:08,435: umgr.0000.staging.output.0.child: umgr.0000.staging.output.0      : umgr.0000.staging.output.0.child.subscriber._cancel_monitor_cb: DEBUG   : ru_initialize_child (NOOP)
2018-01-25 12:40:08,435: umgr.0000.staging.output.0.child: umgr.0000.staging.output.0      : umgr.0000.staging.output.0.child.subscriber._cancel_monitor_cb: INFO    : send alive
2018-01-25 12:40:08,435: umgr.0000.staging.output.0.child: umgr.0000.staging.output.0      : umgr.0000.staging.output.0.child.subscriber._cancel_monitor_cb: INFO    : put message: [umgr.0000.staging.output.0.child.subscriber._cancel_monitor_cb.thread] alive
2018-01-25 12:40:08,436: umgr.0000.staging.output.0.child: umgr.0000.staging.output.0      : MainThread     : INFO    : get msg: alive
2018-01-25 12:40:08,436: umgr.0000.staging.output.0.child: umgr.0000.staging.output.0      : MainThread     : DEBUG   : ru_initialize_common (NOOP)
2018-01-25 12:40:08,437: umgr.0000.staging.output.0.child: umgr.0000.staging.output.0      : MainThread     : DEBUG   : ru_initialize_parent (NOOP)
2018-01-25 12:40:08,437: umgr.0000.staging.output.0.child: umgr.0000.staging.output.0      : MainThread     : DEBUG   : child thread umgr.0000.staging.output.0.child.subscriber._cancel_monitor_cb started
2018-01-25 12:40:08,437: umgr.0000.staging.output.0.child: umgr.0000.staging.output.0      : MainThread     : DEBUG   : umgr.0000.staging.output.0.child registered control_pubsub subscriber umgr.0000.staging.output.0.child.subscriber._cancel_monitor_cb
2018-01-25 12:40:08,437: umgr.0000.staging.output.0.child: umgr.0000.staging.output.0      : MainThread     : DEBUG   : alive check in term
2018-01-25 12:40:08,437: umgr.0000.staging.output.0.child: umgr.0000.staging.output.0      : MainThread     : DEBUG   : using addr tcp://172.29.241.4:44664 for input umgr_staging_output_queue
2018-01-25 12:40:08,438: umgr.0000.staging.output.0.child: umgr.0000.staging.output.0      : MainThread     : DEBUG   : registered input umgr.0000.staging.output.0.child.work.UMGR_STAGING_OUTPUT_PENDING
2018-01-25 12:40:08,438: umgr.0000.staging.output.0.child: umgr.0000.staging.output.0      : MainThread     : DEBUG   : START: umgr.0000.staging.output.0.child register input UMGR_STAGING_OUTPUT_PENDING: umgr.0000.staging.output.0.child.work.UMGR_STAGING_OUTPUT_PENDING
2018-01-25 12:40:08,438: umgr.0000.staging.output.0.child: umgr.0000.staging.output.0      : MainThread     : DEBUG   : registered worker work [UMGR_STAGING_OUTPUT_PENDING]
2018-01-25 12:40:08,438: umgr.0000.staging.output.0.child: umgr.0000.staging.output.0      : MainThread     : INFO    : child (me) initializing
2018-01-25 12:40:08,438: umgr.0000.staging.output.0.child: umgr.0000.staging.output.0      : MainThread     : DEBUG   : parent name: umgr.0000.staging.output.0.child.watch
2018-01-25 12:40:08,438: umgr.0000.staging.output.0.child: umgr.0000.staging.output.0      : MainThread     : DEBUG   : start thread
2018-01-25 12:40:08,439: umgr.0000.staging.output.0.child: umgr.0000.staging.output.0      : umgr.0000.staging.output.0.child.watch: DEBUG   : child name: umgr.0000.staging.output.0.child.watch.thread
2018-01-25 12:40:08,439: umgr.0000.staging.output.0.child: umgr.0000.staging.output.0      : umgr.0000.staging.output.0.child.watch: INFO    : child (me) initializing
2018-01-25 12:40:08,439: umgr.0000.staging.output.0.child: umgr.0000.staging.output.0      : umgr.0000.staging.output.0.child.watch: DEBUG   : ru_initialize_common (NOOP)
2018-01-25 12:40:08,439: umgr.0000.staging.output.0.child: umgr.0000.staging.output.0      : umgr.0000.staging.output.0.child.watch: DEBUG   : ru_initialize_child (NOOP)
2018-01-25 12:40:08,439: umgr.0000.staging.output.0.child: umgr.0000.staging.output.0      : umgr.0000.staging.output.0.child.watch: INFO    : send alive
2018-01-25 12:40:08,439: umgr.0000.staging.output.0.child: umgr.0000.staging.output.0      : umgr.0000.staging.output.0.child.watch: INFO    : put message: [umgr.0000.staging.output.0.child.watch.thread] alive
2018-01-25 12:40:08,440: umgr.0000.staging.output.0.child: umgr.0000.staging.output.0      : MainThread     : INFO    : get msg: alive
2018-01-25 12:40:08,440: umgr.0000.staging.output.0.child: umgr.0000.staging.output.0      : MainThread     : DEBUG   : ru_initialize_common (NOOP)
2018-01-25 12:40:08,440: umgr.0000.staging.output.0.child: umgr.0000.staging.output.0      : MainThread     : DEBUG   : ru_initialize_parent (NOOP)
2018-01-25 12:40:08,440: umgr.0000.staging.output.0.child: umgr.0000.staging.output.0      : MainThread     : DEBUG   : child thread umgr.0000.staging.output.0.child.watch started
2018-01-25 12:40:08,440: umgr.0000.staging.output.0.child: umgr.0000.staging.output.0      : MainThread     : INFO    : child (me) is alive
2018-01-25 12:40:08,440: umgr.0000.staging.output.0.child: umgr.0000.staging.output.0      : MainThread     : INFO    : send alive
2018-01-25 12:40:08,440: umgr.0000.staging.output.0.child: umgr.0000.staging.output.0      : MainThread     : INFO    : send message: [umgr.0000.staging.output.0.child] alive
2018-01-25 12:40:08,958: umgr.0000.staging.output.0.child: umgr.0000.staging.output.0      : umgr.0000.staging.output.0.child.subscriber._cancel_monitor_cb: DEBUG   : command ignored: add_pilots
2018-01-25 12:41:13,769: umgr.0000.staging.output.0.child: umgr.0000.staging.output.0      : MainThread     : DEBUG   : got unit (unit.000000)
2018-01-25 12:41:13,769: umgr.0000.staging.output.0.child: umgr.0000.staging.output.0      : MainThread     : DEBUG   : advance bulk size: 1 [False, True]
2018-01-25 12:41:13,770: umgr.0000.staging.output.0.child: umgr.0000.staging.output.0      : MainThread     : DEBUG   : advance bulk size: 1 [True, True]
2018-01-25 12:41:13,770: umgr.0000.staging.output.0.child: umgr.0000.staging.output.0      : MainThread     : DEBUG   : final unit.000000 [DONE]
2018-01-25 12:42:18,582: umgr.0000.staging.output.0.child: umgr.0000.staging.output.0      : MainThread     : DEBUG   : got unit (unit.000001)
2018-01-25 12:42:18,583: umgr.0000.staging.output.0.child: umgr.0000.staging.output.0      : MainThread     : DEBUG   : advance bulk size: 1 [False, True]
2018-01-25 12:42:18,583: umgr.0000.staging.output.0.child: umgr.0000.staging.output.0      : MainThread     : DEBUG   : advance bulk size: 1 [True, True]
2018-01-25 12:42:18,583: umgr.0000.staging.output.0.child: umgr.0000.staging.output.0      : MainThread     : DEBUG   : final unit.000001 [DONE]
2018-01-25 12:43:23,483: umgr.0000.staging.output.0.child: umgr.0000.staging.output.0      : MainThread     : DEBUG   : got unit (unit.000002)
2018-01-25 12:43:23,483: umgr.0000.staging.output.0.child: umgr.0000.staging.output.0      : MainThread     : DEBUG   : advance bulk size: 1 [False, True]
2018-01-25 12:43:23,484: umgr.0000.staging.output.0.child: umgr.0000.staging.output.0      : MainThread     : DEBUG   : advance bulk size: 1 [True, True]
2018-01-25 12:43:23,484: umgr.0000.staging.output.0.child: umgr.0000.staging.output.0      : MainThread     : DEBUG   : final unit.000002 [DONE]
2018-01-25 12:44:28,235: umgr.0000.staging.output.0.child: umgr.0000.staging.output.0      : MainThread     : DEBUG   : got unit (unit.000003)
2018-01-25 12:44:28,235: umgr.0000.staging.output.0.child: umgr.0000.staging.output.0      : MainThread     : DEBUG   : advance bulk size: 1 [False, True]
2018-01-25 12:44:28,235: umgr.0000.staging.output.0.child: umgr.0000.staging.output.0      : MainThread     : DEBUG   : advance bulk size: 1 [True, True]
2018-01-25 12:44:28,235: umgr.0000.staging.output.0.child: umgr.0000.staging.output.0      : MainThread     : DEBUG   : final unit.000003 [DONE]
2018-01-25 12:45:34,088: umgr.0000.staging.output.0.child: umgr.0000.staging.output.0      : MainThread     : DEBUG   : got unit (unit.000004)
2018-01-25 12:45:34,088: umgr.0000.staging.output.0.child: umgr.0000.staging.output.0      : MainThread     : DEBUG   : advance bulk size: 1 [False, True]
2018-01-25 12:45:34,088: umgr.0000.staging.output.0.child: umgr.0000.staging.output.0      : MainThread     : DEBUG   : advance bulk size: 1 [True, True]
2018-01-25 12:45:34,089: umgr.0000.staging.output.0.child: umgr.0000.staging.output.0      : MainThread     : DEBUG   : final unit.000004 [DONE]
2018-01-25 12:46:38,844: umgr.0000.staging.output.0.child: umgr.0000.staging.output.0      : MainThread     : DEBUG   : got unit (unit.000005)
2018-01-25 12:46:38,844: umgr.0000.staging.output.0.child: umgr.0000.staging.output.0      : MainThread     : DEBUG   : advance bulk size: 1 [False, True]
2018-01-25 12:46:38,844: umgr.0000.staging.output.0.child: umgr.0000.staging.output.0      : MainThread     : DEBUG   : advance bulk size: 1 [True, True]
2018-01-25 12:46:38,845: umgr.0000.staging.output.0.child: umgr.0000.staging.output.0      : MainThread     : DEBUG   : final unit.000005 [DONE]
2018-01-25 12:47:44,307: umgr.0000.staging.output.0.child: umgr.0000.staging.output.0      : MainThread     : DEBUG   : got unit (unit.000006)
2018-01-25 12:47:44,307: umgr.0000.staging.output.0.child: umgr.0000.staging.output.0      : MainThread     : DEBUG   : advance bulk size: 1 [False, True]
2018-01-25 12:47:44,308: umgr.0000.staging.output.0.child: umgr.0000.staging.output.0      : MainThread     : DEBUG   : advance bulk size: 1 [True, True]
2018-01-25 12:47:44,308: umgr.0000.staging.output.0.child: umgr.0000.staging.output.0      : MainThread     : DEBUG   : final unit.000006 [DONE]
2018-01-25 12:48:49,591: umgr.0000.staging.output.0.child: umgr.0000.staging.output.0      : MainThread     : DEBUG   : got unit (unit.000007)
2018-01-25 12:48:49,591: umgr.0000.staging.output.0.child: umgr.0000.staging.output.0      : MainThread     : DEBUG   : advance bulk size: 1 [False, True]
2018-01-25 12:48:49,592: umgr.0000.staging.output.0.child: umgr.0000.staging.output.0      : MainThread     : DEBUG   : advance bulk size: 1 [True, True]
2018-01-25 12:48:49,592: umgr.0000.staging.output.0.child: umgr.0000.staging.output.0      : MainThread     : DEBUG   : final unit.000007 [DONE]
2018-01-25 12:49:54,882: umgr.0000.staging.output.0.child: umgr.0000.staging.output.0      : MainThread     : DEBUG   : got unit (unit.000008)
2018-01-25 12:49:54,882: umgr.0000.staging.output.0.child: umgr.0000.staging.output.0      : MainThread     : DEBUG   : advance bulk size: 1 [False, True]
2018-01-25 12:49:54,882: umgr.0000.staging.output.0.child: umgr.0000.staging.output.0      : MainThread     : DEBUG   : advance bulk size: 1 [True, True]
2018-01-25 12:49:54,882: umgr.0000.staging.output.0.child: umgr.0000.staging.output.0      : MainThread     : DEBUG   : final unit.000008 [DONE]
2018-01-25 12:50:58,064: umgr.0000.staging.output.0.child: umgr.0000.staging.output.0      : MainThread     : DEBUG   : got unit (unit.000009)
2018-01-25 12:50:58,064: umgr.0000.staging.output.0.child: umgr.0000.staging.output.0      : MainThread     : DEBUG   : advance bulk size: 1 [False, True]
2018-01-25 12:50:58,064: umgr.0000.staging.output.0.child: umgr.0000.staging.output.0      : MainThread     : DEBUG   : advance bulk size: 1 [True, True]
2018-01-25 12:50:58,064: umgr.0000.staging.output.0.child: umgr.0000.staging.output.0      : MainThread     : DEBUG   : final unit.000009 [DONE]
2018-01-25 12:52:03,356: umgr.0000.staging.output.0.child: umgr.0000.staging.output.0      : MainThread     : DEBUG   : got unit (unit.000010)
2018-01-25 12:52:03,356: umgr.0000.staging.output.0.child: umgr.0000.staging.output.0      : MainThread     : DEBUG   : advance bulk size: 1 [False, True]
2018-01-25 12:52:03,357: umgr.0000.staging.output.0.child: umgr.0000.staging.output.0      : MainThread     : DEBUG   : advance bulk size: 1 [True, True]
2018-01-25 12:52:03,357: umgr.0000.staging.output.0.child: umgr.0000.staging.output.0      : MainThread     : DEBUG   : final unit.000010 [DONE]
2018-01-25 12:53:09,824: umgr.0000.staging.output.0.child: umgr.0000.staging.output.0      : MainThread     : DEBUG   : got unit (unit.000011)
2018-01-25 12:53:09,824: umgr.0000.staging.output.0.child: umgr.0000.staging.output.0      : MainThread     : DEBUG   : advance bulk size: 1 [False, True]
2018-01-25 12:53:09,824: umgr.0000.staging.output.0.child: umgr.0000.staging.output.0      : MainThread     : DEBUG   : advance bulk size: 1 [True, True]
2018-01-25 12:53:09,824: umgr.0000.staging.output.0.child: umgr.0000.staging.output.0      : MainThread     : DEBUG   : final unit.000011 [DONE]
2018-01-25 12:54:15,125: umgr.0000.staging.output.0.child: umgr.0000.staging.output.0      : MainThread     : DEBUG   : got unit (unit.000012)
2018-01-25 12:54:15,125: umgr.0000.staging.output.0.child: umgr.0000.staging.output.0      : MainThread     : DEBUG   : advance bulk size: 1 [False, True]
2018-01-25 12:54:15,125: umgr.0000.staging.output.0.child: umgr.0000.staging.output.0      : MainThread     : DEBUG   : advance bulk size: 1 [True, True]
2018-01-25 12:54:15,126: umgr.0000.staging.output.0.child: umgr.0000.staging.output.0      : MainThread     : DEBUG   : final unit.000012 [DONE]
2018-01-25 12:55:19,418: umgr.0000.staging.output.0.child: umgr.0000.staging.output.0      : MainThread     : DEBUG   : got unit (unit.000013)
2018-01-25 12:55:19,418: umgr.0000.staging.output.0.child: umgr.0000.staging.output.0      : MainThread     : DEBUG   : advance bulk size: 1 [False, True]
2018-01-25 12:55:19,418: umgr.0000.staging.output.0.child: umgr.0000.staging.output.0      : MainThread     : DEBUG   : advance bulk size: 1 [True, True]
2018-01-25 12:55:19,419: umgr.0000.staging.output.0.child: umgr.0000.staging.output.0      : MainThread     : DEBUG   : final unit.000013 [DONE]
2018-01-25 12:56:23,635: umgr.0000.staging.output.0.child: umgr.0000.staging.output.0      : MainThread     : DEBUG   : got unit (unit.000014)
2018-01-25 12:56:23,635: umgr.0000.staging.output.0.child: umgr.0000.staging.output.0      : MainThread     : DEBUG   : advance bulk size: 1 [False, True]
2018-01-25 12:56:23,636: umgr.0000.staging.output.0.child: umgr.0000.staging.output.0      : MainThread     : DEBUG   : advance bulk size: 1 [True, True]
2018-01-25 12:56:23,636: umgr.0000.staging.output.0.child: umgr.0000.staging.output.0      : MainThread     : DEBUG   : final unit.000014 [DONE]
2018-01-25 12:57:27,957: umgr.0000.staging.output.0.child: umgr.0000.staging.output.0      : MainThread     : DEBUG   : got unit (unit.000015)
2018-01-25 12:57:27,957: umgr.0000.staging.output.0.child: umgr.0000.staging.output.0      : MainThread     : DEBUG   : advance bulk size: 1 [False, True]
2018-01-25 12:57:27,958: umgr.0000.staging.output.0.child: umgr.0000.staging.output.0      : MainThread     : DEBUG   : advance bulk size: 1 [True, True]
2018-01-25 12:57:27,958: umgr.0000.staging.output.0.child: umgr.0000.staging.output.0      : MainThread     : DEBUG   : final unit.000015 [DONE]
2018-01-25 12:58:33,260: umgr.0000.staging.output.0.child: umgr.0000.staging.output.0      : MainThread     : DEBUG   : got unit (unit.000016)
2018-01-25 12:58:33,260: umgr.0000.staging.output.0.child: umgr.0000.staging.output.0      : MainThread     : DEBUG   : advance bulk size: 1 [False, True]
2018-01-25 12:58:33,260: umgr.0000.staging.output.0.child: umgr.0000.staging.output.0      : MainThread     : DEBUG   : advance bulk size: 1 [True, True]
2018-01-25 12:58:33,260: umgr.0000.staging.output.0.child: umgr.0000.staging.output.0      : MainThread     : DEBUG   : final unit.000016 [DONE]
2018-01-25 12:59:37,983: umgr.0000.staging.output.0.child: umgr.0000.staging.output.0      : MainThread     : DEBUG   : got unit (unit.000017)
2018-01-25 12:59:37,983: umgr.0000.staging.output.0.child: umgr.0000.staging.output.0      : MainThread     : DEBUG   : advance bulk size: 1 [False, True]
2018-01-25 12:59:37,983: umgr.0000.staging.output.0.child: umgr.0000.staging.output.0      : MainThread     : DEBUG   : advance bulk size: 1 [True, True]
2018-01-25 12:59:37,984: umgr.0000.staging.output.0.child: umgr.0000.staging.output.0      : MainThread     : DEBUG   : final unit.000017 [DONE]
2018-01-25 13:00:42,626: umgr.0000.staging.output.0.child: umgr.0000.staging.output.0      : MainThread     : DEBUG   : got unit (unit.000018)
2018-01-25 13:00:42,626: umgr.0000.staging.output.0.child: umgr.0000.staging.output.0      : MainThread     : DEBUG   : advance bulk size: 1 [False, True]
2018-01-25 13:00:42,626: umgr.0000.staging.output.0.child: umgr.0000.staging.output.0      : MainThread     : DEBUG   : advance bulk size: 1 [True, True]
2018-01-25 13:00:42,627: umgr.0000.staging.output.0.child: umgr.0000.staging.output.0      : MainThread     : DEBUG   : final unit.000018 [DONE]
2018-01-25 13:01:48,732: umgr.0000.staging.output.0.child: umgr.0000.staging.output.0      : MainThread     : DEBUG   : got unit (unit.000019)
2018-01-25 13:01:48,732: umgr.0000.staging.output.0.child: umgr.0000.staging.output.0      : MainThread     : DEBUG   : advance bulk size: 1 [False, True]
2018-01-25 13:01:48,732: umgr.0000.staging.output.0.child: umgr.0000.staging.output.0      : MainThread     : DEBUG   : advance bulk size: 1 [True, True]
2018-01-25 13:01:48,732: umgr.0000.staging.output.0.child: umgr.0000.staging.output.0      : MainThread     : DEBUG   : final unit.000019 [DONE]
2018-01-25 13:02:53,409: umgr.0000.staging.output.0.child: umgr.0000.staging.output.0      : MainThread     : DEBUG   : got unit (unit.000020)
2018-01-25 13:02:53,410: umgr.0000.staging.output.0.child: umgr.0000.staging.output.0      : MainThread     : DEBUG   : advance bulk size: 1 [False, True]
2018-01-25 13:02:53,410: umgr.0000.staging.output.0.child: umgr.0000.staging.output.0      : MainThread     : DEBUG   : advance bulk size: 1 [True, True]
2018-01-25 13:02:53,410: umgr.0000.staging.output.0.child: umgr.0000.staging.output.0      : MainThread     : DEBUG   : final unit.000020 [DONE]
2018-01-25 13:03:57,135: umgr.0000.staging.output.0.child: umgr.0000.staging.output.0      : MainThread     : DEBUG   : got unit (unit.000021)
2018-01-25 13:03:57,135: umgr.0000.staging.output.0.child: umgr.0000.staging.output.0      : MainThread     : DEBUG   : advance bulk size: 1 [False, True]
2018-01-25 13:03:57,135: umgr.0000.staging.output.0.child: umgr.0000.staging.output.0      : MainThread     : DEBUG   : advance bulk size: 1 [True, True]
2018-01-25 13:03:57,136: umgr.0000.staging.output.0.child: umgr.0000.staging.output.0      : MainThread     : DEBUG   : final unit.000021 [DONE]
2018-01-25 13:05:01,804: umgr.0000.staging.output.0.child: umgr.0000.staging.output.0      : MainThread     : DEBUG   : got unit (unit.000022)
2018-01-25 13:05:01,804: umgr.0000.staging.output.0.child: umgr.0000.staging.output.0      : MainThread     : DEBUG   : advance bulk size: 1 [False, True]
2018-01-25 13:05:01,804: umgr.0000.staging.output.0.child: umgr.0000.staging.output.0      : MainThread     : DEBUG   : advance bulk size: 1 [True, True]
2018-01-25 13:05:01,805: umgr.0000.staging.output.0.child: umgr.0000.staging.output.0      : MainThread     : DEBUG   : final unit.000022 [DONE]
2018-01-25 13:06:06,546: umgr.0000.staging.output.0.child: umgr.0000.staging.output.0      : MainThread     : DEBUG   : got unit (unit.000023)
2018-01-25 13:06:06,546: umgr.0000.staging.output.0.child: umgr.0000.staging.output.0      : MainThread     : DEBUG   : advance bulk size: 1 [False, True]
2018-01-25 13:06:06,546: umgr.0000.staging.output.0.child: umgr.0000.staging.output.0      : MainThread     : DEBUG   : advance bulk size: 1 [True, True]
2018-01-25 13:06:06,546: umgr.0000.staging.output.0.child: umgr.0000.staging.output.0      : MainThread     : DEBUG   : final unit.000023 [DONE]
2018-01-25 13:07:11,323: umgr.0000.staging.output.0.child: umgr.0000.staging.output.0      : MainThread     : DEBUG   : got unit (unit.000024)
2018-01-25 13:07:11,323: umgr.0000.staging.output.0.child: umgr.0000.staging.output.0      : MainThread     : DEBUG   : advance bulk size: 1 [False, True]
2018-01-25 13:07:11,323: umgr.0000.staging.output.0.child: umgr.0000.staging.output.0      : MainThread     : DEBUG   : advance bulk size: 1 [True, True]
2018-01-25 13:07:11,323: umgr.0000.staging.output.0.child: umgr.0000.staging.output.0      : MainThread     : DEBUG   : final unit.000024 [DONE]
2018-01-25 13:08:16,046: umgr.0000.staging.output.0.child: umgr.0000.staging.output.0      : MainThread     : DEBUG   : got unit (unit.000025)
2018-01-25 13:08:16,046: umgr.0000.staging.output.0.child: umgr.0000.staging.output.0      : MainThread     : DEBUG   : advance bulk size: 1 [False, True]
2018-01-25 13:08:16,046: umgr.0000.staging.output.0.child: umgr.0000.staging.output.0      : MainThread     : DEBUG   : advance bulk size: 1 [True, True]
2018-01-25 13:08:16,046: umgr.0000.staging.output.0.child: umgr.0000.staging.output.0      : MainThread     : DEBUG   : final unit.000025 [DONE]
2018-01-25 13:09:20,922: umgr.0000.staging.output.0.child: umgr.0000.staging.output.0      : MainThread     : DEBUG   : got unit (unit.000026)
2018-01-25 13:09:20,922: umgr.0000.staging.output.0.child: umgr.0000.staging.output.0      : MainThread     : DEBUG   : advance bulk size: 1 [False, True]
2018-01-25 13:09:20,922: umgr.0000.staging.output.0.child: umgr.0000.staging.output.0      : MainThread     : DEBUG   : advance bulk size: 1 [True, True]
2018-01-25 13:09:20,923: umgr.0000.staging.output.0.child: umgr.0000.staging.output.0      : MainThread     : DEBUG   : final unit.000026 [DONE]
2018-01-25 13:10:25,673: umgr.0000.staging.output.0.child: umgr.0000.staging.output.0      : MainThread     : DEBUG   : got unit (unit.000027)
2018-01-25 13:10:25,673: umgr.0000.staging.output.0.child: umgr.0000.staging.output.0      : MainThread     : DEBUG   : advance bulk size: 1 [False, True]
2018-01-25 13:10:25,674: umgr.0000.staging.output.0.child: umgr.0000.staging.output.0      : MainThread     : DEBUG   : advance bulk size: 1 [True, True]
2018-01-25 13:10:25,674: umgr.0000.staging.output.0.child: umgr.0000.staging.output.0      : MainThread     : DEBUG   : final unit.000027 [DONE]
2018-01-25 13:11:30,429: umgr.0000.staging.output.0.child: umgr.0000.staging.output.0      : MainThread     : DEBUG   : got unit (unit.000028)
2018-01-25 13:11:30,429: umgr.0000.staging.output.0.child: umgr.0000.staging.output.0      : MainThread     : DEBUG   : advance bulk size: 1 [False, True]
2018-01-25 13:11:30,429: umgr.0000.staging.output.0.child: umgr.0000.staging.output.0      : MainThread     : DEBUG   : advance bulk size: 1 [True, True]
2018-01-25 13:11:30,429: umgr.0000.staging.output.0.child: umgr.0000.staging.output.0      : MainThread     : DEBUG   : final unit.000028 [DONE]
2018-01-25 13:12:35,123: umgr.0000.staging.output.0.child: umgr.0000.staging.output.0      : MainThread     : DEBUG   : got unit (unit.000029)
2018-01-25 13:12:35,123: umgr.0000.staging.output.0.child: umgr.0000.staging.output.0      : MainThread     : DEBUG   : advance bulk size: 1 [False, True]
2018-01-25 13:12:35,123: umgr.0000.staging.output.0.child: umgr.0000.staging.output.0      : MainThread     : DEBUG   : advance bulk size: 1 [True, True]
2018-01-25 13:12:35,123: umgr.0000.staging.output.0.child: umgr.0000.staging.output.0      : MainThread     : DEBUG   : final unit.000029 [DONE]
2018-01-25 13:13:39,855: umgr.0000.staging.output.0.child: umgr.0000.staging.output.0      : MainThread     : DEBUG   : got unit (unit.000030)
2018-01-25 13:13:39,855: umgr.0000.staging.output.0.child: umgr.0000.staging.output.0      : MainThread     : DEBUG   : advance bulk size: 1 [False, True]
2018-01-25 13:13:39,855: umgr.0000.staging.output.0.child: umgr.0000.staging.output.0      : MainThread     : DEBUG   : advance bulk size: 1 [True, True]
2018-01-25 13:13:39,855: umgr.0000.staging.output.0.child: umgr.0000.staging.output.0      : MainThread     : DEBUG   : final unit.000030 [DONE]
2018-01-25 13:14:43,537: umgr.0000.staging.output.0.child: umgr.0000.staging.output.0      : MainThread     : DEBUG   : got unit (unit.000031)
2018-01-25 13:14:43,537: umgr.0000.staging.output.0.child: umgr.0000.staging.output.0      : MainThread     : DEBUG   : advance bulk size: 1 [False, True]
2018-01-25 13:14:43,537: umgr.0000.staging.output.0.child: umgr.0000.staging.output.0      : MainThread     : DEBUG   : advance bulk size: 1 [True, True]
2018-01-25 13:14:43,537: umgr.0000.staging.output.0.child: umgr.0000.staging.output.0      : MainThread     : DEBUG   : final unit.000031 [DONE]
2018-01-25 13:15:47,252: umgr.0000.staging.output.0.child: umgr.0000.staging.output.0      : MainThread     : DEBUG   : got unit (unit.000032)
2018-01-25 13:15:47,252: umgr.0000.staging.output.0.child: umgr.0000.staging.output.0      : MainThread     : DEBUG   : advance bulk size: 1 [False, True]
2018-01-25 13:15:47,252: umgr.0000.staging.output.0.child: umgr.0000.staging.output.0      : MainThread     : DEBUG   : advance bulk size: 1 [True, True]
2018-01-25 13:15:47,252: umgr.0000.staging.output.0.child: umgr.0000.staging.output.0      : MainThread     : DEBUG   : final unit.000032 [DONE]
2018-01-25 13:16:51,967: umgr.0000.staging.output.0.child: umgr.0000.staging.output.0      : MainThread     : DEBUG   : got unit (unit.000033)
2018-01-25 13:16:51,967: umgr.0000.staging.output.0.child: umgr.0000.staging.output.0      : MainThread     : DEBUG   : advance bulk size: 1 [False, True]
2018-01-25 13:16:51,968: umgr.0000.staging.output.0.child: umgr.0000.staging.output.0      : MainThread     : DEBUG   : advance bulk size: 1 [True, True]
2018-01-25 13:16:51,968: umgr.0000.staging.output.0.child: umgr.0000.staging.output.0      : MainThread     : DEBUG   : final unit.000033 [DONE]
2018-01-25 13:17:55,688: umgr.0000.staging.output.0.child: umgr.0000.staging.output.0      : MainThread     : DEBUG   : got unit (unit.000034)
2018-01-25 13:17:55,688: umgr.0000.staging.output.0.child: umgr.0000.staging.output.0      : MainThread     : DEBUG   : advance bulk size: 1 [False, True]
2018-01-25 13:17:55,688: umgr.0000.staging.output.0.child: umgr.0000.staging.output.0      : MainThread     : DEBUG   : advance bulk size: 1 [True, True]
2018-01-25 13:17:55,688: umgr.0000.staging.output.0.child: umgr.0000.staging.output.0      : MainThread     : DEBUG   : final unit.000034 [DONE]
2018-01-25 13:19:01,490: umgr.0000.staging.output.0.child: umgr.0000.staging.output.0      : MainThread     : DEBUG   : got unit (unit.000035)
2018-01-25 13:19:01,490: umgr.0000.staging.output.0.child: umgr.0000.staging.output.0      : MainThread     : DEBUG   : advance bulk size: 1 [False, True]
2018-01-25 13:19:01,490: umgr.0000.staging.output.0.child: umgr.0000.staging.output.0      : MainThread     : DEBUG   : advance bulk size: 1 [True, True]
2018-01-25 13:19:01,490: umgr.0000.staging.output.0.child: umgr.0000.staging.output.0      : MainThread     : DEBUG   : final unit.000035 [DONE]
2018-01-25 13:20:06,246: umgr.0000.staging.output.0.child: umgr.0000.staging.output.0      : MainThread     : DEBUG   : got unit (unit.000036)
2018-01-25 13:20:06,246: umgr.0000.staging.output.0.child: umgr.0000.staging.output.0      : MainThread     : DEBUG   : advance bulk size: 1 [False, True]
2018-01-25 13:20:06,246: umgr.0000.staging.output.0.child: umgr.0000.staging.output.0      : MainThread     : DEBUG   : advance bulk size: 1 [True, True]
2018-01-25 13:20:06,246: umgr.0000.staging.output.0.child: umgr.0000.staging.output.0      : MainThread     : DEBUG   : final unit.000036 [DONE]
2018-01-25 13:21:12,062: umgr.0000.staging.output.0.child: umgr.0000.staging.output.0      : MainThread     : DEBUG   : got unit (unit.000037)
2018-01-25 13:21:12,062: umgr.0000.staging.output.0.child: umgr.0000.staging.output.0      : MainThread     : DEBUG   : advance bulk size: 1 [False, True]
2018-01-25 13:21:12,062: umgr.0000.staging.output.0.child: umgr.0000.staging.output.0      : MainThread     : DEBUG   : advance bulk size: 1 [True, True]
2018-01-25 13:21:12,062: umgr.0000.staging.output.0.child: umgr.0000.staging.output.0      : MainThread     : DEBUG   : final unit.000037 [DONE]
2018-01-25 13:22:16,806: umgr.0000.staging.output.0.child: umgr.0000.staging.output.0      : MainThread     : DEBUG   : got unit (unit.000038)
2018-01-25 13:22:16,806: umgr.0000.staging.output.0.child: umgr.0000.staging.output.0      : MainThread     : DEBUG   : advance bulk size: 1 [False, True]
2018-01-25 13:22:16,807: umgr.0000.staging.output.0.child: umgr.0000.staging.output.0      : MainThread     : DEBUG   : advance bulk size: 1 [True, True]
2018-01-25 13:22:16,807: umgr.0000.staging.output.0.child: umgr.0000.staging.output.0      : MainThread     : DEBUG   : final unit.000038 [DONE]
2018-01-25 13:23:22,641: umgr.0000.staging.output.0.child: umgr.0000.staging.output.0      : MainThread     : DEBUG   : got unit (unit.000039)
2018-01-25 13:23:22,641: umgr.0000.staging.output.0.child: umgr.0000.staging.output.0      : MainThread     : DEBUG   : advance bulk size: 1 [False, True]
2018-01-25 13:23:22,642: umgr.0000.staging.output.0.child: umgr.0000.staging.output.0      : MainThread     : DEBUG   : advance bulk size: 1 [True, True]
2018-01-25 13:23:22,642: umgr.0000.staging.output.0.child: umgr.0000.staging.output.0      : MainThread     : DEBUG   : final unit.000039 [DONE]
2018-01-25 13:24:27,802: umgr.0000.staging.output.0.child: umgr.0000.staging.output.0      : MainThread     : DEBUG   : got unit (unit.000040)
2018-01-25 13:24:27,802: umgr.0000.staging.output.0.child: umgr.0000.staging.output.0      : MainThread     : DEBUG   : advance bulk size: 1 [False, True]
2018-01-25 13:24:27,802: umgr.0000.staging.output.0.child: umgr.0000.staging.output.0      : MainThread     : DEBUG   : advance bulk size: 1 [True, True]
2018-01-25 13:24:27,802: umgr.0000.staging.output.0.child: umgr.0000.staging.output.0      : MainThread     : DEBUG   : final unit.000040 [DONE]
2018-01-25 13:25:32,895: umgr.0000.staging.output.0.child: umgr.0000.staging.output.0      : MainThread     : DEBUG   : got unit (unit.000041)
2018-01-25 13:25:32,895: umgr.0000.staging.output.0.child: umgr.0000.staging.output.0      : MainThread     : DEBUG   : advance bulk size: 1 [False, True]
2018-01-25 13:25:32,895: umgr.0000.staging.output.0.child: umgr.0000.staging.output.0      : MainThread     : DEBUG   : advance bulk size: 1 [True, True]
2018-01-25 13:25:32,895: umgr.0000.staging.output.0.child: umgr.0000.staging.output.0      : MainThread     : DEBUG   : final unit.000041 [DONE]
2018-01-25 13:26:38,054: umgr.0000.staging.output.0.child: umgr.0000.staging.output.0      : MainThread     : DEBUG   : got unit (unit.000042)
2018-01-25 13:26:38,054: umgr.0000.staging.output.0.child: umgr.0000.staging.output.0      : MainThread     : DEBUG   : advance bulk size: 1 [False, True]
2018-01-25 13:26:38,054: umgr.0000.staging.output.0.child: umgr.0000.staging.output.0      : MainThread     : DEBUG   : advance bulk size: 1 [True, True]
2018-01-25 13:26:38,054: umgr.0000.staging.output.0.child: umgr.0000.staging.output.0      : MainThread     : DEBUG   : final unit.000042 [DONE]
2018-01-25 13:27:43,187: umgr.0000.staging.output.0.child: umgr.0000.staging.output.0      : MainThread     : DEBUG   : got unit (unit.000043)
2018-01-25 13:27:43,187: umgr.0000.staging.output.0.child: umgr.0000.staging.output.0      : MainThread     : DEBUG   : advance bulk size: 1 [False, True]
2018-01-25 13:27:43,187: umgr.0000.staging.output.0.child: umgr.0000.staging.output.0      : MainThread     : DEBUG   : advance bulk size: 1 [True, True]
2018-01-25 13:27:43,187: umgr.0000.staging.output.0.child: umgr.0000.staging.output.0      : MainThread     : DEBUG   : final unit.000043 [DONE]
2018-01-25 13:28:48,877: umgr.0000.staging.output.0.child: umgr.0000.staging.output.0      : MainThread     : DEBUG   : got unit (unit.000044)
2018-01-25 13:28:48,877: umgr.0000.staging.output.0.child: umgr.0000.staging.output.0      : MainThread     : DEBUG   : advance bulk size: 1 [False, True]
2018-01-25 13:28:48,877: umgr.0000.staging.output.0.child: umgr.0000.staging.output.0      : MainThread     : DEBUG   : advance bulk size: 1 [True, True]
2018-01-25 13:28:48,877: umgr.0000.staging.output.0.child: umgr.0000.staging.output.0      : MainThread     : DEBUG   : final unit.000044 [DONE]
2018-01-25 13:29:54,098: umgr.0000.staging.output.0.child: umgr.0000.staging.output.0      : MainThread     : DEBUG   : got unit (unit.000045)
2018-01-25 13:29:54,098: umgr.0000.staging.output.0.child: umgr.0000.staging.output.0      : MainThread     : DEBUG   : advance bulk size: 1 [False, True]
2018-01-25 13:29:54,099: umgr.0000.staging.output.0.child: umgr.0000.staging.output.0      : MainThread     : DEBUG   : advance bulk size: 1 [True, True]
2018-01-25 13:29:54,099: umgr.0000.staging.output.0.child: umgr.0000.staging.output.0      : MainThread     : DEBUG   : final unit.000045 [DONE]
2018-01-25 13:30:59,201: umgr.0000.staging.output.0.child: umgr.0000.staging.output.0      : MainThread     : DEBUG   : got unit (unit.000046)
2018-01-25 13:30:59,201: umgr.0000.staging.output.0.child: umgr.0000.staging.output.0      : MainThread     : DEBUG   : advance bulk size: 1 [False, True]
2018-01-25 13:30:59,201: umgr.0000.staging.output.0.child: umgr.0000.staging.output.0      : MainThread     : DEBUG   : advance bulk size: 1 [True, True]
2018-01-25 13:30:59,202: umgr.0000.staging.output.0.child: umgr.0000.staging.output.0      : MainThread     : DEBUG   : final unit.000046 [DONE]
2018-01-25 13:32:04,501: umgr.0000.staging.output.0.child: umgr.0000.staging.output.0      : MainThread     : DEBUG   : got unit (unit.000047)
2018-01-25 13:32:04,501: umgr.0000.staging.output.0.child: umgr.0000.staging.output.0      : MainThread     : DEBUG   : advance bulk size: 1 [False, True]
2018-01-25 13:32:04,501: umgr.0000.staging.output.0.child: umgr.0000.staging.output.0      : MainThread     : DEBUG   : advance bulk size: 1 [True, True]
2018-01-25 13:32:04,501: umgr.0000.staging.output.0.child: umgr.0000.staging.output.0      : MainThread     : DEBUG   : final unit.000047 [DONE]
2018-01-25 13:33:08,511: umgr.0000.staging.output.0.child: umgr.0000.staging.output.0      : MainThread     : DEBUG   : got unit (unit.000048)
2018-01-25 13:33:08,511: umgr.0000.staging.output.0.child: umgr.0000.staging.output.0      : MainThread     : DEBUG   : advance bulk size: 1 [False, True]
2018-01-25 13:33:08,511: umgr.0000.staging.output.0.child: umgr.0000.staging.output.0      : MainThread     : DEBUG   : advance bulk size: 1 [True, True]
2018-01-25 13:33:08,511: umgr.0000.staging.output.0.child: umgr.0000.staging.output.0      : MainThread     : DEBUG   : final unit.000048 [DONE]
2018-01-25 13:34:12,536: umgr.0000.staging.output.0.child: umgr.0000.staging.output.0      : MainThread     : DEBUG   : got unit (unit.000049)
2018-01-25 13:34:12,536: umgr.0000.staging.output.0.child: umgr.0000.staging.output.0      : MainThread     : DEBUG   : advance bulk size: 1 [False, True]
2018-01-25 13:34:12,536: umgr.0000.staging.output.0.child: umgr.0000.staging.output.0      : MainThread     : DEBUG   : advance bulk size: 1 [True, True]
2018-01-25 13:34:12,536: umgr.0000.staging.output.0.child: umgr.0000.staging.output.0      : MainThread     : DEBUG   : final unit.000049 [DONE]
2018-01-25 13:35:16,556: umgr.0000.staging.output.0.child: umgr.0000.staging.output.0      : MainThread     : DEBUG   : got unit (unit.000050)
2018-01-25 13:35:16,556: umgr.0000.staging.output.0.child: umgr.0000.staging.output.0      : MainThread     : DEBUG   : advance bulk size: 1 [False, True]
2018-01-25 13:35:16,557: umgr.0000.staging.output.0.child: umgr.0000.staging.output.0      : MainThread     : DEBUG   : advance bulk size: 1 [True, True]
2018-01-25 13:35:16,557: umgr.0000.staging.output.0.child: umgr.0000.staging.output.0      : MainThread     : DEBUG   : final unit.000050 [DONE]
2018-01-25 13:36:21,722: umgr.0000.staging.output.0.child: umgr.0000.staging.output.0      : MainThread     : DEBUG   : got unit (unit.000051)
2018-01-25 13:36:21,723: umgr.0000.staging.output.0.child: umgr.0000.staging.output.0      : MainThread     : DEBUG   : advance bulk size: 1 [False, True]
2018-01-25 13:36:21,723: umgr.0000.staging.output.0.child: umgr.0000.staging.output.0      : MainThread     : DEBUG   : advance bulk size: 1 [True, True]
2018-01-25 13:36:21,723: umgr.0000.staging.output.0.child: umgr.0000.staging.output.0      : MainThread     : DEBUG   : final unit.000051 [DONE]
2018-01-25 13:37:26,943: umgr.0000.staging.output.0.child: umgr.0000.staging.output.0      : MainThread     : DEBUG   : got unit (unit.000052)
2018-01-25 13:37:26,944: umgr.0000.staging.output.0.child: umgr.0000.staging.output.0      : MainThread     : DEBUG   : advance bulk size: 1 [False, True]
2018-01-25 13:37:26,944: umgr.0000.staging.output.0.child: umgr.0000.staging.output.0      : MainThread     : DEBUG   : advance bulk size: 1 [True, True]
2018-01-25 13:37:26,944: umgr.0000.staging.output.0.child: umgr.0000.staging.output.0      : MainThread     : DEBUG   : final unit.000052 [DONE]
2018-01-25 13:38:30,988: umgr.0000.staging.output.0.child: umgr.0000.staging.output.0      : MainThread     : DEBUG   : got unit (unit.000053)
2018-01-25 13:38:30,988: umgr.0000.staging.output.0.child: umgr.0000.staging.output.0      : MainThread     : DEBUG   : advance bulk size: 1 [False, True]
2018-01-25 13:38:30,988: umgr.0000.staging.output.0.child: umgr.0000.staging.output.0      : MainThread     : DEBUG   : advance bulk size: 1 [True, True]
2018-01-25 13:38:30,988: umgr.0000.staging.output.0.child: umgr.0000.staging.output.0      : MainThread     : DEBUG   : final unit.000053 [DONE]
2018-01-25 13:39:35,147: umgr.0000.staging.output.0.child: umgr.0000.staging.output.0      : MainThread     : DEBUG   : got unit (unit.000054)
2018-01-25 13:39:35,147: umgr.0000.staging.output.0.child: umgr.0000.staging.output.0      : MainThread     : DEBUG   : advance bulk size: 1 [False, True]
2018-01-25 13:39:35,147: umgr.0000.staging.output.0.child: umgr.0000.staging.output.0      : MainThread     : DEBUG   : advance bulk size: 1 [True, True]
2018-01-25 13:39:35,147: umgr.0000.staging.output.0.child: umgr.0000.staging.output.0      : MainThread     : DEBUG   : final unit.000054 [DONE]
2018-01-25 13:40:41,447: umgr.0000.staging.output.0.child: umgr.0000.staging.output.0      : MainThread     : DEBUG   : got unit (unit.000055)
2018-01-25 13:40:41,447: umgr.0000.staging.output.0.child: umgr.0000.staging.output.0      : MainThread     : DEBUG   : advance bulk size: 1 [False, True]
2018-01-25 13:40:41,447: umgr.0000.staging.output.0.child: umgr.0000.staging.output.0      : MainThread     : DEBUG   : advance bulk size: 1 [True, True]
2018-01-25 13:40:41,447: umgr.0000.staging.output.0.child: umgr.0000.staging.output.0      : MainThread     : DEBUG   : final unit.000055 [DONE]
2018-01-25 13:41:46,686: umgr.0000.staging.output.0.child: umgr.0000.staging.output.0      : MainThread     : DEBUG   : got unit (unit.000056)
2018-01-25 13:41:46,686: umgr.0000.staging.output.0.child: umgr.0000.staging.output.0      : MainThread     : DEBUG   : advance bulk size: 1 [False, True]
2018-01-25 13:41:46,687: umgr.0000.staging.output.0.child: umgr.0000.staging.output.0      : MainThread     : DEBUG   : advance bulk size: 1 [True, True]
2018-01-25 13:41:46,687: umgr.0000.staging.output.0.child: umgr.0000.staging.output.0      : MainThread     : DEBUG   : final unit.000056 [DONE]
2018-01-25 13:42:51,848: umgr.0000.staging.output.0.child: umgr.0000.staging.output.0      : MainThread     : DEBUG   : got unit (unit.000057)
2018-01-25 13:42:51,849: umgr.0000.staging.output.0.child: umgr.0000.staging.output.0      : MainThread     : DEBUG   : advance bulk size: 1 [False, True]
2018-01-25 13:42:51,849: umgr.0000.staging.output.0.child: umgr.0000.staging.output.0      : MainThread     : DEBUG   : advance bulk size: 1 [True, True]
2018-01-25 13:42:51,849: umgr.0000.staging.output.0.child: umgr.0000.staging.output.0      : MainThread     : DEBUG   : final unit.000057 [DONE]
2018-01-25 13:43:56,509: umgr.0000.staging.output.0.child: umgr.0000.staging.output.0      : MainThread     : DEBUG   : got unit (unit.000058)
2018-01-25 13:43:56,509: umgr.0000.staging.output.0.child: umgr.0000.staging.output.0      : MainThread     : DEBUG   : advance bulk size: 1 [False, True]
2018-01-25 13:43:56,509: umgr.0000.staging.output.0.child: umgr.0000.staging.output.0      : MainThread     : DEBUG   : advance bulk size: 1 [True, True]
2018-01-25 13:43:56,509: umgr.0000.staging.output.0.child: umgr.0000.staging.output.0      : MainThread     : DEBUG   : final unit.000058 [DONE]
2018-01-25 13:45:01,973: umgr.0000.staging.output.0.child: umgr.0000.staging.output.0      : MainThread     : DEBUG   : got unit (unit.000059)
2018-01-25 13:45:01,973: umgr.0000.staging.output.0.child: umgr.0000.staging.output.0      : MainThread     : DEBUG   : advance bulk size: 1 [False, True]
2018-01-25 13:45:01,973: umgr.0000.staging.output.0.child: umgr.0000.staging.output.0      : MainThread     : DEBUG   : advance bulk size: 1 [True, True]
2018-01-25 13:45:01,973: umgr.0000.staging.output.0.child: umgr.0000.staging.output.0      : MainThread     : DEBUG   : final unit.000059 [DONE]
2018-01-25 13:46:06,397: umgr.0000.staging.output.0.child: umgr.0000.staging.output.0      : MainThread     : DEBUG   : got unit (unit.000060)
2018-01-25 13:46:06,397: umgr.0000.staging.output.0.child: umgr.0000.staging.output.0      : MainThread     : DEBUG   : advance bulk size: 1 [False, True]
2018-01-25 13:46:06,397: umgr.0000.staging.output.0.child: umgr.0000.staging.output.0      : MainThread     : DEBUG   : advance bulk size: 1 [True, True]
2018-01-25 13:46:06,398: umgr.0000.staging.output.0.child: umgr.0000.staging.output.0      : MainThread     : DEBUG   : final unit.000060 [DONE]
2018-01-25 13:47:10,776: umgr.0000.staging.output.0.child: umgr.0000.staging.output.0      : MainThread     : DEBUG   : got unit (unit.000061)
2018-01-25 13:47:10,776: umgr.0000.staging.output.0.child: umgr.0000.staging.output.0      : MainThread     : DEBUG   : advance bulk size: 1 [False, True]
2018-01-25 13:47:10,776: umgr.0000.staging.output.0.child: umgr.0000.staging.output.0      : MainThread     : DEBUG   : advance bulk size: 1 [True, True]
2018-01-25 13:47:10,776: umgr.0000.staging.output.0.child: umgr.0000.staging.output.0      : MainThread     : DEBUG   : final unit.000061 [DONE]
2018-01-25 13:48:17,088: umgr.0000.staging.output.0.child: umgr.0000.staging.output.0      : MainThread     : DEBUG   : got unit (unit.000062)
2018-01-25 13:48:17,088: umgr.0000.staging.output.0.child: umgr.0000.staging.output.0      : MainThread     : DEBUG   : advance bulk size: 1 [False, True]
2018-01-25 13:48:17,088: umgr.0000.staging.output.0.child: umgr.0000.staging.output.0      : MainThread     : DEBUG   : advance bulk size: 1 [True, True]
2018-01-25 13:48:17,088: umgr.0000.staging.output.0.child: umgr.0000.staging.output.0      : MainThread     : DEBUG   : final unit.000062 [DONE]
2018-01-25 13:49:20,345: umgr.0000.staging.output.0.child: umgr.0000.staging.output.0      : MainThread     : DEBUG   : got unit (unit.000063)
2018-01-25 13:49:20,345: umgr.0000.staging.output.0.child: umgr.0000.staging.output.0      : MainThread     : DEBUG   : advance bulk size: 1 [False, True]
2018-01-25 13:49:20,345: umgr.0000.staging.output.0.child: umgr.0000.staging.output.0      : MainThread     : DEBUG   : advance bulk size: 1 [True, True]
2018-01-25 13:49:20,345: umgr.0000.staging.output.0.child: umgr.0000.staging.output.0      : MainThread     : DEBUG   : final unit.000063 [DONE]
2018-01-25 13:49:37,192: umgr.0000.staging.output.0.child: umgr.0000.staging.output.0      : MainThread     : DEBUG   : ru_finalize_common()
2018-01-25 13:49:37,192: umgr.0000.staging.output.0.child: umgr.0000.staging.output.0      : MainThread     : DEBUG   : TERM : umgr.0000.staging.output.0.child unregister publisher log_pubsub
2018-01-25 13:49:37,193: umgr.0000.staging.output.0.child: umgr.0000.staging.output.0      : MainThread     : DEBUG   : unregistered publisher log_pubsub
2018-01-25 13:49:37,194: umgr.0000.staging.output.0.child: umgr.0000.staging.output.0      : MainThread     : DEBUG   : TERM : umgr.0000.staging.output.0.child unregister publisher state_pubsub
2018-01-25 13:49:37,194: umgr.0000.staging.output.0.child: umgr.0000.staging.output.0      : MainThread     : DEBUG   : unregistered publisher state_pubsub
2018-01-25 13:49:37,195: umgr.0000.staging.output.0.child: umgr.0000.staging.output.0      : MainThread     : DEBUG   : TERM : umgr.0000.staging.output.0.child unregister publisher control_pubsub
2018-01-25 13:49:37,195: umgr.0000.staging.output.0.child: umgr.0000.staging.output.0      : MainThread     : DEBUG   : unregistered publisher control_pubsub
2018-01-25 13:49:37,195: umgr.0000.staging.output.0.child: umgr.0000.staging.output.0      : MainThread     : DEBUG   : umgr.0000.staging.output.0.child close prof
2018-01-25 13:49:37,228: umgr.0000.staging.output.0.child: umgr.0000.staging.output.0      : MainThread     : INFO    : send message: [umgr.0000.staging.output.0.child] terminating
2018-01-25 13:49:37,229: umgr.0000.staging.output.0.child: umgr.0000.staging.output.0      : MainThread     : WARNING : send failed ([Errno 32] Broken pipe) - terminate
2018-01-25 13:49:37,313: umgr.0000.staging.output.0.child: umgr.0000.staging.output.0      : umgr.0000.staging.output.0.child.watch: INFO    : watcher closes
2018-01-25 13:49:37,313: umgr.0000.staging.output.0.child: umgr.0000.staging.output.0      : umgr.0000.staging.output.0.child.watch: INFO    : put message: [umgr.0000.staging.output.0.child.watch.thread] work finished
2018-01-25 13:49:37,313: umgr.0000.staging.output.0.child: umgr.0000.staging.output.0      : umgr.0000.staging.output.0.child.watch: DEBUG   : ru_finalize_child (NOOP)
2018-01-25 13:49:37,313: umgr.0000.staging.output.0.child: umgr.0000.staging.output.0      : umgr.0000.staging.output.0.child.watch: DEBUG   : ru_finalize_common (NOOP)
2018-01-25 13:49:37,313: umgr.0000.staging.output.0.child: umgr.0000.staging.output.0      : umgr.0000.staging.output.0.child.watch: INFO    : put message: [umgr.0000.staging.output.0.child.watch.thread] terminating
2018-01-25 13:49:37,343: umgr.0000.staging.output.0.child: umgr.0000.staging.output.0      : MainThread     : INFO    : parent stops child
2018-01-25 13:49:37,343: umgr.0000.staging.output.0.child: umgr.0000.staging.output.0      : MainThread     : DEBUG   : ru_finalize_parent (NOOP)
2018-01-25 13:49:37,344: umgr.0000.staging.output.0.child: umgr.0000.staging.output.0      : umgr.0000.staging.output.0.child.subscriber._cancel_monitor_cb: DEBUG   : ru_finalize_child (NOOP)
2018-01-25 13:49:37,345: umgr.0000.staging.output.0.child: umgr.0000.staging.output.0      : umgr.0000.staging.output.0.child.subscriber._cancel_monitor_cb: INFO    : put message: [umgr.0000.staging.output.0.child.subscriber._cancel_monitor_cb.thread] terminating
