2018-01-25 12:40:07,998: umgr.scheduling.queue.bridge.0000.child: umgr.scheduling.queue.bridge.0000.child: MainThread     : INFO    : python.interpreter   version: 2.7.6 (default, Jun 22 2015, 17:58:13) [GCC 4.8.2]
2018-01-25 12:40:07,998: umgr.scheduling.queue.bridge.0000.child: umgr.scheduling.queue.bridge.0000.child: MainThread     : INFO    :                      pid: 27323
2018-01-25 12:40:07,999: umgr.scheduling.queue.bridge.0000.child: umgr.scheduling.queue.bridge.0000.child: MainThread     : INFO    :                      tid: MainThread
2018-01-25 12:40:07,999: umgr.scheduling.queue.bridge.0000.child: umgr.scheduling.queue.bridge.0000.child: MainThread     : INFO    : radical.pilot        version: 0.47.1
2018-01-25 12:40:07,999: umgr.scheduling.queue.bridge.0000.child: umgr.scheduling.queue.bridge.0000.child: MainThread     : INFO    : start bridge umgr.scheduling.queue.bridge.0000.child on tcp://*:*
2018-01-25 12:40:08,000: umgr.scheduling.queue.bridge.0000.child: umgr.scheduling.queue.bridge.0000.child: MainThread     : INFO    : bound bridge umgr.scheduling.queue.bridge.0000.child to tcp://0.0.0.0:59565 : tcp://0.0.0.0:35047
2018-01-25 12:40:09,011: umgr.scheduling.queue.bridge.0000.child: umgr.scheduling.queue.bridge.0000.child: MainThread     : DEBUG   : sent  1 [hwm: 1]
2018-01-25 12:41:13,869: umgr.scheduling.queue.bridge.0000.child: umgr.scheduling.queue.bridge.0000.child: MainThread     : DEBUG   : sent  1 [hwm: 1]
2018-01-25 12:42:18,725: umgr.scheduling.queue.bridge.0000.child: umgr.scheduling.queue.bridge.0000.child: MainThread     : DEBUG   : sent  1 [hwm: 1]
2018-01-25 12:43:23,612: umgr.scheduling.queue.bridge.0000.child: umgr.scheduling.queue.bridge.0000.child: MainThread     : DEBUG   : sent  1 [hwm: 1]
2018-01-25 12:44:28,366: umgr.scheduling.queue.bridge.0000.child: umgr.scheduling.queue.bridge.0000.child: MainThread     : DEBUG   : sent  1 [hwm: 1]
2018-01-25 12:45:34,228: umgr.scheduling.queue.bridge.0000.child: umgr.scheduling.queue.bridge.0000.child: MainThread     : DEBUG   : sent  1 [hwm: 1]
2018-01-25 12:46:38,975: umgr.scheduling.queue.bridge.0000.child: umgr.scheduling.queue.bridge.0000.child: MainThread     : DEBUG   : sent  1 [hwm: 1]
2018-01-25 12:47:44,421: umgr.scheduling.queue.bridge.0000.child: umgr.scheduling.queue.bridge.0000.child: MainThread     : DEBUG   : sent  1 [hwm: 1]
2018-01-25 12:48:49,671: umgr.scheduling.queue.bridge.0000.child: umgr.scheduling.queue.bridge.0000.child: MainThread     : DEBUG   : sent  1 [hwm: 1]
2018-01-25 12:49:54,977: umgr.scheduling.queue.bridge.0000.child: umgr.scheduling.queue.bridge.0000.child: MainThread     : DEBUG   : sent  1 [hwm: 1]
2018-01-25 12:50:58,160: umgr.scheduling.queue.bridge.0000.child: umgr.scheduling.queue.bridge.0000.child: MainThread     : DEBUG   : sent  1 [hwm: 1]
2018-01-25 12:52:03,475: umgr.scheduling.queue.bridge.0000.child: umgr.scheduling.queue.bridge.0000.child: MainThread     : DEBUG   : sent  1 [hwm: 1]
2018-01-25 12:53:09,928: umgr.scheduling.queue.bridge.0000.child: umgr.scheduling.queue.bridge.0000.child: MainThread     : DEBUG   : sent  1 [hwm: 1]
2018-01-25 12:54:15,214: umgr.scheduling.queue.bridge.0000.child: umgr.scheduling.queue.bridge.0000.child: MainThread     : DEBUG   : sent  1 [hwm: 1]
2018-01-25 12:55:19,538: umgr.scheduling.queue.bridge.0000.child: umgr.scheduling.queue.bridge.0000.child: MainThread     : DEBUG   : sent  1 [hwm: 1]
2018-01-25 12:56:23,736: umgr.scheduling.queue.bridge.0000.child: umgr.scheduling.queue.bridge.0000.child: MainThread     : DEBUG   : sent  1 [hwm: 1]
2018-01-25 12:57:28,029: umgr.scheduling.queue.bridge.0000.child: umgr.scheduling.queue.bridge.0000.child: MainThread     : DEBUG   : sent  1 [hwm: 1]
2018-01-25 12:58:33,337: umgr.scheduling.queue.bridge.0000.child: umgr.scheduling.queue.bridge.0000.child: MainThread     : DEBUG   : sent  1 [hwm: 1]
2018-01-25 12:59:38,059: umgr.scheduling.queue.bridge.0000.child: umgr.scheduling.queue.bridge.0000.child: MainThread     : DEBUG   : sent  1 [hwm: 1]
2018-01-25 13:00:42,707: umgr.scheduling.queue.bridge.0000.child: umgr.scheduling.queue.bridge.0000.child: MainThread     : DEBUG   : sent  1 [hwm: 1]
2018-01-25 13:01:48,832: umgr.scheduling.queue.bridge.0000.child: umgr.scheduling.queue.bridge.0000.child: MainThread     : DEBUG   : sent  1 [hwm: 1]
2018-01-25 13:02:53,519: umgr.scheduling.queue.bridge.0000.child: umgr.scheduling.queue.bridge.0000.child: MainThread     : DEBUG   : sent  1 [hwm: 1]
2018-01-25 13:03:57,219: umgr.scheduling.queue.bridge.0000.child: umgr.scheduling.queue.bridge.0000.child: MainThread     : DEBUG   : sent  1 [hwm: 1]
2018-01-25 13:05:01,918: umgr.scheduling.queue.bridge.0000.child: umgr.scheduling.queue.bridge.0000.child: MainThread     : DEBUG   : sent  1 [hwm: 1]
2018-01-25 13:06:06,650: umgr.scheduling.queue.bridge.0000.child: umgr.scheduling.queue.bridge.0000.child: MainThread     : DEBUG   : sent  1 [hwm: 1]
2018-01-25 13:07:11,432: umgr.scheduling.queue.bridge.0000.child: umgr.scheduling.queue.bridge.0000.child: MainThread     : DEBUG   : sent  1 [hwm: 1]
2018-01-25 13:08:16,131: umgr.scheduling.queue.bridge.0000.child: umgr.scheduling.queue.bridge.0000.child: MainThread     : DEBUG   : sent  1 [hwm: 1]
2018-01-25 13:09:20,999: umgr.scheduling.queue.bridge.0000.child: umgr.scheduling.queue.bridge.0000.child: MainThread     : DEBUG   : sent  1 [hwm: 1]
2018-01-25 13:10:25,777: umgr.scheduling.queue.bridge.0000.child: umgr.scheduling.queue.bridge.0000.child: MainThread     : DEBUG   : sent  1 [hwm: 1]
2018-01-25 13:11:30,503: umgr.scheduling.queue.bridge.0000.child: umgr.scheduling.queue.bridge.0000.child: MainThread     : DEBUG   : sent  1 [hwm: 1]
2018-01-25 13:12:35,248: umgr.scheduling.queue.bridge.0000.child: umgr.scheduling.queue.bridge.0000.child: MainThread     : DEBUG   : sent  1 [hwm: 1]
2018-01-25 13:13:39,960: umgr.scheduling.queue.bridge.0000.child: umgr.scheduling.queue.bridge.0000.child: MainThread     : DEBUG   : sent  1 [hwm: 1]
2018-01-25 13:14:43,636: umgr.scheduling.queue.bridge.0000.child: umgr.scheduling.queue.bridge.0000.child: MainThread     : DEBUG   : sent  1 [hwm: 1]
2018-01-25 13:15:47,361: umgr.scheduling.queue.bridge.0000.child: umgr.scheduling.queue.bridge.0000.child: MainThread     : DEBUG   : sent  1 [hwm: 1]
2018-01-25 13:16:52,051: umgr.scheduling.queue.bridge.0000.child: umgr.scheduling.queue.bridge.0000.child: MainThread     : DEBUG   : sent  1 [hwm: 1]
2018-01-25 13:17:55,830: umgr.scheduling.queue.bridge.0000.child: umgr.scheduling.queue.bridge.0000.child: MainThread     : DEBUG   : sent  1 [hwm: 1]
2018-01-25 13:19:01,585: umgr.scheduling.queue.bridge.0000.child: umgr.scheduling.queue.bridge.0000.child: MainThread     : DEBUG   : sent  1 [hwm: 1]
2018-01-25 13:20:06,352: umgr.scheduling.queue.bridge.0000.child: umgr.scheduling.queue.bridge.0000.child: MainThread     : DEBUG   : sent  1 [hwm: 1]
2018-01-25 13:21:12,156: umgr.scheduling.queue.bridge.0000.child: umgr.scheduling.queue.bridge.0000.child: MainThread     : DEBUG   : sent  1 [hwm: 1]
2018-01-25 13:22:16,931: umgr.scheduling.queue.bridge.0000.child: umgr.scheduling.queue.bridge.0000.child: MainThread     : DEBUG   : sent  1 [hwm: 1]
2018-01-25 13:23:22,755: umgr.scheduling.queue.bridge.0000.child: umgr.scheduling.queue.bridge.0000.child: MainThread     : DEBUG   : sent  1 [hwm: 1]
2018-01-25 13:24:27,882: umgr.scheduling.queue.bridge.0000.child: umgr.scheduling.queue.bridge.0000.child: MainThread     : DEBUG   : sent  1 [hwm: 1]
2018-01-25 13:25:32,994: umgr.scheduling.queue.bridge.0000.child: umgr.scheduling.queue.bridge.0000.child: MainThread     : DEBUG   : sent  1 [hwm: 1]
2018-01-25 13:26:38,147: umgr.scheduling.queue.bridge.0000.child: umgr.scheduling.queue.bridge.0000.child: MainThread     : DEBUG   : sent  1 [hwm: 1]
2018-01-25 13:27:43,283: umgr.scheduling.queue.bridge.0000.child: umgr.scheduling.queue.bridge.0000.child: MainThread     : DEBUG   : sent  1 [hwm: 1]
2018-01-25 13:28:49,002: umgr.scheduling.queue.bridge.0000.child: umgr.scheduling.queue.bridge.0000.child: MainThread     : DEBUG   : sent  1 [hwm: 1]
2018-01-25 13:29:54,229: umgr.scheduling.queue.bridge.0000.child: umgr.scheduling.queue.bridge.0000.child: MainThread     : DEBUG   : sent  1 [hwm: 1]
2018-01-25 13:30:59,315: umgr.scheduling.queue.bridge.0000.child: umgr.scheduling.queue.bridge.0000.child: MainThread     : DEBUG   : sent  1 [hwm: 1]
2018-01-25 13:32:04,593: umgr.scheduling.queue.bridge.0000.child: umgr.scheduling.queue.bridge.0000.child: MainThread     : DEBUG   : sent  1 [hwm: 1]
2018-01-25 13:33:08,595: umgr.scheduling.queue.bridge.0000.child: umgr.scheduling.queue.bridge.0000.child: MainThread     : DEBUG   : sent  1 [hwm: 1]
2018-01-25 13:34:12,618: umgr.scheduling.queue.bridge.0000.child: umgr.scheduling.queue.bridge.0000.child: MainThread     : DEBUG   : sent  1 [hwm: 1]
2018-01-25 13:35:16,658: umgr.scheduling.queue.bridge.0000.child: umgr.scheduling.queue.bridge.0000.child: MainThread     : DEBUG   : sent  1 [hwm: 1]
2018-01-25 13:36:21,847: umgr.scheduling.queue.bridge.0000.child: umgr.scheduling.queue.bridge.0000.child: MainThread     : DEBUG   : sent  1 [hwm: 1]
2018-01-25 13:37:27,058: umgr.scheduling.queue.bridge.0000.child: umgr.scheduling.queue.bridge.0000.child: MainThread     : DEBUG   : sent  1 [hwm: 1]
2018-01-25 13:38:31,085: umgr.scheduling.queue.bridge.0000.child: umgr.scheduling.queue.bridge.0000.child: MainThread     : DEBUG   : sent  1 [hwm: 1]
2018-01-25 13:39:35,232: umgr.scheduling.queue.bridge.0000.child: umgr.scheduling.queue.bridge.0000.child: MainThread     : DEBUG   : sent  1 [hwm: 1]
2018-01-25 13:40:41,532: umgr.scheduling.queue.bridge.0000.child: umgr.scheduling.queue.bridge.0000.child: MainThread     : DEBUG   : sent  1 [hwm: 1]
2018-01-25 13:41:46,789: umgr.scheduling.queue.bridge.0000.child: umgr.scheduling.queue.bridge.0000.child: MainThread     : DEBUG   : sent  1 [hwm: 1]
2018-01-25 13:42:51,973: umgr.scheduling.queue.bridge.0000.child: umgr.scheduling.queue.bridge.0000.child: MainThread     : DEBUG   : sent  1 [hwm: 1]
2018-01-25 13:43:56,621: umgr.scheduling.queue.bridge.0000.child: umgr.scheduling.queue.bridge.0000.child: MainThread     : DEBUG   : sent  1 [hwm: 1]
2018-01-25 13:45:02,068: umgr.scheduling.queue.bridge.0000.child: umgr.scheduling.queue.bridge.0000.child: MainThread     : DEBUG   : sent  1 [hwm: 1]
2018-01-25 13:46:06,508: umgr.scheduling.queue.bridge.0000.child: umgr.scheduling.queue.bridge.0000.child: MainThread     : DEBUG   : sent  1 [hwm: 1]
2018-01-25 13:47:10,883: umgr.scheduling.queue.bridge.0000.child: umgr.scheduling.queue.bridge.0000.child: MainThread     : DEBUG   : sent  1 [hwm: 1]
2018-01-25 13:48:17,183: umgr.scheduling.queue.bridge.0000.child: umgr.scheduling.queue.bridge.0000.child: MainThread     : DEBUG   : sent  1 [hwm: 1]
2018-01-25 13:49:38,085: umgr.scheduling.queue.bridge.0000.child: umgr.scheduling.queue.bridge.0000.child: MainThread     : WARNING : not alive anymore?
