2018-01-24 15:41:48,407: state.pubsub.pub.0000: update.0                        : MainThread     : INFO    : python.interpreter   version: 2.7.6 (default, Jun 22 2015, 17:58:13) [GCC 4.8.2]
2018-01-24 15:41:48,407: state.pubsub.pub.0000: update.0                        : MainThread     : INFO    :                      pid: 28786
2018-01-24 15:41:48,407: state.pubsub.pub.0000: update.0                        : MainThread     : INFO    :                      tid: MainThread
2018-01-24 15:41:48,407: state.pubsub.pub.0000: update.0                        : MainThread     : INFO    : radical.pilot        version: 0.47.1
2018-01-24 15:41:48,407: state.pubsub.pub.0000: update.0                        : MainThread     : INFO    : create state_pubsub - pub - tcp://172.29.241.4:45139
2018-01-24 15:41:48,408: state.pubsub.pub.0000: update.0                        : MainThread     : DEBUG   : start process
2018-01-24 15:41:48,408: state.pubsub.pub.0000: update.0                        : MainThread     : DEBUG   : ru_initialize_common (NOOP)
2018-01-24 15:41:48,409: state.pubsub.pub.0000: update.0                        : MainThread     : DEBUG   : ru_initialize_parent (NOOP)
2018-01-24 15:41:48,409: state.pubsub.pub.0000: update.0                        : MainThread     : DEBUG   : process class started (no child)
2018-01-24 15:41:48,693: state.pubsub.pub.0000: MainProcess                     : MainThread     : INFO    : python.interpreter   version: 2.7.6 (default, Jun 22 2015, 17:58:13) [GCC 4.8.2]
2018-01-24 15:41:48,693: state.pubsub.pub.0000: MainProcess                     : MainThread     : INFO    :                      pid: 28747
2018-01-24 15:41:48,693: state.pubsub.pub.0000: MainProcess                     : MainThread     : INFO    :                      tid: MainThread
2018-01-24 15:41:48,693: state.pubsub.pub.0000: MainProcess                     : MainThread     : INFO    : radical.pilot        version: 0.47.1
2018-01-24 15:41:48,693: state.pubsub.pub.0000: MainProcess                     : MainThread     : INFO    : create state_pubsub - pub - tcp://172.29.241.4:45139
2018-01-24 15:41:48,694: state.pubsub.pub.0000: MainProcess                     : MainThread     : DEBUG   : start process
2018-01-24 15:41:48,695: state.pubsub.pub.0000: MainProcess                     : MainThread     : DEBUG   : ru_initialize_common (NOOP)
2018-01-24 15:41:48,695: state.pubsub.pub.0000: MainProcess                     : MainThread     : DEBUG   : ru_initialize_parent (NOOP)
2018-01-24 15:41:48,695: state.pubsub.pub.0000: MainProcess                     : MainThread     : DEBUG   : process class started (no child)
2018-01-24 16:01:12,815: state.pubsub.pub.0000: MainProcess                     : MainThread     : INFO    : parent stops child  28747 -> None [state.pubsub.pub.0000]
2018-01-24 16:01:12,815: state.pubsub.pub.0000: MainProcess                     : MainThread     : DEBUG   : ru_finalize_parent (NOOP)
2018-01-24 16:01:13,128: state.pubsub.pub.0000: update.0                        : MainThread     : INFO    : parent stops child  28786 -> None [state.pubsub.pub.0000]
2018-01-24 16:01:13,128: state.pubsub.pub.0000: update.0                        : MainThread     : DEBUG   : ru_finalize_parent (NOOP)
