2018-01-24 15:44:20,339: umgr.0000.scheduling.0.child: umgr.0000.scheduling.0          : MainThread     : INFO    : python.interpreter   version: 2.7.6 (default, Jun 22 2015, 17:58:13) [GCC 4.8.2]
2018-01-24 15:44:20,340: umgr.0000.scheduling.0.child: umgr.0000.scheduling.0          : MainThread     : INFO    :                      pid: 29459
2018-01-24 15:44:20,340: umgr.0000.scheduling.0.child: umgr.0000.scheduling.0          : MainThread     : INFO    :                      tid: MainThread
2018-01-24 15:44:20,340: umgr.0000.scheduling.0.child: umgr.0000.scheduling.0          : MainThread     : INFO    : radical.pilot        version: 0.47.1
2018-01-24 15:44:20,623: umgr.0000.scheduling.0.child: umgr.0000.scheduling.0          : MainThread     : INFO    : initialize umgr.0000.scheduling.0.child
2018-01-24 15:44:20,628: umgr.0000.scheduling.0.child: umgr.0000.scheduling.0          : MainThread     : INFO    : cfg: {'agents': {},
 u'bridges': {u'control_pubsub': {'addr_in': 'tcp://172.29.241.4:39866',
                                  'addr_out': 'tcp://172.29.241.4:52007',
                                  u'bulk_size': 0,
                                  u'log_level': u'debug',
                                  u'stall_hwm': 1},
              u'log_pubsub': {'addr_in': 'tcp://172.29.241.4:36947',
                              'addr_out': 'tcp://172.29.241.4:55935',
                              u'bulk_size': 0,
                              u'log_level': u'debug',
                              u'stall_hwm': 1},
              u'state_pubsub': {'addr_in': 'tcp://172.29.241.4:45139',
                                'addr_out': 'tcp://172.29.241.4:45722',
                                u'bulk_size': 0,
                                u'log_level': u'debug',
                                u'stall_hwm': 1},
              u'umgr_reschedule_pubsub': {'addr_in': 'tcp://172.29.241.4:42952',
                                          'addr_out': 'tcp://172.29.241.4:37939',
                                          u'bulk_size': 0,
                                          u'log_level': u'debug',
                                          u'stall_hwm': 1},
              u'umgr_scheduling_queue': {'addr_in': 'tcp://172.29.241.4:41929',
                                         'addr_out': 'tcp://172.29.241.4:56330',
                                         u'bulk_size': 0,
                                         u'log_level': u'debug',
                                         u'stall_hwm': 1},
              u'umgr_staging_input_queue': {'addr_in': 'tcp://172.29.241.4:36267',
                                            'addr_out': 'tcp://172.29.241.4:32929',
                                            u'bulk_size': 0,
                                            u'log_level': u'debug',
                                            u'stall_hwm': 1},
              u'umgr_staging_output_queue': {'addr_in': 'tcp://172.29.241.4:39330',
                                             'addr_out': 'tcp://172.29.241.4:54717',
                                             u'bulk_size': 0,
                                             u'log_level': u'debug',
                                             u'stall_hwm': 1},
              u'umgr_unschedule_pubsub': {'addr_in': 'tcp://172.29.241.4:53761',
                                          'addr_out': 'tcp://172.29.241.4:56534',
                                          u'bulk_size': 0,
                                          u'log_level': u'debug',
                                          u'stall_hwm': 1}},
 u'bulk_collection_size': 100,
 u'bulk_collection_time': 1.0,
 'cname': u'UMGRSchedulingComponent',
 u'components': {},
 u'count': 1,
 u'db_poll_sleeptime': 1.0,
 'number': 0,
 'owner': 'umgr.0000',
 u'scheduler': u'round_robin',
 'uid': 'umgr.0000'}
2018-01-24 15:44:20,628: umgr.0000.scheduling.0.child: umgr.0000.scheduling.0          : MainThread     : DEBUG   : start components: {}
2018-01-24 15:44:20,628: umgr.0000.scheduling.0.child: umgr.0000.scheduling.0          : MainThread     : DEBUG   : alive check in term
2018-01-24 15:44:20,629: umgr.0000.scheduling.0.child: umgr.0000.scheduling.0          : MainThread     : DEBUG   : START: umgr.0000.scheduling.0.child register publisher log_pubsub
2018-01-24 15:44:20,629: umgr.0000.scheduling.0.child: umgr.0000.scheduling.0          : MainThread     : DEBUG   : using addr tcp://172.29.241.4:36947 for pubsub log_pubsub
2018-01-24 15:44:20,632: umgr.0000.scheduling.0.child: umgr.0000.scheduling.0          : MainThread     : DEBUG   : registered publisher : log_pubsub : log.pubsub.pub.0005
2018-01-24 15:44:20,632: umgr.0000.scheduling.0.child: umgr.0000.scheduling.0          : MainThread     : DEBUG   : alive check in term
2018-01-24 15:44:20,633: umgr.0000.scheduling.0.child: umgr.0000.scheduling.0          : MainThread     : DEBUG   : START: umgr.0000.scheduling.0.child register publisher state_pubsub
2018-01-24 15:44:20,633: umgr.0000.scheduling.0.child: umgr.0000.scheduling.0          : MainThread     : DEBUG   : using addr tcp://172.29.241.4:45139 for pubsub state_pubsub
2018-01-24 15:44:20,635: umgr.0000.scheduling.0.child: umgr.0000.scheduling.0          : MainThread     : DEBUG   : registered publisher : state_pubsub : state.pubsub.pub.0005
2018-01-24 15:44:20,635: umgr.0000.scheduling.0.child: umgr.0000.scheduling.0          : MainThread     : DEBUG   : alive check in term
2018-01-24 15:44:20,635: umgr.0000.scheduling.0.child: umgr.0000.scheduling.0          : MainThread     : DEBUG   : START: umgr.0000.scheduling.0.child register publisher control_pubsub
2018-01-24 15:44:20,635: umgr.0000.scheduling.0.child: umgr.0000.scheduling.0          : MainThread     : DEBUG   : using addr tcp://172.29.241.4:39866 for pubsub control_pubsub
2018-01-24 15:44:20,638: umgr.0000.scheduling.0.child: umgr.0000.scheduling.0          : MainThread     : DEBUG   : registered publisher : control_pubsub : control.pubsub.pub.0005
2018-01-24 15:44:20,638: umgr.0000.scheduling.0.child: umgr.0000.scheduling.0          : MainThread     : DEBUG   : alive check in term
2018-01-24 15:44:20,638: umgr.0000.scheduling.0.child: umgr.0000.scheduling.0          : MainThread     : DEBUG   : START: umgr.0000.scheduling.0.child register subscriber umgr.0000.scheduling.0.child.subscriber._cancel_monitor_cb
2018-01-24 15:44:20,638: umgr.0000.scheduling.0.child: umgr.0000.scheduling.0          : MainThread     : DEBUG   : using addr tcp://172.29.241.4:52007 for pubsub control_pubsub
2018-01-24 15:44:20,641: umgr.0000.scheduling.0.child: umgr.0000.scheduling.0          : MainThread     : DEBUG   : parent name: umgr.0000.scheduling.0.child.subscriber._cancel_monitor_cb
2018-01-24 15:44:20,641: umgr.0000.scheduling.0.child: umgr.0000.scheduling.0          : MainThread     : DEBUG   : start thread
2018-01-24 15:44:20,641: umgr.0000.scheduling.0.child: umgr.0000.scheduling.0          : umgr.0000.scheduling.0.child.subscriber._cancel_monitor_cb: DEBUG   : child name: umgr.0000.scheduling.0.child.subscriber._cancel_monitor_cb.thread
2018-01-24 15:44:20,641: umgr.0000.scheduling.0.child: umgr.0000.scheduling.0          : umgr.0000.scheduling.0.child.subscriber._cancel_monitor_cb: INFO    : child (me) initializing
2018-01-24 15:44:20,641: umgr.0000.scheduling.0.child: umgr.0000.scheduling.0          : umgr.0000.scheduling.0.child.subscriber._cancel_monitor_cb: DEBUG   : ru_initialize_common (NOOP)
2018-01-24 15:44:20,641: umgr.0000.scheduling.0.child: umgr.0000.scheduling.0          : umgr.0000.scheduling.0.child.subscriber._cancel_monitor_cb: DEBUG   : ru_initialize_child (NOOP)
2018-01-24 15:44:20,642: umgr.0000.scheduling.0.child: umgr.0000.scheduling.0          : umgr.0000.scheduling.0.child.subscriber._cancel_monitor_cb: INFO    : send alive
2018-01-24 15:44:20,642: umgr.0000.scheduling.0.child: umgr.0000.scheduling.0          : umgr.0000.scheduling.0.child.subscriber._cancel_monitor_cb: INFO    : put message: [umgr.0000.scheduling.0.child.subscriber._cancel_monitor_cb.thread] alive
2018-01-24 15:44:20,642: umgr.0000.scheduling.0.child: umgr.0000.scheduling.0          : MainThread     : INFO    : get msg: alive
2018-01-24 15:44:20,642: umgr.0000.scheduling.0.child: umgr.0000.scheduling.0          : MainThread     : DEBUG   : ru_initialize_common (NOOP)
2018-01-24 15:44:20,642: umgr.0000.scheduling.0.child: umgr.0000.scheduling.0          : MainThread     : DEBUG   : ru_initialize_parent (NOOP)
2018-01-24 15:44:20,642: umgr.0000.scheduling.0.child: umgr.0000.scheduling.0          : MainThread     : DEBUG   : child thread umgr.0000.scheduling.0.child.subscriber._cancel_monitor_cb started
2018-01-24 15:44:20,642: umgr.0000.scheduling.0.child: umgr.0000.scheduling.0          : MainThread     : DEBUG   : umgr.0000.scheduling.0.child registered control_pubsub subscriber umgr.0000.scheduling.0.child.subscriber._cancel_monitor_cb
2018-01-24 15:44:20,642: umgr.0000.scheduling.0.child: umgr.0000.scheduling.0          : MainThread     : DEBUG   : RoundRobin umgr scheduler configured
2018-01-24 15:44:20,642: umgr.0000.scheduling.0.child: umgr.0000.scheduling.0          : MainThread     : DEBUG   : alive check in term
2018-01-24 15:44:20,643: umgr.0000.scheduling.0.child: umgr.0000.scheduling.0          : MainThread     : DEBUG   : using addr tcp://172.29.241.4:56330 for input umgr_scheduling_queue
2018-01-24 15:44:20,645: umgr.0000.scheduling.0.child: umgr.0000.scheduling.0          : MainThread     : DEBUG   : registered input umgr.0000.scheduling.0.child.work.UMGR_SCHEDULING_PENDING
2018-01-24 15:44:20,645: umgr.0000.scheduling.0.child: umgr.0000.scheduling.0          : MainThread     : DEBUG   : START: umgr.0000.scheduling.0.child register input UMGR_SCHEDULING_PENDING: umgr.0000.scheduling.0.child.work.UMGR_SCHEDULING_PENDING
2018-01-24 15:44:20,645: umgr.0000.scheduling.0.child: umgr.0000.scheduling.0          : MainThread     : DEBUG   : registered worker work [UMGR_SCHEDULING_PENDING]
2018-01-24 15:44:20,645: umgr.0000.scheduling.0.child: umgr.0000.scheduling.0          : MainThread     : DEBUG   : alive check in term
2018-01-24 15:44:20,646: umgr.0000.scheduling.0.child: umgr.0000.scheduling.0          : MainThread     : DEBUG   : START: umgr.0000.scheduling.0.child register output UMGR_STAGING_INPUT_PENDING
2018-01-24 15:44:20,646: umgr.0000.scheduling.0.child: umgr.0000.scheduling.0          : MainThread     : DEBUG   : using addr tcp://172.29.241.4:36267 for output umgr_staging_input_queue
2018-01-24 15:44:20,648: umgr.0000.scheduling.0.child: umgr.0000.scheduling.0          : MainThread     : DEBUG   : registered output    : UMGR_STAGING_INPUT_PENDING : umgr_staging_input_queue : umgr.staging.input.queue.input.0000
2018-01-24 15:44:20,648: umgr.0000.scheduling.0.child: umgr.0000.scheduling.0          : MainThread     : DEBUG   : alive check in term
2018-01-24 15:44:20,648: umgr.0000.scheduling.0.child: umgr.0000.scheduling.0          : MainThread     : DEBUG   : START: umgr.0000.scheduling.0.child register subscriber umgr.0000.scheduling.0.child.subscriber._base_state_cb
2018-01-24 15:44:20,648: umgr.0000.scheduling.0.child: umgr.0000.scheduling.0          : MainThread     : DEBUG   : using addr tcp://172.29.241.4:45722 for pubsub state_pubsub
2018-01-24 15:44:20,650: umgr.0000.scheduling.0.child: umgr.0000.scheduling.0          : MainThread     : DEBUG   : parent name: umgr.0000.scheduling.0.child.subscriber._base_state_cb
2018-01-24 15:44:20,651: umgr.0000.scheduling.0.child: umgr.0000.scheduling.0          : MainThread     : DEBUG   : start thread
2018-01-24 15:44:20,651: umgr.0000.scheduling.0.child: umgr.0000.scheduling.0          : umgr.0000.scheduling.0.child.subscriber._base_state_cb: DEBUG   : child name: umgr.0000.scheduling.0.child.subscriber._base_state_cb.thread
2018-01-24 15:44:20,651: umgr.0000.scheduling.0.child: umgr.0000.scheduling.0          : umgr.0000.scheduling.0.child.subscriber._base_state_cb: INFO    : child (me) initializing
2018-01-24 15:44:20,651: umgr.0000.scheduling.0.child: umgr.0000.scheduling.0          : umgr.0000.scheduling.0.child.subscriber._base_state_cb: DEBUG   : ru_initialize_common (NOOP)
2018-01-24 15:44:20,651: umgr.0000.scheduling.0.child: umgr.0000.scheduling.0          : umgr.0000.scheduling.0.child.subscriber._base_state_cb: DEBUG   : ru_initialize_child (NOOP)
2018-01-24 15:44:20,651: umgr.0000.scheduling.0.child: umgr.0000.scheduling.0          : umgr.0000.scheduling.0.child.subscriber._base_state_cb: INFO    : send alive
2018-01-24 15:44:20,651: umgr.0000.scheduling.0.child: umgr.0000.scheduling.0          : umgr.0000.scheduling.0.child.subscriber._base_state_cb: INFO    : put message: [umgr.0000.scheduling.0.child.subscriber._base_state_cb.thread] alive
2018-01-24 15:44:20,652: umgr.0000.scheduling.0.child: umgr.0000.scheduling.0          : MainThread     : INFO    : get msg: alive
2018-01-24 15:44:20,652: umgr.0000.scheduling.0.child: umgr.0000.scheduling.0          : MainThread     : DEBUG   : ru_initialize_common (NOOP)
2018-01-24 15:44:20,652: umgr.0000.scheduling.0.child: umgr.0000.scheduling.0          : MainThread     : DEBUG   : ru_initialize_parent (NOOP)
2018-01-24 15:44:20,652: umgr.0000.scheduling.0.child: umgr.0000.scheduling.0          : MainThread     : DEBUG   : child thread umgr.0000.scheduling.0.child.subscriber._base_state_cb started
2018-01-24 15:44:20,652: umgr.0000.scheduling.0.child: umgr.0000.scheduling.0          : MainThread     : DEBUG   : umgr.0000.scheduling.0.child registered state_pubsub subscriber umgr.0000.scheduling.0.child.subscriber._base_state_cb
2018-01-24 15:44:20,653: umgr.0000.scheduling.0.child: umgr.0000.scheduling.0          : MainThread     : DEBUG   : alive check in term
2018-01-24 15:44:20,653: umgr.0000.scheduling.0.child: umgr.0000.scheduling.0          : MainThread     : DEBUG   : START: umgr.0000.scheduling.0.child register subscriber umgr.0000.scheduling.0.child.subscriber._base_command_cb
2018-01-24 15:44:20,653: umgr.0000.scheduling.0.child: umgr.0000.scheduling.0          : MainThread     : DEBUG   : using addr tcp://172.29.241.4:52007 for pubsub control_pubsub
2018-01-24 15:44:20,655: umgr.0000.scheduling.0.child: umgr.0000.scheduling.0          : MainThread     : DEBUG   : parent name: umgr.0000.scheduling.0.child.subscriber._base_command_cb
2018-01-24 15:44:20,655: umgr.0000.scheduling.0.child: umgr.0000.scheduling.0          : MainThread     : DEBUG   : start thread
2018-01-24 15:44:20,655: umgr.0000.scheduling.0.child: umgr.0000.scheduling.0          : umgr.0000.scheduling.0.child.subscriber._base_command_cb: DEBUG   : child name: umgr.0000.scheduling.0.child.subscriber._base_command_cb.thread
2018-01-24 15:44:20,655: umgr.0000.scheduling.0.child: umgr.0000.scheduling.0          : umgr.0000.scheduling.0.child.subscriber._base_command_cb: INFO    : child (me) initializing
2018-01-24 15:44:20,656: umgr.0000.scheduling.0.child: umgr.0000.scheduling.0          : umgr.0000.scheduling.0.child.subscriber._base_command_cb: DEBUG   : ru_initialize_common (NOOP)
2018-01-24 15:44:20,656: umgr.0000.scheduling.0.child: umgr.0000.scheduling.0          : umgr.0000.scheduling.0.child.subscriber._base_command_cb: DEBUG   : ru_initialize_child (NOOP)
2018-01-24 15:44:20,656: umgr.0000.scheduling.0.child: umgr.0000.scheduling.0          : umgr.0000.scheduling.0.child.subscriber._base_command_cb: INFO    : send alive
2018-01-24 15:44:20,656: umgr.0000.scheduling.0.child: umgr.0000.scheduling.0          : umgr.0000.scheduling.0.child.subscriber._base_command_cb: INFO    : put message: [umgr.0000.scheduling.0.child.subscriber._base_command_cb.thread] alive
2018-01-24 15:44:20,657: umgr.0000.scheduling.0.child: umgr.0000.scheduling.0          : MainThread     : INFO    : get msg: alive
2018-01-24 15:44:20,657: umgr.0000.scheduling.0.child: umgr.0000.scheduling.0          : MainThread     : DEBUG   : ru_initialize_common (NOOP)
2018-01-24 15:44:20,657: umgr.0000.scheduling.0.child: umgr.0000.scheduling.0          : MainThread     : DEBUG   : ru_initialize_parent (NOOP)
2018-01-24 15:44:20,657: umgr.0000.scheduling.0.child: umgr.0000.scheduling.0          : MainThread     : DEBUG   : child thread umgr.0000.scheduling.0.child.subscriber._base_command_cb started
2018-01-24 15:44:20,657: umgr.0000.scheduling.0.child: umgr.0000.scheduling.0          : MainThread     : DEBUG   : umgr.0000.scheduling.0.child registered control_pubsub subscriber umgr.0000.scheduling.0.child.subscriber._base_command_cb
2018-01-24 15:44:20,657: umgr.0000.scheduling.0.child: umgr.0000.scheduling.0          : MainThread     : INFO    : child (me) initializing
2018-01-24 15:44:20,657: umgr.0000.scheduling.0.child: umgr.0000.scheduling.0          : MainThread     : DEBUG   : parent name: umgr.0000.scheduling.0.child.watch
2018-01-24 15:44:20,658: umgr.0000.scheduling.0.child: umgr.0000.scheduling.0          : MainThread     : DEBUG   : start thread
2018-01-24 15:44:20,658: umgr.0000.scheduling.0.child: umgr.0000.scheduling.0          : umgr.0000.scheduling.0.child.watch: DEBUG   : child name: umgr.0000.scheduling.0.child.watch.thread
2018-01-24 15:44:20,658: umgr.0000.scheduling.0.child: umgr.0000.scheduling.0          : umgr.0000.scheduling.0.child.watch: INFO    : child (me) initializing
2018-01-24 15:44:20,658: umgr.0000.scheduling.0.child: umgr.0000.scheduling.0          : umgr.0000.scheduling.0.child.watch: DEBUG   : ru_initialize_common (NOOP)
2018-01-24 15:44:20,658: umgr.0000.scheduling.0.child: umgr.0000.scheduling.0          : umgr.0000.scheduling.0.child.watch: DEBUG   : ru_initialize_child (NOOP)
2018-01-24 15:44:20,658: umgr.0000.scheduling.0.child: umgr.0000.scheduling.0          : umgr.0000.scheduling.0.child.watch: INFO    : send alive
2018-01-24 15:44:20,658: umgr.0000.scheduling.0.child: umgr.0000.scheduling.0          : umgr.0000.scheduling.0.child.watch: INFO    : put message: [umgr.0000.scheduling.0.child.watch.thread] alive
2018-01-24 15:44:20,659: umgr.0000.scheduling.0.child: umgr.0000.scheduling.0          : MainThread     : INFO    : get msg: alive
2018-01-24 15:44:20,659: umgr.0000.scheduling.0.child: umgr.0000.scheduling.0          : MainThread     : DEBUG   : ru_initialize_common (NOOP)
2018-01-24 15:44:20,659: umgr.0000.scheduling.0.child: umgr.0000.scheduling.0          : MainThread     : DEBUG   : ru_initialize_parent (NOOP)
2018-01-24 15:44:20,660: umgr.0000.scheduling.0.child: umgr.0000.scheduling.0          : MainThread     : DEBUG   : child thread umgr.0000.scheduling.0.child.watch started
2018-01-24 15:44:20,660: umgr.0000.scheduling.0.child: umgr.0000.scheduling.0          : MainThread     : INFO    : child (me) is alive
2018-01-24 15:44:20,660: umgr.0000.scheduling.0.child: umgr.0000.scheduling.0          : MainThread     : INFO    : send alive
2018-01-24 15:44:20,660: umgr.0000.scheduling.0.child: umgr.0000.scheduling.0          : MainThread     : INFO    : send message: [umgr.0000.scheduling.0.child] alive
2018-01-24 15:44:20,960: umgr.0000.scheduling.0.child: umgr.0000.scheduling.0          : umgr.0000.scheduling.0.child.subscriber._base_command_cb: INFO    : scheduler command: add_pilots: {'pilots': [{'resource_sandbox': 'gsisftp://supermic.cct-lsu.xsede.org:2222/work/vivek91/radical.pilot.sandbox', 'resource_details': {'lm_detail': None, 'lm_info': None}, 'resource': 'xsede.supermic', 'uid': 'pilot.0000', 'pmgr': 'pmgr.0000', 'stdout': None, 'js_url': 'torque+gsissh://supermic.cct-lsu.xsede.org:2222/', 'state': 'PMGR_ACTIVE', 'session': 'rp.session.js-169-212.jetstream-cloud.org.vivek91.017555.0100', 'log': None, 'stderr': None, 'js_hop': 'torque+gsissh://supermic.cct-lsu.xsede.org:2222/', 'client_sandbox': '/home/vivek91/repos/adaptive-bms-experiments/task-count-adap/bin', 'type': 'pilot', 'pilot_sandbox': 'gsisftp://supermic.cct-lsu.xsede.org:2222/work/vivek91/radical.pilot.sandbox/rp.session.js-169-212.jetstream-cloud.org.vivek91.017555.0100/pilot.0000/', 'description': {'queue': None, 'resource': 'xsede.supermic', 'exit_on_error': False, 'candidate_hosts': None, 'project': 'TG-MCB090174', 'sandbox': None, 'cleanup': None, 'access_schema': 'gsissh', 'memory': None, 'cores': 21, 'runtime': 40}}], 'umgr': 'umgr.0000'}
2018-01-24 15:44:20,961: umgr.0000.scheduling.0.child: umgr.0000.scheduling.0          : umgr.0000.scheduling.0.child.subscriber._base_command_cb: DEBUG   : added pilot: {'info': {}, 'state': None, 'role': 'added', 'pilot': {'resource_sandbox': 'gsisftp://supermic.cct-lsu.xsede.org:2222/work/vivek91/radical.pilot.sandbox', 'resource_details': {'lm_detail': None, 'lm_info': None}, 'resource': 'xsede.supermic', 'uid': 'pilot.0000', 'pmgr': 'pmgr.0000', 'stdout': None, 'js_url': 'torque+gsissh://supermic.cct-lsu.xsede.org:2222/', 'state': 'PMGR_ACTIVE', 'session': 'rp.session.js-169-212.jetstream-cloud.org.vivek91.017555.0100', 'log': None, 'stderr': None, 'js_hop': 'torque+gsissh://supermic.cct-lsu.xsede.org:2222/', 'client_sandbox': '/home/vivek91/repos/adaptive-bms-experiments/task-count-adap/bin', 'type': 'pilot', 'pilot_sandbox': 'gsisftp://supermic.cct-lsu.xsede.org:2222/work/vivek91/radical.pilot.sandbox/rp.session.js-169-212.jetstream-cloud.org.vivek91.017555.0100/pilot.0000/', 'description': {'queue': None, 'resource': 'xsede.supermic', 'exit_on_error': False, 'candidate_hosts': None, 'project': 'TG-MCB090174', 'sandbox': None, 'cleanup': None, 'access_schema': 'gsissh', 'memory': None, 'cores': 21, 'runtime': 40}}}
2018-01-24 15:44:20,961: umgr.0000.scheduling.0.child: umgr.0000.scheduling.0          : umgr.0000.scheduling.0.child.subscriber._base_command_cb: DEBUG   : update pilot states for ['pilot.0000']
2018-01-24 15:44:20,961: umgr.0000.scheduling.0.child: umgr.0000.scheduling.0          : umgr.0000.scheduling.0.child.subscriber._base_command_cb: DEBUG   : update pilot state: None -> ['NEW', 'PMGR_LAUNCHING_PENDING', 'PMGR_LAUNCHING', 'PMGR_ACTIVE_PENDING', 'PMGR_ACTIVE']
2018-01-24 15:44:20,962: umgr.0000.scheduling.0.child: umgr.0000.scheduling.0          : umgr.0000.scheduling.0.child.subscriber._cancel_monitor_cb: DEBUG   : command ignored: add_pilots
2018-01-24 15:44:21,000: umgr.0000.scheduling.0.child: umgr.0000.scheduling.0          : umgr.0000.scheduling.0.child.subscriber._base_state_cb: INFO    : scheduler state_cb: update
2018-01-24 15:44:21,000: umgr.0000.scheduling.0.child: umgr.0000.scheduling.0          : umgr.0000.scheduling.0.child.subscriber._base_state_cb: DEBUG   : update pilots []
2018-01-24 15:44:21,000: umgr.0000.scheduling.0.child: umgr.0000.scheduling.0          : umgr.0000.scheduling.0.child.subscriber._base_state_cb: DEBUG   : update units  ['unit.000000']
2018-01-24 15:44:21,001: umgr.0000.scheduling.0.child: umgr.0000.scheduling.0          : umgr.0000.scheduling.0.child.subscriber._base_state_cb: DEBUG   : update pilot states for []
2018-01-24 15:44:21,001: umgr.0000.scheduling.0.child: umgr.0000.scheduling.0          : MainThread     : DEBUG   : got unit (unit.000000)
2018-01-24 15:44:21,001: umgr.0000.scheduling.0.child: umgr.0000.scheduling.0          : MainThread     : DEBUG   : advance bulk size: 1 [False, True]
2018-01-24 15:44:21,001: umgr.0000.scheduling.0.child: umgr.0000.scheduling.0          : MainThread     : DEBUG   : advance bulk size: 0 [False, True]
2018-01-24 15:44:21,002: umgr.0000.scheduling.0.child: umgr.0000.scheduling.0          : MainThread     : DEBUG   : advance bulk size: 1 [True, True]
2018-01-24 15:44:21,002: umgr.0000.scheduling.0.child: umgr.0000.scheduling.0          : MainThread     : DEBUG   : put bulk UMGR_STAGING_INPUT_PENDING: 1
2018-01-24 15:44:21,002: umgr.0000.scheduling.0.child: umgr.0000.scheduling.0          : umgr.0000.scheduling.0.child.subscriber._base_state_cb: INFO    : scheduler state_cb: update
2018-01-24 15:44:21,002: umgr.0000.scheduling.0.child: umgr.0000.scheduling.0          : umgr.0000.scheduling.0.child.subscriber._base_state_cb: DEBUG   : update pilots []
2018-01-24 15:44:21,002: umgr.0000.scheduling.0.child: umgr.0000.scheduling.0          : umgr.0000.scheduling.0.child.subscriber._base_state_cb: DEBUG   : update units  ['unit.000000']
2018-01-24 15:44:21,002: umgr.0000.scheduling.0.child: umgr.0000.scheduling.0          : umgr.0000.scheduling.0.child.subscriber._base_state_cb: DEBUG   : update pilot states for []
2018-01-24 15:44:21,002: umgr.0000.scheduling.0.child: umgr.0000.scheduling.0          : umgr.0000.scheduling.0.child.subscriber._base_state_cb: INFO    : scheduler state_cb: update
2018-01-24 15:44:21,002: umgr.0000.scheduling.0.child: umgr.0000.scheduling.0          : umgr.0000.scheduling.0.child.subscriber._base_state_cb: DEBUG   : update pilots []
2018-01-24 15:44:21,003: umgr.0000.scheduling.0.child: umgr.0000.scheduling.0          : umgr.0000.scheduling.0.child.subscriber._base_state_cb: DEBUG   : update units  []
2018-01-24 15:44:21,003: umgr.0000.scheduling.0.child: umgr.0000.scheduling.0          : umgr.0000.scheduling.0.child.subscriber._base_state_cb: DEBUG   : update pilot states for []
2018-01-24 15:44:21,003: umgr.0000.scheduling.0.child: umgr.0000.scheduling.0          : umgr.0000.scheduling.0.child.subscriber._base_state_cb: INFO    : scheduler state_cb: update
2018-01-24 15:44:21,003: umgr.0000.scheduling.0.child: umgr.0000.scheduling.0          : umgr.0000.scheduling.0.child.subscriber._base_state_cb: DEBUG   : update pilots []
2018-01-24 15:44:21,003: umgr.0000.scheduling.0.child: umgr.0000.scheduling.0          : umgr.0000.scheduling.0.child.subscriber._base_state_cb: DEBUG   : update units  ['unit.000000']
2018-01-24 15:44:21,003: umgr.0000.scheduling.0.child: umgr.0000.scheduling.0          : umgr.0000.scheduling.0.child.subscriber._base_state_cb: DEBUG   : update pilot states for []
2018-01-24 15:44:21,003: umgr.0000.scheduling.0.child: umgr.0000.scheduling.0          : umgr.0000.scheduling.0.child.subscriber._base_state_cb: INFO    : scheduler state_cb: update
2018-01-24 15:44:21,003: umgr.0000.scheduling.0.child: umgr.0000.scheduling.0          : umgr.0000.scheduling.0.child.subscriber._base_state_cb: DEBUG   : update pilots []
2018-01-24 15:44:21,003: umgr.0000.scheduling.0.child: umgr.0000.scheduling.0          : umgr.0000.scheduling.0.child.subscriber._base_state_cb: DEBUG   : update units  ['unit.000000']
2018-01-24 15:44:21,003: umgr.0000.scheduling.0.child: umgr.0000.scheduling.0          : umgr.0000.scheduling.0.child.subscriber._base_state_cb: DEBUG   : update pilot states for []
2018-01-24 15:44:21,004: umgr.0000.scheduling.0.child: umgr.0000.scheduling.0          : umgr.0000.scheduling.0.child.subscriber._base_state_cb: INFO    : scheduler state_cb: update
2018-01-24 15:44:21,004: umgr.0000.scheduling.0.child: umgr.0000.scheduling.0          : umgr.0000.scheduling.0.child.subscriber._base_state_cb: DEBUG   : update pilots []
2018-01-24 15:44:21,004: umgr.0000.scheduling.0.child: umgr.0000.scheduling.0          : umgr.0000.scheduling.0.child.subscriber._base_state_cb: DEBUG   : update units  ['unit.000000']
2018-01-24 15:44:21,004: umgr.0000.scheduling.0.child: umgr.0000.scheduling.0          : umgr.0000.scheduling.0.child.subscriber._base_state_cb: DEBUG   : update pilot states for []
2018-01-24 15:48:24,915: umgr.0000.scheduling.0.child: umgr.0000.scheduling.0          : umgr.0000.scheduling.0.child.subscriber._base_state_cb: INFO    : scheduler state_cb: update
2018-01-24 15:48:24,915: umgr.0000.scheduling.0.child: umgr.0000.scheduling.0          : umgr.0000.scheduling.0.child.subscriber._base_state_cb: DEBUG   : update pilots []
2018-01-24 15:48:24,915: umgr.0000.scheduling.0.child: umgr.0000.scheduling.0          : umgr.0000.scheduling.0.child.subscriber._base_state_cb: DEBUG   : update units  ['unit.000000']
2018-01-24 15:48:24,915: umgr.0000.scheduling.0.child: umgr.0000.scheduling.0          : umgr.0000.scheduling.0.child.subscriber._base_state_cb: DEBUG   : update pilot states for []
2018-01-24 15:48:24,916: umgr.0000.scheduling.0.child: umgr.0000.scheduling.0          : umgr.0000.scheduling.0.child.subscriber._base_state_cb: INFO    : scheduler state_cb: update
2018-01-24 15:48:24,917: umgr.0000.scheduling.0.child: umgr.0000.scheduling.0          : umgr.0000.scheduling.0.child.subscriber._base_state_cb: DEBUG   : update pilots []
2018-01-24 15:48:24,917: umgr.0000.scheduling.0.child: umgr.0000.scheduling.0          : umgr.0000.scheduling.0.child.subscriber._base_state_cb: DEBUG   : update units  ['unit.000000']
2018-01-24 15:48:24,917: umgr.0000.scheduling.0.child: umgr.0000.scheduling.0          : umgr.0000.scheduling.0.child.subscriber._base_state_cb: DEBUG   : update pilot states for []
2018-01-24 15:48:24,917: umgr.0000.scheduling.0.child: umgr.0000.scheduling.0          : umgr.0000.scheduling.0.child.subscriber._base_state_cb: INFO    : scheduler state_cb: update
2018-01-24 15:48:24,917: umgr.0000.scheduling.0.child: umgr.0000.scheduling.0          : umgr.0000.scheduling.0.child.subscriber._base_state_cb: DEBUG   : update pilots []
2018-01-24 15:48:24,917: umgr.0000.scheduling.0.child: umgr.0000.scheduling.0          : umgr.0000.scheduling.0.child.subscriber._base_state_cb: DEBUG   : update units  ['unit.000000']
2018-01-24 15:48:24,917: umgr.0000.scheduling.0.child: umgr.0000.scheduling.0          : umgr.0000.scheduling.0.child.subscriber._base_state_cb: DEBUG   : update pilot states for []
2018-01-24 15:48:25,015: umgr.0000.scheduling.0.child: umgr.0000.scheduling.0          : umgr.0000.scheduling.0.child.subscriber._base_state_cb: INFO    : scheduler state_cb: update
2018-01-24 15:48:25,015: umgr.0000.scheduling.0.child: umgr.0000.scheduling.0          : MainThread     : DEBUG   : got unit (unit.000001)
2018-01-24 15:48:25,016: umgr.0000.scheduling.0.child: umgr.0000.scheduling.0          : umgr.0000.scheduling.0.child.subscriber._base_state_cb: DEBUG   : update pilots []
2018-01-24 15:48:25,016: umgr.0000.scheduling.0.child: umgr.0000.scheduling.0          : umgr.0000.scheduling.0.child.subscriber._base_state_cb: DEBUG   : update units  ['unit.000001']
2018-01-24 15:48:25,016: umgr.0000.scheduling.0.child: umgr.0000.scheduling.0          : umgr.0000.scheduling.0.child.subscriber._base_state_cb: DEBUG   : update pilot states for []
2018-01-24 15:48:25,016: umgr.0000.scheduling.0.child: umgr.0000.scheduling.0          : MainThread     : DEBUG   : advance bulk size: 1 [False, True]
2018-01-24 15:48:25,017: umgr.0000.scheduling.0.child: umgr.0000.scheduling.0          : MainThread     : DEBUG   : advance bulk size: 0 [False, True]
2018-01-24 15:48:25,017: umgr.0000.scheduling.0.child: umgr.0000.scheduling.0          : MainThread     : DEBUG   : advance bulk size: 1 [True, True]
2018-01-24 15:48:25,017: umgr.0000.scheduling.0.child: umgr.0000.scheduling.0          : MainThread     : DEBUG   : put bulk UMGR_STAGING_INPUT_PENDING: 1
2018-01-24 15:48:25,018: umgr.0000.scheduling.0.child: umgr.0000.scheduling.0          : umgr.0000.scheduling.0.child.subscriber._base_state_cb: INFO    : scheduler state_cb: update
2018-01-24 15:48:25,019: umgr.0000.scheduling.0.child: umgr.0000.scheduling.0          : umgr.0000.scheduling.0.child.subscriber._base_state_cb: DEBUG   : update pilots []
2018-01-24 15:48:25,019: umgr.0000.scheduling.0.child: umgr.0000.scheduling.0          : umgr.0000.scheduling.0.child.subscriber._base_state_cb: DEBUG   : update units  ['unit.000001']
2018-01-24 15:48:25,019: umgr.0000.scheduling.0.child: umgr.0000.scheduling.0          : umgr.0000.scheduling.0.child.subscriber._base_state_cb: DEBUG   : update pilot states for []
2018-01-24 15:48:25,019: umgr.0000.scheduling.0.child: umgr.0000.scheduling.0          : umgr.0000.scheduling.0.child.subscriber._base_state_cb: INFO    : scheduler state_cb: update
2018-01-24 15:48:25,019: umgr.0000.scheduling.0.child: umgr.0000.scheduling.0          : umgr.0000.scheduling.0.child.subscriber._base_state_cb: DEBUG   : update pilots []
2018-01-24 15:48:25,019: umgr.0000.scheduling.0.child: umgr.0000.scheduling.0          : umgr.0000.scheduling.0.child.subscriber._base_state_cb: DEBUG   : update units  []
2018-01-24 15:48:25,019: umgr.0000.scheduling.0.child: umgr.0000.scheduling.0          : umgr.0000.scheduling.0.child.subscriber._base_state_cb: DEBUG   : update pilot states for []
2018-01-24 15:48:25,020: umgr.0000.scheduling.0.child: umgr.0000.scheduling.0          : umgr.0000.scheduling.0.child.subscriber._base_state_cb: INFO    : scheduler state_cb: update
2018-01-24 15:48:25,020: umgr.0000.scheduling.0.child: umgr.0000.scheduling.0          : umgr.0000.scheduling.0.child.subscriber._base_state_cb: DEBUG   : update pilots []
2018-01-24 15:48:25,020: umgr.0000.scheduling.0.child: umgr.0000.scheduling.0          : umgr.0000.scheduling.0.child.subscriber._base_state_cb: DEBUG   : update units  ['unit.000001']
2018-01-24 15:48:25,020: umgr.0000.scheduling.0.child: umgr.0000.scheduling.0          : umgr.0000.scheduling.0.child.subscriber._base_state_cb: DEBUG   : update pilot states for []
2018-01-24 15:48:25,020: umgr.0000.scheduling.0.child: umgr.0000.scheduling.0          : umgr.0000.scheduling.0.child.subscriber._base_state_cb: INFO    : scheduler state_cb: update
2018-01-24 15:48:25,020: umgr.0000.scheduling.0.child: umgr.0000.scheduling.0          : umgr.0000.scheduling.0.child.subscriber._base_state_cb: DEBUG   : update pilots []
2018-01-24 15:48:25,020: umgr.0000.scheduling.0.child: umgr.0000.scheduling.0          : umgr.0000.scheduling.0.child.subscriber._base_state_cb: DEBUG   : update units  ['unit.000001']
2018-01-24 15:48:25,020: umgr.0000.scheduling.0.child: umgr.0000.scheduling.0          : umgr.0000.scheduling.0.child.subscriber._base_state_cb: DEBUG   : update pilot states for []
2018-01-24 15:48:25,020: umgr.0000.scheduling.0.child: umgr.0000.scheduling.0          : umgr.0000.scheduling.0.child.subscriber._base_state_cb: INFO    : scheduler state_cb: update
2018-01-24 15:48:25,021: umgr.0000.scheduling.0.child: umgr.0000.scheduling.0          : umgr.0000.scheduling.0.child.subscriber._base_state_cb: DEBUG   : update pilots []
2018-01-24 15:48:25,021: umgr.0000.scheduling.0.child: umgr.0000.scheduling.0          : umgr.0000.scheduling.0.child.subscriber._base_state_cb: DEBUG   : update units  ['unit.000001']
2018-01-24 15:48:25,021: umgr.0000.scheduling.0.child: umgr.0000.scheduling.0          : umgr.0000.scheduling.0.child.subscriber._base_state_cb: DEBUG   : update pilot states for []
2018-01-24 15:52:30,530: umgr.0000.scheduling.0.child: umgr.0000.scheduling.0          : umgr.0000.scheduling.0.child.subscriber._base_state_cb: INFO    : scheduler state_cb: update
2018-01-24 15:52:30,530: umgr.0000.scheduling.0.child: umgr.0000.scheduling.0          : umgr.0000.scheduling.0.child.subscriber._base_state_cb: DEBUG   : update pilots []
2018-01-24 15:52:30,530: umgr.0000.scheduling.0.child: umgr.0000.scheduling.0          : umgr.0000.scheduling.0.child.subscriber._base_state_cb: DEBUG   : update units  ['unit.000001']
2018-01-24 15:52:30,530: umgr.0000.scheduling.0.child: umgr.0000.scheduling.0          : umgr.0000.scheduling.0.child.subscriber._base_state_cb: DEBUG   : update pilot states for []
2018-01-24 15:52:30,531: umgr.0000.scheduling.0.child: umgr.0000.scheduling.0          : umgr.0000.scheduling.0.child.subscriber._base_state_cb: INFO    : scheduler state_cb: update
2018-01-24 15:52:30,531: umgr.0000.scheduling.0.child: umgr.0000.scheduling.0          : umgr.0000.scheduling.0.child.subscriber._base_state_cb: DEBUG   : update pilots []
2018-01-24 15:52:30,531: umgr.0000.scheduling.0.child: umgr.0000.scheduling.0          : umgr.0000.scheduling.0.child.subscriber._base_state_cb: DEBUG   : update units  ['unit.000001']
2018-01-24 15:52:30,531: umgr.0000.scheduling.0.child: umgr.0000.scheduling.0          : umgr.0000.scheduling.0.child.subscriber._base_state_cb: DEBUG   : update pilot states for []
2018-01-24 15:52:30,532: umgr.0000.scheduling.0.child: umgr.0000.scheduling.0          : umgr.0000.scheduling.0.child.subscriber._base_state_cb: INFO    : scheduler state_cb: update
2018-01-24 15:52:30,532: umgr.0000.scheduling.0.child: umgr.0000.scheduling.0          : umgr.0000.scheduling.0.child.subscriber._base_state_cb: DEBUG   : update pilots []
2018-01-24 15:52:30,532: umgr.0000.scheduling.0.child: umgr.0000.scheduling.0          : umgr.0000.scheduling.0.child.subscriber._base_state_cb: DEBUG   : update units  ['unit.000001']
2018-01-24 15:52:30,532: umgr.0000.scheduling.0.child: umgr.0000.scheduling.0          : umgr.0000.scheduling.0.child.subscriber._base_state_cb: DEBUG   : update pilot states for []
2018-01-24 15:52:30,613: umgr.0000.scheduling.0.child: umgr.0000.scheduling.0          : MainThread     : DEBUG   : got unit (unit.000002)
2018-01-24 15:52:30,613: umgr.0000.scheduling.0.child: umgr.0000.scheduling.0          : umgr.0000.scheduling.0.child.subscriber._base_state_cb: INFO    : scheduler state_cb: update
2018-01-24 15:52:30,614: umgr.0000.scheduling.0.child: umgr.0000.scheduling.0          : umgr.0000.scheduling.0.child.subscriber._base_state_cb: DEBUG   : update pilots []
2018-01-24 15:52:30,614: umgr.0000.scheduling.0.child: umgr.0000.scheduling.0          : umgr.0000.scheduling.0.child.subscriber._base_state_cb: DEBUG   : update units  ['unit.000002']
2018-01-24 15:52:30,614: umgr.0000.scheduling.0.child: umgr.0000.scheduling.0          : umgr.0000.scheduling.0.child.subscriber._base_state_cb: DEBUG   : update pilot states for []
2018-01-24 15:52:30,614: umgr.0000.scheduling.0.child: umgr.0000.scheduling.0          : MainThread     : DEBUG   : advance bulk size: 1 [False, True]
2018-01-24 15:52:30,614: umgr.0000.scheduling.0.child: umgr.0000.scheduling.0          : MainThread     : DEBUG   : advance bulk size: 0 [False, True]
2018-01-24 15:52:30,614: umgr.0000.scheduling.0.child: umgr.0000.scheduling.0          : MainThread     : DEBUG   : advance bulk size: 1 [True, True]
2018-01-24 15:52:30,614: umgr.0000.scheduling.0.child: umgr.0000.scheduling.0          : MainThread     : DEBUG   : put bulk UMGR_STAGING_INPUT_PENDING: 1
2018-01-24 15:52:30,615: umgr.0000.scheduling.0.child: umgr.0000.scheduling.0          : umgr.0000.scheduling.0.child.subscriber._base_state_cb: INFO    : scheduler state_cb: update
2018-01-24 15:52:30,615: umgr.0000.scheduling.0.child: umgr.0000.scheduling.0          : umgr.0000.scheduling.0.child.subscriber._base_state_cb: DEBUG   : update pilots []
2018-01-24 15:52:30,615: umgr.0000.scheduling.0.child: umgr.0000.scheduling.0          : umgr.0000.scheduling.0.child.subscriber._base_state_cb: DEBUG   : update units  ['unit.000002']
2018-01-24 15:52:30,615: umgr.0000.scheduling.0.child: umgr.0000.scheduling.0          : umgr.0000.scheduling.0.child.subscriber._base_state_cb: DEBUG   : update pilot states for []
2018-01-24 15:52:30,615: umgr.0000.scheduling.0.child: umgr.0000.scheduling.0          : umgr.0000.scheduling.0.child.subscriber._base_state_cb: INFO    : scheduler state_cb: update
2018-01-24 15:52:30,615: umgr.0000.scheduling.0.child: umgr.0000.scheduling.0          : umgr.0000.scheduling.0.child.subscriber._base_state_cb: DEBUG   : update pilots []
2018-01-24 15:52:30,615: umgr.0000.scheduling.0.child: umgr.0000.scheduling.0          : umgr.0000.scheduling.0.child.subscriber._base_state_cb: DEBUG   : update units  []
2018-01-24 15:52:30,615: umgr.0000.scheduling.0.child: umgr.0000.scheduling.0          : umgr.0000.scheduling.0.child.subscriber._base_state_cb: DEBUG   : update pilot states for []
2018-01-24 15:52:30,615: umgr.0000.scheduling.0.child: umgr.0000.scheduling.0          : umgr.0000.scheduling.0.child.subscriber._base_state_cb: INFO    : scheduler state_cb: update
2018-01-24 15:52:30,615: umgr.0000.scheduling.0.child: umgr.0000.scheduling.0          : umgr.0000.scheduling.0.child.subscriber._base_state_cb: DEBUG   : update pilots []
2018-01-24 15:52:30,615: umgr.0000.scheduling.0.child: umgr.0000.scheduling.0          : umgr.0000.scheduling.0.child.subscriber._base_state_cb: DEBUG   : update units  ['unit.000002']
2018-01-24 15:52:30,615: umgr.0000.scheduling.0.child: umgr.0000.scheduling.0          : umgr.0000.scheduling.0.child.subscriber._base_state_cb: DEBUG   : update pilot states for []
2018-01-24 15:52:30,616: umgr.0000.scheduling.0.child: umgr.0000.scheduling.0          : umgr.0000.scheduling.0.child.subscriber._base_state_cb: INFO    : scheduler state_cb: update
2018-01-24 15:52:30,616: umgr.0000.scheduling.0.child: umgr.0000.scheduling.0          : umgr.0000.scheduling.0.child.subscriber._base_state_cb: DEBUG   : update pilots []
2018-01-24 15:52:30,616: umgr.0000.scheduling.0.child: umgr.0000.scheduling.0          : umgr.0000.scheduling.0.child.subscriber._base_state_cb: DEBUG   : update units  ['unit.000002']
2018-01-24 15:52:30,616: umgr.0000.scheduling.0.child: umgr.0000.scheduling.0          : umgr.0000.scheduling.0.child.subscriber._base_state_cb: DEBUG   : update pilot states for []
2018-01-24 15:52:30,618: umgr.0000.scheduling.0.child: umgr.0000.scheduling.0          : umgr.0000.scheduling.0.child.subscriber._base_state_cb: INFO    : scheduler state_cb: update
2018-01-24 15:52:30,618: umgr.0000.scheduling.0.child: umgr.0000.scheduling.0          : umgr.0000.scheduling.0.child.subscriber._base_state_cb: DEBUG   : update pilots []
2018-01-24 15:52:30,618: umgr.0000.scheduling.0.child: umgr.0000.scheduling.0          : umgr.0000.scheduling.0.child.subscriber._base_state_cb: DEBUG   : update units  ['unit.000002']
2018-01-24 15:52:30,618: umgr.0000.scheduling.0.child: umgr.0000.scheduling.0          : umgr.0000.scheduling.0.child.subscriber._base_state_cb: DEBUG   : update pilot states for []
2018-01-24 15:56:36,185: umgr.0000.scheduling.0.child: umgr.0000.scheduling.0          : umgr.0000.scheduling.0.child.subscriber._base_state_cb: INFO    : scheduler state_cb: update
2018-01-24 15:56:36,185: umgr.0000.scheduling.0.child: umgr.0000.scheduling.0          : umgr.0000.scheduling.0.child.subscriber._base_state_cb: DEBUG   : update pilots []
2018-01-24 15:56:36,185: umgr.0000.scheduling.0.child: umgr.0000.scheduling.0          : umgr.0000.scheduling.0.child.subscriber._base_state_cb: DEBUG   : update units  ['unit.000002']
2018-01-24 15:56:36,185: umgr.0000.scheduling.0.child: umgr.0000.scheduling.0          : umgr.0000.scheduling.0.child.subscriber._base_state_cb: DEBUG   : update pilot states for []
2018-01-24 15:56:36,186: umgr.0000.scheduling.0.child: umgr.0000.scheduling.0          : umgr.0000.scheduling.0.child.subscriber._base_state_cb: INFO    : scheduler state_cb: update
2018-01-24 15:56:36,186: umgr.0000.scheduling.0.child: umgr.0000.scheduling.0          : umgr.0000.scheduling.0.child.subscriber._base_state_cb: DEBUG   : update pilots []
2018-01-24 15:56:36,186: umgr.0000.scheduling.0.child: umgr.0000.scheduling.0          : umgr.0000.scheduling.0.child.subscriber._base_state_cb: DEBUG   : update units  ['unit.000002']
2018-01-24 15:56:36,186: umgr.0000.scheduling.0.child: umgr.0000.scheduling.0          : umgr.0000.scheduling.0.child.subscriber._base_state_cb: DEBUG   : update pilot states for []
2018-01-24 15:56:36,186: umgr.0000.scheduling.0.child: umgr.0000.scheduling.0          : umgr.0000.scheduling.0.child.subscriber._base_state_cb: INFO    : scheduler state_cb: update
2018-01-24 15:56:36,186: umgr.0000.scheduling.0.child: umgr.0000.scheduling.0          : umgr.0000.scheduling.0.child.subscriber._base_state_cb: DEBUG   : update pilots []
2018-01-24 15:56:36,186: umgr.0000.scheduling.0.child: umgr.0000.scheduling.0          : umgr.0000.scheduling.0.child.subscriber._base_state_cb: DEBUG   : update units  ['unit.000002']
2018-01-24 15:56:36,186: umgr.0000.scheduling.0.child: umgr.0000.scheduling.0          : umgr.0000.scheduling.0.child.subscriber._base_state_cb: DEBUG   : update pilot states for []
2018-01-24 15:56:36,277: umgr.0000.scheduling.0.child: umgr.0000.scheduling.0          : umgr.0000.scheduling.0.child.subscriber._base_state_cb: INFO    : scheduler state_cb: update
2018-01-24 15:56:36,277: umgr.0000.scheduling.0.child: umgr.0000.scheduling.0          : umgr.0000.scheduling.0.child.subscriber._base_state_cb: DEBUG   : update pilots []
2018-01-24 15:56:36,277: umgr.0000.scheduling.0.child: umgr.0000.scheduling.0          : umgr.0000.scheduling.0.child.subscriber._base_state_cb: DEBUG   : update units  ['unit.000003']
2018-01-24 15:56:36,278: umgr.0000.scheduling.0.child: umgr.0000.scheduling.0          : umgr.0000.scheduling.0.child.subscriber._base_state_cb: DEBUG   : update pilot states for []
2018-01-24 15:56:36,279: umgr.0000.scheduling.0.child: umgr.0000.scheduling.0          : MainThread     : DEBUG   : got unit (unit.000003)
2018-01-24 15:56:36,279: umgr.0000.scheduling.0.child: umgr.0000.scheduling.0          : MainThread     : DEBUG   : advance bulk size: 1 [False, True]
2018-01-24 15:56:36,280: umgr.0000.scheduling.0.child: umgr.0000.scheduling.0          : MainThread     : DEBUG   : advance bulk size: 0 [False, True]
2018-01-24 15:56:36,281: umgr.0000.scheduling.0.child: umgr.0000.scheduling.0          : MainThread     : DEBUG   : advance bulk size: 1 [True, True]
2018-01-24 15:56:36,282: umgr.0000.scheduling.0.child: umgr.0000.scheduling.0          : MainThread     : DEBUG   : put bulk UMGR_STAGING_INPUT_PENDING: 1
2018-01-24 15:56:36,282: umgr.0000.scheduling.0.child: umgr.0000.scheduling.0          : umgr.0000.scheduling.0.child.subscriber._base_state_cb: INFO    : scheduler state_cb: update
2018-01-24 15:56:36,282: umgr.0000.scheduling.0.child: umgr.0000.scheduling.0          : umgr.0000.scheduling.0.child.subscriber._base_state_cb: DEBUG   : update pilots []
2018-01-24 15:56:36,282: umgr.0000.scheduling.0.child: umgr.0000.scheduling.0          : umgr.0000.scheduling.0.child.subscriber._base_state_cb: DEBUG   : update units  ['unit.000003']
2018-01-24 15:56:36,282: umgr.0000.scheduling.0.child: umgr.0000.scheduling.0          : umgr.0000.scheduling.0.child.subscriber._base_state_cb: DEBUG   : update pilot states for []
2018-01-24 15:56:36,282: umgr.0000.scheduling.0.child: umgr.0000.scheduling.0          : umgr.0000.scheduling.0.child.subscriber._base_state_cb: INFO    : scheduler state_cb: update
2018-01-24 15:56:36,282: umgr.0000.scheduling.0.child: umgr.0000.scheduling.0          : umgr.0000.scheduling.0.child.subscriber._base_state_cb: DEBUG   : update pilots []
2018-01-24 15:56:36,283: umgr.0000.scheduling.0.child: umgr.0000.scheduling.0          : umgr.0000.scheduling.0.child.subscriber._base_state_cb: DEBUG   : update units  []
2018-01-24 15:56:36,283: umgr.0000.scheduling.0.child: umgr.0000.scheduling.0          : umgr.0000.scheduling.0.child.subscriber._base_state_cb: DEBUG   : update pilot states for []
2018-01-24 15:56:36,283: umgr.0000.scheduling.0.child: umgr.0000.scheduling.0          : umgr.0000.scheduling.0.child.subscriber._base_state_cb: INFO    : scheduler state_cb: update
2018-01-24 15:56:36,284: umgr.0000.scheduling.0.child: umgr.0000.scheduling.0          : umgr.0000.scheduling.0.child.subscriber._base_state_cb: DEBUG   : update pilots []
2018-01-24 15:56:36,284: umgr.0000.scheduling.0.child: umgr.0000.scheduling.0          : umgr.0000.scheduling.0.child.subscriber._base_state_cb: DEBUG   : update units  ['unit.000003']
2018-01-24 15:56:36,284: umgr.0000.scheduling.0.child: umgr.0000.scheduling.0          : umgr.0000.scheduling.0.child.subscriber._base_state_cb: DEBUG   : update pilot states for []
2018-01-24 15:56:36,284: umgr.0000.scheduling.0.child: umgr.0000.scheduling.0          : umgr.0000.scheduling.0.child.subscriber._base_state_cb: INFO    : scheduler state_cb: update
2018-01-24 15:56:36,284: umgr.0000.scheduling.0.child: umgr.0000.scheduling.0          : umgr.0000.scheduling.0.child.subscriber._base_state_cb: DEBUG   : update pilots []
2018-01-24 15:56:36,284: umgr.0000.scheduling.0.child: umgr.0000.scheduling.0          : umgr.0000.scheduling.0.child.subscriber._base_state_cb: DEBUG   : update units  ['unit.000003']
2018-01-24 15:56:36,284: umgr.0000.scheduling.0.child: umgr.0000.scheduling.0          : umgr.0000.scheduling.0.child.subscriber._base_state_cb: DEBUG   : update pilot states for []
2018-01-24 15:56:36,284: umgr.0000.scheduling.0.child: umgr.0000.scheduling.0          : umgr.0000.scheduling.0.child.subscriber._base_state_cb: INFO    : scheduler state_cb: update
2018-01-24 15:56:36,284: umgr.0000.scheduling.0.child: umgr.0000.scheduling.0          : umgr.0000.scheduling.0.child.subscriber._base_state_cb: DEBUG   : update pilots []
2018-01-24 15:56:36,284: umgr.0000.scheduling.0.child: umgr.0000.scheduling.0          : umgr.0000.scheduling.0.child.subscriber._base_state_cb: DEBUG   : update units  ['unit.000003']
2018-01-24 15:56:36,284: umgr.0000.scheduling.0.child: umgr.0000.scheduling.0          : umgr.0000.scheduling.0.child.subscriber._base_state_cb: DEBUG   : update pilot states for []
2018-01-24 16:00:40,811: umgr.0000.scheduling.0.child: umgr.0000.scheduling.0          : umgr.0000.scheduling.0.child.subscriber._base_state_cb: INFO    : scheduler state_cb: update
2018-01-24 16:00:40,811: umgr.0000.scheduling.0.child: umgr.0000.scheduling.0          : umgr.0000.scheduling.0.child.subscriber._base_state_cb: DEBUG   : update pilots []
2018-01-24 16:00:40,811: umgr.0000.scheduling.0.child: umgr.0000.scheduling.0          : umgr.0000.scheduling.0.child.subscriber._base_state_cb: DEBUG   : update units  ['unit.000003']
2018-01-24 16:00:40,811: umgr.0000.scheduling.0.child: umgr.0000.scheduling.0          : umgr.0000.scheduling.0.child.subscriber._base_state_cb: DEBUG   : update pilot states for []
2018-01-24 16:00:40,812: umgr.0000.scheduling.0.child: umgr.0000.scheduling.0          : umgr.0000.scheduling.0.child.subscriber._base_state_cb: INFO    : scheduler state_cb: update
2018-01-24 16:00:40,812: umgr.0000.scheduling.0.child: umgr.0000.scheduling.0          : umgr.0000.scheduling.0.child.subscriber._base_state_cb: DEBUG   : update pilots []
2018-01-24 16:00:40,812: umgr.0000.scheduling.0.child: umgr.0000.scheduling.0          : umgr.0000.scheduling.0.child.subscriber._base_state_cb: DEBUG   : update units  ['unit.000003']
2018-01-24 16:00:40,812: umgr.0000.scheduling.0.child: umgr.0000.scheduling.0          : umgr.0000.scheduling.0.child.subscriber._base_state_cb: DEBUG   : update pilot states for []
2018-01-24 16:00:40,812: umgr.0000.scheduling.0.child: umgr.0000.scheduling.0          : umgr.0000.scheduling.0.child.subscriber._base_state_cb: INFO    : scheduler state_cb: update
2018-01-24 16:00:40,812: umgr.0000.scheduling.0.child: umgr.0000.scheduling.0          : umgr.0000.scheduling.0.child.subscriber._base_state_cb: DEBUG   : update pilots []
2018-01-24 16:00:40,812: umgr.0000.scheduling.0.child: umgr.0000.scheduling.0          : umgr.0000.scheduling.0.child.subscriber._base_state_cb: DEBUG   : update units  ['unit.000003']
2018-01-24 16:00:40,812: umgr.0000.scheduling.0.child: umgr.0000.scheduling.0          : umgr.0000.scheduling.0.child.subscriber._base_state_cb: DEBUG   : update pilot states for []
2018-01-24 16:00:57,327: umgr.0000.scheduling.0.child: umgr.0000.scheduling.0          : umgr.0000.scheduling.0.child.watch: INFO    : recv message: 
2018-01-24 16:00:57,328: umgr.0000.scheduling.0.child: umgr.0000.scheduling.0          : umgr.0000.scheduling.0.child.watch: INFO    : message received: 
2018-01-24 16:00:57,328: umgr.0000.scheduling.0.child: umgr.0000.scheduling.0          : umgr.0000.scheduling.0.child.watch: WARNING : received empty string, parent closed ep
2018-01-24 16:00:57,328: umgr.0000.scheduling.0.child: umgr.0000.scheduling.0          : umgr.0000.scheduling.0.child.watch: INFO    : watcher closes
2018-01-24 16:00:57,328: umgr.0000.scheduling.0.child: umgr.0000.scheduling.0          : umgr.0000.scheduling.0.child.watch: INFO    : put message: [umgr.0000.scheduling.0.child.watch.thread] work finished
2018-01-24 16:00:57,328: umgr.0000.scheduling.0.child: umgr.0000.scheduling.0          : umgr.0000.scheduling.0.child.watch: DEBUG   : ru_finalize_child (NOOP)
2018-01-24 16:00:57,328: umgr.0000.scheduling.0.child: umgr.0000.scheduling.0          : umgr.0000.scheduling.0.child.watch: DEBUG   : ru_finalize_common (NOOP)
2018-01-24 16:00:57,328: umgr.0000.scheduling.0.child: umgr.0000.scheduling.0          : umgr.0000.scheduling.0.child.watch: INFO    : put message: [umgr.0000.scheduling.0.child.watch.thread] terminating
2018-01-24 16:00:58,161: umgr.0000.scheduling.0.child: umgr.0000.scheduling.0          : MainThread     : INFO    : finalize_child
2018-01-24 16:00:58,161: umgr.0000.scheduling.0.child: umgr.0000.scheduling.0          : MainThread     : WARNING : alive check: proc invalid - stop [False - True]
2018-01-24 16:00:58,217: umgr.0000.scheduling.0.child: umgr.0000.scheduling.0          : MainThread     : INFO    : stop umgr.0000.scheduling.0.child (29459 : 29459 : MainThread) [radical.utils.process.RoundRobin.is_valid]
2018-01-24 16:00:58,229: umgr.0000.scheduling.0.child: umgr.0000.scheduling.0          : MainThread     : INFO    : parent stops child  29459 -> 29459 [umgr.0000.scheduling.0.child]
2018-01-24 16:00:58,229: umgr.0000.scheduling.0.child: umgr.0000.scheduling.0          : MainThread     : INFO    : send message: [umgr.0000.scheduling.0.child] STOP
2018-01-24 16:00:58,229: umgr.0000.scheduling.0.child: umgr.0000.scheduling.0          : MainThread     : WARNING : send failed ([Errno 9] Bad file descriptor) - terminate
2018-01-24 16:00:58,229: umgr.0000.scheduling.0.child: umgr.0000.scheduling.0          : MainThread     : INFO    : finalize_child
2018-01-24 16:00:58,229: umgr.0000.scheduling.0.child: umgr.0000.scheduling.0          : MainThread     : DEBUG   : TERM : umgr.0000.scheduling.0.child unregister subscriber umgr.0000.scheduling.0.child.subscriber._base_command_cb
2018-01-24 16:00:58,229: umgr.0000.scheduling.0.child: umgr.0000.scheduling.0          : MainThread     : DEBUG   : unregistered subscriber umgr.0000.scheduling.0.child.subscriber._base_command_cb
2018-01-24 16:00:58,229: umgr.0000.scheduling.0.child: umgr.0000.scheduling.0          : MainThread     : DEBUG   : TERM : umgr.0000.scheduling.0.child unregister subscriber umgr.0000.scheduling.0.child.subscriber._base_state_cb
2018-01-24 16:00:58,229: umgr.0000.scheduling.0.child: umgr.0000.scheduling.0          : MainThread     : DEBUG   : unregistered subscriber umgr.0000.scheduling.0.child.subscriber._base_state_cb
2018-01-24 16:00:58,229: umgr.0000.scheduling.0.child: umgr.0000.scheduling.0          : MainThread     : DEBUG   : TERM : umgr.0000.scheduling.0.child unregister output UMGR_STAGING_INPUT_PENDING
2018-01-24 16:00:58,229: umgr.0000.scheduling.0.child: umgr.0000.scheduling.0          : MainThread     : WARNING : input UMGR_STAGING_INPUT_PENDING is not registered
2018-01-24 16:00:58,230: umgr.0000.scheduling.0.child: umgr.0000.scheduling.0          : MainThread     : WARNING : input umgr.0000.scheduling.0.child.work.UMGR_SCHEDULING_PENDING not registered
2018-01-24 16:00:58,230: umgr.0000.scheduling.0.child: umgr.0000.scheduling.0          : MainThread     : INFO    : finalize_child done
2018-01-24 16:00:58,230: umgr.0000.scheduling.0.child: umgr.0000.scheduling.0          : MainThread     : DEBUG   : ru_finalize_common()
2018-01-24 16:00:58,230: umgr.0000.scheduling.0.child: umgr.0000.scheduling.0          : MainThread     : DEBUG   : TERM : umgr.0000.scheduling.0.child unregister publisher log_pubsub
2018-01-24 16:00:58,230: umgr.0000.scheduling.0.child: umgr.0000.scheduling.0          : MainThread     : DEBUG   : unregistered publisher log_pubsub
2018-01-24 16:00:58,230: umgr.0000.scheduling.0.child: umgr.0000.scheduling.0          : MainThread     : DEBUG   : TERM : umgr.0000.scheduling.0.child unregister publisher state_pubsub
2018-01-24 16:00:58,231: umgr.0000.scheduling.0.child: umgr.0000.scheduling.0          : MainThread     : DEBUG   : unregistered publisher state_pubsub
2018-01-24 16:00:58,231: umgr.0000.scheduling.0.child: umgr.0000.scheduling.0          : MainThread     : DEBUG   : TERM : umgr.0000.scheduling.0.child unregister publisher control_pubsub
2018-01-24 16:00:58,232: umgr.0000.scheduling.0.child: umgr.0000.scheduling.0          : MainThread     : DEBUG   : unregistered publisher control_pubsub
2018-01-24 16:00:58,233: umgr.0000.scheduling.0.child: umgr.0000.scheduling.0          : MainThread     : DEBUG   : umgr.0000.scheduling.0.child close prof
2018-01-24 16:00:58,246: umgr.0000.scheduling.0.child: umgr.0000.scheduling.0          : MainThread     : INFO    : parent stops child
2018-01-24 16:00:58,246: umgr.0000.scheduling.0.child: umgr.0000.scheduling.0          : MainThread     : DEBUG   : ru_finalize_parent (NOOP)
2018-01-24 16:00:58,246: umgr.0000.scheduling.0.child: umgr.0000.scheduling.0          : MainThread     : DEBUG   : ru_finalize_common (NOOP)
2018-01-24 16:00:58,246: umgr.0000.scheduling.0.child: umgr.0000.scheduling.0          : MainThread     : INFO    : parent stops child
2018-01-24 16:00:58,246: umgr.0000.scheduling.0.child: umgr.0000.scheduling.0          : MainThread     : DEBUG   : ru_finalize_parent (NOOP)
2018-01-24 16:00:58,247: umgr.0000.scheduling.0.child: umgr.0000.scheduling.0          : umgr.0000.scheduling.0.child.subscriber._base_state_cb: DEBUG   : ru_finalize_child (NOOP)
2018-01-24 16:00:58,247: umgr.0000.scheduling.0.child: umgr.0000.scheduling.0          : umgr.0000.scheduling.0.child.subscriber._base_state_cb: INFO    : put message: [umgr.0000.scheduling.0.child.subscriber._base_state_cb.thread] terminating
2018-01-24 16:00:58,248: umgr.0000.scheduling.0.child: umgr.0000.scheduling.0          : MainThread     : INFO    : parent stops child
2018-01-24 16:00:58,248: umgr.0000.scheduling.0.child: umgr.0000.scheduling.0          : MainThread     : DEBUG   : ru_finalize_parent (NOOP)
2018-01-24 16:00:58,248: umgr.0000.scheduling.0.child: umgr.0000.scheduling.0          : umgr.0000.scheduling.0.child.subscriber._base_command_cb: DEBUG   : ru_finalize_child (NOOP)
2018-01-24 16:00:58,248: umgr.0000.scheduling.0.child: umgr.0000.scheduling.0          : umgr.0000.scheduling.0.child.subscriber._base_command_cb: INFO    : put message: [umgr.0000.scheduling.0.child.subscriber._base_command_cb.thread] terminating
2018-01-24 16:00:58,249: umgr.0000.scheduling.0.child: umgr.0000.scheduling.0          : MainThread     : INFO    : parent stops child
2018-01-24 16:00:58,249: umgr.0000.scheduling.0.child: umgr.0000.scheduling.0          : MainThread     : DEBUG   : ru_finalize_parent (NOOP)
2018-01-24 16:00:58,249: umgr.0000.scheduling.0.child: umgr.0000.scheduling.0          : umgr.0000.scheduling.0.child.subscriber._cancel_monitor_cb: DEBUG   : ru_finalize_child (NOOP)
2018-01-24 16:00:58,249: umgr.0000.scheduling.0.child: umgr.0000.scheduling.0          : umgr.0000.scheduling.0.child.subscriber._cancel_monitor_cb: INFO    : put message: [umgr.0000.scheduling.0.child.subscriber._cancel_monitor_cb.thread] terminating
2018-01-24 16:00:58,250: umgr.0000.scheduling.0.child: umgr.0000.scheduling.0          : MainThread     : WARNING : super umgr.0000.scheduling.0.child is invalid
2018-01-24 16:00:58,250: umgr.0000.scheduling.0.child: umgr.0000.scheduling.0          : MainThread     : WARNING : component umgr.0000.scheduling.0.child is invalid
2018-01-24 16:00:58,251: umgr.0000.scheduling.0.child: umgr.0000.scheduling.0          : MainThread     : INFO    : stop umgr.0000.scheduling.0.child (29459 : 29459 : MainThread) [radical.pilot.utils.component.RoundRobin.is_valid]
2018-01-24 16:00:58,251: umgr.0000.scheduling.0.child: umgr.0000.scheduling.0          : MainThread     : DEBUG   : TERM : umgr.0000.scheduling.0.child unregister subscriber umgr.0000.scheduling.0.child.subscriber._base_command_cb
2018-01-24 16:00:58,251: umgr.0000.scheduling.0.child: umgr.0000.scheduling.0          : MainThread     : WARNING : subscriber _base_command_cb is not registered
2018-01-24 16:00:58,251: umgr.0000.scheduling.0.child: umgr.0000.scheduling.0          : MainThread     : DEBUG   : TERM : umgr.0000.scheduling.0.child unregister subscriber umgr.0000.scheduling.0.child.subscriber._base_state_cb
2018-01-24 16:00:58,252: umgr.0000.scheduling.0.child: umgr.0000.scheduling.0          : MainThread     : WARNING : subscriber _base_state_cb is not registered
2018-01-24 16:00:58,252: umgr.0000.scheduling.0.child: umgr.0000.scheduling.0          : MainThread     : DEBUG   : TERM : umgr.0000.scheduling.0.child unregister output UMGR_STAGING_INPUT_PENDING
2018-01-24 16:00:58,252: umgr.0000.scheduling.0.child: umgr.0000.scheduling.0          : MainThread     : WARNING : input UMGR_STAGING_INPUT_PENDING is not registered
2018-01-24 16:00:58,252: umgr.0000.scheduling.0.child: umgr.0000.scheduling.0          : MainThread     : WARNING : input umgr.0000.scheduling.0.child.work.UMGR_SCHEDULING_PENDING not registered
2018-01-24 16:00:58,252: umgr.0000.scheduling.0.child: umgr.0000.scheduling.0          : MainThread     : INFO    : finalize_child done
2018-01-24 16:00:58,252: umgr.0000.scheduling.0.child: umgr.0000.scheduling.0          : MainThread     : DEBUG   : ru_finalize_common()
2018-01-24 16:00:58,252: umgr.0000.scheduling.0.child: umgr.0000.scheduling.0          : MainThread     : WARNING : publisher log_pubsub is not registered
2018-01-24 16:00:58,252: umgr.0000.scheduling.0.child: umgr.0000.scheduling.0          : MainThread     : WARNING : publisher state_pubsub is not registered
2018-01-24 16:00:58,252: umgr.0000.scheduling.0.child: umgr.0000.scheduling.0          : MainThread     : WARNING : publisher control_pubsub is not registered
2018-01-24 16:00:58,252: umgr.0000.scheduling.0.child: umgr.0000.scheduling.0          : MainThread     : DEBUG   : umgr.0000.scheduling.0.child close prof
2018-01-24 16:00:58,252: umgr.0000.scheduling.0.child: umgr.0000.scheduling.0          : MainThread     : INFO    : send message: [umgr.0000.scheduling.0.child] terminating
2018-01-24 16:00:58,252: umgr.0000.scheduling.0.child: umgr.0000.scheduling.0          : MainThread     : WARNING : send failed ([Errno 9] Bad file descriptor) - terminate
2018-01-24 16:00:58,252: umgr.0000.scheduling.0.child: umgr.0000.scheduling.0          : MainThread     : INFO    : parent stops child
2018-01-24 16:00:58,252: umgr.0000.scheduling.0.child: umgr.0000.scheduling.0          : MainThread     : INFO    : parent stops child
2018-01-24 16:00:58,253: umgr.0000.scheduling.0.child: umgr.0000.scheduling.0          : MainThread     : INFO    : parent stops child
