2017-12-18 21:26:07,366: control.pubsub.pub.0000: update.0                        : MainThread     : INFO    : python.interpreter   version: 2.7.12 (default, Nov 20 2017, 18:23:56) [GCC 5.4.0 20160609]
2017-12-18 21:26:07,366: control.pubsub.pub.0000: update.0                        : MainThread     : INFO    :                      pid: 31162
2017-12-18 21:26:07,366: control.pubsub.pub.0000: update.0                        : MainThread     : INFO    :                      tid: MainThread
2017-12-18 21:26:07,367: control.pubsub.pub.0000: update.0                        : MainThread     : INFO    : radical.pilot        version: 0.47.1
2017-12-18 21:26:07,367: control.pubsub.pub.0000: update.0                        : MainThread     : INFO    : create control_pubsub - pub - tcp://172.30.238.6:42327
2017-12-18 21:26:07,386: control.pubsub.pub.0000: update.0                        : MainThread     : DEBUG   : start process
2017-12-18 21:26:07,386: control.pubsub.pub.0000: update.0                        : MainThread     : DEBUG   : ru_initialize_common (NOOP)
2017-12-18 21:26:07,386: control.pubsub.pub.0000: update.0                        : MainThread     : DEBUG   : ru_initialize_parent (NOOP)
2017-12-18 21:26:07,387: control.pubsub.pub.0000: update.0                        : MainThread     : DEBUG   : process class started (no child)
2017-12-18 21:26:07,734: control.pubsub.pub.0000: MainProcess                     : MainThread     : INFO    : python.interpreter   version: 2.7.12 (default, Nov 20 2017, 18:23:56) [GCC 5.4.0 20160609]
2017-12-18 21:26:07,735: control.pubsub.pub.0000: MainProcess                     : MainThread     : INFO    :                      pid: 31013
2017-12-18 21:26:07,735: control.pubsub.pub.0000: MainProcess                     : MainThread     : INFO    :                      tid: MainThread
2017-12-18 21:26:07,735: control.pubsub.pub.0000: MainProcess                     : MainThread     : INFO    : radical.pilot        version: 0.47.1
2017-12-18 21:26:07,735: control.pubsub.pub.0000: MainProcess                     : MainThread     : INFO    : create control_pubsub - pub - tcp://172.30.238.6:42327
2017-12-18 21:26:07,750: control.pubsub.pub.0000: MainProcess                     : MainThread     : DEBUG   : start process
2017-12-18 21:26:07,750: control.pubsub.pub.0000: MainProcess                     : MainThread     : DEBUG   : ru_initialize_common (NOOP)
2017-12-18 21:26:07,750: control.pubsub.pub.0000: MainProcess                     : MainThread     : DEBUG   : ru_initialize_parent (NOOP)
2017-12-18 21:26:07,750: control.pubsub.pub.0000: MainProcess                     : MainThread     : DEBUG   : process class started (no child)
2017-12-18 21:38:23,337: control.pubsub.pub.0000: MainProcess                     : MainThread     : INFO    : parent stops child  31013 -> None [control.pubsub.pub.0000]
2017-12-18 21:38:23,337: control.pubsub.pub.0000: MainProcess                     : MainThread     : DEBUG   : ru_finalize_parent (NOOP)
2017-12-18 21:38:23,585: control.pubsub.pub.0000: update.0                        : MainThread     : INFO    : parent stops child  31162 -> None [control.pubsub.pub.0000]
2017-12-18 21:38:23,585: control.pubsub.pub.0000: update.0                        : MainThread     : DEBUG   : ru_finalize_parent (NOOP)
