2017-12-18 21:26:07,754: pmgr.0000           : MainProcess                     : MainThread     : INFO    : python.interpreter   version: 2.7.12 (default, Nov 20 2017, 18:23:56) [GCC 5.4.0 20160609]
2017-12-18 21:26:07,755: pmgr.0000           : MainProcess                     : MainThread     : INFO    :                      pid: 31013
2017-12-18 21:26:07,755: pmgr.0000           : MainProcess                     : MainThread     : INFO    :                      tid: MainThread
2017-12-18 21:26:07,755: pmgr.0000           : MainProcess                     : MainThread     : INFO    : radical.pilot        version: 0.47.1
2017-12-18 21:26:08,769: pmgr.0000           : MainProcess                     : MainThread     : DEBUG   : alive check in term
2017-12-18 21:26:08,769: pmgr.0000           : MainProcess                     : MainThread     : DEBUG   : start process
2017-12-18 21:26:08,769: pmgr.0000           : MainProcess                     : MainThread     : INFO    : initialize pmgr.0000
2017-12-18 21:26:08,770: pmgr.0000           : MainProcess                     : MainThread     : INFO    : cfg: {u'bridges': {u'pmgr_launching_queue': {u'bulk_size': 0,
                                        u'log_level': u'debug',
                                        u'stall_hwm': 1}},
 u'components': {u'PMGRLaunchingComponent': {u'count': 1}},
 u'db_poll_sleeptime': 1.0,
 'owner': 'pmgr.0000'}
2017-12-18 21:26:08,770: pmgr.0000           : MainProcess                     : MainThread     : DEBUG   : start bridges   : {u'pmgr_launching_queue': {u'bulk_size': 0,
                           u'log_level': u'debug',
                           u'stall_hwm': 1}}
2017-12-18 21:26:08,771: pmgr.0000           : MainProcess                     : MainThread     : INFO    : create bridge pmgr_launching_queue
2017-12-18 21:26:08,795: pmgr.0000           : MainProcess                     : MainThread     : INFO    : created bridge pmgr_launching_queue (pmgr.launching.queue.bridge.0000)
2017-12-18 21:26:08,796: pmgr.0000           : MainProcess                     : MainThread     : DEBUG   : start components: {u'PMGRLaunchingComponent': {u'count': 1}}
2017-12-18 21:26:08,796: pmgr.0000           : MainProcess                     : MainThread     : DEBUG   : start 1 component(s) PMGRLaunchingComponent
2017-12-18 21:26:11,000: pmgr.0000           : MainProcess                     : MainThread     : INFO    : pmgr.0000                      starts pmgr.0000.launching.0
2017-12-18 21:26:11,001: pmgr.0000           : MainProcess                     : MainThread     : DEBUG   : alive check in term
2017-12-18 21:26:11,001: pmgr.0000           : MainProcess                     : MainThread     : DEBUG   : START: pmgr.0000 register publisher log_pubsub
2017-12-18 21:26:11,001: pmgr.0000           : MainProcess                     : MainThread     : DEBUG   : using addr tcp://172.30.238.6:45919 for pubsub log_pubsub
2017-12-18 21:26:11,003: pmgr.0000           : MainProcess                     : MainThread     : DEBUG   : registered publisher : log_pubsub : log.pubsub.pub.0002
2017-12-18 21:26:11,003: pmgr.0000           : MainProcess                     : MainThread     : DEBUG   : alive check in term
2017-12-18 21:26:11,004: pmgr.0000           : MainProcess                     : MainThread     : DEBUG   : START: pmgr.0000 register publisher state_pubsub
2017-12-18 21:26:11,004: pmgr.0000           : MainProcess                     : MainThread     : DEBUG   : using addr tcp://172.30.238.6:37326 for pubsub state_pubsub
2017-12-18 21:26:11,027: pmgr.0000           : MainProcess                     : MainThread     : DEBUG   : registered publisher : state_pubsub : state.pubsub.pub.0002
2017-12-18 21:26:11,027: pmgr.0000           : MainProcess                     : MainThread     : DEBUG   : alive check in term
2017-12-18 21:26:11,028: pmgr.0000           : MainProcess                     : MainThread     : DEBUG   : START: pmgr.0000 register publisher control_pubsub
2017-12-18 21:26:11,028: pmgr.0000           : MainProcess                     : MainThread     : DEBUG   : using addr tcp://172.30.238.6:42327 for pubsub control_pubsub
2017-12-18 21:26:11,031: pmgr.0000           : MainProcess                     : MainThread     : DEBUG   : registered publisher : control_pubsub : control.pubsub.pub.0002
2017-12-18 21:26:11,031: pmgr.0000           : MainProcess                     : MainThread     : DEBUG   : process class started (no child)
2017-12-18 21:26:11,031: pmgr.0000           : MainProcess                     : MainThread     : DEBUG   : START: pmgr.0000 register output PMGR_LAUNCHING_PENDING
2017-12-18 21:26:11,032: pmgr.0000           : MainProcess                     : MainThread     : DEBUG   : using addr tcp://172.30.238.6:33947 for output pmgr_launching_queue
2017-12-18 21:26:11,035: pmgr.0000           : MainProcess                     : MainThread     : DEBUG   : registered output    : PMGR_LAUNCHING_PENDING : pmgr_launching_queue : pmgr.launching.queue.input.0000
2017-12-18 21:26:11,035: pmgr.0000           : MainProcess                     : MainThread     : DEBUG   : START: pmgr.0000 register subscriber pmgr.0000.subscriber._staging_ack_cb
2017-12-18 21:26:11,035: pmgr.0000           : MainProcess                     : MainThread     : DEBUG   : using addr tcp://172.30.238.6:44861 for pubsub control_pubsub
2017-12-18 21:26:11,038: pmgr.0000           : MainProcess                     : MainThread     : DEBUG   : parent name: pmgr.0000.subscriber._staging_ack_cb
2017-12-18 21:26:11,039: pmgr.0000           : MainProcess                     : MainThread     : DEBUG   : start thread
2017-12-18 21:26:11,039: pmgr.0000           : MainProcess                     : pmgr.0000.subscriber._staging_ack_cb: DEBUG   : child name: pmgr.0000.subscriber._staging_ack_cb.thread
2017-12-18 21:26:11,039: pmgr.0000           : MainProcess                     : pmgr.0000.subscriber._staging_ack_cb: INFO    : child (me) initializing
2017-12-18 21:26:11,039: pmgr.0000           : MainProcess                     : pmgr.0000.subscriber._staging_ack_cb: DEBUG   : ru_initialize_common (NOOP)
2017-12-18 21:26:11,039: pmgr.0000           : MainProcess                     : pmgr.0000.subscriber._staging_ack_cb: DEBUG   : ru_initialize_child (NOOP)
2017-12-18 21:26:11,040: pmgr.0000           : MainProcess                     : pmgr.0000.subscriber._staging_ack_cb: INFO    : send alive
2017-12-18 21:26:11,040: pmgr.0000           : MainProcess                     : pmgr.0000.subscriber._staging_ack_cb: INFO    : put message: [pmgr.0000.subscriber._staging_ack_cb.thread] alive
2017-12-18 21:26:11,040: pmgr.0000           : MainProcess                     : MainThread     : INFO    : get msg: alive
2017-12-18 21:26:11,041: pmgr.0000           : MainProcess                     : MainThread     : DEBUG   : ru_initialize_common (NOOP)
2017-12-18 21:26:11,041: pmgr.0000           : MainProcess                     : MainThread     : DEBUG   : ru_initialize_parent (NOOP)
2017-12-18 21:26:11,041: pmgr.0000           : MainProcess                     : MainThread     : DEBUG   : child thread pmgr.0000.subscriber._staging_ack_cb started
2017-12-18 21:26:11,041: pmgr.0000           : MainProcess                     : MainThread     : DEBUG   : pmgr.0000 registered control_pubsub subscriber pmgr.0000.subscriber._staging_ack_cb
2017-12-18 21:26:11,041: pmgr.0000           : MainProcess                     : MainThread     : DEBUG   : START: pmgr.0000 register idler pmgr.0000.idler._state_pull_cb
2017-12-18 21:26:11,041: pmgr.0000           : MainProcess                     : MainThread     : DEBUG   : parent name: pmgr.0000.idler._state_pull_cb
2017-12-18 21:26:11,042: pmgr.0000           : MainProcess                     : MainThread     : DEBUG   : start thread
2017-12-18 21:26:11,042: pmgr.0000           : MainProcess                     : pmgr.0000.idler._state_pull_cb: DEBUG   : child name: pmgr.0000.idler._state_pull_cb.thread
2017-12-18 21:26:11,042: pmgr.0000           : MainProcess                     : pmgr.0000.idler._state_pull_cb: INFO    : child (me) initializing
2017-12-18 21:26:11,043: pmgr.0000           : MainProcess                     : pmgr.0000.idler._state_pull_cb: DEBUG   : ru_initialize_common (NOOP)
2017-12-18 21:26:11,043: pmgr.0000           : MainProcess                     : pmgr.0000.idler._state_pull_cb: DEBUG   : ru_initialize_child (NOOP)
2017-12-18 21:26:11,043: pmgr.0000           : MainProcess                     : pmgr.0000.idler._state_pull_cb: INFO    : send alive
2017-12-18 21:26:11,043: pmgr.0000           : MainProcess                     : pmgr.0000.idler._state_pull_cb: INFO    : put message: [pmgr.0000.idler._state_pull_cb.thread] alive
2017-12-18 21:26:11,044: pmgr.0000           : MainProcess                     : MainThread     : INFO    : get msg: alive
2017-12-18 21:26:11,044: pmgr.0000           : MainProcess                     : MainThread     : DEBUG   : ru_initialize_common (NOOP)
2017-12-18 21:26:11,044: pmgr.0000           : MainProcess                     : MainThread     : DEBUG   : ru_initialize_parent (NOOP)
2017-12-18 21:26:11,044: pmgr.0000           : MainProcess                     : MainThread     : DEBUG   : child thread pmgr.0000.idler._state_pull_cb started
2017-12-18 21:26:11,044: pmgr.0000           : MainProcess                     : MainThread     : DEBUG   : pmgr.0000 registered idler pmgr.0000.idler._state_pull_cb
2017-12-18 21:26:11,046: pmgr.0000           : MainProcess                     : MainThread     : DEBUG   : START: pmgr.0000 register subscriber pmgr.0000.subscriber._state_sub_cb
2017-12-18 21:26:11,046: pmgr.0000           : MainProcess                     : MainThread     : DEBUG   : using addr tcp://172.30.238.6:45785 for pubsub state_pubsub
2017-12-18 21:26:11,049: pmgr.0000           : MainProcess                     : MainThread     : DEBUG   : parent name: pmgr.0000.subscriber._state_sub_cb
2017-12-18 21:26:11,050: pmgr.0000           : MainProcess                     : MainThread     : DEBUG   : start thread
2017-12-18 21:26:11,050: pmgr.0000           : MainProcess                     : pmgr.0000.subscriber._state_sub_cb: DEBUG   : child name: pmgr.0000.subscriber._state_sub_cb.thread
2017-12-18 21:26:11,050: pmgr.0000           : MainProcess                     : pmgr.0000.subscriber._state_sub_cb: INFO    : child (me) initializing
2017-12-18 21:26:11,050: pmgr.0000           : MainProcess                     : pmgr.0000.subscriber._state_sub_cb: DEBUG   : ru_initialize_common (NOOP)
2017-12-18 21:26:11,051: pmgr.0000           : MainProcess                     : pmgr.0000.subscriber._state_sub_cb: DEBUG   : ru_initialize_child (NOOP)
2017-12-18 21:26:11,051: pmgr.0000           : MainProcess                     : pmgr.0000.subscriber._state_sub_cb: INFO    : send alive
2017-12-18 21:26:11,051: pmgr.0000           : MainProcess                     : pmgr.0000.subscriber._state_sub_cb: INFO    : put message: [pmgr.0000.subscriber._state_sub_cb.thread] alive
2017-12-18 21:26:11,051: pmgr.0000           : MainProcess                     : MainThread     : INFO    : get msg: alive
2017-12-18 21:26:11,052: pmgr.0000           : MainProcess                     : MainThread     : DEBUG   : ru_initialize_common (NOOP)
2017-12-18 21:26:11,052: pmgr.0000           : MainProcess                     : MainThread     : DEBUG   : ru_initialize_parent (NOOP)
2017-12-18 21:26:11,052: pmgr.0000           : MainProcess                     : MainThread     : DEBUG   : child thread pmgr.0000.subscriber._state_sub_cb started
2017-12-18 21:26:11,094: pmgr.0000           : MainProcess                     : MainThread     : DEBUG   : pmgr.0000 registered state_pubsub subscriber pmgr.0000.subscriber._state_sub_cb
2017-12-18 21:26:11,146: pmgr.0000           : MainProcess                     : MainThread     : DEBUG   :  ===== 1:  [<class 'radical.utils.url.Url'>]
2017-12-18 21:26:11,146: pmgr.0000           : MainProcess                     : MainThread     : DEBUG   :  ===== 2:  [<type 'str'>]
2017-12-18 21:26:16,077: pmgr.0000           : MainProcess                     : MainThread     : DEBUG   :  ===== 3: gsisftp://supermic.cct-lsu.xsede.org:2222/work/vivek91/radical.pilot.sandbox/rp.session.js-17-212.jetstream-cloud.org.vivek91.017519.0015/pilot.0000/ [<class 'saga.url.Url'>]
2017-12-18 21:26:16,077: pmgr.0000           : MainProcess                     : MainThread     : DEBUG   : advance bulk size: 1 [False, False]
2017-12-18 21:26:16,127: pmgr.0000           : MainProcess                     : MainThread     : DEBUG   : pilot.0000 calls cb <bound method ComputePilot._default_state_cb of ['pilot.0000', 'xsede.supermic', 'PMGR_LAUNCHING_PENDING']>
2017-12-18 21:26:16,127: pmgr.0000           : MainProcess                     : MainThread     : INFO    : [Callback]: pilot pilot.0000 state: PMGR_LAUNCHING_PENDING.
2017-12-18 21:26:16,127: pmgr.0000           : MainProcess                     : MainThread     : DEBUG   : pmgr calls cb pilot.0000 for <function _pilot_state_cb at 0x7ff19ba8ad70>
2017-12-18 21:26:16,128: pmgr.0000           : MainProcess                     : MainThread     : DEBUG   : advance bulk size: 1 [True, True]
2017-12-18 21:26:16,128: pmgr.0000           : MainProcess                     : MainThread     : DEBUG   : put bulk PMGR_LAUNCHING_PENDING: 1
2017-12-18 21:26:16,134: pmgr.0000           : MainProcess                     : pmgr.0000.subscriber._state_sub_cb: DEBUG   : state event: {'cmd': 'update', 'arg': [{'state': 'PMGR_LAUNCHING_PENDING', 'type': 'pilot', 'uid': 'pilot.0000'}]}
2017-12-18 21:26:16,134: pmgr.0000           : MainProcess                     : pmgr.0000.subscriber._state_sub_cb: DEBUG   : state event: {'cmd': 'update', 'arg': [{'state': 'PMGR_LAUNCHING', 'type': 'pilot', 'uid': 'pilot.0000'}]}
2017-12-18 21:26:16,135: pmgr.0000           : MainProcess                     : pmgr.0000.subscriber._state_sub_cb: DEBUG   : pilot.0000 calls cb <bound method ComputePilot._default_state_cb of ['pilot.0000', 'xsede.supermic', 'PMGR_LAUNCHING']>
2017-12-18 21:26:16,135: pmgr.0000           : MainProcess                     : pmgr.0000.subscriber._state_sub_cb: INFO    : [Callback]: pilot pilot.0000 state: PMGR_LAUNCHING.
2017-12-18 21:26:16,135: pmgr.0000           : MainProcess                     : pmgr.0000.subscriber._state_sub_cb: DEBUG   : pmgr calls cb pilot.0000 for <function _pilot_state_cb at 0x7ff19ba8ad70>
2017-12-18 21:26:16,135: pmgr.0000           : MainProcess                     : pmgr.0000.subscriber._state_sub_cb: DEBUG   : advance bulk size: 1 [False, False]
2017-12-18 21:26:32,871: pmgr.0000           : MainProcess                     : pmgr.0000.subscriber._state_sub_cb: DEBUG   : state event: {'cmd': 'update', 'arg': [{'control': 'pmgr', 'resource_sandbox': 'gsisftp://supermic.cct-lsu.xsede.org:2222/work/vivek91/radical.pilot.sandbox', '_id': 'pilot.0000', 'resource': 'xsede.supermic', 'js_url': 'torque+gsissh://supermic.cct-lsu.xsede.org:2222/', 'pmgr': 'pmgr.0000', 'stdout': None, 'cfg': {'export_to_cu': None, 'spawner': 'POPEN', 'cu_pre_exec': None, 'owner': 'agent_0', 'bridges': {'state_pubsub': {'bulk_size': 0, 'stall_hwm': 1, 'log_level': 'debug'}, 'agent_unschedule_pubsub': {'bulk_size': 0, 'stall_hwm': 1, 'log_level': 'debug'}, 'log_pubsub': {'bulk_size': 0, 'stall_hwm': 1, 'log_level': 'debug'}, 'agent_staging_output_queue': {'bulk_size': 0, 'stall_hwm': 1, 'log_level': 'debug'}, 'agent_scheduling_queue': {'bulk_size': 0, 'stall_hwm': 1, 'log_level': 'debug'}, 'control_pubsub': {'bulk_size': 0, 'stall_hwm': 1, 'log_level': 'debug'}, 'agent_executing_queue': {'bulk_size': 0, 'stall_hwm': 1, 'log_level': 'debug'}, 'agent_reschedule_pubsub': {'bulk_size': 0, 'stall_hwm': 1, 'log_level': 'debug'}, 'agent_staging_input_queue': {'bulk_size': 0, 'stall_hwm': 1, 'log_level': 'debug'}}, 'logdir': '.', 'task_launch_method': 'SSH', 'pilot_sandbox': '/work/vivek91/radical.pilot.sandbox/rp.session.js-17-212.jetstream-cloud.org.vivek91.017519.0015/pilot.0000/', 'cu_tmp': None, 'cu_post_exec': None, 'max_io_loglength': 1024, 'cores_per_node': 20, 'agent_launch_method': 'SSH', 'bulk_collection_time': 1.0, 'mpi_launch_method': 'MPIEXEC', 'scheduler': 'CONTINUOUS', 'session_sandbox': '/work/vivek91/radical.pilot.sandbox/rp.session.js-17-212.jetstream-cloud.org.vivek91.017519.0015', 'lrms': 'TORQUE', 'pilot_id': 'pilot.0000', 'runtime': 26, 'dburl': 'mongodb://entk:entk@ds141406.mlab.com:41406/adap-task-count', 'target': 'local', 'staging_area': 'staging_area', 'bulk_collection_size': 100, 'staging_schema': 'staging', 'resource_sandbox': '/work/vivek91/radical.pilot.sandbox', 'session_id': 'rp.session.js-17-212.jetstream-cloud.org.vivek91.017519.0015', 'mode': 'shared', 'components': {'AgentStagingOutputComponent': {'count': 1}, 'AgentSchedulingComponent': {'count': 1}, 'AgentStagingInputComponent': {'count': 1}, 'UpdateWorker': {'count': 1}, 'AgentExecutingComponent': {'count': 1}}, 'debug': 10, 'cores': 40, 'resource_cfg': {'agent_scheduler': 'CONTINUOUS', 'default_remote_workdir': '/work/$USER', 'rp_version': 'local', 'pre_bootstrap_1': ['module load python/2.7.7-anaconda'], 'python_dist': 'default', 'agent_spawner': 'POPEN', 'job_manager_endpoint': 'torque+gsissh://supermic.cct-lsu.xsede.org:2222/', 'schemas': ['gsissh', 'ssh'], 'filesystem_endpoint': 'gsisftp://supermic.cct-lsu.xsede.org:2222/', 'label': 'xsede.supermic_ssh', 'gsissh': {'filesystem_endpoint': 'gsisftp://supermic.cct-lsu.xsede.org:2222/', 'job_manager_endpoint': 'torque+gsissh://supermic.cct-lsu.xsede.org:2222/'}, 'valid_roots': ['/work'], 'task_launch_method': 'SSH', 'virtenv_mode': 'create', 'description': "SuperMIC (pronounced 'Super Mick') is Louisiana State University's (LSU) newest supercomputer funded by the National Science Foundation's (NSF) Major Research Instrumentation (MRI) award to the Center for Computation & Technology. (https://portal.xsede.org/lsu-supermic)", 'default_queue': 'workq', 'cores_per_node': '20', 'agent_launch_method': 'SSH', 'mpi_launch_method': 'MPIEXEC', 'ssh': {'filesystem_endpoint': 'sftp://supermic.cct-lsu.xsede.org/', 'job_manager_endpoint': 'torque+ssh://supermic.cct-lsu.xsede.org/'}, 'lrms': 'TORQUE', 'notes': 'Partially allocated through XSEDE. Primary access through GSISSH. Allows SSH key authentication too.'}, 'db_poll_sleeptime': 1.0}, 'description': {'queue': None, 'resource': 'xsede.supermic', 'exit_on_error': False, 'candidate_hosts': None, 'project': 'TG-MCB090174', 'sandbox': None, 'cleanup': None, 'access_schema': 'gsissh', 'memory': None, 'cores': 21, 'runtime': 26}, 'cmd': [], 'states': ['NEW'], 'state': 'PMGR_ACTIVE_PENDING', 'session': 'rp.session.js-17-212.jetstream-cloud.org.vivek91.017519.0015', 'log': None, 'stderr': None, 'resource_details': None, 'js_hop': 'torque+gsissh://supermic.cct-lsu.xsede.org:2222/', 'client_sandbox': '/home/vivek91/repos/adaptive-bms-experiments/task-count-adap/bin', 'type': 'pilot', 'pilot_sandbox': 'gsisftp://supermic.cct-lsu.xsede.org:2222/work/vivek91/radical.pilot.sandbox/rp.session.js-17-212.jetstream-cloud.org.vivek91.017519.0015/pilot.0000/', 'uid': 'pilot.0000'}]}
2017-12-18 21:26:32,872: pmgr.0000           : MainProcess                     : pmgr.0000.subscriber._state_sub_cb: DEBUG   : pilot.0000 calls cb <bound method ComputePilot._default_state_cb of ['pilot.0000', 'xsede.supermic', 'PMGR_ACTIVE_PENDING']>
2017-12-18 21:26:32,872: pmgr.0000           : MainProcess                     : pmgr.0000.subscriber._state_sub_cb: INFO    : [Callback]: pilot pilot.0000 state: PMGR_ACTIVE_PENDING.
2017-12-18 21:26:32,872: pmgr.0000           : MainProcess                     : pmgr.0000.subscriber._state_sub_cb: DEBUG   : pmgr calls cb pilot.0000 for <function _pilot_state_cb at 0x7ff19ba8ad70>
2017-12-18 21:26:32,872: pmgr.0000           : MainProcess                     : pmgr.0000.subscriber._state_sub_cb: DEBUG   : advance bulk size: 1 [False, False]
2017-12-18 21:27:19,457: pmgr.0000           : MainProcess                     : pmgr.0000.idler._state_pull_cb: DEBUG   : pilot.0000 calls cb <bound method ComputePilot._default_state_cb of ['pilot.0000', 'xsede.supermic', u'PMGR_ACTIVE']>
2017-12-18 21:27:19,457: pmgr.0000           : MainProcess                     : pmgr.0000.idler._state_pull_cb: INFO    : [Callback]: pilot pilot.0000 state: PMGR_ACTIVE.
2017-12-18 21:27:19,458: pmgr.0000           : MainProcess                     : pmgr.0000.idler._state_pull_cb: DEBUG   : pmgr calls cb pilot.0000 for <function _pilot_state_cb at 0x7ff19ba8ad70>
2017-12-18 21:27:19,458: pmgr.0000           : MainProcess                     : pmgr.0000.idler._state_pull_cb: DEBUG   : advance bulk size: 1 [False, True]
2017-12-18 21:27:19,458: pmgr.0000           : MainProcess                     : pmgr.0000.idler._state_pull_cb: INFO    : pilot pilot.0000 is PMGR_ACTIVE: None [None]
2017-12-18 21:27:19,459: pmgr.0000           : MainProcess                     : pmgr.0000.subscriber._state_sub_cb: DEBUG   : state event: {'cmd': 'update', 'arg': [{'state': 'PMGR_ACTIVE', 'type': 'pilot', 'uid': 'pilot.0000'}]}
2017-12-18 21:27:30,671: pmgr.0000           : MainProcess                     : pmgr.0000.subscriber._state_sub_cb: DEBUG   : state event: {'cmd': 'update', 'arg': [{'state': 'UMGR_SCHEDULING_PENDING', 'type': 'unit', 'uid': 'unit.000000'}]}
2017-12-18 21:27:30,673: pmgr.0000           : MainProcess                     : pmgr.0000.subscriber._state_sub_cb: DEBUG   : state event: {'cmd': 'update', 'arg': [{'state': 'UMGR_SCHEDULING', 'type': 'unit', 'uid': 'unit.000000'}]}
2017-12-18 21:27:30,674: pmgr.0000           : MainProcess                     : pmgr.0000.subscriber._state_sub_cb: DEBUG   : state event: {'cmd': 'update', 'arg': []}
2017-12-18 21:27:30,674: pmgr.0000           : MainProcess                     : pmgr.0000.subscriber._state_sub_cb: DEBUG   : state event: {'cmd': 'update', 'arg': [{'state': 'UMGR_STAGING_INPUT_PENDING', 'type': 'unit', 'uid': 'unit.000000'}]}
2017-12-18 21:27:30,676: pmgr.0000           : MainProcess                     : pmgr.0000.subscriber._state_sub_cb: DEBUG   : state event: {'cmd': 'update', 'arg': [{'state': 'UMGR_STAGING_INPUT', 'type': 'unit', 'uid': 'unit.000000'}]}
2017-12-18 21:27:30,677: pmgr.0000           : MainProcess                     : pmgr.0000.subscriber._state_sub_cb: DEBUG   : state event: {'cmd': 'update', 'arg': [{'resource_sandbox': 'gsisftp://supermic.cct-lsu.xsede.org:2222/work/vivek91/radical.pilot.sandbox', 'control': 'agent_pending', 'client_sandbox': '/home/vivek91/repos/adaptive-bms-experiments/task-count-adap/bin', 'description': {'kernel': None, 'executable': 'stress-ng', 'name': 'radical.entk.task.js-17-212.jetstream-cloud.org.vivek91.017519.0014,radical.entk.stage.js-17-212.jetstream-cloud.org.vivek91.017519.0013,radical.entk.pipeline.js-17-212.jetstream-cloud.org.vivek91.017519.0012', 'restartable': False, 'output_staging': [], 'stdout': None, 'pre_exec': ['export PATH=/home/vivek91/tools/stress-ng-0.09.04:$PATH'], 'mpi': False, 'environment': None, 'cleanup': False, 'arguments': ['-c', '1', '-t', '120'], 'stderr': None, 'cores': 1, 'post_exec': [], 'input_staging': [], 'pilot': None}, 'stdout': None, 'cmd': [], 'exit_code': None, 'states': ['NEW'], 'state': 'AGENT_STAGING_INPUT_PENDING', 'umgr': 'umgr.0000', 'pilot': 'pilot.0000', 'uid': 'unit.000000', 'pilot_sandbox': 'gsisftp://supermic.cct-lsu.xsede.org:2222/work/vivek91/radical.pilot.sandbox/rp.session.js-17-212.jetstream-cloud.org.vivek91.017519.0015/pilot.0000/', '_id': 'unit.000000', 'type': 'unit', 'stderr': None, 'unit_sandbox': 'gsisftp://supermic.cct-lsu.xsede.org:2222/work/vivek91/radical.pilot.sandbox/rp.session.js-17-212.jetstream-cloud.org.vivek91.017519.0015/pilot.0000//unit.000000/', 'name': 'radical.entk.task.js-17-212.jetstream-cloud.org.vivek91.017519.0014,radical.entk.stage.js-17-212.jetstream-cloud.org.vivek91.017519.0013,radical.entk.pipeline.js-17-212.jetstream-cloud.org.vivek91.017519.0012'}]}
2017-12-18 21:29:37,864: pmgr.0000           : MainProcess                     : pmgr.0000.subscriber._state_sub_cb: DEBUG   : state event: {'cmd': 'update', 'arg': [{'state': 'UMGR_STAGING_OUTPUT_PENDING', 'type': 'unit', 'uid': 'unit.000000'}]}
2017-12-18 21:29:37,867: pmgr.0000           : MainProcess                     : pmgr.0000.subscriber._state_sub_cb: DEBUG   : state event: {'cmd': 'update', 'arg': [{'state': 'UMGR_STAGING_OUTPUT', 'type': 'unit', 'uid': 'unit.000000'}]}
2017-12-18 21:29:37,868: pmgr.0000           : MainProcess                     : pmgr.0000.subscriber._state_sub_cb: DEBUG   : state event: {'cmd': 'update', 'arg': [{'control': None, 'uid': 'unit.000000', 'stdout': '', 'states': ['NEW', 'UMGR_SCHEDULING_PENDING', 'UMGR_SCHEDULING', 'UMGR_STAGING_INPUT_PENDING', 'UMGR_STAGING_INPUT', 'AGENT_STAGING_INPUT_PENDING', 'AGENT_STAGING_INPUT', 'AGENT_SCHEDULING_PENDING', 'AGENT_SCHEDULING', 'AGENT_EXECUTING_PENDING', 'AGENT_EXECUTING', 'AGENT_STAGING_OUTPUT_PENDING', 'AGENT_STAGING_OUTPUT', 'UMGR_STAGING_OUTPUT_PENDING'], 'target_state': 'DONE', 'opaque_slots': {'task_slots': ['smic031:0'], 'task_offsets': 0, 'lm_info': {}}, 'umgr': 'umgr.0000', 'exit_code': 0, 'state': 'DONE', 'client_sandbox': '/home/vivek91/repos/adaptive-bms-experiments/task-count-adap/bin', 'type': 'unit', 'pilot_sandbox': 'gsisftp://supermic.cct-lsu.xsede.org:2222/work/vivek91/radical.pilot.sandbox/rp.session.js-17-212.jetstream-cloud.org.vivek91.017519.0015/pilot.0000/', 'resource_sandbox': 'gsisftp://supermic.cct-lsu.xsede.org:2222/work/vivek91/radical.pilot.sandbox', 'description': {'kernel': None, 'executable': 'stress-ng', 'name': 'radical.entk.task.js-17-212.jetstream-cloud.org.vivek91.017519.0014,radical.entk.stage.js-17-212.jetstream-cloud.org.vivek91.017519.0013,radical.entk.pipeline.js-17-212.jetstream-cloud.org.vivek91.017519.0012', 'restartable': False, 'output_staging': [], 'stdout': None, 'pre_exec': ['export PATH=/home/vivek91/tools/stress-ng-0.09.04:$PATH'], 'mpi': False, 'environment': None, 'cleanup': False, 'arguments': ['-c', '1', '-t', '120'], 'stderr': None, 'cores': 1, 'post_exec': [], 'input_staging': [], 'pilot': None}, 'stderr_file': '/worka/work/vivek91/radical.pilot.sandbox/rp.session.js-17-212.jetstream-cloud.org.vivek91.017519.0015/pilot.0000/unit.000000/STDERR', 'stdout_file': '/worka/work/vivek91/radical.pilot.sandbox/rp.session.js-17-212.jetstream-cloud.org.vivek91.017519.0015/pilot.0000/unit.000000/STDOUT', 'pilot': 'pilot.0000', 'name': 'radical.entk.task.js-17-212.jetstream-cloud.org.vivek91.017519.0014,radical.entk.stage.js-17-212.jetstream-cloud.org.vivek91.017519.0013,radical.entk.pipeline.js-17-212.jetstream-cloud.org.vivek91.017519.0012', 'cmd': [], 'stderr': 'stress-ng: info:  [5628] dispatching hogs: 1 cpu\nstress-ng: info:  [5628] successful run completed in 120.02s (2 mins, 0.02 secs)\n', '_id': 'unit.000000', 'unit_sandbox': 'gsisftp://supermic.cct-lsu.xsede.org:2222/work/vivek91/radical.pilot.sandbox/rp.session.js-17-212.jetstream-cloud.org.vivek91.017519.0015/pilot.0000//unit.000000/'}]}
2017-12-18 21:29:37,971: pmgr.0000           : MainProcess                     : pmgr.0000.subscriber._state_sub_cb: DEBUG   : state event: {'cmd': 'update', 'arg': [{'state': 'UMGR_SCHEDULING_PENDING', 'type': 'unit', 'uid': 'unit.000001'}]}
2017-12-18 21:29:37,973: pmgr.0000           : MainProcess                     : pmgr.0000.subscriber._state_sub_cb: DEBUG   : state event: {'cmd': 'update', 'arg': [{'state': 'UMGR_SCHEDULING', 'type': 'unit', 'uid': 'unit.000001'}]}
2017-12-18 21:29:37,974: pmgr.0000           : MainProcess                     : pmgr.0000.subscriber._state_sub_cb: DEBUG   : state event: {'cmd': 'update', 'arg': []}
2017-12-18 21:29:37,975: pmgr.0000           : MainProcess                     : pmgr.0000.subscriber._state_sub_cb: DEBUG   : state event: {'cmd': 'update', 'arg': [{'state': 'UMGR_STAGING_INPUT_PENDING', 'type': 'unit', 'uid': 'unit.000001'}]}
2017-12-18 21:29:37,976: pmgr.0000           : MainProcess                     : pmgr.0000.subscriber._state_sub_cb: DEBUG   : state event: {'cmd': 'update', 'arg': [{'state': 'UMGR_STAGING_INPUT', 'type': 'unit', 'uid': 'unit.000001'}]}
2017-12-18 21:29:37,976: pmgr.0000           : MainProcess                     : pmgr.0000.subscriber._state_sub_cb: DEBUG   : state event: {'cmd': 'update', 'arg': [{'resource_sandbox': 'gsisftp://supermic.cct-lsu.xsede.org:2222/work/vivek91/radical.pilot.sandbox', 'control': 'agent_pending', 'client_sandbox': '/home/vivek91/repos/adaptive-bms-experiments/task-count-adap/bin', 'description': {'kernel': None, 'executable': 'stress-ng', 'name': 'radical.entk.task.js-17-212.jetstream-cloud.org.vivek91.017519.0032,radical.entk.stage.js-17-212.jetstream-cloud.org.vivek91.017519.0031,radical.entk.pipeline.js-17-212.jetstream-cloud.org.vivek91.017519.0012', 'restartable': False, 'output_staging': [], 'stdout': None, 'pre_exec': ['export PATH=/home/vivek91/tools/stress-ng-0.09.04:$PATH'], 'mpi': False, 'environment': None, 'cleanup': False, 'arguments': ['-c', '1', '-t', '120'], 'stderr': None, 'cores': 1, 'post_exec': [], 'input_staging': [], 'pilot': None}, 'stdout': None, 'cmd': [], 'exit_code': None, 'states': ['NEW'], 'state': 'AGENT_STAGING_INPUT_PENDING', 'umgr': 'umgr.0000', 'pilot': 'pilot.0000', 'uid': 'unit.000001', 'pilot_sandbox': 'gsisftp://supermic.cct-lsu.xsede.org:2222/work/vivek91/radical.pilot.sandbox/rp.session.js-17-212.jetstream-cloud.org.vivek91.017519.0015/pilot.0000/', '_id': 'unit.000001', 'type': 'unit', 'stderr': None, 'unit_sandbox': 'gsisftp://supermic.cct-lsu.xsede.org:2222/work/vivek91/radical.pilot.sandbox/rp.session.js-17-212.jetstream-cloud.org.vivek91.017519.0015/pilot.0000//unit.000001/', 'name': 'radical.entk.task.js-17-212.jetstream-cloud.org.vivek91.017519.0032,radical.entk.stage.js-17-212.jetstream-cloud.org.vivek91.017519.0031,radical.entk.pipeline.js-17-212.jetstream-cloud.org.vivek91.017519.0012'}]}
2017-12-18 21:31:44,103: pmgr.0000           : MainProcess                     : pmgr.0000.subscriber._state_sub_cb: DEBUG   : state event: {'cmd': 'update', 'arg': [{'state': 'UMGR_STAGING_OUTPUT_PENDING', 'type': 'unit', 'uid': 'unit.000001'}]}
2017-12-18 21:31:44,104: pmgr.0000           : MainProcess                     : pmgr.0000.subscriber._state_sub_cb: DEBUG   : state event: {'cmd': 'update', 'arg': [{'state': 'UMGR_STAGING_OUTPUT', 'type': 'unit', 'uid': 'unit.000001'}]}
2017-12-18 21:31:44,105: pmgr.0000           : MainProcess                     : pmgr.0000.subscriber._state_sub_cb: DEBUG   : state event: {'cmd': 'update', 'arg': [{'control': None, 'uid': 'unit.000001', 'stdout': '', 'states': ['NEW', 'UMGR_SCHEDULING_PENDING', 'UMGR_SCHEDULING', 'UMGR_STAGING_INPUT_PENDING', 'UMGR_STAGING_INPUT', 'AGENT_STAGING_INPUT_PENDING', 'AGENT_STAGING_INPUT', 'AGENT_SCHEDULING_PENDING', 'AGENT_SCHEDULING', 'AGENT_EXECUTING_PENDING', 'AGENT_EXECUTING', 'AGENT_STAGING_OUTPUT_PENDING', 'AGENT_STAGING_OUTPUT', 'UMGR_STAGING_OUTPUT_PENDING'], 'target_state': 'DONE', 'opaque_slots': {'task_slots': ['smic031:0'], 'task_offsets': 0, 'lm_info': {}}, 'umgr': 'umgr.0000', 'exit_code': 0, 'state': 'DONE', 'client_sandbox': '/home/vivek91/repos/adaptive-bms-experiments/task-count-adap/bin', 'type': 'unit', 'pilot_sandbox': 'gsisftp://supermic.cct-lsu.xsede.org:2222/work/vivek91/radical.pilot.sandbox/rp.session.js-17-212.jetstream-cloud.org.vivek91.017519.0015/pilot.0000/', 'resource_sandbox': 'gsisftp://supermic.cct-lsu.xsede.org:2222/work/vivek91/radical.pilot.sandbox', 'description': {'kernel': None, 'executable': 'stress-ng', 'name': 'radical.entk.task.js-17-212.jetstream-cloud.org.vivek91.017519.0032,radical.entk.stage.js-17-212.jetstream-cloud.org.vivek91.017519.0031,radical.entk.pipeline.js-17-212.jetstream-cloud.org.vivek91.017519.0012', 'restartable': False, 'output_staging': [], 'stdout': None, 'pre_exec': ['export PATH=/home/vivek91/tools/stress-ng-0.09.04:$PATH'], 'mpi': False, 'environment': None, 'cleanup': False, 'arguments': ['-c', '1', '-t', '120'], 'stderr': None, 'cores': 1, 'post_exec': [], 'input_staging': [], 'pilot': None}, 'stderr_file': '/worka/work/vivek91/radical.pilot.sandbox/rp.session.js-17-212.jetstream-cloud.org.vivek91.017519.0015/pilot.0000/unit.000001/STDERR', 'stdout_file': '/worka/work/vivek91/radical.pilot.sandbox/rp.session.js-17-212.jetstream-cloud.org.vivek91.017519.0015/pilot.0000/unit.000001/STDOUT', 'pilot': 'pilot.0000', 'name': 'radical.entk.task.js-17-212.jetstream-cloud.org.vivek91.017519.0032,radical.entk.stage.js-17-212.jetstream-cloud.org.vivek91.017519.0031,radical.entk.pipeline.js-17-212.jetstream-cloud.org.vivek91.017519.0012', 'cmd': [], 'stderr': 'stress-ng: info:  [5748] dispatching hogs: 1 cpu\nstress-ng: info:  [5748] successful run completed in 120.01s (2 mins, 0.01 secs)\n', '_id': 'unit.000001', 'unit_sandbox': 'gsisftp://supermic.cct-lsu.xsede.org:2222/work/vivek91/radical.pilot.sandbox/rp.session.js-17-212.jetstream-cloud.org.vivek91.017519.0015/pilot.0000//unit.000001/'}]}
2017-12-18 21:31:44,208: pmgr.0000           : MainProcess                     : pmgr.0000.subscriber._state_sub_cb: DEBUG   : state event: {'cmd': 'update', 'arg': [{'state': 'UMGR_SCHEDULING_PENDING', 'type': 'unit', 'uid': 'unit.000002'}]}
2017-12-18 21:31:44,209: pmgr.0000           : MainProcess                     : pmgr.0000.subscriber._state_sub_cb: DEBUG   : state event: {'cmd': 'update', 'arg': [{'state': 'UMGR_SCHEDULING', 'type': 'unit', 'uid': 'unit.000002'}]}
2017-12-18 21:31:44,210: pmgr.0000           : MainProcess                     : pmgr.0000.subscriber._state_sub_cb: DEBUG   : state event: {'cmd': 'update', 'arg': []}
2017-12-18 21:31:44,210: pmgr.0000           : MainProcess                     : pmgr.0000.subscriber._state_sub_cb: DEBUG   : state event: {'cmd': 'update', 'arg': [{'state': 'UMGR_STAGING_INPUT_PENDING', 'type': 'unit', 'uid': 'unit.000002'}]}
2017-12-18 21:31:44,210: pmgr.0000           : MainProcess                     : pmgr.0000.subscriber._state_sub_cb: DEBUG   : state event: {'cmd': 'update', 'arg': [{'state': 'UMGR_STAGING_INPUT', 'type': 'unit', 'uid': 'unit.000002'}]}
2017-12-18 21:31:44,212: pmgr.0000           : MainProcess                     : pmgr.0000.subscriber._state_sub_cb: DEBUG   : state event: {'cmd': 'update', 'arg': [{'resource_sandbox': 'gsisftp://supermic.cct-lsu.xsede.org:2222/work/vivek91/radical.pilot.sandbox', 'control': 'agent_pending', 'client_sandbox': '/home/vivek91/repos/adaptive-bms-experiments/task-count-adap/bin', 'description': {'kernel': None, 'executable': 'stress-ng', 'name': 'radical.entk.task.js-17-212.jetstream-cloud.org.vivek91.017519.0048,radical.entk.stage.js-17-212.jetstream-cloud.org.vivek91.017519.0047,radical.entk.pipeline.js-17-212.jetstream-cloud.org.vivek91.017519.0012', 'restartable': False, 'output_staging': [], 'stdout': None, 'pre_exec': ['export PATH=/home/vivek91/tools/stress-ng-0.09.04:$PATH'], 'mpi': False, 'environment': None, 'cleanup': False, 'arguments': ['-c', '1', '-t', '120'], 'stderr': None, 'cores': 1, 'post_exec': [], 'input_staging': [], 'pilot': None}, 'stdout': None, 'cmd': [], 'exit_code': None, 'states': ['NEW'], 'state': 'AGENT_STAGING_INPUT_PENDING', 'umgr': 'umgr.0000', 'pilot': 'pilot.0000', 'uid': 'unit.000002', 'pilot_sandbox': 'gsisftp://supermic.cct-lsu.xsede.org:2222/work/vivek91/radical.pilot.sandbox/rp.session.js-17-212.jetstream-cloud.org.vivek91.017519.0015/pilot.0000/', '_id': 'unit.000002', 'type': 'unit', 'stderr': None, 'unit_sandbox': 'gsisftp://supermic.cct-lsu.xsede.org:2222/work/vivek91/radical.pilot.sandbox/rp.session.js-17-212.jetstream-cloud.org.vivek91.017519.0015/pilot.0000//unit.000002/', 'name': 'radical.entk.task.js-17-212.jetstream-cloud.org.vivek91.017519.0048,radical.entk.stage.js-17-212.jetstream-cloud.org.vivek91.017519.0047,radical.entk.pipeline.js-17-212.jetstream-cloud.org.vivek91.017519.0012'}]}
2017-12-18 21:33:49,159: pmgr.0000           : MainProcess                     : pmgr.0000.subscriber._state_sub_cb: DEBUG   : state event: {'cmd': 'update', 'arg': [{'state': 'UMGR_STAGING_OUTPUT_PENDING', 'type': 'unit', 'uid': 'unit.000002'}]}
2017-12-18 21:33:49,160: pmgr.0000           : MainProcess                     : pmgr.0000.subscriber._state_sub_cb: DEBUG   : state event: {'cmd': 'update', 'arg': [{'state': 'UMGR_STAGING_OUTPUT', 'type': 'unit', 'uid': 'unit.000002'}]}
2017-12-18 21:33:49,160: pmgr.0000           : MainProcess                     : pmgr.0000.subscriber._state_sub_cb: DEBUG   : state event: {'cmd': 'update', 'arg': [{'control': None, 'uid': 'unit.000002', 'stdout': '', 'states': ['NEW', 'UMGR_SCHEDULING_PENDING', 'UMGR_SCHEDULING', 'UMGR_STAGING_INPUT_PENDING', 'UMGR_STAGING_INPUT', 'AGENT_STAGING_INPUT_PENDING', 'AGENT_STAGING_INPUT', 'AGENT_SCHEDULING_PENDING', 'AGENT_SCHEDULING', 'AGENT_EXECUTING_PENDING', 'AGENT_EXECUTING', 'AGENT_STAGING_OUTPUT_PENDING', 'AGENT_STAGING_OUTPUT', 'UMGR_STAGING_OUTPUT_PENDING'], 'target_state': 'DONE', 'opaque_slots': {'task_slots': ['smic031:0'], 'task_offsets': 0, 'lm_info': {}}, 'umgr': 'umgr.0000', 'exit_code': 0, 'state': 'DONE', 'client_sandbox': '/home/vivek91/repos/adaptive-bms-experiments/task-count-adap/bin', 'type': 'unit', 'pilot_sandbox': 'gsisftp://supermic.cct-lsu.xsede.org:2222/work/vivek91/radical.pilot.sandbox/rp.session.js-17-212.jetstream-cloud.org.vivek91.017519.0015/pilot.0000/', 'resource_sandbox': 'gsisftp://supermic.cct-lsu.xsede.org:2222/work/vivek91/radical.pilot.sandbox', 'description': {'kernel': None, 'executable': 'stress-ng', 'name': 'radical.entk.task.js-17-212.jetstream-cloud.org.vivek91.017519.0048,radical.entk.stage.js-17-212.jetstream-cloud.org.vivek91.017519.0047,radical.entk.pipeline.js-17-212.jetstream-cloud.org.vivek91.017519.0012', 'restartable': False, 'output_staging': [], 'stdout': None, 'pre_exec': ['export PATH=/home/vivek91/tools/stress-ng-0.09.04:$PATH'], 'mpi': False, 'environment': None, 'cleanup': False, 'arguments': ['-c', '1', '-t', '120'], 'stderr': None, 'cores': 1, 'post_exec': [], 'input_staging': [], 'pilot': None}, 'stderr_file': '/worka/work/vivek91/radical.pilot.sandbox/rp.session.js-17-212.jetstream-cloud.org.vivek91.017519.0015/pilot.0000/unit.000002/STDERR', 'stdout_file': '/worka/work/vivek91/radical.pilot.sandbox/rp.session.js-17-212.jetstream-cloud.org.vivek91.017519.0015/pilot.0000/unit.000002/STDOUT', 'pilot': 'pilot.0000', 'name': 'radical.entk.task.js-17-212.jetstream-cloud.org.vivek91.017519.0048,radical.entk.stage.js-17-212.jetstream-cloud.org.vivek91.017519.0047,radical.entk.pipeline.js-17-212.jetstream-cloud.org.vivek91.017519.0012', 'cmd': [], 'stderr': 'stress-ng: info:  [5874] dispatching hogs: 1 cpu\nstress-ng: info:  [5874] successful run completed in 120.00s (2 mins, 0.00 secs)\n', '_id': 'unit.000002', 'unit_sandbox': 'gsisftp://supermic.cct-lsu.xsede.org:2222/work/vivek91/radical.pilot.sandbox/rp.session.js-17-212.jetstream-cloud.org.vivek91.017519.0015/pilot.0000//unit.000002/'}]}
2017-12-18 21:33:49,259: pmgr.0000           : MainProcess                     : pmgr.0000.subscriber._state_sub_cb: DEBUG   : state event: {'cmd': 'update', 'arg': [{'state': 'UMGR_SCHEDULING_PENDING', 'type': 'unit', 'uid': 'unit.000003'}]}
2017-12-18 21:33:49,260: pmgr.0000           : MainProcess                     : pmgr.0000.subscriber._state_sub_cb: DEBUG   : state event: {'cmd': 'update', 'arg': [{'state': 'UMGR_SCHEDULING', 'type': 'unit', 'uid': 'unit.000003'}]}
2017-12-18 21:33:49,261: pmgr.0000           : MainProcess                     : pmgr.0000.subscriber._state_sub_cb: DEBUG   : state event: {'cmd': 'update', 'arg': []}
2017-12-18 21:33:49,261: pmgr.0000           : MainProcess                     : pmgr.0000.subscriber._state_sub_cb: DEBUG   : state event: {'cmd': 'update', 'arg': [{'state': 'UMGR_STAGING_INPUT_PENDING', 'type': 'unit', 'uid': 'unit.000003'}]}
2017-12-18 21:33:49,262: pmgr.0000           : MainProcess                     : pmgr.0000.subscriber._state_sub_cb: DEBUG   : state event: {'cmd': 'update', 'arg': [{'state': 'UMGR_STAGING_INPUT', 'type': 'unit', 'uid': 'unit.000003'}]}
2017-12-18 21:33:49,263: pmgr.0000           : MainProcess                     : pmgr.0000.subscriber._state_sub_cb: DEBUG   : state event: {'cmd': 'update', 'arg': [{'resource_sandbox': 'gsisftp://supermic.cct-lsu.xsede.org:2222/work/vivek91/radical.pilot.sandbox', 'control': 'agent_pending', 'client_sandbox': '/home/vivek91/repos/adaptive-bms-experiments/task-count-adap/bin', 'description': {'kernel': None, 'executable': 'stress-ng', 'name': 'radical.entk.task.js-17-212.jetstream-cloud.org.vivek91.017519.0064,radical.entk.stage.js-17-212.jetstream-cloud.org.vivek91.017519.0063,radical.entk.pipeline.js-17-212.jetstream-cloud.org.vivek91.017519.0012', 'restartable': False, 'output_staging': [], 'stdout': None, 'pre_exec': ['export PATH=/home/vivek91/tools/stress-ng-0.09.04:$PATH'], 'mpi': False, 'environment': None, 'cleanup': False, 'arguments': ['-c', '1', '-t', '120'], 'stderr': None, 'cores': 1, 'post_exec': [], 'input_staging': [], 'pilot': None}, 'stdout': None, 'cmd': [], 'exit_code': None, 'states': ['NEW'], 'state': 'AGENT_STAGING_INPUT_PENDING', 'umgr': 'umgr.0000', 'pilot': 'pilot.0000', 'uid': 'unit.000003', 'pilot_sandbox': 'gsisftp://supermic.cct-lsu.xsede.org:2222/work/vivek91/radical.pilot.sandbox/rp.session.js-17-212.jetstream-cloud.org.vivek91.017519.0015/pilot.0000/', '_id': 'unit.000003', 'type': 'unit', 'stderr': None, 'unit_sandbox': 'gsisftp://supermic.cct-lsu.xsede.org:2222/work/vivek91/radical.pilot.sandbox/rp.session.js-17-212.jetstream-cloud.org.vivek91.017519.0015/pilot.0000//unit.000003/', 'name': 'radical.entk.task.js-17-212.jetstream-cloud.org.vivek91.017519.0064,radical.entk.stage.js-17-212.jetstream-cloud.org.vivek91.017519.0063,radical.entk.pipeline.js-17-212.jetstream-cloud.org.vivek91.017519.0012'}]}
2017-12-18 21:35:55,270: pmgr.0000           : MainProcess                     : pmgr.0000.subscriber._state_sub_cb: DEBUG   : state event: {'cmd': 'update', 'arg': [{'state': 'UMGR_STAGING_OUTPUT_PENDING', 'type': 'unit', 'uid': 'unit.000003'}]}
2017-12-18 21:35:55,271: pmgr.0000           : MainProcess                     : pmgr.0000.subscriber._state_sub_cb: DEBUG   : state event: {'cmd': 'update', 'arg': [{'state': 'UMGR_STAGING_OUTPUT', 'type': 'unit', 'uid': 'unit.000003'}]}
2017-12-18 21:35:55,272: pmgr.0000           : MainProcess                     : pmgr.0000.subscriber._state_sub_cb: DEBUG   : state event: {'cmd': 'update', 'arg': [{'control': None, 'uid': 'unit.000003', 'stdout': '', 'states': ['NEW', 'UMGR_SCHEDULING_PENDING', 'UMGR_SCHEDULING', 'UMGR_STAGING_INPUT_PENDING', 'UMGR_STAGING_INPUT', 'AGENT_STAGING_INPUT_PENDING', 'AGENT_STAGING_INPUT', 'AGENT_SCHEDULING_PENDING', 'AGENT_SCHEDULING', 'AGENT_EXECUTING_PENDING', 'AGENT_EXECUTING', 'AGENT_STAGING_OUTPUT_PENDING', 'AGENT_STAGING_OUTPUT', 'UMGR_STAGING_OUTPUT_PENDING'], 'target_state': 'DONE', 'opaque_slots': {'task_slots': ['smic031:0'], 'task_offsets': 0, 'lm_info': {}}, 'umgr': 'umgr.0000', 'exit_code': 0, 'state': 'DONE', 'client_sandbox': '/home/vivek91/repos/adaptive-bms-experiments/task-count-adap/bin', 'type': 'unit', 'pilot_sandbox': 'gsisftp://supermic.cct-lsu.xsede.org:2222/work/vivek91/radical.pilot.sandbox/rp.session.js-17-212.jetstream-cloud.org.vivek91.017519.0015/pilot.0000/', 'resource_sandbox': 'gsisftp://supermic.cct-lsu.xsede.org:2222/work/vivek91/radical.pilot.sandbox', 'description': {'kernel': None, 'executable': 'stress-ng', 'name': 'radical.entk.task.js-17-212.jetstream-cloud.org.vivek91.017519.0064,radical.entk.stage.js-17-212.jetstream-cloud.org.vivek91.017519.0063,radical.entk.pipeline.js-17-212.jetstream-cloud.org.vivek91.017519.0012', 'restartable': False, 'output_staging': [], 'stdout': None, 'pre_exec': ['export PATH=/home/vivek91/tools/stress-ng-0.09.04:$PATH'], 'mpi': False, 'environment': None, 'cleanup': False, 'arguments': ['-c', '1', '-t', '120'], 'stderr': None, 'cores': 1, 'post_exec': [], 'input_staging': [], 'pilot': None}, 'stderr_file': '/worka/work/vivek91/radical.pilot.sandbox/rp.session.js-17-212.jetstream-cloud.org.vivek91.017519.0015/pilot.0000/unit.000003/STDERR', 'stdout_file': '/worka/work/vivek91/radical.pilot.sandbox/rp.session.js-17-212.jetstream-cloud.org.vivek91.017519.0015/pilot.0000/unit.000003/STDOUT', 'pilot': 'pilot.0000', 'name': 'radical.entk.task.js-17-212.jetstream-cloud.org.vivek91.017519.0064,radical.entk.stage.js-17-212.jetstream-cloud.org.vivek91.017519.0063,radical.entk.pipeline.js-17-212.jetstream-cloud.org.vivek91.017519.0012', 'cmd': [], 'stderr': 'stress-ng: info:  [5995] dispatching hogs: 1 cpu\nstress-ng: info:  [5995] successful run completed in 120.03s (2 mins, 0.03 secs)\n', '_id': 'unit.000003', 'unit_sandbox': 'gsisftp://supermic.cct-lsu.xsede.org:2222/work/vivek91/radical.pilot.sandbox/rp.session.js-17-212.jetstream-cloud.org.vivek91.017519.0015/pilot.0000//unit.000003/'}]}
2017-12-18 21:35:55,387: pmgr.0000           : MainProcess                     : pmgr.0000.subscriber._state_sub_cb: DEBUG   : state event: {'cmd': 'update', 'arg': [{'state': 'UMGR_SCHEDULING_PENDING', 'type': 'unit', 'uid': 'unit.000004'}]}
2017-12-18 21:35:55,390: pmgr.0000           : MainProcess                     : pmgr.0000.subscriber._state_sub_cb: DEBUG   : state event: {'cmd': 'update', 'arg': [{'state': 'UMGR_SCHEDULING', 'type': 'unit', 'uid': 'unit.000004'}]}
2017-12-18 21:35:55,391: pmgr.0000           : MainProcess                     : pmgr.0000.subscriber._state_sub_cb: DEBUG   : state event: {'cmd': 'update', 'arg': []}
2017-12-18 21:35:55,391: pmgr.0000           : MainProcess                     : pmgr.0000.subscriber._state_sub_cb: DEBUG   : state event: {'cmd': 'update', 'arg': [{'state': 'UMGR_STAGING_INPUT_PENDING', 'type': 'unit', 'uid': 'unit.000004'}]}
2017-12-18 21:35:55,392: pmgr.0000           : MainProcess                     : pmgr.0000.subscriber._state_sub_cb: DEBUG   : state event: {'cmd': 'update', 'arg': [{'state': 'UMGR_STAGING_INPUT', 'type': 'unit', 'uid': 'unit.000004'}]}
2017-12-18 21:35:55,392: pmgr.0000           : MainProcess                     : pmgr.0000.subscriber._state_sub_cb: DEBUG   : state event: {'cmd': 'update', 'arg': [{'resource_sandbox': 'gsisftp://supermic.cct-lsu.xsede.org:2222/work/vivek91/radical.pilot.sandbox', 'control': 'agent_pending', 'client_sandbox': '/home/vivek91/repos/adaptive-bms-experiments/task-count-adap/bin', 'description': {'kernel': None, 'executable': 'stress-ng', 'name': 'radical.entk.task.js-17-212.jetstream-cloud.org.vivek91.017519.0080,radical.entk.stage.js-17-212.jetstream-cloud.org.vivek91.017519.0079,radical.entk.pipeline.js-17-212.jetstream-cloud.org.vivek91.017519.0012', 'restartable': False, 'output_staging': [], 'stdout': None, 'pre_exec': ['export PATH=/home/vivek91/tools/stress-ng-0.09.04:$PATH'], 'mpi': False, 'environment': None, 'cleanup': False, 'arguments': ['-c', '1', '-t', '120'], 'stderr': None, 'cores': 1, 'post_exec': [], 'input_staging': [], 'pilot': None}, 'stdout': None, 'cmd': [], 'exit_code': None, 'states': ['NEW'], 'state': 'AGENT_STAGING_INPUT_PENDING', 'umgr': 'umgr.0000', 'pilot': 'pilot.0000', 'uid': 'unit.000004', 'pilot_sandbox': 'gsisftp://supermic.cct-lsu.xsede.org:2222/work/vivek91/radical.pilot.sandbox/rp.session.js-17-212.jetstream-cloud.org.vivek91.017519.0015/pilot.0000/', '_id': 'unit.000004', 'type': 'unit', 'stderr': None, 'unit_sandbox': 'gsisftp://supermic.cct-lsu.xsede.org:2222/work/vivek91/radical.pilot.sandbox/rp.session.js-17-212.jetstream-cloud.org.vivek91.017519.0015/pilot.0000//unit.000004/', 'name': 'radical.entk.task.js-17-212.jetstream-cloud.org.vivek91.017519.0080,radical.entk.stage.js-17-212.jetstream-cloud.org.vivek91.017519.0079,radical.entk.pipeline.js-17-212.jetstream-cloud.org.vivek91.017519.0012'}]}
2017-12-18 21:38:00,645: pmgr.0000           : MainProcess                     : pmgr.0000.subscriber._state_sub_cb: DEBUG   : state event: {'cmd': 'update', 'arg': [{'state': 'UMGR_STAGING_OUTPUT_PENDING', 'type': 'unit', 'uid': 'unit.000004'}]}
2017-12-18 21:38:00,646: pmgr.0000           : MainProcess                     : pmgr.0000.subscriber._state_sub_cb: DEBUG   : state event: {'cmd': 'update', 'arg': [{'state': 'UMGR_STAGING_OUTPUT', 'type': 'unit', 'uid': 'unit.000004'}]}
2017-12-18 21:38:00,650: pmgr.0000           : MainProcess                     : pmgr.0000.subscriber._state_sub_cb: DEBUG   : state event: {'cmd': 'update', 'arg': [{'control': None, 'uid': 'unit.000004', 'stdout': '', 'states': ['NEW', 'UMGR_SCHEDULING_PENDING', 'UMGR_SCHEDULING', 'UMGR_STAGING_INPUT_PENDING', 'UMGR_STAGING_INPUT', 'AGENT_STAGING_INPUT_PENDING', 'AGENT_STAGING_INPUT', 'AGENT_SCHEDULING_PENDING', 'AGENT_SCHEDULING', 'AGENT_EXECUTING_PENDING', 'AGENT_EXECUTING', 'AGENT_STAGING_OUTPUT_PENDING', 'AGENT_STAGING_OUTPUT', 'UMGR_STAGING_OUTPUT_PENDING'], 'target_state': 'DONE', 'opaque_slots': {'task_slots': ['smic031:0'], 'task_offsets': 0, 'lm_info': {}}, 'umgr': 'umgr.0000', 'exit_code': 0, 'state': 'DONE', 'client_sandbox': '/home/vivek91/repos/adaptive-bms-experiments/task-count-adap/bin', 'type': 'unit', 'pilot_sandbox': 'gsisftp://supermic.cct-lsu.xsede.org:2222/work/vivek91/radical.pilot.sandbox/rp.session.js-17-212.jetstream-cloud.org.vivek91.017519.0015/pilot.0000/', 'resource_sandbox': 'gsisftp://supermic.cct-lsu.xsede.org:2222/work/vivek91/radical.pilot.sandbox', 'description': {'kernel': None, 'executable': 'stress-ng', 'name': 'radical.entk.task.js-17-212.jetstream-cloud.org.vivek91.017519.0080,radical.entk.stage.js-17-212.jetstream-cloud.org.vivek91.017519.0079,radical.entk.pipeline.js-17-212.jetstream-cloud.org.vivek91.017519.0012', 'restartable': False, 'output_staging': [], 'stdout': None, 'pre_exec': ['export PATH=/home/vivek91/tools/stress-ng-0.09.04:$PATH'], 'mpi': False, 'environment': None, 'cleanup': False, 'arguments': ['-c', '1', '-t', '120'], 'stderr': None, 'cores': 1, 'post_exec': [], 'input_staging': [], 'pilot': None}, 'stderr_file': '/worka/work/vivek91/radical.pilot.sandbox/rp.session.js-17-212.jetstream-cloud.org.vivek91.017519.0015/pilot.0000/unit.000004/STDERR', 'stdout_file': '/worka/work/vivek91/radical.pilot.sandbox/rp.session.js-17-212.jetstream-cloud.org.vivek91.017519.0015/pilot.0000/unit.000004/STDOUT', 'pilot': 'pilot.0000', 'name': 'radical.entk.task.js-17-212.jetstream-cloud.org.vivek91.017519.0080,radical.entk.stage.js-17-212.jetstream-cloud.org.vivek91.017519.0079,radical.entk.pipeline.js-17-212.jetstream-cloud.org.vivek91.017519.0012', 'cmd': [], 'stderr': 'stress-ng: info:  [6115] dispatching hogs: 1 cpu\nstress-ng: info:  [6115] successful run completed in 120.01s (2 mins, 0.01 secs)\n', '_id': 'unit.000004', 'unit_sandbox': 'gsisftp://supermic.cct-lsu.xsede.org:2222/work/vivek91/radical.pilot.sandbox/rp.session.js-17-212.jetstream-cloud.org.vivek91.017519.0015/pilot.0000//unit.000004/'}]}
2017-12-18 21:38:16,749: pmgr.0000           : MainProcess                     : MainThread     : DEBUG   : in cancel_pilots: ['  File "task_dur.py", line 118, in <module>\n    appman.run()\n', '  File "/home/vivek91/ves/paper-adap/local/lib/python2.7/site-packages/radical/entk/appman/appmanager.py", line 405, in run\n    self._resource_manager._cancel_resource_request()\n', '  File "/home/vivek91/ves/paper-adap/local/lib/python2.7/site-packages/radical/entk/execman/resource_manager.py", line 384, in _cancel_resource_request\n    self._pilot.cancel()\n', '  File "/home/vivek91/ves/paper-adap/local/lib/python2.7/site-packages/radical/pilot/compute_pilot.py", line 538, in cancel\n    self._pmgr.cancel_pilots(self.uid)\n', '  File "/home/vivek91/ves/paper-adap/local/lib/python2.7/site-packages/radical/pilot/pilot_manager.py", line 718, in cancel_pilots\n    self._log.debug(\'in cancel_pilots: %s\', ru.get_stacktrace())\n']
2017-12-18 21:38:20,788: pmgr.0000           : MainProcess                     : pmgr.0000.idler._state_pull_cb: DEBUG   : pilot.0000 calls cb <bound method ComputePilot._default_state_cb of ['pilot.0000', 'xsede.supermic', 'CANCELED']>
2017-12-18 21:38:20,788: pmgr.0000           : MainProcess                     : pmgr.0000.idler._state_pull_cb: INFO    : [Callback]: pilot pilot.0000 state: CANCELED.
2017-12-18 21:38:20,789: pmgr.0000           : MainProcess                     : pmgr.0000.idler._state_pull_cb: DEBUG   : pmgr calls cb pilot.0000 for <function _pilot_state_cb at 0x7ff19ba8ad70>
2017-12-18 21:38:20,789: pmgr.0000           : MainProcess                     : pmgr.0000.idler._state_pull_cb: DEBUG   : advance bulk size: 1 [False, True]
2017-12-18 21:38:20,790: pmgr.0000           : MainProcess                     : pmgr.0000.subscriber._state_sub_cb: DEBUG   : state event: {'cmd': 'update', 'arg': [{'control': 'pmgr', 'uid': 'pilot.0000', 'stdout': None, 'cfg': {'export_to_cu': None, 'spawner': 'POPEN', 'cu_pre_exec': None, 'owner': 'agent_0', 'bridges': {'state_pubsub': {'bulk_size': 0, 'stall_hwm': 1, 'log_level': 'debug'}, 'agent_unschedule_pubsub': {'bulk_size': 0, 'stall_hwm': 1, 'log_level': 'debug'}, 'log_pubsub': {'bulk_size': 0, 'stall_hwm': 1, 'log_level': 'debug'}, 'agent_staging_output_queue': {'bulk_size': 0, 'stall_hwm': 1, 'log_level': 'debug'}, 'agent_scheduling_queue': {'bulk_size': 0, 'stall_hwm': 1, 'log_level': 'debug'}, 'control_pubsub': {'bulk_size': 0, 'stall_hwm': 1, 'log_level': 'debug'}, 'agent_executing_queue': {'bulk_size': 0, 'stall_hwm': 1, 'log_level': 'debug'}, 'agent_reschedule_pubsub': {'bulk_size': 0, 'stall_hwm': 1, 'log_level': 'debug'}, 'agent_staging_input_queue': {'bulk_size': 0, 'stall_hwm': 1, 'log_level': 'debug'}}, 'logdir': '.', 'task_launch_method': 'SSH', 'pilot_sandbox': '/work/vivek91/radical.pilot.sandbox/rp.session.js-17-212.jetstream-cloud.org.vivek91.017519.0015/pilot.0000/', 'cu_tmp': None, 'cu_post_exec': None, 'max_io_loglength': 1024, 'cores_per_node': 20, 'agent_launch_method': 'SSH', 'bulk_collection_time': 1.0, 'mpi_launch_method': 'MPIEXEC', 'scheduler': 'CONTINUOUS', 'session_sandbox': '/work/vivek91/radical.pilot.sandbox/rp.session.js-17-212.jetstream-cloud.org.vivek91.017519.0015', 'lrms': 'TORQUE', 'pilot_id': 'pilot.0000', 'runtime': 26, 'dburl': 'mongodb://entk:entk@ds141406.mlab.com:41406/adap-task-count', 'target': 'local', 'staging_area': 'staging_area', 'bulk_collection_size': 100, 'staging_schema': 'staging', 'resource_sandbox': '/work/vivek91/radical.pilot.sandbox', 'session_id': 'rp.session.js-17-212.jetstream-cloud.org.vivek91.017519.0015', 'mode': 'shared', 'components': {'AgentStagingOutputComponent': {'count': 1}, 'AgentSchedulingComponent': {'count': 1}, 'UpdateWorker': {'count': 1}, 'AgentStagingInputComponent': {'count': 1}, 'AgentExecutingComponent': {'count': 1}}, 'debug': 10, 'cores': 40, 'resource_cfg': {'agent_scheduler': 'CONTINUOUS', 'default_remote_workdir': '/work/$USER', 'rp_version': 'local', 'pre_bootstrap_1': ['module load python/2.7.7-anaconda'], 'python_dist': 'default', 'agent_spawner': 'POPEN', 'job_manager_endpoint': 'torque+gsissh://supermic.cct-lsu.xsede.org:2222/', 'schemas': ['gsissh', 'ssh'], 'filesystem_endpoint': 'gsisftp://supermic.cct-lsu.xsede.org:2222/', 'label': 'xsede.supermic_ssh', 'gsissh': {'filesystem_endpoint': 'gsisftp://supermic.cct-lsu.xsede.org:2222/', 'job_manager_endpoint': 'torque+gsissh://supermic.cct-lsu.xsede.org:2222/'}, 'valid_roots': ['/work'], 'task_launch_method': 'SSH', 'virtenv_mode': 'create', 'description': "SuperMIC (pronounced 'Super Mick') is Louisiana State University's (LSU) newest supercomputer funded by the National Science Foundation's (NSF) Major Research Instrumentation (MRI) award to the Center for Computation & Technology. (https://portal.xsede.org/lsu-supermic)", 'default_queue': 'workq', 'cores_per_node': '20', 'agent_launch_method': 'SSH', 'mpi_launch_method': 'MPIEXEC', 'ssh': {'filesystem_endpoint': 'sftp://supermic.cct-lsu.xsede.org/', 'job_manager_endpoint': 'torque+ssh://supermic.cct-lsu.xsede.org/'}, 'lrms': 'TORQUE', 'notes': 'Partially allocated through XSEDE. Primary access through GSISSH. Allows SSH key authentication too.'}, 'db_poll_sleeptime': 1.0}, 'states': ['NEW', 'PMGR_LAUNCHING_PENDING', 'PMGR_LAUNCHING', 'PMGR_ACTIVE_PENDING', 'PMGR_ACTIVE', 'PMGR_ACTIVE', 'CANCELED'], 'session': 'rp.session.js-17-212.jetstream-cloud.org.vivek91.017519.0015', 'js_url': 'torque+gsissh://supermic.cct-lsu.xsede.org:2222/', 'log': None, 'state': 'CANCELED', 'client_sandbox': '/home/vivek91/repos/adaptive-bms-experiments/task-count-adap/bin', 'type': 'pilot', 'pilot_sandbox': 'gsisftp://supermic.cct-lsu.xsede.org:2222/work/vivek91/radical.pilot.sandbox/rp.session.js-17-212.jetstream-cloud.org.vivek91.017519.0015/pilot.0000/', 'resource_sandbox': 'gsisftp://supermic.cct-lsu.xsede.org:2222/work/vivek91/radical.pilot.sandbox', 'description': {'queue': None, 'resource': 'xsede.supermic', 'exit_on_error': False, 'candidate_hosts': None, 'project': 'TG-MCB090174', 'sandbox': None, 'cleanup': None, 'access_schema': 'gsissh', 'memory': None, 'cores': 21, 'runtime': 26}, 'pmgr': 'pmgr.0000', 'finished': 1513654700.820758, 'resource_details': {'lm_detail': None, 'lm_info': None}, 'resource': 'xsede.supermic', 'cmd': [], 'stderr': None, 'js_hop': 'torque+gsissh://supermic.cct-lsu.xsede.org:2222/', '_id': 'pilot.0000'}]}
2017-12-18 21:38:20,862: pmgr.0000           : MainProcess                     : MainThread     : DEBUG   : in cancel_pilots: ['  File "task_dur.py", line 118, in <module>\n    appman.run()\n', '  File "/home/vivek91/ves/paper-adap/local/lib/python2.7/site-packages/radical/entk/appman/appmanager.py", line 405, in run\n    self._resource_manager._cancel_resource_request()\n', '  File "/home/vivek91/ves/paper-adap/local/lib/python2.7/site-packages/radical/entk/execman/resource_manager.py", line 385, in _cancel_resource_request\n    self._session.close(cleanup=False)\n', '  File "/home/vivek91/ves/paper-adap/local/lib/python2.7/site-packages/radical/pilot/session.py", line 462, in close\n    pmgr.close(terminate=terminate)\n', '  File "/home/vivek91/ves/paper-adap/local/lib/python2.7/site-packages/radical/pilot/pilot_manager.py", line 196, in close\n    self.cancel_pilots(_timeout=10)\n', '  File "/home/vivek91/ves/paper-adap/local/lib/python2.7/site-packages/radical/pilot/pilot_manager.py", line 718, in cancel_pilots\n    self._log.debug(\'in cancel_pilots: %s\', ru.get_stacktrace())\n']
2017-12-18 21:38:20,921: pmgr.0000           : MainProcess                     : MainThread     : INFO    : stop pmgr.0000 (31013 : None : MainThread) [radical.pilot.pilot_manager.PilotManager.close]
2017-12-18 21:38:20,938: pmgr.0000           : MainProcess                     : MainThread     : INFO    : parent stops child  31013 -> None [pmgr.0000]
2017-12-18 21:38:21,792: pmgr.0000           : MainProcess                     : pmgr.0000.idler._state_pull_cb: INFO    : put message: [pmgr.0000.idler._state_pull_cb.thread] work finished
2017-12-18 21:38:21,792: pmgr.0000           : MainProcess                     : pmgr.0000.idler._state_pull_cb: DEBUG   : ru_finalize_child (NOOP)
2017-12-18 21:38:21,793: pmgr.0000           : MainProcess                     : pmgr.0000.idler._state_pull_cb: DEBUG   : ru_finalize_common (NOOP)
2017-12-18 21:38:21,793: pmgr.0000           : MainProcess                     : pmgr.0000.idler._state_pull_cb: INFO    : put message: [pmgr.0000.idler._state_pull_cb.thread] terminating
2017-12-18 21:38:23,297: pmgr.0000           : MainProcess                     : MainThread     : DEBUG   : ru_finalize_common()
2017-12-18 21:38:23,297: pmgr.0000           : MainProcess                     : MainThread     : DEBUG   : TERM : pmgr.0000 unregister publisher log_pubsub
2017-12-18 21:38:23,298: pmgr.0000           : MainProcess                     : MainThread     : DEBUG   : unregistered publisher log_pubsub
2017-12-18 21:38:23,299: pmgr.0000           : MainProcess                     : MainThread     : DEBUG   : TERM : pmgr.0000 unregister publisher state_pubsub
2017-12-18 21:38:23,300: pmgr.0000           : MainProcess                     : MainThread     : DEBUG   : unregistered publisher state_pubsub
2017-12-18 21:38:23,300: pmgr.0000           : MainProcess                     : MainThread     : DEBUG   : TERM : pmgr.0000 unregister publisher control_pubsub
2017-12-18 21:38:23,301: pmgr.0000           : MainProcess                     : MainThread     : DEBUG   : unregistered publisher control_pubsub
2017-12-18 21:38:23,301: pmgr.0000           : MainProcess                     : MainThread     : DEBUG   : pmgr.0000 close prof
2017-12-18 21:38:23,315: pmgr.0000           : MainProcess                     : MainThread     : INFO    : parent stops child
2017-12-18 21:38:23,315: pmgr.0000           : MainProcess                     : MainThread     : DEBUG   : ru_finalize_parent (NOOP)
2017-12-18 21:38:23,316: pmgr.0000           : MainProcess                     : pmgr.0000.subscriber._staging_ack_cb: DEBUG   : ru_finalize_child (NOOP)
2017-12-18 21:38:23,316: pmgr.0000           : MainProcess                     : pmgr.0000.subscriber._staging_ack_cb: INFO    : put message: [pmgr.0000.subscriber._staging_ack_cb.thread] terminating
2017-12-18 21:38:23,317: pmgr.0000           : MainProcess                     : MainThread     : INFO    : parent stops child
2017-12-18 21:38:23,317: pmgr.0000           : MainProcess                     : MainThread     : DEBUG   : ru_finalize_parent (NOOP)
2017-12-18 21:38:23,318: pmgr.0000           : MainProcess                     : pmgr.0000.subscriber._state_sub_cb: DEBUG   : ru_finalize_child (NOOP)
2017-12-18 21:38:23,318: pmgr.0000           : MainProcess                     : pmgr.0000.subscriber._state_sub_cb: INFO    : put message: [pmgr.0000.subscriber._state_sub_cb.thread] terminating
2017-12-18 21:38:23,319: pmgr.0000           : MainProcess                     : MainThread     : INFO    : parent stops child
2017-12-18 21:38:23,319: pmgr.0000           : MainProcess                     : MainThread     : DEBUG   : ru_finalize_parent (NOOP)
2017-12-18 21:38:23,320: pmgr.0000           : MainProcess                     : MainThread     : DEBUG   : ru_finalize_common (NOOP)
2017-12-18 21:38:23,320: pmgr.0000           : MainProcess                     : MainThread     : INFO    : Closed PilotManager pmgr.0000.
2017-12-18 21:38:26,497: pmgr.0000           : MainProcess                     : MainThread     : INFO    : stop pmgr.0000 (31013 : None : MainThread) [radical.pilot.session.Session.close]
2017-12-18 21:38:26,498: pmgr.0000           : MainProcess                     : MainThread     : INFO    : parent stops child
2017-12-18 21:38:26,498: pmgr.0000           : MainProcess                     : MainThread     : INFO    : parent stops child
2017-12-18 21:38:26,498: pmgr.0000           : MainProcess                     : MainThread     : INFO    : parent stops child
