2017-12-18 21:27:30,157: state.pubsub.pub.0005: umgr.0000.scheduling.0          : MainThread     : INFO    : python.interpreter   version: 2.7.12 (default, Nov 20 2017, 18:23:56) [GCC 5.4.0 20160609]
2017-12-18 21:27:30,157: state.pubsub.pub.0005: umgr.0000.scheduling.0          : MainThread     : INFO    :                      pid: 881
2017-12-18 21:27:30,157: state.pubsub.pub.0005: umgr.0000.scheduling.0          : MainThread     : INFO    :                      tid: MainThread
2017-12-18 21:27:30,157: state.pubsub.pub.0005: umgr.0000.scheduling.0          : MainThread     : INFO    : radical.pilot        version: 0.47.1
2017-12-18 21:27:30,157: state.pubsub.pub.0005: umgr.0000.scheduling.0          : MainThread     : INFO    : create state_pubsub - pub - tcp://172.30.238.6:37326
2017-12-18 21:27:30,158: state.pubsub.pub.0005: umgr.0000.scheduling.0          : MainThread     : DEBUG   : start process
2017-12-18 21:27:30,158: state.pubsub.pub.0005: umgr.0000.scheduling.0          : MainThread     : DEBUG   : ru_initialize_common (NOOP)
2017-12-18 21:27:30,158: state.pubsub.pub.0005: umgr.0000.scheduling.0          : MainThread     : DEBUG   : ru_initialize_parent (NOOP)
2017-12-18 21:27:30,158: state.pubsub.pub.0005: umgr.0000.scheduling.0          : MainThread     : DEBUG   : process class started (no child)
2017-12-18 21:27:30,196: state.pubsub.pub.0005: task-manager                    : MainThread     : INFO    : python.interpreter   version: 2.7.12 (default, Nov 20 2017, 18:23:56) [GCC 5.4.0 20160609]
2017-12-18 21:27:30,196: state.pubsub.pub.0005: task-manager                    : MainThread     : INFO    :                      pid: 648
2017-12-18 21:27:30,196: state.pubsub.pub.0005: task-manager                    : MainThread     : INFO    :                      tid: MainThread
2017-12-18 21:27:30,196: state.pubsub.pub.0005: task-manager                    : MainThread     : INFO    : radical.pilot        version: 0.47.1
2017-12-18 21:27:30,196: state.pubsub.pub.0005: task-manager                    : MainThread     : INFO    : create state_pubsub - pub - tcp://172.30.238.6:37326
2017-12-18 21:27:30,197: state.pubsub.pub.0005: task-manager                    : MainThread     : DEBUG   : start process
2017-12-18 21:27:30,197: state.pubsub.pub.0005: task-manager                    : MainThread     : DEBUG   : ru_initialize_common (NOOP)
2017-12-18 21:27:30,197: state.pubsub.pub.0005: task-manager                    : MainThread     : DEBUG   : ru_initialize_parent (NOOP)
2017-12-18 21:27:30,197: state.pubsub.pub.0005: task-manager                    : MainThread     : DEBUG   : process class started (no child)
2017-12-18 21:38:16,823: state.pubsub.pub.0005: umgr.0000.scheduling.0          : umgr.0000.scheduling.0.child.subscriber._cancel_monitor_cb: INFO    : parent stops child  881 -> None [state.pubsub.pub.0005]
2017-12-18 21:38:16,823: state.pubsub.pub.0005: umgr.0000.scheduling.0          : umgr.0000.scheduling.0.child.subscriber._cancel_monitor_cb: DEBUG   : ru_finalize_parent (NOOP)
