2017-12-18 21:26:06,313: update.0.child      : update.0                        : MainThread     : INFO    : python.interpreter   version: 2.7.12 (default, Nov 20 2017, 18:23:56) [GCC 5.4.0 20160609]
2017-12-18 21:26:06,314: update.0.child      : update.0                        : MainThread     : INFO    :                      pid: 31162
2017-12-18 21:26:06,314: update.0.child      : update.0                        : MainThread     : INFO    :                      tid: MainThread
2017-12-18 21:26:06,314: update.0.child      : update.0                        : MainThread     : INFO    : radical.pilot        version: 0.47.1
2017-12-18 21:26:07,350: update.0.child      : update.0                        : MainThread     : INFO    : initialize update.0.child
2017-12-18 21:26:07,356: update.0.child      : update.0                        : MainThread     : INFO    : cfg: {'agents': {},
 u'bridges': {u'control_pubsub': {'addr_in': 'tcp://172.30.238.6:42327',
                                  'addr_out': 'tcp://172.30.238.6:44861',
                                  u'bulk_size': 0,
                                  u'log_level': u'debug',
                                  u'stall_hwm': 1},
              u'log_pubsub': {'addr_in': 'tcp://172.30.238.6:45919',
                              'addr_out': 'tcp://172.30.238.6:33073',
                              u'bulk_size': 0,
                              u'log_level': u'debug',
                              u'stall_hwm': 1},
              u'state_pubsub': {'addr_in': 'tcp://172.30.238.6:37326',
                                'addr_out': 'tcp://172.30.238.6:45785',
                                u'bulk_size': 0,
                                u'log_level': u'debug',
                                u'stall_hwm': 1}},
 'cname': u'UpdateWorker',
 u'components': {},
 u'count': 1,
 'dburl': 'mongodb://entk:entk@ds141406.mlab.com:41406/adap-task-count',
 'debug': 'DEBUG',
 u'default_dburl': u'mongodb://rp:rp@ds015335.mlab.com:15335/rp',
 'logdir': '/home/vivek91/repos/adaptive-bms-experiments/task-count-adap/bin/rp.session.js-17-212.jetstream-cloud.org.vivek91.017519.0015',
 'number': 0,
 'owner': 'rp.session.js-17-212.jetstream-cloud.org.vivek91.017519.0015',
 'session_id': 'rp.session.js-17-212.jetstream-cloud.org.vivek91.017519.0015'}
2017-12-18 21:26:07,356: update.0.child      : update.0                        : MainThread     : DEBUG   : start components: {}
2017-12-18 21:26:07,356: update.0.child      : update.0                        : MainThread     : DEBUG   : alive check in term
2017-12-18 21:26:07,356: update.0.child      : update.0                        : MainThread     : DEBUG   : START: update.0.child register publisher log_pubsub
2017-12-18 21:26:07,357: update.0.child      : update.0                        : MainThread     : DEBUG   : using addr tcp://172.30.238.6:45919 for pubsub log_pubsub
2017-12-18 21:26:07,360: update.0.child      : update.0                        : MainThread     : DEBUG   : registered publisher : log_pubsub : log.pubsub.pub.0000
2017-12-18 21:26:07,360: update.0.child      : update.0                        : MainThread     : DEBUG   : alive check in term
2017-12-18 21:26:07,360: update.0.child      : update.0                        : MainThread     : DEBUG   : START: update.0.child register publisher state_pubsub
2017-12-18 21:26:07,360: update.0.child      : update.0                        : MainThread     : DEBUG   : using addr tcp://172.30.238.6:37326 for pubsub state_pubsub
2017-12-18 21:26:07,364: update.0.child      : update.0                        : MainThread     : DEBUG   : registered publisher : state_pubsub : state.pubsub.pub.0000
2017-12-18 21:26:07,364: update.0.child      : update.0                        : MainThread     : DEBUG   : alive check in term
2017-12-18 21:26:07,364: update.0.child      : update.0                        : MainThread     : DEBUG   : START: update.0.child register publisher control_pubsub
2017-12-18 21:26:07,364: update.0.child      : update.0                        : MainThread     : DEBUG   : using addr tcp://172.30.238.6:42327 for pubsub control_pubsub
2017-12-18 21:26:07,387: update.0.child      : update.0                        : MainThread     : DEBUG   : registered publisher : control_pubsub : control.pubsub.pub.0000
2017-12-18 21:26:07,387: update.0.child      : update.0                        : MainThread     : DEBUG   : alive check in term
2017-12-18 21:26:07,387: update.0.child      : update.0                        : MainThread     : DEBUG   : START: update.0.child register subscriber update.0.child.subscriber._cancel_monitor_cb
2017-12-18 21:26:07,387: update.0.child      : update.0                        : MainThread     : DEBUG   : using addr tcp://172.30.238.6:44861 for pubsub control_pubsub
2017-12-18 21:26:07,390: update.0.child      : update.0                        : MainThread     : DEBUG   : parent name: update.0.child.subscriber._cancel_monitor_cb
2017-12-18 21:26:07,390: update.0.child      : update.0                        : MainThread     : DEBUG   : start thread
2017-12-18 21:26:07,390: update.0.child      : update.0                        : update.0.child.subscriber._cancel_monitor_cb: DEBUG   : child name: update.0.child.subscriber._cancel_monitor_cb.thread
2017-12-18 21:26:07,391: update.0.child      : update.0                        : update.0.child.subscriber._cancel_monitor_cb: INFO    : child (me) initializing
2017-12-18 21:26:07,391: update.0.child      : update.0                        : update.0.child.subscriber._cancel_monitor_cb: DEBUG   : ru_initialize_common (NOOP)
2017-12-18 21:26:07,391: update.0.child      : update.0                        : update.0.child.subscriber._cancel_monitor_cb: DEBUG   : ru_initialize_child (NOOP)
2017-12-18 21:26:07,391: update.0.child      : update.0                        : update.0.child.subscriber._cancel_monitor_cb: INFO    : send alive
2017-12-18 21:26:07,391: update.0.child      : update.0                        : update.0.child.subscriber._cancel_monitor_cb: INFO    : put message: [update.0.child.subscriber._cancel_monitor_cb.thread] alive
2017-12-18 21:26:07,392: update.0.child      : update.0                        : MainThread     : INFO    : get msg: alive
2017-12-18 21:26:07,392: update.0.child      : update.0                        : MainThread     : DEBUG   : ru_initialize_common (NOOP)
2017-12-18 21:26:07,392: update.0.child      : update.0                        : MainThread     : DEBUG   : ru_initialize_parent (NOOP)
2017-12-18 21:26:07,392: update.0.child      : update.0                        : MainThread     : DEBUG   : child thread update.0.child.subscriber._cancel_monitor_cb started
2017-12-18 21:26:07,392: update.0.child      : update.0                        : MainThread     : DEBUG   : update.0.child registered control_pubsub subscriber update.0.child.subscriber._cancel_monitor_cb
2017-12-18 21:26:07,709: update.0.child      : update.0                        : MainThread     : DEBUG   : alive check in term
2017-12-18 21:26:07,709: update.0.child      : update.0                        : MainThread     : DEBUG   : START: update.0.child register subscriber update.0.child.subscriber._state_cb
2017-12-18 21:26:07,709: update.0.child      : update.0                        : MainThread     : DEBUG   : using addr tcp://172.30.238.6:45785 for pubsub state_pubsub
2017-12-18 21:26:07,712: update.0.child      : update.0                        : MainThread     : DEBUG   : parent name: update.0.child.subscriber._state_cb
2017-12-18 21:26:07,713: update.0.child      : update.0                        : MainThread     : DEBUG   : start thread
2017-12-18 21:26:07,713: update.0.child      : update.0                        : update.0.child.subscriber._state_cb: DEBUG   : child name: update.0.child.subscriber._state_cb.thread
2017-12-18 21:26:07,713: update.0.child      : update.0                        : update.0.child.subscriber._state_cb: INFO    : child (me) initializing
2017-12-18 21:26:07,713: update.0.child      : update.0                        : update.0.child.subscriber._state_cb: DEBUG   : ru_initialize_common (NOOP)
2017-12-18 21:26:07,713: update.0.child      : update.0                        : update.0.child.subscriber._state_cb: DEBUG   : ru_initialize_child (NOOP)
2017-12-18 21:26:07,714: update.0.child      : update.0                        : update.0.child.subscriber._state_cb: INFO    : send alive
2017-12-18 21:26:07,714: update.0.child      : update.0                        : update.0.child.subscriber._state_cb: INFO    : put message: [update.0.child.subscriber._state_cb.thread] alive
2017-12-18 21:26:07,714: update.0.child      : update.0                        : MainThread     : INFO    : get msg: alive
2017-12-18 21:26:07,714: update.0.child      : update.0                        : MainThread     : DEBUG   : ru_initialize_common (NOOP)
2017-12-18 21:26:07,715: update.0.child      : update.0                        : MainThread     : DEBUG   : ru_initialize_parent (NOOP)
2017-12-18 21:26:07,715: update.0.child      : update.0                        : MainThread     : DEBUG   : child thread update.0.child.subscriber._state_cb started
2017-12-18 21:26:07,715: update.0.child      : update.0                        : MainThread     : DEBUG   : update.0.child registered state_pubsub subscriber update.0.child.subscriber._state_cb
2017-12-18 21:26:07,715: update.0.child      : update.0                        : MainThread     : DEBUG   : alive check in term
2017-12-18 21:26:07,715: update.0.child      : update.0                        : MainThread     : DEBUG   : START: update.0.child register idler update.0.child.idler._idle_cb
2017-12-18 21:26:07,715: update.0.child      : update.0                        : MainThread     : DEBUG   : parent name: update.0.child.idler._idle_cb
2017-12-18 21:26:07,716: update.0.child      : update.0                        : MainThread     : DEBUG   : start thread
2017-12-18 21:26:07,716: update.0.child      : update.0                        : update.0.child.idler._idle_cb: DEBUG   : child name: update.0.child.idler._idle_cb.thread
2017-12-18 21:26:07,717: update.0.child      : update.0                        : update.0.child.idler._idle_cb: INFO    : child (me) initializing
2017-12-18 21:26:07,717: update.0.child      : update.0                        : update.0.child.idler._idle_cb: DEBUG   : ru_initialize_common (NOOP)
2017-12-18 21:26:07,717: update.0.child      : update.0                        : update.0.child.idler._idle_cb: DEBUG   : ru_initialize_child (NOOP)
2017-12-18 21:26:07,717: update.0.child      : update.0                        : update.0.child.idler._idle_cb: INFO    : send alive
2017-12-18 21:26:07,717: update.0.child      : update.0                        : update.0.child.idler._idle_cb: INFO    : put message: [update.0.child.idler._idle_cb.thread] alive
2017-12-18 21:26:07,718: update.0.child      : update.0                        : MainThread     : INFO    : get msg: alive
2017-12-18 21:26:07,718: update.0.child      : update.0                        : MainThread     : DEBUG   : ru_initialize_common (NOOP)
2017-12-18 21:26:07,718: update.0.child      : update.0                        : MainThread     : DEBUG   : ru_initialize_parent (NOOP)
2017-12-18 21:26:07,718: update.0.child      : update.0                        : MainThread     : DEBUG   : child thread update.0.child.idler._idle_cb started
2017-12-18 21:26:07,718: update.0.child      : update.0                        : MainThread     : DEBUG   : update.0.child registered idler update.0.child.idler._idle_cb
2017-12-18 21:26:07,718: update.0.child      : update.0                        : MainThread     : INFO    : child (me) initializing
2017-12-18 21:26:07,719: update.0.child      : update.0                        : MainThread     : DEBUG   : parent name: update.0.child.watch
2017-12-18 21:26:07,719: update.0.child      : update.0                        : MainThread     : DEBUG   : start thread
2017-12-18 21:26:07,720: update.0.child      : update.0                        : update.0.child.watch: DEBUG   : child name: update.0.child.watch.thread
2017-12-18 21:26:07,720: update.0.child      : update.0                        : update.0.child.watch: INFO    : child (me) initializing
2017-12-18 21:26:07,720: update.0.child      : update.0                        : update.0.child.watch: DEBUG   : ru_initialize_common (NOOP)
2017-12-18 21:26:07,720: update.0.child      : update.0                        : update.0.child.watch: DEBUG   : ru_initialize_child (NOOP)
2017-12-18 21:26:07,720: update.0.child      : update.0                        : update.0.child.watch: INFO    : send alive
2017-12-18 21:26:07,720: update.0.child      : update.0                        : update.0.child.watch: INFO    : put message: [update.0.child.watch.thread] alive
2017-12-18 21:26:07,721: update.0.child      : update.0                        : MainThread     : INFO    : get msg: alive
2017-12-18 21:26:07,721: update.0.child      : update.0                        : MainThread     : DEBUG   : ru_initialize_common (NOOP)
2017-12-18 21:26:07,721: update.0.child      : update.0                        : MainThread     : DEBUG   : ru_initialize_parent (NOOP)
2017-12-18 21:26:07,721: update.0.child      : update.0                        : MainThread     : DEBUG   : child thread update.0.child.watch started
2017-12-18 21:26:07,722: update.0.child      : update.0                        : MainThread     : INFO    : child (me) is alive
2017-12-18 21:26:07,722: update.0.child      : update.0                        : MainThread     : INFO    : send alive
2017-12-18 21:26:07,722: update.0.child      : update.0                        : MainThread     : INFO    : send message: [update.0.child] alive
2017-12-18 21:26:16,177: update.0.child      : update.0                        : update.0.child.subscriber._state_cb: DEBUG   : bulk update result: {'nModified': 1, 'nUpserted': 0, 'nMatched': 1, 'writeErrors': [], 'upserted': [], 'writeConcernErrors': [], 'nRemoved': 0, 'nInserted': 0}
2017-12-18 21:26:16,178: update.0.child      : update.0                        : update.0.child.subscriber._cancel_monitor_cb: DEBUG   : command ignored: pilot_staging_input_request
2017-12-18 21:26:17,787: update.0.child      : update.0                        : update.0.child.idler._idle_cb: DEBUG   : bulk update result: {'nModified': 1, 'nUpserted': 0, 'nMatched': 1, 'writeErrors': [], 'upserted': [], 'writeConcernErrors': [], 'nRemoved': 0, 'nInserted': 0}
2017-12-18 21:26:32,921: update.0.child      : update.0                        : update.0.child.subscriber._state_cb: DEBUG   : bulk update result: {'nModified': 1, 'nUpserted': 0, 'nMatched': 1, 'writeErrors': [], 'upserted': [], 'writeConcernErrors': [], 'nRemoved': 0, 'nInserted': 0}
2017-12-18 21:26:32,922: update.0.child      : update.0                        : update.0.child.subscriber._cancel_monitor_cb: DEBUG   : command ignored: pilot_staging_input_result
2017-12-18 21:27:19,508: update.0.child      : update.0                        : update.0.child.subscriber._state_cb: DEBUG   : bulk update result: {'nModified': 1, 'nUpserted': 0, 'nMatched': 1, 'writeErrors': [], 'upserted': [], 'writeConcernErrors': [], 'nRemoved': 0, 'nInserted': 0}
2017-12-18 21:27:30,603: update.0.child      : update.0                        : update.0.child.subscriber._cancel_monitor_cb: DEBUG   : command ignored: add_pilots
2017-12-18 21:27:30,719: update.0.child      : update.0                        : update.0.child.subscriber._state_cb: DEBUG   : bulk update result: {'nModified': 1, 'nUpserted': 0, 'nMatched': 1, 'writeErrors': [], 'upserted': [], 'writeConcernErrors': [], 'nRemoved': 0, 'nInserted': 0}
2017-12-18 21:27:32,043: update.0.child      : update.0                        : update.0.child.idler._idle_cb: DEBUG   : bulk update result: {'nModified': 4, 'nUpserted': 0, 'nMatched': 4, 'writeErrors': [], 'upserted': [], 'writeConcernErrors': [], 'nRemoved': 0, 'nInserted': 0}
2017-12-18 21:29:37,912: update.0.child      : update.0                        : update.0.child.subscriber._state_cb: DEBUG   : bulk update result: {'nModified': 1, 'nUpserted': 0, 'nMatched': 1, 'writeErrors': [], 'upserted': [], 'writeConcernErrors': [], 'nRemoved': 0, 'nInserted': 0}
2017-12-18 21:29:39,380: update.0.child      : update.0                        : update.0.child.idler._idle_cb: DEBUG   : bulk update result: {'nModified': 7, 'nUpserted': 0, 'nMatched': 7, 'writeErrors': [], 'upserted': [], 'writeConcernErrors': [], 'nRemoved': 0, 'nInserted': 0}
2017-12-18 21:31:44,151: update.0.child      : update.0                        : update.0.child.subscriber._state_cb: DEBUG   : bulk update result: {'nModified': 1, 'nUpserted': 0, 'nMatched': 1, 'writeErrors': [], 'upserted': [], 'writeConcernErrors': [], 'nRemoved': 0, 'nInserted': 0}
2017-12-18 21:31:45,921: update.0.child      : update.0                        : update.0.child.idler._idle_cb: DEBUG   : bulk update result: {'nModified': 7, 'nUpserted': 0, 'nMatched': 7, 'writeErrors': [], 'upserted': [], 'writeConcernErrors': [], 'nRemoved': 0, 'nInserted': 0}
2017-12-18 21:33:49,207: update.0.child      : update.0                        : update.0.child.subscriber._state_cb: DEBUG   : bulk update result: {'nModified': 1, 'nUpserted': 0, 'nMatched': 1, 'writeErrors': [], 'upserted': [], 'writeConcernErrors': [], 'nRemoved': 0, 'nInserted': 0}
2017-12-18 21:33:51,150: update.0.child      : update.0                        : update.0.child.idler._idle_cb: DEBUG   : bulk update result: {'nModified': 7, 'nUpserted': 0, 'nMatched': 7, 'writeErrors': [], 'upserted': [], 'writeConcernErrors': [], 'nRemoved': 0, 'nInserted': 0}
2017-12-18 21:35:55,318: update.0.child      : update.0                        : update.0.child.subscriber._state_cb: DEBUG   : bulk update result: {'nModified': 1, 'nUpserted': 0, 'nMatched': 1, 'writeErrors': [], 'upserted': [], 'writeConcernErrors': [], 'nRemoved': 0, 'nInserted': 0}
2017-12-18 21:35:56,438: update.0.child      : update.0                        : update.0.child.idler._idle_cb: DEBUG   : bulk update result: {'nModified': 7, 'nUpserted': 0, 'nMatched': 7, 'writeErrors': [], 'upserted': [], 'writeConcernErrors': [], 'nRemoved': 0, 'nInserted': 0}
2017-12-18 21:38:00,706: update.0.child      : update.0                        : update.0.child.subscriber._state_cb: DEBUG   : bulk update result: {'nModified': 1, 'nUpserted': 0, 'nMatched': 1, 'writeErrors': [], 'upserted': [], 'writeConcernErrors': [], 'nRemoved': 0, 'nInserted': 0}
2017-12-18 21:38:01,764: update.0.child      : update.0                        : update.0.child.idler._idle_cb: DEBUG   : bulk update result: {'nModified': 2, 'nUpserted': 0, 'nMatched': 2, 'writeErrors': [], 'upserted': [], 'writeConcernErrors': [], 'nRemoved': 0, 'nInserted': 0}
2017-12-18 21:38:16,750: update.0.child      : update.0                        : update.0.child.subscriber._cancel_monitor_cb: DEBUG   : command ignored: cancel_pilots
2017-12-18 21:38:20,841: update.0.child      : update.0                        : update.0.child.subscriber._state_cb: DEBUG   : bulk update result: {'nModified': 1, 'nUpserted': 0, 'nMatched': 1, 'writeErrors': [], 'upserted': [], 'writeConcernErrors': [], 'nRemoved': 0, 'nInserted': 0}
2017-12-18 21:38:20,863: update.0.child      : update.0                        : update.0.child.subscriber._cancel_monitor_cb: DEBUG   : command ignored: cancel_pilots
2017-12-18 21:38:23,369: update.0.child      : update.0                        : update.0.child.watch: INFO    : recv message: STOP
2017-12-18 21:38:23,369: update.0.child      : update.0                        : update.0.child.watch: INFO    : message received: STOP
2017-12-18 21:38:23,369: update.0.child      : update.0                        : update.0.child.watch: INFO    : STOP received: STOP
2017-12-18 21:38:23,369: update.0.child      : update.0                        : update.0.child.watch: INFO    : watcher closes
2017-12-18 21:38:23,370: update.0.child      : update.0                        : update.0.child.watch: INFO    : put message: [update.0.child.watch.thread] work finished
2017-12-18 21:38:23,370: update.0.child      : update.0                        : update.0.child.watch: DEBUG   : ru_finalize_child (NOOP)
2017-12-18 21:38:23,370: update.0.child      : update.0                        : update.0.child.watch: DEBUG   : ru_finalize_common (NOOP)
2017-12-18 21:38:23,370: update.0.child      : update.0                        : update.0.child.watch: INFO    : put message: [update.0.child.watch.thread] terminating
2017-12-18 21:38:23,394: update.0.child      : update.0                        : MainThread     : WARNING : alive check: proc invalid - stop [False - True]
2017-12-18 21:38:23,457: update.0.child      : update.0                        : MainThread     : INFO    : stop update.0.child (31162 : 31162 : MainThread) [radical.pilot.worker.update.Update.stop]
2017-12-18 21:38:23,468: update.0.child      : update.0                        : MainThread     : INFO    : parent stops child  31162 -> 31162 [update.0.child]
2017-12-18 21:38:23,468: update.0.child      : update.0                        : MainThread     : INFO    : send message: [update.0.child] STOP
2017-12-18 21:38:23,468: update.0.child      : update.0                        : MainThread     : WARNING : send failed ([Errno 9] Bad file descriptor) - terminate
2017-12-18 21:38:23,468: update.0.child      : update.0                        : MainThread     : DEBUG   : TERM : update.0.child unregister idler update.0.child.idler._idle_cb
2017-12-18 21:38:23,469: update.0.child      : update.0                        : MainThread     : INFO    : parent stops child
2017-12-18 21:38:23,469: update.0.child      : update.0                        : MainThread     : DEBUG   : ru_finalize_parent (NOOP)
2017-12-18 21:38:23,469: update.0.child      : update.0                        : MainThread     : DEBUG   : ru_finalize_common (NOOP)
2017-12-18 21:38:23,548: update.0.child      : update.0                        : update.0.child.idler._idle_cb: DEBUG   : ru_finalize_child (NOOP)
2017-12-18 21:38:23,548: update.0.child      : update.0                        : update.0.child.idler._idle_cb: DEBUG   : ru_finalize_common (NOOP)
2017-12-18 21:38:23,548: update.0.child      : update.0                        : update.0.child.idler._idle_cb: INFO    : put message: [update.0.child.idler._idle_cb.thread] terminating
2017-12-18 21:38:23,583: update.0.child      : update.0                        : MainThread     : DEBUG   : TERM : update.0.child unregistered idler update.0.child.idler._idle_cb
2017-12-18 21:38:23,583: update.0.child      : update.0                        : MainThread     : DEBUG   : TERM : update.0.child unregister subscriber update.0.child.subscriber._state_cb
2017-12-18 21:38:23,583: update.0.child      : update.0                        : MainThread     : DEBUG   : unregistered subscriber update.0.child.subscriber._state_cb
2017-12-18 21:38:23,583: update.0.child      : update.0                        : MainThread     : DEBUG   : ru_finalize_common()
2017-12-18 21:38:23,583: update.0.child      : update.0                        : MainThread     : DEBUG   : TERM : update.0.child unregister publisher log_pubsub
2017-12-18 21:38:23,584: update.0.child      : update.0                        : MainThread     : DEBUG   : unregistered publisher log_pubsub
2017-12-18 21:38:23,584: update.0.child      : update.0                        : MainThread     : DEBUG   : TERM : update.0.child unregister publisher state_pubsub
2017-12-18 21:38:23,585: update.0.child      : update.0                        : MainThread     : DEBUG   : unregistered publisher state_pubsub
2017-12-18 21:38:23,585: update.0.child      : update.0                        : MainThread     : DEBUG   : TERM : update.0.child unregister publisher control_pubsub
2017-12-18 21:38:23,586: update.0.child      : update.0                        : MainThread     : DEBUG   : unregistered publisher control_pubsub
2017-12-18 21:38:23,586: update.0.child      : update.0                        : MainThread     : DEBUG   : update.0.child close prof
2017-12-18 21:38:23,597: update.0.child      : update.0                        : MainThread     : INFO    : parent stops child
2017-12-18 21:38:23,597: update.0.child      : update.0                        : MainThread     : DEBUG   : ru_finalize_parent (NOOP)
2017-12-18 21:38:23,597: update.0.child      : update.0                        : MainThread     : DEBUG   : ru_finalize_common (NOOP)
2017-12-18 21:38:23,598: update.0.child      : update.0                        : MainThread     : INFO    : parent stops child
2017-12-18 21:38:23,598: update.0.child      : update.0                        : MainThread     : DEBUG   : ru_finalize_parent (NOOP)
2017-12-18 21:38:23,599: update.0.child      : update.0                        : update.0.child.subscriber._cancel_monitor_cb: DEBUG   : ru_finalize_child (NOOP)
2017-12-18 21:38:23,599: update.0.child      : update.0                        : update.0.child.subscriber._cancel_monitor_cb: INFO    : put message: [update.0.child.subscriber._cancel_monitor_cb.thread] terminating
2017-12-18 21:38:23,600: update.0.child      : update.0                        : MainThread     : INFO    : parent stops child
2017-12-18 21:38:23,600: update.0.child      : update.0                        : MainThread     : DEBUG   : ru_finalize_parent (NOOP)
2017-12-18 21:38:23,601: update.0.child      : update.0                        : update.0.child.subscriber._state_cb: DEBUG   : ru_finalize_child (NOOP)
2017-12-18 21:38:23,601: update.0.child      : update.0                        : update.0.child.subscriber._state_cb: INFO    : put message: [update.0.child.subscriber._state_cb.thread] terminating
2017-12-18 21:38:23,602: update.0.child      : update.0                        : MainThread     : INFO    : parent stops child
2017-12-18 21:38:23,603: update.0.child      : update.0                        : MainThread     : WARNING : super update.0.child is invalid
2017-12-18 21:38:23,603: update.0.child      : update.0                        : MainThread     : WARNING : component update.0.child is invalid
2017-12-18 21:38:23,604: update.0.child      : update.0                        : MainThread     : INFO    : stop update.0.child (31162 : 31162 : MainThread) [radical.pilot.worker.update.Update.stop]
2017-12-18 21:38:23,604: update.0.child      : update.0                        : MainThread     : DEBUG   : TERM : update.0.child unregister idler update.0.child.idler._idle_cb
2017-12-18 21:38:23,604: update.0.child      : update.0                        : MainThread     : WARNING : timed cb update.0.child.idler._idle_cb is not registered
2017-12-18 21:38:23,605: update.0.child      : update.0                        : MainThread     : DEBUG   : TERM : update.0.child unregister subscriber update.0.child.subscriber._state_cb
2017-12-18 21:38:23,605: update.0.child      : update.0                        : MainThread     : WARNING : subscriber _state_cb is not registered
2017-12-18 21:38:23,605: update.0.child      : update.0                        : MainThread     : DEBUG   : ru_finalize_common()
2017-12-18 21:38:23,605: update.0.child      : update.0                        : MainThread     : WARNING : publisher log_pubsub is not registered
2017-12-18 21:38:23,605: update.0.child      : update.0                        : MainThread     : WARNING : publisher state_pubsub is not registered
2017-12-18 21:38:23,605: update.0.child      : update.0                        : MainThread     : WARNING : publisher control_pubsub is not registered
2017-12-18 21:38:23,605: update.0.child      : update.0                        : MainThread     : DEBUG   : update.0.child close prof
2017-12-18 21:38:23,605: update.0.child      : update.0                        : MainThread     : INFO    : send message: [update.0.child] terminating
2017-12-18 21:38:23,605: update.0.child      : update.0                        : MainThread     : WARNING : send failed ([Errno 9] Bad file descriptor) - terminate
2017-12-18 21:38:23,606: update.0.child      : update.0                        : MainThread     : INFO    : parent stops child
2017-12-18 21:38:23,606: update.0.child      : update.0                        : MainThread     : INFO    : parent stops child
2017-12-18 21:38:23,606: update.0.child      : update.0                        : MainThread     : INFO    : parent stops child
